ARM GAS  C:\Users\Lenovo\AppData\Local\Temp\cckkT2QV.s 			page 1


   1              		.syntax unified
   2              		.cpu cortex-m0plus
   3              		.fpu softvfp
   4              		.eabi_attribute 20, 1
   5              		.eabi_attribute 21, 1
   6              		.eabi_attribute 23, 3
   7              		.eabi_attribute 24, 1
   8              		.eabi_attribute 25, 1
   9              		.eabi_attribute 26, 1
  10              		.eabi_attribute 30, 1
  11              		.eabi_attribute 34, 0
  12              		.eabi_attribute 18, 4
  13              		.thumb
  14              		.syntax unified
  15              		.file	"main_cm0p.c"
  16              		.text
  17              	.Ltext0:
  18              		.cfi_sections	.debug_frame
  19              		.section	.text.main,"ax",%progbits
  20              		.align	2
  21              		.global	main
  22              		.code	16
  23              		.thumb_func
  24              		.type	main, %function
  25              	main:
  26              	.LFB495:
  27              		.file 1 "main_cm0p.c"
   1:main_cm0p.c   **** /******************************************************************************
   2:main_cm0p.c   **** * File Name: main_cm0p.c
   3:main_cm0p.c   **** *
   4:main_cm0p.c   **** * Version: 1.10
   5:main_cm0p.c   **** *
   6:main_cm0p.c   **** * Description: This file main application code for the CE223727 EmWin Graphics
   7:main_cm0p.c   **** *				library EInk Display, for the CM0+ processor.  The only action
   8:main_cm0p.c   **** *				this file performs is to start the CM4 processor.
   9:main_cm0p.c   **** *
  10:main_cm0p.c   **** * Hardware Dependency: CY8CKIT-028-EPD E-Ink Display Shield
  11:main_cm0p.c   **** *					   CY8CKIT-062-BLE PSoC6 BLE Pioneer Kit
  12:main_cm0p.c   **** *
  13:main_cm0p.c   **** *******************************************************************************
  14:main_cm0p.c   **** * Copyright (2018), Cypress Semiconductor Corporation. All rights reserved.
  15:main_cm0p.c   **** *******************************************************************************
  16:main_cm0p.c   **** * This software, including source code, documentation and related materials
  17:main_cm0p.c   **** * (“Software”), is owned by Cypress Semiconductor Corporation or one of its
  18:main_cm0p.c   **** * subsidiaries (“Cypress”) and is protected by and subject to worldwide patent
  19:main_cm0p.c   **** * protection (United States and foreign), United States copyright laws and
  20:main_cm0p.c   **** * international treaty provisions. Therefore, you may use this Software only
  21:main_cm0p.c   **** * as provided in the license agreement accompanying the software package from
  22:main_cm0p.c   **** * which you obtained this Software (“EULA”).
  23:main_cm0p.c   **** *
  24:main_cm0p.c   **** * If no EULA applies, Cypress hereby grants you a personal, nonexclusive,
  25:main_cm0p.c   **** * non-transferable license to copy, modify, and compile the Software source
  26:main_cm0p.c   **** * code solely for use in connection with Cypress’s integrated circuit products.
  27:main_cm0p.c   **** * Any reproduction, modification, translation, compilation, or representation
  28:main_cm0p.c   **** * of this Software except as specified above is prohibited without the express
  29:main_cm0p.c   **** * written permission of Cypress.
  30:main_cm0p.c   **** *
ARM GAS  C:\Users\Lenovo\AppData\Local\Temp\cckkT2QV.s 			page 2


  31:main_cm0p.c   **** * Disclaimer: THIS SOFTWARE IS PROVIDED AS-IS, WITH NO WARRANTY OF ANY KIND, 
  32:main_cm0p.c   **** * EXPRESS OR IMPLIED, INCLUDING, BUT NOT LIMITED TO, NONINFRINGEMENT, IMPLIED 
  33:main_cm0p.c   **** * WARRANTIES OF MERCHANTABILITY AND FITNESS FOR A PARTICULAR PURPOSE. Cypress 
  34:main_cm0p.c   **** * reserves the right to make changes to the Software without notice. Cypress 
  35:main_cm0p.c   **** * does not assume any liability arising out of the application or use of the 
  36:main_cm0p.c   **** * Software or any product or circuit described in the Software. Cypress does 
  37:main_cm0p.c   **** * not authorize its products for use in any products where a malfunction or 
  38:main_cm0p.c   **** * failure of the Cypress product may reasonably be expected to result in 
  39:main_cm0p.c   **** * significant property damage, injury or death (“High Risk Product”). By 
  40:main_cm0p.c   **** * including Cypress’s product in a High Risk Product, the manufacturer of such 
  41:main_cm0p.c   **** * system or application assumes all risk of such use and in doing so agrees to 
  42:main_cm0p.c   **** * indemnify Cypress against all liability.
  43:main_cm0p.c   **** *******************************************************************************/
  44:main_cm0p.c   **** #include "project.h"
  45:main_cm0p.c   **** 
  46:main_cm0p.c   **** int main(void)
  47:main_cm0p.c   **** {
  28              		.loc 1 47 0
  29              		.cfi_startproc
  30              		@ Volatile: function does not return.
  31              		@ args = 0, pretend = 0, frame = 0
  32              		@ frame_needed = 0, uses_anonymous_args = 0
  33 0000 10B5     		push	{r4, lr}
  34              		.cfi_def_cfa_offset 8
  35              		.cfi_offset 4, -8
  36              		.cfi_offset 14, -4
  48:main_cm0p.c   ****     /*__enable_irq(); */ /* Enable global interrupts. */
  49:main_cm0p.c   ****     
  50:main_cm0p.c   **** 	/* Enable CM4.  CY_CORTEX_M4_APPL_ADDR must be updated if CM4 memory layout is changed. */
  51:main_cm0p.c   ****     Cy_SysEnableCM4(CY_CORTEX_M4_APPL_ADDR); 
  37              		.loc 1 51 0
  38 0002 0348     		ldr	r0, .L3
  39 0004 FFF7FEFF 		bl	Cy_SysEnableCM4
  40              	.LVL0:
  41              	.L2:
  52:main_cm0p.c   **** 
  53:main_cm0p.c   ****     /* Place your initialization/startup code here (e.g. MyInst_Start()) */
  54:main_cm0p.c   **** 
  55:main_cm0p.c   ****     for(;;)
  56:main_cm0p.c   ****     {
  57:main_cm0p.c   ****         /* Place your application code here. */
  58:main_cm0p.c   **** 		Cy_SysPm_DeepSleep(CY_SYSPM_WAIT_FOR_INTERRUPT);
  42              		.loc 1 58 0 discriminator 1
  43 0008 0020     		movs	r0, #0
  44 000a FFF7FEFF 		bl	Cy_SysPm_CpuEnterDeepSleep
  45              	.LVL1:
  46 000e FBE7     		b	.L2
  47              	.L4:
  48              		.align	2
  49              	.L3:
  50 0010 00000810 		.word	268959744
  51              		.cfi_endproc
  52              	.LFE495:
  53              		.size	main, .-main
  54              		.text
  55              	.Letext0:
  56              		.file 2 "d:\\psoc creator\\4.4\\psoc creator\\import\\gnu\\arm\\5.4.1\\arm-none-eabi\\include\\mac
ARM GAS  C:\Users\Lenovo\AppData\Local\Temp\cckkT2QV.s 			page 3


  57              		.file 3 "d:\\psoc creator\\4.4\\psoc creator\\import\\gnu\\arm\\5.4.1\\arm-none-eabi\\include\\sys
  58              		.file 4 "Generated_Source\\PSoC6\\pdl\\drivers/peripheral/device/cy_device.h"
  59              		.file 5 "Generated_Source\\PSoC6\\pdl\\drivers/peripheral/scb/cy_scb_spi.h"
  60              		.file 6 "Generated_Source\\PSoC6\\pdl\\drivers/peripheral/tcpwm/cy_tcpwm_counter.h"
  61              		.file 7 "Generated_Source\\PSoC6\\pdl\\drivers/peripheral/tcpwm/cy_tcpwm_pwm.h"
  62              		.file 8 "Generated_Source\\PSoC6/PWM_1.h"
  63              		.file 9 "Generated_Source\\PSoC6/CY_EINK_Timer.h"
  64              		.file 10 "Generated_Source\\PSoC6/CY_EINK_SPIM.h"
  65              		.file 11 "./system_psoc6.h"
  66              		.file 12 "Generated_Source\\PSoC6\\pdl\\drivers/peripheral/syspm/cy_syspm.h"
  67              		.section	.debug_info,"",%progbits
  68              	.Ldebug_info0:
  69 0000 AC080000 		.4byte	0x8ac
  70 0004 0400     		.2byte	0x4
  71 0006 00000000 		.4byte	.Ldebug_abbrev0
  72 000a 04       		.byte	0x4
  73 000b 01       		.uleb128 0x1
  74 000c 1E070000 		.4byte	.LASF166
  75 0010 0C       		.byte	0xc
  76 0011 8F000000 		.4byte	.LASF167
  77 0015 D5090000 		.4byte	.LASF168
  78 0019 00000000 		.4byte	.Ldebug_ranges0+0
  79 001d 00000000 		.4byte	0
  80 0021 00000000 		.4byte	.Ldebug_line0
  81 0025 02       		.uleb128 0x2
  82 0026 02       		.byte	0x2
  83 0027 05       		.byte	0x5
  84 0028 B7060000 		.4byte	.LASF0
  85 002c 02       		.uleb128 0x2
  86 002d 01       		.byte	0x1
  87 002e 08       		.byte	0x8
  88 002f 95060000 		.4byte	.LASF1
  89 0033 02       		.uleb128 0x2
  90 0034 01       		.byte	0x1
  91 0035 06       		.byte	0x6
  92 0036 FF080000 		.4byte	.LASF2
  93 003a 03       		.uleb128 0x3
  94 003b B6000000 		.4byte	.LASF3
  95 003f 02       		.byte	0x2
  96 0040 1D       		.byte	0x1d
  97 0041 2C000000 		.4byte	0x2c
  98 0045 03       		.uleb128 0x3
  99 0046 74030000 		.4byte	.LASF4
 100 004a 02       		.byte	0x2
 101 004b 29       		.byte	0x29
 102 004c 25000000 		.4byte	0x25
 103 0050 03       		.uleb128 0x3
 104 0051 EC070000 		.4byte	.LASF5
 105 0055 02       		.byte	0x2
 106 0056 2B       		.byte	0x2b
 107 0057 5B000000 		.4byte	0x5b
 108 005b 02       		.uleb128 0x2
 109 005c 02       		.byte	0x2
 110 005d 07       		.byte	0x7
 111 005e 4C080000 		.4byte	.LASF6
 112 0062 02       		.uleb128 0x2
 113 0063 04       		.byte	0x4
ARM GAS  C:\Users\Lenovo\AppData\Local\Temp\cckkT2QV.s 			page 4


 114 0064 05       		.byte	0x5
 115 0065 87020000 		.4byte	.LASF7
 116 0069 03       		.uleb128 0x3
 117 006a 3E030000 		.4byte	.LASF8
 118 006e 02       		.byte	0x2
 119 006f 41       		.byte	0x41
 120 0070 74000000 		.4byte	0x74
 121 0074 02       		.uleb128 0x2
 122 0075 04       		.byte	0x4
 123 0076 07       		.byte	0x7
 124 0077 02040000 		.4byte	.LASF9
 125 007b 02       		.uleb128 0x2
 126 007c 08       		.byte	0x8
 127 007d 05       		.byte	0x5
 128 007e B7010000 		.4byte	.LASF10
 129 0082 02       		.uleb128 0x2
 130 0083 08       		.byte	0x8
 131 0084 07       		.byte	0x7
 132 0085 33010000 		.4byte	.LASF11
 133 0089 04       		.uleb128 0x4
 134 008a 04       		.byte	0x4
 135 008b 05       		.byte	0x5
 136 008c 696E7400 		.ascii	"int\000"
 137 0090 02       		.uleb128 0x2
 138 0091 04       		.byte	0x4
 139 0092 07       		.byte	0x7
 140 0093 C6030000 		.4byte	.LASF12
 141 0097 03       		.uleb128 0x3
 142 0098 45090000 		.4byte	.LASF13
 143 009c 03       		.byte	0x3
 144 009d 18       		.byte	0x18
 145 009e 3A000000 		.4byte	0x3a
 146 00a2 03       		.uleb128 0x3
 147 00a3 AF010000 		.4byte	.LASF14
 148 00a7 03       		.byte	0x3
 149 00a8 20       		.byte	0x20
 150 00a9 45000000 		.4byte	0x45
 151 00ad 03       		.uleb128 0x3
 152 00ae D3030000 		.4byte	.LASF15
 153 00b2 03       		.byte	0x3
 154 00b3 24       		.byte	0x24
 155 00b4 50000000 		.4byte	0x50
 156 00b8 03       		.uleb128 0x3
 157 00b9 15070000 		.4byte	.LASF16
 158 00bd 03       		.byte	0x3
 159 00be 30       		.byte	0x30
 160 00bf 69000000 		.4byte	0x69
 161 00c3 02       		.uleb128 0x2
 162 00c4 04       		.byte	0x4
 163 00c5 07       		.byte	0x7
 164 00c6 90050000 		.4byte	.LASF17
 165 00ca 05       		.uleb128 0x5
 166 00cb B8000000 		.4byte	0xb8
 167 00cf 02       		.uleb128 0x2
 168 00d0 08       		.byte	0x8
 169 00d1 04       		.byte	0x4
 170 00d2 B6070000 		.4byte	.LASF18
ARM GAS  C:\Users\Lenovo\AppData\Local\Temp\cckkT2QV.s 			page 5


 171 00d6 06       		.uleb128 0x6
 172 00d7 B8       		.byte	0xb8
 173 00d8 04       		.byte	0x4
 174 00d9 34       		.byte	0x34
 175 00da E7040000 		.4byte	0x4e7
 176 00de 07       		.uleb128 0x7
 177 00df 09010000 		.4byte	.LASF19
 178 00e3 04       		.byte	0x4
 179 00e4 37       		.byte	0x37
 180 00e5 B8000000 		.4byte	0xb8
 181 00e9 00       		.byte	0
 182 00ea 07       		.uleb128 0x7
 183 00eb 33030000 		.4byte	.LASF20
 184 00ef 04       		.byte	0x4
 185 00f0 38       		.byte	0x38
 186 00f1 B8000000 		.4byte	0xb8
 187 00f5 04       		.byte	0x4
 188 00f6 07       		.uleb128 0x7
 189 00f7 AB020000 		.4byte	.LASF21
 190 00fb 04       		.byte	0x4
 191 00fc 39       		.byte	0x39
 192 00fd B8000000 		.4byte	0xb8
 193 0101 08       		.byte	0x8
 194 0102 07       		.uleb128 0x7
 195 0103 7E060000 		.4byte	.LASF22
 196 0107 04       		.byte	0x4
 197 0108 3A       		.byte	0x3a
 198 0109 B8000000 		.4byte	0xb8
 199 010d 0C       		.byte	0xc
 200 010e 07       		.uleb128 0x7
 201 010f 0F020000 		.4byte	.LASF23
 202 0113 04       		.byte	0x4
 203 0114 3B       		.byte	0x3b
 204 0115 B8000000 		.4byte	0xb8
 205 0119 10       		.byte	0x10
 206 011a 07       		.uleb128 0x7
 207 011b 65020000 		.4byte	.LASF24
 208 011f 04       		.byte	0x4
 209 0120 3C       		.byte	0x3c
 210 0121 B8000000 		.4byte	0xb8
 211 0125 14       		.byte	0x14
 212 0126 07       		.uleb128 0x7
 213 0127 31040000 		.4byte	.LASF25
 214 012b 04       		.byte	0x4
 215 012c 3D       		.byte	0x3d
 216 012d B8000000 		.4byte	0xb8
 217 0131 18       		.byte	0x18
 218 0132 07       		.uleb128 0x7
 219 0133 86000000 		.4byte	.LASF26
 220 0137 04       		.byte	0x4
 221 0138 3E       		.byte	0x3e
 222 0139 B8000000 		.4byte	0xb8
 223 013d 1C       		.byte	0x1c
 224 013e 07       		.uleb128 0x7
 225 013f 370A0000 		.4byte	.LASF27
 226 0143 04       		.byte	0x4
 227 0144 3F       		.byte	0x3f
ARM GAS  C:\Users\Lenovo\AppData\Local\Temp\cckkT2QV.s 			page 6


 228 0145 B8000000 		.4byte	0xb8
 229 0149 20       		.byte	0x20
 230 014a 07       		.uleb128 0x7
 231 014b 04060000 		.4byte	.LASF28
 232 014f 04       		.byte	0x4
 233 0150 40       		.byte	0x40
 234 0151 B8000000 		.4byte	0xb8
 235 0155 24       		.byte	0x24
 236 0156 07       		.uleb128 0x7
 237 0157 46050000 		.4byte	.LASF29
 238 015b 04       		.byte	0x4
 239 015c 43       		.byte	0x43
 240 015d 97000000 		.4byte	0x97
 241 0161 28       		.byte	0x28
 242 0162 07       		.uleb128 0x7
 243 0163 69000000 		.4byte	.LASF30
 244 0167 04       		.byte	0x4
 245 0168 44       		.byte	0x44
 246 0169 97000000 		.4byte	0x97
 247 016d 29       		.byte	0x29
 248 016e 07       		.uleb128 0x7
 249 016f 2D0A0000 		.4byte	.LASF31
 250 0173 04       		.byte	0x4
 251 0174 45       		.byte	0x45
 252 0175 97000000 		.4byte	0x97
 253 0179 2A       		.byte	0x2a
 254 017a 07       		.uleb128 0x7
 255 017b F6050000 		.4byte	.LASF32
 256 017f 04       		.byte	0x4
 257 0180 46       		.byte	0x46
 258 0181 97000000 		.4byte	0x97
 259 0185 2B       		.byte	0x2b
 260 0186 07       		.uleb128 0x7
 261 0187 B9040000 		.4byte	.LASF33
 262 018b 04       		.byte	0x4
 263 018c 47       		.byte	0x47
 264 018d 97000000 		.4byte	0x97
 265 0191 2C       		.byte	0x2c
 266 0192 07       		.uleb128 0x7
 267 0193 22080000 		.4byte	.LASF34
 268 0197 04       		.byte	0x4
 269 0198 48       		.byte	0x48
 270 0199 97000000 		.4byte	0x97
 271 019d 2D       		.byte	0x2d
 272 019e 07       		.uleb128 0x7
 273 019f 18020000 		.4byte	.LASF35
 274 01a3 04       		.byte	0x4
 275 01a4 49       		.byte	0x49
 276 01a5 97000000 		.4byte	0x97
 277 01a9 2E       		.byte	0x2e
 278 01aa 07       		.uleb128 0x7
 279 01ab 53050000 		.4byte	.LASF36
 280 01af 04       		.byte	0x4
 281 01b0 4A       		.byte	0x4a
 282 01b1 97000000 		.4byte	0x97
 283 01b5 2F       		.byte	0x2f
 284 01b6 07       		.uleb128 0x7
ARM GAS  C:\Users\Lenovo\AppData\Local\Temp\cckkT2QV.s 			page 7


 285 01b7 D2070000 		.4byte	.LASF37
 286 01bb 04       		.byte	0x4
 287 01bc 4B       		.byte	0x4b
 288 01bd 97000000 		.4byte	0x97
 289 01c1 30       		.byte	0x30
 290 01c2 07       		.uleb128 0x7
 291 01c3 26040000 		.4byte	.LASF38
 292 01c7 04       		.byte	0x4
 293 01c8 4E       		.byte	0x4e
 294 01c9 97000000 		.4byte	0x97
 295 01cd 31       		.byte	0x31
 296 01ce 07       		.uleb128 0x7
 297 01cf A8000000 		.4byte	.LASF39
 298 01d3 04       		.byte	0x4
 299 01d4 4F       		.byte	0x4f
 300 01d5 97000000 		.4byte	0x97
 301 01d9 32       		.byte	0x32
 302 01da 07       		.uleb128 0x7
 303 01db BA030000 		.4byte	.LASF40
 304 01df 04       		.byte	0x4
 305 01e0 50       		.byte	0x50
 306 01e1 97000000 		.4byte	0x97
 307 01e5 33       		.byte	0x33
 308 01e6 07       		.uleb128 0x7
 309 01e7 A4050000 		.4byte	.LASF41
 310 01eb 04       		.byte	0x4
 311 01ec 51       		.byte	0x51
 312 01ed 97000000 		.4byte	0x97
 313 01f1 34       		.byte	0x34
 314 01f2 07       		.uleb128 0x7
 315 01f3 A3080000 		.4byte	.LASF42
 316 01f7 04       		.byte	0x4
 317 01f8 52       		.byte	0x52
 318 01f9 A2000000 		.4byte	0xa2
 319 01fd 36       		.byte	0x36
 320 01fe 07       		.uleb128 0x7
 321 01ff C5020000 		.4byte	.LASF43
 322 0203 04       		.byte	0x4
 323 0204 53       		.byte	0x53
 324 0205 A2000000 		.4byte	0xa2
 325 0209 38       		.byte	0x38
 326 020a 07       		.uleb128 0x7
 327 020b 12090000 		.4byte	.LASF44
 328 020f 04       		.byte	0x4
 329 0210 54       		.byte	0x54
 330 0211 A2000000 		.4byte	0xa2
 331 0215 3A       		.byte	0x3a
 332 0216 07       		.uleb128 0x7
 333 0217 56020000 		.4byte	.LASF45
 334 021b 04       		.byte	0x4
 335 021c 55       		.byte	0x55
 336 021d 97000000 		.4byte	0x97
 337 0221 3C       		.byte	0x3c
 338 0222 07       		.uleb128 0x7
 339 0223 EC020000 		.4byte	.LASF46
 340 0227 04       		.byte	0x4
 341 0228 56       		.byte	0x56
ARM GAS  C:\Users\Lenovo\AppData\Local\Temp\cckkT2QV.s 			page 8


 342 0229 97000000 		.4byte	0x97
 343 022d 3D       		.byte	0x3d
 344 022e 07       		.uleb128 0x7
 345 022f F7060000 		.4byte	.LASF47
 346 0233 04       		.byte	0x4
 347 0234 57       		.byte	0x57
 348 0235 97000000 		.4byte	0x97
 349 0239 3E       		.byte	0x3e
 350 023a 07       		.uleb128 0x7
 351 023b 1A010000 		.4byte	.LASF48
 352 023f 04       		.byte	0x4
 353 0240 58       		.byte	0x58
 354 0241 97000000 		.4byte	0x97
 355 0245 3F       		.byte	0x3f
 356 0246 07       		.uleb128 0x7
 357 0247 0F060000 		.4byte	.LASF49
 358 024b 04       		.byte	0x4
 359 024c 59       		.byte	0x59
 360 024d 97000000 		.4byte	0x97
 361 0251 40       		.byte	0x40
 362 0252 07       		.uleb128 0x7
 363 0253 49030000 		.4byte	.LASF50
 364 0257 04       		.byte	0x4
 365 0258 5A       		.byte	0x5a
 366 0259 97000000 		.4byte	0x97
 367 025d 41       		.byte	0x41
 368 025e 07       		.uleb128 0x7
 369 025f 3A040000 		.4byte	.LASF51
 370 0263 04       		.byte	0x4
 371 0264 5B       		.byte	0x5b
 372 0265 97000000 		.4byte	0x97
 373 0269 42       		.byte	0x42
 374 026a 07       		.uleb128 0x7
 375 026b EB050000 		.4byte	.LASF52
 376 026f 04       		.byte	0x4
 377 0270 5C       		.byte	0x5c
 378 0271 97000000 		.4byte	0x97
 379 0275 43       		.byte	0x43
 380 0276 07       		.uleb128 0x7
 381 0277 B4020000 		.4byte	.LASF53
 382 027b 04       		.byte	0x4
 383 027c 5D       		.byte	0x5d
 384 027d 97000000 		.4byte	0x97
 385 0281 44       		.byte	0x44
 386 0282 07       		.uleb128 0x7
 387 0283 00000000 		.4byte	.LASF54
 388 0287 04       		.byte	0x4
 389 0288 5E       		.byte	0x5e
 390 0289 B8000000 		.4byte	0xb8
 391 028d 48       		.byte	0x48
 392 028e 07       		.uleb128 0x7
 393 028f 90020000 		.4byte	.LASF55
 394 0293 04       		.byte	0x4
 395 0294 5F       		.byte	0x5f
 396 0295 B8000000 		.4byte	0xb8
 397 0299 4C       		.byte	0x4c
 398 029a 07       		.uleb128 0x7
ARM GAS  C:\Users\Lenovo\AppData\Local\Temp\cckkT2QV.s 			page 9


 399 029b 670A0000 		.4byte	.LASF56
 400 029f 04       		.byte	0x4
 401 02a0 60       		.byte	0x60
 402 02a1 97000000 		.4byte	0x97
 403 02a5 50       		.byte	0x50
 404 02a6 07       		.uleb128 0x7
 405 02a7 89010000 		.4byte	.LASF57
 406 02ab 04       		.byte	0x4
 407 02ac 61       		.byte	0x61
 408 02ad 97000000 		.4byte	0x97
 409 02b1 51       		.byte	0x51
 410 02b2 07       		.uleb128 0x7
 411 02b3 35090000 		.4byte	.LASF58
 412 02b7 04       		.byte	0x4
 413 02b8 62       		.byte	0x62
 414 02b9 97000000 		.4byte	0x97
 415 02bd 52       		.byte	0x52
 416 02be 07       		.uleb128 0x7
 417 02bf 550A0000 		.4byte	.LASF59
 418 02c3 04       		.byte	0x4
 419 02c4 63       		.byte	0x63
 420 02c5 97000000 		.4byte	0x97
 421 02c9 53       		.byte	0x53
 422 02ca 07       		.uleb128 0x7
 423 02cb 05070000 		.4byte	.LASF60
 424 02cf 04       		.byte	0x4
 425 02d0 64       		.byte	0x64
 426 02d1 97000000 		.4byte	0x97
 427 02d5 54       		.byte	0x54
 428 02d6 07       		.uleb128 0x7
 429 02d7 9B010000 		.4byte	.LASF61
 430 02db 04       		.byte	0x4
 431 02dc 65       		.byte	0x65
 432 02dd 97000000 		.4byte	0x97
 433 02e1 55       		.byte	0x55
 434 02e2 07       		.uleb128 0x7
 435 02e3 EE030000 		.4byte	.LASF62
 436 02e7 04       		.byte	0x4
 437 02e8 66       		.byte	0x66
 438 02e9 97000000 		.4byte	0x97
 439 02ed 56       		.byte	0x56
 440 02ee 07       		.uleb128 0x7
 441 02ef 46040000 		.4byte	.LASF63
 442 02f3 04       		.byte	0x4
 443 02f4 67       		.byte	0x67
 444 02f5 97000000 		.4byte	0x97
 445 02f9 57       		.byte	0x57
 446 02fa 07       		.uleb128 0x7
 447 02fb 24000000 		.4byte	.LASF64
 448 02ff 04       		.byte	0x4
 449 0300 68       		.byte	0x68
 450 0301 97000000 		.4byte	0x97
 451 0305 58       		.byte	0x58
 452 0306 07       		.uleb128 0x7
 453 0307 A3060000 		.4byte	.LASF65
 454 030b 04       		.byte	0x4
 455 030c 69       		.byte	0x69
ARM GAS  C:\Users\Lenovo\AppData\Local\Temp\cckkT2QV.s 			page 10


 456 030d 97000000 		.4byte	0x97
 457 0311 59       		.byte	0x59
 458 0312 07       		.uleb128 0x7
 459 0313 99050000 		.4byte	.LASF66
 460 0317 04       		.byte	0x4
 461 0318 6E       		.byte	0x6e
 462 0319 AD000000 		.4byte	0xad
 463 031d 5A       		.byte	0x5a
 464 031e 07       		.uleb128 0x7
 465 031f 5F080000 		.4byte	.LASF67
 466 0323 04       		.byte	0x4
 467 0324 6F       		.byte	0x6f
 468 0325 AD000000 		.4byte	0xad
 469 0329 5C       		.byte	0x5c
 470 032a 07       		.uleb128 0x7
 471 032b 77000000 		.4byte	.LASF68
 472 032f 04       		.byte	0x4
 473 0330 70       		.byte	0x70
 474 0331 97000000 		.4byte	0x97
 475 0335 5E       		.byte	0x5e
 476 0336 07       		.uleb128 0x7
 477 0337 5F060000 		.4byte	.LASF69
 478 033b 04       		.byte	0x4
 479 033c 71       		.byte	0x71
 480 033d 97000000 		.4byte	0x97
 481 0341 5F       		.byte	0x5f
 482 0342 07       		.uleb128 0x7
 483 0343 DA050000 		.4byte	.LASF70
 484 0347 04       		.byte	0x4
 485 0348 72       		.byte	0x72
 486 0349 97000000 		.4byte	0x97
 487 034d 60       		.byte	0x60
 488 034e 07       		.uleb128 0x7
 489 034f 38060000 		.4byte	.LASF71
 490 0353 04       		.byte	0x4
 491 0354 73       		.byte	0x73
 492 0355 B8000000 		.4byte	0xb8
 493 0359 64       		.byte	0x64
 494 035a 07       		.uleb128 0x7
 495 035b 59010000 		.4byte	.LASF72
 496 035f 04       		.byte	0x4
 497 0360 76       		.byte	0x76
 498 0361 AD000000 		.4byte	0xad
 499 0365 68       		.byte	0x68
 500 0366 07       		.uleb128 0x7
 501 0367 DC030000 		.4byte	.LASF73
 502 036b 04       		.byte	0x4
 503 036c 77       		.byte	0x77
 504 036d AD000000 		.4byte	0xad
 505 0371 6A       		.byte	0x6a
 506 0372 07       		.uleb128 0x7
 507 0373 68040000 		.4byte	.LASF74
 508 0377 04       		.byte	0x4
 509 0378 78       		.byte	0x78
 510 0379 AD000000 		.4byte	0xad
 511 037d 6C       		.byte	0x6c
 512 037e 07       		.uleb128 0x7
ARM GAS  C:\Users\Lenovo\AppData\Local\Temp\cckkT2QV.s 			page 11


 513 037f 9C040000 		.4byte	.LASF75
 514 0383 04       		.byte	0x4
 515 0384 79       		.byte	0x79
 516 0385 AD000000 		.4byte	0xad
 517 0389 6E       		.byte	0x6e
 518 038a 07       		.uleb128 0x7
 519 038b C1060000 		.4byte	.LASF76
 520 038f 04       		.byte	0x4
 521 0390 7B       		.byte	0x7b
 522 0391 97000000 		.4byte	0x97
 523 0395 70       		.byte	0x70
 524 0396 07       		.uleb128 0x7
 525 0397 FA010000 		.4byte	.LASF77
 526 039b 04       		.byte	0x4
 527 039c 7C       		.byte	0x7c
 528 039d 97000000 		.4byte	0x97
 529 03a1 71       		.byte	0x71
 530 03a2 07       		.uleb128 0x7
 531 03a3 3F0A0000 		.4byte	.LASF78
 532 03a7 04       		.byte	0x4
 533 03a8 7D       		.byte	0x7d
 534 03a9 97000000 		.4byte	0x97
 535 03ad 72       		.byte	0x72
 536 03ae 07       		.uleb128 0x7
 537 03af B5050000 		.4byte	.LASF79
 538 03b3 04       		.byte	0x4
 539 03b4 7E       		.byte	0x7e
 540 03b5 97000000 		.4byte	0x97
 541 03b9 73       		.byte	0x73
 542 03ba 07       		.uleb128 0x7
 543 03bb 0D030000 		.4byte	.LASF80
 544 03bf 04       		.byte	0x4
 545 03c0 80       		.byte	0x80
 546 03c1 AD000000 		.4byte	0xad
 547 03c5 74       		.byte	0x74
 548 03c6 07       		.uleb128 0x7
 549 03c7 F7070000 		.4byte	.LASF81
 550 03cb 04       		.byte	0x4
 551 03cc 81       		.byte	0x81
 552 03cd AD000000 		.4byte	0xad
 553 03d1 76       		.byte	0x76
 554 03d2 07       		.uleb128 0x7
 555 03d3 D7020000 		.4byte	.LASF82
 556 03d7 04       		.byte	0x4
 557 03d8 82       		.byte	0x82
 558 03d9 AD000000 		.4byte	0xad
 559 03dd 78       		.byte	0x78
 560 03de 07       		.uleb128 0x7
 561 03df C0000000 		.4byte	.LASF83
 562 03e3 04       		.byte	0x4
 563 03e4 83       		.byte	0x83
 564 03e5 AD000000 		.4byte	0xad
 565 03e9 7A       		.byte	0x7a
 566 03ea 07       		.uleb128 0x7
 567 03eb 77090000 		.4byte	.LASF84
 568 03ef 04       		.byte	0x4
 569 03f0 86       		.byte	0x86
ARM GAS  C:\Users\Lenovo\AppData\Local\Temp\cckkT2QV.s 			page 12


 570 03f1 97000000 		.4byte	0x97
 571 03f5 7C       		.byte	0x7c
 572 03f6 07       		.uleb128 0x7
 573 03f7 E0080000 		.4byte	.LASF85
 574 03fb 04       		.byte	0x4
 575 03fc 87       		.byte	0x87
 576 03fd 97000000 		.4byte	0x97
 577 0401 7D       		.byte	0x7d
 578 0402 07       		.uleb128 0x7
 579 0403 38000000 		.4byte	.LASF86
 580 0407 04       		.byte	0x4
 581 0408 88       		.byte	0x88
 582 0409 97000000 		.4byte	0x97
 583 040d 7E       		.byte	0x7e
 584 040e 07       		.uleb128 0x7
 585 040f 1F030000 		.4byte	.LASF87
 586 0413 04       		.byte	0x4
 587 0414 89       		.byte	0x89
 588 0415 97000000 		.4byte	0x97
 589 0419 7F       		.byte	0x7f
 590 041a 07       		.uleb128 0x7
 591 041b A6030000 		.4byte	.LASF88
 592 041f 04       		.byte	0x4
 593 0420 8A       		.byte	0x8a
 594 0421 97000000 		.4byte	0x97
 595 0425 80       		.byte	0x80
 596 0426 07       		.uleb128 0x7
 597 0427 C9080000 		.4byte	.LASF89
 598 042b 04       		.byte	0x4
 599 042c 8D       		.byte	0x8d
 600 042d B8000000 		.4byte	0xb8
 601 0431 84       		.byte	0x84
 602 0432 07       		.uleb128 0x7
 603 0433 D5000000 		.4byte	.LASF90
 604 0437 04       		.byte	0x4
 605 0438 8E       		.byte	0x8e
 606 0439 B8000000 		.4byte	0xb8
 607 043d 88       		.byte	0x88
 608 043e 07       		.uleb128 0x7
 609 043f 62090000 		.4byte	.LASF91
 610 0443 04       		.byte	0x4
 611 0444 8F       		.byte	0x8f
 612 0445 B8000000 		.4byte	0xb8
 613 0449 8C       		.byte	0x8c
 614 044a 07       		.uleb128 0x7
 615 044b 5F050000 		.4byte	.LASF92
 616 044f 04       		.byte	0x4
 617 0450 90       		.byte	0x90
 618 0451 B8000000 		.4byte	0xb8
 619 0455 90       		.byte	0x90
 620 0456 07       		.uleb128 0x7
 621 0457 87030000 		.4byte	.LASF93
 622 045b 04       		.byte	0x4
 623 045c 91       		.byte	0x91
 624 045d B8000000 		.4byte	0xb8
 625 0461 94       		.byte	0x94
 626 0462 07       		.uleb128 0x7
ARM GAS  C:\Users\Lenovo\AppData\Local\Temp\cckkT2QV.s 			page 13


 627 0463 25050000 		.4byte	.LASF94
 628 0467 04       		.byte	0x4
 629 0468 92       		.byte	0x92
 630 0469 B8000000 		.4byte	0xb8
 631 046d 98       		.byte	0x98
 632 046e 07       		.uleb128 0x7
 633 046f BF090000 		.4byte	.LASF95
 634 0473 04       		.byte	0x4
 635 0474 93       		.byte	0x93
 636 0475 B8000000 		.4byte	0xb8
 637 0479 9C       		.byte	0x9c
 638 047a 07       		.uleb128 0x7
 639 047b 69010000 		.4byte	.LASF96
 640 047f 04       		.byte	0x4
 641 0480 94       		.byte	0x94
 642 0481 B8000000 		.4byte	0xb8
 643 0485 A0       		.byte	0xa0
 644 0486 07       		.uleb128 0x7
 645 0487 23020000 		.4byte	.LASF97
 646 048b 04       		.byte	0x4
 647 048c 95       		.byte	0x95
 648 048d AD000000 		.4byte	0xad
 649 0491 A4       		.byte	0xa4
 650 0492 07       		.uleb128 0x7
 651 0493 10050000 		.4byte	.LASF98
 652 0497 04       		.byte	0x4
 653 0498 96       		.byte	0x96
 654 0499 AD000000 		.4byte	0xad
 655 049d A6       		.byte	0xa6
 656 049e 07       		.uleb128 0x7
 657 049f 53060000 		.4byte	.LASF99
 658 04a3 04       		.byte	0x4
 659 04a4 97       		.byte	0x97
 660 04a5 AD000000 		.4byte	0xad
 661 04a9 A8       		.byte	0xa8
 662 04aa 07       		.uleb128 0x7
 663 04ab DE070000 		.4byte	.LASF100
 664 04af 04       		.byte	0x4
 665 04b0 98       		.byte	0x98
 666 04b1 AD000000 		.4byte	0xad
 667 04b5 AA       		.byte	0xaa
 668 04b6 07       		.uleb128 0x7
 669 04b7 77040000 		.4byte	.LASF101
 670 04bb 04       		.byte	0x4
 671 04bc 99       		.byte	0x99
 672 04bd AD000000 		.4byte	0xad
 673 04c1 AC       		.byte	0xac
 674 04c2 07       		.uleb128 0x7
 675 04c3 CC050000 		.4byte	.LASF102
 676 04c7 04       		.byte	0x4
 677 04c8 9A       		.byte	0x9a
 678 04c9 AD000000 		.4byte	0xad
 679 04cd AE       		.byte	0xae
 680 04ce 07       		.uleb128 0x7
 681 04cf 1C060000 		.4byte	.LASF103
 682 04d3 04       		.byte	0x4
 683 04d4 9D       		.byte	0x9d
ARM GAS  C:\Users\Lenovo\AppData\Local\Temp\cckkT2QV.s 			page 14


 684 04d5 AD000000 		.4byte	0xad
 685 04d9 B0       		.byte	0xb0
 686 04da 07       		.uleb128 0x7
 687 04db 55000000 		.4byte	.LASF104
 688 04df 04       		.byte	0x4
 689 04e0 9E       		.byte	0x9e
 690 04e1 B8000000 		.4byte	0xb8
 691 04e5 B4       		.byte	0xb4
 692 04e6 00       		.byte	0
 693 04e7 03       		.uleb128 0x3
 694 04e8 CB040000 		.4byte	.LASF105
 695 04ec 04       		.byte	0x4
 696 04ed 9F       		.byte	0x9f
 697 04ee D6000000 		.4byte	0xd6
 698 04f2 02       		.uleb128 0x2
 699 04f3 01       		.byte	0x1
 700 04f4 08       		.byte	0x8
 701 04f5 C2070000 		.4byte	.LASF106
 702 04f9 02       		.uleb128 0x2
 703 04fa 04       		.byte	0x4
 704 04fb 04       		.byte	0x4
 705 04fc 32060000 		.4byte	.LASF107
 706 0500 02       		.uleb128 0x2
 707 0501 08       		.byte	0x8
 708 0502 04       		.byte	0x4
 709 0503 D0020000 		.4byte	.LASF108
 710 0507 08       		.uleb128 0x8
 711 0508 01       		.byte	0x1
 712 0509 2C000000 		.4byte	0x2c
 713 050d 0C       		.byte	0xc
 714 050e 2305     		.2byte	0x523
 715 0510 21050000 		.4byte	0x521
 716 0514 09       		.uleb128 0x9
 717 0515 87080000 		.4byte	.LASF109
 718 0519 00       		.byte	0
 719 051a 09       		.uleb128 0x9
 720 051b 0A080000 		.4byte	.LASF110
 721 051f 01       		.byte	0x1
 722 0520 00       		.byte	0
 723 0521 0A       		.uleb128 0xa
 724 0522 04       		.byte	0x4
 725 0523 02       		.uleb128 0x2
 726 0524 01       		.byte	0x1
 727 0525 02       		.byte	0x2
 728 0526 B0070000 		.4byte	.LASF111
 729 052a 0B       		.uleb128 0xb
 730 052b 04       		.byte	0x4
 731 052c 30050000 		.4byte	0x530
 732 0530 0C       		.uleb128 0xc
 733 0531 3B050000 		.4byte	0x53b
 734 0535 0D       		.uleb128 0xd
 735 0536 B8000000 		.4byte	0xb8
 736 053a 00       		.byte	0
 737 053b 0E       		.uleb128 0xe
 738 053c 38020000 		.4byte	.LASF112
 739 0540 05       		.byte	0x5
 740 0541 F201     		.2byte	0x1f2
ARM GAS  C:\Users\Lenovo\AppData\Local\Temp\cckkT2QV.s 			page 15


 741 0543 2A050000 		.4byte	0x52a
 742 0547 0F       		.uleb128 0xf
 743 0548 E3010000 		.4byte	.LASF123
 744 054c 24       		.byte	0x24
 745 054d 05       		.byte	0x5
 746 054e 7402     		.2byte	0x274
 747 0550 CA050000 		.4byte	0x5ca
 748 0554 10       		.uleb128 0x10
 749 0555 0B090000 		.4byte	.LASF113
 750 0559 05       		.byte	0x5
 751 055a 7702     		.2byte	0x277
 752 055c CA000000 		.4byte	0xca
 753 0560 00       		.byte	0
 754 0561 10       		.uleb128 0x10
 755 0562 F9080000 		.4byte	.LASF114
 756 0566 05       		.byte	0x5
 757 0567 7902     		.2byte	0x279
 758 0569 21050000 		.4byte	0x521
 759 056d 04       		.byte	0x4
 760 056e 10       		.uleb128 0x10
 761 056f 1A000000 		.4byte	.LASF115
 762 0573 05       		.byte	0x5
 763 0574 7A02     		.2byte	0x27a
 764 0576 B8000000 		.4byte	0xb8
 765 057a 08       		.byte	0x8
 766 057b 10       		.uleb128 0x10
 767 057c 7E030000 		.4byte	.LASF116
 768 0580 05       		.byte	0x5
 769 0581 7B02     		.2byte	0x27b
 770 0583 CA000000 		.4byte	0xca
 771 0587 0C       		.byte	0xc
 772 0588 10       		.uleb128 0x10
 773 0589 C5040000 		.4byte	.LASF117
 774 058d 05       		.byte	0x5
 775 058e 7D02     		.2byte	0x27d
 776 0590 21050000 		.4byte	0x521
 777 0594 10       		.byte	0x10
 778 0595 10       		.uleb128 0x10
 779 0596 9C030000 		.4byte	.LASF118
 780 059a 05       		.byte	0x5
 781 059b 7E02     		.2byte	0x27e
 782 059d B8000000 		.4byte	0xb8
 783 05a1 14       		.byte	0x14
 784 05a2 10       		.uleb128 0x10
 785 05a3 780A0000 		.4byte	.LASF119
 786 05a7 05       		.byte	0x5
 787 05a8 7F02     		.2byte	0x27f
 788 05aa CA000000 		.4byte	0xca
 789 05ae 18       		.byte	0x18
 790 05af 10       		.uleb128 0x10
 791 05b0 93040000 		.4byte	.LASF120
 792 05b4 05       		.byte	0x5
 793 05b5 8502     		.2byte	0x285
 794 05b7 3B050000 		.4byte	0x53b
 795 05bb 1C       		.byte	0x1c
 796 05bc 10       		.uleb128 0x10
 797 05bd F1080000 		.4byte	.LASF121
ARM GAS  C:\Users\Lenovo\AppData\Local\Temp\cckkT2QV.s 			page 16


 798 05c1 05       		.byte	0x5
 799 05c2 8802     		.2byte	0x288
 800 05c4 B8000000 		.4byte	0xb8
 801 05c8 20       		.byte	0x20
 802 05c9 00       		.byte	0
 803 05ca 0E       		.uleb128 0xe
 804 05cb DB040000 		.4byte	.LASF122
 805 05cf 05       		.byte	0x5
 806 05d0 8B02     		.2byte	0x28b
 807 05d2 47050000 		.4byte	0x547
 808 05d6 11       		.uleb128 0x11
 809 05d7 74050000 		.4byte	.LASF124
 810 05db 4C       		.byte	0x4c
 811 05dc 06       		.byte	0x6
 812 05dd 2F       		.byte	0x2f
 813 05de C7060000 		.4byte	0x6c7
 814 05e2 07       		.uleb128 0x7
 815 05e3 13010000 		.4byte	.LASF125
 816 05e7 06       		.byte	0x6
 817 05e8 31       		.byte	0x31
 818 05e9 B8000000 		.4byte	0xb8
 819 05ed 00       		.byte	0
 820 05ee 07       		.uleb128 0x7
 821 05ef 4A010000 		.4byte	.LASF126
 822 05f3 06       		.byte	0x6
 823 05f4 33       		.byte	0x33
 824 05f5 B8000000 		.4byte	0xb8
 825 05f9 04       		.byte	0x4
 826 05fa 07       		.uleb128 0x7
 827 05fb 12000000 		.4byte	.LASF127
 828 05ff 06       		.byte	0x6
 829 0600 34       		.byte	0x34
 830 0601 B8000000 		.4byte	0xb8
 831 0605 08       		.byte	0x8
 832 0606 07       		.uleb128 0x7
 833 0607 EC000000 		.4byte	.LASF128
 834 060b 06       		.byte	0x6
 835 060c 35       		.byte	0x35
 836 060d B8000000 		.4byte	0xb8
 837 0611 0C       		.byte	0xc
 838 0612 07       		.uleb128 0x7
 839 0613 E6060000 		.4byte	.LASF129
 840 0617 06       		.byte	0x6
 841 0618 37       		.byte	0x37
 842 0619 B8000000 		.4byte	0xb8
 843 061d 10       		.byte	0x10
 844 061e 07       		.uleb128 0x7
 845 061f B6090000 		.4byte	.LASF130
 846 0623 06       		.byte	0x6
 847 0624 38       		.byte	0x38
 848 0625 B8000000 		.4byte	0xb8
 849 0629 14       		.byte	0x14
 850 062a 07       		.uleb128 0x7
 851 062b C0080000 		.4byte	.LASF131
 852 062f 06       		.byte	0x6
 853 0630 39       		.byte	0x39
 854 0631 B8000000 		.4byte	0xb8
ARM GAS  C:\Users\Lenovo\AppData\Local\Temp\cckkT2QV.s 			page 17


 855 0635 18       		.byte	0x18
 856 0636 07       		.uleb128 0x7
 857 0637 14040000 		.4byte	.LASF132
 858 063b 06       		.byte	0x6
 859 063c 3A       		.byte	0x3a
 860 063d 23050000 		.4byte	0x523
 861 0641 1C       		.byte	0x1c
 862 0642 07       		.uleb128 0x7
 863 0643 2F080000 		.4byte	.LASF133
 864 0647 06       		.byte	0x6
 865 0648 3C       		.byte	0x3c
 866 0649 B8000000 		.4byte	0xb8
 867 064d 20       		.byte	0x20
 868 064e 07       		.uleb128 0x7
 869 064f FC020000 		.4byte	.LASF134
 870 0653 06       		.byte	0x6
 871 0654 3D       		.byte	0x3d
 872 0655 B8000000 		.4byte	0xb8
 873 0659 24       		.byte	0x24
 874 065a 07       		.uleb128 0x7
 875 065b 26010000 		.4byte	.LASF135
 876 065f 06       		.byte	0x6
 877 0660 3F       		.byte	0x3f
 878 0661 B8000000 		.4byte	0xb8
 879 0665 28       		.byte	0x28
 880 0666 07       		.uleb128 0x7
 881 0667 A6090000 		.4byte	.LASF136
 882 066b 06       		.byte	0x6
 883 066c 40       		.byte	0x40
 884 066d B8000000 		.4byte	0xb8
 885 0671 2C       		.byte	0x2c
 886 0672 07       		.uleb128 0x7
 887 0673 40080000 		.4byte	.LASF137
 888 0677 06       		.byte	0x6
 889 0678 42       		.byte	0x42
 890 0679 B8000000 		.4byte	0xb8
 891 067d 30       		.byte	0x30
 892 067e 07       		.uleb128 0x7
 893 067f 86060000 		.4byte	.LASF138
 894 0683 06       		.byte	0x6
 895 0684 43       		.byte	0x43
 896 0685 B8000000 		.4byte	0xb8
 897 0689 34       		.byte	0x34
 898 068a 07       		.uleb128 0x7
 899 068b 3B050000 		.4byte	.LASF139
 900 068f 06       		.byte	0x6
 901 0690 45       		.byte	0x45
 902 0691 B8000000 		.4byte	0xb8
 903 0695 38       		.byte	0x38
 904 0696 07       		.uleb128 0x7
 905 0697 FB000000 		.4byte	.LASF140
 906 069b 06       		.byte	0x6
 907 069c 46       		.byte	0x46
 908 069d B8000000 		.4byte	0xb8
 909 06a1 3C       		.byte	0x3c
 910 06a2 07       		.uleb128 0x7
 911 06a3 7D080000 		.4byte	.LASF141
ARM GAS  C:\Users\Lenovo\AppData\Local\Temp\cckkT2QV.s 			page 18


 912 06a7 06       		.byte	0x6
 913 06a8 48       		.byte	0x48
 914 06a9 B8000000 		.4byte	0xb8
 915 06ad 40       		.byte	0x40
 916 06ae 07       		.uleb128 0x7
 917 06af 1E0A0000 		.4byte	.LASF142
 918 06b3 06       		.byte	0x6
 919 06b4 49       		.byte	0x49
 920 06b5 B8000000 		.4byte	0xb8
 921 06b9 44       		.byte	0x44
 922 06ba 07       		.uleb128 0x7
 923 06bb C7070000 		.4byte	.LASF143
 924 06bf 06       		.byte	0x6
 925 06c0 4B       		.byte	0x4b
 926 06c1 B8000000 		.4byte	0xb8
 927 06c5 48       		.byte	0x48
 928 06c6 00       		.byte	0
 929 06c7 03       		.uleb128 0x3
 930 06c8 C5010000 		.4byte	.LASF144
 931 06cc 06       		.byte	0x6
 932 06cd 4C       		.byte	0x4c
 933 06ce D6050000 		.4byte	0x5d6
 934 06d2 11       		.uleb128 0x11
 935 06d3 6F020000 		.4byte	.LASF145
 936 06d7 64       		.byte	0x64
 937 06d8 07       		.byte	0x7
 938 06d9 2F       		.byte	0x2f
 939 06da 0B080000 		.4byte	0x80b
 940 06de 07       		.uleb128 0x7
 941 06df 2A060000 		.4byte	.LASF146
 942 06e3 07       		.byte	0x7
 943 06e4 31       		.byte	0x31
 944 06e5 B8000000 		.4byte	0xb8
 945 06e9 00       		.byte	0
 946 06ea 07       		.uleb128 0x7
 947 06eb 4A010000 		.4byte	.LASF126
 948 06ef 07       		.byte	0x7
 949 06f0 33       		.byte	0x33
 950 06f1 B8000000 		.4byte	0xb8
 951 06f5 04       		.byte	0x4
 952 06f6 07       		.uleb128 0x7
 953 06f7 9B000000 		.4byte	.LASF147
 954 06fb 07       		.byte	0x7
 955 06fc 34       		.byte	0x34
 956 06fd B8000000 		.4byte	0xb8
 957 0701 08       		.byte	0x8
 958 0702 07       		.uleb128 0x7
 959 0703 01050000 		.4byte	.LASF148
 960 0707 07       		.byte	0x7
 961 0708 35       		.byte	0x35
 962 0709 B8000000 		.4byte	0xb8
 963 070d 0C       		.byte	0xc
 964 070e 07       		.uleb128 0x7
 965 070f 12000000 		.4byte	.LASF127
 966 0713 07       		.byte	0x7
 967 0714 36       		.byte	0x36
 968 0715 B8000000 		.4byte	0xb8
ARM GAS  C:\Users\Lenovo\AppData\Local\Temp\cckkT2QV.s 			page 19


 969 0719 10       		.byte	0x10
 970 071a 07       		.uleb128 0x7
 971 071b B0080000 		.4byte	.LASF149
 972 071f 07       		.byte	0x7
 973 0720 37       		.byte	0x37
 974 0721 B8000000 		.4byte	0xb8
 975 0725 14       		.byte	0x14
 976 0726 07       		.uleb128 0x7
 977 0727 B8080000 		.4byte	.LASF150
 978 072b 07       		.byte	0x7
 979 072c 38       		.byte	0x38
 980 072d B8000000 		.4byte	0xb8
 981 0731 18       		.byte	0x18
 982 0732 07       		.uleb128 0x7
 983 0733 D5060000 		.4byte	.LASF151
 984 0737 07       		.byte	0x7
 985 0738 39       		.byte	0x39
 986 0739 23050000 		.4byte	0x523
 987 073d 1C       		.byte	0x1c
 988 073e 07       		.uleb128 0x7
 989 073f B6090000 		.4byte	.LASF130
 990 0743 07       		.byte	0x7
 991 0744 3A       		.byte	0x3a
 992 0745 B8000000 		.4byte	0xb8
 993 0749 20       		.byte	0x20
 994 074a 07       		.uleb128 0x7
 995 074b C0080000 		.4byte	.LASF131
 996 074f 07       		.byte	0x7
 997 0750 3B       		.byte	0x3b
 998 0751 B8000000 		.4byte	0xb8
 999 0755 24       		.byte	0x24
 1000 0756 07       		.uleb128 0x7
 1001 0757 14040000 		.4byte	.LASF132
 1002 075b 07       		.byte	0x7
 1003 075c 3C       		.byte	0x3c
 1004 075d 23050000 		.4byte	0x523
 1005 0761 28       		.byte	0x28
 1006 0762 07       		.uleb128 0x7
 1007 0763 2F080000 		.4byte	.LASF133
 1008 0767 07       		.byte	0x7
 1009 0768 3E       		.byte	0x3e
 1010 0769 B8000000 		.4byte	0xb8
 1011 076d 2C       		.byte	0x2c
 1012 076e 07       		.uleb128 0x7
 1013 076f F4040000 		.4byte	.LASF152
 1014 0773 07       		.byte	0x7
 1015 0774 3F       		.byte	0x3f
 1016 0775 B8000000 		.4byte	0xb8
 1017 0779 30       		.byte	0x30
 1018 077a 07       		.uleb128 0x7
 1019 077b 27090000 		.4byte	.LASF153
 1020 077f 07       		.byte	0x7
 1021 0780 40       		.byte	0x40
 1022 0781 B8000000 		.4byte	0xb8
 1023 0785 34       		.byte	0x34
 1024 0786 07       		.uleb128 0x7
 1025 0787 75060000 		.4byte	.LASF154
ARM GAS  C:\Users\Lenovo\AppData\Local\Temp\cckkT2QV.s 			page 20


 1026 078b 07       		.byte	0x7
 1027 078c 41       		.byte	0x41
 1028 078d B8000000 		.4byte	0xb8
 1029 0791 38       		.byte	0x38
 1030 0792 07       		.uleb128 0x7
 1031 0793 5A040000 		.4byte	.LASF155
 1032 0797 07       		.byte	0x7
 1033 0798 42       		.byte	0x42
 1034 0799 B8000000 		.4byte	0xb8
 1035 079d 3C       		.byte	0x3c
 1036 079e 07       		.uleb128 0x7
 1037 079f 7F010000 		.4byte	.LASF156
 1038 07a3 07       		.byte	0x7
 1039 07a4 44       		.byte	0x44
 1040 07a5 B8000000 		.4byte	0xb8
 1041 07a9 40       		.byte	0x40
 1042 07aa 07       		.uleb128 0x7
 1043 07ab A6090000 		.4byte	.LASF136
 1044 07af 07       		.byte	0x7
 1045 07b0 45       		.byte	0x45
 1046 07b1 B8000000 		.4byte	0xb8
 1047 07b5 44       		.byte	0x44
 1048 07b6 07       		.uleb128 0x7
 1049 07b7 40080000 		.4byte	.LASF137
 1050 07bb 07       		.byte	0x7
 1051 07bc 47       		.byte	0x47
 1052 07bd B8000000 		.4byte	0xb8
 1053 07c1 48       		.byte	0x48
 1054 07c2 07       		.uleb128 0x7
 1055 07c3 86060000 		.4byte	.LASF138
 1056 07c7 07       		.byte	0x7
 1057 07c8 48       		.byte	0x48
 1058 07c9 B8000000 		.4byte	0xb8
 1059 07cd 4C       		.byte	0x4c
 1060 07ce 07       		.uleb128 0x7
 1061 07cf 3B050000 		.4byte	.LASF139
 1062 07d3 07       		.byte	0x7
 1063 07d4 4A       		.byte	0x4a
 1064 07d5 B8000000 		.4byte	0xb8
 1065 07d9 50       		.byte	0x50
 1066 07da 07       		.uleb128 0x7
 1067 07db 85040000 		.4byte	.LASF157
 1068 07df 07       		.byte	0x7
 1069 07e0 4B       		.byte	0x4b
 1070 07e1 B8000000 		.4byte	0xb8
 1071 07e5 54       		.byte	0x54
 1072 07e6 07       		.uleb128 0x7
 1073 07e7 4B000000 		.4byte	.LASF158
 1074 07eb 07       		.byte	0x7
 1075 07ec 4D       		.byte	0x4d
 1076 07ed B8000000 		.4byte	0xb8
 1077 07f1 58       		.byte	0x58
 1078 07f2 07       		.uleb128 0x7
 1079 07f3 1E0A0000 		.4byte	.LASF142
 1080 07f7 07       		.byte	0x7
 1081 07f8 4E       		.byte	0x4e
 1082 07f9 B8000000 		.4byte	0xb8
ARM GAS  C:\Users\Lenovo\AppData\Local\Temp\cckkT2QV.s 			page 21


 1083 07fd 5C       		.byte	0x5c
 1084 07fe 07       		.uleb128 0x7
 1085 07ff C7070000 		.4byte	.LASF143
 1086 0803 07       		.byte	0x7
 1087 0804 50       		.byte	0x50
 1088 0805 B8000000 		.4byte	0xb8
 1089 0809 60       		.byte	0x60
 1090 080a 00       		.byte	0
 1091 080b 03       		.uleb128 0x3
 1092 080c 8C090000 		.4byte	.LASF159
 1093 0810 07       		.byte	0x7
 1094 0811 51       		.byte	0x51
 1095 0812 D2060000 		.4byte	0x6d2
 1096 0816 12       		.uleb128 0x12
 1097 0817 F7020000 		.4byte	.LASF169
 1098 081b 01       		.byte	0x1
 1099 081c 2E       		.byte	0x2e
 1100 081d 89000000 		.4byte	0x89
 1101 0821 00000000 		.4byte	.LFB495
 1102 0825 14000000 		.4byte	.LFE495-.LFB495
 1103 0829 01       		.uleb128 0x1
 1104 082a 9C       		.byte	0x9c
 1105 082b 56080000 		.4byte	0x856
 1106 082f 13       		.uleb128 0x13
 1107 0830 08000000 		.4byte	.LVL0
 1108 0834 97080000 		.4byte	0x897
 1109 0838 46080000 		.4byte	0x846
 1110 083c 14       		.uleb128 0x14
 1111 083d 01       		.uleb128 0x1
 1112 083e 50       		.byte	0x50
 1113 083f 05       		.uleb128 0x5
 1114 0840 0C       		.byte	0xc
 1115 0841 00000810 		.4byte	0x10080000
 1116 0845 00       		.byte	0
 1117 0846 15       		.uleb128 0x15
 1118 0847 0E000000 		.4byte	.LVL1
 1119 084b A3080000 		.4byte	0x8a3
 1120 084f 14       		.uleb128 0x14
 1121 0850 01       		.uleb128 0x1
 1122 0851 50       		.byte	0x50
 1123 0852 01       		.uleb128 0x1
 1124 0853 30       		.byte	0x30
 1125 0854 00       		.byte	0
 1126 0855 00       		.byte	0
 1127 0856 16       		.uleb128 0x16
 1128 0857 49060000 		.4byte	.LASF160
 1129 085b 04       		.byte	0x4
 1130 085c A7       		.byte	0xa7
 1131 085d 61080000 		.4byte	0x861
 1132 0861 0B       		.uleb128 0xb
 1133 0862 04       		.byte	0x4
 1134 0863 67080000 		.4byte	0x867
 1135 0867 17       		.uleb128 0x17
 1136 0868 E7040000 		.4byte	0x4e7
 1137 086c 16       		.uleb128 0x16
 1138 086d 9E020000 		.4byte	.LASF161
 1139 0871 08       		.byte	0x8
ARM GAS  C:\Users\Lenovo\AppData\Local\Temp\cckkT2QV.s 			page 22


 1140 0872 1F       		.byte	0x1f
 1141 0873 77080000 		.4byte	0x877
 1142 0877 17       		.uleb128 0x17
 1143 0878 0B080000 		.4byte	0x80b
 1144 087c 16       		.uleb128 0x16
 1145 087d 4D090000 		.4byte	.LASF162
 1146 0881 09       		.byte	0x9
 1147 0882 1F       		.byte	0x1f
 1148 0883 87080000 		.4byte	0x887
 1149 0887 17       		.uleb128 0x17
 1150 0888 C7060000 		.4byte	0x6c7
 1151 088c 16       		.uleb128 0x16
 1152 088d 68080000 		.4byte	.LASF163
 1153 0891 0A       		.byte	0xa
 1154 0892 5E       		.byte	0x5e
 1155 0893 CA050000 		.4byte	0x5ca
 1156 0897 18       		.uleb128 0x18
 1157 0898 A9040000 		.4byte	.LASF164
 1158 089c A9040000 		.4byte	.LASF164
 1159 08a0 0B       		.byte	0xb
 1160 08a1 2502     		.2byte	0x225
 1161 08a3 18       		.uleb128 0x18
 1162 08a4 59030000 		.4byte	.LASF165
 1163 08a8 59030000 		.4byte	.LASF165
 1164 08ac 0C       		.byte	0xc
 1165 08ad 4806     		.2byte	0x648
 1166 08af 00       		.byte	0
 1167              		.section	.debug_abbrev,"",%progbits
 1168              	.Ldebug_abbrev0:
 1169 0000 01       		.uleb128 0x1
 1170 0001 11       		.uleb128 0x11
 1171 0002 01       		.byte	0x1
 1172 0003 25       		.uleb128 0x25
 1173 0004 0E       		.uleb128 0xe
 1174 0005 13       		.uleb128 0x13
 1175 0006 0B       		.uleb128 0xb
 1176 0007 03       		.uleb128 0x3
 1177 0008 0E       		.uleb128 0xe
 1178 0009 1B       		.uleb128 0x1b
 1179 000a 0E       		.uleb128 0xe
 1180 000b 55       		.uleb128 0x55
 1181 000c 17       		.uleb128 0x17
 1182 000d 11       		.uleb128 0x11
 1183 000e 01       		.uleb128 0x1
 1184 000f 10       		.uleb128 0x10
 1185 0010 17       		.uleb128 0x17
 1186 0011 00       		.byte	0
 1187 0012 00       		.byte	0
 1188 0013 02       		.uleb128 0x2
 1189 0014 24       		.uleb128 0x24
 1190 0015 00       		.byte	0
 1191 0016 0B       		.uleb128 0xb
 1192 0017 0B       		.uleb128 0xb
 1193 0018 3E       		.uleb128 0x3e
 1194 0019 0B       		.uleb128 0xb
 1195 001a 03       		.uleb128 0x3
 1196 001b 0E       		.uleb128 0xe
ARM GAS  C:\Users\Lenovo\AppData\Local\Temp\cckkT2QV.s 			page 23


 1197 001c 00       		.byte	0
 1198 001d 00       		.byte	0
 1199 001e 03       		.uleb128 0x3
 1200 001f 16       		.uleb128 0x16
 1201 0020 00       		.byte	0
 1202 0021 03       		.uleb128 0x3
 1203 0022 0E       		.uleb128 0xe
 1204 0023 3A       		.uleb128 0x3a
 1205 0024 0B       		.uleb128 0xb
 1206 0025 3B       		.uleb128 0x3b
 1207 0026 0B       		.uleb128 0xb
 1208 0027 49       		.uleb128 0x49
 1209 0028 13       		.uleb128 0x13
 1210 0029 00       		.byte	0
 1211 002a 00       		.byte	0
 1212 002b 04       		.uleb128 0x4
 1213 002c 24       		.uleb128 0x24
 1214 002d 00       		.byte	0
 1215 002e 0B       		.uleb128 0xb
 1216 002f 0B       		.uleb128 0xb
 1217 0030 3E       		.uleb128 0x3e
 1218 0031 0B       		.uleb128 0xb
 1219 0032 03       		.uleb128 0x3
 1220 0033 08       		.uleb128 0x8
 1221 0034 00       		.byte	0
 1222 0035 00       		.byte	0
 1223 0036 05       		.uleb128 0x5
 1224 0037 35       		.uleb128 0x35
 1225 0038 00       		.byte	0
 1226 0039 49       		.uleb128 0x49
 1227 003a 13       		.uleb128 0x13
 1228 003b 00       		.byte	0
 1229 003c 00       		.byte	0
 1230 003d 06       		.uleb128 0x6
 1231 003e 13       		.uleb128 0x13
 1232 003f 01       		.byte	0x1
 1233 0040 0B       		.uleb128 0xb
 1234 0041 0B       		.uleb128 0xb
 1235 0042 3A       		.uleb128 0x3a
 1236 0043 0B       		.uleb128 0xb
 1237 0044 3B       		.uleb128 0x3b
 1238 0045 0B       		.uleb128 0xb
 1239 0046 01       		.uleb128 0x1
 1240 0047 13       		.uleb128 0x13
 1241 0048 00       		.byte	0
 1242 0049 00       		.byte	0
 1243 004a 07       		.uleb128 0x7
 1244 004b 0D       		.uleb128 0xd
 1245 004c 00       		.byte	0
 1246 004d 03       		.uleb128 0x3
 1247 004e 0E       		.uleb128 0xe
 1248 004f 3A       		.uleb128 0x3a
 1249 0050 0B       		.uleb128 0xb
 1250 0051 3B       		.uleb128 0x3b
 1251 0052 0B       		.uleb128 0xb
 1252 0053 49       		.uleb128 0x49
 1253 0054 13       		.uleb128 0x13
ARM GAS  C:\Users\Lenovo\AppData\Local\Temp\cckkT2QV.s 			page 24


 1254 0055 38       		.uleb128 0x38
 1255 0056 0B       		.uleb128 0xb
 1256 0057 00       		.byte	0
 1257 0058 00       		.byte	0
 1258 0059 08       		.uleb128 0x8
 1259 005a 04       		.uleb128 0x4
 1260 005b 01       		.byte	0x1
 1261 005c 0B       		.uleb128 0xb
 1262 005d 0B       		.uleb128 0xb
 1263 005e 49       		.uleb128 0x49
 1264 005f 13       		.uleb128 0x13
 1265 0060 3A       		.uleb128 0x3a
 1266 0061 0B       		.uleb128 0xb
 1267 0062 3B       		.uleb128 0x3b
 1268 0063 05       		.uleb128 0x5
 1269 0064 01       		.uleb128 0x1
 1270 0065 13       		.uleb128 0x13
 1271 0066 00       		.byte	0
 1272 0067 00       		.byte	0
 1273 0068 09       		.uleb128 0x9
 1274 0069 28       		.uleb128 0x28
 1275 006a 00       		.byte	0
 1276 006b 03       		.uleb128 0x3
 1277 006c 0E       		.uleb128 0xe
 1278 006d 1C       		.uleb128 0x1c
 1279 006e 0B       		.uleb128 0xb
 1280 006f 00       		.byte	0
 1281 0070 00       		.byte	0
 1282 0071 0A       		.uleb128 0xa
 1283 0072 0F       		.uleb128 0xf
 1284 0073 00       		.byte	0
 1285 0074 0B       		.uleb128 0xb
 1286 0075 0B       		.uleb128 0xb
 1287 0076 00       		.byte	0
 1288 0077 00       		.byte	0
 1289 0078 0B       		.uleb128 0xb
 1290 0079 0F       		.uleb128 0xf
 1291 007a 00       		.byte	0
 1292 007b 0B       		.uleb128 0xb
 1293 007c 0B       		.uleb128 0xb
 1294 007d 49       		.uleb128 0x49
 1295 007e 13       		.uleb128 0x13
 1296 007f 00       		.byte	0
 1297 0080 00       		.byte	0
 1298 0081 0C       		.uleb128 0xc
 1299 0082 15       		.uleb128 0x15
 1300 0083 01       		.byte	0x1
 1301 0084 27       		.uleb128 0x27
 1302 0085 19       		.uleb128 0x19
 1303 0086 01       		.uleb128 0x1
 1304 0087 13       		.uleb128 0x13
 1305 0088 00       		.byte	0
 1306 0089 00       		.byte	0
 1307 008a 0D       		.uleb128 0xd
 1308 008b 05       		.uleb128 0x5
 1309 008c 00       		.byte	0
 1310 008d 49       		.uleb128 0x49
ARM GAS  C:\Users\Lenovo\AppData\Local\Temp\cckkT2QV.s 			page 25


 1311 008e 13       		.uleb128 0x13
 1312 008f 00       		.byte	0
 1313 0090 00       		.byte	0
 1314 0091 0E       		.uleb128 0xe
 1315 0092 16       		.uleb128 0x16
 1316 0093 00       		.byte	0
 1317 0094 03       		.uleb128 0x3
 1318 0095 0E       		.uleb128 0xe
 1319 0096 3A       		.uleb128 0x3a
 1320 0097 0B       		.uleb128 0xb
 1321 0098 3B       		.uleb128 0x3b
 1322 0099 05       		.uleb128 0x5
 1323 009a 49       		.uleb128 0x49
 1324 009b 13       		.uleb128 0x13
 1325 009c 00       		.byte	0
 1326 009d 00       		.byte	0
 1327 009e 0F       		.uleb128 0xf
 1328 009f 13       		.uleb128 0x13
 1329 00a0 01       		.byte	0x1
 1330 00a1 03       		.uleb128 0x3
 1331 00a2 0E       		.uleb128 0xe
 1332 00a3 0B       		.uleb128 0xb
 1333 00a4 0B       		.uleb128 0xb
 1334 00a5 3A       		.uleb128 0x3a
 1335 00a6 0B       		.uleb128 0xb
 1336 00a7 3B       		.uleb128 0x3b
 1337 00a8 05       		.uleb128 0x5
 1338 00a9 01       		.uleb128 0x1
 1339 00aa 13       		.uleb128 0x13
 1340 00ab 00       		.byte	0
 1341 00ac 00       		.byte	0
 1342 00ad 10       		.uleb128 0x10
 1343 00ae 0D       		.uleb128 0xd
 1344 00af 00       		.byte	0
 1345 00b0 03       		.uleb128 0x3
 1346 00b1 0E       		.uleb128 0xe
 1347 00b2 3A       		.uleb128 0x3a
 1348 00b3 0B       		.uleb128 0xb
 1349 00b4 3B       		.uleb128 0x3b
 1350 00b5 05       		.uleb128 0x5
 1351 00b6 49       		.uleb128 0x49
 1352 00b7 13       		.uleb128 0x13
 1353 00b8 38       		.uleb128 0x38
 1354 00b9 0B       		.uleb128 0xb
 1355 00ba 00       		.byte	0
 1356 00bb 00       		.byte	0
 1357 00bc 11       		.uleb128 0x11
 1358 00bd 13       		.uleb128 0x13
 1359 00be 01       		.byte	0x1
 1360 00bf 03       		.uleb128 0x3
 1361 00c0 0E       		.uleb128 0xe
 1362 00c1 0B       		.uleb128 0xb
 1363 00c2 0B       		.uleb128 0xb
 1364 00c3 3A       		.uleb128 0x3a
 1365 00c4 0B       		.uleb128 0xb
 1366 00c5 3B       		.uleb128 0x3b
 1367 00c6 0B       		.uleb128 0xb
ARM GAS  C:\Users\Lenovo\AppData\Local\Temp\cckkT2QV.s 			page 26


 1368 00c7 01       		.uleb128 0x1
 1369 00c8 13       		.uleb128 0x13
 1370 00c9 00       		.byte	0
 1371 00ca 00       		.byte	0
 1372 00cb 12       		.uleb128 0x12
 1373 00cc 2E       		.uleb128 0x2e
 1374 00cd 01       		.byte	0x1
 1375 00ce 3F       		.uleb128 0x3f
 1376 00cf 19       		.uleb128 0x19
 1377 00d0 03       		.uleb128 0x3
 1378 00d1 0E       		.uleb128 0xe
 1379 00d2 3A       		.uleb128 0x3a
 1380 00d3 0B       		.uleb128 0xb
 1381 00d4 3B       		.uleb128 0x3b
 1382 00d5 0B       		.uleb128 0xb
 1383 00d6 27       		.uleb128 0x27
 1384 00d7 19       		.uleb128 0x19
 1385 00d8 49       		.uleb128 0x49
 1386 00d9 13       		.uleb128 0x13
 1387 00da 8701     		.uleb128 0x87
 1388 00dc 19       		.uleb128 0x19
 1389 00dd 11       		.uleb128 0x11
 1390 00de 01       		.uleb128 0x1
 1391 00df 12       		.uleb128 0x12
 1392 00e0 06       		.uleb128 0x6
 1393 00e1 40       		.uleb128 0x40
 1394 00e2 18       		.uleb128 0x18
 1395 00e3 9742     		.uleb128 0x2117
 1396 00e5 19       		.uleb128 0x19
 1397 00e6 01       		.uleb128 0x1
 1398 00e7 13       		.uleb128 0x13
 1399 00e8 00       		.byte	0
 1400 00e9 00       		.byte	0
 1401 00ea 13       		.uleb128 0x13
 1402 00eb 898201   		.uleb128 0x4109
 1403 00ee 01       		.byte	0x1
 1404 00ef 11       		.uleb128 0x11
 1405 00f0 01       		.uleb128 0x1
 1406 00f1 31       		.uleb128 0x31
 1407 00f2 13       		.uleb128 0x13
 1408 00f3 01       		.uleb128 0x1
 1409 00f4 13       		.uleb128 0x13
 1410 00f5 00       		.byte	0
 1411 00f6 00       		.byte	0
 1412 00f7 14       		.uleb128 0x14
 1413 00f8 8A8201   		.uleb128 0x410a
 1414 00fb 00       		.byte	0
 1415 00fc 02       		.uleb128 0x2
 1416 00fd 18       		.uleb128 0x18
 1417 00fe 9142     		.uleb128 0x2111
 1418 0100 18       		.uleb128 0x18
 1419 0101 00       		.byte	0
 1420 0102 00       		.byte	0
 1421 0103 15       		.uleb128 0x15
 1422 0104 898201   		.uleb128 0x4109
 1423 0107 01       		.byte	0x1
 1424 0108 11       		.uleb128 0x11
ARM GAS  C:\Users\Lenovo\AppData\Local\Temp\cckkT2QV.s 			page 27


 1425 0109 01       		.uleb128 0x1
 1426 010a 31       		.uleb128 0x31
 1427 010b 13       		.uleb128 0x13
 1428 010c 00       		.byte	0
 1429 010d 00       		.byte	0
 1430 010e 16       		.uleb128 0x16
 1431 010f 34       		.uleb128 0x34
 1432 0110 00       		.byte	0
 1433 0111 03       		.uleb128 0x3
 1434 0112 0E       		.uleb128 0xe
 1435 0113 3A       		.uleb128 0x3a
 1436 0114 0B       		.uleb128 0xb
 1437 0115 3B       		.uleb128 0x3b
 1438 0116 0B       		.uleb128 0xb
 1439 0117 49       		.uleb128 0x49
 1440 0118 13       		.uleb128 0x13
 1441 0119 3F       		.uleb128 0x3f
 1442 011a 19       		.uleb128 0x19
 1443 011b 3C       		.uleb128 0x3c
 1444 011c 19       		.uleb128 0x19
 1445 011d 00       		.byte	0
 1446 011e 00       		.byte	0
 1447 011f 17       		.uleb128 0x17
 1448 0120 26       		.uleb128 0x26
 1449 0121 00       		.byte	0
 1450 0122 49       		.uleb128 0x49
 1451 0123 13       		.uleb128 0x13
 1452 0124 00       		.byte	0
 1453 0125 00       		.byte	0
 1454 0126 18       		.uleb128 0x18
 1455 0127 2E       		.uleb128 0x2e
 1456 0128 00       		.byte	0
 1457 0129 3F       		.uleb128 0x3f
 1458 012a 19       		.uleb128 0x19
 1459 012b 3C       		.uleb128 0x3c
 1460 012c 19       		.uleb128 0x19
 1461 012d 6E       		.uleb128 0x6e
 1462 012e 0E       		.uleb128 0xe
 1463 012f 03       		.uleb128 0x3
 1464 0130 0E       		.uleb128 0xe
 1465 0131 3A       		.uleb128 0x3a
 1466 0132 0B       		.uleb128 0xb
 1467 0133 3B       		.uleb128 0x3b
 1468 0134 05       		.uleb128 0x5
 1469 0135 00       		.byte	0
 1470 0136 00       		.byte	0
 1471 0137 00       		.byte	0
 1472              		.section	.debug_aranges,"",%progbits
 1473 0000 1C000000 		.4byte	0x1c
 1474 0004 0200     		.2byte	0x2
 1475 0006 00000000 		.4byte	.Ldebug_info0
 1476 000a 04       		.byte	0x4
 1477 000b 00       		.byte	0
 1478 000c 0000     		.2byte	0
 1479 000e 0000     		.2byte	0
 1480 0010 00000000 		.4byte	.LFB495
 1481 0014 14000000 		.4byte	.LFE495-.LFB495
ARM GAS  C:\Users\Lenovo\AppData\Local\Temp\cckkT2QV.s 			page 28


 1482 0018 00000000 		.4byte	0
 1483 001c 00000000 		.4byte	0
 1484              		.section	.debug_ranges,"",%progbits
 1485              	.Ldebug_ranges0:
 1486 0000 00000000 		.4byte	.LFB495
 1487 0004 14000000 		.4byte	.LFE495
 1488 0008 00000000 		.4byte	0
 1489 000c 00000000 		.4byte	0
 1490              		.section	.debug_line,"",%progbits
 1491              	.Ldebug_line0:
 1492 0000 81020000 		.section	.debug_str,"MS",%progbits,1
 1492      02006602 
 1492      00000201 
 1492      FB0E0D00 
 1492      01010101 
 1493              	.LASF54:
 1494 0000 70726F74 		.ascii	"protBusMasterMask\000"
 1494      4275734D 
 1494      61737465 
 1494      724D6173 
 1494      6B00
 1495              	.LASF127:
 1496 0012 72756E4D 		.ascii	"runMode\000"
 1496      6F646500 
 1497              	.LASF115:
 1498 001a 72784275 		.ascii	"rxBufSize\000"
 1498      6653697A 
 1498      6500
 1499              	.LASF64:
 1500 0024 666C6173 		.ascii	"flashCtlMainWs3Freq\000"
 1500      6843746C 
 1500      4D61696E 
 1500      57733346 
 1500      72657100 
 1501              	.LASF86:
 1502 0038 6770696F 		.ascii	"gpioPrtCfgInOffset\000"
 1502      50727443 
 1502      6667496E 
 1502      4F666673 
 1502      657400
 1503              	.LASF158:
 1504 004b 6B696C6C 		.ascii	"killInput\000"
 1504      496E7075 
 1504      7400
 1505              	.LASF104:
 1506 0055 6970634C 		.ascii	"ipcLockStatusOffset\000"
 1506      6F636B53 
 1506      74617475 
 1506      734F6666 
 1506      73657400 
 1507              	.LASF30:
 1508 0069 63727970 		.ascii	"cryptoVersion\000"
 1508      746F5665 
 1508      7273696F 
 1508      6E00
 1509              	.LASF68:
 1510 0077 64774368 		.ascii	"dwChCtlPrioPos\000"
ARM GAS  C:\Users\Lenovo\AppData\Local\Temp\cckkT2QV.s 			page 29


 1510      43746C50 
 1510      72696F50 
 1510      6F7300
 1511              	.LASF26:
 1512 0086 70617373 		.ascii	"passBase\000"
 1512      42617365 
 1512      00
 1513              	.LASF167:
 1514 008f 6D61696E 		.ascii	"main_cm0p.c\000"
 1514      5F636D30 
 1514      702E6300 
 1515              	.LASF147:
 1516 009b 70776D41 		.ascii	"pwmAlignment\000"
 1516      6C69676E 
 1516      6D656E74 
 1516      00
 1517              	.LASF39:
 1518 00a8 63707573 		.ascii	"cpussIpcIrqNr\000"
 1518      73497063 
 1518      4972714E 
 1518      7200
 1519              	.LASF3:
 1520 00b6 5F5F7569 		.ascii	"__uint8_t\000"
 1520      6E74385F 
 1520      7400
 1521              	.LASF83:
 1522 00c0 70657269 		.ascii	"periDiv24_5CtlOffset\000"
 1522      44697632 
 1522      345F3543 
 1522      746C4F66 
 1522      66736574 
 1523              	.LASF90:
 1524 00d5 63707573 		.ascii	"cpussCm4ClockCtlOffset\000"
 1524      73436D34 
 1524      436C6F63 
 1524      6B43746C 
 1524      4F666673 
 1525              	.LASF128:
 1526 00ec 636F756E 		.ascii	"countDirection\000"
 1526      74446972 
 1526      65637469 
 1526      6F6E00
 1527              	.LASF140:
 1528 00fb 73746F70 		.ascii	"stopInputMode\000"
 1528      496E7075 
 1528      744D6F64 
 1528      6500
 1529              	.LASF19:
 1530 0109 63707573 		.ascii	"cpussBase\000"
 1530      73426173 
 1530      6500
 1531              	.LASF125:
 1532 0113 70657269 		.ascii	"period\000"
 1532      6F6400
 1533              	.LASF48:
 1534 011a 70657269 		.ascii	"periClockNr\000"
 1534      436C6F63 
ARM GAS  C:\Users\Lenovo\AppData\Local\Temp\cckkT2QV.s 			page 30


 1534      6B4E7200 
 1535              	.LASF135:
 1536 0126 63617074 		.ascii	"captureInput\000"
 1536      75726549 
 1536      6E707574 
 1536      00
 1537              	.LASF11:
 1538 0133 6C6F6E67 		.ascii	"long long unsigned int\000"
 1538      206C6F6E 
 1538      6720756E 
 1538      7369676E 
 1538      65642069 
 1539              	.LASF126:
 1540 014a 636C6F63 		.ascii	"clockPrescaler\000"
 1540      6B507265 
 1540      7363616C 
 1540      657200
 1541              	.LASF72:
 1542 0159 70657269 		.ascii	"periTrCmdOffset\000"
 1542      5472436D 
 1542      644F6666 
 1542      73657400 
 1543              	.LASF96:
 1544 0169 63707573 		.ascii	"cpussSysTickCtlOffset\000"
 1544      73537973 
 1544      5469636B 
 1544      43746C4F 
 1544      66667365 
 1545              	.LASF156:
 1546 017f 73776170 		.ascii	"swapInput\000"
 1546      496E7075 
 1546      7400
 1547              	.LASF57:
 1548 0189 666C6173 		.ascii	"flashPipeRequired\000"
 1548      68506970 
 1548      65526571 
 1548      75697265 
 1548      6400
 1549              	.LASF61:
 1550 019b 666C6173 		.ascii	"flashCtlMainWs0Freq\000"
 1550      6843746C 
 1550      4D61696E 
 1550      57733046 
 1550      72657100 
 1551              	.LASF14:
 1552 01af 696E7431 		.ascii	"int16_t\000"
 1552      365F7400 
 1553              	.LASF10:
 1554 01b7 6C6F6E67 		.ascii	"long long int\000"
 1554      206C6F6E 
 1554      6720696E 
 1554      7400
 1555              	.LASF144:
 1556 01c5 63795F73 		.ascii	"cy_stc_tcpwm_counter_config_t\000"
 1556      74635F74 
 1556      6370776D 
 1556      5F636F75 
ARM GAS  C:\Users\Lenovo\AppData\Local\Temp\cckkT2QV.s 			page 31


 1556      6E746572 
 1557              	.LASF123:
 1558 01e3 63795F73 		.ascii	"cy_stc_scb_spi_context\000"
 1558      74635F73 
 1558      63625F73 
 1558      70695F63 
 1558      6F6E7465 
 1559              	.LASF77:
 1560 01fa 70657269 		.ascii	"periDivCmdTypeSelPos\000"
 1560      44697643 
 1560      6D645479 
 1560      70655365 
 1560      6C506F73 
 1561              	.LASF23:
 1562 020f 70726F74 		.ascii	"protBase\000"
 1562      42617365 
 1562      00
 1563              	.LASF35:
 1564 0218 69706356 		.ascii	"ipcVersion\000"
 1564      65727369 
 1564      6F6E00
 1565              	.LASF97:
 1566 0223 63707573 		.ascii	"cpussCm0NmiCtlOffset\000"
 1566      73436D30 
 1566      4E6D6943 
 1566      746C4F66 
 1566      66736574 
 1567              	.LASF112:
 1568 0238 63795F63 		.ascii	"cy_cb_scb_spi_handle_events_t\000"
 1568      625F7363 
 1568      625F7370 
 1568      695F6861 
 1568      6E646C65 
 1569              	.LASF45:
 1570 0256 73727373 		.ascii	"srssNumClkpath\000"
 1570      4E756D43 
 1570      6C6B7061 
 1570      746800
 1571              	.LASF24:
 1572 0265 6873696F 		.ascii	"hsiomBase\000"
 1572      6D426173 
 1572      6500
 1573              	.LASF145:
 1574 026f 63795F73 		.ascii	"cy_stc_tcpwm_pwm_config\000"
 1574      74635F74 
 1574      6370776D 
 1574      5F70776D 
 1574      5F636F6E 
 1575              	.LASF7:
 1576 0287 6C6F6E67 		.ascii	"long int\000"
 1576      20696E74 
 1576      00
 1577              	.LASF55:
 1578 0290 63727970 		.ascii	"cryptoMemSize\000"
 1578      746F4D65 
 1578      6D53697A 
 1578      6500
ARM GAS  C:\Users\Lenovo\AppData\Local\Temp\cckkT2QV.s 			page 32


 1579              	.LASF161:
 1580 029e 50574D5F 		.ascii	"PWM_1_config\000"
 1580      315F636F 
 1580      6E666967 
 1580      00
 1581              	.LASF21:
 1582 02ab 70657269 		.ascii	"periBase\000"
 1582      42617365 
 1582      00
 1583              	.LASF53:
 1584 02b4 73797350 		.ascii	"sysPmSimoPresent\000"
 1584      6D53696D 
 1584      6F507265 
 1584      73656E74 
 1584      00
 1585              	.LASF43:
 1586 02c5 63707573 		.ascii	"cpussFmIrq\000"
 1586      73466D49 
 1586      727100
 1587              	.LASF108:
 1588 02d0 646F7562 		.ascii	"double\000"
 1588      6C6500
 1589              	.LASF82:
 1590 02d7 70657269 		.ascii	"periDiv16_5CtlOffset\000"
 1590      44697631 
 1590      365F3543 
 1590      746C4F66 
 1590      66736574 
 1591              	.LASF46:
 1592 02ec 73727373 		.ascii	"srssNumPll\000"
 1592      4E756D50 
 1592      6C6C00
 1593              	.LASF169:
 1594 02f7 6D61696E 		.ascii	"main\000"
 1594      00
 1595              	.LASF134:
 1596 02fc 63617074 		.ascii	"captureInputMode\000"
 1596      75726549 
 1596      6E707574 
 1596      4D6F6465 
 1596      00
 1597              	.LASF80:
 1598 030d 70657269 		.ascii	"periDiv8CtlOffset\000"
 1598      44697638 
 1598      43746C4F 
 1598      66667365 
 1598      7400
 1599              	.LASF87:
 1600 031f 6770696F 		.ascii	"gpioPrtCfgOutOffset\000"
 1600      50727443 
 1600      66674F75 
 1600      744F6666 
 1600      73657400 
 1601              	.LASF20:
 1602 0333 666C6173 		.ascii	"flashcBase\000"
 1602      68634261 
 1602      736500
ARM GAS  C:\Users\Lenovo\AppData\Local\Temp\cckkT2QV.s 			page 33


 1603              	.LASF8:
 1604 033e 5F5F7569 		.ascii	"__uint32_t\000"
 1604      6E743332 
 1604      5F7400
 1605              	.LASF50:
 1606 0349 70617373 		.ascii	"passSarChannels\000"
 1606      53617243 
 1606      68616E6E 
 1606      656C7300 
 1607              	.LASF165:
 1608 0359 43795F53 		.ascii	"Cy_SysPm_CpuEnterDeepSleep\000"
 1608      7973506D 
 1608      5F437075 
 1608      456E7465 
 1608      72446565 
 1609              	.LASF4:
 1610 0374 5F5F696E 		.ascii	"__int16_t\000"
 1610      7431365F 
 1610      7400
 1611              	.LASF116:
 1612 037e 72784275 		.ascii	"rxBufIdx\000"
 1612      66496478 
 1612      00
 1613              	.LASF93:
 1614 0387 63707573 		.ascii	"cpussCm4PwrCtlOffset\000"
 1614      73436D34 
 1614      50777243 
 1614      746C4F66 
 1614      66736574 
 1615              	.LASF118:
 1616 039c 74784275 		.ascii	"txBufSize\000"
 1616      6653697A 
 1616      6500
 1617              	.LASF88:
 1618 03a6 6770696F 		.ascii	"gpioPrtCfgSioOffset\000"
 1618      50727443 
 1618      66675369 
 1618      6F4F6666 
 1618      73657400 
 1619              	.LASF40:
 1620 03ba 63707573 		.ascii	"cpussDwChNr\000"
 1620      73447743 
 1620      684E7200 
 1621              	.LASF12:
 1622 03c6 756E7369 		.ascii	"unsigned int\000"
 1622      676E6564 
 1622      20696E74 
 1622      00
 1623              	.LASF15:
 1624 03d3 75696E74 		.ascii	"uint16_t\000"
 1624      31365F74 
 1624      00
 1625              	.LASF73:
 1626 03dc 70657269 		.ascii	"periTrCmdGrSelMsk\000"
 1626      5472436D 
 1626      64477253 
 1626      656C4D73 
ARM GAS  C:\Users\Lenovo\AppData\Local\Temp\cckkT2QV.s 			page 34


 1626      6B00
 1627              	.LASF62:
 1628 03ee 666C6173 		.ascii	"flashCtlMainWs1Freq\000"
 1628      6843746C 
 1628      4D61696E 
 1628      57733146 
 1628      72657100 
 1629              	.LASF9:
 1630 0402 6C6F6E67 		.ascii	"long unsigned int\000"
 1630      20756E73 
 1630      69676E65 
 1630      6420696E 
 1630      7400
 1631              	.LASF132:
 1632 0414 656E6162 		.ascii	"enableCompareSwap\000"
 1632      6C65436F 
 1632      6D706172 
 1632      65537761 
 1632      7000
 1633              	.LASF38:
 1634 0426 63707573 		.ascii	"cpussIpcNr\000"
 1634      73497063 
 1634      4E7200
 1635              	.LASF25:
 1636 0431 6770696F 		.ascii	"gpioBase\000"
 1636      42617365 
 1636      00
 1637              	.LASF51:
 1638 043a 65704D6F 		.ascii	"epMonitorNr\000"
 1638      6E69746F 
 1638      724E7200 
 1639              	.LASF63:
 1640 0446 666C6173 		.ascii	"flashCtlMainWs2Freq\000"
 1640      6843746C 
 1640      4D61696E 
 1640      57733246 
 1640      72657100 
 1641              	.LASF155:
 1642 045a 73776170 		.ascii	"swapInputMode\000"
 1642      496E7075 
 1642      744D6F64 
 1642      6500
 1643              	.LASF74:
 1644 0468 70657269 		.ascii	"periTrGrOffset\000"
 1644      54724772 
 1644      4F666673 
 1644      657400
 1645              	.LASF101:
 1646 0477 63707573 		.ascii	"cpussRam1Ctl0\000"
 1646      7352616D 
 1646      3143746C 
 1646      3000
 1647              	.LASF157:
 1648 0485 6B696C6C 		.ascii	"killInputMode\000"
 1648      496E7075 
 1648      744D6F64 
 1648      6500
ARM GAS  C:\Users\Lenovo\AppData\Local\Temp\cckkT2QV.s 			page 35


 1649              	.LASF120:
 1650 0493 63624576 		.ascii	"cbEvents\000"
 1650      656E7473 
 1650      00
 1651              	.LASF75:
 1652 049c 70657269 		.ascii	"periTrGrSize\000"
 1652      54724772 
 1652      53697A65 
 1652      00
 1653              	.LASF164:
 1654 04a9 43795F53 		.ascii	"Cy_SysEnableCM4\000"
 1654      7973456E 
 1654      61626C65 
 1654      434D3400 
 1655              	.LASF33:
 1656 04b9 6770696F 		.ascii	"gpioVersion\000"
 1656      56657273 
 1656      696F6E00 
 1657              	.LASF117:
 1658 04c5 74784275 		.ascii	"txBuf\000"
 1658      6600
 1659              	.LASF105:
 1660 04cb 63795F73 		.ascii	"cy_stc_device_t\000"
 1660      74635F64 
 1660      65766963 
 1660      655F7400 
 1661              	.LASF122:
 1662 04db 63795F73 		.ascii	"cy_stc_scb_spi_context_t\000"
 1662      74635F73 
 1662      63625F73 
 1662      70695F63 
 1662      6F6E7465 
 1663              	.LASF152:
 1664 04f4 696E7665 		.ascii	"invertPWMOut\000"
 1664      72745057 
 1664      4D4F7574 
 1664      00
 1665              	.LASF148:
 1666 0501 64656164 		.ascii	"deadTimeClocks\000"
 1666      54696D65 
 1666      436C6F63 
 1666      6B7300
 1667              	.LASF98:
 1668 0510 63707573 		.ascii	"cpussCm4NmiCtlOffset\000"
 1668      73436D34 
 1668      4E6D6943 
 1668      746C4F66 
 1668      66736574 
 1669              	.LASF94:
 1670 0525 63707573 		.ascii	"cpussTrimRamCtlOffset\000"
 1670      73547269 
 1670      6D52616D 
 1670      43746C4F 
 1670      66667365 
 1671              	.LASF139:
 1672 053b 73746172 		.ascii	"startInput\000"
 1672      74496E70 
ARM GAS  C:\Users\Lenovo\AppData\Local\Temp\cckkT2QV.s 			page 36


 1672      757400
 1673              	.LASF29:
 1674 0546 63707573 		.ascii	"cpussVersion\000"
 1674      73566572 
 1674      73696F6E 
 1674      00
 1675              	.LASF36:
 1676 0553 70657269 		.ascii	"periVersion\000"
 1676      56657273 
 1676      696F6E00 
 1677              	.LASF92:
 1678 055f 63707573 		.ascii	"cpussCm0StatusOffset\000"
 1678      73436D30 
 1678      53746174 
 1678      75734F66 
 1678      66736574 
 1679              	.LASF124:
 1680 0574 63795F73 		.ascii	"cy_stc_tcpwm_counter_config\000"
 1680      74635F74 
 1680      6370776D 
 1680      5F636F75 
 1680      6E746572 
 1681              	.LASF17:
 1682 0590 73697A65 		.ascii	"sizetype\000"
 1682      74797065 
 1682      00
 1683              	.LASF66:
 1684 0599 64774368 		.ascii	"dwChOffset\000"
 1684      4F666673 
 1684      657400
 1685              	.LASF41:
 1686 05a4 63707573 		.ascii	"cpussFlashPaSize\000"
 1686      73466C61 
 1686      73685061 
 1686      53697A65 
 1686      00
 1687              	.LASF79:
 1688 05b5 70657269 		.ascii	"periDivCmdPaTypeSelPos\000"
 1688      44697643 
 1688      6D645061 
 1688      54797065 
 1688      53656C50 
 1689              	.LASF102:
 1690 05cc 63707573 		.ascii	"cpussRam2Ctl0\000"
 1690      7352616D 
 1690      3243746C 
 1690      3000
 1691              	.LASF70:
 1692 05da 64775374 		.ascii	"dwStatusChIdxPos\000"
 1692      61747573 
 1692      43684964 
 1692      78506F73 
 1692      00
 1693              	.LASF52:
 1694 05eb 75646250 		.ascii	"udbPresent\000"
 1694      72657365 
 1694      6E7400
ARM GAS  C:\Users\Lenovo\AppData\Local\Temp\cckkT2QV.s 			page 37


 1695              	.LASF32:
 1696 05f6 666C6173 		.ascii	"flashcVersion\000"
 1696      68635665 
 1696      7273696F 
 1696      6E00
 1697              	.LASF28:
 1698 0604 63727970 		.ascii	"cryptoBase\000"
 1698      746F4261 
 1698      736500
 1699              	.LASF49:
 1700 060f 736D6966 		.ascii	"smifDeviceNr\000"
 1700      44657669 
 1700      63654E72 
 1700      00
 1701              	.LASF103:
 1702 061c 69706353 		.ascii	"ipcStructSize\000"
 1702      74727563 
 1702      7453697A 
 1702      6500
 1703              	.LASF146:
 1704 062a 70776D4D 		.ascii	"pwmMode\000"
 1704      6F646500 
 1705              	.LASF107:
 1706 0632 666C6F61 		.ascii	"float\000"
 1706      7400
 1707              	.LASF71:
 1708 0638 64775374 		.ascii	"dwStatusChIdxMsk\000"
 1708      61747573 
 1708      43684964 
 1708      784D736B 
 1708      00
 1709              	.LASF160:
 1710 0649 63795F64 		.ascii	"cy_device\000"
 1710      65766963 
 1710      6500
 1711              	.LASF99:
 1712 0653 63707573 		.ascii	"cpussRomCtl\000"
 1712      73526F6D 
 1712      43746C00 
 1713              	.LASF69:
 1714 065f 64774368 		.ascii	"dwChCtlPreemptablePos\000"
 1714      43746C50 
 1714      7265656D 
 1714      70746162 
 1714      6C65506F 
 1715              	.LASF154:
 1716 0675 6B696C6C 		.ascii	"killMode\000"
 1716      4D6F6465 
 1716      00
 1717              	.LASF22:
 1718 067e 75646242 		.ascii	"udbBase\000"
 1718      61736500 
 1719              	.LASF138:
 1720 0686 73746172 		.ascii	"startInputMode\000"
 1720      74496E70 
 1720      75744D6F 
 1720      646500
ARM GAS  C:\Users\Lenovo\AppData\Local\Temp\cckkT2QV.s 			page 38


 1721              	.LASF1:
 1722 0695 756E7369 		.ascii	"unsigned char\000"
 1722      676E6564 
 1722      20636861 
 1722      7200
 1723              	.LASF65:
 1724 06a3 666C6173 		.ascii	"flashCtlMainWs4Freq\000"
 1724      6843746C 
 1724      4D61696E 
 1724      57733446 
 1724      72657100 
 1725              	.LASF0:
 1726 06b7 73686F72 		.ascii	"short int\000"
 1726      7420696E 
 1726      7400
 1727              	.LASF76:
 1728 06c1 70657269 		.ascii	"periDivCmdDivSelMsk\000"
 1728      44697643 
 1728      6D644469 
 1728      7653656C 
 1728      4D736B00 
 1729              	.LASF151:
 1730 06d5 656E6162 		.ascii	"enablePeriodSwap\000"
 1730      6C655065 
 1730      72696F64 
 1730      53776170 
 1730      00
 1731              	.LASF129:
 1732 06e6 636F6D70 		.ascii	"compareOrCapture\000"
 1732      6172654F 
 1732      72436170 
 1732      74757265 
 1732      00
 1733              	.LASF47:
 1734 06f7 73727373 		.ascii	"srssNumHfroot\000"
 1734      4E756D48 
 1734      66726F6F 
 1734      7400
 1735              	.LASF60:
 1736 0705 666C6173 		.ascii	"flashEraseDelay\000"
 1736      68457261 
 1736      73654465 
 1736      6C617900 
 1737              	.LASF16:
 1738 0715 75696E74 		.ascii	"uint32_t\000"
 1738      33325F74 
 1738      00
 1739              	.LASF166:
 1740 071e 474E5520 		.ascii	"GNU C11 5.4.1 20160609 (release) [ARM/embedded-5-br"
 1740      43313120 
 1740      352E342E 
 1740      31203230 
 1740      31363036 
 1741 0751 616E6368 		.ascii	"anch revision 237715] -mcpu=cortex-m0plus -mthumb -"
 1741      20726576 
 1741      6973696F 
 1741      6E203233 
ARM GAS  C:\Users\Lenovo\AppData\Local\Temp\cckkT2QV.s 			page 39


 1741      37373135 
 1742 0784 67202D4F 		.ascii	"g -Og -ffunction-sections -ffat-lto-objects\000"
 1742      67202D66 
 1742      66756E63 
 1742      74696F6E 
 1742      2D736563 
 1743              	.LASF111:
 1744 07b0 5F426F6F 		.ascii	"_Bool\000"
 1744      6C00
 1745              	.LASF18:
 1746 07b6 6C6F6E67 		.ascii	"long double\000"
 1746      20646F75 
 1746      626C6500 
 1747              	.LASF106:
 1748 07c2 63686172 		.ascii	"char\000"
 1748      00
 1749              	.LASF143:
 1750 07c7 636F756E 		.ascii	"countInput\000"
 1750      74496E70 
 1750      757400
 1751              	.LASF37:
 1752 07d2 70726F74 		.ascii	"protVersion\000"
 1752      56657273 
 1752      696F6E00 
 1753              	.LASF100:
 1754 07de 63707573 		.ascii	"cpussRam0Ctl0\000"
 1754      7352616D 
 1754      3043746C 
 1754      3000
 1755              	.LASF5:
 1756 07ec 5F5F7569 		.ascii	"__uint16_t\000"
 1756      6E743136 
 1756      5F7400
 1757              	.LASF81:
 1758 07f7 70657269 		.ascii	"periDiv16CtlOffset\000"
 1758      44697631 
 1758      3643746C 
 1758      4F666673 
 1758      657400
 1759              	.LASF110:
 1760 080a 43595F53 		.ascii	"CY_SYSPM_WAIT_FOR_EVENT\000"
 1760      5953504D 
 1760      5F574149 
 1760      545F464F 
 1760      525F4556 
 1761              	.LASF34:
 1762 0822 6873696F 		.ascii	"hsiomVersion\000"
 1762      6D566572 
 1762      73696F6E 
 1762      00
 1763              	.LASF133:
 1764 082f 696E7465 		.ascii	"interruptSources\000"
 1764      72727570 
 1764      74536F75 
 1764      72636573 
 1764      00
 1765              	.LASF137:
ARM GAS  C:\Users\Lenovo\AppData\Local\Temp\cckkT2QV.s 			page 40


 1766 0840 72656C6F 		.ascii	"reloadInput\000"
 1766      6164496E 
 1766      70757400 
 1767              	.LASF6:
 1768 084c 73686F72 		.ascii	"short unsigned int\000"
 1768      7420756E 
 1768      7369676E 
 1768      65642069 
 1768      6E7400
 1769              	.LASF67:
 1770 085f 64774368 		.ascii	"dwChSize\000"
 1770      53697A65 
 1770      00
 1771              	.LASF163:
 1772 0868 43595F45 		.ascii	"CY_EINK_SPIM_context\000"
 1772      494E4B5F 
 1772      5350494D 
 1772      5F636F6E 
 1772      74657874 
 1773              	.LASF141:
 1774 087d 73746F70 		.ascii	"stopInput\000"
 1774      496E7075 
 1774      7400
 1775              	.LASF109:
 1776 0887 43595F53 		.ascii	"CY_SYSPM_WAIT_FOR_INTERRUPT\000"
 1776      5953504D 
 1776      5F574149 
 1776      545F464F 
 1776      525F494E 
 1777              	.LASF42:
 1778 08a3 63707573 		.ascii	"cpussIpc0Irq\000"
 1778      73497063 
 1778      30497271 
 1778      00
 1779              	.LASF149:
 1780 08b0 70657269 		.ascii	"period0\000"
 1780      6F643000 
 1781              	.LASF150:
 1782 08b8 70657269 		.ascii	"period1\000"
 1782      6F643100 
 1783              	.LASF131:
 1784 08c0 636F6D70 		.ascii	"compare1\000"
 1784      61726531 
 1784      00
 1785              	.LASF89:
 1786 08c9 63707573 		.ascii	"cpussCm0ClockCtlOffset\000"
 1786      73436D30 
 1786      436C6F63 
 1786      6B43746C 
 1786      4F666673 
 1787              	.LASF85:
 1788 08e0 6770696F 		.ascii	"gpioPrtCfgOffset\000"
 1788      50727443 
 1788      66674F66 
 1788      66736574 
 1788      00
 1789              	.LASF121:
ARM GAS  C:\Users\Lenovo\AppData\Local\Temp\cckkT2QV.s 			page 41


 1790 08f1 696E6974 		.ascii	"initKey\000"
 1790      4B657900 
 1791              	.LASF114:
 1792 08f9 72784275 		.ascii	"rxBuf\000"
 1792      6600
 1793              	.LASF2:
 1794 08ff 7369676E 		.ascii	"signed char\000"
 1794      65642063 
 1794      68617200 
 1795              	.LASF113:
 1796 090b 73746174 		.ascii	"status\000"
 1796      757300
 1797              	.LASF44:
 1798 0912 63707573 		.ascii	"cpussNotConnectedIrq\000"
 1798      734E6F74 
 1798      436F6E6E 
 1798      65637465 
 1798      64497271 
 1799              	.LASF153:
 1800 0927 696E7665 		.ascii	"invertPWMOutN\000"
 1800      72745057 
 1800      4D4F7574 
 1800      4E00
 1801              	.LASF58:
 1802 0935 666C6173 		.ascii	"flashWriteDelay\000"
 1802      68577269 
 1802      74654465 
 1802      6C617900 
 1803              	.LASF13:
 1804 0945 75696E74 		.ascii	"uint8_t\000"
 1804      385F7400 
 1805              	.LASF162:
 1806 094d 43595F45 		.ascii	"CY_EINK_Timer_config\000"
 1806      494E4B5F 
 1806      54696D65 
 1806      725F636F 
 1806      6E666967 
 1807              	.LASF91:
 1808 0962 63707573 		.ascii	"cpussCm4StatusOffset\000"
 1808      73436D34 
 1808      53746174 
 1808      75734F66 
 1808      66736574 
 1809              	.LASF84:
 1810 0977 6770696F 		.ascii	"gpioPrtIntrCfgOffset\000"
 1810      50727449 
 1810      6E747243 
 1810      66674F66 
 1810      66736574 
 1811              	.LASF159:
 1812 098c 63795F73 		.ascii	"cy_stc_tcpwm_pwm_config_t\000"
 1812      74635F74 
 1812      6370776D 
 1812      5F70776D 
 1812      5F636F6E 
 1813              	.LASF136:
 1814 09a6 72656C6F 		.ascii	"reloadInputMode\000"
ARM GAS  C:\Users\Lenovo\AppData\Local\Temp\cckkT2QV.s 			page 42


 1814      6164496E 
 1814      7075744D 
 1814      6F646500 
 1815              	.LASF130:
 1816 09b6 636F6D70 		.ascii	"compare0\000"
 1816      61726530 
 1816      00
 1817              	.LASF95:
 1818 09bf 63707573 		.ascii	"cpussTrimRomCtlOffset\000"
 1818      73547269 
 1818      6D526F6D 
 1818      43746C4F 
 1818      66667365 
 1819              	.LASF168:
 1820 09d5 443A5C4D 		.ascii	"D:\\Microprocess2\\LAB11.2\\Workspace01\\CE223727_E"
 1820      6963726F 
 1820      70726F63 
 1820      65737332 
 1820      5C4C4142 
 1821 0a04 6D57696E 		.ascii	"mWin_EInk_Display01.cydsn\000"
 1821      5F45496E 
 1821      6B5F4469 
 1821      73706C61 
 1821      7930312E 
 1822              	.LASF142:
 1823 0a1e 636F756E 		.ascii	"countInputMode\000"
 1823      74496E70 
 1823      75744D6F 
 1823      646500
 1824              	.LASF31:
 1825 0a2d 64775665 		.ascii	"dwVersion\000"
 1825      7273696F 
 1825      6E00
 1826              	.LASF27:
 1827 0a37 69706342 		.ascii	"ipcBase\000"
 1827      61736500 
 1828              	.LASF78:
 1829 0a3f 70657269 		.ascii	"periDivCmdPaDivSelPos\000"
 1829      44697643 
 1829      6D645061 
 1829      44697653 
 1829      656C506F 
 1830              	.LASF59:
 1831 0a55 666C6173 		.ascii	"flashProgramDelay\000"
 1831      6850726F 
 1831      6772616D 
 1831      44656C61 
 1831      7900
 1832              	.LASF56:
 1833 0a67 666C6173 		.ascii	"flashRwwRequired\000"
 1833      68527777 
 1833      52657175 
 1833      69726564 
 1833      00
 1834              	.LASF119:
 1835 0a78 74784275 		.ascii	"txBufIdx\000"
 1835      66496478 
ARM GAS  C:\Users\Lenovo\AppData\Local\Temp\cckkT2QV.s 			page 43


 1835      00
 1836              		.ident	"GCC: (GNU Tools for ARM Embedded Processors) 5.4.1 20160609 (release) [ARM/embedded-5-bran
