ARM GAS  C:\Users\Lenovo\AppData\Local\Temp\ccD0rB9j.s 			page 1


   1              		.syntax unified
   2              		.cpu cortex-m4
   3              		.eabi_attribute 27, 1
   4              		.fpu fpv4-sp-d16
   5              		.eabi_attribute 20, 1
   6              		.eabi_attribute 21, 1
   7              		.eabi_attribute 23, 3
   8              		.eabi_attribute 24, 1
   9              		.eabi_attribute 25, 1
  10              		.eabi_attribute 26, 1
  11              		.eabi_attribute 30, 1
  12              		.eabi_attribute 34, 1
  13              		.eabi_attribute 18, 4
  14              		.thumb
  15              		.syntax unified
  16              		.file	"cyfitter_sysint_cfg.c"
  17              		.text
  18              	.Ltext0:
  19              		.cfi_sections	.debug_frame
  20              		.global	CY_EINK_SPIM_SCB_IRQ_cfg
  21              		.section	.rodata
  22              		.align	2
  23              		.type	CY_EINK_SPIM_SCB_IRQ_cfg, %object
  24              		.size	CY_EINK_SPIM_SCB_IRQ_cfg, 8
  25              	CY_EINK_SPIM_SCB_IRQ_cfg:
  26 0000 2F00     		.short	47
  27 0002 0000     		.space	2
  28 0004 07000000 		.word	7
  29              		.text
  30              	.Letext0:
  31              		.file 1 "Generated_Source\\PSoC6\\pdl\\devices/psoc6/psoc63/include/cy8c6347bzi_bld53.h"
  32              		.file 2 "d:\\psoc creator\\4.4\\psoc creator\\import\\gnu\\arm\\5.4.1\\arm-none-eabi\\include\\mac
  33              		.file 3 "d:\\psoc creator\\4.4\\psoc creator\\import\\gnu\\arm\\5.4.1\\arm-none-eabi\\include\\sys
  34              		.file 4 "Generated_Source\\PSoC6\\pdl\\drivers/peripheral/sysint/cy_sysint.h"
  35              		.file 5 "Generated_Source\\PSoC6\\pdl\\cmsis/include/core_cm4.h"
  36              		.file 6 "Generated_Source\\PSoC6\\cyfitter_sysint_cfg.c"
  37              		.section	.debug_info,"",%progbits
  38              	.Ldebug_info0:
  39 0000 CE040000 		.4byte	0x4ce
  40 0004 0400     		.2byte	0x4
  41 0006 00000000 		.4byte	.Ldebug_abbrev0
  42 000a 04       		.byte	0x4
  43 000b 01       		.uleb128 0x1
  44 000c 70090000 		.4byte	.LASF182
  45 0010 0C       		.byte	0xc
  46 0011 980D0000 		.4byte	.LASF183
  47 0015 02110000 		.4byte	.LASF184
  48 0019 00000000 		.4byte	.Ldebug_line0
  49 001d 02       		.uleb128 0x2
  50 001e 02       		.byte	0x2
  51 001f DE030000 		.4byte	0x3de
  52 0023 01       		.byte	0x1
  53 0024 24       		.byte	0x24
  54 0025 DE030000 		.4byte	0x3de
  55 0029 03       		.uleb128 0x3
  56 002a 3A020000 		.4byte	.LASF0
  57 002e 71       		.sleb128 -15
ARM GAS  C:\Users\Lenovo\AppData\Local\Temp\ccD0rB9j.s 			page 2


  58 002f 03       		.uleb128 0x3
  59 0030 4D0E0000 		.4byte	.LASF1
  60 0034 72       		.sleb128 -14
  61 0035 03       		.uleb128 0x3
  62 0036 B70E0000 		.4byte	.LASF2
  63 003a 73       		.sleb128 -13
  64 003b 03       		.uleb128 0x3
  65 003c 950A0000 		.4byte	.LASF3
  66 0040 74       		.sleb128 -12
  67 0041 03       		.uleb128 0x3
  68 0042 E8040000 		.4byte	.LASF4
  69 0046 75       		.sleb128 -11
  70 0047 03       		.uleb128 0x3
  71 0048 070D0000 		.4byte	.LASF5
  72 004c 76       		.sleb128 -10
  73 004d 03       		.uleb128 0x3
  74 004e 8D060000 		.4byte	.LASF6
  75 0052 7B       		.sleb128 -5
  76 0053 03       		.uleb128 0x3
  77 0054 E20E0000 		.4byte	.LASF7
  78 0058 7C       		.sleb128 -4
  79 0059 03       		.uleb128 0x3
  80 005a 160E0000 		.4byte	.LASF8
  81 005e 7E       		.sleb128 -2
  82 005f 03       		.uleb128 0x3
  83 0060 9E070000 		.4byte	.LASF9
  84 0064 7F       		.sleb128 -1
  85 0065 04       		.uleb128 0x4
  86 0066 B3010000 		.4byte	.LASF10
  87 006a 00       		.byte	0
  88 006b 04       		.uleb128 0x4
  89 006c 9B0E0000 		.4byte	.LASF11
  90 0070 01       		.byte	0x1
  91 0071 04       		.uleb128 0x4
  92 0072 1B000000 		.4byte	.LASF12
  93 0076 02       		.byte	0x2
  94 0077 04       		.uleb128 0x4
  95 0078 E20D0000 		.4byte	.LASF13
  96 007c 03       		.byte	0x3
  97 007d 04       		.uleb128 0x4
  98 007e DE0F0000 		.4byte	.LASF14
  99 0082 04       		.byte	0x4
 100 0083 04       		.uleb128 0x4
 101 0084 6D050000 		.4byte	.LASF15
 102 0088 05       		.byte	0x5
 103 0089 04       		.uleb128 0x4
 104 008a 4F070000 		.4byte	.LASF16
 105 008e 06       		.byte	0x6
 106 008f 04       		.uleb128 0x4
 107 0090 37090000 		.4byte	.LASF17
 108 0094 07       		.byte	0x7
 109 0095 04       		.uleb128 0x4
 110 0096 A2110000 		.4byte	.LASF18
 111 009a 08       		.byte	0x8
 112 009b 04       		.uleb128 0x4
 113 009c EF010000 		.4byte	.LASF19
 114 00a0 09       		.byte	0x9
ARM GAS  C:\Users\Lenovo\AppData\Local\Temp\ccD0rB9j.s 			page 3


 115 00a1 04       		.uleb128 0x4
 116 00a2 CC0B0000 		.4byte	.LASF20
 117 00a6 0A       		.byte	0xa
 118 00a7 04       		.uleb128 0x4
 119 00a8 780A0000 		.4byte	.LASF21
 120 00ac 0B       		.byte	0xb
 121 00ad 04       		.uleb128 0x4
 122 00ae 0E100000 		.4byte	.LASF22
 123 00b2 0C       		.byte	0xc
 124 00b3 04       		.uleb128 0x4
 125 00b4 BB050000 		.4byte	.LASF23
 126 00b8 0D       		.byte	0xd
 127 00b9 04       		.uleb128 0x4
 128 00ba 81070000 		.4byte	.LASF24
 129 00be 0E       		.byte	0xe
 130 00bf 04       		.uleb128 0x4
 131 00c0 1B040000 		.4byte	.LASF25
 132 00c4 0F       		.byte	0xf
 133 00c5 04       		.uleb128 0x4
 134 00c6 7B100000 		.4byte	.LASF26
 135 00ca 10       		.byte	0x10
 136 00cb 04       		.uleb128 0x4
 137 00cc 18030000 		.4byte	.LASF27
 138 00d0 11       		.byte	0x11
 139 00d1 04       		.uleb128 0x4
 140 00d2 7A000000 		.4byte	.LASF28
 141 00d6 12       		.byte	0x12
 142 00d7 04       		.uleb128 0x4
 143 00d8 34040000 		.4byte	.LASF29
 144 00dc 13       		.byte	0x13
 145 00dd 04       		.uleb128 0x4
 146 00de 22060000 		.4byte	.LASF30
 147 00e2 14       		.byte	0x14
 148 00e3 04       		.uleb128 0x4
 149 00e4 CA100000 		.4byte	.LASF31
 150 00e8 15       		.byte	0x15
 151 00e9 04       		.uleb128 0x4
 152 00ea 66000000 		.4byte	.LASF32
 153 00ee 16       		.byte	0x16
 154 00ef 04       		.uleb128 0x4
 155 00f0 22050000 		.4byte	.LASF33
 156 00f4 17       		.byte	0x17
 157 00f5 04       		.uleb128 0x4
 158 00f6 C2000000 		.4byte	.LASF34
 159 00fa 18       		.byte	0x18
 160 00fb 04       		.uleb128 0x4
 161 00fc 070F0000 		.4byte	.LASF35
 162 0100 19       		.byte	0x19
 163 0101 04       		.uleb128 0x4
 164 0102 C6060000 		.4byte	.LASF36
 165 0106 1A       		.byte	0x1a
 166 0107 04       		.uleb128 0x4
 167 0108 B9080000 		.4byte	.LASF37
 168 010c 1B       		.byte	0x1b
 169 010d 04       		.uleb128 0x4
 170 010e 960B0000 		.4byte	.LASF38
 171 0112 1C       		.byte	0x1c
ARM GAS  C:\Users\Lenovo\AppData\Local\Temp\ccD0rB9j.s 			page 4


 172 0113 04       		.uleb128 0x4
 173 0114 1C010000 		.4byte	.LASF39
 174 0118 1D       		.byte	0x1d
 175 0119 04       		.uleb128 0x4
 176 011a 6B030000 		.4byte	.LASF40
 177 011e 1E       		.byte	0x1e
 178 011f 04       		.uleb128 0x4
 179 0120 89050000 		.4byte	.LASF41
 180 0124 1F       		.byte	0x1f
 181 0125 04       		.uleb128 0x4
 182 0126 170D0000 		.4byte	.LASF42
 183 012a 20       		.byte	0x20
 184 012b 04       		.uleb128 0x4
 185 012c 580F0000 		.4byte	.LASF43
 186 0130 21       		.byte	0x21
 187 0131 04       		.uleb128 0x4
 188 0132 BE110000 		.4byte	.LASF44
 189 0136 22       		.byte	0x22
 190 0137 04       		.uleb128 0x4
 191 0138 E5100000 		.4byte	.LASF45
 192 013c 23       		.byte	0x23
 193 013d 04       		.uleb128 0x4
 194 013e 38010000 		.4byte	.LASF46
 195 0142 24       		.byte	0x24
 196 0143 04       		.uleb128 0x4
 197 0144 A3030000 		.4byte	.LASF47
 198 0148 25       		.byte	0x25
 199 0149 04       		.uleb128 0x4
 200 014a F0110000 		.4byte	.LASF48
 201 014e 26       		.byte	0x26
 202 014f 04       		.uleb128 0x4
 203 0150 4F0D0000 		.4byte	.LASF49
 204 0154 27       		.byte	0x27
 205 0155 04       		.uleb128 0x4
 206 0156 900F0000 		.4byte	.LASF50
 207 015a 28       		.byte	0x28
 208 015b 04       		.uleb128 0x4
 209 015c ED000000 		.4byte	.LASF51
 210 0160 29       		.byte	0x29
 211 0161 04       		.uleb128 0x4
 212 0162 F6040000 		.4byte	.LASF52
 213 0166 2A       		.byte	0x2a
 214 0167 04       		.uleb128 0x4
 215 0168 3B050000 		.4byte	.LASF53
 216 016c 2B       		.byte	0x2b
 217 016d 04       		.uleb128 0x4
 218 016e 220E0000 		.4byte	.LASF54
 219 0172 2C       		.byte	0x2c
 220 0173 04       		.uleb128 0x4
 221 0174 22090000 		.4byte	.LASF55
 222 0178 2D       		.byte	0x2d
 223 0179 04       		.uleb128 0x4
 224 017a 37000000 		.4byte	.LASF56
 225 017e 2E       		.byte	0x2e
 226 017f 04       		.uleb128 0x4
 227 0180 860E0000 		.4byte	.LASF57
 228 0184 2F       		.byte	0x2f
ARM GAS  C:\Users\Lenovo\AppData\Local\Temp\ccD0rB9j.s 			page 5


 229 0185 04       		.uleb128 0x4
 230 0186 AE040000 		.4byte	.LASF58
 231 018a 30       		.byte	0x30
 232 018b 04       		.uleb128 0x4
 233 018c F40E0000 		.4byte	.LASF59
 234 0190 31       		.byte	0x31
 235 0191 04       		.uleb128 0x4
 236 0192 5F100000 		.4byte	.LASF60
 237 0196 32       		.byte	0x32
 238 0197 04       		.uleb128 0x4
 239 0198 8F000000 		.4byte	.LASF61
 240 019c 33       		.byte	0x33
 241 019d 04       		.uleb128 0x4
 242 019e E5020000 		.4byte	.LASF62
 243 01a2 34       		.byte	0x34
 244 01a3 04       		.uleb128 0x4
 245 01a4 5C0A0000 		.4byte	.LASF63
 246 01a8 35       		.byte	0x35
 247 01a9 04       		.uleb128 0x4
 248 01aa FF030000 		.4byte	.LASF64
 249 01ae 36       		.byte	0x36
 250 01af 04       		.uleb128 0x4
 251 01b0 C60E0000 		.4byte	.LASF65
 252 01b4 37       		.byte	0x37
 253 01b5 04       		.uleb128 0x4
 254 01b6 72040000 		.4byte	.LASF66
 255 01ba 38       		.byte	0x38
 256 01bb 04       		.uleb128 0x4
 257 01bc 3F110000 		.4byte	.LASF67
 258 01c0 39       		.byte	0x39
 259 01c1 04       		.uleb128 0x4
 260 01c2 56080000 		.4byte	.LASF68
 261 01c6 3A       		.byte	0x3a
 262 01c7 04       		.uleb128 0x4
 263 01c8 2D0B0000 		.4byte	.LASF69
 264 01cc 3B       		.byte	0x3b
 265 01cd 04       		.uleb128 0x4
 266 01ce 82080000 		.4byte	.LASF70
 267 01d2 3C       		.byte	0x3c
 268 01d3 04       		.uleb128 0x4
 269 01d4 5F0B0000 		.4byte	.LASF71
 270 01d8 3D       		.byte	0x3d
 271 01d9 04       		.uleb128 0x4
 272 01da C50D0000 		.4byte	.LASF72
 273 01de 3E       		.byte	0x3e
 274 01df 04       		.uleb128 0x4
 275 01e0 53090000 		.4byte	.LASF73
 276 01e4 3F       		.byte	0x3f
 277 01e5 04       		.uleb128 0x4
 278 01e6 50050000 		.4byte	.LASF74
 279 01ea 40       		.byte	0x40
 280 01eb 04       		.uleb128 0x4
 281 01ec 32070000 		.4byte	.LASF75
 282 01f0 41       		.byte	0x41
 283 01f1 04       		.uleb128 0x4
 284 01f2 FA0A0000 		.4byte	.LASF76
 285 01f6 42       		.byte	0x42
ARM GAS  C:\Users\Lenovo\AppData\Local\Temp\ccD0rB9j.s 			page 6


 286 01f7 04       		.uleb128 0x4
 287 01f8 330D0000 		.4byte	.LASF77
 288 01fc 43       		.byte	0x43
 289 01fd 04       		.uleb128 0x4
 290 01fe 740F0000 		.4byte	.LASF78
 291 0202 44       		.byte	0x44
 292 0203 04       		.uleb128 0x4
 293 0204 550C0000 		.4byte	.LASF79
 294 0208 45       		.byte	0x45
 295 0209 04       		.uleb128 0x4
 296 020a E2060000 		.4byte	.LASF80
 297 020e 46       		.byte	0x46
 298 020f 04       		.uleb128 0x4
 299 0210 D5080000 		.4byte	.LASF81
 300 0214 47       		.byte	0x47
 301 0215 04       		.uleb128 0x4
 302 0216 16070000 		.4byte	.LASF82
 303 021a 48       		.byte	0x48
 304 021b 04       		.uleb128 0x4
 305 021c 87030000 		.4byte	.LASF83
 306 0220 49       		.byte	0x49
 307 0221 04       		.uleb128 0x4
 308 0222 C0030000 		.4byte	.LASF84
 309 0226 4A       		.byte	0x4a
 310 0227 04       		.uleb128 0x4
 311 0228 C9020000 		.4byte	.LASF85
 312 022c 4B       		.byte	0x4b
 313 022d 04       		.uleb128 0x4
 314 022e AD100000 		.4byte	.LASF86
 315 0232 4C       		.byte	0x4c
 316 0233 04       		.uleb128 0x4
 317 0234 8B0C0000 		.4byte	.LASF87
 318 0238 4D       		.byte	0x4d
 319 0239 04       		.uleb128 0x4
 320 023a 42100000 		.4byte	.LASF88
 321 023e 4E       		.byte	0x4e
 322 023f 04       		.uleb128 0x4
 323 0240 F3050000 		.4byte	.LASF89
 324 0244 4F       		.byte	0x4f
 325 0245 04       		.uleb128 0x4
 326 0246 AB070000 		.4byte	.LASF90
 327 024a 50       		.byte	0x50
 328 024b 04       		.uleb128 0x4
 329 024c 230A0000 		.4byte	.LASF91
 330 0250 51       		.byte	0x51
 331 0251 04       		.uleb128 0x4
 332 0252 6F060000 		.4byte	.LASF92
 333 0256 52       		.byte	0x52
 334 0257 04       		.uleb128 0x4
 335 0258 18080000 		.4byte	.LASF93
 336 025c 53       		.byte	0x53
 337 025d 04       		.uleb128 0x4
 338 025e 79020000 		.4byte	.LASF94
 339 0262 54       		.byte	0x54
 340 0263 04       		.uleb128 0x4
 341 0264 FE060000 		.4byte	.LASF95
 342 0268 55       		.byte	0x55
ARM GAS  C:\Users\Lenovo\AppData\Local\Temp\ccD0rB9j.s 			page 7


 343 0269 04       		.uleb128 0x4
 344 026a 82110000 		.4byte	.LASF96
 345 026e 56       		.byte	0x56
 346 026f 04       		.uleb128 0x4
 347 0270 CF010000 		.4byte	.LASF97
 348 0274 57       		.byte	0x57
 349 0275 04       		.uleb128 0x4
 350 0276 1A0C0000 		.4byte	.LASF98
 351 027a 58       		.byte	0x58
 352 027b 04       		.uleb128 0x4
 353 027c 8E040000 		.4byte	.LASF99
 354 0280 59       		.byte	0x59
 355 0281 04       		.uleb128 0x4
 356 0282 93100000 		.4byte	.LASF100
 357 0286 5A       		.byte	0x5a
 358 0287 04       		.uleb128 0x4
 359 0288 3E060000 		.4byte	.LASF101
 360 028c 5B       		.byte	0x5b
 361 028d 04       		.uleb128 0x4
 362 028e E3070000 		.4byte	.LASF102
 363 0292 5C       		.byte	0x5c
 364 0293 04       		.uleb128 0x4
 365 0294 AB0A0000 		.4byte	.LASF103
 366 0298 5D       		.byte	0x5d
 367 0299 04       		.uleb128 0x4
 368 029a 4C000000 		.4byte	.LASF104
 369 029e 5E       		.byte	0x5e
 370 029f 04       		.uleb128 0x4
 371 02a0 AF020000 		.4byte	.LASF105
 372 02a4 5F       		.byte	0x5f
 373 02a5 04       		.uleb128 0x4
 374 02a6 C3040000 		.4byte	.LASF106
 375 02aa 60       		.byte	0x60
 376 02ab 04       		.uleb128 0x4
 377 02ac 710C0000 		.4byte	.LASF107
 378 02b0 61       		.byte	0x61
 379 02b1 04       		.uleb128 0x4
 380 02b2 2E030000 		.4byte	.LASF108
 381 02b6 62       		.byte	0x62
 382 02b7 04       		.uleb128 0x4
 383 02b8 E00A0000 		.4byte	.LASF109
 384 02bc 63       		.byte	0x63
 385 02bd 04       		.uleb128 0x4
 386 02be ED0C0000 		.4byte	.LASF110
 387 02c2 64       		.byte	0x64
 388 02c3 04       		.uleb128 0x4
 389 02c4 3E0F0000 		.4byte	.LASF111
 390 02c8 65       		.byte	0x65
 391 02c9 04       		.uleb128 0x4
 392 02ca 68110000 		.4byte	.LASF112
 393 02ce 66       		.byte	0x66
 394 02cf 04       		.uleb128 0x4
 395 02d0 AC060000 		.4byte	.LASF113
 396 02d4 67       		.byte	0x67
 397 02d5 04       		.uleb128 0x4
 398 02d6 9F080000 		.4byte	.LASF114
 399 02da 68       		.byte	0x68
ARM GAS  C:\Users\Lenovo\AppData\Local\Temp\ccD0rB9j.s 			page 8


 400 02db 04       		.uleb128 0x4
 401 02dc 7C0B0000 		.4byte	.LASF115
 402 02e0 69       		.byte	0x69
 403 02e1 04       		.uleb128 0x4
 404 02e2 02010000 		.4byte	.LASF116
 405 02e6 6A       		.byte	0x6a
 406 02e7 04       		.uleb128 0x4
 407 02e8 51030000 		.4byte	.LASF117
 408 02ec 6B       		.byte	0x6b
 409 02ed 04       		.uleb128 0x4
 410 02ee 98010000 		.4byte	.LASF118
 411 02f2 6C       		.byte	0x6c
 412 02f3 04       		.uleb128 0x4
 413 02f4 E4030000 		.4byte	.LASF119
 414 02f8 6D       		.byte	0x6d
 415 02f9 04       		.uleb128 0x4
 416 02fa D8050000 		.4byte	.LASF120
 417 02fe 6E       		.byte	0x6e
 418 02ff 04       		.uleb128 0x4
 419 0300 FD070000 		.4byte	.LASF121
 420 0304 6F       		.byte	0x6f
 421 0305 04       		.uleb128 0x4
 422 0306 C30F0000 		.4byte	.LASF122
 423 030a 70       		.byte	0x70
 424 030b 04       		.uleb128 0x4
 425 030c 00000000 		.4byte	.LASF123
 426 0310 71       		.byte	0x71
 427 0311 04       		.uleb128 0x4
 428 0312 45020000 		.4byte	.LASF124
 429 0316 72       		.byte	0x72
 430 0317 04       		.uleb128 0x4
 431 0318 07090000 		.4byte	.LASF125
 432 031c 73       		.byte	0x73
 433 031d 04       		.uleb128 0x4
 434 031e 3A0C0000 		.4byte	.LASF126
 435 0322 74       		.byte	0x74
 436 0323 04       		.uleb128 0x4
 437 0324 6B0E0000 		.4byte	.LASF127
 438 0328 75       		.byte	0x75
 439 0329 04       		.uleb128 0x4
 440 032a C50A0000 		.4byte	.LASF128
 441 032e 76       		.byte	0x76
 442 032f 04       		.uleb128 0x4
 443 0330 C90C0000 		.4byte	.LASF129
 444 0334 77       		.byte	0x77
 445 0335 04       		.uleb128 0x4
 446 0336 230F0000 		.4byte	.LASF130
 447 033a 78       		.byte	0x78
 448 033b 04       		.uleb128 0x4
 449 033c C8070000 		.4byte	.LASF131
 450 0340 79       		.byte	0x79
 451 0341 04       		.uleb128 0x4
 452 0342 55010000 		.4byte	.LASF132
 453 0346 7A       		.byte	0x7a
 454 0347 04       		.uleb128 0x4
 455 0348 D7000000 		.4byte	.LASF133
 456 034c 7B       		.byte	0x7b
ARM GAS  C:\Users\Lenovo\AppData\Local\Temp\ccD0rB9j.s 			page 9


 457 034d 04       		.uleb128 0x4
 458 034e A5050000 		.4byte	.LASF134
 459 0352 7C       		.byte	0x7c
 460 0353 04       		.uleb128 0x4
 461 0354 6B070000 		.4byte	.LASF135
 462 0358 7D       		.byte	0x7d
 463 0359 04       		.uleb128 0x4
 464 035a AD0F0000 		.4byte	.LASF136
 465 035e 7E       		.byte	0x7e
 466 035f 04       		.uleb128 0x4
 467 0360 DA110000 		.4byte	.LASF137
 468 0364 7F       		.byte	0x7f
 469 0365 04       		.uleb128 0x4
 470 0366 24020000 		.4byte	.LASF138
 471 036a 80       		.byte	0x80
 472 036b 04       		.uleb128 0x4
 473 036c F1080000 		.4byte	.LASF139
 474 0370 81       		.byte	0x81
 475 0371 04       		.uleb128 0x4
 476 0372 E90B0000 		.4byte	.LASF140
 477 0376 82       		.byte	0x82
 478 0377 04       		.uleb128 0x4
 479 0378 370E0000 		.4byte	.LASF141
 480 037c 83       		.byte	0x83
 481 037d 04       		.uleb128 0x4
 482 037e 3F080000 		.4byte	.LASF142
 483 0382 84       		.byte	0x84
 484 0383 04       		.uleb128 0x4
 485 0384 160B0000 		.4byte	.LASF143
 486 0388 85       		.byte	0x85
 487 0389 04       		.uleb128 0x4
 488 038a AB000000 		.4byte	.LASF144
 489 038e 86       		.byte	0x86
 490 038f 04       		.uleb128 0x4
 491 0390 01030000 		.4byte	.LASF145
 492 0394 87       		.byte	0x87
 493 0395 04       		.uleb128 0x4
 494 0396 0B050000 		.4byte	.LASF146
 495 039a 88       		.byte	0x88
 496 039b 04       		.uleb128 0x4
 497 039c A80C0000 		.4byte	.LASF147
 498 03a0 89       		.byte	0x89
 499 03a1 04       		.uleb128 0x4
 500 03a2 FE0D0000 		.4byte	.LASF148
 501 03a6 8A       		.byte	0x8a
 502 03a7 04       		.uleb128 0x4
 503 03a8 57040000 		.4byte	.LASF149
 504 03ac 8B       		.byte	0x8b
 505 03ad 04       		.uleb128 0x4
 506 03ae 6C0D0000 		.4byte	.LASF150
 507 03b2 8C       		.byte	0x8c
 508 03b3 04       		.uleb128 0x4
 509 03b4 2B100000 		.4byte	.LASF151
 510 03b8 8D       		.byte	0x8d
 511 03b9 04       		.uleb128 0x4
 512 03ba FA0F0000 		.4byte	.LASF152
 513 03be 8E       		.byte	0x8e
ARM GAS  C:\Users\Lenovo\AppData\Local\Temp\ccD0rB9j.s 			page 10


 514 03bf 04       		.uleb128 0x4
 515 03c0 400A0000 		.4byte	.LASF153
 516 03c4 8F       		.byte	0x8f
 517 03c5 04       		.uleb128 0x4
 518 03c6 58060000 		.4byte	.LASF154
 519 03ca 90       		.byte	0x90
 520 03cb 04       		.uleb128 0x4
 521 03cc 82010000 		.4byte	.LASF155
 522 03d0 91       		.byte	0x91
 523 03d1 04       		.uleb128 0x4
 524 03d2 0B020000 		.4byte	.LASF156
 525 03d6 92       		.byte	0x92
 526 03d7 04       		.uleb128 0x4
 527 03d8 FF0B0000 		.4byte	.LASF157
 528 03dc F0       		.byte	0xf0
 529 03dd 00       		.byte	0
 530 03de 05       		.uleb128 0x5
 531 03df 02       		.byte	0x2
 532 03e0 05       		.byte	0x5
 533 03e1 100C0000 		.4byte	.LASF158
 534 03e5 06       		.uleb128 0x6
 535 03e6 BF0C0000 		.4byte	.LASF162
 536 03ea 01       		.byte	0x1
 537 03eb F4       		.byte	0xf4
 538 03ec 1D000000 		.4byte	0x1d
 539 03f0 05       		.uleb128 0x5
 540 03f1 01       		.byte	0x1
 541 03f2 06       		.byte	0x6
 542 03f3 A3020000 		.4byte	.LASF159
 543 03f7 05       		.uleb128 0x5
 544 03f8 01       		.byte	0x1
 545 03f9 08       		.byte	0x8
 546 03fa 510B0000 		.4byte	.LASF160
 547 03fe 05       		.uleb128 0x5
 548 03ff 02       		.byte	0x2
 549 0400 07       		.byte	0x7
 550 0401 99060000 		.4byte	.LASF161
 551 0405 06       		.uleb128 0x6
 552 0406 610E0000 		.4byte	.LASF163
 553 040a 02       		.byte	0x2
 554 040b 3F       		.byte	0x3f
 555 040c 10040000 		.4byte	0x410
 556 0410 05       		.uleb128 0x5
 557 0411 04       		.byte	0x4
 558 0412 05       		.byte	0x5
 559 0413 48030000 		.4byte	.LASF164
 560 0417 06       		.uleb128 0x6
 561 0418 DD040000 		.4byte	.LASF165
 562 041c 02       		.byte	0x2
 563 041d 41       		.byte	0x41
 564 041e 22040000 		.4byte	0x422
 565 0422 05       		.uleb128 0x5
 566 0423 04       		.byte	0x4
 567 0424 07       		.byte	0x7
 568 0425 10060000 		.4byte	.LASF166
 569 0429 05       		.uleb128 0x5
 570 042a 08       		.byte	0x8
ARM GAS  C:\Users\Lenovo\AppData\Local\Temp\ccD0rB9j.s 			page 11


 571 042b 05       		.byte	0x5
 572 042c 95020000 		.4byte	.LASF167
 573 0430 05       		.uleb128 0x5
 574 0431 08       		.byte	0x8
 575 0432 07       		.byte	0x7
 576 0433 6B010000 		.4byte	.LASF168
 577 0437 07       		.uleb128 0x7
 578 0438 04       		.byte	0x4
 579 0439 05       		.byte	0x5
 580 043a 696E7400 		.ascii	"int\000"
 581 043e 05       		.uleb128 0x5
 582 043f 04       		.byte	0x4
 583 0440 07       		.byte	0x7
 584 0441 BF0B0000 		.4byte	.LASF169
 585 0445 06       		.uleb128 0x6
 586 0446 490B0000 		.4byte	.LASF170
 587 044a 03       		.byte	0x3
 588 044b 2C       		.byte	0x2c
 589 044c 05040000 		.4byte	0x405
 590 0450 06       		.uleb128 0x6
 591 0451 E40C0000 		.4byte	.LASF171
 592 0455 03       		.byte	0x3
 593 0456 30       		.byte	0x30
 594 0457 17040000 		.4byte	0x417
 595 045b 05       		.uleb128 0x5
 596 045c 04       		.byte	0x4
 597 045d 07       		.byte	0x7
 598 045e 36080000 		.4byte	.LASF172
 599 0462 05       		.uleb128 0x5
 600 0463 08       		.byte	0x8
 601 0464 04       		.byte	0x4
 602 0465 870D0000 		.4byte	.LASF173
 603 0469 05       		.uleb128 0x5
 604 046a 01       		.byte	0x1
 605 046b 08       		.byte	0x8
 606 046c 930D0000 		.4byte	.LASF174
 607 0470 05       		.uleb128 0x5
 608 0471 04       		.byte	0x4
 609 0472 04       		.byte	0x4
 610 0473 560A0000 		.4byte	.LASF175
 611 0477 05       		.uleb128 0x5
 612 0478 08       		.byte	0x8
 613 0479 04       		.byte	0x4
 614 047a 50040000 		.4byte	.LASF176
 615 047e 08       		.uleb128 0x8
 616 047f 08       		.byte	0x8
 617 0480 04       		.byte	0x4
 618 0481 EB       		.byte	0xeb
 619 0482 9F040000 		.4byte	0x49f
 620 0486 09       		.uleb128 0x9
 621 0487 DC030000 		.4byte	.LASF177
 622 048b 04       		.byte	0x4
 623 048c EC       		.byte	0xec
 624 048d E5030000 		.4byte	0x3e5
 625 0491 00       		.byte	0
 626 0492 09       		.uleb128 0x9
 627 0493 5B110000 		.4byte	.LASF178
ARM GAS  C:\Users\Lenovo\AppData\Local\Temp\ccD0rB9j.s 			page 12


 628 0497 04       		.byte	0x4
 629 0498 F0       		.byte	0xf0
 630 0499 50040000 		.4byte	0x450
 631 049d 04       		.byte	0x4
 632 049e 00       		.byte	0
 633 049f 06       		.uleb128 0x6
 634 04a0 72080000 		.4byte	.LASF179
 635 04a4 04       		.byte	0x4
 636 04a5 F1       		.byte	0xf1
 637 04a6 7E040000 		.4byte	0x47e
 638 04aa 0A       		.uleb128 0xa
 639 04ab B20B0000 		.4byte	.LASF180
 640 04af 05       		.byte	0x5
 641 04b0 EA07     		.2byte	0x7ea
 642 04b2 B6040000 		.4byte	0x4b6
 643 04b6 0B       		.uleb128 0xb
 644 04b7 45040000 		.4byte	0x445
 645 04bb 0C       		.uleb128 0xc
 646 04bc 60020000 		.4byte	.LASF181
 647 04c0 06       		.byte	0x6
 648 04c1 18       		.byte	0x18
 649 04c2 CC040000 		.4byte	0x4cc
 650 04c6 05       		.uleb128 0x5
 651 04c7 03       		.byte	0x3
 652 04c8 00000000 		.4byte	CY_EINK_SPIM_SCB_IRQ_cfg
 653 04cc 0D       		.uleb128 0xd
 654 04cd 9F040000 		.4byte	0x49f
 655 04d1 00       		.byte	0
 656              		.section	.debug_abbrev,"",%progbits
 657              	.Ldebug_abbrev0:
 658 0000 01       		.uleb128 0x1
 659 0001 11       		.uleb128 0x11
 660 0002 01       		.byte	0x1
 661 0003 25       		.uleb128 0x25
 662 0004 0E       		.uleb128 0xe
 663 0005 13       		.uleb128 0x13
 664 0006 0B       		.uleb128 0xb
 665 0007 03       		.uleb128 0x3
 666 0008 0E       		.uleb128 0xe
 667 0009 1B       		.uleb128 0x1b
 668 000a 0E       		.uleb128 0xe
 669 000b 10       		.uleb128 0x10
 670 000c 17       		.uleb128 0x17
 671 000d 00       		.byte	0
 672 000e 00       		.byte	0
 673 000f 02       		.uleb128 0x2
 674 0010 04       		.uleb128 0x4
 675 0011 01       		.byte	0x1
 676 0012 0B       		.uleb128 0xb
 677 0013 0B       		.uleb128 0xb
 678 0014 49       		.uleb128 0x49
 679 0015 13       		.uleb128 0x13
 680 0016 3A       		.uleb128 0x3a
 681 0017 0B       		.uleb128 0xb
 682 0018 3B       		.uleb128 0x3b
 683 0019 0B       		.uleb128 0xb
 684 001a 01       		.uleb128 0x1
ARM GAS  C:\Users\Lenovo\AppData\Local\Temp\ccD0rB9j.s 			page 13


 685 001b 13       		.uleb128 0x13
 686 001c 00       		.byte	0
 687 001d 00       		.byte	0
 688 001e 03       		.uleb128 0x3
 689 001f 28       		.uleb128 0x28
 690 0020 00       		.byte	0
 691 0021 03       		.uleb128 0x3
 692 0022 0E       		.uleb128 0xe
 693 0023 1C       		.uleb128 0x1c
 694 0024 0D       		.uleb128 0xd
 695 0025 00       		.byte	0
 696 0026 00       		.byte	0
 697 0027 04       		.uleb128 0x4
 698 0028 28       		.uleb128 0x28
 699 0029 00       		.byte	0
 700 002a 03       		.uleb128 0x3
 701 002b 0E       		.uleb128 0xe
 702 002c 1C       		.uleb128 0x1c
 703 002d 0B       		.uleb128 0xb
 704 002e 00       		.byte	0
 705 002f 00       		.byte	0
 706 0030 05       		.uleb128 0x5
 707 0031 24       		.uleb128 0x24
 708 0032 00       		.byte	0
 709 0033 0B       		.uleb128 0xb
 710 0034 0B       		.uleb128 0xb
 711 0035 3E       		.uleb128 0x3e
 712 0036 0B       		.uleb128 0xb
 713 0037 03       		.uleb128 0x3
 714 0038 0E       		.uleb128 0xe
 715 0039 00       		.byte	0
 716 003a 00       		.byte	0
 717 003b 06       		.uleb128 0x6
 718 003c 16       		.uleb128 0x16
 719 003d 00       		.byte	0
 720 003e 03       		.uleb128 0x3
 721 003f 0E       		.uleb128 0xe
 722 0040 3A       		.uleb128 0x3a
 723 0041 0B       		.uleb128 0xb
 724 0042 3B       		.uleb128 0x3b
 725 0043 0B       		.uleb128 0xb
 726 0044 49       		.uleb128 0x49
 727 0045 13       		.uleb128 0x13
 728 0046 00       		.byte	0
 729 0047 00       		.byte	0
 730 0048 07       		.uleb128 0x7
 731 0049 24       		.uleb128 0x24
 732 004a 00       		.byte	0
 733 004b 0B       		.uleb128 0xb
 734 004c 0B       		.uleb128 0xb
 735 004d 3E       		.uleb128 0x3e
 736 004e 0B       		.uleb128 0xb
 737 004f 03       		.uleb128 0x3
 738 0050 08       		.uleb128 0x8
 739 0051 00       		.byte	0
 740 0052 00       		.byte	0
 741 0053 08       		.uleb128 0x8
ARM GAS  C:\Users\Lenovo\AppData\Local\Temp\ccD0rB9j.s 			page 14


 742 0054 13       		.uleb128 0x13
 743 0055 01       		.byte	0x1
 744 0056 0B       		.uleb128 0xb
 745 0057 0B       		.uleb128 0xb
 746 0058 3A       		.uleb128 0x3a
 747 0059 0B       		.uleb128 0xb
 748 005a 3B       		.uleb128 0x3b
 749 005b 0B       		.uleb128 0xb
 750 005c 01       		.uleb128 0x1
 751 005d 13       		.uleb128 0x13
 752 005e 00       		.byte	0
 753 005f 00       		.byte	0
 754 0060 09       		.uleb128 0x9
 755 0061 0D       		.uleb128 0xd
 756 0062 00       		.byte	0
 757 0063 03       		.uleb128 0x3
 758 0064 0E       		.uleb128 0xe
 759 0065 3A       		.uleb128 0x3a
 760 0066 0B       		.uleb128 0xb
 761 0067 3B       		.uleb128 0x3b
 762 0068 0B       		.uleb128 0xb
 763 0069 49       		.uleb128 0x49
 764 006a 13       		.uleb128 0x13
 765 006b 38       		.uleb128 0x38
 766 006c 0B       		.uleb128 0xb
 767 006d 00       		.byte	0
 768 006e 00       		.byte	0
 769 006f 0A       		.uleb128 0xa
 770 0070 34       		.uleb128 0x34
 771 0071 00       		.byte	0
 772 0072 03       		.uleb128 0x3
 773 0073 0E       		.uleb128 0xe
 774 0074 3A       		.uleb128 0x3a
 775 0075 0B       		.uleb128 0xb
 776 0076 3B       		.uleb128 0x3b
 777 0077 05       		.uleb128 0x5
 778 0078 49       		.uleb128 0x49
 779 0079 13       		.uleb128 0x13
 780 007a 3F       		.uleb128 0x3f
 781 007b 19       		.uleb128 0x19
 782 007c 3C       		.uleb128 0x3c
 783 007d 19       		.uleb128 0x19
 784 007e 00       		.byte	0
 785 007f 00       		.byte	0
 786 0080 0B       		.uleb128 0xb
 787 0081 35       		.uleb128 0x35
 788 0082 00       		.byte	0
 789 0083 49       		.uleb128 0x49
 790 0084 13       		.uleb128 0x13
 791 0085 00       		.byte	0
 792 0086 00       		.byte	0
 793 0087 0C       		.uleb128 0xc
 794 0088 34       		.uleb128 0x34
 795 0089 00       		.byte	0
 796 008a 03       		.uleb128 0x3
 797 008b 0E       		.uleb128 0xe
 798 008c 3A       		.uleb128 0x3a
ARM GAS  C:\Users\Lenovo\AppData\Local\Temp\ccD0rB9j.s 			page 15


 799 008d 0B       		.uleb128 0xb
 800 008e 3B       		.uleb128 0x3b
 801 008f 0B       		.uleb128 0xb
 802 0090 49       		.uleb128 0x49
 803 0091 13       		.uleb128 0x13
 804 0092 3F       		.uleb128 0x3f
 805 0093 19       		.uleb128 0x19
 806 0094 02       		.uleb128 0x2
 807 0095 18       		.uleb128 0x18
 808 0096 00       		.byte	0
 809 0097 00       		.byte	0
 810 0098 0D       		.uleb128 0xd
 811 0099 26       		.uleb128 0x26
 812 009a 00       		.byte	0
 813 009b 49       		.uleb128 0x49
 814 009c 13       		.uleb128 0x13
 815 009d 00       		.byte	0
 816 009e 00       		.byte	0
 817 009f 00       		.byte	0
 818              		.section	.debug_aranges,"",%progbits
 819 0000 14000000 		.4byte	0x14
 820 0004 0200     		.2byte	0x2
 821 0006 00000000 		.4byte	.Ldebug_info0
 822 000a 04       		.byte	0x4
 823 000b 00       		.byte	0
 824 000c 0000     		.2byte	0
 825 000e 0000     		.2byte	0
 826 0010 00000000 		.4byte	0
 827 0014 00000000 		.4byte	0
 828              		.section	.debug_line,"",%progbits
 829              	.Ldebug_line0:
 830 0000 D8010000 		.section	.debug_str,"MS",%progbits,1
 830      0200D201 
 830      00000201 
 830      FB0E0D00 
 830      01010101 
 831              	.LASF123:
 832 0000 74637077 		.ascii	"tcpwm_1_interrupts_15_IRQn\000"
 832      6D5F315F 
 832      696E7465 
 832      72727570 
 832      74735F31 
 833              	.LASF12:
 834 001b 696F7373 		.ascii	"ioss_interrupts_gpio_2_IRQn\000"
 834      5F696E74 
 834      65727275 
 834      7074735F 
 834      6770696F 
 835              	.LASF56:
 836 0037 7363625F 		.ascii	"scb_5_interrupt_IRQn\000"
 836      355F696E 
 836      74657272 
 836      7570745F 
 836      4952516E 
 837              	.LASF104:
 838 004c 74637077 		.ascii	"tcpwm_0_interrupts_4_IRQn\000"
 838      6D5F305F 
ARM GAS  C:\Users\Lenovo\AppData\Local\Temp\ccD0rB9j.s 			page 16


 838      696E7465 
 838      72727570 
 838      74735F34 
 839              	.LASF32:
 840 0066 73727373 		.ascii	"srss_interrupt_IRQn\000"
 840      5F696E74 
 840      65727275 
 840      70745F49 
 840      52516E00 
 841              	.LASF28:
 842 007a 7363625F 		.ascii	"scb_8_interrupt_IRQn\000"
 842      385F696E 
 842      74657272 
 842      7570745F 
 842      4952516E 
 843              	.LASF61:
 844 008f 63707573 		.ascii	"cpuss_interrupts_dw0_1_IRQn\000"
 844      735F696E 
 844      74657272 
 844      75707473 
 844      5F647730 
 845              	.LASF144:
 846 00ab 7564625F 		.ascii	"udb_interrupts_12_IRQn\000"
 846      696E7465 
 846      72727570 
 846      74735F31 
 846      325F4952 
 847              	.LASF34:
 848 00c2 626C6573 		.ascii	"bless_interrupt_IRQn\000"
 848      735F696E 
 848      74657272 
 848      7570745F 
 848      4952516E 
 849              	.LASF133:
 850 00d7 7564625F 		.ascii	"udb_interrupts_1_IRQn\000"
 850      696E7465 
 850      72727570 
 850      74735F31 
 850      5F495251 
 851              	.LASF51:
 852 00ed 7363625F 		.ascii	"scb_0_interrupt_IRQn\000"
 852      305F696E 
 852      74657272 
 852      7570745F 
 852      4952516E 
 853              	.LASF116:
 854 0102 74637077 		.ascii	"tcpwm_1_interrupts_8_IRQn\000"
 854      6D5F315F 
 854      696E7465 
 854      72727570 
 854      74735F38 
 855              	.LASF39:
 856 011c 63707573 		.ascii	"cpuss_interrupts_ipc_4_IRQn\000"
 856      735F696E 
 856      74657272 
 856      75707473 
 856      5F697063 
ARM GAS  C:\Users\Lenovo\AppData\Local\Temp\ccD0rB9j.s 			page 17


 857              	.LASF46:
 858 0138 63707573 		.ascii	"cpuss_interrupts_ipc_11_IRQn\000"
 858      735F696E 
 858      74657272 
 858      75707473 
 858      5F697063 
 859              	.LASF132:
 860 0155 7564625F 		.ascii	"udb_interrupts_0_IRQn\000"
 860      696E7465 
 860      72727570 
 860      74735F30 
 860      5F495251 
 861              	.LASF168:
 862 016b 6C6F6E67 		.ascii	"long long unsigned int\000"
 862      206C6F6E 
 862      6720756E 
 862      7369676E 
 862      65642069 
 863              	.LASF155:
 864 0182 7573625F 		.ascii	"usb_interrupt_lo_IRQn\000"
 864      696E7465 
 864      72727570 
 864      745F6C6F 
 864      5F495251 
 865              	.LASF118:
 866 0198 74637077 		.ascii	"tcpwm_1_interrupts_10_IRQn\000"
 866      6D5F315F 
 866      696E7465 
 866      72727570 
 866      74735F31 
 867              	.LASF10:
 868 01b3 696F7373 		.ascii	"ioss_interrupts_gpio_0_IRQn\000"
 868      5F696E74 
 868      65727275 
 868      7074735F 
 868      6770696F 
 869              	.LASF97:
 870 01cf 63707573 		.ascii	"cpuss_interrupts_cm0_cti_1_IRQn\000"
 870      735F696E 
 870      74657272 
 870      75707473 
 870      5F636D30 
 871              	.LASF19:
 872 01ef 696F7373 		.ascii	"ioss_interrupts_gpio_9_IRQn\000"
 872      5F696E74 
 872      65727275 
 872      7074735F 
 872      6770696F 
 873              	.LASF156:
 874 020b 70617373 		.ascii	"pass_interrupt_dacs_IRQn\000"
 874      5F696E74 
 874      65727275 
 874      70745F64 
 874      6163735F 
 875              	.LASF138:
 876 0224 7564625F 		.ascii	"udb_interrupts_6_IRQn\000"
 876      696E7465 
ARM GAS  C:\Users\Lenovo\AppData\Local\Temp\ccD0rB9j.s 			page 18


 876      72727570 
 876      74735F36 
 876      5F495251 
 877              	.LASF0:
 878 023a 52657365 		.ascii	"Reset_IRQn\000"
 878      745F4952 
 878      516E00
 879              	.LASF124:
 880 0245 74637077 		.ascii	"tcpwm_1_interrupts_16_IRQn\000"
 880      6D5F315F 
 880      696E7465 
 880      72727570 
 880      74735F31 
 881              	.LASF181:
 882 0260 43595F45 		.ascii	"CY_EINK_SPIM_SCB_IRQ_cfg\000"
 882      494E4B5F 
 882      5350494D 
 882      5F534342 
 882      5F495251 
 883              	.LASF94:
 884 0279 63707573 		.ascii	"cpuss_interrupt_crypto_IRQn\000"
 884      735F696E 
 884      74657272 
 884      7570745F 
 884      63727970 
 885              	.LASF167:
 886 0295 6C6F6E67 		.ascii	"long long int\000"
 886      206C6F6E 
 886      6720696E 
 886      7400
 887              	.LASF159:
 888 02a3 7369676E 		.ascii	"signed char\000"
 888      65642063 
 888      68617200 
 889              	.LASF105:
 890 02af 74637077 		.ascii	"tcpwm_0_interrupts_5_IRQn\000"
 890      6D5F305F 
 890      696E7465 
 890      72727570 
 890      74735F35 
 891              	.LASF85:
 892 02c9 63707573 		.ascii	"cpuss_interrupts_dw1_9_IRQn\000"
 892      735F696E 
 892      74657272 
 892      75707473 
 892      5F647731 
 893              	.LASF62:
 894 02e5 63707573 		.ascii	"cpuss_interrupts_dw0_2_IRQn\000"
 894      735F696E 
 894      74657272 
 894      75707473 
 894      5F647730 
 895              	.LASF145:
 896 0301 7564625F 		.ascii	"udb_interrupts_13_IRQn\000"
 896      696E7465 
 896      72727570 
 896      74735F31 
ARM GAS  C:\Users\Lenovo\AppData\Local\Temp\ccD0rB9j.s 			page 19


 896      335F4952 
 897              	.LASF27:
 898 0318 6C70636F 		.ascii	"lpcomp_interrupt_IRQn\000"
 898      6D705F69 
 898      6E746572 
 898      72757074 
 898      5F495251 
 899              	.LASF108:
 900 032e 74637077 		.ascii	"tcpwm_1_interrupts_0_IRQn\000"
 900      6D5F315F 
 900      696E7465 
 900      72727570 
 900      74735F30 
 901              	.LASF164:
 902 0348 6C6F6E67 		.ascii	"long int\000"
 902      20696E74 
 902      00
 903              	.LASF117:
 904 0351 74637077 		.ascii	"tcpwm_1_interrupts_9_IRQn\000"
 904      6D5F315F 
 904      696E7465 
 904      72727570 
 904      74735F39 
 905              	.LASF40:
 906 036b 63707573 		.ascii	"cpuss_interrupts_ipc_5_IRQn\000"
 906      735F696E 
 906      74657272 
 906      75707473 
 906      5F697063 
 907              	.LASF83:
 908 0387 63707573 		.ascii	"cpuss_interrupts_dw1_7_IRQn\000"
 908      735F696E 
 908      74657272 
 908      75707473 
 908      5F647731 
 909              	.LASF47:
 910 03a3 63707573 		.ascii	"cpuss_interrupts_ipc_12_IRQn\000"
 910      735F696E 
 910      74657272 
 910      75707473 
 910      5F697063 
 911              	.LASF84:
 912 03c0 63707573 		.ascii	"cpuss_interrupts_dw1_8_IRQn\000"
 912      735F696E 
 912      74657272 
 912      75707473 
 912      5F647731 
 913              	.LASF177:
 914 03dc 696E7472 		.ascii	"intrSrc\000"
 914      53726300 
 915              	.LASF119:
 916 03e4 74637077 		.ascii	"tcpwm_1_interrupts_11_IRQn\000"
 916      6D5F315F 
 916      696E7465 
 916      72727570 
 916      74735F31 
 917              	.LASF64:
ARM GAS  C:\Users\Lenovo\AppData\Local\Temp\ccD0rB9j.s 			page 20


 918 03ff 63707573 		.ascii	"cpuss_interrupts_dw0_4_IRQn\000"
 918      735F696E 
 918      74657272 
 918      75707473 
 918      5F647730 
 919              	.LASF25:
 920 041b 696F7373 		.ascii	"ioss_interrupt_gpio_IRQn\000"
 920      5F696E74 
 920      65727275 
 920      70745F67 
 920      70696F5F 
 921              	.LASF29:
 922 0434 73727373 		.ascii	"srss_interrupt_mcwdt_0_IRQn\000"
 922      5F696E74 
 922      65727275 
 922      70745F6D 
 922      63776474 
 923              	.LASF176:
 924 0450 646F7562 		.ascii	"double\000"
 924      6C6500
 925              	.LASF149:
 926 0457 61756469 		.ascii	"audioss_interrupt_i2s_IRQn\000"
 926      6F73735F 
 926      696E7465 
 926      72727570 
 926      745F6932 
 927              	.LASF66:
 928 0472 63707573 		.ascii	"cpuss_interrupts_dw0_6_IRQn\000"
 928      735F696E 
 928      74657272 
 928      75707473 
 928      5F647730 
 929              	.LASF99:
 930 048e 63707573 		.ascii	"cpuss_interrupts_cm4_cti_1_IRQn\000"
 930      735F696E 
 930      74657272 
 930      75707473 
 930      5F636D34 
 931              	.LASF58:
 932 04ae 7363625F 		.ascii	"scb_7_interrupt_IRQn\000"
 932      375F696E 
 932      74657272 
 932      7570745F 
 932      4952516E 
 933              	.LASF106:
 934 04c3 74637077 		.ascii	"tcpwm_0_interrupts_6_IRQn\000"
 934      6D5F305F 
 934      696E7465 
 934      72727570 
 934      74735F36 
 935              	.LASF165:
 936 04dd 5F5F7569 		.ascii	"__uint32_t\000"
 936      6E743332 
 936      5F7400
 937              	.LASF4:
 938 04e8 42757346 		.ascii	"BusFault_IRQn\000"
 938      61756C74 
ARM GAS  C:\Users\Lenovo\AppData\Local\Temp\ccD0rB9j.s 			page 21


 938      5F495251 
 938      6E00
 939              	.LASF52:
 940 04f6 7363625F 		.ascii	"scb_1_interrupt_IRQn\000"
 940      315F696E 
 940      74657272 
 940      7570745F 
 940      4952516E 
 941              	.LASF146:
 942 050b 7564625F 		.ascii	"udb_interrupts_14_IRQn\000"
 942      696E7465 
 942      72727570 
 942      74735F31 
 942      345F4952 
 943              	.LASF33:
 944 0522 70617373 		.ascii	"pass_interrupt_ctbs_IRQn\000"
 944      5F696E74 
 944      65727275 
 944      70745F63 
 944      7462735F 
 945              	.LASF53:
 946 053b 7363625F 		.ascii	"scb_2_interrupt_IRQn\000"
 946      325F696E 
 946      74657272 
 946      7570745F 
 946      4952516E 
 947              	.LASF74:
 948 0550 63707573 		.ascii	"cpuss_interrupts_dw0_14_IRQn\000"
 948      735F696E 
 948      74657272 
 948      75707473 
 948      5F647730 
 949              	.LASF15:
 950 056d 696F7373 		.ascii	"ioss_interrupts_gpio_5_IRQn\000"
 950      5F696E74 
 950      65727275 
 950      7074735F 
 950      6770696F 
 951              	.LASF41:
 952 0589 63707573 		.ascii	"cpuss_interrupts_ipc_6_IRQn\000"
 952      735F696E 
 952      74657272 
 952      75707473 
 952      5F697063 
 953              	.LASF134:
 954 05a5 7564625F 		.ascii	"udb_interrupts_2_IRQn\000"
 954      696E7465 
 954      72727570 
 954      74735F32 
 954      5F495251 
 955              	.LASF23:
 956 05bb 696F7373 		.ascii	"ioss_interrupts_gpio_13_IRQn\000"
 956      5F696E74 
 956      65727275 
 956      7074735F 
 956      6770696F 
 957              	.LASF120:
ARM GAS  C:\Users\Lenovo\AppData\Local\Temp\ccD0rB9j.s 			page 22


 958 05d8 74637077 		.ascii	"tcpwm_1_interrupts_12_IRQn\000"
 958      6D5F315F 
 958      696E7465 
 958      72727570 
 958      74735F31 
 959              	.LASF89:
 960 05f3 63707573 		.ascii	"cpuss_interrupts_dw1_13_IRQn\000"
 960      735F696E 
 960      74657272 
 960      75707473 
 960      5F647731 
 961              	.LASF166:
 962 0610 6C6F6E67 		.ascii	"long unsigned int\000"
 962      20756E73 
 962      69676E65 
 962      6420696E 
 962      7400
 963              	.LASF30:
 964 0622 73727373 		.ascii	"srss_interrupt_mcwdt_1_IRQn\000"
 964      5F696E74 
 964      65727275 
 964      70745F6D 
 964      63776474 
 965              	.LASF101:
 966 063e 74637077 		.ascii	"tcpwm_0_interrupts_1_IRQn\000"
 966      6D5F305F 
 966      696E7465 
 966      72727570 
 966      74735F31 
 967              	.LASF154:
 968 0658 7573625F 		.ascii	"usb_interrupt_med_IRQn\000"
 968      696E7465 
 968      72727570 
 968      745F6D65 
 968      645F4952 
 969              	.LASF92:
 970 066f 63707573 		.ascii	"cpuss_interrupts_fault_0_IRQn\000"
 970      735F696E 
 970      74657272 
 970      75707473 
 970      5F666175 
 971              	.LASF6:
 972 068d 53564361 		.ascii	"SVCall_IRQn\000"
 972      6C6C5F49 
 972      52516E00 
 973              	.LASF161:
 974 0699 73686F72 		.ascii	"short unsigned int\000"
 974      7420756E 
 974      7369676E 
 974      65642069 
 974      6E7400
 975              	.LASF113:
 976 06ac 74637077 		.ascii	"tcpwm_1_interrupts_5_IRQn\000"
 976      6D5F315F 
 976      696E7465 
 976      72727570 
 976      74735F35 
ARM GAS  C:\Users\Lenovo\AppData\Local\Temp\ccD0rB9j.s 			page 23


 977              	.LASF36:
 978 06c6 63707573 		.ascii	"cpuss_interrupts_ipc_1_IRQn\000"
 978      735F696E 
 978      74657272 
 978      75707473 
 978      5F697063 
 979              	.LASF80:
 980 06e2 63707573 		.ascii	"cpuss_interrupts_dw1_4_IRQn\000"
 980      735F696E 
 980      74657272 
 980      75707473 
 980      5F647731 
 981              	.LASF95:
 982 06fe 63707573 		.ascii	"cpuss_interrupt_fm_IRQn\000"
 982      735F696E 
 982      74657272 
 982      7570745F 
 982      666D5F49 
 983              	.LASF82:
 984 0716 63707573 		.ascii	"cpuss_interrupts_dw1_6_IRQn\000"
 984      735F696E 
 984      74657272 
 984      75707473 
 984      5F647731 
 985              	.LASF75:
 986 0732 63707573 		.ascii	"cpuss_interrupts_dw0_15_IRQn\000"
 986      735F696E 
 986      74657272 
 986      75707473 
 986      5F647730 
 987              	.LASF16:
 988 074f 696F7373 		.ascii	"ioss_interrupts_gpio_6_IRQn\000"
 988      5F696E74 
 988      65727275 
 988      7074735F 
 988      6770696F 
 989              	.LASF135:
 990 076b 7564625F 		.ascii	"udb_interrupts_3_IRQn\000"
 990      696E7465 
 990      72727570 
 990      74735F33 
 990      5F495251 
 991              	.LASF24:
 992 0781 696F7373 		.ascii	"ioss_interrupts_gpio_14_IRQn\000"
 992      5F696E74 
 992      65727275 
 992      7074735F 
 992      6770696F 
 993              	.LASF9:
 994 079e 53797354 		.ascii	"SysTick_IRQn\000"
 994      69636B5F 
 994      4952516E 
 994      00
 995              	.LASF90:
 996 07ab 63707573 		.ascii	"cpuss_interrupts_dw1_14_IRQn\000"
 996      735F696E 
 996      74657272 
ARM GAS  C:\Users\Lenovo\AppData\Local\Temp\ccD0rB9j.s 			page 24


 996      75707473 
 996      5F647731 
 997              	.LASF131:
 998 07c8 74637077 		.ascii	"tcpwm_1_interrupts_23_IRQn\000"
 998      6D5F315F 
 998      696E7465 
 998      72727570 
 998      74735F32 
 999              	.LASF102:
 1000 07e3 74637077 		.ascii	"tcpwm_0_interrupts_2_IRQn\000"
 1000      6D5F305F 
 1000      696E7465 
 1000      72727570 
 1000      74735F32 
 1001              	.LASF121:
 1002 07fd 74637077 		.ascii	"tcpwm_1_interrupts_13_IRQn\000"
 1002      6D5F315F 
 1002      696E7465 
 1002      72727570 
 1002      74735F31 
 1003              	.LASF93:
 1004 0818 63707573 		.ascii	"cpuss_interrupts_fault_1_IRQn\000"
 1004      735F696E 
 1004      74657272 
 1004      75707473 
 1004      5F666175 
 1005              	.LASF172:
 1006 0836 73697A65 		.ascii	"sizetype\000"
 1006      74797065 
 1006      00
 1007              	.LASF142:
 1008 083f 7564625F 		.ascii	"udb_interrupts_10_IRQn\000"
 1008      696E7465 
 1008      72727570 
 1008      74735F31 
 1008      305F4952 
 1009              	.LASF68:
 1010 0856 63707573 		.ascii	"cpuss_interrupts_dw0_8_IRQn\000"
 1010      735F696E 
 1010      74657272 
 1010      75707473 
 1010      5F647730 
 1011              	.LASF179:
 1012 0872 63795F73 		.ascii	"cy_stc_sysint_t\000"
 1012      74635F73 
 1012      7973696E 
 1012      745F7400 
 1013              	.LASF70:
 1014 0882 63707573 		.ascii	"cpuss_interrupts_dw0_10_IRQn\000"
 1014      735F696E 
 1014      74657272 
 1014      75707473 
 1014      5F647730 
 1015              	.LASF114:
 1016 089f 74637077 		.ascii	"tcpwm_1_interrupts_6_IRQn\000"
 1016      6D5F315F 
 1016      696E7465 
ARM GAS  C:\Users\Lenovo\AppData\Local\Temp\ccD0rB9j.s 			page 25


 1016      72727570 
 1016      74735F36 
 1017              	.LASF37:
 1018 08b9 63707573 		.ascii	"cpuss_interrupts_ipc_2_IRQn\000"
 1018      735F696E 
 1018      74657272 
 1018      75707473 
 1018      5F697063 
 1019              	.LASF81:
 1020 08d5 63707573 		.ascii	"cpuss_interrupts_dw1_5_IRQn\000"
 1020      735F696E 
 1020      74657272 
 1020      75707473 
 1020      5F647731 
 1021              	.LASF139:
 1022 08f1 7564625F 		.ascii	"udb_interrupts_7_IRQn\000"
 1022      696E7465 
 1022      72727570 
 1022      74735F37 
 1022      5F495251 
 1023              	.LASF125:
 1024 0907 74637077 		.ascii	"tcpwm_1_interrupts_17_IRQn\000"
 1024      6D5F315F 
 1024      696E7465 
 1024      72727570 
 1024      74735F31 
 1025              	.LASF55:
 1026 0922 7363625F 		.ascii	"scb_4_interrupt_IRQn\000"
 1026      345F696E 
 1026      74657272 
 1026      7570745F 
 1026      4952516E 
 1027              	.LASF17:
 1028 0937 696F7373 		.ascii	"ioss_interrupts_gpio_7_IRQn\000"
 1028      5F696E74 
 1028      65727275 
 1028      7074735F 
 1028      6770696F 
 1029              	.LASF73:
 1030 0953 63707573 		.ascii	"cpuss_interrupts_dw0_13_IRQn\000"
 1030      735F696E 
 1030      74657272 
 1030      75707473 
 1030      5F647730 
 1031              	.LASF182:
 1032 0970 474E5520 		.ascii	"GNU C11 5.4.1 20160609 (release) [ARM/embedded-5-br"
 1032      43313120 
 1032      352E342E 
 1032      31203230 
 1032      31363036 
 1033 09a3 616E6368 		.ascii	"anch revision 237715] -mcpu=cortex-m4 -mfloat-abi=s"
 1033      20726576 
 1033      6973696F 
 1033      6E203233 
 1033      37373135 
 1034 09d6 6F667466 		.ascii	"oftfp -mfpu=fpv4-sp-d16 -mthumb -g -Og -ffunction-s"
 1034      70202D6D 
ARM GAS  C:\Users\Lenovo\AppData\Local\Temp\ccD0rB9j.s 			page 26


 1034      6670753D 
 1034      66707634 
 1034      2D73702D 
 1035 0a09 65637469 		.ascii	"ections -ffat-lto-objects\000"
 1035      6F6E7320 
 1035      2D666661 
 1035      742D6C74 
 1035      6F2D6F62 
 1036              	.LASF91:
 1037 0a23 63707573 		.ascii	"cpuss_interrupts_dw1_15_IRQn\000"
 1037      735F696E 
 1037      74657272 
 1037      75707473 
 1037      5F647731 
 1038              	.LASF153:
 1039 0a40 7573625F 		.ascii	"usb_interrupt_hi_IRQn\000"
 1039      696E7465 
 1039      72727570 
 1039      745F6869 
 1039      5F495251 
 1040              	.LASF175:
 1041 0a56 666C6F61 		.ascii	"float\000"
 1041      7400
 1042              	.LASF63:
 1043 0a5c 63707573 		.ascii	"cpuss_interrupts_dw0_3_IRQn\000"
 1043      735F696E 
 1043      74657272 
 1043      75707473 
 1043      5F647730 
 1044              	.LASF21:
 1045 0a78 696F7373 		.ascii	"ioss_interrupts_gpio_11_IRQn\000"
 1045      5F696E74 
 1045      65727275 
 1045      7074735F 
 1045      6770696F 
 1046              	.LASF3:
 1047 0a95 4D656D6F 		.ascii	"MemoryManagement_IRQn\000"
 1047      72794D61 
 1047      6E616765 
 1047      6D656E74 
 1047      5F495251 
 1048              	.LASF103:
 1049 0aab 74637077 		.ascii	"tcpwm_0_interrupts_3_IRQn\000"
 1049      6D5F305F 
 1049      696E7465 
 1049      72727570 
 1049      74735F33 
 1050              	.LASF128:
 1051 0ac5 74637077 		.ascii	"tcpwm_1_interrupts_20_IRQn\000"
 1051      6D5F315F 
 1051      696E7465 
 1051      72727570 
 1051      74735F32 
 1052              	.LASF109:
 1053 0ae0 74637077 		.ascii	"tcpwm_1_interrupts_1_IRQn\000"
 1053      6D5F315F 
 1053      696E7465 
ARM GAS  C:\Users\Lenovo\AppData\Local\Temp\ccD0rB9j.s 			page 27


 1053      72727570 
 1053      74735F31 
 1054              	.LASF76:
 1055 0afa 63707573 		.ascii	"cpuss_interrupts_dw1_0_IRQn\000"
 1055      735F696E 
 1055      74657272 
 1055      75707473 
 1055      5F647731 
 1056              	.LASF143:
 1057 0b16 7564625F 		.ascii	"udb_interrupts_11_IRQn\000"
 1057      696E7465 
 1057      72727570 
 1057      74735F31 
 1057      315F4952 
 1058              	.LASF69:
 1059 0b2d 63707573 		.ascii	"cpuss_interrupts_dw0_9_IRQn\000"
 1059      735F696E 
 1059      74657272 
 1059      75707473 
 1059      5F647730 
 1060              	.LASF170:
 1061 0b49 696E7433 		.ascii	"int32_t\000"
 1061      325F7400 
 1062              	.LASF160:
 1063 0b51 756E7369 		.ascii	"unsigned char\000"
 1063      676E6564 
 1063      20636861 
 1063      7200
 1064              	.LASF71:
 1065 0b5f 63707573 		.ascii	"cpuss_interrupts_dw0_11_IRQn\000"
 1065      735F696E 
 1065      74657272 
 1065      75707473 
 1065      5F647730 
 1066              	.LASF115:
 1067 0b7c 74637077 		.ascii	"tcpwm_1_interrupts_7_IRQn\000"
 1067      6D5F315F 
 1067      696E7465 
 1067      72727570 
 1067      74735F37 
 1068              	.LASF38:
 1069 0b96 63707573 		.ascii	"cpuss_interrupts_ipc_3_IRQn\000"
 1069      735F696E 
 1069      74657272 
 1069      75707473 
 1069      5F697063 
 1070              	.LASF180:
 1071 0bb2 49544D5F 		.ascii	"ITM_RxBuffer\000"
 1071      52784275 
 1071      66666572 
 1071      00
 1072              	.LASF169:
 1073 0bbf 756E7369 		.ascii	"unsigned int\000"
 1073      676E6564 
 1073      20696E74 
 1073      00
 1074              	.LASF20:
ARM GAS  C:\Users\Lenovo\AppData\Local\Temp\ccD0rB9j.s 			page 28


 1075 0bcc 696F7373 		.ascii	"ioss_interrupts_gpio_10_IRQn\000"
 1075      5F696E74 
 1075      65727275 
 1075      7074735F 
 1075      6770696F 
 1076              	.LASF140:
 1077 0be9 7564625F 		.ascii	"udb_interrupts_8_IRQn\000"
 1077      696E7465 
 1077      72727570 
 1077      74735F38 
 1077      5F495251 
 1078              	.LASF157:
 1079 0bff 756E636F 		.ascii	"unconnected_IRQn\000"
 1079      6E6E6563 
 1079      7465645F 
 1079      4952516E 
 1079      00
 1080              	.LASF158:
 1081 0c10 73686F72 		.ascii	"short int\000"
 1081      7420696E 
 1081      7400
 1082              	.LASF98:
 1083 0c1a 63707573 		.ascii	"cpuss_interrupts_cm4_cti_0_IRQn\000"
 1083      735F696E 
 1083      74657272 
 1083      75707473 
 1083      5F636D34 
 1084              	.LASF126:
 1085 0c3a 74637077 		.ascii	"tcpwm_1_interrupts_18_IRQn\000"
 1085      6D5F315F 
 1085      696E7465 
 1085      72727570 
 1085      74735F31 
 1086              	.LASF79:
 1087 0c55 63707573 		.ascii	"cpuss_interrupts_dw1_3_IRQn\000"
 1087      735F696E 
 1087      74657272 
 1087      75707473 
 1087      5F647731 
 1088              	.LASF107:
 1089 0c71 74637077 		.ascii	"tcpwm_0_interrupts_7_IRQn\000"
 1089      6D5F305F 
 1089      696E7465 
 1089      72727570 
 1089      74735F37 
 1090              	.LASF87:
 1091 0c8b 63707573 		.ascii	"cpuss_interrupts_dw1_11_IRQn\000"
 1091      735F696E 
 1091      74657272 
 1091      75707473 
 1091      5F647731 
 1092              	.LASF147:
 1093 0ca8 7564625F 		.ascii	"udb_interrupts_15_IRQn\000"
 1093      696E7465 
 1093      72727570 
 1093      74735F31 
 1093      355F4952 
ARM GAS  C:\Users\Lenovo\AppData\Local\Temp\ccD0rB9j.s 			page 29


 1094              	.LASF162:
 1095 0cbf 4952516E 		.ascii	"IRQn_Type\000"
 1095      5F547970 
 1095      6500
 1096              	.LASF129:
 1097 0cc9 74637077 		.ascii	"tcpwm_1_interrupts_21_IRQn\000"
 1097      6D5F315F 
 1097      696E7465 
 1097      72727570 
 1097      74735F32 
 1098              	.LASF171:
 1099 0ce4 75696E74 		.ascii	"uint32_t\000"
 1099      33325F74 
 1099      00
 1100              	.LASF110:
 1101 0ced 74637077 		.ascii	"tcpwm_1_interrupts_2_IRQn\000"
 1101      6D5F315F 
 1101      696E7465 
 1101      72727570 
 1101      74735F32 
 1102              	.LASF5:
 1103 0d07 55736167 		.ascii	"UsageFault_IRQn\000"
 1103      65466175 
 1103      6C745F49 
 1103      52516E00 
 1104              	.LASF42:
 1105 0d17 63707573 		.ascii	"cpuss_interrupts_ipc_7_IRQn\000"
 1105      735F696E 
 1105      74657272 
 1105      75707473 
 1105      5F697063 
 1106              	.LASF77:
 1107 0d33 63707573 		.ascii	"cpuss_interrupts_dw1_1_IRQn\000"
 1107      735F696E 
 1107      74657272 
 1107      75707473 
 1107      5F647731 
 1108              	.LASF49:
 1109 0d4f 63707573 		.ascii	"cpuss_interrupts_ipc_14_IRQn\000"
 1109      735F696E 
 1109      74657272 
 1109      75707473 
 1109      5F697063 
 1110              	.LASF150:
 1111 0d6c 61756469 		.ascii	"audioss_interrupt_pdm_IRQn\000"
 1111      6F73735F 
 1111      696E7465 
 1111      72727570 
 1111      745F7064 
 1112              	.LASF173:
 1113 0d87 6C6F6E67 		.ascii	"long double\000"
 1113      20646F75 
 1113      626C6500 
 1114              	.LASF174:
 1115 0d93 63686172 		.ascii	"char\000"
 1115      00
 1116              	.LASF183:
ARM GAS  C:\Users\Lenovo\AppData\Local\Temp\ccD0rB9j.s 			page 30


 1117 0d98 47656E65 		.ascii	"Generated_Source\\PSoC6\\cyfitter_sysint_cfg.c\000"
 1117      72617465 
 1117      645F536F 
 1117      75726365 
 1117      5C50536F 
 1118              	.LASF72:
 1119 0dc5 63707573 		.ascii	"cpuss_interrupts_dw0_12_IRQn\000"
 1119      735F696E 
 1119      74657272 
 1119      75707473 
 1119      5F647730 
 1120              	.LASF13:
 1121 0de2 696F7373 		.ascii	"ioss_interrupts_gpio_3_IRQn\000"
 1121      5F696E74 
 1121      65727275 
 1121      7074735F 
 1121      6770696F 
 1122              	.LASF148:
 1123 0dfe 70617373 		.ascii	"pass_interrupt_sar_IRQn\000"
 1123      5F696E74 
 1123      65727275 
 1123      70745F73 
 1123      61725F49 
 1124              	.LASF8:
 1125 0e16 50656E64 		.ascii	"PendSV_IRQn\000"
 1125      53565F49 
 1125      52516E00 
 1126              	.LASF54:
 1127 0e22 7363625F 		.ascii	"scb_3_interrupt_IRQn\000"
 1127      335F696E 
 1127      74657272 
 1127      7570745F 
 1127      4952516E 
 1128              	.LASF141:
 1129 0e37 7564625F 		.ascii	"udb_interrupts_9_IRQn\000"
 1129      696E7465 
 1129      72727570 
 1129      74735F39 
 1129      5F495251 
 1130              	.LASF1:
 1131 0e4d 4E6F6E4D 		.ascii	"NonMaskableInt_IRQn\000"
 1131      61736B61 
 1131      626C6549 
 1131      6E745F49 
 1131      52516E00 
 1132              	.LASF163:
 1133 0e61 5F5F696E 		.ascii	"__int32_t\000"
 1133      7433325F 
 1133      7400
 1134              	.LASF127:
 1135 0e6b 74637077 		.ascii	"tcpwm_1_interrupts_19_IRQn\000"
 1135      6D5F315F 
 1135      696E7465 
 1135      72727570 
 1135      74735F31 
 1136              	.LASF57:
 1137 0e86 7363625F 		.ascii	"scb_6_interrupt_IRQn\000"
ARM GAS  C:\Users\Lenovo\AppData\Local\Temp\ccD0rB9j.s 			page 31


 1137      365F696E 
 1137      74657272 
 1137      7570745F 
 1137      4952516E 
 1138              	.LASF11:
 1139 0e9b 696F7373 		.ascii	"ioss_interrupts_gpio_1_IRQn\000"
 1139      5F696E74 
 1139      65727275 
 1139      7074735F 
 1139      6770696F 
 1140              	.LASF2:
 1141 0eb7 48617264 		.ascii	"HardFault_IRQn\000"
 1141      4661756C 
 1141      745F4952 
 1141      516E00
 1142              	.LASF65:
 1143 0ec6 63707573 		.ascii	"cpuss_interrupts_dw0_5_IRQn\000"
 1143      735F696E 
 1143      74657272 
 1143      75707473 
 1143      5F647730 
 1144              	.LASF7:
 1145 0ee2 44656275 		.ascii	"DebugMonitor_IRQn\000"
 1145      674D6F6E 
 1145      69746F72 
 1145      5F495251 
 1145      6E00
 1146              	.LASF59:
 1147 0ef4 6373645F 		.ascii	"csd_interrupt_IRQn\000"
 1147      696E7465 
 1147      72727570 
 1147      745F4952 
 1147      516E00
 1148              	.LASF35:
 1149 0f07 63707573 		.ascii	"cpuss_interrupts_ipc_0_IRQn\000"
 1149      735F696E 
 1149      74657272 
 1149      75707473 
 1149      5F697063 
 1150              	.LASF130:
 1151 0f23 74637077 		.ascii	"tcpwm_1_interrupts_22_IRQn\000"
 1151      6D5F315F 
 1151      696E7465 
 1151      72727570 
 1151      74735F32 
 1152              	.LASF111:
 1153 0f3e 74637077 		.ascii	"tcpwm_1_interrupts_3_IRQn\000"
 1153      6D5F315F 
 1153      696E7465 
 1153      72727570 
 1153      74735F33 
 1154              	.LASF43:
 1155 0f58 63707573 		.ascii	"cpuss_interrupts_ipc_8_IRQn\000"
 1155      735F696E 
 1155      74657272 
 1155      75707473 
 1155      5F697063 
ARM GAS  C:\Users\Lenovo\AppData\Local\Temp\ccD0rB9j.s 			page 32


 1156              	.LASF78:
 1157 0f74 63707573 		.ascii	"cpuss_interrupts_dw1_2_IRQn\000"
 1157      735F696E 
 1157      74657272 
 1157      75707473 
 1157      5F647731 
 1158              	.LASF50:
 1159 0f90 63707573 		.ascii	"cpuss_interrupts_ipc_15_IRQn\000"
 1159      735F696E 
 1159      74657272 
 1159      75707473 
 1159      5F697063 
 1160              	.LASF136:
 1161 0fad 7564625F 		.ascii	"udb_interrupts_4_IRQn\000"
 1161      696E7465 
 1161      72727570 
 1161      74735F34 
 1161      5F495251 
 1162              	.LASF122:
 1163 0fc3 74637077 		.ascii	"tcpwm_1_interrupts_14_IRQn\000"
 1163      6D5F315F 
 1163      696E7465 
 1163      72727570 
 1163      74735F31 
 1164              	.LASF14:
 1165 0fde 696F7373 		.ascii	"ioss_interrupts_gpio_4_IRQn\000"
 1165      5F696E74 
 1165      65727275 
 1165      7074735F 
 1165      6770696F 
 1166              	.LASF152:
 1167 0ffa 736D6966 		.ascii	"smif_interrupt_IRQn\000"
 1167      5F696E74 
 1167      65727275 
 1167      70745F49 
 1167      52516E00 
 1168              	.LASF22:
 1169 100e 696F7373 		.ascii	"ioss_interrupts_gpio_12_IRQn\000"
 1169      5F696E74 
 1169      65727275 
 1169      7074735F 
 1169      6770696F 
 1170              	.LASF151:
 1171 102b 70726F66 		.ascii	"profile_interrupt_IRQn\000"
 1171      696C655F 
 1171      696E7465 
 1171      72727570 
 1171      745F4952 
 1172              	.LASF88:
 1173 1042 63707573 		.ascii	"cpuss_interrupts_dw1_12_IRQn\000"
 1173      735F696E 
 1173      74657272 
 1173      75707473 
 1173      5F647731 
 1174              	.LASF60:
 1175 105f 63707573 		.ascii	"cpuss_interrupts_dw0_0_IRQn\000"
 1175      735F696E 
ARM GAS  C:\Users\Lenovo\AppData\Local\Temp\ccD0rB9j.s 			page 33


 1175      74657272 
 1175      75707473 
 1175      5F647730 
 1176              	.LASF26:
 1177 107b 696F7373 		.ascii	"ioss_interrupt_vdd_IRQn\000"
 1177      5F696E74 
 1177      65727275 
 1177      70745F76 
 1177      64645F49 
 1178              	.LASF100:
 1179 1093 74637077 		.ascii	"tcpwm_0_interrupts_0_IRQn\000"
 1179      6D5F305F 
 1179      696E7465 
 1179      72727570 
 1179      74735F30 
 1180              	.LASF86:
 1181 10ad 63707573 		.ascii	"cpuss_interrupts_dw1_10_IRQn\000"
 1181      735F696E 
 1181      74657272 
 1181      75707473 
 1181      5F647731 
 1182              	.LASF31:
 1183 10ca 73727373 		.ascii	"srss_interrupt_backup_IRQn\000"
 1183      5F696E74 
 1183      65727275 
 1183      70745F62 
 1183      61636B75 
 1184              	.LASF45:
 1185 10e5 63707573 		.ascii	"cpuss_interrupts_ipc_10_IRQn\000"
 1185      735F696E 
 1185      74657272 
 1185      75707473 
 1185      5F697063 
 1186              	.LASF184:
 1187 1102 443A5C4D 		.ascii	"D:\\Microprocess2\\Lab10\\Workspace01\\Exam_A22_Tys"
 1187      6963726F 
 1187      70726F63 
 1187      65737332 
 1187      5C4C6162 
 1188 1131 68636865 		.ascii	"hchenko.cydsn\000"
 1188      6E6B6F2E 
 1188      63796473 
 1188      6E00
 1189              	.LASF67:
 1190 113f 63707573 		.ascii	"cpuss_interrupts_dw0_7_IRQn\000"
 1190      735F696E 
 1190      74657272 
 1190      75707473 
 1190      5F647730 
 1191              	.LASF178:
 1192 115b 696E7472 		.ascii	"intrPriority\000"
 1192      5072696F 
 1192      72697479 
 1192      00
 1193              	.LASF112:
 1194 1168 74637077 		.ascii	"tcpwm_1_interrupts_4_IRQn\000"
 1194      6D5F315F 
ARM GAS  C:\Users\Lenovo\AppData\Local\Temp\ccD0rB9j.s 			page 34


 1194      696E7465 
 1194      72727570 
 1194      74735F34 
 1195              	.LASF96:
 1196 1182 63707573 		.ascii	"cpuss_interrupts_cm0_cti_0_IRQn\000"
 1196      735F696E 
 1196      74657272 
 1196      75707473 
 1196      5F636D30 
 1197              	.LASF18:
 1198 11a2 696F7373 		.ascii	"ioss_interrupts_gpio_8_IRQn\000"
 1198      5F696E74 
 1198      65727275 
 1198      7074735F 
 1198      6770696F 
 1199              	.LASF44:
 1200 11be 63707573 		.ascii	"cpuss_interrupts_ipc_9_IRQn\000"
 1200      735F696E 
 1200      74657272 
 1200      75707473 
 1200      5F697063 
 1201              	.LASF137:
 1202 11da 7564625F 		.ascii	"udb_interrupts_5_IRQn\000"
 1202      696E7465 
 1202      72727570 
 1202      74735F35 
 1202      5F495251 
 1203              	.LASF48:
 1204 11f0 63707573 		.ascii	"cpuss_interrupts_ipc_13_IRQn\000"
 1204      735F696E 
 1204      74657272 
 1204      75707473 
 1204      5F697063 
 1205              		.ident	"GCC: (GNU Tools for ARM Embedded Processors) 5.4.1 20160609 (release) [ARM/embedded-5-bran
