ARM GAS  C:\Users\Lenovo\AppData\Local\Temp\cc5E9Jgd.s 			page 1


   1              		.syntax unified
   2              		.cpu cortex-m0
   3              		.fpu softvfp
   4              		.eabi_attribute 20, 1
   5              		.eabi_attribute 21, 1
   6              		.eabi_attribute 23, 3
   7              		.eabi_attribute 24, 1
   8              		.eabi_attribute 25, 1
   9              		.eabi_attribute 26, 1
  10              		.eabi_attribute 30, 1
  11              		.eabi_attribute 34, 0
  12              		.eabi_attribute 18, 4
  13              		.thumb
  14              		.syntax unified
  15              		.file	"main.c"
  16              		.text
  17              	.Ltext0:
  18              		.cfi_sections	.debug_frame
  19              		.section	.text.main,"ax",%progbits
  20              		.align	2
  21              		.global	main
  22              		.code	16
  23              		.thumb_func
  24              		.type	main, %function
  25              	main:
  26              	.LFB32:
  27              		.file 1 "main.c"
   1:main.c        **** /* ========================================
   2:main.c        ****  *
   3:main.c        ****  * Copyright YOUR COMPANY, THE YEAR
   4:main.c        ****  * All Rights Reserved
   5:main.c        ****  * UNPUBLISHED, LICENSED SOFTWARE.
   6:main.c        ****  *
   7:main.c        ****  * CONFIDENTIAL AND PROPRIETARY INFORMATION
   8:main.c        ****  * WHICH IS THE PROPERTY OF your company.
   9:main.c        ****  *
  10:main.c        ****  * ========================================
  11:main.c        **** */
  12:main.c        **** #include "project.h"
  13:main.c        **** 
  14:main.c        **** int main(void)
  15:main.c        **** {
  28              		.loc 1 15 0
  29              		.cfi_startproc
  30              		@ args = 0, pretend = 0, frame = 0
  31              		@ frame_needed = 0, uses_anonymous_args = 0
  32 0000 10B5     		push	{r4, lr}
  33              		.cfi_def_cfa_offset 8
  34              		.cfi_offset 4, -8
  35              		.cfi_offset 14, -4
  16:main.c        ****     CyGlobalIntEnable; /* Enable global interrupts. */
  36              		.loc 1 16 0
  37              		.syntax divided
  38              	@ 16 "main.c" 1
  39 0002 62B6     		CPSIE   i
  40              	@ 0 "" 2
  17:main.c        **** 
ARM GAS  C:\Users\Lenovo\AppData\Local\Temp\cc5E9Jgd.s 			page 2


  18:main.c        ****     /* Place your initialization/startup code here (e.g. MyInst_Start()) */
  19:main.c        ****     
  20:main.c        **** /* Start EZI2C block */
  21:main.c        ****     EZI2C_Start();
  41              		.loc 1 21 0
  42              		.thumb
  43              		.syntax unified
  44 0004 FFF7FEFF 		bl	EZI2C_Start
  45              	.LVL0:
  22:main.c        ****     /* Set up communication data buffer to CapSense data structure to be exposed to 12C master at p
  23:main.c        ****     EZI2C_EzI2CSetBuffer1(sizeof (CapSense_dsRam), sizeof (CapSense_dsRam),
  46              		.loc 1 23 0
  47 0008 174A     		ldr	r2, .L5
  48 000a 7021     		movs	r1, #112
  49 000c 7020     		movs	r0, #112
  50 000e FFF7FEFF 		bl	EZI2C_EzI2CSetBuffer1
  51              	.LVL1:
  24:main.c        ****     (uint8 *)&CapSense_dsRam);
  25:main.c        ****     /* Start CapSense block - Initializes CapSense Data structure and performs first scan to set up
  26:main.c        ****     CapSense_Start();
  52              		.loc 1 26 0
  53 0012 FFF7FEFF 		bl	CapSense_Start
  54              	.LVL2:
  27:main.c        ****     PWM_Blue_Start();
  55              		.loc 1 27 0
  56 0016 FFF7FEFF 		bl	PWM_Blue_Start
  57              	.LVL3:
  28:main.c        ****     PWM_Green_Start();
  58              		.loc 1 28 0
  59 001a FFF7FEFF 		bl	PWM_Green_Start
  60              	.LVL4:
  29:main.c        ****     /* Scan all widgets */
  30:main.c        ****     CapSense_ScanAllWidgets();
  61              		.loc 1 30 0
  62 001e FFF7FEFF 		bl	CapSense_ScanAllWidgets
  63              	.LVL5:
  64              	.L2:
  31:main.c        ****     uint16 sliderPos = 0;  // –ü–æ–∑–∏—Ü—ñ—è —Å–ª–∞–π–¥–µ—Ä–∞
  32:main.c        ****     uint16 pwmGreen;
  33:main.c        ****     uint16 pwmRed;
  34:main.c        ****     
  35:main.c        **** 
  36:main.c        ****     for(;;)
  37:main.c        ****     {
  38:main.c        ****         /* Do this only when a scan is done */
  39:main.c        ****         if (CapSense_NOT_BUSY ==CapSense_IsBusy ())
  65              		.loc 1 39 0
  66 0022 FFF7FEFF 		bl	CapSense_IsBusy
  67              	.LVL6:
  68 0026 0028     		cmp	r0, #0
  69 0028 FBD1     		bne	.L2
  40:main.c        ****         {
  41:main.c        ****             /* Process all widgets */
  42:main.c        ****             CapSense_ProcessAllWidgets(); /* Include Tuner */ CapSense_RunTuner ();
  70              		.loc 1 42 0
  71 002a FFF7FEFF 		bl	CapSense_ProcessAllWidgets
  72              	.LVL7:
ARM GAS  C:\Users\Lenovo\AppData\Local\Temp\cc5E9Jgd.s 			page 3


  73 002e FFF7FEFF 		bl	CapSense_RunTuner
  74              	.LVL8:
  43:main.c        ****             CapSense_RunTuner();
  75              		.loc 1 43 0
  76 0032 FFF7FEFF 		bl	CapSense_RunTuner
  77              	.LVL9:
  44:main.c        ****             /* Scan result verification */
  45:main.c        ****             if (CapSense_IsAnyWidgetActive())
  78              		.loc 1 45 0
  79 0036 FFF7FEFF 		bl	CapSense_IsAnyWidgetActive
  80              	.LVL10:
  81 003a 0028     		cmp	r0, #0
  82 003c 10D0     		beq	.L3
  46:main.c        ****             {
  47:main.c        ****                 
  48:main.c        ****                 sliderPos = CapSense_GetCentroidPos(CapSense_LINEARSLIDER0_WDGT_ID);
  83              		.loc 1 48 0
  84 003e 0020     		movs	r0, #0
  85 0040 FFF7FEFF 		bl	CapSense_GetCentroidPos
  86              	.LVL11:
  87 0044 0400     		movs	r4, r0
  88 0046 80B2     		uxth	r0, r0
  89              	.LVL12:
  49:main.c        ****                 
  50:main.c        ****                 if (sliderPos != 0xFFFF)  // –ü–µ—Ä–µ–∫–æ–Ω—É—î–º–æ—Å—å, —â–æ –∑–Ω–∞—á–µ–Ω–Ω—è –∫–æ
  90              		.loc 1 50 0
  91 0048 084B     		ldr	r3, .L5+4
  92 004a 9842     		cmp	r0, r3
  93 004c 08D0     		beq	.L3
  51:main.c        ****                 {
  52:main.c        ****                     pwmRed = 100 - sliderPos;  // –ß–µ—Ä–≤–æ–Ω–∏–π –∑–∞—Ç—É—Ö–∞—î
  94              		.loc 1 52 0
  95 004e 6423     		movs	r3, #100
  96 0050 181A     		subs	r0, r3, r0
  97              	.LVL13:
  98 0052 80B2     		uxth	r0, r0
  99              	.LVL14:
  53:main.c        ****                     pwmGreen = sliderPos;      // –ó–µ–ª–µ–Ω–∏–π —è—Å–∫—Ä–∞–≤—ñ—à–∞—î
  54:main.c        **** 
  55:main.c        ****                     /* –ó–º—ñ–Ω—é—î–º–æ –∑–∞–ø–æ–≤–Ω–µ–Ω–Ω—è PWM */
  56:main.c        ****                     PWM_Blue_WriteCompare(pwmRed);
 100              		.loc 1 56 0
 101 0054 FFF7FEFF 		bl	PWM_Blue_WriteCompare
 102              	.LVL15:
  57:main.c        ****                     PWM_Green_WriteCompare(pwmGreen);
 103              		.loc 1 57 0
 104 0058 2004     		lsls	r0, r4, #16
 105 005a 000C     		lsrs	r0, r0, #16
 106 005c FFF7FEFF 		bl	PWM_Green_WriteCompare
 107              	.LVL16:
 108              	.L3:
  58:main.c        ****                     // –Ø–∫—â–æ PWM –Ω–∞–ª–∞—à—Ç–æ–≤–∞–Ω–∏–π —É "Complementary Mode", —Ç–æ line_n –
  59:main.c        ****                 }
  60:main.c        ****             }
  61:main.c        ****             /* Add any required functionality based on scanning result*/
  62:main.c        ****             /* Start next scan */
  63:main.c        ****             CapSense_ScanAllWidgets();
ARM GAS  C:\Users\Lenovo\AppData\Local\Temp\cc5E9Jgd.s 			page 4


 109              		.loc 1 63 0
 110 0060 FFF7FEFF 		bl	CapSense_ScanAllWidgets
 111              	.LVL17:
 112 0064 DDE7     		b	.L2
 113              	.L6:
 114 0066 C046     		.align	2
 115              	.L5:
 116 0068 00000000 		.word	CapSense_dsRam
 117 006c FFFF0000 		.word	65535
 118              		.cfi_endproc
 119              	.LFE32:
 120              		.size	main, .-main
 121              		.text
 122              	.Letext0:
 123              		.file 2 "Generated_Source\\PSoC4/cytypes.h"
 124              		.file 3 "Generated_Source\\PSoC4/CapSense_Configuration.h"
 125              		.file 4 "Generated_Source\\PSoC4/CapSense_Structure.h"
 126              		.file 5 "Generated_Source\\PSoC4/EZI2C.h"
 127              		.file 6 "Generated_Source\\PSoC4/EZI2C_EZI2C.h"
 128              		.file 7 "Generated_Source\\PSoC4/CapSense_Control.h"
 129              		.file 8 "Generated_Source\\PSoC4/PWM_Blue.h"
 130              		.file 9 "Generated_Source\\PSoC4/PWM_Green.h"
 131              		.file 10 "Generated_Source\\PSoC4/CapSense_Sensing.h"
 132              		.file 11 "Generated_Source\\PSoC4/CapSense_Tuner.h"
 133              		.section	.debug_info,"",%progbits
 134              	.Ldebug_info0:
 135 0000 33050000 		.4byte	0x533
 136 0004 0400     		.2byte	0x4
 137 0006 00000000 		.4byte	.Ldebug_abbrev0
 138 000a 04       		.byte	0x4
 139 000b 01       		.uleb128 0x1
 140 000c BB030000 		.4byte	.LASF78
 141 0010 0C       		.byte	0xc
 142 0011 53030000 		.4byte	.LASF79
 143 0015 49040000 		.4byte	.LASF80
 144 0019 00000000 		.4byte	.Ldebug_ranges0+0
 145 001d 00000000 		.4byte	0
 146 0021 00000000 		.4byte	.Ldebug_line0
 147 0025 02       		.uleb128 0x2
 148 0026 01       		.byte	0x1
 149 0027 06       		.byte	0x6
 150 0028 D3010000 		.4byte	.LASF0
 151 002c 02       		.uleb128 0x2
 152 002d 01       		.byte	0x1
 153 002e 08       		.byte	0x8
 154 002f 97010000 		.4byte	.LASF1
 155 0033 02       		.uleb128 0x2
 156 0034 02       		.byte	0x2
 157 0035 05       		.byte	0x5
 158 0036 53000000 		.4byte	.LASF2
 159 003a 02       		.uleb128 0x2
 160 003b 02       		.byte	0x2
 161 003c 07       		.byte	0x7
 162 003d F7020000 		.4byte	.LASF3
 163 0041 02       		.uleb128 0x2
 164 0042 04       		.byte	0x4
 165 0043 05       		.byte	0x5
ARM GAS  C:\Users\Lenovo\AppData\Local\Temp\cc5E9Jgd.s 			page 5


 166 0044 31010000 		.4byte	.LASF4
 167 0048 02       		.uleb128 0x2
 168 0049 04       		.byte	0x4
 169 004a 07       		.byte	0x7
 170 004b 65030000 		.4byte	.LASF5
 171 004f 02       		.uleb128 0x2
 172 0050 08       		.byte	0x8
 173 0051 05       		.byte	0x5
 174 0052 8E000000 		.4byte	.LASF6
 175 0056 02       		.uleb128 0x2
 176 0057 08       		.byte	0x8
 177 0058 07       		.byte	0x7
 178 0059 FC010000 		.4byte	.LASF7
 179 005d 03       		.uleb128 0x3
 180 005e 04       		.byte	0x4
 181 005f 05       		.byte	0x5
 182 0060 696E7400 		.ascii	"int\000"
 183 0064 02       		.uleb128 0x2
 184 0065 04       		.byte	0x4
 185 0066 07       		.byte	0x7
 186 0067 22020000 		.4byte	.LASF8
 187 006b 04       		.uleb128 0x4
 188 006c F4000000 		.4byte	.LASF9
 189 0070 02       		.byte	0x2
 190 0071 FC01     		.2byte	0x1fc
 191 0073 2C000000 		.4byte	0x2c
 192 0077 04       		.uleb128 0x4
 193 0078 C0000000 		.4byte	.LASF10
 194 007c 02       		.byte	0x2
 195 007d FD01     		.2byte	0x1fd
 196 007f 3A000000 		.4byte	0x3a
 197 0083 04       		.uleb128 0x4
 198 0084 4C030000 		.4byte	.LASF11
 199 0088 02       		.byte	0x2
 200 0089 FE01     		.2byte	0x1fe
 201 008b 48000000 		.4byte	0x48
 202 008f 02       		.uleb128 0x2
 203 0090 04       		.byte	0x4
 204 0091 04       		.byte	0x4
 205 0092 FA000000 		.4byte	.LASF12
 206 0096 02       		.uleb128 0x2
 207 0097 08       		.byte	0x8
 208 0098 04       		.byte	0x4
 209 0099 8E030000 		.4byte	.LASF13
 210 009d 02       		.uleb128 0x2
 211 009e 01       		.byte	0x1
 212 009f 08       		.byte	0x8
 213 00a0 2C010000 		.4byte	.LASF14
 214 00a4 05       		.uleb128 0x5
 215 00a5 83000000 		.4byte	0x83
 216 00a9 02       		.uleb128 0x2
 217 00aa 08       		.byte	0x8
 218 00ab 04       		.byte	0x4
 219 00ac 74010000 		.4byte	.LASF15
 220 00b0 02       		.uleb128 0x2
 221 00b1 04       		.byte	0x4
 222 00b2 07       		.byte	0x7
ARM GAS  C:\Users\Lenovo\AppData\Local\Temp\cc5E9Jgd.s 			page 6


 223 00b3 68000000 		.4byte	.LASF16
 224 00b7 04       		.uleb128 0x4
 225 00b8 A5010000 		.4byte	.LASF17
 226 00bc 03       		.byte	0x3
 227 00bd 2201     		.2byte	0x122
 228 00bf 77000000 		.4byte	0x77
 229 00c3 04       		.uleb128 0x4
 230 00c4 80020000 		.4byte	.LASF18
 231 00c8 03       		.byte	0x3
 232 00c9 2601     		.2byte	0x126
 233 00cb 6B000000 		.4byte	0x6b
 234 00cf 06       		.uleb128 0x6
 235 00d0 6B000000 		.4byte	0x6b
 236 00d4 DF000000 		.4byte	0xdf
 237 00d8 07       		.uleb128 0x7
 238 00d9 B0000000 		.4byte	0xb0
 239 00dd 00       		.byte	0
 240 00de 00       		.byte	0
 241 00df 08       		.uleb128 0x8
 242 00e0 16       		.byte	0x16
 243 00e1 04       		.byte	0x4
 244 00e2 FE       		.byte	0xfe
 245 00e3 9E010000 		.4byte	0x19e
 246 00e7 09       		.uleb128 0x9
 247 00e8 EC020000 		.4byte	.LASF19
 248 00ec 04       		.byte	0x4
 249 00ed 0301     		.2byte	0x103
 250 00ef 77000000 		.4byte	0x77
 251 00f3 00       		.byte	0
 252 00f4 09       		.uleb128 0x9
 253 00f5 3A010000 		.4byte	.LASF20
 254 00f9 04       		.byte	0x4
 255 00fa 0801     		.2byte	0x108
 256 00fc B7000000 		.4byte	0xb7
 257 0100 02       		.byte	0x2
 258 0101 09       		.uleb128 0x9
 259 0102 A9000000 		.4byte	.LASF21
 260 0106 04       		.byte	0x4
 261 0107 0D01     		.2byte	0x10d
 262 0109 6B000000 		.4byte	0x6b
 263 010d 04       		.byte	0x4
 264 010e 09       		.uleb128 0x9
 265 010f 28030000 		.4byte	.LASF22
 266 0113 04       		.byte	0x4
 267 0114 1201     		.2byte	0x112
 268 0116 6B000000 		.4byte	0x6b
 269 011a 05       		.byte	0x5
 270 011b 09       		.uleb128 0x9
 271 011c 60010000 		.4byte	.LASF23
 272 0120 04       		.byte	0x4
 273 0121 1801     		.2byte	0x118
 274 0123 6B000000 		.4byte	0x6b
 275 0127 06       		.byte	0x6
 276 0128 09       		.uleb128 0x9
 277 0129 5D000000 		.4byte	.LASF24
 278 012d 04       		.byte	0x4
 279 012e 1E01     		.2byte	0x11e
ARM GAS  C:\Users\Lenovo\AppData\Local\Temp\cc5E9Jgd.s 			page 7


 280 0130 6B000000 		.4byte	0x6b
 281 0134 07       		.byte	0x7
 282 0135 09       		.uleb128 0x9
 283 0136 3B000000 		.4byte	.LASF25
 284 013a 04       		.byte	0x4
 285 013b 2501     		.2byte	0x125
 286 013d C3000000 		.4byte	0xc3
 287 0141 08       		.byte	0x8
 288 0142 09       		.uleb128 0x9
 289 0143 4B000000 		.4byte	.LASF26
 290 0147 04       		.byte	0x4
 291 0148 2C01     		.2byte	0x12c
 292 014a CF000000 		.4byte	0xcf
 293 014e 09       		.byte	0x9
 294 014f 09       		.uleb128 0x9
 295 0150 2D000000 		.4byte	.LASF27
 296 0154 04       		.byte	0x4
 297 0155 3101     		.2byte	0x131
 298 0157 6B000000 		.4byte	0x6b
 299 015b 0A       		.byte	0xa
 300 015c 09       		.uleb128 0x9
 301 015d 4A010000 		.4byte	.LASF28
 302 0161 04       		.byte	0x4
 303 0162 3901     		.2byte	0x139
 304 0164 77000000 		.4byte	0x77
 305 0168 0C       		.byte	0xc
 306 0169 09       		.uleb128 0x9
 307 016a 9C000000 		.4byte	.LASF29
 308 016e 04       		.byte	0x4
 309 016f 3E01     		.2byte	0x13e
 310 0171 6B000000 		.4byte	0x6b
 311 0175 0E       		.byte	0xe
 312 0176 09       		.uleb128 0x9
 313 0177 73040000 		.4byte	.LASF30
 314 017b 04       		.byte	0x4
 315 017c 4401     		.2byte	0x144
 316 017e 77000000 		.4byte	0x77
 317 0182 10       		.byte	0x10
 318 0183 09       		.uleb128 0x9
 319 0184 45030000 		.4byte	.LASF31
 320 0188 04       		.byte	0x4
 321 0189 4901     		.2byte	0x149
 322 018b 77000000 		.4byte	0x77
 323 018f 12       		.byte	0x12
 324 0190 09       		.uleb128 0x9
 325 0191 8B040000 		.4byte	.LASF32
 326 0195 04       		.byte	0x4
 327 0196 4E01     		.2byte	0x14e
 328 0198 9E010000 		.4byte	0x19e
 329 019c 14       		.byte	0x14
 330 019d 00       		.byte	0
 331 019e 06       		.uleb128 0x6
 332 019f 77000000 		.4byte	0x77
 333 01a3 AE010000 		.4byte	0x1ae
 334 01a7 07       		.uleb128 0x7
 335 01a8 B0000000 		.4byte	0xb0
 336 01ac 00       		.byte	0
ARM GAS  C:\Users\Lenovo\AppData\Local\Temp\cc5E9Jgd.s 			page 8


 337 01ad 00       		.byte	0
 338 01ae 04       		.uleb128 0x4
 339 01af E3040000 		.4byte	.LASF33
 340 01b3 04       		.byte	0x4
 341 01b4 4F01     		.2byte	0x14f
 342 01b6 DF000000 		.4byte	0xdf
 343 01ba 0A       		.uleb128 0xa
 344 01bb 16       		.byte	0x16
 345 01bc 04       		.byte	0x4
 346 01bd 5501     		.2byte	0x155
 347 01bf D1010000 		.4byte	0x1d1
 348 01c3 09       		.uleb128 0x9
 349 01c4 7D040000 		.4byte	.LASF34
 350 01c8 04       		.byte	0x4
 351 01c9 5A01     		.2byte	0x15a
 352 01cb AE010000 		.4byte	0x1ae
 353 01cf 00       		.byte	0
 354 01d0 00       		.byte	0
 355 01d1 04       		.uleb128 0x4
 356 01d2 00010000 		.4byte	.LASF35
 357 01d6 04       		.byte	0x4
 358 01d7 5B01     		.2byte	0x15b
 359 01d9 BA010000 		.4byte	0x1ba
 360 01dd 0A       		.uleb128 0xa
 361 01de 0A       		.byte	0xa
 362 01df 04       		.byte	0x4
 363 01e0 6101     		.2byte	0x161
 364 01e2 35020000 		.4byte	0x235
 365 01e6 0B       		.uleb128 0xb
 366 01e7 72617700 		.ascii	"raw\000"
 367 01eb 04       		.byte	0x4
 368 01ec 6601     		.2byte	0x166
 369 01ee 9E010000 		.4byte	0x19e
 370 01f2 00       		.byte	0
 371 01f3 09       		.uleb128 0x9
 372 01f4 28000000 		.4byte	.LASF36
 373 01f8 04       		.byte	0x4
 374 01f9 6B01     		.2byte	0x16b
 375 01fb 9E010000 		.4byte	0x19e
 376 01ff 02       		.byte	0x2
 377 0200 09       		.uleb128 0x9
 378 0201 95030000 		.4byte	.LASF37
 379 0205 04       		.byte	0x4
 380 0206 7101     		.2byte	0x171
 381 0208 CF000000 		.4byte	0xcf
 382 020c 04       		.byte	0x4
 383 020d 09       		.uleb128 0x9
 384 020e 46000000 		.4byte	.LASF38
 385 0212 04       		.byte	0x4
 386 0213 7601     		.2byte	0x176
 387 0215 B7000000 		.4byte	0xb7
 388 0219 06       		.byte	0x6
 389 021a 09       		.uleb128 0x9
 390 021b 9D030000 		.4byte	.LASF39
 391 021f 04       		.byte	0x4
 392 0220 7B01     		.2byte	0x17b
 393 0222 35020000 		.4byte	0x235
ARM GAS  C:\Users\Lenovo\AppData\Local\Temp\cc5E9Jgd.s 			page 9


 394 0226 08       		.byte	0x8
 395 0227 09       		.uleb128 0x9
 396 0228 7A000000 		.4byte	.LASF40
 397 022c 04       		.byte	0x4
 398 022d 8001     		.2byte	0x180
 399 022f CF000000 		.4byte	0xcf
 400 0233 09       		.byte	0x9
 401 0234 00       		.byte	0
 402 0235 06       		.uleb128 0x6
 403 0236 C3000000 		.4byte	0xc3
 404 023a 45020000 		.4byte	0x245
 405 023e 07       		.uleb128 0x7
 406 023f B0000000 		.4byte	0xb0
 407 0243 00       		.byte	0
 408 0244 00       		.byte	0
 409 0245 04       		.uleb128 0x4
 410 0246 68020000 		.4byte	.LASF41
 411 024a 04       		.byte	0x4
 412 024b 8101     		.2byte	0x181
 413 024d DD010000 		.4byte	0x1dd
 414 0251 0A       		.uleb128 0xa
 415 0252 32       		.byte	0x32
 416 0253 04       		.byte	0x4
 417 0254 8701     		.2byte	0x187
 418 0256 68020000 		.4byte	0x268
 419 025a 09       		.uleb128 0x9
 420 025b 7D040000 		.4byte	.LASF34
 421 025f 04       		.byte	0x4
 422 0260 8C01     		.2byte	0x18c
 423 0262 68020000 		.4byte	0x268
 424 0266 00       		.byte	0
 425 0267 00       		.byte	0
 426 0268 06       		.uleb128 0x6
 427 0269 45020000 		.4byte	0x245
 428 026d 78020000 		.4byte	0x278
 429 0271 07       		.uleb128 0x7
 430 0272 B0000000 		.4byte	0xb0
 431 0276 04       		.byte	0x4
 432 0277 00       		.byte	0
 433 0278 04       		.uleb128 0x4
 434 0279 DF010000 		.4byte	.LASF42
 435 027d 04       		.byte	0x4
 436 027e 8D01     		.2byte	0x18d
 437 0280 51020000 		.4byte	0x251
 438 0284 0A       		.uleb128 0xa
 439 0285 70       		.byte	0x70
 440 0286 04       		.byte	0x4
 441 0287 9301     		.2byte	0x193
 442 0289 85030000 		.4byte	0x385
 443 028d 09       		.uleb128 0x9
 444 028e 71000000 		.4byte	.LASF43
 445 0292 04       		.byte	0x4
 446 0293 9A01     		.2byte	0x19a
 447 0295 77000000 		.4byte	0x77
 448 0299 00       		.byte	0
 449 029a 09       		.uleb128 0x9
 450 029b E3020000 		.4byte	.LASF44
ARM GAS  C:\Users\Lenovo\AppData\Local\Temp\cc5E9Jgd.s 			page 10


 451 029f 04       		.byte	0x4
 452 02a0 9F01     		.2byte	0x19f
 453 02a2 77000000 		.4byte	0x77
 454 02a6 02       		.byte	0x2
 455 02a7 09       		.uleb128 0x9
 456 02a8 A2020000 		.4byte	.LASF45
 457 02ac 04       		.byte	0x4
 458 02ad A401     		.2byte	0x1a4
 459 02af 77000000 		.4byte	0x77
 460 02b3 04       		.byte	0x4
 461 02b4 09       		.uleb128 0x9
 462 02b5 6B010000 		.4byte	.LASF46
 463 02b9 04       		.byte	0x4
 464 02ba AA01     		.2byte	0x1aa
 465 02bc 77000000 		.4byte	0x77
 466 02c0 06       		.byte	0x6
 467 02c1 09       		.uleb128 0x9
 468 02c2 1C030000 		.4byte	.LASF47
 469 02c6 04       		.byte	0x4
 470 02c7 AF01     		.2byte	0x1af
 471 02c9 77000000 		.4byte	0x77
 472 02cd 08       		.byte	0x8
 473 02ce 09       		.uleb128 0x9
 474 02cf 9B020000 		.4byte	.LASF48
 475 02d3 04       		.byte	0x4
 476 02d4 B401     		.2byte	0x1b4
 477 02d6 A4000000 		.4byte	0xa4
 478 02da 0C       		.byte	0xc
 479 02db 09       		.uleb128 0x9
 480 02dc 45020000 		.4byte	.LASF49
 481 02e0 04       		.byte	0x4
 482 02e1 BA01     		.2byte	0x1ba
 483 02e3 85030000 		.4byte	0x385
 484 02e7 10       		.byte	0x10
 485 02e8 09       		.uleb128 0x9
 486 02e9 8C010000 		.4byte	.LASF50
 487 02ed 04       		.byte	0x4
 488 02ee C101     		.2byte	0x1c1
 489 02f0 85030000 		.4byte	0x385
 490 02f4 14       		.byte	0x14
 491 02f5 09       		.uleb128 0x9
 492 02f6 D9040000 		.4byte	.LASF51
 493 02fa 04       		.byte	0x4
 494 02fb D101     		.2byte	0x1d1
 495 02fd CF000000 		.4byte	0xcf
 496 0301 18       		.byte	0x18
 497 0302 09       		.uleb128 0x9
 498 0303 83000000 		.4byte	.LASF52
 499 0307 04       		.byte	0x4
 500 0308 D701     		.2byte	0x1d7
 501 030a 77000000 		.4byte	0x77
 502 030e 1A       		.byte	0x1a
 503 030f 09       		.uleb128 0x9
 504 0310 12030000 		.4byte	.LASF53
 505 0314 04       		.byte	0x4
 506 0315 DC01     		.2byte	0x1dc
 507 0317 6B000000 		.4byte	0x6b
ARM GAS  C:\Users\Lenovo\AppData\Local\Temp\cc5E9Jgd.s 			page 11


 508 031b 1C       		.byte	0x1c
 509 031c 09       		.uleb128 0x9
 510 031d 00000000 		.4byte	.LASF54
 511 0321 04       		.byte	0x4
 512 0322 E101     		.2byte	0x1e1
 513 0324 D1010000 		.4byte	0x1d1
 514 0328 1E       		.byte	0x1e
 515 0329 09       		.uleb128 0x9
 516 032a 0A030000 		.4byte	.LASF55
 517 032e 04       		.byte	0x4
 518 032f E601     		.2byte	0x1e6
 519 0331 78020000 		.4byte	0x278
 520 0335 34       		.byte	0x34
 521 0336 09       		.uleb128 0x9
 522 0337 94040000 		.4byte	.LASF56
 523 033b 04       		.byte	0x4
 524 033c EB01     		.2byte	0x1eb
 525 033e 6B000000 		.4byte	0x6b
 526 0342 66       		.byte	0x66
 527 0343 09       		.uleb128 0x9
 528 0344 1C010000 		.4byte	.LASF57
 529 0348 04       		.byte	0x4
 530 0349 F001     		.2byte	0x1f0
 531 034b 6B000000 		.4byte	0x6b
 532 034f 67       		.byte	0x67
 533 0350 09       		.uleb128 0x9
 534 0351 CB020000 		.4byte	.LASF58
 535 0355 04       		.byte	0x4
 536 0356 F501     		.2byte	0x1f5
 537 0358 77000000 		.4byte	0x77
 538 035c 68       		.byte	0x68
 539 035d 09       		.uleb128 0x9
 540 035e 09000000 		.4byte	.LASF59
 541 0362 04       		.byte	0x4
 542 0363 FA01     		.2byte	0x1fa
 543 0365 9E010000 		.4byte	0x19e
 544 0369 6A       		.byte	0x6a
 545 036a 09       		.uleb128 0x9
 546 036b 5A030000 		.4byte	.LASF60
 547 036f 04       		.byte	0x4
 548 0370 FF01     		.2byte	0x1ff
 549 0372 6B000000 		.4byte	0x6b
 550 0376 6C       		.byte	0x6c
 551 0377 09       		.uleb128 0x9
 552 0378 19000000 		.4byte	.LASF61
 553 037c 04       		.byte	0x4
 554 037d 0402     		.2byte	0x204
 555 037f 6B000000 		.4byte	0x6b
 556 0383 6D       		.byte	0x6d
 557 0384 00       		.byte	0
 558 0385 06       		.uleb128 0x6
 559 0386 83000000 		.4byte	0x83
 560 038a 95030000 		.4byte	0x395
 561 038e 07       		.uleb128 0x7
 562 038f B0000000 		.4byte	0xb0
 563 0393 00       		.byte	0
 564 0394 00       		.byte	0
ARM GAS  C:\Users\Lenovo\AppData\Local\Temp\cc5E9Jgd.s 			page 12


 565 0395 04       		.uleb128 0x4
 566 0396 31030000 		.4byte	.LASF62
 567 039a 04       		.byte	0x4
 568 039b 0502     		.2byte	0x205
 569 039d 84020000 		.4byte	0x284
 570 03a1 0C       		.uleb128 0xc
 571 03a2 DE020000 		.4byte	.LASF81
 572 03a6 01       		.byte	0x1
 573 03a7 0E       		.byte	0xe
 574 03a8 5D000000 		.4byte	0x5d
 575 03ac 00000000 		.4byte	.LFB32
 576 03b0 70000000 		.4byte	.LFE32-.LFB32
 577 03b4 01       		.uleb128 0x1
 578 03b5 9C       		.byte	0x9c
 579 03b6 95040000 		.4byte	0x495
 580 03ba 0D       		.uleb128 0xd
 581 03bb BF040000 		.4byte	.LASF63
 582 03bf 01       		.byte	0x1
 583 03c0 1F       		.byte	0x1f
 584 03c1 77000000 		.4byte	0x77
 585 03c5 00000000 		.4byte	.LLST0
 586 03c9 0E       		.uleb128 0xe
 587 03ca C2020000 		.4byte	.LASF82
 588 03ce 01       		.byte	0x1
 589 03cf 20       		.byte	0x20
 590 03d0 77000000 		.4byte	0x77
 591 03d4 0D       		.uleb128 0xd
 592 03d5 43010000 		.4byte	.LASF64
 593 03d9 01       		.byte	0x1
 594 03da 21       		.byte	0x21
 595 03db 77000000 		.4byte	0x77
 596 03df 13000000 		.4byte	.LLST1
 597 03e3 0F       		.uleb128 0xf
 598 03e4 08000000 		.4byte	.LVL0
 599 03e8 A1040000 		.4byte	0x4a1
 600 03ec 10       		.uleb128 0x10
 601 03ed 12000000 		.4byte	.LVL1
 602 03f1 AC040000 		.4byte	0x4ac
 603 03f5 06040000 		.4byte	0x406
 604 03f9 11       		.uleb128 0x11
 605 03fa 01       		.uleb128 0x1
 606 03fb 50       		.byte	0x50
 607 03fc 02       		.uleb128 0x2
 608 03fd 08       		.byte	0x8
 609 03fe 70       		.byte	0x70
 610 03ff 11       		.uleb128 0x11
 611 0400 01       		.uleb128 0x1
 612 0401 51       		.byte	0x51
 613 0402 02       		.uleb128 0x2
 614 0403 08       		.byte	0x8
 615 0404 70       		.byte	0x70
 616 0405 00       		.byte	0
 617 0406 0F       		.uleb128 0xf
 618 0407 16000000 		.4byte	.LVL2
 619 040b B7040000 		.4byte	0x4b7
 620 040f 0F       		.uleb128 0xf
 621 0410 1A000000 		.4byte	.LVL3
ARM GAS  C:\Users\Lenovo\AppData\Local\Temp\cc5E9Jgd.s 			page 13


 622 0414 C2040000 		.4byte	0x4c2
 623 0418 0F       		.uleb128 0xf
 624 0419 1E000000 		.4byte	.LVL4
 625 041d CE040000 		.4byte	0x4ce
 626 0421 0F       		.uleb128 0xf
 627 0422 22000000 		.4byte	.LVL5
 628 0426 DA040000 		.4byte	0x4da
 629 042a 0F       		.uleb128 0xf
 630 042b 26000000 		.4byte	.LVL6
 631 042f E5040000 		.4byte	0x4e5
 632 0433 0F       		.uleb128 0xf
 633 0434 2E000000 		.4byte	.LVL7
 634 0438 F0040000 		.4byte	0x4f0
 635 043c 0F       		.uleb128 0xf
 636 043d 32000000 		.4byte	.LVL8
 637 0441 FB040000 		.4byte	0x4fb
 638 0445 0F       		.uleb128 0xf
 639 0446 36000000 		.4byte	.LVL9
 640 044a FB040000 		.4byte	0x4fb
 641 044e 0F       		.uleb128 0xf
 642 044f 3A000000 		.4byte	.LVL10
 643 0453 06050000 		.4byte	0x506
 644 0457 10       		.uleb128 0x10
 645 0458 44000000 		.4byte	.LVL11
 646 045c 12050000 		.4byte	0x512
 647 0460 6A040000 		.4byte	0x46a
 648 0464 11       		.uleb128 0x11
 649 0465 01       		.uleb128 0x1
 650 0466 50       		.byte	0x50
 651 0467 01       		.uleb128 0x1
 652 0468 30       		.byte	0x30
 653 0469 00       		.byte	0
 654 046a 0F       		.uleb128 0xf
 655 046b 58000000 		.4byte	.LVL15
 656 046f 1E050000 		.4byte	0x51e
 657 0473 10       		.uleb128 0x10
 658 0474 60000000 		.4byte	.LVL16
 659 0478 2A050000 		.4byte	0x52a
 660 047c 8B040000 		.4byte	0x48b
 661 0480 11       		.uleb128 0x11
 662 0481 01       		.uleb128 0x1
 663 0482 50       		.byte	0x50
 664 0483 06       		.uleb128 0x6
 665 0484 74       		.byte	0x74
 666 0485 00       		.sleb128 0
 667 0486 40       		.byte	0x40
 668 0487 24       		.byte	0x24
 669 0488 40       		.byte	0x40
 670 0489 25       		.byte	0x25
 671 048a 00       		.byte	0
 672 048b 0F       		.uleb128 0xf
 673 048c 64000000 		.4byte	.LVL17
 674 0490 DA040000 		.4byte	0x4da
 675 0494 00       		.byte	0
 676 0495 12       		.uleb128 0x12
 677 0496 51010000 		.4byte	.LASF83
 678 049a 04       		.byte	0x4
ARM GAS  C:\Users\Lenovo\AppData\Local\Temp\cc5E9Jgd.s 			page 14


 679 049b 6804     		.2byte	0x468
 680 049d 95030000 		.4byte	0x395
 681 04a1 13       		.uleb128 0x13
 682 04a2 80010000 		.4byte	.LASF65
 683 04a6 80010000 		.4byte	.LASF65
 684 04aa 05       		.byte	0x5
 685 04ab 72       		.byte	0x72
 686 04ac 13       		.uleb128 0x13
 687 04ad 2F020000 		.4byte	.LASF66
 688 04b1 2F020000 		.4byte	.LASF66
 689 04b5 06       		.byte	0x6
 690 04b6 A2       		.byte	0xa2
 691 04b7 13       		.uleb128 0x13
 692 04b8 13020000 		.4byte	.LASF67
 693 04bc 13020000 		.4byte	.LASF67
 694 04c0 07       		.byte	0x7
 695 04c1 3B       		.byte	0x3b
 696 04c2 14       		.uleb128 0x14
 697 04c3 B1000000 		.4byte	.LASF68
 698 04c7 B1000000 		.4byte	.LASF68
 699 04cb 08       		.byte	0x8
 700 04cc 3201     		.2byte	0x132
 701 04ce 14       		.uleb128 0x14
 702 04cf C9040000 		.4byte	.LASF69
 703 04d3 C9040000 		.4byte	.LASF69
 704 04d7 09       		.byte	0x9
 705 04d8 3201     		.2byte	0x132
 706 04da 13       		.uleb128 0x13
 707 04db 50020000 		.4byte	.LASF70
 708 04df 50020000 		.4byte	.LASF70
 709 04e3 0A       		.byte	0xa
 710 04e4 59       		.byte	0x59
 711 04e5 13       		.uleb128 0x13
 712 04e6 AB030000 		.4byte	.LASF71
 713 04ea AB030000 		.4byte	.LASF71
 714 04ee 0A       		.byte	0xa
 715 04ef 5A       		.byte	0x5a
 716 04f0 13       		.uleb128 0x13
 717 04f1 A4040000 		.4byte	.LASF72
 718 04f5 A4040000 		.4byte	.LASF72
 719 04f9 07       		.byte	0x7
 720 04fa 3F       		.byte	0x3f
 721 04fb 13       		.uleb128 0x13
 722 04fc E2000000 		.4byte	.LASF73
 723 0500 E2000000 		.4byte	.LASF73
 724 0504 0B       		.byte	0xb
 725 0505 49       		.byte	0x49
 726 0506 14       		.uleb128 0x14
 727 0507 C7000000 		.4byte	.LASF74
 728 050b C7000000 		.4byte	.LASF74
 729 050f 04       		.byte	0x4
 730 0510 8104     		.2byte	0x481
 731 0512 14       		.uleb128 0x14
 732 0513 AA020000 		.4byte	.LASF75
 733 0517 AA020000 		.4byte	.LASF75
 734 051b 04       		.byte	0x4
 735 051c 9404     		.2byte	0x494
ARM GAS  C:\Users\Lenovo\AppData\Local\Temp\cc5E9Jgd.s 			page 15


 736 051e 14       		.uleb128 0x14
 737 051f BD010000 		.4byte	.LASF76
 738 0523 BD010000 		.4byte	.LASF76
 739 0527 08       		.byte	0x8
 740 0528 5501     		.2byte	0x155
 741 052a 14       		.uleb128 0x14
 742 052b 77030000 		.4byte	.LASF77
 743 052f 77030000 		.4byte	.LASF77
 744 0533 09       		.byte	0x9
 745 0534 5501     		.2byte	0x155
 746 0536 00       		.byte	0
 747              		.section	.debug_abbrev,"",%progbits
 748              	.Ldebug_abbrev0:
 749 0000 01       		.uleb128 0x1
 750 0001 11       		.uleb128 0x11
 751 0002 01       		.byte	0x1
 752 0003 25       		.uleb128 0x25
 753 0004 0E       		.uleb128 0xe
 754 0005 13       		.uleb128 0x13
 755 0006 0B       		.uleb128 0xb
 756 0007 03       		.uleb128 0x3
 757 0008 0E       		.uleb128 0xe
 758 0009 1B       		.uleb128 0x1b
 759 000a 0E       		.uleb128 0xe
 760 000b 55       		.uleb128 0x55
 761 000c 17       		.uleb128 0x17
 762 000d 11       		.uleb128 0x11
 763 000e 01       		.uleb128 0x1
 764 000f 10       		.uleb128 0x10
 765 0010 17       		.uleb128 0x17
 766 0011 00       		.byte	0
 767 0012 00       		.byte	0
 768 0013 02       		.uleb128 0x2
 769 0014 24       		.uleb128 0x24
 770 0015 00       		.byte	0
 771 0016 0B       		.uleb128 0xb
 772 0017 0B       		.uleb128 0xb
 773 0018 3E       		.uleb128 0x3e
 774 0019 0B       		.uleb128 0xb
 775 001a 03       		.uleb128 0x3
 776 001b 0E       		.uleb128 0xe
 777 001c 00       		.byte	0
 778 001d 00       		.byte	0
 779 001e 03       		.uleb128 0x3
 780 001f 24       		.uleb128 0x24
 781 0020 00       		.byte	0
 782 0021 0B       		.uleb128 0xb
 783 0022 0B       		.uleb128 0xb
 784 0023 3E       		.uleb128 0x3e
 785 0024 0B       		.uleb128 0xb
 786 0025 03       		.uleb128 0x3
 787 0026 08       		.uleb128 0x8
 788 0027 00       		.byte	0
 789 0028 00       		.byte	0
 790 0029 04       		.uleb128 0x4
 791 002a 16       		.uleb128 0x16
 792 002b 00       		.byte	0
ARM GAS  C:\Users\Lenovo\AppData\Local\Temp\cc5E9Jgd.s 			page 16


 793 002c 03       		.uleb128 0x3
 794 002d 0E       		.uleb128 0xe
 795 002e 3A       		.uleb128 0x3a
 796 002f 0B       		.uleb128 0xb
 797 0030 3B       		.uleb128 0x3b
 798 0031 05       		.uleb128 0x5
 799 0032 49       		.uleb128 0x49
 800 0033 13       		.uleb128 0x13
 801 0034 00       		.byte	0
 802 0035 00       		.byte	0
 803 0036 05       		.uleb128 0x5
 804 0037 35       		.uleb128 0x35
 805 0038 00       		.byte	0
 806 0039 49       		.uleb128 0x49
 807 003a 13       		.uleb128 0x13
 808 003b 00       		.byte	0
 809 003c 00       		.byte	0
 810 003d 06       		.uleb128 0x6
 811 003e 01       		.uleb128 0x1
 812 003f 01       		.byte	0x1
 813 0040 49       		.uleb128 0x49
 814 0041 13       		.uleb128 0x13
 815 0042 01       		.uleb128 0x1
 816 0043 13       		.uleb128 0x13
 817 0044 00       		.byte	0
 818 0045 00       		.byte	0
 819 0046 07       		.uleb128 0x7
 820 0047 21       		.uleb128 0x21
 821 0048 00       		.byte	0
 822 0049 49       		.uleb128 0x49
 823 004a 13       		.uleb128 0x13
 824 004b 2F       		.uleb128 0x2f
 825 004c 0B       		.uleb128 0xb
 826 004d 00       		.byte	0
 827 004e 00       		.byte	0
 828 004f 08       		.uleb128 0x8
 829 0050 13       		.uleb128 0x13
 830 0051 01       		.byte	0x1
 831 0052 0B       		.uleb128 0xb
 832 0053 0B       		.uleb128 0xb
 833 0054 3A       		.uleb128 0x3a
 834 0055 0B       		.uleb128 0xb
 835 0056 3B       		.uleb128 0x3b
 836 0057 0B       		.uleb128 0xb
 837 0058 01       		.uleb128 0x1
 838 0059 13       		.uleb128 0x13
 839 005a 00       		.byte	0
 840 005b 00       		.byte	0
 841 005c 09       		.uleb128 0x9
 842 005d 0D       		.uleb128 0xd
 843 005e 00       		.byte	0
 844 005f 03       		.uleb128 0x3
 845 0060 0E       		.uleb128 0xe
 846 0061 3A       		.uleb128 0x3a
 847 0062 0B       		.uleb128 0xb
 848 0063 3B       		.uleb128 0x3b
 849 0064 05       		.uleb128 0x5
ARM GAS  C:\Users\Lenovo\AppData\Local\Temp\cc5E9Jgd.s 			page 17


 850 0065 49       		.uleb128 0x49
 851 0066 13       		.uleb128 0x13
 852 0067 38       		.uleb128 0x38
 853 0068 0B       		.uleb128 0xb
 854 0069 00       		.byte	0
 855 006a 00       		.byte	0
 856 006b 0A       		.uleb128 0xa
 857 006c 13       		.uleb128 0x13
 858 006d 01       		.byte	0x1
 859 006e 0B       		.uleb128 0xb
 860 006f 0B       		.uleb128 0xb
 861 0070 3A       		.uleb128 0x3a
 862 0071 0B       		.uleb128 0xb
 863 0072 3B       		.uleb128 0x3b
 864 0073 05       		.uleb128 0x5
 865 0074 01       		.uleb128 0x1
 866 0075 13       		.uleb128 0x13
 867 0076 00       		.byte	0
 868 0077 00       		.byte	0
 869 0078 0B       		.uleb128 0xb
 870 0079 0D       		.uleb128 0xd
 871 007a 00       		.byte	0
 872 007b 03       		.uleb128 0x3
 873 007c 08       		.uleb128 0x8
 874 007d 3A       		.uleb128 0x3a
 875 007e 0B       		.uleb128 0xb
 876 007f 3B       		.uleb128 0x3b
 877 0080 05       		.uleb128 0x5
 878 0081 49       		.uleb128 0x49
 879 0082 13       		.uleb128 0x13
 880 0083 38       		.uleb128 0x38
 881 0084 0B       		.uleb128 0xb
 882 0085 00       		.byte	0
 883 0086 00       		.byte	0
 884 0087 0C       		.uleb128 0xc
 885 0088 2E       		.uleb128 0x2e
 886 0089 01       		.byte	0x1
 887 008a 3F       		.uleb128 0x3f
 888 008b 19       		.uleb128 0x19
 889 008c 03       		.uleb128 0x3
 890 008d 0E       		.uleb128 0xe
 891 008e 3A       		.uleb128 0x3a
 892 008f 0B       		.uleb128 0xb
 893 0090 3B       		.uleb128 0x3b
 894 0091 0B       		.uleb128 0xb
 895 0092 27       		.uleb128 0x27
 896 0093 19       		.uleb128 0x19
 897 0094 49       		.uleb128 0x49
 898 0095 13       		.uleb128 0x13
 899 0096 8701     		.uleb128 0x87
 900 0098 19       		.uleb128 0x19
 901 0099 11       		.uleb128 0x11
 902 009a 01       		.uleb128 0x1
 903 009b 12       		.uleb128 0x12
 904 009c 06       		.uleb128 0x6
 905 009d 40       		.uleb128 0x40
 906 009e 18       		.uleb128 0x18
ARM GAS  C:\Users\Lenovo\AppData\Local\Temp\cc5E9Jgd.s 			page 18


 907 009f 9742     		.uleb128 0x2117
 908 00a1 19       		.uleb128 0x19
 909 00a2 01       		.uleb128 0x1
 910 00a3 13       		.uleb128 0x13
 911 00a4 00       		.byte	0
 912 00a5 00       		.byte	0
 913 00a6 0D       		.uleb128 0xd
 914 00a7 34       		.uleb128 0x34
 915 00a8 00       		.byte	0
 916 00a9 03       		.uleb128 0x3
 917 00aa 0E       		.uleb128 0xe
 918 00ab 3A       		.uleb128 0x3a
 919 00ac 0B       		.uleb128 0xb
 920 00ad 3B       		.uleb128 0x3b
 921 00ae 0B       		.uleb128 0xb
 922 00af 49       		.uleb128 0x49
 923 00b0 13       		.uleb128 0x13
 924 00b1 02       		.uleb128 0x2
 925 00b2 17       		.uleb128 0x17
 926 00b3 00       		.byte	0
 927 00b4 00       		.byte	0
 928 00b5 0E       		.uleb128 0xe
 929 00b6 34       		.uleb128 0x34
 930 00b7 00       		.byte	0
 931 00b8 03       		.uleb128 0x3
 932 00b9 0E       		.uleb128 0xe
 933 00ba 3A       		.uleb128 0x3a
 934 00bb 0B       		.uleb128 0xb
 935 00bc 3B       		.uleb128 0x3b
 936 00bd 0B       		.uleb128 0xb
 937 00be 49       		.uleb128 0x49
 938 00bf 13       		.uleb128 0x13
 939 00c0 00       		.byte	0
 940 00c1 00       		.byte	0
 941 00c2 0F       		.uleb128 0xf
 942 00c3 898201   		.uleb128 0x4109
 943 00c6 00       		.byte	0
 944 00c7 11       		.uleb128 0x11
 945 00c8 01       		.uleb128 0x1
 946 00c9 31       		.uleb128 0x31
 947 00ca 13       		.uleb128 0x13
 948 00cb 00       		.byte	0
 949 00cc 00       		.byte	0
 950 00cd 10       		.uleb128 0x10
 951 00ce 898201   		.uleb128 0x4109
 952 00d1 01       		.byte	0x1
 953 00d2 11       		.uleb128 0x11
 954 00d3 01       		.uleb128 0x1
 955 00d4 31       		.uleb128 0x31
 956 00d5 13       		.uleb128 0x13
 957 00d6 01       		.uleb128 0x1
 958 00d7 13       		.uleb128 0x13
 959 00d8 00       		.byte	0
 960 00d9 00       		.byte	0
 961 00da 11       		.uleb128 0x11
 962 00db 8A8201   		.uleb128 0x410a
 963 00de 00       		.byte	0
ARM GAS  C:\Users\Lenovo\AppData\Local\Temp\cc5E9Jgd.s 			page 19


 964 00df 02       		.uleb128 0x2
 965 00e0 18       		.uleb128 0x18
 966 00e1 9142     		.uleb128 0x2111
 967 00e3 18       		.uleb128 0x18
 968 00e4 00       		.byte	0
 969 00e5 00       		.byte	0
 970 00e6 12       		.uleb128 0x12
 971 00e7 34       		.uleb128 0x34
 972 00e8 00       		.byte	0
 973 00e9 03       		.uleb128 0x3
 974 00ea 0E       		.uleb128 0xe
 975 00eb 3A       		.uleb128 0x3a
 976 00ec 0B       		.uleb128 0xb
 977 00ed 3B       		.uleb128 0x3b
 978 00ee 05       		.uleb128 0x5
 979 00ef 49       		.uleb128 0x49
 980 00f0 13       		.uleb128 0x13
 981 00f1 3F       		.uleb128 0x3f
 982 00f2 19       		.uleb128 0x19
 983 00f3 3C       		.uleb128 0x3c
 984 00f4 19       		.uleb128 0x19
 985 00f5 00       		.byte	0
 986 00f6 00       		.byte	0
 987 00f7 13       		.uleb128 0x13
 988 00f8 2E       		.uleb128 0x2e
 989 00f9 00       		.byte	0
 990 00fa 3F       		.uleb128 0x3f
 991 00fb 19       		.uleb128 0x19
 992 00fc 3C       		.uleb128 0x3c
 993 00fd 19       		.uleb128 0x19
 994 00fe 6E       		.uleb128 0x6e
 995 00ff 0E       		.uleb128 0xe
 996 0100 03       		.uleb128 0x3
 997 0101 0E       		.uleb128 0xe
 998 0102 3A       		.uleb128 0x3a
 999 0103 0B       		.uleb128 0xb
 1000 0104 3B       		.uleb128 0x3b
 1001 0105 0B       		.uleb128 0xb
 1002 0106 00       		.byte	0
 1003 0107 00       		.byte	0
 1004 0108 14       		.uleb128 0x14
 1005 0109 2E       		.uleb128 0x2e
 1006 010a 00       		.byte	0
 1007 010b 3F       		.uleb128 0x3f
 1008 010c 19       		.uleb128 0x19
 1009 010d 3C       		.uleb128 0x3c
 1010 010e 19       		.uleb128 0x19
 1011 010f 6E       		.uleb128 0x6e
 1012 0110 0E       		.uleb128 0xe
 1013 0111 03       		.uleb128 0x3
 1014 0112 0E       		.uleb128 0xe
 1015 0113 3A       		.uleb128 0x3a
 1016 0114 0B       		.uleb128 0xb
 1017 0115 3B       		.uleb128 0x3b
 1018 0116 05       		.uleb128 0x5
 1019 0117 00       		.byte	0
 1020 0118 00       		.byte	0
ARM GAS  C:\Users\Lenovo\AppData\Local\Temp\cc5E9Jgd.s 			page 20


 1021 0119 00       		.byte	0
 1022              		.section	.debug_loc,"",%progbits
 1023              	.Ldebug_loc0:
 1024              	.LLST0:
 1025 0000 48000000 		.4byte	.LVL12
 1026 0004 52000000 		.4byte	.LVL13
 1027 0008 0100     		.2byte	0x1
 1028 000a 50       		.byte	0x50
 1029 000b 00000000 		.4byte	0
 1030 000f 00000000 		.4byte	0
 1031              	.LLST1:
 1032 0013 54000000 		.4byte	.LVL14
 1033 0017 57000000 		.4byte	.LVL15-1
 1034 001b 0100     		.2byte	0x1
 1035 001d 50       		.byte	0x50
 1036 001e 00000000 		.4byte	0
 1037 0022 00000000 		.4byte	0
 1038              		.section	.debug_aranges,"",%progbits
 1039 0000 1C000000 		.4byte	0x1c
 1040 0004 0200     		.2byte	0x2
 1041 0006 00000000 		.4byte	.Ldebug_info0
 1042 000a 04       		.byte	0x4
 1043 000b 00       		.byte	0
 1044 000c 0000     		.2byte	0
 1045 000e 0000     		.2byte	0
 1046 0010 00000000 		.4byte	.LFB32
 1047 0014 70000000 		.4byte	.LFE32-.LFB32
 1048 0018 00000000 		.4byte	0
 1049 001c 00000000 		.4byte	0
 1050              		.section	.debug_ranges,"",%progbits
 1051              	.Ldebug_ranges0:
 1052 0000 00000000 		.4byte	.LFB32
 1053 0004 70000000 		.4byte	.LFE32
 1054 0008 00000000 		.4byte	0
 1055 000c 00000000 		.4byte	0
 1056              		.section	.debug_line,"",%progbits
 1057              	.Ldebug_line0:
 1058 0000 16010000 		.section	.debug_str,"MS",%progbits,1
 1058      0200EE00 
 1058      00000201 
 1058      FB0E0D00 
 1058      01010101 
 1059              	.LASF54:
 1060 0000 77646774 		.ascii	"wdgtList\000"
 1060      4C697374 
 1060      00
 1061              	.LASF59:
 1062 0009 736E7254 		.ascii	"snrTestRawCount\000"
 1062      65737452 
 1062      6177436F 
 1062      756E7400 
 1063              	.LASF61:
 1064 0019 7363616E 		.ascii	"scanCurrentISC\000"
 1064      43757272 
 1064      656E7449 
 1064      534300
 1065              	.LASF36:
ARM GAS  C:\Users\Lenovo\AppData\Local\Temp\cc5E9Jgd.s 			page 21


 1066 0028 62736C6E 		.ascii	"bsln\000"
 1066      00
 1067              	.LASF27:
 1068 002d 69646163 		.ascii	"idacGainIndex\000"
 1068      4761696E 
 1068      496E6465 
 1068      7800
 1069              	.LASF25:
 1070 003b 6C6F7742 		.ascii	"lowBslnRst\000"
 1070      736C6E52 
 1070      737400
 1071              	.LASF38:
 1072 0046 64696666 		.ascii	"diff\000"
 1072      00
 1073              	.LASF26:
 1074 004b 69646163 		.ascii	"idacMod\000"
 1074      4D6F6400 
 1075              	.LASF2:
 1076 0053 73686F72 		.ascii	"short int\000"
 1076      7420696E 
 1076      7400
 1077              	.LASF24:
 1078 005d 6F6E4465 		.ascii	"onDebounce\000"
 1078      626F756E 
 1078      636500
 1079              	.LASF16:
 1080 0068 73697A65 		.ascii	"sizetype\000"
 1080      74797065 
 1080      00
 1081              	.LASF43:
 1082 0071 636F6E66 		.ascii	"configId\000"
 1082      69674964 
 1082      00
 1083              	.LASF40:
 1084 007a 69646163 		.ascii	"idacComp\000"
 1084      436F6D70 
 1084      00
 1085              	.LASF52:
 1086 0083 63736430 		.ascii	"csd0Config\000"
 1086      436F6E66 
 1086      696700
 1087              	.LASF6:
 1088 008e 6C6F6E67 		.ascii	"long long int\000"
 1088      206C6F6E 
 1088      6720696E 
 1088      7400
 1089              	.LASF29:
 1090 009c 736E7343 		.ascii	"snsClkSource\000"
 1090      6C6B536F 
 1090      75726365 
 1090      00
 1091              	.LASF21:
 1092 00a9 6E6F6973 		.ascii	"noiseTh\000"
 1092      65546800 
 1093              	.LASF68:
 1094 00b1 50574D5F 		.ascii	"PWM_Blue_Start\000"
 1094      426C7565 
ARM GAS  C:\Users\Lenovo\AppData\Local\Temp\cc5E9Jgd.s 			page 22


 1094      5F537461 
 1094      727400
 1095              	.LASF10:
 1096 00c0 75696E74 		.ascii	"uint16\000"
 1096      313600
 1097              	.LASF74:
 1098 00c7 43617053 		.ascii	"CapSense_IsAnyWidgetActive\000"
 1098      656E7365 
 1098      5F497341 
 1098      6E795769 
 1098      64676574 
 1099              	.LASF73:
 1100 00e2 43617053 		.ascii	"CapSense_RunTuner\000"
 1100      656E7365 
 1100      5F52756E 
 1100      54756E65 
 1100      7200
 1101              	.LASF9:
 1102 00f4 75696E74 		.ascii	"uint8\000"
 1102      3800
 1103              	.LASF12:
 1104 00fa 666C6F61 		.ascii	"float\000"
 1104      7400
 1105              	.LASF35:
 1106 0100 43617053 		.ascii	"CapSense_RAM_WD_LIST_STRUCT\000"
 1106      656E7365 
 1106      5F52414D 
 1106      5F57445F 
 1106      4C495354 
 1107              	.LASF57:
 1108 011c 736E7254 		.ascii	"snrTestSensorId\000"
 1108      65737453 
 1108      656E736F 
 1108      72496400 
 1109              	.LASF14:
 1110 012c 63686172 		.ascii	"char\000"
 1110      00
 1111              	.LASF4:
 1112 0131 6C6F6E67 		.ascii	"long int\000"
 1112      20696E74 
 1112      00
 1113              	.LASF20:
 1114 013a 66696E67 		.ascii	"fingerTh\000"
 1114      65725468 
 1114      00
 1115              	.LASF64:
 1116 0143 70776D52 		.ascii	"pwmRed\000"
 1116      656400
 1117              	.LASF28:
 1118 014a 736E7343 		.ascii	"snsClk\000"
 1118      6C6B00
 1119              	.LASF83:
 1120 0151 43617053 		.ascii	"CapSense_dsRam\000"
 1120      656E7365 
 1120      5F647352 
 1120      616D00
 1121              	.LASF23:
ARM GAS  C:\Users\Lenovo\AppData\Local\Temp\cc5E9Jgd.s 			page 23


 1122 0160 68797374 		.ascii	"hysteresis\000"
 1122      65726573 
 1122      697300
 1123              	.LASF46:
 1124 016b 74756E65 		.ascii	"tunerCmd\000"
 1124      72436D64 
 1124      00
 1125              	.LASF15:
 1126 0174 6C6F6E67 		.ascii	"long double\000"
 1126      20646F75 
 1126      626C6500 
 1127              	.LASF65:
 1128 0180 455A4932 		.ascii	"EZI2C_Start\000"
 1128      435F5374 
 1128      61727400 
 1129              	.LASF50:
 1130 018c 77646774 		.ascii	"wdgtStatus\000"
 1130      53746174 
 1130      757300
 1131              	.LASF1:
 1132 0197 756E7369 		.ascii	"unsigned char\000"
 1132      676E6564 
 1132      20636861 
 1132      7200
 1133              	.LASF17:
 1134 01a5 43617053 		.ascii	"CapSense_THRESHOLD_TYPE\000"
 1134      656E7365 
 1134      5F544852 
 1134      4553484F 
 1134      4C445F54 
 1135              	.LASF76:
 1136 01bd 50574D5F 		.ascii	"PWM_Blue_WriteCompare\000"
 1136      426C7565 
 1136      5F577269 
 1136      7465436F 
 1136      6D706172 
 1137              	.LASF0:
 1138 01d3 7369676E 		.ascii	"signed char\000"
 1138      65642063 
 1138      68617200 
 1139              	.LASF42:
 1140 01df 43617053 		.ascii	"CapSense_RAM_SNS_LIST_STRUCT\000"
 1140      656E7365 
 1140      5F52414D 
 1140      5F534E53 
 1140      5F4C4953 
 1141              	.LASF7:
 1142 01fc 6C6F6E67 		.ascii	"long long unsigned int\000"
 1142      206C6F6E 
 1142      6720756E 
 1142      7369676E 
 1142      65642069 
 1143              	.LASF67:
 1144 0213 43617053 		.ascii	"CapSense_Start\000"
 1144      656E7365 
 1144      5F537461 
 1144      727400
ARM GAS  C:\Users\Lenovo\AppData\Local\Temp\cc5E9Jgd.s 			page 24


 1145              	.LASF8:
 1146 0222 756E7369 		.ascii	"unsigned int\000"
 1146      676E6564 
 1146      20696E74 
 1146      00
 1147              	.LASF66:
 1148 022f 455A4932 		.ascii	"EZI2C_EzI2CSetBuffer1\000"
 1148      435F457A 
 1148      49324353 
 1148      65744275 
 1148      66666572 
 1149              	.LASF49:
 1150 0245 77646774 		.ascii	"wdgtEnable\000"
 1150      456E6162 
 1150      6C6500
 1151              	.LASF70:
 1152 0250 43617053 		.ascii	"CapSense_ScanAllWidgets\000"
 1152      656E7365 
 1152      5F536361 
 1152      6E416C6C 
 1152      57696467 
 1153              	.LASF41:
 1154 0268 43617053 		.ascii	"CapSense_RAM_SNS_STRUCT\000"
 1154      656E7365 
 1154      5F52414D 
 1154      5F534E53 
 1154      5F535452 
 1155              	.LASF18:
 1156 0280 43617053 		.ascii	"CapSense_LOW_BSLN_RST_TYPE\000"
 1156      656E7365 
 1156      5F4C4F57 
 1156      5F42534C 
 1156      4E5F5253 
 1157              	.LASF48:
 1158 029b 73746174 		.ascii	"status\000"
 1158      757300
 1159              	.LASF45:
 1160 02a2 6877436C 		.ascii	"hwClock\000"
 1160      6F636B00 
 1161              	.LASF75:
 1162 02aa 43617053 		.ascii	"CapSense_GetCentroidPos\000"
 1162      656E7365 
 1162      5F476574 
 1162      43656E74 
 1162      726F6964 
 1163              	.LASF82:
 1164 02c2 70776D47 		.ascii	"pwmGreen\000"
 1164      7265656E 
 1164      00
 1165              	.LASF58:
 1166 02cb 736E7254 		.ascii	"snrTestScanCounter\000"
 1166      65737453 
 1166      63616E43 
 1166      6F756E74 
 1166      657200
 1167              	.LASF81:
 1168 02de 6D61696E 		.ascii	"main\000"
ARM GAS  C:\Users\Lenovo\AppData\Local\Temp\cc5E9Jgd.s 			page 25


 1168      00
 1169              	.LASF44:
 1170 02e3 64657669 		.ascii	"deviceId\000"
 1170      63654964 
 1170      00
 1171              	.LASF19:
 1172 02ec 7265736F 		.ascii	"resolution\000"
 1172      6C757469 
 1172      6F6E00
 1173              	.LASF3:
 1174 02f7 73686F72 		.ascii	"short unsigned int\000"
 1174      7420756E 
 1174      7369676E 
 1174      65642069 
 1174      6E7400
 1175              	.LASF55:
 1176 030a 736E734C 		.ascii	"snsList\000"
 1176      69737400 
 1177              	.LASF53:
 1178 0312 6D6F6443 		.ascii	"modCsdClk\000"
 1178      7364436C 
 1178      6B00
 1179              	.LASF47:
 1180 031c 7363616E 		.ascii	"scanCounter\000"
 1180      436F756E 
 1180      74657200 
 1181              	.LASF22:
 1182 0328 6E4E6F69 		.ascii	"nNoiseTh\000"
 1182      73655468 
 1182      00
 1183              	.LASF62:
 1184 0331 43617053 		.ascii	"CapSense_RAM_STRUCT\000"
 1184      656E7365 
 1184      5F52414D 
 1184      5F535452 
 1184      55435400 
 1185              	.LASF31:
 1186 0345 73696750 		.ascii	"sigPFC\000"
 1186      464300
 1187              	.LASF11:
 1188 034c 75696E74 		.ascii	"uint32\000"
 1188      333200
 1189              	.LASF79:
 1190 0353 6D61696E 		.ascii	"main.c\000"
 1190      2E6300
 1191              	.LASF60:
 1192 035a 7363616E 		.ascii	"scanCsdISC\000"
 1192      43736449 
 1192      534300
 1193              	.LASF5:
 1194 0365 6C6F6E67 		.ascii	"long unsigned int\000"
 1194      20756E73 
 1194      69676E65 
 1194      6420696E 
 1194      7400
 1195              	.LASF77:
 1196 0377 50574D5F 		.ascii	"PWM_Green_WriteCompare\000"
ARM GAS  C:\Users\Lenovo\AppData\Local\Temp\cc5E9Jgd.s 			page 26


 1196      47726565 
 1196      6E5F5772 
 1196      69746543 
 1196      6F6D7061 
 1197              	.LASF13:
 1198 038e 646F7562 		.ascii	"double\000"
 1198      6C6500
 1199              	.LASF37:
 1200 0395 62736C6E 		.ascii	"bslnExt\000"
 1200      45787400 
 1201              	.LASF39:
 1202 039d 6E656742 		.ascii	"negBslnRstCnt\000"
 1202      736C6E52 
 1202      7374436E 
 1202      7400
 1203              	.LASF71:
 1204 03ab 43617053 		.ascii	"CapSense_IsBusy\000"
 1204      656E7365 
 1204      5F497342 
 1204      75737900 
 1205              	.LASF78:
 1206 03bb 474E5520 		.ascii	"GNU C11 5.4.1 20160609 (release) [ARM/embedded-5-br"
 1206      43313120 
 1206      352E342E 
 1206      31203230 
 1206      31363036 
 1207 03ee 616E6368 		.ascii	"anch revision 237715] -mcpu=cortex-m0 -mthumb -g -O"
 1207      20726576 
 1207      6973696F 
 1207      6E203233 
 1207      37373135 
 1208 0421 67202D66 		.ascii	"g -ffunction-sections -ffat-lto-objects\000"
 1208      66756E63 
 1208      74696F6E 
 1208      2D736563 
 1208      74696F6E 
 1209              	.LASF80:
 1210 0449 443A5C4D 		.ascii	"D:\\Microprocess2\\Lab4\\Lab4\\Design01.cydsn\000"
 1210      6963726F 
 1210      70726F63 
 1210      65737332 
 1210      5C4C6162 
 1211              	.LASF30:
 1212 0473 66696E67 		.ascii	"fingerCap\000"
 1212      65724361 
 1212      7000
 1213              	.LASF34:
 1214 047d 6C696E65 		.ascii	"linearslider0\000"
 1214      6172736C 
 1214      69646572 
 1214      3000
 1215              	.LASF32:
 1216 048b 706F7369 		.ascii	"position\000"
 1216      74696F6E 
 1216      00
 1217              	.LASF56:
 1218 0494 736E7254 		.ascii	"snrTestWidgetId\000"
ARM GAS  C:\Users\Lenovo\AppData\Local\Temp\cc5E9Jgd.s 			page 27


 1218      65737457 
 1218      69646765 
 1218      74496400 
 1219              	.LASF72:
 1220 04a4 43617053 		.ascii	"CapSense_ProcessAllWidgets\000"
 1220      656E7365 
 1220      5F50726F 
 1220      63657373 
 1220      416C6C57 
 1221              	.LASF63:
 1222 04bf 736C6964 		.ascii	"sliderPos\000"
 1222      6572506F 
 1222      7300
 1223              	.LASF69:
 1224 04c9 50574D5F 		.ascii	"PWM_Green_Start\000"
 1224      47726565 
 1224      6E5F5374 
 1224      61727400 
 1225              	.LASF51:
 1226 04d9 736E7353 		.ascii	"snsStatus\000"
 1226      74617475 
 1226      7300
 1227              	.LASF33:
 1228 04e3 43617053 		.ascii	"CapSense_RAM_WD_SLIDER_STRUCT\000"
 1228      656E7365 
 1228      5F52414D 
 1228      5F57445F 
 1228      534C4944 
 1229              		.ident	"GCC: (GNU Tools for ARM Embedded Processors) 5.4.1 20160609 (release) [ARM/embedded-5-bran
