ARM GAS  C:\Users\Lenovo\AppData\Local\Temp\cc4YvCTy.s 			page 1


   1              		.syntax unified
   2              		.cpu cortex-m0plus
   3              		.fpu softvfp
   4              		.eabi_attribute 20, 1
   5              		.eabi_attribute 21, 1
   6              		.eabi_attribute 23, 3
   7              		.eabi_attribute 24, 1
   8              		.eabi_attribute 25, 1
   9              		.eabi_attribute 26, 1
  10              		.eabi_attribute 30, 1
  11              		.eabi_attribute 34, 0
  12              		.eabi_attribute 18, 4
  13              		.thumb
  14              		.syntax unified
  15              		.file	"main_cm0p.c"
  16              		.text
  17              	.Ltext0:
  18              		.cfi_sections	.debug_frame
  19              		.section	.text.main,"ax",%progbits
  20              		.align	2
  21              		.global	main
  22              		.code	16
  23              		.thumb_func
  24              		.type	main, %function
  25              	main:
  26              	.LFB360:
  27              		.file 1 "main_cm0p.c"
   1:main_cm0p.c   **** /* ========================================
   2:main_cm0p.c   ****  *
   3:main_cm0p.c   ****  * Copyright YOUR COMPANY, THE YEAR
   4:main_cm0p.c   ****  * All Rights Reserved
   5:main_cm0p.c   ****  * UNPUBLISHED, LICENSED SOFTWARE.
   6:main_cm0p.c   ****  *
   7:main_cm0p.c   ****  * CONFIDENTIAL AND PROPRIETARY INFORMATION
   8:main_cm0p.c   ****  * WHICH IS THE PROPERTY OF your company.
   9:main_cm0p.c   ****  *
  10:main_cm0p.c   ****  * ========================================
  11:main_cm0p.c   **** */
  12:main_cm0p.c   **** #include "project.h"
  13:main_cm0p.c   **** int main(void)
  14:main_cm0p.c   **** 
  15:main_cm0p.c   **** {  
  28              		.loc 1 15 0
  29              		.cfi_startproc
  30              		@ Volatile: function does not return.
  31              		@ args = 0, pretend = 0, frame = 0
  32              		@ frame_needed = 0, uses_anonymous_args = 0
  33 0000 10B5     		push	{r4, lr}
  34              		.cfi_def_cfa_offset 8
  35              		.cfi_offset 4, -8
  36              		.cfi_offset 14, -4
  16:main_cm0p.c   ****     /* Enable CM4.  CY_CORTEX_M4  must be updated if CM4 memory layout is changed. */
  17:main_cm0p.c   ****     Cy_SysEnableCM4(CY_CORTEX_M4_APPL_ADDR); 
  37              		.loc 1 17 0
  38 0002 0248     		ldr	r0, .L3
  39 0004 FFF7FEFF 		bl	Cy_SysEnableCM4
  40              	.LVL0:
ARM GAS  C:\Users\Lenovo\AppData\Local\Temp\cc4YvCTy.s 			page 2


  41              	.L2:
  42 0008 FEE7     		b	.L2
  43              	.L4:
  44 000a C046     		.align	2
  45              	.L3:
  46 000c 00000810 		.word	268959744
  47              		.cfi_endproc
  48              	.LFE360:
  49              		.size	main, .-main
  50              		.text
  51              	.Letext0:
  52              		.file 2 "d:\\psoc creator\\4.4\\psoc creator\\import\\gnu\\arm\\5.4.1\\arm-none-eabi\\include\\mac
  53              		.file 3 "d:\\psoc creator\\4.4\\psoc creator\\import\\gnu\\arm\\5.4.1\\arm-none-eabi\\include\\sys
  54              		.file 4 "Generated_Source\\PSoC6\\pdl\\drivers/peripheral/device/cy_device.h"
  55              		.file 5 "Generated_Source\\PSoC6\\pdl\\drivers/peripheral/tcpwm/cy_tcpwm_pwm.h"
  56              		.file 6 "Generated_Source\\PSoC6/PWM_1.h"
  57              		.file 7 "Generated_Source\\PSoC6/PWM_2.h"
  58              		.file 8 "./system_psoc6.h"
  59              		.section	.debug_info,"",%progbits
  60              	.Ldebug_info0:
  61 0000 B4060000 		.4byte	0x6b4
  62 0004 0400     		.2byte	0x4
  63 0006 00000000 		.4byte	.Ldebug_abbrev0
  64 000a 04       		.byte	0x4
  65 000b 01       		.uleb128 0x1
  66 000c 1B060000 		.4byte	.LASF139
  67 0010 0C       		.byte	0xc
  68 0011 82000000 		.4byte	.LASF140
  69 0015 9B050000 		.4byte	.LASF141
  70 0019 00000000 		.4byte	.Ldebug_ranges0+0
  71 001d 00000000 		.4byte	0
  72 0021 00000000 		.4byte	.Ldebug_line0
  73 0025 02       		.uleb128 0x2
  74 0026 02       		.byte	0x2
  75 0027 05       		.byte	0x5
  76 0028 91050000 		.4byte	.LASF0
  77 002c 02       		.uleb128 0x2
  78 002d 01       		.byte	0x1
  79 002e 08       		.byte	0x8
  80 002f 6F050000 		.4byte	.LASF1
  81 0033 02       		.uleb128 0x2
  82 0034 01       		.byte	0x1
  83 0035 06       		.byte	0x6
  84 0036 80010000 		.4byte	.LASF2
  85 003a 03       		.uleb128 0x3
  86 003b A9000000 		.4byte	.LASF3
  87 003f 02       		.byte	0x2
  88 0040 1D       		.byte	0x1d
  89 0041 2C000000 		.4byte	0x2c
  90 0045 03       		.uleb128 0x3
  91 0046 BC020000 		.4byte	.LASF4
  92 004a 02       		.byte	0x2
  93 004b 29       		.byte	0x29
  94 004c 25000000 		.4byte	0x25
  95 0050 03       		.uleb128 0x3
  96 0051 EC060000 		.4byte	.LASF5
  97 0055 02       		.byte	0x2
ARM GAS  C:\Users\Lenovo\AppData\Local\Temp\cc4YvCTy.s 			page 3


  98 0056 2B       		.byte	0x2b
  99 0057 5B000000 		.4byte	0x5b
 100 005b 02       		.uleb128 0x2
 101 005c 02       		.byte	0x2
 102 005d 07       		.byte	0x7
 103 005e 34070000 		.4byte	.LASF6
 104 0062 02       		.uleb128 0x2
 105 0063 04       		.byte	0x4
 106 0064 05       		.byte	0x5
 107 0065 FB010000 		.4byte	.LASF7
 108 0069 03       		.uleb128 0x3
 109 006a A1020000 		.4byte	.LASF8
 110 006e 02       		.byte	0x2
 111 006f 41       		.byte	0x41
 112 0070 74000000 		.4byte	0x74
 113 0074 02       		.uleb128 0x2
 114 0075 04       		.byte	0x4
 115 0076 07       		.byte	0x7
 116 0077 37030000 		.4byte	.LASF9
 117 007b 02       		.uleb128 0x2
 118 007c 08       		.byte	0x8
 119 007d 05       		.byte	0x5
 120 007e 72010000 		.4byte	.LASF10
 121 0082 02       		.uleb128 0x2
 122 0083 08       		.byte	0x8
 123 0084 07       		.byte	0x7
 124 0085 F8000000 		.4byte	.LASF11
 125 0089 04       		.uleb128 0x4
 126 008a 04       		.byte	0x4
 127 008b 05       		.byte	0x5
 128 008c 696E7400 		.ascii	"int\000"
 129 0090 02       		.uleb128 0x2
 130 0091 04       		.byte	0x4
 131 0092 07       		.byte	0x7
 132 0093 FB020000 		.4byte	.LASF12
 133 0097 03       		.uleb128 0x3
 134 0098 EE070000 		.4byte	.LASF13
 135 009c 03       		.byte	0x3
 136 009d 18       		.byte	0x18
 137 009e 3A000000 		.4byte	0x3a
 138 00a2 03       		.uleb128 0x3
 139 00a3 6A010000 		.4byte	.LASF14
 140 00a7 03       		.byte	0x3
 141 00a8 20       		.byte	0x20
 142 00a9 45000000 		.4byte	0x45
 143 00ad 03       		.uleb128 0x3
 144 00ae 08030000 		.4byte	.LASF15
 145 00b2 03       		.byte	0x3
 146 00b3 24       		.byte	0x24
 147 00b4 50000000 		.4byte	0x50
 148 00b8 03       		.uleb128 0x3
 149 00b9 12060000 		.4byte	.LASF16
 150 00bd 03       		.byte	0x3
 151 00be 30       		.byte	0x30
 152 00bf 69000000 		.4byte	0x69
 153 00c3 02       		.uleb128 0x2
 154 00c4 04       		.byte	0x4
ARM GAS  C:\Users\Lenovo\AppData\Local\Temp\cc4YvCTy.s 			page 4


 155 00c5 07       		.byte	0x7
 156 00c6 81040000 		.4byte	.LASF17
 157 00ca 02       		.uleb128 0x2
 158 00cb 08       		.byte	0x8
 159 00cc 04       		.byte	0x4
 160 00cd B6060000 		.4byte	.LASF18
 161 00d1 05       		.uleb128 0x5
 162 00d2 B8       		.byte	0xb8
 163 00d3 04       		.byte	0x4
 164 00d4 34       		.byte	0x34
 165 00d5 E2040000 		.4byte	0x4e2
 166 00d9 06       		.uleb128 0x6
 167 00da DF000000 		.4byte	.LASF19
 168 00de 04       		.byte	0x4
 169 00df 37       		.byte	0x37
 170 00e0 B8000000 		.4byte	0xb8
 171 00e4 00       		.byte	0
 172 00e5 06       		.uleb128 0x6
 173 00e6 96020000 		.4byte	.LASF20
 174 00ea 04       		.byte	0x4
 175 00eb 38       		.byte	0x38
 176 00ec B8000000 		.4byte	0xb8
 177 00f0 04       		.byte	0x4
 178 00f1 06       		.uleb128 0x6
 179 00f2 1F020000 		.4byte	.LASF21
 180 00f6 04       		.byte	0x4
 181 00f7 39       		.byte	0x39
 182 00f8 B8000000 		.4byte	0xb8
 183 00fc 08       		.byte	0x8
 184 00fd 06       		.uleb128 0x6
 185 00fe 61050000 		.4byte	.LASF22
 186 0102 04       		.byte	0x4
 187 0103 3A       		.byte	0x3a
 188 0104 B8000000 		.4byte	0xb8
 189 0108 0C       		.byte	0xc
 190 0109 06       		.uleb128 0x6
 191 010a A1010000 		.4byte	.LASF23
 192 010e 04       		.byte	0x4
 193 010f 3B       		.byte	0x3b
 194 0110 B8000000 		.4byte	0xb8
 195 0114 10       		.byte	0x10
 196 0115 06       		.uleb128 0x6
 197 0116 D9010000 		.4byte	.LASF24
 198 011a 04       		.byte	0x4
 199 011b 3C       		.byte	0x3c
 200 011c B8000000 		.4byte	0xb8
 201 0120 14       		.byte	0x14
 202 0121 06       		.uleb128 0x6
 203 0122 66030000 		.4byte	.LASF25
 204 0126 04       		.byte	0x4
 205 0127 3D       		.byte	0x3d
 206 0128 B8000000 		.4byte	0xb8
 207 012c 18       		.byte	0x18
 208 012d 06       		.uleb128 0x6
 209 012e 79000000 		.4byte	.LASF26
 210 0132 04       		.byte	0x4
 211 0133 3E       		.byte	0x3e
ARM GAS  C:\Users\Lenovo\AppData\Local\Temp\cc4YvCTy.s 			page 5


 212 0134 B8000000 		.4byte	0xb8
 213 0138 1C       		.byte	0x1c
 214 0139 06       		.uleb128 0x6
 215 013a 86080000 		.4byte	.LASF27
 216 013e 04       		.byte	0x4
 217 013f 3F       		.byte	0x3f
 218 0140 B8000000 		.4byte	0xb8
 219 0144 20       		.byte	0x20
 220 0145 06       		.uleb128 0x6
 221 0146 F5040000 		.4byte	.LASF28
 222 014a 04       		.byte	0x4
 223 014b 40       		.byte	0x40
 224 014c B8000000 		.4byte	0xb8
 225 0150 24       		.byte	0x24
 226 0151 06       		.uleb128 0x6
 227 0152 53040000 		.4byte	.LASF29
 228 0156 04       		.byte	0x4
 229 0157 43       		.byte	0x43
 230 0158 97000000 		.4byte	0x97
 231 015c 28       		.byte	0x28
 232 015d 06       		.uleb128 0x6
 233 015e 5F000000 		.4byte	.LASF30
 234 0162 04       		.byte	0x4
 235 0163 44       		.byte	0x44
 236 0164 97000000 		.4byte	0x97
 237 0168 29       		.byte	0x29
 238 0169 06       		.uleb128 0x6
 239 016a 7C080000 		.4byte	.LASF31
 240 016e 04       		.byte	0x4
 241 016f 45       		.byte	0x45
 242 0170 97000000 		.4byte	0x97
 243 0174 2A       		.byte	0x2a
 244 0175 06       		.uleb128 0x6
 245 0176 E7040000 		.4byte	.LASF32
 246 017a 04       		.byte	0x4
 247 017b 46       		.byte	0x46
 248 017c 97000000 		.4byte	0x97
 249 0180 2B       		.byte	0x2b
 250 0181 06       		.uleb128 0x6
 251 0182 E5030000 		.4byte	.LASF33
 252 0186 04       		.byte	0x4
 253 0187 47       		.byte	0x47
 254 0188 97000000 		.4byte	0x97
 255 018c 2C       		.byte	0x2c
 256 018d 06       		.uleb128 0x6
 257 018e 0A070000 		.4byte	.LASF34
 258 0192 04       		.byte	0x4
 259 0193 48       		.byte	0x48
 260 0194 97000000 		.4byte	0x97
 261 0198 2D       		.byte	0x2d
 262 0199 06       		.uleb128 0x6
 263 019a AA010000 		.4byte	.LASF35
 264 019e 04       		.byte	0x4
 265 019f 49       		.byte	0x49
 266 01a0 97000000 		.4byte	0x97
 267 01a4 2E       		.byte	0x2e
 268 01a5 06       		.uleb128 0x6
ARM GAS  C:\Users\Lenovo\AppData\Local\Temp\cc4YvCTy.s 			page 6


 269 01a6 60040000 		.4byte	.LASF36
 270 01aa 04       		.byte	0x4
 271 01ab 4A       		.byte	0x4a
 272 01ac 97000000 		.4byte	0x97
 273 01b0 2F       		.byte	0x2f
 274 01b1 06       		.uleb128 0x6
 275 01b2 D2060000 		.4byte	.LASF37
 276 01b6 04       		.byte	0x4
 277 01b7 4B       		.byte	0x4b
 278 01b8 97000000 		.4byte	0x97
 279 01bc 30       		.byte	0x30
 280 01bd 06       		.uleb128 0x6
 281 01be 5B030000 		.4byte	.LASF38
 282 01c2 04       		.byte	0x4
 283 01c3 4E       		.byte	0x4e
 284 01c4 97000000 		.4byte	0x97
 285 01c8 31       		.byte	0x31
 286 01c9 06       		.uleb128 0x6
 287 01ca 9B000000 		.4byte	.LASF39
 288 01ce 04       		.byte	0x4
 289 01cf 4F       		.byte	0x4f
 290 01d0 97000000 		.4byte	0x97
 291 01d4 32       		.byte	0x32
 292 01d5 06       		.uleb128 0x6
 293 01d6 EF020000 		.4byte	.LASF40
 294 01da 04       		.byte	0x4
 295 01db 50       		.byte	0x50
 296 01dc 97000000 		.4byte	0x97
 297 01e0 33       		.byte	0x33
 298 01e1 06       		.uleb128 0x6
 299 01e2 95040000 		.4byte	.LASF41
 300 01e6 04       		.byte	0x4
 301 01e7 51       		.byte	0x51
 302 01e8 97000000 		.4byte	0x97
 303 01ec 34       		.byte	0x34
 304 01ed 06       		.uleb128 0x6
 305 01ee 6D070000 		.4byte	.LASF42
 306 01f2 04       		.byte	0x4
 307 01f3 52       		.byte	0x52
 308 01f4 A2000000 		.4byte	0xa2
 309 01f8 36       		.byte	0x36
 310 01f9 06       		.uleb128 0x6
 311 01fa 39020000 		.4byte	.LASF43
 312 01fe 04       		.byte	0x4
 313 01ff 53       		.byte	0x53
 314 0200 A2000000 		.4byte	0xa2
 315 0204 38       		.byte	0x38
 316 0205 06       		.uleb128 0x6
 317 0206 BB070000 		.4byte	.LASF44
 318 020a 04       		.byte	0x4
 319 020b 54       		.byte	0x54
 320 020c A2000000 		.4byte	0xa2
 321 0210 3A       		.byte	0x3a
 322 0211 06       		.uleb128 0x6
 323 0212 CA010000 		.4byte	.LASF45
 324 0216 04       		.byte	0x4
 325 0217 55       		.byte	0x55
ARM GAS  C:\Users\Lenovo\AppData\Local\Temp\cc4YvCTy.s 			page 7


 326 0218 97000000 		.4byte	0x97
 327 021c 3C       		.byte	0x3c
 328 021d 06       		.uleb128 0x6
 329 021e 60020000 		.4byte	.LASF46
 330 0222 04       		.byte	0x4
 331 0223 56       		.byte	0x56
 332 0224 97000000 		.4byte	0x97
 333 0228 3D       		.byte	0x3d
 334 0229 06       		.uleb128 0x6
 335 022a F4050000 		.4byte	.LASF47
 336 022e 04       		.byte	0x4
 337 022f 57       		.byte	0x57
 338 0230 97000000 		.4byte	0x97
 339 0234 3E       		.byte	0x3e
 340 0235 06       		.uleb128 0x6
 341 0236 6D000000 		.4byte	.LASF48
 342 023a 04       		.byte	0x4
 343 023b 58       		.byte	0x58
 344 023c 97000000 		.4byte	0x97
 345 0240 3F       		.byte	0x3f
 346 0241 06       		.uleb128 0x6
 347 0242 00050000 		.4byte	.LASF49
 348 0246 04       		.byte	0x4
 349 0247 59       		.byte	0x59
 350 0248 97000000 		.4byte	0x97
 351 024c 40       		.byte	0x40
 352 024d 06       		.uleb128 0x6
 353 024e AC020000 		.4byte	.LASF50
 354 0252 04       		.byte	0x4
 355 0253 5A       		.byte	0x5a
 356 0254 97000000 		.4byte	0x97
 357 0258 41       		.byte	0x41
 358 0259 06       		.uleb128 0x6
 359 025a 6F030000 		.4byte	.LASF51
 360 025e 04       		.byte	0x4
 361 025f 5B       		.byte	0x5b
 362 0260 97000000 		.4byte	0x97
 363 0264 42       		.byte	0x42
 364 0265 06       		.uleb128 0x6
 365 0266 DC040000 		.4byte	.LASF52
 366 026a 04       		.byte	0x4
 367 026b 5C       		.byte	0x5c
 368 026c 97000000 		.4byte	0x97
 369 0270 43       		.byte	0x43
 370 0271 06       		.uleb128 0x6
 371 0272 28020000 		.4byte	.LASF53
 372 0276 04       		.byte	0x4
 373 0277 5D       		.byte	0x5d
 374 0278 97000000 		.4byte	0x97
 375 027c 44       		.byte	0x44
 376 027d 06       		.uleb128 0x6
 377 027e 00000000 		.4byte	.LASF54
 378 0282 04       		.byte	0x4
 379 0283 5E       		.byte	0x5e
 380 0284 B8000000 		.4byte	0xb8
 381 0288 48       		.byte	0x48
 382 0289 06       		.uleb128 0x6
ARM GAS  C:\Users\Lenovo\AppData\Local\Temp\cc4YvCTy.s 			page 8


 383 028a 04020000 		.4byte	.LASF55
 384 028e 04       		.byte	0x4
 385 028f 5F       		.byte	0x5f
 386 0290 B8000000 		.4byte	0xb8
 387 0294 4C       		.byte	0x4c
 388 0295 06       		.uleb128 0x6
 389 0296 B6080000 		.4byte	.LASF56
 390 029a 04       		.byte	0x4
 391 029b 60       		.byte	0x60
 392 029c 97000000 		.4byte	0x97
 393 02a0 50       		.byte	0x50
 394 02a1 06       		.uleb128 0x6
 395 02a2 44010000 		.4byte	.LASF57
 396 02a6 04       		.byte	0x4
 397 02a7 61       		.byte	0x61
 398 02a8 97000000 		.4byte	0x97
 399 02ac 51       		.byte	0x51
 400 02ad 06       		.uleb128 0x6
 401 02ae DE070000 		.4byte	.LASF58
 402 02b2 04       		.byte	0x4
 403 02b3 62       		.byte	0x62
 404 02b4 97000000 		.4byte	0x97
 405 02b8 52       		.byte	0x52
 406 02b9 06       		.uleb128 0x6
 407 02ba A4080000 		.4byte	.LASF59
 408 02be 04       		.byte	0x4
 409 02bf 63       		.byte	0x63
 410 02c0 97000000 		.4byte	0x97
 411 02c4 53       		.byte	0x53
 412 02c5 06       		.uleb128 0x6
 413 02c6 02060000 		.4byte	.LASF60
 414 02ca 04       		.byte	0x4
 415 02cb 64       		.byte	0x64
 416 02cc 97000000 		.4byte	0x97
 417 02d0 54       		.byte	0x54
 418 02d1 06       		.uleb128 0x6
 419 02d2 56010000 		.4byte	.LASF61
 420 02d6 04       		.byte	0x4
 421 02d7 65       		.byte	0x65
 422 02d8 97000000 		.4byte	0x97
 423 02dc 55       		.byte	0x55
 424 02dd 06       		.uleb128 0x6
 425 02de 23030000 		.4byte	.LASF62
 426 02e2 04       		.byte	0x4
 427 02e3 66       		.byte	0x66
 428 02e4 97000000 		.4byte	0x97
 429 02e8 56       		.byte	0x56
 430 02e9 06       		.uleb128 0x6
 431 02ea 7B030000 		.4byte	.LASF63
 432 02ee 04       		.byte	0x4
 433 02ef 67       		.byte	0x67
 434 02f0 97000000 		.4byte	0x97
 435 02f4 57       		.byte	0x57
 436 02f5 06       		.uleb128 0x6
 437 02f6 1A000000 		.4byte	.LASF64
 438 02fa 04       		.byte	0x4
 439 02fb 68       		.byte	0x68
ARM GAS  C:\Users\Lenovo\AppData\Local\Temp\cc4YvCTy.s 			page 9


 440 02fc 97000000 		.4byte	0x97
 441 0300 58       		.byte	0x58
 442 0301 06       		.uleb128 0x6
 443 0302 7D050000 		.4byte	.LASF65
 444 0306 04       		.byte	0x4
 445 0307 69       		.byte	0x69
 446 0308 97000000 		.4byte	0x97
 447 030c 59       		.byte	0x59
 448 030d 06       		.uleb128 0x6
 449 030e 8A040000 		.4byte	.LASF66
 450 0312 04       		.byte	0x4
 451 0313 6E       		.byte	0x6e
 452 0314 AD000000 		.4byte	0xad
 453 0318 5A       		.byte	0x5a
 454 0319 06       		.uleb128 0x6
 455 031a 47070000 		.4byte	.LASF67
 456 031e 04       		.byte	0x4
 457 031f 6F       		.byte	0x6f
 458 0320 AD000000 		.4byte	0xad
 459 0324 5C       		.byte	0x5c
 460 0325 06       		.uleb128 0x6
 461 0326 E9000000 		.4byte	.LASF68
 462 032a 04       		.byte	0x4
 463 032b 70       		.byte	0x70
 464 032c 97000000 		.4byte	0x97
 465 0330 5E       		.byte	0x5e
 466 0331 06       		.uleb128 0x6
 467 0332 42050000 		.4byte	.LASF69
 468 0336 04       		.byte	0x4
 469 0337 71       		.byte	0x71
 470 0338 97000000 		.4byte	0x97
 471 033c 5F       		.byte	0x5f
 472 033d 06       		.uleb128 0x6
 473 033e CB040000 		.4byte	.LASF70
 474 0342 04       		.byte	0x4
 475 0343 72       		.byte	0x72
 476 0344 97000000 		.4byte	0x97
 477 0348 60       		.byte	0x60
 478 0349 06       		.uleb128 0x6
 479 034a 1B050000 		.4byte	.LASF71
 480 034e 04       		.byte	0x4
 481 034f 73       		.byte	0x73
 482 0350 B8000000 		.4byte	0xb8
 483 0354 64       		.byte	0x64
 484 0355 06       		.uleb128 0x6
 485 0356 1E010000 		.4byte	.LASF72
 486 035a 04       		.byte	0x4
 487 035b 76       		.byte	0x76
 488 035c AD000000 		.4byte	0xad
 489 0360 68       		.byte	0x68
 490 0361 06       		.uleb128 0x6
 491 0362 11030000 		.4byte	.LASF73
 492 0366 04       		.byte	0x4
 493 0367 77       		.byte	0x77
 494 0368 AD000000 		.4byte	0xad
 495 036c 6A       		.byte	0x6a
 496 036d 06       		.uleb128 0x6
ARM GAS  C:\Users\Lenovo\AppData\Local\Temp\cc4YvCTy.s 			page 10


 497 036e 9D030000 		.4byte	.LASF74
 498 0372 04       		.byte	0x4
 499 0373 78       		.byte	0x78
 500 0374 AD000000 		.4byte	0xad
 501 0378 6C       		.byte	0x6c
 502 0379 06       		.uleb128 0x6
 503 037a C8030000 		.4byte	.LASF75
 504 037e 04       		.byte	0x4
 505 037f 79       		.byte	0x79
 506 0380 AD000000 		.4byte	0xad
 507 0384 6E       		.byte	0x6e
 508 0385 06       		.uleb128 0x6
 509 0386 C5050000 		.4byte	.LASF76
 510 038a 04       		.byte	0x4
 511 038b 7B       		.byte	0x7b
 512 038c 97000000 		.4byte	0x97
 513 0390 70       		.byte	0x70
 514 0391 06       		.uleb128 0x6
 515 0392 8C010000 		.4byte	.LASF77
 516 0396 04       		.byte	0x4
 517 0397 7C       		.byte	0x7c
 518 0398 97000000 		.4byte	0x97
 519 039c 71       		.byte	0x71
 520 039d 06       		.uleb128 0x6
 521 039e 8E080000 		.4byte	.LASF78
 522 03a2 04       		.byte	0x4
 523 03a3 7D       		.byte	0x7d
 524 03a4 97000000 		.4byte	0x97
 525 03a8 72       		.byte	0x72
 526 03a9 06       		.uleb128 0x6
 527 03aa A6040000 		.4byte	.LASF79
 528 03ae 04       		.byte	0x4
 529 03af 7E       		.byte	0x7e
 530 03b0 97000000 		.4byte	0x97
 531 03b4 73       		.byte	0x73
 532 03b5 06       		.uleb128 0x6
 533 03b6 70020000 		.4byte	.LASF80
 534 03ba 04       		.byte	0x4
 535 03bb 80       		.byte	0x80
 536 03bc AD000000 		.4byte	0xad
 537 03c0 74       		.byte	0x74
 538 03c1 06       		.uleb128 0x6
 539 03c2 F7060000 		.4byte	.LASF81
 540 03c6 04       		.byte	0x4
 541 03c7 81       		.byte	0x81
 542 03c8 AD000000 		.4byte	0xad
 543 03cc 76       		.byte	0x76
 544 03cd 06       		.uleb128 0x6
 545 03ce 4B020000 		.4byte	.LASF82
 546 03d2 04       		.byte	0x4
 547 03d3 82       		.byte	0x82
 548 03d4 AD000000 		.4byte	0xad
 549 03d8 78       		.byte	0x78
 550 03d9 06       		.uleb128 0x6
 551 03da B3000000 		.4byte	.LASF83
 552 03de 04       		.byte	0x4
 553 03df 83       		.byte	0x83
ARM GAS  C:\Users\Lenovo\AppData\Local\Temp\cc4YvCTy.s 			page 11


 554 03e0 AD000000 		.4byte	0xad
 555 03e4 7A       		.byte	0x7a
 556 03e5 06       		.uleb128 0x6
 557 03e6 18080000 		.4byte	.LASF84
 558 03ea 04       		.byte	0x4
 559 03eb 86       		.byte	0x86
 560 03ec 97000000 		.4byte	0x97
 561 03f0 7C       		.byte	0x7c
 562 03f1 06       		.uleb128 0x6
 563 03f2 AA070000 		.4byte	.LASF85
 564 03f6 04       		.byte	0x4
 565 03f7 87       		.byte	0x87
 566 03f8 97000000 		.4byte	0x97
 567 03fc 7D       		.byte	0x7d
 568 03fd 06       		.uleb128 0x6
 569 03fe 2E000000 		.4byte	.LASF86
 570 0402 04       		.byte	0x4
 571 0403 88       		.byte	0x88
 572 0404 97000000 		.4byte	0x97
 573 0408 7E       		.byte	0x7e
 574 0409 06       		.uleb128 0x6
 575 040a 82020000 		.4byte	.LASF87
 576 040e 04       		.byte	0x4
 577 040f 89       		.byte	0x89
 578 0410 97000000 		.4byte	0x97
 579 0414 7F       		.byte	0x7f
 580 0415 06       		.uleb128 0x6
 581 0416 DB020000 		.4byte	.LASF88
 582 041a 04       		.byte	0x4
 583 041b 8A       		.byte	0x8a
 584 041c 97000000 		.4byte	0x97
 585 0420 80       		.byte	0x80
 586 0421 06       		.uleb128 0x6
 587 0422 93070000 		.4byte	.LASF89
 588 0426 04       		.byte	0x4
 589 0427 8D       		.byte	0x8d
 590 0428 B8000000 		.4byte	0xb8
 591 042c 84       		.byte	0x84
 592 042d 06       		.uleb128 0x6
 593 042e C8000000 		.4byte	.LASF90
 594 0432 04       		.byte	0x4
 595 0433 8E       		.byte	0x8e
 596 0434 B8000000 		.4byte	0xb8
 597 0438 88       		.byte	0x88
 598 0439 06       		.uleb128 0x6
 599 043a 03080000 		.4byte	.LASF91
 600 043e 04       		.byte	0x4
 601 043f 8F       		.byte	0x8f
 602 0440 B8000000 		.4byte	0xb8
 603 0444 8C       		.byte	0x8c
 604 0445 06       		.uleb128 0x6
 605 0446 6C040000 		.4byte	.LASF92
 606 044a 04       		.byte	0x4
 607 044b 90       		.byte	0x90
 608 044c B8000000 		.4byte	0xb8
 609 0450 90       		.byte	0x90
 610 0451 06       		.uleb128 0x6
ARM GAS  C:\Users\Lenovo\AppData\Local\Temp\cc4YvCTy.s 			page 12


 611 0452 C6020000 		.4byte	.LASF93
 612 0456 04       		.byte	0x4
 613 0457 91       		.byte	0x91
 614 0458 B8000000 		.4byte	0xb8
 615 045c 94       		.byte	0x94
 616 045d 06       		.uleb128 0x6
 617 045e 32040000 		.4byte	.LASF94
 618 0462 04       		.byte	0x4
 619 0463 92       		.byte	0x92
 620 0464 B8000000 		.4byte	0xb8
 621 0468 98       		.byte	0x98
 622 0469 06       		.uleb128 0x6
 623 046a 57080000 		.4byte	.LASF95
 624 046e 04       		.byte	0x4
 625 046f 93       		.byte	0x93
 626 0470 B8000000 		.4byte	0xb8
 627 0474 9C       		.byte	0x9c
 628 0475 06       		.uleb128 0x6
 629 0476 2E010000 		.4byte	.LASF96
 630 047a 04       		.byte	0x4
 631 047b 94       		.byte	0x94
 632 047c B8000000 		.4byte	0xb8
 633 0480 A0       		.byte	0xa0
 634 0481 06       		.uleb128 0x6
 635 0482 B5010000 		.4byte	.LASF97
 636 0486 04       		.byte	0x4
 637 0487 95       		.byte	0x95
 638 0488 AD000000 		.4byte	0xad
 639 048c A4       		.byte	0xa4
 640 048d 06       		.uleb128 0x6
 641 048e 1D040000 		.4byte	.LASF98
 642 0492 04       		.byte	0x4
 643 0493 96       		.byte	0x96
 644 0494 AD000000 		.4byte	0xad
 645 0498 A6       		.byte	0xa6
 646 0499 06       		.uleb128 0x6
 647 049a 36050000 		.4byte	.LASF99
 648 049e 04       		.byte	0x4
 649 049f 97       		.byte	0x97
 650 04a0 AD000000 		.4byte	0xad
 651 04a4 A8       		.byte	0xa8
 652 04a5 06       		.uleb128 0x6
 653 04a6 DE060000 		.4byte	.LASF100
 654 04aa 04       		.byte	0x4
 655 04ab 98       		.byte	0x98
 656 04ac AD000000 		.4byte	0xad
 657 04b0 AA       		.byte	0xaa
 658 04b1 06       		.uleb128 0x6
 659 04b2 AC030000 		.4byte	.LASF101
 660 04b6 04       		.byte	0x4
 661 04b7 99       		.byte	0x99
 662 04b8 AD000000 		.4byte	0xad
 663 04bc AC       		.byte	0xac
 664 04bd 06       		.uleb128 0x6
 665 04be BD040000 		.4byte	.LASF102
 666 04c2 04       		.byte	0x4
 667 04c3 9A       		.byte	0x9a
ARM GAS  C:\Users\Lenovo\AppData\Local\Temp\cc4YvCTy.s 			page 13


 668 04c4 AD000000 		.4byte	0xad
 669 04c8 AE       		.byte	0xae
 670 04c9 06       		.uleb128 0x6
 671 04ca 50070000 		.4byte	.LASF103
 672 04ce 04       		.byte	0x4
 673 04cf 9D       		.byte	0x9d
 674 04d0 AD000000 		.4byte	0xad
 675 04d4 B0       		.byte	0xb0
 676 04d5 06       		.uleb128 0x6
 677 04d6 4B000000 		.4byte	.LASF104
 678 04da 04       		.byte	0x4
 679 04db 9E       		.byte	0x9e
 680 04dc B8000000 		.4byte	0xb8
 681 04e0 B4       		.byte	0xb4
 682 04e1 00       		.byte	0
 683 04e2 03       		.uleb128 0x3
 684 04e3 F1030000 		.4byte	.LASF105
 685 04e7 04       		.byte	0x4
 686 04e8 9F       		.byte	0x9f
 687 04e9 D1000000 		.4byte	0xd1
 688 04ed 02       		.uleb128 0x2
 689 04ee 01       		.byte	0x1
 690 04ef 08       		.byte	0x8
 691 04f0 C2060000 		.4byte	.LASF106
 692 04f4 02       		.uleb128 0x2
 693 04f5 04       		.byte	0x4
 694 04f6 04       		.byte	0x4
 695 04f7 15050000 		.4byte	.LASF107
 696 04fb 02       		.uleb128 0x2
 697 04fc 08       		.byte	0x8
 698 04fd 04       		.byte	0x4
 699 04fe 44020000 		.4byte	.LASF108
 700 0502 02       		.uleb128 0x2
 701 0503 01       		.byte	0x1
 702 0504 02       		.byte	0x2
 703 0505 69050000 		.4byte	.LASF109
 704 0509 07       		.uleb128 0x7
 705 050a E3010000 		.4byte	.LASF142
 706 050e 64       		.byte	0x64
 707 050f 05       		.byte	0x5
 708 0510 2F       		.byte	0x2f
 709 0511 42060000 		.4byte	0x642
 710 0515 06       		.uleb128 0x6
 711 0516 0D050000 		.4byte	.LASF110
 712 051a 05       		.byte	0x5
 713 051b 31       		.byte	0x31
 714 051c B8000000 		.4byte	0xb8
 715 0520 00       		.byte	0
 716 0521 06       		.uleb128 0x6
 717 0522 0F010000 		.4byte	.LASF111
 718 0526 05       		.byte	0x5
 719 0527 33       		.byte	0x33
 720 0528 B8000000 		.4byte	0xb8
 721 052c 04       		.byte	0x4
 722 052d 06       		.uleb128 0x6
 723 052e 8E000000 		.4byte	.LASF112
 724 0532 05       		.byte	0x5
ARM GAS  C:\Users\Lenovo\AppData\Local\Temp\cc4YvCTy.s 			page 14


 725 0533 34       		.byte	0x34
 726 0534 B8000000 		.4byte	0xb8
 727 0538 08       		.byte	0x8
 728 0539 06       		.uleb128 0x6
 729 053a 0E040000 		.4byte	.LASF113
 730 053e 05       		.byte	0x5
 731 053f 35       		.byte	0x35
 732 0540 B8000000 		.4byte	0xb8
 733 0544 0C       		.byte	0xc
 734 0545 06       		.uleb128 0x6
 735 0546 12000000 		.4byte	.LASF114
 736 054a 05       		.byte	0x5
 737 054b 36       		.byte	0x36
 738 054c B8000000 		.4byte	0xb8
 739 0550 10       		.byte	0x10
 740 0551 06       		.uleb128 0x6
 741 0552 7A070000 		.4byte	.LASF115
 742 0556 05       		.byte	0x5
 743 0557 37       		.byte	0x37
 744 0558 B8000000 		.4byte	0xb8
 745 055c 14       		.byte	0x14
 746 055d 06       		.uleb128 0x6
 747 055e 82070000 		.4byte	.LASF116
 748 0562 05       		.byte	0x5
 749 0563 38       		.byte	0x38
 750 0564 B8000000 		.4byte	0xb8
 751 0568 18       		.byte	0x18
 752 0569 06       		.uleb128 0x6
 753 056a D9050000 		.4byte	.LASF117
 754 056e 05       		.byte	0x5
 755 056f 39       		.byte	0x39
 756 0570 02050000 		.4byte	0x502
 757 0574 1C       		.byte	0x1c
 758 0575 06       		.uleb128 0x6
 759 0576 AD060000 		.4byte	.LASF118
 760 057a 05       		.byte	0x5
 761 057b 3A       		.byte	0x3a
 762 057c B8000000 		.4byte	0xb8
 763 0580 20       		.byte	0x20
 764 0581 06       		.uleb128 0x6
 765 0582 8A070000 		.4byte	.LASF119
 766 0586 05       		.byte	0x5
 767 0587 3B       		.byte	0x3b
 768 0588 B8000000 		.4byte	0xb8
 769 058c 24       		.byte	0x24
 770 058d 06       		.uleb128 0x6
 771 058e 49030000 		.4byte	.LASF120
 772 0592 05       		.byte	0x5
 773 0593 3C       		.byte	0x3c
 774 0594 02050000 		.4byte	0x502
 775 0598 28       		.byte	0x28
 776 0599 06       		.uleb128 0x6
 777 059a 17070000 		.4byte	.LASF121
 778 059e 05       		.byte	0x5
 779 059f 3E       		.byte	0x3e
 780 05a0 B8000000 		.4byte	0xb8
 781 05a4 2C       		.byte	0x2c
ARM GAS  C:\Users\Lenovo\AppData\Local\Temp\cc4YvCTy.s 			page 15


 782 05a5 06       		.uleb128 0x6
 783 05a6 01040000 		.4byte	.LASF122
 784 05aa 05       		.byte	0x5
 785 05ab 3F       		.byte	0x3f
 786 05ac B8000000 		.4byte	0xb8
 787 05b0 30       		.byte	0x30
 788 05b1 06       		.uleb128 0x6
 789 05b2 D0070000 		.4byte	.LASF123
 790 05b6 05       		.byte	0x5
 791 05b7 40       		.byte	0x40
 792 05b8 B8000000 		.4byte	0xb8
 793 05bc 34       		.byte	0x34
 794 05bd 06       		.uleb128 0x6
 795 05be 58050000 		.4byte	.LASF124
 796 05c2 05       		.byte	0x5
 797 05c3 41       		.byte	0x41
 798 05c4 B8000000 		.4byte	0xb8
 799 05c8 38       		.byte	0x38
 800 05c9 06       		.uleb128 0x6
 801 05ca 8F030000 		.4byte	.LASF125
 802 05ce 05       		.byte	0x5
 803 05cf 42       		.byte	0x42
 804 05d0 B8000000 		.4byte	0xb8
 805 05d4 3C       		.byte	0x3c
 806 05d5 06       		.uleb128 0x6
 807 05d6 EA050000 		.4byte	.LASF126
 808 05da 05       		.byte	0x5
 809 05db 44       		.byte	0x44
 810 05dc B8000000 		.4byte	0xb8
 811 05e0 40       		.byte	0x40
 812 05e1 06       		.uleb128 0x6
 813 05e2 47080000 		.4byte	.LASF127
 814 05e6 05       		.byte	0x5
 815 05e7 45       		.byte	0x45
 816 05e8 B8000000 		.4byte	0xb8
 817 05ec 44       		.byte	0x44
 818 05ed 06       		.uleb128 0x6
 819 05ee 28070000 		.4byte	.LASF128
 820 05f2 05       		.byte	0x5
 821 05f3 47       		.byte	0x47
 822 05f4 B8000000 		.4byte	0xb8
 823 05f8 48       		.byte	0x48
 824 05f9 06       		.uleb128 0x6
 825 05fa 5E070000 		.4byte	.LASF129
 826 05fe 05       		.byte	0x5
 827 05ff 48       		.byte	0x48
 828 0600 B8000000 		.4byte	0xb8
 829 0604 4C       		.byte	0x4c
 830 0605 06       		.uleb128 0x6
 831 0606 48040000 		.4byte	.LASF130
 832 060a 05       		.byte	0x5
 833 060b 4A       		.byte	0x4a
 834 060c B8000000 		.4byte	0xb8
 835 0610 50       		.byte	0x50
 836 0611 06       		.uleb128 0x6
 837 0612 BA030000 		.4byte	.LASF131
 838 0616 05       		.byte	0x5
ARM GAS  C:\Users\Lenovo\AppData\Local\Temp\cc4YvCTy.s 			page 16


 839 0617 4B       		.byte	0x4b
 840 0618 B8000000 		.4byte	0xb8
 841 061c 54       		.byte	0x54
 842 061d 06       		.uleb128 0x6
 843 061e 41000000 		.4byte	.LASF132
 844 0622 05       		.byte	0x5
 845 0623 4D       		.byte	0x4d
 846 0624 B8000000 		.4byte	0xb8
 847 0628 58       		.byte	0x58
 848 0629 06       		.uleb128 0x6
 849 062a 6D080000 		.4byte	.LASF133
 850 062e 05       		.byte	0x5
 851 062f 4E       		.byte	0x4e
 852 0630 B8000000 		.4byte	0xb8
 853 0634 5C       		.byte	0x5c
 854 0635 06       		.uleb128 0x6
 855 0636 C7060000 		.4byte	.LASF134
 856 063a 05       		.byte	0x5
 857 063b 50       		.byte	0x50
 858 063c B8000000 		.4byte	0xb8
 859 0640 60       		.byte	0x60
 860 0641 00       		.byte	0
 861 0642 03       		.uleb128 0x3
 862 0643 2D080000 		.4byte	.LASF135
 863 0647 05       		.byte	0x5
 864 0648 51       		.byte	0x51
 865 0649 09050000 		.4byte	0x509
 866 064d 08       		.uleb128 0x8
 867 064e 6B020000 		.4byte	.LASF143
 868 0652 01       		.byte	0x1
 869 0653 0D       		.byte	0xd
 870 0654 89000000 		.4byte	0x89
 871 0658 00000000 		.4byte	.LFB360
 872 065c 10000000 		.4byte	.LFE360-.LFB360
 873 0660 01       		.uleb128 0x1
 874 0661 9C       		.byte	0x9c
 875 0662 7A060000 		.4byte	0x67a
 876 0666 09       		.uleb128 0x9
 877 0667 08000000 		.4byte	.LVL0
 878 066b AB060000 		.4byte	0x6ab
 879 066f 0A       		.uleb128 0xa
 880 0670 01       		.uleb128 0x1
 881 0671 50       		.byte	0x50
 882 0672 05       		.uleb128 0x5
 883 0673 0C       		.byte	0xc
 884 0674 00000810 		.4byte	0x10080000
 885 0678 00       		.byte	0
 886 0679 00       		.byte	0
 887 067a 0B       		.uleb128 0xb
 888 067b 2C050000 		.4byte	.LASF136
 889 067f 04       		.byte	0x4
 890 0680 A7       		.byte	0xa7
 891 0681 85060000 		.4byte	0x685
 892 0685 0C       		.uleb128 0xc
 893 0686 04       		.byte	0x4
 894 0687 8B060000 		.4byte	0x68b
 895 068b 0D       		.uleb128 0xd
ARM GAS  C:\Users\Lenovo\AppData\Local\Temp\cc4YvCTy.s 			page 17


 896 068c E2040000 		.4byte	0x4e2
 897 0690 0B       		.uleb128 0xb
 898 0691 12020000 		.4byte	.LASF137
 899 0695 06       		.byte	0x6
 900 0696 1F       		.byte	0x1f
 901 0697 9B060000 		.4byte	0x69b
 902 069b 0D       		.uleb128 0xd
 903 069c 42060000 		.4byte	0x642
 904 06a0 0B       		.uleb128 0xb
 905 06a1 F6070000 		.4byte	.LASF138
 906 06a5 07       		.byte	0x7
 907 06a6 1F       		.byte	0x1f
 908 06a7 9B060000 		.4byte	0x69b
 909 06ab 0E       		.uleb128 0xe
 910 06ac D5030000 		.4byte	.LASF144
 911 06b0 D5030000 		.4byte	.LASF144
 912 06b4 08       		.byte	0x8
 913 06b5 2502     		.2byte	0x225
 914 06b7 00       		.byte	0
 915              		.section	.debug_abbrev,"",%progbits
 916              	.Ldebug_abbrev0:
 917 0000 01       		.uleb128 0x1
 918 0001 11       		.uleb128 0x11
 919 0002 01       		.byte	0x1
 920 0003 25       		.uleb128 0x25
 921 0004 0E       		.uleb128 0xe
 922 0005 13       		.uleb128 0x13
 923 0006 0B       		.uleb128 0xb
 924 0007 03       		.uleb128 0x3
 925 0008 0E       		.uleb128 0xe
 926 0009 1B       		.uleb128 0x1b
 927 000a 0E       		.uleb128 0xe
 928 000b 55       		.uleb128 0x55
 929 000c 17       		.uleb128 0x17
 930 000d 11       		.uleb128 0x11
 931 000e 01       		.uleb128 0x1
 932 000f 10       		.uleb128 0x10
 933 0010 17       		.uleb128 0x17
 934 0011 00       		.byte	0
 935 0012 00       		.byte	0
 936 0013 02       		.uleb128 0x2
 937 0014 24       		.uleb128 0x24
 938 0015 00       		.byte	0
 939 0016 0B       		.uleb128 0xb
 940 0017 0B       		.uleb128 0xb
 941 0018 3E       		.uleb128 0x3e
 942 0019 0B       		.uleb128 0xb
 943 001a 03       		.uleb128 0x3
 944 001b 0E       		.uleb128 0xe
 945 001c 00       		.byte	0
 946 001d 00       		.byte	0
 947 001e 03       		.uleb128 0x3
 948 001f 16       		.uleb128 0x16
 949 0020 00       		.byte	0
 950 0021 03       		.uleb128 0x3
 951 0022 0E       		.uleb128 0xe
 952 0023 3A       		.uleb128 0x3a
ARM GAS  C:\Users\Lenovo\AppData\Local\Temp\cc4YvCTy.s 			page 18


 953 0024 0B       		.uleb128 0xb
 954 0025 3B       		.uleb128 0x3b
 955 0026 0B       		.uleb128 0xb
 956 0027 49       		.uleb128 0x49
 957 0028 13       		.uleb128 0x13
 958 0029 00       		.byte	0
 959 002a 00       		.byte	0
 960 002b 04       		.uleb128 0x4
 961 002c 24       		.uleb128 0x24
 962 002d 00       		.byte	0
 963 002e 0B       		.uleb128 0xb
 964 002f 0B       		.uleb128 0xb
 965 0030 3E       		.uleb128 0x3e
 966 0031 0B       		.uleb128 0xb
 967 0032 03       		.uleb128 0x3
 968 0033 08       		.uleb128 0x8
 969 0034 00       		.byte	0
 970 0035 00       		.byte	0
 971 0036 05       		.uleb128 0x5
 972 0037 13       		.uleb128 0x13
 973 0038 01       		.byte	0x1
 974 0039 0B       		.uleb128 0xb
 975 003a 0B       		.uleb128 0xb
 976 003b 3A       		.uleb128 0x3a
 977 003c 0B       		.uleb128 0xb
 978 003d 3B       		.uleb128 0x3b
 979 003e 0B       		.uleb128 0xb
 980 003f 01       		.uleb128 0x1
 981 0040 13       		.uleb128 0x13
 982 0041 00       		.byte	0
 983 0042 00       		.byte	0
 984 0043 06       		.uleb128 0x6
 985 0044 0D       		.uleb128 0xd
 986 0045 00       		.byte	0
 987 0046 03       		.uleb128 0x3
 988 0047 0E       		.uleb128 0xe
 989 0048 3A       		.uleb128 0x3a
 990 0049 0B       		.uleb128 0xb
 991 004a 3B       		.uleb128 0x3b
 992 004b 0B       		.uleb128 0xb
 993 004c 49       		.uleb128 0x49
 994 004d 13       		.uleb128 0x13
 995 004e 38       		.uleb128 0x38
 996 004f 0B       		.uleb128 0xb
 997 0050 00       		.byte	0
 998 0051 00       		.byte	0
 999 0052 07       		.uleb128 0x7
 1000 0053 13       		.uleb128 0x13
 1001 0054 01       		.byte	0x1
 1002 0055 03       		.uleb128 0x3
 1003 0056 0E       		.uleb128 0xe
 1004 0057 0B       		.uleb128 0xb
 1005 0058 0B       		.uleb128 0xb
 1006 0059 3A       		.uleb128 0x3a
 1007 005a 0B       		.uleb128 0xb
 1008 005b 3B       		.uleb128 0x3b
 1009 005c 0B       		.uleb128 0xb
ARM GAS  C:\Users\Lenovo\AppData\Local\Temp\cc4YvCTy.s 			page 19


 1010 005d 01       		.uleb128 0x1
 1011 005e 13       		.uleb128 0x13
 1012 005f 00       		.byte	0
 1013 0060 00       		.byte	0
 1014 0061 08       		.uleb128 0x8
 1015 0062 2E       		.uleb128 0x2e
 1016 0063 01       		.byte	0x1
 1017 0064 3F       		.uleb128 0x3f
 1018 0065 19       		.uleb128 0x19
 1019 0066 03       		.uleb128 0x3
 1020 0067 0E       		.uleb128 0xe
 1021 0068 3A       		.uleb128 0x3a
 1022 0069 0B       		.uleb128 0xb
 1023 006a 3B       		.uleb128 0x3b
 1024 006b 0B       		.uleb128 0xb
 1025 006c 27       		.uleb128 0x27
 1026 006d 19       		.uleb128 0x19
 1027 006e 49       		.uleb128 0x49
 1028 006f 13       		.uleb128 0x13
 1029 0070 8701     		.uleb128 0x87
 1030 0072 19       		.uleb128 0x19
 1031 0073 11       		.uleb128 0x11
 1032 0074 01       		.uleb128 0x1
 1033 0075 12       		.uleb128 0x12
 1034 0076 06       		.uleb128 0x6
 1035 0077 40       		.uleb128 0x40
 1036 0078 18       		.uleb128 0x18
 1037 0079 9742     		.uleb128 0x2117
 1038 007b 19       		.uleb128 0x19
 1039 007c 01       		.uleb128 0x1
 1040 007d 13       		.uleb128 0x13
 1041 007e 00       		.byte	0
 1042 007f 00       		.byte	0
 1043 0080 09       		.uleb128 0x9
 1044 0081 898201   		.uleb128 0x4109
 1045 0084 01       		.byte	0x1
 1046 0085 11       		.uleb128 0x11
 1047 0086 01       		.uleb128 0x1
 1048 0087 31       		.uleb128 0x31
 1049 0088 13       		.uleb128 0x13
 1050 0089 00       		.byte	0
 1051 008a 00       		.byte	0
 1052 008b 0A       		.uleb128 0xa
 1053 008c 8A8201   		.uleb128 0x410a
 1054 008f 00       		.byte	0
 1055 0090 02       		.uleb128 0x2
 1056 0091 18       		.uleb128 0x18
 1057 0092 9142     		.uleb128 0x2111
 1058 0094 18       		.uleb128 0x18
 1059 0095 00       		.byte	0
 1060 0096 00       		.byte	0
 1061 0097 0B       		.uleb128 0xb
 1062 0098 34       		.uleb128 0x34
 1063 0099 00       		.byte	0
 1064 009a 03       		.uleb128 0x3
 1065 009b 0E       		.uleb128 0xe
 1066 009c 3A       		.uleb128 0x3a
ARM GAS  C:\Users\Lenovo\AppData\Local\Temp\cc4YvCTy.s 			page 20


 1067 009d 0B       		.uleb128 0xb
 1068 009e 3B       		.uleb128 0x3b
 1069 009f 0B       		.uleb128 0xb
 1070 00a0 49       		.uleb128 0x49
 1071 00a1 13       		.uleb128 0x13
 1072 00a2 3F       		.uleb128 0x3f
 1073 00a3 19       		.uleb128 0x19
 1074 00a4 3C       		.uleb128 0x3c
 1075 00a5 19       		.uleb128 0x19
 1076 00a6 00       		.byte	0
 1077 00a7 00       		.byte	0
 1078 00a8 0C       		.uleb128 0xc
 1079 00a9 0F       		.uleb128 0xf
 1080 00aa 00       		.byte	0
 1081 00ab 0B       		.uleb128 0xb
 1082 00ac 0B       		.uleb128 0xb
 1083 00ad 49       		.uleb128 0x49
 1084 00ae 13       		.uleb128 0x13
 1085 00af 00       		.byte	0
 1086 00b0 00       		.byte	0
 1087 00b1 0D       		.uleb128 0xd
 1088 00b2 26       		.uleb128 0x26
 1089 00b3 00       		.byte	0
 1090 00b4 49       		.uleb128 0x49
 1091 00b5 13       		.uleb128 0x13
 1092 00b6 00       		.byte	0
 1093 00b7 00       		.byte	0
 1094 00b8 0E       		.uleb128 0xe
 1095 00b9 2E       		.uleb128 0x2e
 1096 00ba 00       		.byte	0
 1097 00bb 3F       		.uleb128 0x3f
 1098 00bc 19       		.uleb128 0x19
 1099 00bd 3C       		.uleb128 0x3c
 1100 00be 19       		.uleb128 0x19
 1101 00bf 6E       		.uleb128 0x6e
 1102 00c0 0E       		.uleb128 0xe
 1103 00c1 03       		.uleb128 0x3
 1104 00c2 0E       		.uleb128 0xe
 1105 00c3 3A       		.uleb128 0x3a
 1106 00c4 0B       		.uleb128 0xb
 1107 00c5 3B       		.uleb128 0x3b
 1108 00c6 05       		.uleb128 0x5
 1109 00c7 00       		.byte	0
 1110 00c8 00       		.byte	0
 1111 00c9 00       		.byte	0
 1112              		.section	.debug_aranges,"",%progbits
 1113 0000 1C000000 		.4byte	0x1c
 1114 0004 0200     		.2byte	0x2
 1115 0006 00000000 		.4byte	.Ldebug_info0
 1116 000a 04       		.byte	0x4
 1117 000b 00       		.byte	0
 1118 000c 0000     		.2byte	0
 1119 000e 0000     		.2byte	0
 1120 0010 00000000 		.4byte	.LFB360
 1121 0014 10000000 		.4byte	.LFE360-.LFB360
 1122 0018 00000000 		.4byte	0
 1123 001c 00000000 		.4byte	0
ARM GAS  C:\Users\Lenovo\AppData\Local\Temp\cc4YvCTy.s 			page 21


 1124              		.section	.debug_ranges,"",%progbits
 1125              	.Ldebug_ranges0:
 1126 0000 00000000 		.4byte	.LFB360
 1127 0004 10000000 		.4byte	.LFE360
 1128 0008 00000000 		.4byte	0
 1129 000c 00000000 		.4byte	0
 1130              		.section	.debug_line,"",%progbits
 1131              	.Ldebug_line0:
 1132 0000 C8010000 		.section	.debug_str,"MS",%progbits,1
 1132      0200B201 
 1132      00000201 
 1132      FB0E0D00 
 1132      01010101 
 1133              	.LASF54:
 1134 0000 70726F74 		.ascii	"protBusMasterMask\000"
 1134      4275734D 
 1134      61737465 
 1134      724D6173 
 1134      6B00
 1135              	.LASF114:
 1136 0012 72756E4D 		.ascii	"runMode\000"
 1136      6F646500 
 1137              	.LASF64:
 1138 001a 666C6173 		.ascii	"flashCtlMainWs3Freq\000"
 1138      6843746C 
 1138      4D61696E 
 1138      57733346 
 1138      72657100 
 1139              	.LASF86:
 1140 002e 6770696F 		.ascii	"gpioPrtCfgInOffset\000"
 1140      50727443 
 1140      6667496E 
 1140      4F666673 
 1140      657400
 1141              	.LASF132:
 1142 0041 6B696C6C 		.ascii	"killInput\000"
 1142      496E7075 
 1142      7400
 1143              	.LASF104:
 1144 004b 6970634C 		.ascii	"ipcLockStatusOffset\000"
 1144      6F636B53 
 1144      74617475 
 1144      734F6666 
 1144      73657400 
 1145              	.LASF30:
 1146 005f 63727970 		.ascii	"cryptoVersion\000"
 1146      746F5665 
 1146      7273696F 
 1146      6E00
 1147              	.LASF48:
 1148 006d 70657269 		.ascii	"periClockNr\000"
 1148      436C6F63 
 1148      6B4E7200 
 1149              	.LASF26:
 1150 0079 70617373 		.ascii	"passBase\000"
 1150      42617365 
 1150      00
ARM GAS  C:\Users\Lenovo\AppData\Local\Temp\cc4YvCTy.s 			page 22


 1151              	.LASF140:
 1152 0082 6D61696E 		.ascii	"main_cm0p.c\000"
 1152      5F636D30 
 1152      702E6300 
 1153              	.LASF112:
 1154 008e 70776D41 		.ascii	"pwmAlignment\000"
 1154      6C69676E 
 1154      6D656E74 
 1154      00
 1155              	.LASF39:
 1156 009b 63707573 		.ascii	"cpussIpcIrqNr\000"
 1156      73497063 
 1156      4972714E 
 1156      7200
 1157              	.LASF3:
 1158 00a9 5F5F7569 		.ascii	"__uint8_t\000"
 1158      6E74385F 
 1158      7400
 1159              	.LASF83:
 1160 00b3 70657269 		.ascii	"periDiv24_5CtlOffset\000"
 1160      44697632 
 1160      345F3543 
 1160      746C4F66 
 1160      66736574 
 1161              	.LASF90:
 1162 00c8 63707573 		.ascii	"cpussCm4ClockCtlOffset\000"
 1162      73436D34 
 1162      436C6F63 
 1162      6B43746C 
 1162      4F666673 
 1163              	.LASF19:
 1164 00df 63707573 		.ascii	"cpussBase\000"
 1164      73426173 
 1164      6500
 1165              	.LASF68:
 1166 00e9 64774368 		.ascii	"dwChCtlPrioPos\000"
 1166      43746C50 
 1166      72696F50 
 1166      6F7300
 1167              	.LASF11:
 1168 00f8 6C6F6E67 		.ascii	"long long unsigned int\000"
 1168      206C6F6E 
 1168      6720756E 
 1168      7369676E 
 1168      65642069 
 1169              	.LASF111:
 1170 010f 636C6F63 		.ascii	"clockPrescaler\000"
 1170      6B507265 
 1170      7363616C 
 1170      657200
 1171              	.LASF72:
 1172 011e 70657269 		.ascii	"periTrCmdOffset\000"
 1172      5472436D 
 1172      644F6666 
 1172      73657400 
 1173              	.LASF96:
 1174 012e 63707573 		.ascii	"cpussSysTickCtlOffset\000"
ARM GAS  C:\Users\Lenovo\AppData\Local\Temp\cc4YvCTy.s 			page 23


 1174      73537973 
 1174      5469636B 
 1174      43746C4F 
 1174      66667365 
 1175              	.LASF57:
 1176 0144 666C6173 		.ascii	"flashPipeRequired\000"
 1176      68506970 
 1176      65526571 
 1176      75697265 
 1176      6400
 1177              	.LASF61:
 1178 0156 666C6173 		.ascii	"flashCtlMainWs0Freq\000"
 1178      6843746C 
 1178      4D61696E 
 1178      57733046 
 1178      72657100 
 1179              	.LASF14:
 1180 016a 696E7431 		.ascii	"int16_t\000"
 1180      365F7400 
 1181              	.LASF10:
 1182 0172 6C6F6E67 		.ascii	"long long int\000"
 1182      206C6F6E 
 1182      6720696E 
 1182      7400
 1183              	.LASF2:
 1184 0180 7369676E 		.ascii	"signed char\000"
 1184      65642063 
 1184      68617200 
 1185              	.LASF77:
 1186 018c 70657269 		.ascii	"periDivCmdTypeSelPos\000"
 1186      44697643 
 1186      6D645479 
 1186      70655365 
 1186      6C506F73 
 1187              	.LASF23:
 1188 01a1 70726F74 		.ascii	"protBase\000"
 1188      42617365 
 1188      00
 1189              	.LASF35:
 1190 01aa 69706356 		.ascii	"ipcVersion\000"
 1190      65727369 
 1190      6F6E00
 1191              	.LASF97:
 1192 01b5 63707573 		.ascii	"cpussCm0NmiCtlOffset\000"
 1192      73436D30 
 1192      4E6D6943 
 1192      746C4F66 
 1192      66736574 
 1193              	.LASF45:
 1194 01ca 73727373 		.ascii	"srssNumClkpath\000"
 1194      4E756D43 
 1194      6C6B7061 
 1194      746800
 1195              	.LASF24:
 1196 01d9 6873696F 		.ascii	"hsiomBase\000"
 1196      6D426173 
 1196      6500
ARM GAS  C:\Users\Lenovo\AppData\Local\Temp\cc4YvCTy.s 			page 24


 1197              	.LASF142:
 1198 01e3 63795F73 		.ascii	"cy_stc_tcpwm_pwm_config\000"
 1198      74635F74 
 1198      6370776D 
 1198      5F70776D 
 1198      5F636F6E 
 1199              	.LASF7:
 1200 01fb 6C6F6E67 		.ascii	"long int\000"
 1200      20696E74 
 1200      00
 1201              	.LASF55:
 1202 0204 63727970 		.ascii	"cryptoMemSize\000"
 1202      746F4D65 
 1202      6D53697A 
 1202      6500
 1203              	.LASF137:
 1204 0212 50574D5F 		.ascii	"PWM_1_config\000"
 1204      315F636F 
 1204      6E666967 
 1204      00
 1205              	.LASF21:
 1206 021f 70657269 		.ascii	"periBase\000"
 1206      42617365 
 1206      00
 1207              	.LASF53:
 1208 0228 73797350 		.ascii	"sysPmSimoPresent\000"
 1208      6D53696D 
 1208      6F507265 
 1208      73656E74 
 1208      00
 1209              	.LASF43:
 1210 0239 63707573 		.ascii	"cpussFmIrq\000"
 1210      73466D49 
 1210      727100
 1211              	.LASF108:
 1212 0244 646F7562 		.ascii	"double\000"
 1212      6C6500
 1213              	.LASF82:
 1214 024b 70657269 		.ascii	"periDiv16_5CtlOffset\000"
 1214      44697631 
 1214      365F3543 
 1214      746C4F66 
 1214      66736574 
 1215              	.LASF46:
 1216 0260 73727373 		.ascii	"srssNumPll\000"
 1216      4E756D50 
 1216      6C6C00
 1217              	.LASF143:
 1218 026b 6D61696E 		.ascii	"main\000"
 1218      00
 1219              	.LASF80:
 1220 0270 70657269 		.ascii	"periDiv8CtlOffset\000"
 1220      44697638 
 1220      43746C4F 
 1220      66667365 
 1220      7400
 1221              	.LASF87:
ARM GAS  C:\Users\Lenovo\AppData\Local\Temp\cc4YvCTy.s 			page 25


 1222 0282 6770696F 		.ascii	"gpioPrtCfgOutOffset\000"
 1222      50727443 
 1222      66674F75 
 1222      744F6666 
 1222      73657400 
 1223              	.LASF20:
 1224 0296 666C6173 		.ascii	"flashcBase\000"
 1224      68634261 
 1224      736500
 1225              	.LASF8:
 1226 02a1 5F5F7569 		.ascii	"__uint32_t\000"
 1226      6E743332 
 1226      5F7400
 1227              	.LASF50:
 1228 02ac 70617373 		.ascii	"passSarChannels\000"
 1228      53617243 
 1228      68616E6E 
 1228      656C7300 
 1229              	.LASF4:
 1230 02bc 5F5F696E 		.ascii	"__int16_t\000"
 1230      7431365F 
 1230      7400
 1231              	.LASF93:
 1232 02c6 63707573 		.ascii	"cpussCm4PwrCtlOffset\000"
 1232      73436D34 
 1232      50777243 
 1232      746C4F66 
 1232      66736574 
 1233              	.LASF88:
 1234 02db 6770696F 		.ascii	"gpioPrtCfgSioOffset\000"
 1234      50727443 
 1234      66675369 
 1234      6F4F6666 
 1234      73657400 
 1235              	.LASF40:
 1236 02ef 63707573 		.ascii	"cpussDwChNr\000"
 1236      73447743 
 1236      684E7200 
 1237              	.LASF12:
 1238 02fb 756E7369 		.ascii	"unsigned int\000"
 1238      676E6564 
 1238      20696E74 
 1238      00
 1239              	.LASF15:
 1240 0308 75696E74 		.ascii	"uint16_t\000"
 1240      31365F74 
 1240      00
 1241              	.LASF73:
 1242 0311 70657269 		.ascii	"periTrCmdGrSelMsk\000"
 1242      5472436D 
 1242      64477253 
 1242      656C4D73 
 1242      6B00
 1243              	.LASF62:
 1244 0323 666C6173 		.ascii	"flashCtlMainWs1Freq\000"
 1244      6843746C 
 1244      4D61696E 
ARM GAS  C:\Users\Lenovo\AppData\Local\Temp\cc4YvCTy.s 			page 26


 1244      57733146 
 1244      72657100 
 1245              	.LASF9:
 1246 0337 6C6F6E67 		.ascii	"long unsigned int\000"
 1246      20756E73 
 1246      69676E65 
 1246      6420696E 
 1246      7400
 1247              	.LASF120:
 1248 0349 656E6162 		.ascii	"enableCompareSwap\000"
 1248      6C65436F 
 1248      6D706172 
 1248      65537761 
 1248      7000
 1249              	.LASF38:
 1250 035b 63707573 		.ascii	"cpussIpcNr\000"
 1250      73497063 
 1250      4E7200
 1251              	.LASF25:
 1252 0366 6770696F 		.ascii	"gpioBase\000"
 1252      42617365 
 1252      00
 1253              	.LASF51:
 1254 036f 65704D6F 		.ascii	"epMonitorNr\000"
 1254      6E69746F 
 1254      724E7200 
 1255              	.LASF63:
 1256 037b 666C6173 		.ascii	"flashCtlMainWs2Freq\000"
 1256      6843746C 
 1256      4D61696E 
 1256      57733246 
 1256      72657100 
 1257              	.LASF125:
 1258 038f 73776170 		.ascii	"swapInputMode\000"
 1258      496E7075 
 1258      744D6F64 
 1258      6500
 1259              	.LASF74:
 1260 039d 70657269 		.ascii	"periTrGrOffset\000"
 1260      54724772 
 1260      4F666673 
 1260      657400
 1261              	.LASF101:
 1262 03ac 63707573 		.ascii	"cpussRam1Ctl0\000"
 1262      7352616D 
 1262      3143746C 
 1262      3000
 1263              	.LASF131:
 1264 03ba 6B696C6C 		.ascii	"killInputMode\000"
 1264      496E7075 
 1264      744D6F64 
 1264      6500
 1265              	.LASF75:
 1266 03c8 70657269 		.ascii	"periTrGrSize\000"
 1266      54724772 
 1266      53697A65 
 1266      00
ARM GAS  C:\Users\Lenovo\AppData\Local\Temp\cc4YvCTy.s 			page 27


 1267              	.LASF144:
 1268 03d5 43795F53 		.ascii	"Cy_SysEnableCM4\000"
 1268      7973456E 
 1268      61626C65 
 1268      434D3400 
 1269              	.LASF33:
 1270 03e5 6770696F 		.ascii	"gpioVersion\000"
 1270      56657273 
 1270      696F6E00 
 1271              	.LASF105:
 1272 03f1 63795F73 		.ascii	"cy_stc_device_t\000"
 1272      74635F64 
 1272      65766963 
 1272      655F7400 
 1273              	.LASF122:
 1274 0401 696E7665 		.ascii	"invertPWMOut\000"
 1274      72745057 
 1274      4D4F7574 
 1274      00
 1275              	.LASF113:
 1276 040e 64656164 		.ascii	"deadTimeClocks\000"
 1276      54696D65 
 1276      436C6F63 
 1276      6B7300
 1277              	.LASF98:
 1278 041d 63707573 		.ascii	"cpussCm4NmiCtlOffset\000"
 1278      73436D34 
 1278      4E6D6943 
 1278      746C4F66 
 1278      66736574 
 1279              	.LASF94:
 1280 0432 63707573 		.ascii	"cpussTrimRamCtlOffset\000"
 1280      73547269 
 1280      6D52616D 
 1280      43746C4F 
 1280      66667365 
 1281              	.LASF130:
 1282 0448 73746172 		.ascii	"startInput\000"
 1282      74496E70 
 1282      757400
 1283              	.LASF29:
 1284 0453 63707573 		.ascii	"cpussVersion\000"
 1284      73566572 
 1284      73696F6E 
 1284      00
 1285              	.LASF36:
 1286 0460 70657269 		.ascii	"periVersion\000"
 1286      56657273 
 1286      696F6E00 
 1287              	.LASF92:
 1288 046c 63707573 		.ascii	"cpussCm0StatusOffset\000"
 1288      73436D30 
 1288      53746174 
 1288      75734F66 
 1288      66736574 
 1289              	.LASF17:
 1290 0481 73697A65 		.ascii	"sizetype\000"
ARM GAS  C:\Users\Lenovo\AppData\Local\Temp\cc4YvCTy.s 			page 28


 1290      74797065 
 1290      00
 1291              	.LASF66:
 1292 048a 64774368 		.ascii	"dwChOffset\000"
 1292      4F666673 
 1292      657400
 1293              	.LASF41:
 1294 0495 63707573 		.ascii	"cpussFlashPaSize\000"
 1294      73466C61 
 1294      73685061 
 1294      53697A65 
 1294      00
 1295              	.LASF79:
 1296 04a6 70657269 		.ascii	"periDivCmdPaTypeSelPos\000"
 1296      44697643 
 1296      6D645061 
 1296      54797065 
 1296      53656C50 
 1297              	.LASF102:
 1298 04bd 63707573 		.ascii	"cpussRam2Ctl0\000"
 1298      7352616D 
 1298      3243746C 
 1298      3000
 1299              	.LASF70:
 1300 04cb 64775374 		.ascii	"dwStatusChIdxPos\000"
 1300      61747573 
 1300      43684964 
 1300      78506F73 
 1300      00
 1301              	.LASF52:
 1302 04dc 75646250 		.ascii	"udbPresent\000"
 1302      72657365 
 1302      6E7400
 1303              	.LASF32:
 1304 04e7 666C6173 		.ascii	"flashcVersion\000"
 1304      68635665 
 1304      7273696F 
 1304      6E00
 1305              	.LASF28:
 1306 04f5 63727970 		.ascii	"cryptoBase\000"
 1306      746F4261 
 1306      736500
 1307              	.LASF49:
 1308 0500 736D6966 		.ascii	"smifDeviceNr\000"
 1308      44657669 
 1308      63654E72 
 1308      00
 1309              	.LASF110:
 1310 050d 70776D4D 		.ascii	"pwmMode\000"
 1310      6F646500 
 1311              	.LASF107:
 1312 0515 666C6F61 		.ascii	"float\000"
 1312      7400
 1313              	.LASF71:
 1314 051b 64775374 		.ascii	"dwStatusChIdxMsk\000"
 1314      61747573 
 1314      43684964 
ARM GAS  C:\Users\Lenovo\AppData\Local\Temp\cc4YvCTy.s 			page 29


 1314      784D736B 
 1314      00
 1315              	.LASF136:
 1316 052c 63795F64 		.ascii	"cy_device\000"
 1316      65766963 
 1316      6500
 1317              	.LASF99:
 1318 0536 63707573 		.ascii	"cpussRomCtl\000"
 1318      73526F6D 
 1318      43746C00 
 1319              	.LASF69:
 1320 0542 64774368 		.ascii	"dwChCtlPreemptablePos\000"
 1320      43746C50 
 1320      7265656D 
 1320      70746162 
 1320      6C65506F 
 1321              	.LASF124:
 1322 0558 6B696C6C 		.ascii	"killMode\000"
 1322      4D6F6465 
 1322      00
 1323              	.LASF22:
 1324 0561 75646242 		.ascii	"udbBase\000"
 1324      61736500 
 1325              	.LASF109:
 1326 0569 5F426F6F 		.ascii	"_Bool\000"
 1326      6C00
 1327              	.LASF1:
 1328 056f 756E7369 		.ascii	"unsigned char\000"
 1328      676E6564 
 1328      20636861 
 1328      7200
 1329              	.LASF65:
 1330 057d 666C6173 		.ascii	"flashCtlMainWs4Freq\000"
 1330      6843746C 
 1330      4D61696E 
 1330      57733446 
 1330      72657100 
 1331              	.LASF0:
 1332 0591 73686F72 		.ascii	"short int\000"
 1332      7420696E 
 1332      7400
 1333              	.LASF141:
 1334 059b 443A5C4D 		.ascii	"D:\\Microprocess2\\Lab9\\Lab9\\Design01.cydsn\000"
 1334      6963726F 
 1334      70726F63 
 1334      65737332 
 1334      5C4C6162 
 1335              	.LASF76:
 1336 05c5 70657269 		.ascii	"periDivCmdDivSelMsk\000"
 1336      44697643 
 1336      6D644469 
 1336      7653656C 
 1336      4D736B00 
 1337              	.LASF117:
 1338 05d9 656E6162 		.ascii	"enablePeriodSwap\000"
 1338      6C655065 
 1338      72696F64 
ARM GAS  C:\Users\Lenovo\AppData\Local\Temp\cc4YvCTy.s 			page 30


 1338      53776170 
 1338      00
 1339              	.LASF126:
 1340 05ea 73776170 		.ascii	"swapInput\000"
 1340      496E7075 
 1340      7400
 1341              	.LASF47:
 1342 05f4 73727373 		.ascii	"srssNumHfroot\000"
 1342      4E756D48 
 1342      66726F6F 
 1342      7400
 1343              	.LASF60:
 1344 0602 666C6173 		.ascii	"flashEraseDelay\000"
 1344      68457261 
 1344      73654465 
 1344      6C617900 
 1345              	.LASF16:
 1346 0612 75696E74 		.ascii	"uint32_t\000"
 1346      33325F74 
 1346      00
 1347              	.LASF139:
 1348 061b 474E5520 		.ascii	"GNU C11 5.4.1 20160609 (release) [ARM/embedded-5-br"
 1348      43313120 
 1348      352E342E 
 1348      31203230 
 1348      31363036 
 1349 064e 616E6368 		.ascii	"anch revision 237715] -mcpu=cortex-m0plus -mthumb -"
 1349      20726576 
 1349      6973696F 
 1349      6E203233 
 1349      37373135 
 1350 0681 67202D4F 		.ascii	"g -Og -ffunction-sections -ffat-lto-objects\000"
 1350      67202D66 
 1350      66756E63 
 1350      74696F6E 
 1350      2D736563 
 1351              	.LASF118:
 1352 06ad 636F6D70 		.ascii	"compare0\000"
 1352      61726530 
 1352      00
 1353              	.LASF18:
 1354 06b6 6C6F6E67 		.ascii	"long double\000"
 1354      20646F75 
 1354      626C6500 
 1355              	.LASF106:
 1356 06c2 63686172 		.ascii	"char\000"
 1356      00
 1357              	.LASF134:
 1358 06c7 636F756E 		.ascii	"countInput\000"
 1358      74496E70 
 1358      757400
 1359              	.LASF37:
 1360 06d2 70726F74 		.ascii	"protVersion\000"
 1360      56657273 
 1360      696F6E00 
 1361              	.LASF100:
 1362 06de 63707573 		.ascii	"cpussRam0Ctl0\000"
ARM GAS  C:\Users\Lenovo\AppData\Local\Temp\cc4YvCTy.s 			page 31


 1362      7352616D 
 1362      3043746C 
 1362      3000
 1363              	.LASF5:
 1364 06ec 5F5F7569 		.ascii	"__uint16_t\000"
 1364      6E743136 
 1364      5F7400
 1365              	.LASF81:
 1366 06f7 70657269 		.ascii	"periDiv16CtlOffset\000"
 1366      44697631 
 1366      3643746C 
 1366      4F666673 
 1366      657400
 1367              	.LASF34:
 1368 070a 6873696F 		.ascii	"hsiomVersion\000"
 1368      6D566572 
 1368      73696F6E 
 1368      00
 1369              	.LASF121:
 1370 0717 696E7465 		.ascii	"interruptSources\000"
 1370      72727570 
 1370      74536F75 
 1370      72636573 
 1370      00
 1371              	.LASF128:
 1372 0728 72656C6F 		.ascii	"reloadInput\000"
 1372      6164496E 
 1372      70757400 
 1373              	.LASF6:
 1374 0734 73686F72 		.ascii	"short unsigned int\000"
 1374      7420756E 
 1374      7369676E 
 1374      65642069 
 1374      6E7400
 1375              	.LASF67:
 1376 0747 64774368 		.ascii	"dwChSize\000"
 1376      53697A65 
 1376      00
 1377              	.LASF103:
 1378 0750 69706353 		.ascii	"ipcStructSize\000"
 1378      74727563 
 1378      7453697A 
 1378      6500
 1379              	.LASF129:
 1380 075e 73746172 		.ascii	"startInputMode\000"
 1380      74496E70 
 1380      75744D6F 
 1380      646500
 1381              	.LASF42:
 1382 076d 63707573 		.ascii	"cpussIpc0Irq\000"
 1382      73497063 
 1382      30497271 
 1382      00
 1383              	.LASF115:
 1384 077a 70657269 		.ascii	"period0\000"
 1384      6F643000 
 1385              	.LASF116:
ARM GAS  C:\Users\Lenovo\AppData\Local\Temp\cc4YvCTy.s 			page 32


 1386 0782 70657269 		.ascii	"period1\000"
 1386      6F643100 
 1387              	.LASF119:
 1388 078a 636F6D70 		.ascii	"compare1\000"
 1388      61726531 
 1388      00
 1389              	.LASF89:
 1390 0793 63707573 		.ascii	"cpussCm0ClockCtlOffset\000"
 1390      73436D30 
 1390      436C6F63 
 1390      6B43746C 
 1390      4F666673 
 1391              	.LASF85:
 1392 07aa 6770696F 		.ascii	"gpioPrtCfgOffset\000"
 1392      50727443 
 1392      66674F66 
 1392      66736574 
 1392      00
 1393              	.LASF44:
 1394 07bb 63707573 		.ascii	"cpussNotConnectedIrq\000"
 1394      734E6F74 
 1394      436F6E6E 
 1394      65637465 
 1394      64497271 
 1395              	.LASF123:
 1396 07d0 696E7665 		.ascii	"invertPWMOutN\000"
 1396      72745057 
 1396      4D4F7574 
 1396      4E00
 1397              	.LASF58:
 1398 07de 666C6173 		.ascii	"flashWriteDelay\000"
 1398      68577269 
 1398      74654465 
 1398      6C617900 
 1399              	.LASF13:
 1400 07ee 75696E74 		.ascii	"uint8_t\000"
 1400      385F7400 
 1401              	.LASF138:
 1402 07f6 50574D5F 		.ascii	"PWM_2_config\000"
 1402      325F636F 
 1402      6E666967 
 1402      00
 1403              	.LASF91:
 1404 0803 63707573 		.ascii	"cpussCm4StatusOffset\000"
 1404      73436D34 
 1404      53746174 
 1404      75734F66 
 1404      66736574 
 1405              	.LASF84:
 1406 0818 6770696F 		.ascii	"gpioPrtIntrCfgOffset\000"
 1406      50727449 
 1406      6E747243 
 1406      66674F66 
 1406      66736574 
 1407              	.LASF135:
 1408 082d 63795F73 		.ascii	"cy_stc_tcpwm_pwm_config_t\000"
 1408      74635F74 
ARM GAS  C:\Users\Lenovo\AppData\Local\Temp\cc4YvCTy.s 			page 33


 1408      6370776D 
 1408      5F70776D 
 1408      5F636F6E 
 1409              	.LASF127:
 1410 0847 72656C6F 		.ascii	"reloadInputMode\000"
 1410      6164496E 
 1410      7075744D 
 1410      6F646500 
 1411              	.LASF95:
 1412 0857 63707573 		.ascii	"cpussTrimRomCtlOffset\000"
 1412      73547269 
 1412      6D526F6D 
 1412      43746C4F 
 1412      66667365 
 1413              	.LASF133:
 1414 086d 636F756E 		.ascii	"countInputMode\000"
 1414      74496E70 
 1414      75744D6F 
 1414      646500
 1415              	.LASF31:
 1416 087c 64775665 		.ascii	"dwVersion\000"
 1416      7273696F 
 1416      6E00
 1417              	.LASF27:
 1418 0886 69706342 		.ascii	"ipcBase\000"
 1418      61736500 
 1419              	.LASF78:
 1420 088e 70657269 		.ascii	"periDivCmdPaDivSelPos\000"
 1420      44697643 
 1420      6D645061 
 1420      44697653 
 1420      656C506F 
 1421              	.LASF59:
 1422 08a4 666C6173 		.ascii	"flashProgramDelay\000"
 1422      6850726F 
 1422      6772616D 
 1422      44656C61 
 1422      7900
 1423              	.LASF56:
 1424 08b6 666C6173 		.ascii	"flashRwwRequired\000"
 1424      68527777 
 1424      52657175 
 1424      69726564 
 1424      00
 1425              		.ident	"GCC: (GNU Tools for ARM Embedded Processors) 5.4.1 20160609 (release) [ARM/embedded-5-bran
