ARM GAS  C:\Users\Lenovo\AppData\Local\Temp\cc8eKevs.s 			page 1


   1              		.syntax unified
   2              		.cpu cortex-m0
   3              		.fpu softvfp
   4              		.eabi_attribute 20, 1
   5              		.eabi_attribute 21, 1
   6              		.eabi_attribute 23, 3
   7              		.eabi_attribute 24, 1
   8              		.eabi_attribute 25, 1
   9              		.eabi_attribute 26, 1
  10              		.eabi_attribute 30, 1
  11              		.eabi_attribute 34, 0
  12              		.eabi_attribute 18, 4
  13              		.thumb
  14              		.syntax unified
  15              		.file	"main.c"
  16              		.text
  17              	.Ltext0:
  18              		.cfi_sections	.debug_frame
  19              		.section	.text.GPIOIsrHandler,"ax",%progbits
  20              		.align	2
  21              		.global	GPIOIsrHandler
  22              		.code	16
  23              		.thumb_func
  24              		.type	GPIOIsrHandler, %function
  25              	GPIOIsrHandler:
  26              	.LFB33:
  27              		.file 1 "main.c"
   1:main.c        **** /* ========================================
   2:main.c        ****  *
   3:main.c        ****  * Copyright YOUR COMPANY, THE YEAR
   4:main.c        ****  * All Rights Reserved
   5:main.c        ****  * UNPUBLISHED, LICENSED SOFTWARE.
   6:main.c        ****  *
   7:main.c        ****  * CONFIDENTIAL AND PROPRIETARY INFORMATION
   8:main.c        ****  * WHICH IS THE PROPERTY OF your company.
   9:main.c        ****  *
  10:main.c        ****  * ========================================
  11:main.c        **** */
  12:main.c        **** #include "project.h"
  13:main.c        **** #define DEFAULT_PRIORITY                    (3u)
  14:main.c        **** #define HIGHER_PRIORITY                     (2u)
  15:main.c        **** #define LIGHT_OFF                       (1u)
  16:main.c        **** #define LIGHT_ON                        (0u)
  17:main.c        **** /* Interrupt prototypes */
  18:main.c        **** CY_ISR_PROTO(GPIOIsrHandler);
  19:main.c        **** CY_ISR_PROTO(GPIOIsrHandler_0);
  20:main.c        **** 
  21:main.c        **** int8 K=1;
  22:main.c        **** int main (void){
  23:main.c        **** CyGlobalIntEnable;
  24:main.c        ****     Clock_Start();
  25:main.c        ****     UART_Start();
  26:main.c        **** 
  27:main.c        ****     UART_UartPutString("FEI_32_Tyshchenko_Anna \r\n");
  28:main.c        ****     UART_UartPutString("Interrupt Apparatus + UART \r\n");
  29:main.c        ****     UART_UartPutString("NO Alarm \r\n"); 
  30:main.c        ****         PWM_Stop();
ARM GAS  C:\Users\Lenovo\AppData\Local\Temp\cc8eKevs.s 			page 2


  31:main.c        ****     Pin_Green_Write(LIGHT_ON);
  32:main.c        ****     Pin_Blue_Write(LIGHT_OFF);
  33:main.c        ****     
  34:main.c        ****     for(;;){
  35:main.c        ****     if (K==1){
  36:main.c        ****     isr_GPIO_StartEx(GPIOIsrHandler);
  37:main.c        ****     isr_GPIO_SetPriority(DEFAULT_PRIORITY);
  38:main.c        ****     };
  39:main.c        ****     if (K==0){
  40:main.c        ****     isr_GPIO_StartEx(GPIOIsrHandler_0);
  41:main.c        ****     isr_GPIO_SetPriority(DEFAULT_PRIORITY);
  42:main.c        ****     };
  43:main.c        ****     }
  44:main.c        ****     
  45:main.c        **** }
  46:main.c        **** 
  47:main.c        **** CY_ISR(GPIOIsrHandler){
  28              		.loc 1 47 0
  29              		.cfi_startproc
  30              		@ args = 0, pretend = 0, frame = 0
  31              		@ frame_needed = 0, uses_anonymous_args = 0
  32 0000 10B5     		push	{r4, lr}
  33              		.cfi_def_cfa_offset 8
  34              		.cfi_offset 4, -8
  35              		.cfi_offset 14, -4
  48:main.c        ****  Pin_Green_Write(LIGHT_OFF);
  36              		.loc 1 48 0
  37 0002 0120     		movs	r0, #1
  38 0004 FFF7FEFF 		bl	Pin_Green_Write
  39              	.LVL0:
  49:main.c        ****     Pin_Blue_Write(LIGHT_OFF);
  40              		.loc 1 49 0
  41 0008 0120     		movs	r0, #1
  42 000a FFF7FEFF 		bl	Pin_Blue_Write
  43              	.LVL1:
  50:main.c        ****     PWM_Start();
  44              		.loc 1 50 0
  45 000e FFF7FEFF 		bl	PWM_Start
  46              	.LVL2:
  51:main.c        ****     isr_GPIO_ClearPending();
  47              		.loc 1 51 0
  48 0012 FFF7FEFF 		bl	isr_GPIO_ClearPending
  49              	.LVL3:
  52:main.c        ****     Pin_SW2_ClearInterrupt();
  50              		.loc 1 52 0
  51 0016 FFF7FEFF 		bl	Pin_SW2_ClearInterrupt
  52              	.LVL4:
  53:main.c        ****      UART_UartPutString("Alarm \r\n"); 
  53              		.loc 1 53 0
  54 001a 0348     		ldr	r0, .L2
  55 001c FFF7FEFF 		bl	UART_UartPutString
  56              	.LVL5:
  54:main.c        ****     K=0;
  57              		.loc 1 54 0
  58 0020 0022     		movs	r2, #0
  59 0022 024B     		ldr	r3, .L2+4
  60 0024 1A70     		strb	r2, [r3]
ARM GAS  C:\Users\Lenovo\AppData\Local\Temp\cc8eKevs.s 			page 3


  55:main.c        **** }
  61              		.loc 1 55 0
  62              		@ sp needed
  63 0026 10BD     		pop	{r4, pc}
  64              	.L3:
  65              		.align	2
  66              	.L2:
  67 0028 00000000 		.word	.LC0
  68 002c 00000000 		.word	.LANCHOR0
  69              		.cfi_endproc
  70              	.LFE33:
  71              		.size	GPIOIsrHandler, .-GPIOIsrHandler
  72              		.section	.text.GPIOIsrHandler_0,"ax",%progbits
  73              		.align	2
  74              		.global	GPIOIsrHandler_0
  75              		.code	16
  76              		.thumb_func
  77              		.type	GPIOIsrHandler_0, %function
  78              	GPIOIsrHandler_0:
  79              	.LFB34:
  56:main.c        **** 
  57:main.c        **** 
  58:main.c        **** CY_ISR(GPIOIsrHandler_0){
  80              		.loc 1 58 0
  81              		.cfi_startproc
  82              		@ args = 0, pretend = 0, frame = 0
  83              		@ frame_needed = 0, uses_anonymous_args = 0
  84 0000 10B5     		push	{r4, lr}
  85              		.cfi_def_cfa_offset 8
  86              		.cfi_offset 4, -8
  87              		.cfi_offset 14, -4
  59:main.c        ****  Pin_Green_Write(LIGHT_ON);
  88              		.loc 1 59 0
  89 0002 0020     		movs	r0, #0
  90 0004 FFF7FEFF 		bl	Pin_Green_Write
  91              	.LVL6:
  60:main.c        ****     Pin_Blue_Write(LIGHT_ON);
  92              		.loc 1 60 0
  93 0008 0020     		movs	r0, #0
  94 000a FFF7FEFF 		bl	Pin_Blue_Write
  95              	.LVL7:
  61:main.c        ****     PWM_Stop();
  96              		.loc 1 61 0
  97 000e FFF7FEFF 		bl	PWM_Stop
  98              	.LVL8:
  62:main.c        ****     isr_GPIO_ClearPending();
  99              		.loc 1 62 0
 100 0012 FFF7FEFF 		bl	isr_GPIO_ClearPending
 101              	.LVL9:
  63:main.c        ****     Pin_SW2_ClearInterrupt();
 102              		.loc 1 63 0
 103 0016 FFF7FEFF 		bl	Pin_SW2_ClearInterrupt
 104              	.LVL10:
  64:main.c        ****     UART_UartPutString(" NO Alarm \r\n"); 
 105              		.loc 1 64 0
 106 001a 0348     		ldr	r0, .L5
 107 001c FFF7FEFF 		bl	UART_UartPutString
ARM GAS  C:\Users\Lenovo\AppData\Local\Temp\cc8eKevs.s 			page 4


 108              	.LVL11:
  65:main.c        ****     K=1;
 109              		.loc 1 65 0
 110 0020 0122     		movs	r2, #1
 111 0022 024B     		ldr	r3, .L5+4
 112 0024 1A70     		strb	r2, [r3]
  66:main.c        **** }...
 113              		.loc 1 66 0
 114              		@ sp needed
 115 0026 10BD     		pop	{r4, pc}
 116              	.L6:
 117              		.align	2
 118              	.L5:
 119 0028 0C000000 		.word	.LC3
 120 002c 00000000 		.word	.LANCHOR0
 121              		.cfi_endproc
 122              	.LFE34:
 123              		.size	GPIOIsrHandler_0, .-GPIOIsrHandler_0
 124              		.section	.text.main,"ax",%progbits
 125              		.align	2
 126              		.global	main
 127              		.code	16
 128              		.thumb_func
 129              		.type	main, %function
 130              	main:
 131              	.LFB32:
  22:main.c        **** int main (void){
 132              		.loc 1 22 0
 133              		.cfi_startproc
 134              		@ Volatile: function does not return.
 135              		@ args = 0, pretend = 0, frame = 0
 136              		@ frame_needed = 0, uses_anonymous_args = 0
 137 0000 10B5     		push	{r4, lr}
 138              		.cfi_def_cfa_offset 8
 139              		.cfi_offset 4, -8
 140              		.cfi_offset 14, -4
  23:main.c        **** CyGlobalIntEnable;
 141              		.loc 1 23 0
 142              		.syntax divided
 143              	@ 23 "main.c" 1
 144 0002 62B6     		CPSIE   i
 145              	@ 0 "" 2
  24:main.c        ****     Clock_Start();
 146              		.loc 1 24 0
 147              		.thumb
 148              		.syntax unified
 149 0004 FFF7FEFF 		bl	Clock_Start
 150              	.LVL12:
  25:main.c        ****     UART_Start();
 151              		.loc 1 25 0
 152 0008 FFF7FEFF 		bl	UART_Start
 153              	.LVL13:
  27:main.c        ****     UART_UartPutString("FEI_32_Tyshchenko_Anna \r\n");
 154              		.loc 1 27 0
 155 000c 1348     		ldr	r0, .L11
 156 000e FFF7FEFF 		bl	UART_UartPutString
 157              	.LVL14:
ARM GAS  C:\Users\Lenovo\AppData\Local\Temp\cc8eKevs.s 			page 5


  28:main.c        ****     UART_UartPutString("Interrupt Apparatus + UART \r\n");
 158              		.loc 1 28 0
 159 0012 1348     		ldr	r0, .L11+4
 160 0014 FFF7FEFF 		bl	UART_UartPutString
 161              	.LVL15:
  29:main.c        ****     UART_UartPutString("NO Alarm \r\n"); 
 162              		.loc 1 29 0
 163 0018 1248     		ldr	r0, .L11+8
 164 001a FFF7FEFF 		bl	UART_UartPutString
 165              	.LVL16:
  30:main.c        ****         PWM_Stop();
 166              		.loc 1 30 0
 167 001e FFF7FEFF 		bl	PWM_Stop
 168              	.LVL17:
  31:main.c        ****     Pin_Green_Write(LIGHT_ON);
 169              		.loc 1 31 0
 170 0022 0020     		movs	r0, #0
 171 0024 FFF7FEFF 		bl	Pin_Green_Write
 172              	.LVL18:
  32:main.c        ****     Pin_Blue_Write(LIGHT_OFF);
 173              		.loc 1 32 0
 174 0028 0120     		movs	r0, #1
 175 002a FFF7FEFF 		bl	Pin_Blue_Write
 176              	.LVL19:
 177              	.L9:
  35:main.c        ****     if (K==1){
 178              		.loc 1 35 0
 179 002e 0E4B     		ldr	r3, .L11+12
 180 0030 1B78     		ldrb	r3, [r3]
 181 0032 5BB2     		sxtb	r3, r3
 182 0034 012B     		cmp	r3, #1
 183 0036 05D1     		bne	.L8
  36:main.c        ****     isr_GPIO_StartEx(GPIOIsrHandler);
 184              		.loc 1 36 0
 185 0038 0C48     		ldr	r0, .L11+16
 186 003a FFF7FEFF 		bl	isr_GPIO_StartEx
 187              	.LVL20:
  37:main.c        ****     isr_GPIO_SetPriority(DEFAULT_PRIORITY);
 188              		.loc 1 37 0
 189 003e 0320     		movs	r0, #3
 190 0040 FFF7FEFF 		bl	isr_GPIO_SetPriority
 191              	.LVL21:
 192              	.L8:
  39:main.c        ****     if (K==0){
 193              		.loc 1 39 0
 194 0044 084B     		ldr	r3, .L11+12
 195 0046 1B78     		ldrb	r3, [r3]
 196 0048 5BB2     		sxtb	r3, r3
 197 004a 002B     		cmp	r3, #0
 198 004c EFD1     		bne	.L9
  40:main.c        ****     isr_GPIO_StartEx(GPIOIsrHandler_0);
 199              		.loc 1 40 0
 200 004e 0848     		ldr	r0, .L11+20
 201 0050 FFF7FEFF 		bl	isr_GPIO_StartEx
 202              	.LVL22:
  41:main.c        ****     isr_GPIO_SetPriority(DEFAULT_PRIORITY);
 203              		.loc 1 41 0
ARM GAS  C:\Users\Lenovo\AppData\Local\Temp\cc8eKevs.s 			page 6


 204 0054 0320     		movs	r0, #3
 205 0056 FFF7FEFF 		bl	isr_GPIO_SetPriority
 206              	.LVL23:
 207 005a E8E7     		b	.L9
 208              	.L12:
 209              		.align	2
 210              	.L11:
 211 005c 1C000000 		.word	.LC6
 212 0060 38000000 		.word	.LC8
 213 0064 58000000 		.word	.LC10
 214 0068 00000000 		.word	.LANCHOR0
 215 006c 00000000 		.word	GPIOIsrHandler
 216 0070 00000000 		.word	GPIOIsrHandler_0
 217              		.cfi_endproc
 218              	.LFE32:
 219              		.size	main, .-main
 220              		.global	K
 221              		.data
 222              		.set	.LANCHOR0,. + 0
 223              		.type	K, %object
 224              		.size	K, 1
 225              	K:
 226 0000 01       		.byte	1
 227              		.section	.rodata.str1.4,"aMS",%progbits,1
 228              		.align	2
 229              	.LC0:
 230 0000 416C6172 		.ascii	"Alarm \015\012\000"
 230      6D200D0A 
 230      00
 231 0009 000000   		.space	3
 232              	.LC3:
 233 000c 204E4F20 		.ascii	" NO Alarm \015\012\000"
 233      416C6172 
 233      6D200D0A 
 233      00
 234 0019 000000   		.space	3
 235              	.LC6:
 236 001c 4645495F 		.ascii	"FEI_32_Tyshchenko_Anna \015\012\000"
 236      33325F54 
 236      79736863 
 236      68656E6B 
 236      6F5F416E 
 237 0036 0000     		.space	2
 238              	.LC8:
 239 0038 496E7465 		.ascii	"Interrupt Apparatus + UART \015\012\000"
 239      72727570 
 239      74204170 
 239      70617261 
 239      74757320 
 240 0056 0000     		.space	2
 241              	.LC10:
 242 0058 4E4F2041 		.ascii	"NO Alarm \015\012\000"
 242      6C61726D 
 242      200D0A00 
 243              		.text
 244              	.Letext0:
 245              		.file 2 "Generated_Source\\PSoC4/Pin_Green.h"
ARM GAS  C:\Users\Lenovo\AppData\Local\Temp\cc8eKevs.s 			page 7


 246              		.file 3 "Generated_Source\\PSoC4/Pin_Blue.h"
 247              		.file 4 "Generated_Source\\PSoC4/PWM.h"
 248              		.file 5 "Generated_Source\\PSoC4/isr_GPIO.h"
 249              		.file 6 "Generated_Source\\PSoC4/Pin_SW2.h"
 250              		.file 7 "Generated_Source\\PSoC4/UART_SPI_UART.h"
 251              		.file 8 "Generated_Source\\PSoC4/Clock.h"
 252              		.file 9 "Generated_Source\\PSoC4/UART.h"
 253              		.file 10 "Generated_Source\\PSoC4/cytypes.h"
 254              		.section	.debug_info,"",%progbits
 255              	.Ldebug_info0:
 256 0000 E6020000 		.4byte	0x2e6
 257 0004 0400     		.2byte	0x4
 258 0006 00000000 		.4byte	.Ldebug_abbrev0
 259 000a 04       		.byte	0x4
 260 000b 01       		.uleb128 0x1
 261 000c 19010000 		.4byte	.LASF27
 262 0010 0C       		.byte	0xc
 263 0011 D5010000 		.4byte	.LASF28
 264 0015 00000000 		.4byte	.LASF29
 265 0019 00000000 		.4byte	.Ldebug_ranges0+0
 266 001d 00000000 		.4byte	0
 267 0021 00000000 		.4byte	.Ldebug_line0
 268 0025 02       		.uleb128 0x2
 269 0026 01       		.byte	0x1
 270 0027 06       		.byte	0x6
 271 0028 44020000 		.4byte	.LASF0
 272 002c 02       		.uleb128 0x2
 273 002d 01       		.byte	0x1
 274 002e 08       		.byte	0x8
 275 002f 5F000000 		.4byte	.LASF1
 276 0033 02       		.uleb128 0x2
 277 0034 02       		.byte	0x2
 278 0035 05       		.byte	0x5
 279 0036 06020000 		.4byte	.LASF2
 280 003a 02       		.uleb128 0x2
 281 003b 02       		.byte	0x2
 282 003c 07       		.byte	0x7
 283 003d A5000000 		.4byte	.LASF3
 284 0041 02       		.uleb128 0x2
 285 0042 04       		.byte	0x4
 286 0043 05       		.byte	0x5
 287 0044 2F020000 		.4byte	.LASF4
 288 0048 02       		.uleb128 0x2
 289 0049 04       		.byte	0x4
 290 004a 07       		.byte	0x7
 291 004b 93000000 		.4byte	.LASF5
 292 004f 02       		.uleb128 0x2
 293 0050 08       		.byte	0x8
 294 0051 05       		.byte	0x5
 295 0052 C7010000 		.4byte	.LASF6
 296 0056 02       		.uleb128 0x2
 297 0057 08       		.byte	0x8
 298 0058 07       		.byte	0x7
 299 0059 F2000000 		.4byte	.LASF7
 300 005d 03       		.uleb128 0x3
 301 005e 04       		.byte	0x4
 302 005f 05       		.byte	0x5
ARM GAS  C:\Users\Lenovo\AppData\Local\Temp\cc8eKevs.s 			page 8


 303 0060 696E7400 		.ascii	"int\000"
 304 0064 02       		.uleb128 0x2
 305 0065 04       		.byte	0x4
 306 0066 07       		.byte	0x7
 307 0067 E5000000 		.4byte	.LASF8
 308 006b 04       		.uleb128 0x4
 309 006c E0000000 		.4byte	.LASF30
 310 0070 0A       		.byte	0xa
 311 0071 FF01     		.2byte	0x1ff
 312 0073 25000000 		.4byte	0x25
 313 0077 02       		.uleb128 0x2
 314 0078 04       		.byte	0x4
 315 0079 04       		.byte	0x4
 316 007a 59000000 		.4byte	.LASF9
 317 007e 02       		.uleb128 0x2
 318 007f 08       		.byte	0x8
 319 0080 04       		.byte	0x4
 320 0081 C3000000 		.4byte	.LASF10
 321 0085 02       		.uleb128 0x2
 322 0086 01       		.byte	0x1
 323 0087 08       		.byte	0x8
 324 0088 DC010000 		.4byte	.LASF11
 325 008c 02       		.uleb128 0x2
 326 008d 08       		.byte	0x8
 327 008e 04       		.byte	0x4
 328 008f 38020000 		.4byte	.LASF12
 329 0093 02       		.uleb128 0x2
 330 0094 04       		.byte	0x4
 331 0095 07       		.byte	0x7
 332 0096 A7010000 		.4byte	.LASF13
 333 009a 05       		.uleb128 0x5
 334 009b E1010000 		.4byte	.LASF14
 335 009f 01       		.byte	0x1
 336 00a0 2F       		.byte	0x2f
 337 00a1 00000000 		.4byte	.LFB33
 338 00a5 30000000 		.4byte	.LFE33-.LFB33
 339 00a9 01       		.uleb128 0x1
 340 00aa 9C       		.byte	0x9c
 341 00ab 04010000 		.4byte	0x104
 342 00af 06       		.uleb128 0x6
 343 00b0 08000000 		.4byte	.LVL0
 344 00b4 6D020000 		.4byte	0x26d
 345 00b8 C2000000 		.4byte	0xc2
 346 00bc 07       		.uleb128 0x7
 347 00bd 01       		.uleb128 0x1
 348 00be 50       		.byte	0x50
 349 00bf 01       		.uleb128 0x1
 350 00c0 31       		.byte	0x31
 351 00c1 00       		.byte	0
 352 00c2 06       		.uleb128 0x6
 353 00c3 0E000000 		.4byte	.LVL1
 354 00c7 78020000 		.4byte	0x278
 355 00cb D5000000 		.4byte	0xd5
 356 00cf 07       		.uleb128 0x7
 357 00d0 01       		.uleb128 0x1
 358 00d1 50       		.byte	0x50
 359 00d2 01       		.uleb128 0x1
ARM GAS  C:\Users\Lenovo\AppData\Local\Temp\cc8eKevs.s 			page 9


 360 00d3 31       		.byte	0x31
 361 00d4 00       		.byte	0
 362 00d5 08       		.uleb128 0x8
 363 00d6 12000000 		.4byte	.LVL2
 364 00da 83020000 		.4byte	0x283
 365 00de 08       		.uleb128 0x8
 366 00df 16000000 		.4byte	.LVL3
 367 00e3 8F020000 		.4byte	0x28f
 368 00e7 08       		.uleb128 0x8
 369 00e8 1A000000 		.4byte	.LVL4
 370 00ec 9A020000 		.4byte	0x29a
 371 00f0 09       		.uleb128 0x9
 372 00f1 20000000 		.4byte	.LVL5
 373 00f5 A5020000 		.4byte	0x2a5
 374 00f9 07       		.uleb128 0x7
 375 00fa 01       		.uleb128 0x1
 376 00fb 50       		.byte	0x50
 377 00fc 05       		.uleb128 0x5
 378 00fd 03       		.byte	0x3
 379 00fe 00000000 		.4byte	.LC0
 380 0102 00       		.byte	0
 381 0103 00       		.byte	0
 382 0104 05       		.uleb128 0x5
 383 0105 CF000000 		.4byte	.LASF15
 384 0109 01       		.byte	0x1
 385 010a 3A       		.byte	0x3a
 386 010b 00000000 		.4byte	.LFB34
 387 010f 30000000 		.4byte	.LFE34-.LFB34
 388 0113 01       		.uleb128 0x1
 389 0114 9C       		.byte	0x9c
 390 0115 6E010000 		.4byte	0x16e
 391 0119 06       		.uleb128 0x6
 392 011a 08000000 		.4byte	.LVL6
 393 011e 6D020000 		.4byte	0x26d
 394 0122 2C010000 		.4byte	0x12c
 395 0126 07       		.uleb128 0x7
 396 0127 01       		.uleb128 0x1
 397 0128 50       		.byte	0x50
 398 0129 01       		.uleb128 0x1
 399 012a 30       		.byte	0x30
 400 012b 00       		.byte	0
 401 012c 06       		.uleb128 0x6
 402 012d 0E000000 		.4byte	.LVL7
 403 0131 78020000 		.4byte	0x278
 404 0135 3F010000 		.4byte	0x13f
 405 0139 07       		.uleb128 0x7
 406 013a 01       		.uleb128 0x1
 407 013b 50       		.byte	0x50
 408 013c 01       		.uleb128 0x1
 409 013d 30       		.byte	0x30
 410 013e 00       		.byte	0
 411 013f 08       		.uleb128 0x8
 412 0140 12000000 		.4byte	.LVL8
 413 0144 B1020000 		.4byte	0x2b1
 414 0148 08       		.uleb128 0x8
 415 0149 16000000 		.4byte	.LVL9
 416 014d 8F020000 		.4byte	0x28f
ARM GAS  C:\Users\Lenovo\AppData\Local\Temp\cc8eKevs.s 			page 10


 417 0151 08       		.uleb128 0x8
 418 0152 1A000000 		.4byte	.LVL10
 419 0156 9A020000 		.4byte	0x29a
 420 015a 09       		.uleb128 0x9
 421 015b 20000000 		.4byte	.LVL11
 422 015f A5020000 		.4byte	0x2a5
 423 0163 07       		.uleb128 0x7
 424 0164 01       		.uleb128 0x1
 425 0165 50       		.byte	0x50
 426 0166 05       		.uleb128 0x5
 427 0167 03       		.byte	0x3
 428 0168 0C000000 		.4byte	.LC3
 429 016c 00       		.byte	0
 430 016d 00       		.byte	0
 431 016e 0A       		.uleb128 0xa
 432 016f CA000000 		.4byte	.LASF31
 433 0173 01       		.byte	0x1
 434 0174 16       		.byte	0x16
 435 0175 5D000000 		.4byte	0x5d
 436 0179 00000000 		.4byte	.LFB32
 437 017d 74000000 		.4byte	.LFE32-.LFB32
 438 0181 01       		.uleb128 0x1
 439 0182 9C       		.byte	0x9c
 440 0183 5E020000 		.4byte	0x25e
 441 0187 08       		.uleb128 0x8
 442 0188 08000000 		.4byte	.LVL12
 443 018c BD020000 		.4byte	0x2bd
 444 0190 08       		.uleb128 0x8
 445 0191 0C000000 		.4byte	.LVL13
 446 0195 C8020000 		.4byte	0x2c8
 447 0199 06       		.uleb128 0x6
 448 019a 12000000 		.4byte	.LVL14
 449 019e A5020000 		.4byte	0x2a5
 450 01a2 B0010000 		.4byte	0x1b0
 451 01a6 07       		.uleb128 0x7
 452 01a7 01       		.uleb128 0x1
 453 01a8 50       		.byte	0x50
 454 01a9 05       		.uleb128 0x5
 455 01aa 03       		.byte	0x3
 456 01ab 1C000000 		.4byte	.LC6
 457 01af 00       		.byte	0
 458 01b0 06       		.uleb128 0x6
 459 01b1 18000000 		.4byte	.LVL15
 460 01b5 A5020000 		.4byte	0x2a5
 461 01b9 C7010000 		.4byte	0x1c7
 462 01bd 07       		.uleb128 0x7
 463 01be 01       		.uleb128 0x1
 464 01bf 50       		.byte	0x50
 465 01c0 05       		.uleb128 0x5
 466 01c1 03       		.byte	0x3
 467 01c2 38000000 		.4byte	.LC8
 468 01c6 00       		.byte	0
 469 01c7 06       		.uleb128 0x6
 470 01c8 1E000000 		.4byte	.LVL16
 471 01cc A5020000 		.4byte	0x2a5
 472 01d0 DE010000 		.4byte	0x1de
 473 01d4 07       		.uleb128 0x7
ARM GAS  C:\Users\Lenovo\AppData\Local\Temp\cc8eKevs.s 			page 11


 474 01d5 01       		.uleb128 0x1
 475 01d6 50       		.byte	0x50
 476 01d7 05       		.uleb128 0x5
 477 01d8 03       		.byte	0x3
 478 01d9 58000000 		.4byte	.LC10
 479 01dd 00       		.byte	0
 480 01de 08       		.uleb128 0x8
 481 01df 22000000 		.4byte	.LVL17
 482 01e3 B1020000 		.4byte	0x2b1
 483 01e7 06       		.uleb128 0x6
 484 01e8 28000000 		.4byte	.LVL18
 485 01ec 6D020000 		.4byte	0x26d
 486 01f0 FA010000 		.4byte	0x1fa
 487 01f4 07       		.uleb128 0x7
 488 01f5 01       		.uleb128 0x1
 489 01f6 50       		.byte	0x50
 490 01f7 01       		.uleb128 0x1
 491 01f8 30       		.byte	0x30
 492 01f9 00       		.byte	0
 493 01fa 06       		.uleb128 0x6
 494 01fb 2E000000 		.4byte	.LVL19
 495 01ff 78020000 		.4byte	0x278
 496 0203 0D020000 		.4byte	0x20d
 497 0207 07       		.uleb128 0x7
 498 0208 01       		.uleb128 0x1
 499 0209 50       		.byte	0x50
 500 020a 01       		.uleb128 0x1
 501 020b 31       		.byte	0x31
 502 020c 00       		.byte	0
 503 020d 06       		.uleb128 0x6
 504 020e 3E000000 		.4byte	.LVL20
 505 0212 D3020000 		.4byte	0x2d3
 506 0216 24020000 		.4byte	0x224
 507 021a 07       		.uleb128 0x7
 508 021b 01       		.uleb128 0x1
 509 021c 50       		.byte	0x50
 510 021d 05       		.uleb128 0x5
 511 021e 03       		.byte	0x3
 512 021f 00000000 		.4byte	GPIOIsrHandler
 513 0223 00       		.byte	0
 514 0224 06       		.uleb128 0x6
 515 0225 44000000 		.4byte	.LVL21
 516 0229 DE020000 		.4byte	0x2de
 517 022d 37020000 		.4byte	0x237
 518 0231 07       		.uleb128 0x7
 519 0232 01       		.uleb128 0x1
 520 0233 50       		.byte	0x50
 521 0234 01       		.uleb128 0x1
 522 0235 33       		.byte	0x33
 523 0236 00       		.byte	0
 524 0237 06       		.uleb128 0x6
 525 0238 54000000 		.4byte	.LVL22
 526 023c D3020000 		.4byte	0x2d3
 527 0240 4E020000 		.4byte	0x24e
 528 0244 07       		.uleb128 0x7
 529 0245 01       		.uleb128 0x1
 530 0246 50       		.byte	0x50
ARM GAS  C:\Users\Lenovo\AppData\Local\Temp\cc8eKevs.s 			page 12


 531 0247 05       		.uleb128 0x5
 532 0248 03       		.byte	0x3
 533 0249 00000000 		.4byte	GPIOIsrHandler_0
 534 024d 00       		.byte	0
 535 024e 09       		.uleb128 0x9
 536 024f 5A000000 		.4byte	.LVL23
 537 0253 DE020000 		.4byte	0x2de
 538 0257 07       		.uleb128 0x7
 539 0258 01       		.uleb128 0x1
 540 0259 50       		.byte	0x50
 541 025a 01       		.uleb128 0x1
 542 025b 33       		.byte	0x33
 543 025c 00       		.byte	0
 544 025d 00       		.byte	0
 545 025e 0B       		.uleb128 0xb
 546 025f 4B00     		.ascii	"K\000"
 547 0261 01       		.byte	0x1
 548 0262 15       		.byte	0x15
 549 0263 6B000000 		.4byte	0x6b
 550 0267 05       		.uleb128 0x5
 551 0268 03       		.byte	0x3
 552 0269 00000000 		.4byte	K
 553 026d 0C       		.uleb128 0xc
 554 026e 09010000 		.4byte	.LASF16
 555 0272 09010000 		.4byte	.LASF16
 556 0276 02       		.byte	0x2
 557 0277 33       		.byte	0x33
 558 0278 0C       		.uleb128 0xc
 559 0279 37000000 		.4byte	.LASF17
 560 027d 37000000 		.4byte	.LASF17
 561 0281 03       		.byte	0x3
 562 0282 33       		.byte	0x33
 563 0283 0D       		.uleb128 0xd
 564 0284 10020000 		.4byte	.LASF18
 565 0288 10020000 		.4byte	.LASF18
 566 028c 04       		.byte	0x4
 567 028d 3201     		.2byte	0x132
 568 028f 0C       		.uleb128 0xc
 569 0290 F0010000 		.4byte	.LASF19
 570 0294 F0010000 		.4byte	.LASF19
 571 0298 05       		.byte	0x5
 572 0299 28       		.byte	0x28
 573 029a 0C       		.uleb128 0xc
 574 029b B0010000 		.4byte	.LASF20
 575 029f B0010000 		.4byte	.LASF20
 576 02a3 06       		.byte	0x6
 577 02a4 39       		.byte	0x39
 578 02a5 0D       		.uleb128 0xd
 579 02a6 46000000 		.4byte	.LASF21
 580 02aa 46000000 		.4byte	.LASF21
 581 02ae 07       		.byte	0x7
 582 02af 2A03     		.2byte	0x32a
 583 02b1 0D       		.uleb128 0xd
 584 02b2 1A020000 		.4byte	.LASF22
 585 02b6 1A020000 		.4byte	.LASF22
 586 02ba 04       		.byte	0x4
 587 02bb 3301     		.2byte	0x133
ARM GAS  C:\Users\Lenovo\AppData\Local\Temp\cc8eKevs.s 			page 13


 588 02bd 0C       		.uleb128 0xc
 589 02be 23020000 		.4byte	.LASF23
 590 02c2 23020000 		.4byte	.LASF23
 591 02c6 08       		.byte	0x8
 592 02c7 23       		.byte	0x23
 593 02c8 0C       		.uleb128 0xc
 594 02c9 B8000000 		.4byte	.LASF24
 595 02cd B8000000 		.4byte	.LASF24
 596 02d1 09       		.byte	0x9
 597 02d2 72       		.byte	0x72
 598 02d3 0C       		.uleb128 0xc
 599 02d4 82000000 		.4byte	.LASF25
 600 02d8 82000000 		.4byte	.LASF25
 601 02dc 05       		.byte	0x5
 602 02dd 18       		.byte	0x18
 603 02de 0C       		.uleb128 0xc
 604 02df 6D000000 		.4byte	.LASF26
 605 02e3 6D000000 		.4byte	.LASF26
 606 02e7 05       		.byte	0x5
 607 02e8 20       		.byte	0x20
 608 02e9 00       		.byte	0
 609              		.section	.debug_abbrev,"",%progbits
 610              	.Ldebug_abbrev0:
 611 0000 01       		.uleb128 0x1
 612 0001 11       		.uleb128 0x11
 613 0002 01       		.byte	0x1
 614 0003 25       		.uleb128 0x25
 615 0004 0E       		.uleb128 0xe
 616 0005 13       		.uleb128 0x13
 617 0006 0B       		.uleb128 0xb
 618 0007 03       		.uleb128 0x3
 619 0008 0E       		.uleb128 0xe
 620 0009 1B       		.uleb128 0x1b
 621 000a 0E       		.uleb128 0xe
 622 000b 55       		.uleb128 0x55
 623 000c 17       		.uleb128 0x17
 624 000d 11       		.uleb128 0x11
 625 000e 01       		.uleb128 0x1
 626 000f 10       		.uleb128 0x10
 627 0010 17       		.uleb128 0x17
 628 0011 00       		.byte	0
 629 0012 00       		.byte	0
 630 0013 02       		.uleb128 0x2
 631 0014 24       		.uleb128 0x24
 632 0015 00       		.byte	0
 633 0016 0B       		.uleb128 0xb
 634 0017 0B       		.uleb128 0xb
 635 0018 3E       		.uleb128 0x3e
 636 0019 0B       		.uleb128 0xb
 637 001a 03       		.uleb128 0x3
 638 001b 0E       		.uleb128 0xe
 639 001c 00       		.byte	0
 640 001d 00       		.byte	0
 641 001e 03       		.uleb128 0x3
 642 001f 24       		.uleb128 0x24
 643 0020 00       		.byte	0
 644 0021 0B       		.uleb128 0xb
ARM GAS  C:\Users\Lenovo\AppData\Local\Temp\cc8eKevs.s 			page 14


 645 0022 0B       		.uleb128 0xb
 646 0023 3E       		.uleb128 0x3e
 647 0024 0B       		.uleb128 0xb
 648 0025 03       		.uleb128 0x3
 649 0026 08       		.uleb128 0x8
 650 0027 00       		.byte	0
 651 0028 00       		.byte	0
 652 0029 04       		.uleb128 0x4
 653 002a 16       		.uleb128 0x16
 654 002b 00       		.byte	0
 655 002c 03       		.uleb128 0x3
 656 002d 0E       		.uleb128 0xe
 657 002e 3A       		.uleb128 0x3a
 658 002f 0B       		.uleb128 0xb
 659 0030 3B       		.uleb128 0x3b
 660 0031 05       		.uleb128 0x5
 661 0032 49       		.uleb128 0x49
 662 0033 13       		.uleb128 0x13
 663 0034 00       		.byte	0
 664 0035 00       		.byte	0
 665 0036 05       		.uleb128 0x5
 666 0037 2E       		.uleb128 0x2e
 667 0038 01       		.byte	0x1
 668 0039 3F       		.uleb128 0x3f
 669 003a 19       		.uleb128 0x19
 670 003b 03       		.uleb128 0x3
 671 003c 0E       		.uleb128 0xe
 672 003d 3A       		.uleb128 0x3a
 673 003e 0B       		.uleb128 0xb
 674 003f 3B       		.uleb128 0x3b
 675 0040 0B       		.uleb128 0xb
 676 0041 27       		.uleb128 0x27
 677 0042 19       		.uleb128 0x19
 678 0043 11       		.uleb128 0x11
 679 0044 01       		.uleb128 0x1
 680 0045 12       		.uleb128 0x12
 681 0046 06       		.uleb128 0x6
 682 0047 40       		.uleb128 0x40
 683 0048 18       		.uleb128 0x18
 684 0049 9742     		.uleb128 0x2117
 685 004b 19       		.uleb128 0x19
 686 004c 01       		.uleb128 0x1
 687 004d 13       		.uleb128 0x13
 688 004e 00       		.byte	0
 689 004f 00       		.byte	0
 690 0050 06       		.uleb128 0x6
 691 0051 898201   		.uleb128 0x4109
 692 0054 01       		.byte	0x1
 693 0055 11       		.uleb128 0x11
 694 0056 01       		.uleb128 0x1
 695 0057 31       		.uleb128 0x31
 696 0058 13       		.uleb128 0x13
 697 0059 01       		.uleb128 0x1
 698 005a 13       		.uleb128 0x13
 699 005b 00       		.byte	0
 700 005c 00       		.byte	0
 701 005d 07       		.uleb128 0x7
ARM GAS  C:\Users\Lenovo\AppData\Local\Temp\cc8eKevs.s 			page 15


 702 005e 8A8201   		.uleb128 0x410a
 703 0061 00       		.byte	0
 704 0062 02       		.uleb128 0x2
 705 0063 18       		.uleb128 0x18
 706 0064 9142     		.uleb128 0x2111
 707 0066 18       		.uleb128 0x18
 708 0067 00       		.byte	0
 709 0068 00       		.byte	0
 710 0069 08       		.uleb128 0x8
 711 006a 898201   		.uleb128 0x4109
 712 006d 00       		.byte	0
 713 006e 11       		.uleb128 0x11
 714 006f 01       		.uleb128 0x1
 715 0070 31       		.uleb128 0x31
 716 0071 13       		.uleb128 0x13
 717 0072 00       		.byte	0
 718 0073 00       		.byte	0
 719 0074 09       		.uleb128 0x9
 720 0075 898201   		.uleb128 0x4109
 721 0078 01       		.byte	0x1
 722 0079 11       		.uleb128 0x11
 723 007a 01       		.uleb128 0x1
 724 007b 31       		.uleb128 0x31
 725 007c 13       		.uleb128 0x13
 726 007d 00       		.byte	0
 727 007e 00       		.byte	0
 728 007f 0A       		.uleb128 0xa
 729 0080 2E       		.uleb128 0x2e
 730 0081 01       		.byte	0x1
 731 0082 3F       		.uleb128 0x3f
 732 0083 19       		.uleb128 0x19
 733 0084 03       		.uleb128 0x3
 734 0085 0E       		.uleb128 0xe
 735 0086 3A       		.uleb128 0x3a
 736 0087 0B       		.uleb128 0xb
 737 0088 3B       		.uleb128 0x3b
 738 0089 0B       		.uleb128 0xb
 739 008a 27       		.uleb128 0x27
 740 008b 19       		.uleb128 0x19
 741 008c 49       		.uleb128 0x49
 742 008d 13       		.uleb128 0x13
 743 008e 8701     		.uleb128 0x87
 744 0090 19       		.uleb128 0x19
 745 0091 11       		.uleb128 0x11
 746 0092 01       		.uleb128 0x1
 747 0093 12       		.uleb128 0x12
 748 0094 06       		.uleb128 0x6
 749 0095 40       		.uleb128 0x40
 750 0096 18       		.uleb128 0x18
 751 0097 9742     		.uleb128 0x2117
 752 0099 19       		.uleb128 0x19
 753 009a 01       		.uleb128 0x1
 754 009b 13       		.uleb128 0x13
 755 009c 00       		.byte	0
 756 009d 00       		.byte	0
 757 009e 0B       		.uleb128 0xb
 758 009f 34       		.uleb128 0x34
ARM GAS  C:\Users\Lenovo\AppData\Local\Temp\cc8eKevs.s 			page 16


 759 00a0 00       		.byte	0
 760 00a1 03       		.uleb128 0x3
 761 00a2 08       		.uleb128 0x8
 762 00a3 3A       		.uleb128 0x3a
 763 00a4 0B       		.uleb128 0xb
 764 00a5 3B       		.uleb128 0x3b
 765 00a6 0B       		.uleb128 0xb
 766 00a7 49       		.uleb128 0x49
 767 00a8 13       		.uleb128 0x13
 768 00a9 3F       		.uleb128 0x3f
 769 00aa 19       		.uleb128 0x19
 770 00ab 02       		.uleb128 0x2
 771 00ac 18       		.uleb128 0x18
 772 00ad 00       		.byte	0
 773 00ae 00       		.byte	0
 774 00af 0C       		.uleb128 0xc
 775 00b0 2E       		.uleb128 0x2e
 776 00b1 00       		.byte	0
 777 00b2 3F       		.uleb128 0x3f
 778 00b3 19       		.uleb128 0x19
 779 00b4 3C       		.uleb128 0x3c
 780 00b5 19       		.uleb128 0x19
 781 00b6 6E       		.uleb128 0x6e
 782 00b7 0E       		.uleb128 0xe
 783 00b8 03       		.uleb128 0x3
 784 00b9 0E       		.uleb128 0xe
 785 00ba 3A       		.uleb128 0x3a
 786 00bb 0B       		.uleb128 0xb
 787 00bc 3B       		.uleb128 0x3b
 788 00bd 0B       		.uleb128 0xb
 789 00be 00       		.byte	0
 790 00bf 00       		.byte	0
 791 00c0 0D       		.uleb128 0xd
 792 00c1 2E       		.uleb128 0x2e
 793 00c2 00       		.byte	0
 794 00c3 3F       		.uleb128 0x3f
 795 00c4 19       		.uleb128 0x19
 796 00c5 3C       		.uleb128 0x3c
 797 00c6 19       		.uleb128 0x19
 798 00c7 6E       		.uleb128 0x6e
 799 00c8 0E       		.uleb128 0xe
 800 00c9 03       		.uleb128 0x3
 801 00ca 0E       		.uleb128 0xe
 802 00cb 3A       		.uleb128 0x3a
 803 00cc 0B       		.uleb128 0xb
 804 00cd 3B       		.uleb128 0x3b
 805 00ce 05       		.uleb128 0x5
 806 00cf 00       		.byte	0
 807 00d0 00       		.byte	0
 808 00d1 00       		.byte	0
 809              		.section	.debug_aranges,"",%progbits
 810 0000 2C000000 		.4byte	0x2c
 811 0004 0200     		.2byte	0x2
 812 0006 00000000 		.4byte	.Ldebug_info0
 813 000a 04       		.byte	0x4
 814 000b 00       		.byte	0
 815 000c 0000     		.2byte	0
ARM GAS  C:\Users\Lenovo\AppData\Local\Temp\cc8eKevs.s 			page 17


 816 000e 0000     		.2byte	0
 817 0010 00000000 		.4byte	.LFB33
 818 0014 30000000 		.4byte	.LFE33-.LFB33
 819 0018 00000000 		.4byte	.LFB34
 820 001c 30000000 		.4byte	.LFE34-.LFB34
 821 0020 00000000 		.4byte	.LFB32
 822 0024 74000000 		.4byte	.LFE32-.LFB32
 823 0028 00000000 		.4byte	0
 824 002c 00000000 		.4byte	0
 825              		.section	.debug_ranges,"",%progbits
 826              	.Ldebug_ranges0:
 827 0000 00000000 		.4byte	.LFB33
 828 0004 30000000 		.4byte	.LFE33
 829 0008 00000000 		.4byte	.LFB34
 830 000c 30000000 		.4byte	.LFE34
 831 0010 00000000 		.4byte	.LFB32
 832 0014 74000000 		.4byte	.LFE32
 833 0018 00000000 		.4byte	0
 834 001c 00000000 		.4byte	0
 835              		.section	.debug_line,"",%progbits
 836              	.Ldebug_line0:
 837 0000 FC000000 		.section	.debug_str,"MS",%progbits,1
 837      0200AA00 
 837      00000201 
 837      FB0E0D00 
 837      01010101 
 838              	.LASF29:
 839 0000 443A5C4D 		.ascii	"D:\\Microprocess2\\Lab3.Interrupts\\Lab3.2\\Design0"
 839      6963726F 
 839      70726F63 
 839      65737332 
 839      5C4C6162 
 840 002f 312E6379 		.ascii	"1.cydsn\000"
 840      64736E00 
 841              	.LASF17:
 842 0037 50696E5F 		.ascii	"Pin_Blue_Write\000"
 842      426C7565 
 842      5F577269 
 842      746500
 843              	.LASF21:
 844 0046 55415254 		.ascii	"UART_UartPutString\000"
 844      5F556172 
 844      74507574 
 844      53747269 
 844      6E6700
 845              	.LASF9:
 846 0059 666C6F61 		.ascii	"float\000"
 846      7400
 847              	.LASF1:
 848 005f 756E7369 		.ascii	"unsigned char\000"
 848      676E6564 
 848      20636861 
 848      7200
 849              	.LASF26:
 850 006d 6973725F 		.ascii	"isr_GPIO_SetPriority\000"
 850      4750494F 
 850      5F536574 
ARM GAS  C:\Users\Lenovo\AppData\Local\Temp\cc8eKevs.s 			page 18


 850      5072696F 
 850      72697479 
 851              	.LASF25:
 852 0082 6973725F 		.ascii	"isr_GPIO_StartEx\000"
 852      4750494F 
 852      5F537461 
 852      72744578 
 852      00
 853              	.LASF5:
 854 0093 6C6F6E67 		.ascii	"long unsigned int\000"
 854      20756E73 
 854      69676E65 
 854      6420696E 
 854      7400
 855              	.LASF3:
 856 00a5 73686F72 		.ascii	"short unsigned int\000"
 856      7420756E 
 856      7369676E 
 856      65642069 
 856      6E7400
 857              	.LASF24:
 858 00b8 55415254 		.ascii	"UART_Start\000"
 858      5F537461 
 858      727400
 859              	.LASF10:
 860 00c3 646F7562 		.ascii	"double\000"
 860      6C6500
 861              	.LASF31:
 862 00ca 6D61696E 		.ascii	"main\000"
 862      00
 863              	.LASF15:
 864 00cf 4750494F 		.ascii	"GPIOIsrHandler_0\000"
 864      49737248 
 864      616E646C 
 864      65725F30 
 864      00
 865              	.LASF30:
 866 00e0 696E7438 		.ascii	"int8\000"
 866      00
 867              	.LASF8:
 868 00e5 756E7369 		.ascii	"unsigned int\000"
 868      676E6564 
 868      20696E74 
 868      00
 869              	.LASF7:
 870 00f2 6C6F6E67 		.ascii	"long long unsigned int\000"
 870      206C6F6E 
 870      6720756E 
 870      7369676E 
 870      65642069 
 871              	.LASF16:
 872 0109 50696E5F 		.ascii	"Pin_Green_Write\000"
 872      47726565 
 872      6E5F5772 
 872      69746500 
 873              	.LASF27:
 874 0119 474E5520 		.ascii	"GNU C11 5.4.1 20160609 (release) [ARM/embedded-5-br"
ARM GAS  C:\Users\Lenovo\AppData\Local\Temp\cc8eKevs.s 			page 19


 874      43313120 
 874      352E342E 
 874      31203230 
 874      31363036 
 875 014c 616E6368 		.ascii	"anch revision 237715] -mcpu=cortex-m0 -mthumb -g -O"
 875      20726576 
 875      6973696F 
 875      6E203233 
 875      37373135 
 876 017f 67202D66 		.ascii	"g -ffunction-sections -ffat-lto-objects\000"
 876      66756E63 
 876      74696F6E 
 876      2D736563 
 876      74696F6E 
 877              	.LASF13:
 878 01a7 73697A65 		.ascii	"sizetype\000"
 878      74797065 
 878      00
 879              	.LASF20:
 880 01b0 50696E5F 		.ascii	"Pin_SW2_ClearInterrupt\000"
 880      5357325F 
 880      436C6561 
 880      72496E74 
 880      65727275 
 881              	.LASF6:
 882 01c7 6C6F6E67 		.ascii	"long long int\000"
 882      206C6F6E 
 882      6720696E 
 882      7400
 883              	.LASF28:
 884 01d5 6D61696E 		.ascii	"main.c\000"
 884      2E6300
 885              	.LASF11:
 886 01dc 63686172 		.ascii	"char\000"
 886      00
 887              	.LASF14:
 888 01e1 4750494F 		.ascii	"GPIOIsrHandler\000"
 888      49737248 
 888      616E646C 
 888      657200
 889              	.LASF19:
 890 01f0 6973725F 		.ascii	"isr_GPIO_ClearPending\000"
 890      4750494F 
 890      5F436C65 
 890      61725065 
 890      6E64696E 
 891              	.LASF2:
 892 0206 73686F72 		.ascii	"short int\000"
 892      7420696E 
 892      7400
 893              	.LASF18:
 894 0210 50574D5F 		.ascii	"PWM_Start\000"
 894      53746172 
 894      7400
 895              	.LASF22:
 896 021a 50574D5F 		.ascii	"PWM_Stop\000"
 896      53746F70 
ARM GAS  C:\Users\Lenovo\AppData\Local\Temp\cc8eKevs.s 			page 20


 896      00
 897              	.LASF23:
 898 0223 436C6F63 		.ascii	"Clock_Start\000"
 898      6B5F5374 
 898      61727400 
 899              	.LASF4:
 900 022f 6C6F6E67 		.ascii	"long int\000"
 900      20696E74 
 900      00
 901              	.LASF12:
 902 0238 6C6F6E67 		.ascii	"long double\000"
 902      20646F75 
 902      626C6500 
 903              	.LASF0:
 904 0244 7369676E 		.ascii	"signed char\000"
 904      65642063 
 904      68617200 
 905              		.ident	"GCC: (GNU Tools for ARM Embedded Processors) 5.4.1 20160609 (release) [ARM/embedded-5-bran
