ARM GAS  C:\Users\Lenovo\AppData\Local\Temp\cczWR1o8.s 			page 1


   1              		.syntax unified
   2              		.cpu cortex-m0plus
   3              		.fpu softvfp
   4              		.eabi_attribute 20, 1
   5              		.eabi_attribute 21, 1
   6              		.eabi_attribute 23, 3
   7              		.eabi_attribute 24, 1
   8              		.eabi_attribute 25, 1
   9              		.eabi_attribute 26, 1
  10              		.eabi_attribute 30, 1
  11              		.eabi_attribute 34, 0
  12              		.eabi_attribute 18, 4
  13              		.thumb
  14              		.syntax unified
  15              		.file	"cyfitter_cfg.c"
  16              		.text
  17              	.Ltext0:
  18              		.cfi_sections	.debug_frame
  19              		.section	.text.AnalogSetDefault,"ax",%progbits
  20              		.align	2
  21              		.code	16
  22              		.thumb_func
  23              		.type	AnalogSetDefault, %function
  24              	AnalogSetDefault:
  25              	.LFB5:
  26              		.file 1 "Generated_Source\\PSoC4\\cyfitter_cfg.c"
   1:Generated_Source\PSoC4/cyfitter_cfg.c **** 
   2:Generated_Source\PSoC4/cyfitter_cfg.c **** /*******************************************************************************
   3:Generated_Source\PSoC4/cyfitter_cfg.c **** * File Name: cyfitter_cfg.c
   4:Generated_Source\PSoC4/cyfitter_cfg.c **** * 
   5:Generated_Source\PSoC4/cyfitter_cfg.c **** * PSoC Creator  4.4
   6:Generated_Source\PSoC4/cyfitter_cfg.c **** *
   7:Generated_Source\PSoC4/cyfitter_cfg.c **** * Description:
   8:Generated_Source\PSoC4/cyfitter_cfg.c **** * This file contains device initialization code.
   9:Generated_Source\PSoC4/cyfitter_cfg.c **** * Except for the user defined sections in CyClockStartupError(), this file should not be modified.
  10:Generated_Source\PSoC4/cyfitter_cfg.c **** * This file is automatically generated by PSoC Creator.
  11:Generated_Source\PSoC4/cyfitter_cfg.c **** *
  12:Generated_Source\PSoC4/cyfitter_cfg.c **** ********************************************************************************
  13:Generated_Source\PSoC4/cyfitter_cfg.c **** * Copyright (c) 2007-2020 Cypress Semiconductor.  All rights reserved.
  14:Generated_Source\PSoC4/cyfitter_cfg.c **** * You may use this file only in accordance with the license, terms, conditions, 
  15:Generated_Source\PSoC4/cyfitter_cfg.c **** * disclaimers, and limitations in the end user license agreement accompanying 
  16:Generated_Source\PSoC4/cyfitter_cfg.c **** * the software package with which this file was provided.
  17:Generated_Source\PSoC4/cyfitter_cfg.c **** ********************************************************************************/
  18:Generated_Source\PSoC4/cyfitter_cfg.c **** 
  19:Generated_Source\PSoC4/cyfitter_cfg.c **** #include <string.h>
  20:Generated_Source\PSoC4/cyfitter_cfg.c **** #include "cytypes.h"
  21:Generated_Source\PSoC4/cyfitter_cfg.c **** #include "cydevice_trm.h"
  22:Generated_Source\PSoC4/cyfitter_cfg.c **** #include "cyfitter.h"
  23:Generated_Source\PSoC4/cyfitter_cfg.c **** #include "CyLib.h"
  24:Generated_Source\PSoC4/cyfitter_cfg.c **** #include "CyLFClk.h"
  25:Generated_Source\PSoC4/cyfitter_cfg.c **** #include "cyfitter_cfg.h"
  26:Generated_Source\PSoC4/cyfitter_cfg.c **** #include "cyapicallbacks.h"
  27:Generated_Source\PSoC4/cyfitter_cfg.c **** 
  28:Generated_Source\PSoC4/cyfitter_cfg.c **** 
  29:Generated_Source\PSoC4/cyfitter_cfg.c **** #if defined(__GNUC__) || defined(__ARMCC_VERSION)
  30:Generated_Source\PSoC4/cyfitter_cfg.c ****     #define CYPACKED 
  31:Generated_Source\PSoC4/cyfitter_cfg.c ****     #define CYPACKED_ATTR __attribute__ ((packed))
ARM GAS  C:\Users\Lenovo\AppData\Local\Temp\cczWR1o8.s 			page 2


  32:Generated_Source\PSoC4/cyfitter_cfg.c ****     #define CYALIGNED __attribute__ ((aligned))
  33:Generated_Source\PSoC4/cyfitter_cfg.c ****     #define CY_CFG_UNUSED __attribute__ ((unused))
  34:Generated_Source\PSoC4/cyfitter_cfg.c ****     #ifndef CY_CFG_SECTION
  35:Generated_Source\PSoC4/cyfitter_cfg.c ****         #define CY_CFG_SECTION __attribute__ ((section(".psocinit")))
  36:Generated_Source\PSoC4/cyfitter_cfg.c ****     #endif
  37:Generated_Source\PSoC4/cyfitter_cfg.c ****     
  38:Generated_Source\PSoC4/cyfitter_cfg.c ****     #if defined(__ARMCC_VERSION)
  39:Generated_Source\PSoC4/cyfitter_cfg.c ****         #define CY_CFG_MEMORY_BARRIER() __memory_changed()
  40:Generated_Source\PSoC4/cyfitter_cfg.c ****     #else
  41:Generated_Source\PSoC4/cyfitter_cfg.c ****         #define CY_CFG_MEMORY_BARRIER() __sync_synchronize()
  42:Generated_Source\PSoC4/cyfitter_cfg.c ****     #endif
  43:Generated_Source\PSoC4/cyfitter_cfg.c ****     
  44:Generated_Source\PSoC4/cyfitter_cfg.c **** #elif defined(__ICCARM__)
  45:Generated_Source\PSoC4/cyfitter_cfg.c ****     #include <intrinsics.h>
  46:Generated_Source\PSoC4/cyfitter_cfg.c **** 
  47:Generated_Source\PSoC4/cyfitter_cfg.c ****     #define CYPACKED __packed
  48:Generated_Source\PSoC4/cyfitter_cfg.c ****     #define CYPACKED_ATTR 
  49:Generated_Source\PSoC4/cyfitter_cfg.c ****     #define CYALIGNED _Pragma("data_alignment=4")
  50:Generated_Source\PSoC4/cyfitter_cfg.c ****     #define CY_CFG_UNUSED _Pragma("diag_suppress=Pe177")
  51:Generated_Source\PSoC4/cyfitter_cfg.c ****     #define CY_CFG_SECTION _Pragma("location=\".psocinit\"")
  52:Generated_Source\PSoC4/cyfitter_cfg.c ****     
  53:Generated_Source\PSoC4/cyfitter_cfg.c ****     #define CY_CFG_MEMORY_BARRIER() __DMB()
  54:Generated_Source\PSoC4/cyfitter_cfg.c ****     
  55:Generated_Source\PSoC4/cyfitter_cfg.c **** #else
  56:Generated_Source\PSoC4/cyfitter_cfg.c ****     #error Unsupported toolchain
  57:Generated_Source\PSoC4/cyfitter_cfg.c **** #endif
  58:Generated_Source\PSoC4/cyfitter_cfg.c **** 
  59:Generated_Source\PSoC4/cyfitter_cfg.c **** #ifndef CYCODE
  60:Generated_Source\PSoC4/cyfitter_cfg.c ****     #define CYCODE
  61:Generated_Source\PSoC4/cyfitter_cfg.c **** #endif
  62:Generated_Source\PSoC4/cyfitter_cfg.c **** #ifndef CYDATA
  63:Generated_Source\PSoC4/cyfitter_cfg.c ****     #define CYDATA
  64:Generated_Source\PSoC4/cyfitter_cfg.c **** #endif
  65:Generated_Source\PSoC4/cyfitter_cfg.c **** #ifndef CYFAR
  66:Generated_Source\PSoC4/cyfitter_cfg.c ****     #define CYFAR
  67:Generated_Source\PSoC4/cyfitter_cfg.c **** #endif
  68:Generated_Source\PSoC4/cyfitter_cfg.c **** #ifndef CYXDATA
  69:Generated_Source\PSoC4/cyfitter_cfg.c ****     #define CYXDATA
  70:Generated_Source\PSoC4/cyfitter_cfg.c **** #endif
  71:Generated_Source\PSoC4/cyfitter_cfg.c **** 
  72:Generated_Source\PSoC4/cyfitter_cfg.c **** 
  73:Generated_Source\PSoC4/cyfitter_cfg.c **** CY_CFG_UNUSED
  74:Generated_Source\PSoC4/cyfitter_cfg.c **** static void CYMEMZERO(void *s, size_t n);
  75:Generated_Source\PSoC4/cyfitter_cfg.c **** CY_CFG_UNUSED
  76:Generated_Source\PSoC4/cyfitter_cfg.c **** static void CYMEMZERO(void *s, size_t n)
  77:Generated_Source\PSoC4/cyfitter_cfg.c **** {
  78:Generated_Source\PSoC4/cyfitter_cfg.c **** 	(void)memset(s, 0, n);
  79:Generated_Source\PSoC4/cyfitter_cfg.c **** }
  80:Generated_Source\PSoC4/cyfitter_cfg.c **** CY_CFG_UNUSED
  81:Generated_Source\PSoC4/cyfitter_cfg.c **** static void CYCONFIGCPY(void *dest, const void *src, size_t n);
  82:Generated_Source\PSoC4/cyfitter_cfg.c **** CY_CFG_UNUSED
  83:Generated_Source\PSoC4/cyfitter_cfg.c **** static void CYCONFIGCPY(void *dest, const void *src, size_t n)
  84:Generated_Source\PSoC4/cyfitter_cfg.c **** {
  85:Generated_Source\PSoC4/cyfitter_cfg.c **** 	(void)memcpy(dest, src, n);
  86:Generated_Source\PSoC4/cyfitter_cfg.c **** }
  87:Generated_Source\PSoC4/cyfitter_cfg.c **** CY_CFG_UNUSED
  88:Generated_Source\PSoC4/cyfitter_cfg.c **** static void CYCONFIGCPYCODE(void *dest, const void *src, size_t n);
ARM GAS  C:\Users\Lenovo\AppData\Local\Temp\cczWR1o8.s 			page 3


  89:Generated_Source\PSoC4/cyfitter_cfg.c **** CY_CFG_UNUSED
  90:Generated_Source\PSoC4/cyfitter_cfg.c **** static void CYCONFIGCPYCODE(void *dest, const void *src, size_t n)
  91:Generated_Source\PSoC4/cyfitter_cfg.c **** {
  92:Generated_Source\PSoC4/cyfitter_cfg.c **** 	(void)memcpy(dest, src, n);
  93:Generated_Source\PSoC4/cyfitter_cfg.c **** }
  94:Generated_Source\PSoC4/cyfitter_cfg.c **** 
  95:Generated_Source\PSoC4/cyfitter_cfg.c **** 
  96:Generated_Source\PSoC4/cyfitter_cfg.c **** 
  97:Generated_Source\PSoC4/cyfitter_cfg.c **** 
  98:Generated_Source\PSoC4/cyfitter_cfg.c **** /* Clock startup error codes                                                   */
  99:Generated_Source\PSoC4/cyfitter_cfg.c **** #define CYCLOCKSTART_NO_ERROR    0u
 100:Generated_Source\PSoC4/cyfitter_cfg.c **** #define CYCLOCKSTART_XTAL_ERROR  1u
 101:Generated_Source\PSoC4/cyfitter_cfg.c **** #define CYCLOCKSTART_32KHZ_ERROR 2u
 102:Generated_Source\PSoC4/cyfitter_cfg.c **** #define CYCLOCKSTART_PLL_ERROR   3u
 103:Generated_Source\PSoC4/cyfitter_cfg.c **** #define CYCLOCKSTART_FLL_ERROR   4u
 104:Generated_Source\PSoC4/cyfitter_cfg.c **** #define CYCLOCKSTART_WCO_ERROR   5u
 105:Generated_Source\PSoC4/cyfitter_cfg.c **** 
 106:Generated_Source\PSoC4/cyfitter_cfg.c **** 
 107:Generated_Source\PSoC4/cyfitter_cfg.c **** #ifdef CY_NEED_CYCLOCKSTARTUPERROR
 108:Generated_Source\PSoC4/cyfitter_cfg.c **** /*******************************************************************************
 109:Generated_Source\PSoC4/cyfitter_cfg.c **** * Function Name: CyClockStartupError
 110:Generated_Source\PSoC4/cyfitter_cfg.c **** ********************************************************************************
 111:Generated_Source\PSoC4/cyfitter_cfg.c **** * Summary:
 112:Generated_Source\PSoC4/cyfitter_cfg.c **** *  If an error is encountered during clock configuration (crystal startup error,
 113:Generated_Source\PSoC4/cyfitter_cfg.c **** *  PLL lock error, etc.), the system will end up here.  Unless reimplemented by
 114:Generated_Source\PSoC4/cyfitter_cfg.c **** *  the customer, this function will stop in an infinite loop.
 115:Generated_Source\PSoC4/cyfitter_cfg.c **** *
 116:Generated_Source\PSoC4/cyfitter_cfg.c **** * Parameters:
 117:Generated_Source\PSoC4/cyfitter_cfg.c **** *   void
 118:Generated_Source\PSoC4/cyfitter_cfg.c **** *
 119:Generated_Source\PSoC4/cyfitter_cfg.c **** * Return:
 120:Generated_Source\PSoC4/cyfitter_cfg.c **** *   void
 121:Generated_Source\PSoC4/cyfitter_cfg.c **** *
 122:Generated_Source\PSoC4/cyfitter_cfg.c **** *******************************************************************************/
 123:Generated_Source\PSoC4/cyfitter_cfg.c **** CY_CFG_UNUSED
 124:Generated_Source\PSoC4/cyfitter_cfg.c **** static void CyClockStartupError(uint8 errorCode);
 125:Generated_Source\PSoC4/cyfitter_cfg.c **** CY_CFG_UNUSED
 126:Generated_Source\PSoC4/cyfitter_cfg.c **** static void CyClockStartupError(uint8 errorCode)
 127:Generated_Source\PSoC4/cyfitter_cfg.c **** {
 128:Generated_Source\PSoC4/cyfitter_cfg.c ****     /* To remove the compiler warning if errorCode not used.                */
 129:Generated_Source\PSoC4/cyfitter_cfg.c ****     errorCode = errorCode;
 130:Generated_Source\PSoC4/cyfitter_cfg.c **** 
 131:Generated_Source\PSoC4/cyfitter_cfg.c ****     /* If we have a clock startup error (bad MHz crystal, PLL lock, etc.),  */
 132:Generated_Source\PSoC4/cyfitter_cfg.c ****     /* we will end up here to allow the customer to implement something to  */
 133:Generated_Source\PSoC4/cyfitter_cfg.c ****     /* deal with the clock condition.                                       */
 134:Generated_Source\PSoC4/cyfitter_cfg.c **** 
 135:Generated_Source\PSoC4/cyfitter_cfg.c **** #ifdef CY_CFG_CLOCK_STARTUP_ERROR_CALLBACK
 136:Generated_Source\PSoC4/cyfitter_cfg.c ****     CY_CFG_Clock_Startup_ErrorCallback();
 137:Generated_Source\PSoC4/cyfitter_cfg.c **** #else
 138:Generated_Source\PSoC4/cyfitter_cfg.c ****     /*  If not using CY_CFG_CLOCK_STARTUP_ERROR_CALLBACK, place your clock startup code here. */
 139:Generated_Source\PSoC4/cyfitter_cfg.c ****     /* `#START CyClockStartupError` */
 140:Generated_Source\PSoC4/cyfitter_cfg.c **** 
 141:Generated_Source\PSoC4/cyfitter_cfg.c **** 
 142:Generated_Source\PSoC4/cyfitter_cfg.c **** 
 143:Generated_Source\PSoC4/cyfitter_cfg.c ****     /* `#END` */
 144:Generated_Source\PSoC4/cyfitter_cfg.c **** 
 145:Generated_Source\PSoC4/cyfitter_cfg.c ****     while(1) {}
ARM GAS  C:\Users\Lenovo\AppData\Local\Temp\cczWR1o8.s 			page 4


 146:Generated_Source\PSoC4/cyfitter_cfg.c **** #endif /* CY_CFG_CLOCK_STARTUP_ERROR_CALLBACK */
 147:Generated_Source\PSoC4/cyfitter_cfg.c **** }
 148:Generated_Source\PSoC4/cyfitter_cfg.c **** #endif
 149:Generated_Source\PSoC4/cyfitter_cfg.c **** 
 150:Generated_Source\PSoC4/cyfitter_cfg.c **** 
 151:Generated_Source\PSoC4/cyfitter_cfg.c **** 
 152:Generated_Source\PSoC4/cyfitter_cfg.c **** /*******************************************************************************
 153:Generated_Source\PSoC4/cyfitter_cfg.c **** * Function Name: ClockSetup
 154:Generated_Source\PSoC4/cyfitter_cfg.c **** ********************************************************************************
 155:Generated_Source\PSoC4/cyfitter_cfg.c **** *
 156:Generated_Source\PSoC4/cyfitter_cfg.c **** * Summary:
 157:Generated_Source\PSoC4/cyfitter_cfg.c **** *   Performs the initialization of all of the clocks in the device based on the
 158:Generated_Source\PSoC4/cyfitter_cfg.c **** *   settings in the Clock tab of the DWR.  This includes enabling the requested
 159:Generated_Source\PSoC4/cyfitter_cfg.c **** *   clocks and setting the necessary dividers to produce the desired frequency. 
 160:Generated_Source\PSoC4/cyfitter_cfg.c **** *
 161:Generated_Source\PSoC4/cyfitter_cfg.c **** * Parameters:
 162:Generated_Source\PSoC4/cyfitter_cfg.c **** *   void
 163:Generated_Source\PSoC4/cyfitter_cfg.c **** *
 164:Generated_Source\PSoC4/cyfitter_cfg.c **** * Return:
 165:Generated_Source\PSoC4/cyfitter_cfg.c **** *   void
 166:Generated_Source\PSoC4/cyfitter_cfg.c **** *
 167:Generated_Source\PSoC4/cyfitter_cfg.c **** *******************************************************************************/
 168:Generated_Source\PSoC4/cyfitter_cfg.c **** static void ClockSetup(void);
 169:Generated_Source\PSoC4/cyfitter_cfg.c **** CY_CFG_SECTION
 170:Generated_Source\PSoC4/cyfitter_cfg.c **** static void ClockSetup(void)
 171:Generated_Source\PSoC4/cyfitter_cfg.c **** {
 172:Generated_Source\PSoC4/cyfitter_cfg.c **** 
 173:Generated_Source\PSoC4/cyfitter_cfg.c **** 	/* Set Flash Cycles based on max possible frequency in case a glitch occurs during ClockSetup(). *
 174:Generated_Source\PSoC4/cyfitter_cfg.c **** 	CY_SET_REG32((void CYXDATA *)(CYREG_CPUSS_FLASH_CTL), (0x0012u));
 175:Generated_Source\PSoC4/cyfitter_cfg.c **** 	/* Update IMO to new clock speed. */
 176:Generated_Source\PSoC4/cyfitter_cfg.c **** 	CySysClkWriteImoFreq(24u);
 177:Generated_Source\PSoC4/cyfitter_cfg.c **** 
 178:Generated_Source\PSoC4/cyfitter_cfg.c **** 	/* Setup phase aligned clocks */
 179:Generated_Source\PSoC4/cyfitter_cfg.c **** 	CY_SET_REG32((void *)CYREG_PERI_DIV_16_CTL0, 0x005DBF00u);
 180:Generated_Source\PSoC4/cyfitter_cfg.c **** 	CY_SET_REG32((void *)CYREG_PERI_DIV_CMD, 0x8000FF40u);
 181:Generated_Source\PSoC4/cyfitter_cfg.c **** 
 182:Generated_Source\PSoC4/cyfitter_cfg.c **** 	/* CYDEV_CLK_SELECT Starting address: CYDEV_CLK_SELECT */
 183:Generated_Source\PSoC4/cyfitter_cfg.c **** 	CY_SET_REG32((void *)(CYREG_CLK_SELECT), 0x00000000u);
 184:Generated_Source\PSoC4/cyfitter_cfg.c **** 
 185:Generated_Source\PSoC4/cyfitter_cfg.c **** 	/* CYDEV_PERI_PCLK_CTL7 Starting address: CYDEV_PERI_PCLK_CTL7 */
 186:Generated_Source\PSoC4/cyfitter_cfg.c **** 	CY_SET_REG32((void *)(CYREG_PERI_PCLK_CTL7), 0x00000040u);
 187:Generated_Source\PSoC4/cyfitter_cfg.c **** 
 188:Generated_Source\PSoC4/cyfitter_cfg.c **** 	(void)CyIntSetVector(11u, &CySysTimerIsr);
 189:Generated_Source\PSoC4/cyfitter_cfg.c **** 	CyIntEnable(11u);
 190:Generated_Source\PSoC4/cyfitter_cfg.c **** 	CY_SET_REG32((void *)(CYREG_WCO_WDT_CONFIG), 0x00000000u);
 191:Generated_Source\PSoC4/cyfitter_cfg.c **** 	CySysClkSetTimerSource(CY_SYS_CLK_TIMER_SRC_ILO);
 192:Generated_Source\PSoC4/cyfitter_cfg.c **** 	/* Set Flash Cycles based on newly configured 24.00MHz HFCLK. */
 193:Generated_Source\PSoC4/cyfitter_cfg.c **** 	CY_SET_REG32((void CYXDATA *)(CYREG_CPUSS_FLASH_CTL), (0x0011u));
 194:Generated_Source\PSoC4/cyfitter_cfg.c **** }
 195:Generated_Source\PSoC4/cyfitter_cfg.c **** 
 196:Generated_Source\PSoC4/cyfitter_cfg.c **** 
 197:Generated_Source\PSoC4/cyfitter_cfg.c **** /* Analog API Functions */
 198:Generated_Source\PSoC4/cyfitter_cfg.c **** 
 199:Generated_Source\PSoC4/cyfitter_cfg.c **** 
 200:Generated_Source\PSoC4/cyfitter_cfg.c **** /*******************************************************************************
 201:Generated_Source\PSoC4/cyfitter_cfg.c **** * Function Name: AnalogSetDefault
 202:Generated_Source\PSoC4/cyfitter_cfg.c **** ********************************************************************************
ARM GAS  C:\Users\Lenovo\AppData\Local\Temp\cczWR1o8.s 			page 5


 203:Generated_Source\PSoC4/cyfitter_cfg.c **** *
 204:Generated_Source\PSoC4/cyfitter_cfg.c **** * Summary:
 205:Generated_Source\PSoC4/cyfitter_cfg.c **** *  Sets up the analog portions of the chip to default values based on chip
 206:Generated_Source\PSoC4/cyfitter_cfg.c **** *  configuration options from the project.
 207:Generated_Source\PSoC4/cyfitter_cfg.c **** *
 208:Generated_Source\PSoC4/cyfitter_cfg.c **** * Parameters:
 209:Generated_Source\PSoC4/cyfitter_cfg.c **** *  void
 210:Generated_Source\PSoC4/cyfitter_cfg.c **** *
 211:Generated_Source\PSoC4/cyfitter_cfg.c **** * Return:
 212:Generated_Source\PSoC4/cyfitter_cfg.c **** *  void
 213:Generated_Source\PSoC4/cyfitter_cfg.c **** *
 214:Generated_Source\PSoC4/cyfitter_cfg.c **** *******************************************************************************/
 215:Generated_Source\PSoC4/cyfitter_cfg.c **** static void AnalogSetDefault(void);
 216:Generated_Source\PSoC4/cyfitter_cfg.c **** static void AnalogSetDefault(void)
 217:Generated_Source\PSoC4/cyfitter_cfg.c **** {
  27              		.loc 1 217 0
  28              		.cfi_startproc
  29              		@ args = 0, pretend = 0, frame = 0
  30              		@ frame_needed = 0, uses_anonymous_args = 0
  31              		@ link register save eliminated.
 218:Generated_Source\PSoC4/cyfitter_cfg.c **** 	CY_SET_XTND_REG32((void CYFAR *)CYREG_CTBM0_DFT_CTRL, 0x00000003u);
  32              		.loc 1 218 0
  33 0000 0322     		movs	r2, #3
  34 0002 034B     		ldr	r3, .L2
  35 0004 1A60     		str	r2, [r3]
 219:Generated_Source\PSoC4/cyfitter_cfg.c **** 	CY_SET_XTND_REG32((void CYFAR *)CYREG_PASS_DSAB_DSAB_CTRL, 0x00000020u);
  36              		.loc 1 219 0
  37 0006 1D32     		adds	r2, r2, #29
  38 0008 024B     		ldr	r3, .L2+4
  39 000a 1A60     		str	r2, [r3]
 220:Generated_Source\PSoC4/cyfitter_cfg.c **** }
  40              		.loc 1 220 0
  41              		@ sp needed
  42 000c 7047     		bx	lr
  43              	.L3:
  44 000e C046     		.align	2
  45              	.L2:
  46 0010 30003040 		.word	1076887600
  47 0014 000E3F40 		.word	1077874176
  48              		.cfi_endproc
  49              	.LFE5:
  50              		.size	AnalogSetDefault, .-AnalogSetDefault
  51              		.section	.psocinit,"ax",%progbits
  52              		.align	2
  53              		.code	16
  54              		.thumb_func
  55              		.type	ClockSetup, %function
  56              	ClockSetup:
  57              	.LFB4:
 171:Generated_Source\PSoC4/cyfitter_cfg.c **** 
  58              		.loc 1 171 0
  59              		.cfi_startproc
  60              		@ args = 0, pretend = 0, frame = 0
  61              		@ frame_needed = 0, uses_anonymous_args = 0
  62 0000 70B5     		push	{r4, r5, r6, lr}
  63              		.cfi_def_cfa_offset 16
  64              		.cfi_offset 4, -16
ARM GAS  C:\Users\Lenovo\AppData\Local\Temp\cczWR1o8.s 			page 6


  65              		.cfi_offset 5, -12
  66              		.cfi_offset 6, -8
  67              		.cfi_offset 14, -4
 174:Generated_Source\PSoC4/cyfitter_cfg.c **** 	/* Update IMO to new clock speed. */
  68              		.loc 1 174 0
  69 0002 104C     		ldr	r4, .L5
  70 0004 1223     		movs	r3, #18
  71 0006 2360     		str	r3, [r4]
 176:Generated_Source\PSoC4/cyfitter_cfg.c **** 
  72              		.loc 1 176 0
  73 0008 1820     		movs	r0, #24
  74 000a FFF7FEFF 		bl	CySysClkWriteImoFreq
  75              	.LVL0:
 179:Generated_Source\PSoC4/cyfitter_cfg.c **** 	CY_SET_REG32((void *)CYREG_PERI_DIV_CMD, 0x8000FF40u);
  76              		.loc 1 179 0
  77 000e 0E4A     		ldr	r2, .L5+4
  78 0010 0E4B     		ldr	r3, .L5+8
  79 0012 1A60     		str	r2, [r3]
 180:Generated_Source\PSoC4/cyfitter_cfg.c **** 
  80              		.loc 1 180 0
  81 0014 0E4A     		ldr	r2, .L5+12
  82 0016 0F4B     		ldr	r3, .L5+16
  83 0018 1A60     		str	r2, [r3]
 183:Generated_Source\PSoC4/cyfitter_cfg.c **** 
  84              		.loc 1 183 0
  85 001a 0025     		movs	r5, #0
  86 001c 0E4B     		ldr	r3, .L5+20
  87 001e 1D60     		str	r5, [r3]
 186:Generated_Source\PSoC4/cyfitter_cfg.c **** 
  88              		.loc 1 186 0
  89 0020 4022     		movs	r2, #64
  90 0022 0E4B     		ldr	r3, .L5+24
  91 0024 1A60     		str	r2, [r3]
 188:Generated_Source\PSoC4/cyfitter_cfg.c **** 	CyIntEnable(11u);
  92              		.loc 1 188 0
  93 0026 0E49     		ldr	r1, .L5+28
  94 0028 0B20     		movs	r0, #11
  95 002a FFF7FEFF 		bl	CyIntSetVector
  96              	.LVL1:
 189:Generated_Source\PSoC4/cyfitter_cfg.c **** 	CY_SET_REG32((void *)(CYREG_WCO_WDT_CONFIG), 0x00000000u);
  97              		.loc 1 189 0
  98 002e 0B20     		movs	r0, #11
  99 0030 FFF7FEFF 		bl	CyIntEnable
 100              	.LVL2:
 190:Generated_Source\PSoC4/cyfitter_cfg.c **** 	CySysClkSetTimerSource(CY_SYS_CLK_TIMER_SRC_ILO);
 101              		.loc 1 190 0
 102 0034 0B4B     		ldr	r3, .L5+32
 103 0036 1D60     		str	r5, [r3]
 191:Generated_Source\PSoC4/cyfitter_cfg.c **** 	/* Set Flash Cycles based on newly configured 24.00MHz HFCLK. */
 104              		.loc 1 191 0
 105 0038 0020     		movs	r0, #0
 106 003a FFF7FEFF 		bl	CySysClkSetTimerSource
 107              	.LVL3:
 193:Generated_Source\PSoC4/cyfitter_cfg.c **** }
 108              		.loc 1 193 0
 109 003e 1123     		movs	r3, #17
 110 0040 2360     		str	r3, [r4]
ARM GAS  C:\Users\Lenovo\AppData\Local\Temp\cczWR1o8.s 			page 7


 194:Generated_Source\PSoC4/cyfitter_cfg.c **** 
 111              		.loc 1 194 0
 112              		@ sp needed
 113 0042 70BD     		pop	{r4, r5, r6, pc}
 114              	.L6:
 115              		.align	2
 116              	.L5:
 117 0044 30001040 		.word	1074790448
 118 0048 00BF5D00 		.word	6143744
 119 004c 00030140 		.word	1073808128
 120 0050 40FF0080 		.word	-2147418304
 121 0054 00000140 		.word	1073807360
 122 0058 28000340 		.word	1073938472
 123 005c 1C010140 		.word	1073807644
 124 0060 00000000 		.word	CySysTimerIsr
 125 0064 0C020740 		.word	1074201100
 126              		.cfi_endproc
 127              	.LFE4:
 128              		.size	ClockSetup, .-ClockSetup
 129              		.align	2
 130              		.global	cyfitter_cfg
 131              		.code	16
 132              		.thumb_func
 133              		.type	cyfitter_cfg, %function
 134              	cyfitter_cfg:
 135              	.LFB6:
 221:Generated_Source\PSoC4/cyfitter_cfg.c **** 
 222:Generated_Source\PSoC4/cyfitter_cfg.c **** 
 223:Generated_Source\PSoC4/cyfitter_cfg.c **** 
 224:Generated_Source\PSoC4/cyfitter_cfg.c **** 
 225:Generated_Source\PSoC4/cyfitter_cfg.c **** /*******************************************************************************
 226:Generated_Source\PSoC4/cyfitter_cfg.c **** * Function Name: cyfitter_cfg
 227:Generated_Source\PSoC4/cyfitter_cfg.c **** ********************************************************************************
 228:Generated_Source\PSoC4/cyfitter_cfg.c **** * Summary:
 229:Generated_Source\PSoC4/cyfitter_cfg.c **** *  This function is called by the start-up code for the selected device. It
 230:Generated_Source\PSoC4/cyfitter_cfg.c **** *  performs all of the necessary device configuration based on the design
 231:Generated_Source\PSoC4/cyfitter_cfg.c **** *  settings.  This includes settings from the Design Wide Resources (DWR) such
 232:Generated_Source\PSoC4/cyfitter_cfg.c **** *  as Clocks and Pins as well as any component configuration that is necessary.
 233:Generated_Source\PSoC4/cyfitter_cfg.c **** *
 234:Generated_Source\PSoC4/cyfitter_cfg.c **** * Parameters:
 235:Generated_Source\PSoC4/cyfitter_cfg.c **** *   void
 236:Generated_Source\PSoC4/cyfitter_cfg.c **** *
 237:Generated_Source\PSoC4/cyfitter_cfg.c **** * Return:
 238:Generated_Source\PSoC4/cyfitter_cfg.c **** *   void
 239:Generated_Source\PSoC4/cyfitter_cfg.c **** *
 240:Generated_Source\PSoC4/cyfitter_cfg.c **** *******************************************************************************/
 241:Generated_Source\PSoC4/cyfitter_cfg.c **** CY_CFG_SECTION
 242:Generated_Source\PSoC4/cyfitter_cfg.c **** void cyfitter_cfg(void)
 243:Generated_Source\PSoC4/cyfitter_cfg.c **** {
 136              		.loc 1 243 0
 137              		.cfi_startproc
 138              		@ args = 0, pretend = 0, frame = 0
 139              		@ frame_needed = 0, uses_anonymous_args = 0
 140 0068 10B5     		push	{r4, lr}
 141              		.cfi_def_cfa_offset 8
 142              		.cfi_offset 4, -8
 143              		.cfi_offset 14, -4
ARM GAS  C:\Users\Lenovo\AppData\Local\Temp\cczWR1o8.s 			page 8


 244:Generated_Source\PSoC4/cyfitter_cfg.c **** 	/* Disable interrupts by default. Let user enable if/when they want. */
 245:Generated_Source\PSoC4/cyfitter_cfg.c **** 	CyGlobalIntDisable;
 144              		.loc 1 245 0
 145              		.syntax divided
 146              	@ 245 "Generated_Source\PSoC4\cyfitter_cfg.c" 1
 147 006a 72B6     		CPSID   i
 148              	@ 0 "" 2
 246:Generated_Source\PSoC4/cyfitter_cfg.c **** 
 247:Generated_Source\PSoC4/cyfitter_cfg.c **** 	{
 248:Generated_Source\PSoC4/cyfitter_cfg.c **** 		/* HSIOM Starting address: CYDEV_HSIOM_BASE */
 249:Generated_Source\PSoC4/cyfitter_cfg.c **** 		CY_SET_REG32((void *)(CYREG_HSIOM_PORT_SEL3), 0x0800EE00u);
 149              		.loc 1 249 0
 150              		.thumb
 151              		.syntax unified
 152 006c 064A     		ldr	r2, .L8
 153 006e 074B     		ldr	r3, .L8+4
 154 0070 1A60     		str	r2, [r3]
 250:Generated_Source\PSoC4/cyfitter_cfg.c **** 
 251:Generated_Source\PSoC4/cyfitter_cfg.c **** 	}
 252:Generated_Source\PSoC4/cyfitter_cfg.c **** 
 253:Generated_Source\PSoC4/cyfitter_cfg.c **** 	/* Perform second pass device configuration. These items must be configured in specific order afte
 254:Generated_Source\PSoC4/cyfitter_cfg.c **** 	/* IOPINS0_3 Starting address: CYDEV_GPIO_PRT3_BASE */
 255:Generated_Source\PSoC4/cyfitter_cfg.c **** 	CY_SET_REG32((void *)(CYDEV_GPIO_PRT3_BASE), 0x00000040u);
 155              		.loc 1 255 0
 156 0072 4022     		movs	r2, #64
 157 0074 064B     		ldr	r3, .L8+8
 158 0076 1A60     		str	r2, [r3]
 256:Generated_Source\PSoC4/cyfitter_cfg.c **** 	CY_SET_REG32((void *)(CYREG_GPIO_PRT3_PC), 0x00180D80u);
 159              		.loc 1 256 0
 160 0078 064A     		ldr	r2, .L8+12
 161 007a 074B     		ldr	r3, .L8+16
 162 007c 1A60     		str	r2, [r3]
 257:Generated_Source\PSoC4/cyfitter_cfg.c **** 
 258:Generated_Source\PSoC4/cyfitter_cfg.c **** 
 259:Generated_Source\PSoC4/cyfitter_cfg.c **** 	/* Setup clocks based on selections from Clock DWR */
 260:Generated_Source\PSoC4/cyfitter_cfg.c **** 	ClockSetup();
 163              		.loc 1 260 0
 164 007e FFF7BFFF 		bl	ClockSetup
 165              	.LVL4:
 261:Generated_Source\PSoC4/cyfitter_cfg.c **** 
 262:Generated_Source\PSoC4/cyfitter_cfg.c **** 	/* Perform basic analog initialization to defaults */
 263:Generated_Source\PSoC4/cyfitter_cfg.c **** 	AnalogSetDefault();
 166              		.loc 1 263 0
 167 0082 FFF7FEFF 		bl	AnalogSetDefault
 168              	.LVL5:
 264:Generated_Source\PSoC4/cyfitter_cfg.c **** 
 265:Generated_Source\PSoC4/cyfitter_cfg.c **** }
 169              		.loc 1 265 0
 170              		@ sp needed
 171 0086 10BD     		pop	{r4, pc}
 172              	.L9:
 173              		.align	2
 174              	.L8:
 175 0088 00EE0008 		.word	134278656
 176 008c 00030240 		.word	1073873664
 177 0090 00030440 		.word	1074004736
 178 0094 800D1800 		.word	1576320
ARM GAS  C:\Users\Lenovo\AppData\Local\Temp\cczWR1o8.s 			page 9


 179 0098 08030440 		.word	1074004744
 180              		.cfi_endproc
 181              	.LFE6:
 182              		.size	cyfitter_cfg, .-cyfitter_cfg
 183              		.text
 184              	.Letext0:
 185              		.file 2 "Generated_Source\\PSoC4\\cytypes.h"
 186              		.file 3 "Generated_Source\\PSoC4\\CyLib.h"
 187              		.file 4 "Generated_Source\\PSoC4\\CyLFClk.h"
 188              		.section	.debug_info,"",%progbits
 189              	.Ldebug_info0:
 190 0000 6C010000 		.4byte	0x16c
 191 0004 0400     		.2byte	0x4
 192 0006 00000000 		.4byte	.Ldebug_abbrev0
 193 000a 04       		.byte	0x4
 194 000b 01       		.uleb128 0x1
 195 000c 6A010000 		.4byte	.LASF20
 196 0010 0C       		.byte	0xc
 197 0011 15000000 		.4byte	.LASF21
 198 0015 A7000000 		.4byte	.LASF22
 199 0019 00000000 		.4byte	.Ldebug_ranges0+0
 200 001d 00000000 		.4byte	0
 201 0021 00000000 		.4byte	.Ldebug_line0
 202 0025 02       		.uleb128 0x2
 203 0026 04       		.byte	0x4
 204 0027 05       		.byte	0x5
 205 0028 696E7400 		.ascii	"int\000"
 206 002c 03       		.uleb128 0x3
 207 002d 04       		.byte	0x4
 208 002e 07       		.byte	0x7
 209 002f 3B000000 		.4byte	.LASF0
 210 0033 03       		.uleb128 0x3
 211 0034 08       		.byte	0x8
 212 0035 05       		.byte	0x5
 213 0036 00000000 		.4byte	.LASF1
 214 003a 03       		.uleb128 0x3
 215 003b 08       		.byte	0x8
 216 003c 04       		.byte	0x4
 217 003d 54010000 		.4byte	.LASF2
 218 0041 03       		.uleb128 0x3
 219 0042 01       		.byte	0x1
 220 0043 06       		.byte	0x6
 221 0044 3C010000 		.4byte	.LASF3
 222 0048 03       		.uleb128 0x3
 223 0049 01       		.byte	0x1
 224 004a 08       		.byte	0x8
 225 004b 48000000 		.4byte	.LASF4
 226 004f 03       		.uleb128 0x3
 227 0050 02       		.byte	0x2
 228 0051 05       		.byte	0x5
 229 0052 60010000 		.4byte	.LASF5
 230 0056 03       		.uleb128 0x3
 231 0057 02       		.byte	0x2
 232 0058 07       		.byte	0x7
 233 0059 29010000 		.4byte	.LASF6
 234 005d 03       		.uleb128 0x3
 235 005e 04       		.byte	0x4
ARM GAS  C:\Users\Lenovo\AppData\Local\Temp\cczWR1o8.s 			page 10


 236 005f 05       		.byte	0x5
 237 0060 E0000000 		.4byte	.LASF7
 238 0064 03       		.uleb128 0x3
 239 0065 04       		.byte	0x4
 240 0066 07       		.byte	0x7
 241 0067 6B000000 		.4byte	.LASF8
 242 006b 03       		.uleb128 0x3
 243 006c 08       		.byte	0x8
 244 006d 07       		.byte	0x7
 245 006e 8A000000 		.4byte	.LASF9
 246 0072 03       		.uleb128 0x3
 247 0073 04       		.byte	0x4
 248 0074 07       		.byte	0x7
 249 0075 FC010000 		.4byte	.LASF10
 250 0079 03       		.uleb128 0x3
 251 007a 01       		.byte	0x1
 252 007b 08       		.byte	0x8
 253 007c DB000000 		.4byte	.LASF11
 254 0080 04       		.uleb128 0x4
 255 0081 0E000000 		.4byte	.LASF14
 256 0085 02       		.byte	0x2
 257 0086 FE01     		.2byte	0x1fe
 258 0088 64000000 		.4byte	0x64
 259 008c 03       		.uleb128 0x3
 260 008d 04       		.byte	0x4
 261 008e 04       		.byte	0x4
 262 008f A1000000 		.4byte	.LASF12
 263 0093 03       		.uleb128 0x3
 264 0094 08       		.byte	0x8
 265 0095 04       		.byte	0x4
 266 0096 1C010000 		.4byte	.LASF13
 267 009a 04       		.uleb128 0x4
 268 009b 23010000 		.4byte	.LASF15
 269 009f 02       		.byte	0x2
 270 00a0 A802     		.2byte	0x2a8
 271 00a2 A6000000 		.4byte	0xa6
 272 00a6 05       		.uleb128 0x5
 273 00a7 80000000 		.4byte	0x80
 274 00ab 06       		.uleb128 0x6
 275 00ac E9000000 		.4byte	.LASF23
 276 00b0 01       		.byte	0x1
 277 00b1 D8       		.byte	0xd8
 278 00b2 00000000 		.4byte	.LFB5
 279 00b6 18000000 		.4byte	.LFE5-.LFB5
 280 00ba 01       		.uleb128 0x1
 281 00bb 9C       		.byte	0x9c
 282 00bc 07       		.uleb128 0x7
 283 00bd FA000000 		.4byte	.LASF24
 284 00c1 01       		.byte	0x1
 285 00c2 AA       		.byte	0xaa
 286 00c3 00000000 		.4byte	.LFB4
 287 00c7 68000000 		.4byte	.LFE4-.LFB4
 288 00cb 01       		.uleb128 0x1
 289 00cc 9C       		.byte	0x9c
 290 00cd 1B010000 		.4byte	0x11b
 291 00d1 08       		.uleb128 0x8
 292 00d2 0E000000 		.4byte	.LVL0
ARM GAS  C:\Users\Lenovo\AppData\Local\Temp\cczWR1o8.s 			page 11


 293 00d6 43010000 		.4byte	0x143
 294 00da E4000000 		.4byte	0xe4
 295 00de 09       		.uleb128 0x9
 296 00df 01       		.uleb128 0x1
 297 00e0 50       		.byte	0x50
 298 00e1 01       		.uleb128 0x1
 299 00e2 48       		.byte	0x48
 300 00e3 00       		.byte	0
 301 00e4 08       		.uleb128 0x8
 302 00e5 2E000000 		.4byte	.LVL1
 303 00e9 4E010000 		.4byte	0x14e
 304 00ed F7000000 		.4byte	0xf7
 305 00f1 09       		.uleb128 0x9
 306 00f2 01       		.uleb128 0x1
 307 00f3 50       		.byte	0x50
 308 00f4 01       		.uleb128 0x1
 309 00f5 3B       		.byte	0x3b
 310 00f6 00       		.byte	0
 311 00f7 08       		.uleb128 0x8
 312 00f8 34000000 		.4byte	.LVL2
 313 00fc 59010000 		.4byte	0x159
 314 0100 0A010000 		.4byte	0x10a
 315 0104 09       		.uleb128 0x9
 316 0105 01       		.uleb128 0x1
 317 0106 50       		.byte	0x50
 318 0107 01       		.uleb128 0x1
 319 0108 3B       		.byte	0x3b
 320 0109 00       		.byte	0
 321 010a 0A       		.uleb128 0xa
 322 010b 3E000000 		.4byte	.LVL3
 323 010f 64010000 		.4byte	0x164
 324 0113 09       		.uleb128 0x9
 325 0114 01       		.uleb128 0x1
 326 0115 50       		.byte	0x50
 327 0116 02       		.uleb128 0x2
 328 0117 75       		.byte	0x75
 329 0118 00       		.sleb128 0
 330 0119 00       		.byte	0
 331 011a 00       		.byte	0
 332 011b 0B       		.uleb128 0xb
 333 011c 7D000000 		.4byte	.LASF25
 334 0120 01       		.byte	0x1
 335 0121 F2       		.byte	0xf2
 336 0122 68000000 		.4byte	.LFB6
 337 0126 34000000 		.4byte	.LFE6-.LFB6
 338 012a 01       		.uleb128 0x1
 339 012b 9C       		.byte	0x9c
 340 012c 43010000 		.4byte	0x143
 341 0130 0C       		.uleb128 0xc
 342 0131 82000000 		.4byte	.LVL4
 343 0135 BC000000 		.4byte	0xbc
 344 0139 0C       		.uleb128 0xc
 345 013a 86000000 		.4byte	.LVL5
 346 013e AB000000 		.4byte	0xab
 347 0142 00       		.byte	0
 348 0143 0D       		.uleb128 0xd
 349 0144 56000000 		.4byte	.LASF16
ARM GAS  C:\Users\Lenovo\AppData\Local\Temp\cczWR1o8.s 			page 12


 350 0148 56000000 		.4byte	.LASF16
 351 014c 03       		.byte	0x3
 352 014d 6C       		.byte	0x6c
 353 014e 0D       		.uleb128 0xd
 354 014f CC000000 		.4byte	.LASF17
 355 0153 CC000000 		.4byte	.LASF17
 356 0157 03       		.byte	0x3
 357 0158 D0       		.byte	0xd0
 358 0159 0D       		.uleb128 0xd
 359 015a 48010000 		.4byte	.LASF18
 360 015e 48010000 		.4byte	.LASF18
 361 0162 03       		.byte	0x3
 362 0163 D6       		.byte	0xd6
 363 0164 0D       		.uleb128 0xd
 364 0165 05010000 		.4byte	.LASF19
 365 0169 05010000 		.4byte	.LASF19
 366 016d 04       		.byte	0x4
 367 016e 9F       		.byte	0x9f
 368 016f 00       		.byte	0
 369              		.section	.debug_abbrev,"",%progbits
 370              	.Ldebug_abbrev0:
 371 0000 01       		.uleb128 0x1
 372 0001 11       		.uleb128 0x11
 373 0002 01       		.byte	0x1
 374 0003 25       		.uleb128 0x25
 375 0004 0E       		.uleb128 0xe
 376 0005 13       		.uleb128 0x13
 377 0006 0B       		.uleb128 0xb
 378 0007 03       		.uleb128 0x3
 379 0008 0E       		.uleb128 0xe
 380 0009 1B       		.uleb128 0x1b
 381 000a 0E       		.uleb128 0xe
 382 000b 55       		.uleb128 0x55
 383 000c 17       		.uleb128 0x17
 384 000d 11       		.uleb128 0x11
 385 000e 01       		.uleb128 0x1
 386 000f 10       		.uleb128 0x10
 387 0010 17       		.uleb128 0x17
 388 0011 00       		.byte	0
 389 0012 00       		.byte	0
 390 0013 02       		.uleb128 0x2
 391 0014 24       		.uleb128 0x24
 392 0015 00       		.byte	0
 393 0016 0B       		.uleb128 0xb
 394 0017 0B       		.uleb128 0xb
 395 0018 3E       		.uleb128 0x3e
 396 0019 0B       		.uleb128 0xb
 397 001a 03       		.uleb128 0x3
 398 001b 08       		.uleb128 0x8
 399 001c 00       		.byte	0
 400 001d 00       		.byte	0
 401 001e 03       		.uleb128 0x3
 402 001f 24       		.uleb128 0x24
 403 0020 00       		.byte	0
 404 0021 0B       		.uleb128 0xb
 405 0022 0B       		.uleb128 0xb
 406 0023 3E       		.uleb128 0x3e
ARM GAS  C:\Users\Lenovo\AppData\Local\Temp\cczWR1o8.s 			page 13


 407 0024 0B       		.uleb128 0xb
 408 0025 03       		.uleb128 0x3
 409 0026 0E       		.uleb128 0xe
 410 0027 00       		.byte	0
 411 0028 00       		.byte	0
 412 0029 04       		.uleb128 0x4
 413 002a 16       		.uleb128 0x16
 414 002b 00       		.byte	0
 415 002c 03       		.uleb128 0x3
 416 002d 0E       		.uleb128 0xe
 417 002e 3A       		.uleb128 0x3a
 418 002f 0B       		.uleb128 0xb
 419 0030 3B       		.uleb128 0x3b
 420 0031 05       		.uleb128 0x5
 421 0032 49       		.uleb128 0x49
 422 0033 13       		.uleb128 0x13
 423 0034 00       		.byte	0
 424 0035 00       		.byte	0
 425 0036 05       		.uleb128 0x5
 426 0037 35       		.uleb128 0x35
 427 0038 00       		.byte	0
 428 0039 49       		.uleb128 0x49
 429 003a 13       		.uleb128 0x13
 430 003b 00       		.byte	0
 431 003c 00       		.byte	0
 432 003d 06       		.uleb128 0x6
 433 003e 2E       		.uleb128 0x2e
 434 003f 00       		.byte	0
 435 0040 03       		.uleb128 0x3
 436 0041 0E       		.uleb128 0xe
 437 0042 3A       		.uleb128 0x3a
 438 0043 0B       		.uleb128 0xb
 439 0044 3B       		.uleb128 0x3b
 440 0045 0B       		.uleb128 0xb
 441 0046 27       		.uleb128 0x27
 442 0047 19       		.uleb128 0x19
 443 0048 11       		.uleb128 0x11
 444 0049 01       		.uleb128 0x1
 445 004a 12       		.uleb128 0x12
 446 004b 06       		.uleb128 0x6
 447 004c 40       		.uleb128 0x40
 448 004d 18       		.uleb128 0x18
 449 004e 9742     		.uleb128 0x2117
 450 0050 19       		.uleb128 0x19
 451 0051 00       		.byte	0
 452 0052 00       		.byte	0
 453 0053 07       		.uleb128 0x7
 454 0054 2E       		.uleb128 0x2e
 455 0055 01       		.byte	0x1
 456 0056 03       		.uleb128 0x3
 457 0057 0E       		.uleb128 0xe
 458 0058 3A       		.uleb128 0x3a
 459 0059 0B       		.uleb128 0xb
 460 005a 3B       		.uleb128 0x3b
 461 005b 0B       		.uleb128 0xb
 462 005c 27       		.uleb128 0x27
 463 005d 19       		.uleb128 0x19
ARM GAS  C:\Users\Lenovo\AppData\Local\Temp\cczWR1o8.s 			page 14


 464 005e 11       		.uleb128 0x11
 465 005f 01       		.uleb128 0x1
 466 0060 12       		.uleb128 0x12
 467 0061 06       		.uleb128 0x6
 468 0062 40       		.uleb128 0x40
 469 0063 18       		.uleb128 0x18
 470 0064 9742     		.uleb128 0x2117
 471 0066 19       		.uleb128 0x19
 472 0067 01       		.uleb128 0x1
 473 0068 13       		.uleb128 0x13
 474 0069 00       		.byte	0
 475 006a 00       		.byte	0
 476 006b 08       		.uleb128 0x8
 477 006c 898201   		.uleb128 0x4109
 478 006f 01       		.byte	0x1
 479 0070 11       		.uleb128 0x11
 480 0071 01       		.uleb128 0x1
 481 0072 31       		.uleb128 0x31
 482 0073 13       		.uleb128 0x13
 483 0074 01       		.uleb128 0x1
 484 0075 13       		.uleb128 0x13
 485 0076 00       		.byte	0
 486 0077 00       		.byte	0
 487 0078 09       		.uleb128 0x9
 488 0079 8A8201   		.uleb128 0x410a
 489 007c 00       		.byte	0
 490 007d 02       		.uleb128 0x2
 491 007e 18       		.uleb128 0x18
 492 007f 9142     		.uleb128 0x2111
 493 0081 18       		.uleb128 0x18
 494 0082 00       		.byte	0
 495 0083 00       		.byte	0
 496 0084 0A       		.uleb128 0xa
 497 0085 898201   		.uleb128 0x4109
 498 0088 01       		.byte	0x1
 499 0089 11       		.uleb128 0x11
 500 008a 01       		.uleb128 0x1
 501 008b 31       		.uleb128 0x31
 502 008c 13       		.uleb128 0x13
 503 008d 00       		.byte	0
 504 008e 00       		.byte	0
 505 008f 0B       		.uleb128 0xb
 506 0090 2E       		.uleb128 0x2e
 507 0091 01       		.byte	0x1
 508 0092 3F       		.uleb128 0x3f
 509 0093 19       		.uleb128 0x19
 510 0094 03       		.uleb128 0x3
 511 0095 0E       		.uleb128 0xe
 512 0096 3A       		.uleb128 0x3a
 513 0097 0B       		.uleb128 0xb
 514 0098 3B       		.uleb128 0x3b
 515 0099 0B       		.uleb128 0xb
 516 009a 27       		.uleb128 0x27
 517 009b 19       		.uleb128 0x19
 518 009c 11       		.uleb128 0x11
 519 009d 01       		.uleb128 0x1
 520 009e 12       		.uleb128 0x12
ARM GAS  C:\Users\Lenovo\AppData\Local\Temp\cczWR1o8.s 			page 15


 521 009f 06       		.uleb128 0x6
 522 00a0 40       		.uleb128 0x40
 523 00a1 18       		.uleb128 0x18
 524 00a2 9742     		.uleb128 0x2117
 525 00a4 19       		.uleb128 0x19
 526 00a5 01       		.uleb128 0x1
 527 00a6 13       		.uleb128 0x13
 528 00a7 00       		.byte	0
 529 00a8 00       		.byte	0
 530 00a9 0C       		.uleb128 0xc
 531 00aa 898201   		.uleb128 0x4109
 532 00ad 00       		.byte	0
 533 00ae 11       		.uleb128 0x11
 534 00af 01       		.uleb128 0x1
 535 00b0 31       		.uleb128 0x31
 536 00b1 13       		.uleb128 0x13
 537 00b2 00       		.byte	0
 538 00b3 00       		.byte	0
 539 00b4 0D       		.uleb128 0xd
 540 00b5 2E       		.uleb128 0x2e
 541 00b6 00       		.byte	0
 542 00b7 3F       		.uleb128 0x3f
 543 00b8 19       		.uleb128 0x19
 544 00b9 3C       		.uleb128 0x3c
 545 00ba 19       		.uleb128 0x19
 546 00bb 6E       		.uleb128 0x6e
 547 00bc 0E       		.uleb128 0xe
 548 00bd 03       		.uleb128 0x3
 549 00be 0E       		.uleb128 0xe
 550 00bf 3A       		.uleb128 0x3a
 551 00c0 0B       		.uleb128 0xb
 552 00c1 3B       		.uleb128 0x3b
 553 00c2 0B       		.uleb128 0xb
 554 00c3 00       		.byte	0
 555 00c4 00       		.byte	0
 556 00c5 00       		.byte	0
 557              		.section	.debug_aranges,"",%progbits
 558 0000 2C000000 		.4byte	0x2c
 559 0004 0200     		.2byte	0x2
 560 0006 00000000 		.4byte	.Ldebug_info0
 561 000a 04       		.byte	0x4
 562 000b 00       		.byte	0
 563 000c 0000     		.2byte	0
 564 000e 0000     		.2byte	0
 565 0010 00000000 		.4byte	.LFB5
 566 0014 18000000 		.4byte	.LFE5-.LFB5
 567 0018 00000000 		.4byte	.LFB4
 568 001c 68000000 		.4byte	.LFE4-.LFB4
 569 0020 68000000 		.4byte	.LFB6
 570 0024 34000000 		.4byte	.LFE6-.LFB6
 571 0028 00000000 		.4byte	0
 572 002c 00000000 		.4byte	0
 573              		.section	.debug_ranges,"",%progbits
 574              	.Ldebug_ranges0:
 575 0000 00000000 		.4byte	.LFB5
 576 0004 18000000 		.4byte	.LFE5
 577 0008 00000000 		.4byte	.LFB4
ARM GAS  C:\Users\Lenovo\AppData\Local\Temp\cczWR1o8.s 			page 16


 578 000c 68000000 		.4byte	.LFE4
 579 0010 68000000 		.4byte	.LFB6
 580 0014 9C000000 		.4byte	.LFE6
 581 0018 00000000 		.4byte	0
 582 001c 00000000 		.4byte	0
 583              		.section	.debug_line,"",%progbits
 584              	.Ldebug_line0:
 585 0000 A1000000 		.section	.debug_str,"MS",%progbits,1
 585      02006100 
 585      00000201 
 585      FB0E0D00 
 585      01010101 
 586              	.LASF1:
 587 0000 6C6F6E67 		.ascii	"long long int\000"
 587      206C6F6E 
 587      6720696E 
 587      7400
 588              	.LASF14:
 589 000e 75696E74 		.ascii	"uint32\000"
 589      333200
 590              	.LASF21:
 591 0015 47656E65 		.ascii	"Generated_Source\\PSoC4\\cyfitter_cfg.c\000"
 591      72617465 
 591      645F536F 
 591      75726365 
 591      5C50536F 
 592              	.LASF0:
 593 003b 756E7369 		.ascii	"unsigned int\000"
 593      676E6564 
 593      20696E74 
 593      00
 594              	.LASF4:
 595 0048 756E7369 		.ascii	"unsigned char\000"
 595      676E6564 
 595      20636861 
 595      7200
 596              	.LASF16:
 597 0056 43795379 		.ascii	"CySysClkWriteImoFreq\000"
 597      73436C6B 
 597      57726974 
 597      65496D6F 
 597      46726571 
 598              	.LASF8:
 599 006b 6C6F6E67 		.ascii	"long unsigned int\000"
 599      20756E73 
 599      69676E65 
 599      6420696E 
 599      7400
 600              	.LASF25:
 601 007d 63796669 		.ascii	"cyfitter_cfg\000"
 601      74746572 
 601      5F636667 
 601      00
 602              	.LASF9:
 603 008a 6C6F6E67 		.ascii	"long long unsigned int\000"
 603      206C6F6E 
 603      6720756E 
ARM GAS  C:\Users\Lenovo\AppData\Local\Temp\cczWR1o8.s 			page 17


 603      7369676E 
 603      65642069 
 604              	.LASF12:
 605 00a1 666C6F61 		.ascii	"float\000"
 605      7400
 606              	.LASF22:
 607 00a7 443A5C4D 		.ascii	"D:\\Microprocess2\\Lab1\\Design01.cydsn\000"
 607      6963726F 
 607      70726F63 
 607      65737332 
 607      5C4C6162 
 608              	.LASF17:
 609 00cc 4379496E 		.ascii	"CyIntSetVector\000"
 609      74536574 
 609      56656374 
 609      6F7200
 610              	.LASF11:
 611 00db 63686172 		.ascii	"char\000"
 611      00
 612              	.LASF7:
 613 00e0 6C6F6E67 		.ascii	"long int\000"
 613      20696E74 
 613      00
 614              	.LASF23:
 615 00e9 416E616C 		.ascii	"AnalogSetDefault\000"
 615      6F675365 
 615      74446566 
 615      61756C74 
 615      00
 616              	.LASF24:
 617 00fa 436C6F63 		.ascii	"ClockSetup\000"
 617      6B536574 
 617      757000
 618              	.LASF19:
 619 0105 43795379 		.ascii	"CySysClkSetTimerSource\000"
 619      73436C6B 
 619      53657454 
 619      696D6572 
 619      536F7572 
 620              	.LASF13:
 621 011c 646F7562 		.ascii	"double\000"
 621      6C6500
 622              	.LASF15:
 623 0123 72656733 		.ascii	"reg32\000"
 623      3200
 624              	.LASF6:
 625 0129 73686F72 		.ascii	"short unsigned int\000"
 625      7420756E 
 625      7369676E 
 625      65642069 
 625      6E7400
 626              	.LASF3:
 627 013c 7369676E 		.ascii	"signed char\000"
 627      65642063 
 627      68617200 
 628              	.LASF18:
 629 0148 4379496E 		.ascii	"CyIntEnable\000"
ARM GAS  C:\Users\Lenovo\AppData\Local\Temp\cczWR1o8.s 			page 18


 629      74456E61 
 629      626C6500 
 630              	.LASF2:
 631 0154 6C6F6E67 		.ascii	"long double\000"
 631      20646F75 
 631      626C6500 
 632              	.LASF5:
 633 0160 73686F72 		.ascii	"short int\000"
 633      7420696E 
 633      7400
 634              	.LASF20:
 635 016a 474E5520 		.ascii	"GNU C11 5.4.1 20160609 (release) [ARM/embedded-5-br"
 635      43313120 
 635      352E342E 
 635      31203230 
 635      31363036 
 636 019d 616E6368 		.ascii	"anch revision 237715] -mcpu=cortex-m0plus -mthumb -"
 636      20726576 
 636      6973696F 
 636      6E203233 
 636      37373135 
 637 01d0 67202D4F 		.ascii	"g -Og -ffunction-sections -ffat-lto-objects\000"
 637      67202D66 
 637      66756E63 
 637      74696F6E 
 637      2D736563 
 638              	.LASF10:
 639 01fc 73697A65 		.ascii	"sizetype\000"
 639      74797065 
 639      00
 640              		.ident	"GCC: (GNU Tools for ARM Embedded Processors) 5.4.1 20160609 (release) [ARM/embedded-5-bran
