ARM GAS  C:\Users\Lenovo\AppData\Local\Temp\ccdNql9Z.s 			page 1


   1              		.syntax unified
   2              		.cpu cortex-m0plus
   3              		.fpu softvfp
   4              		.eabi_attribute 20, 1
   5              		.eabi_attribute 21, 1
   6              		.eabi_attribute 23, 3
   7              		.eabi_attribute 24, 1
   8              		.eabi_attribute 25, 1
   9              		.eabi_attribute 26, 1
  10              		.eabi_attribute 30, 1
  11              		.eabi_attribute 34, 0
  12              		.eabi_attribute 18, 4
  13              		.thumb
  14              		.syntax unified
  15              		.file	"main.c"
  16              		.text
  17              	.Ltext0:
  18              		.cfi_sections	.debug_frame
  19              		.section	.text.main,"ax",%progbits
  20              		.align	2
  21              		.global	main
  22              		.code	16
  23              		.thumb_func
  24              		.type	main, %function
  25              	main:
  26              	.LFB33:
  27              		.file 1 "main.c"
   1:main.c        **** /* ========================================
   2:main.c        ****  *
   3:main.c        ****  * Copyright YOUR COMPANY, THE YEAR
   4:main.c        ****  * All Rights Reserved
   5:main.c        ****  * UNPUBLISHED, LICENSED SOFTWARE.
   6:main.c        ****  *
   7:main.c        ****  * CONFIDENTIAL AND PROPRIETARY INFORMATION
   8:main.c        ****  * WHICH IS THE PROPERTY OF your company.
   9:main.c        ****  *
  10:main.c        ****  * ========================================
  11:main.c        **** */
  12:main.c        **** #include "project.h"
  13:main.c        **** 
  14:main.c        **** int main(void)
  15:main.c        **** {
  28              		.loc 1 15 0
  29              		.cfi_startproc
  30              		@ Volatile: function does not return.
  31              		@ args = 0, pretend = 0, frame = 0
  32              		@ frame_needed = 0, uses_anonymous_args = 0
  33 0000 10B5     		push	{r4, lr}
  34              		.cfi_def_cfa_offset 8
  35              		.cfi_offset 4, -8
  36              		.cfi_offset 14, -4
  16:main.c        ****     
  17:main.c        ****     Clock_Start();
  37              		.loc 1 17 0
  38 0002 FF20     		movs	r0, #255
  39 0004 FFF7FEFF 		bl	Clock_StartEx
  40              	.LVL0:
ARM GAS  C:\Users\Lenovo\AppData\Local\Temp\ccdNql9Z.s 			page 2


  18:main.c        ****     PWM_Start();
  41              		.loc 1 18 0
  42 0008 FFF7FEFF 		bl	PWM_Start
  43              	.LVL1:
  19:main.c        ****     CyGlobalIntEnable; 
  44              		.loc 1 19 0
  45              		.syntax divided
  46              	@ 19 "main.c" 1
  47 000c 62B6     		CPSIE   i
  48              	@ 0 "" 2
  49              		.thumb
  50              		.syntax unified
  51              	.L2:
  52 000e FEE7     		b	.L2
  53              		.cfi_endproc
  54              	.LFE33:
  55              		.size	main, .-main
  56              		.text
  57              	.Letext0:
  58              		.file 2 "Generated_Source\\PSoC4/Clock.h"
  59              		.file 3 "Generated_Source\\PSoC4/PWM.h"
  60              		.section	.debug_info,"",%progbits
  61              	.Ldebug_info0:
  62 0000 D9000000 		.4byte	0xd9
  63 0004 0400     		.2byte	0x4
  64 0006 00000000 		.4byte	.Ldebug_abbrev0
  65 000a 04       		.byte	0x4
  66 000b 01       		.uleb128 0x1
  67 000c EB000000 		.4byte	.LASF16
  68 0010 0C       		.byte	0xc
  69 0011 1B000000 		.4byte	.LASF17
  70 0015 91000000 		.4byte	.LASF18
  71 0019 00000000 		.4byte	.Ldebug_ranges0+0
  72 001d 00000000 		.4byte	0
  73 0021 00000000 		.4byte	.Ldebug_line0
  74 0025 02       		.uleb128 0x2
  75 0026 01       		.byte	0x1
  76 0027 06       		.byte	0x6
  77 0028 C9000000 		.4byte	.LASF0
  78 002c 02       		.uleb128 0x2
  79 002d 01       		.byte	0x1
  80 002e 08       		.byte	0x8
  81 002f 60000000 		.4byte	.LASF1
  82 0033 02       		.uleb128 0x2
  83 0034 02       		.byte	0x2
  84 0035 05       		.byte	0x5
  85 0036 E1000000 		.4byte	.LASF2
  86 003a 02       		.uleb128 0x2
  87 003b 02       		.byte	0x2
  88 003c 07       		.byte	0x7
  89 003d B6000000 		.4byte	.LASF3
  90 0041 02       		.uleb128 0x2
  91 0042 04       		.byte	0x4
  92 0043 05       		.byte	0x5
  93 0044 73000000 		.4byte	.LASF4
  94 0048 02       		.uleb128 0x2
  95 0049 04       		.byte	0x4
ARM GAS  C:\Users\Lenovo\AppData\Local\Temp\ccdNql9Z.s 			page 3


  96 004a 07       		.byte	0x7
  97 004b 27000000 		.4byte	.LASF5
  98 004f 02       		.uleb128 0x2
  99 0050 08       		.byte	0x8
 100 0051 05       		.byte	0x5
 101 0052 00000000 		.4byte	.LASF6
 102 0056 02       		.uleb128 0x2
 103 0057 08       		.byte	0x8
 104 0058 07       		.byte	0x7
 105 0059 39000000 		.4byte	.LASF7
 106 005d 03       		.uleb128 0x3
 107 005e 04       		.byte	0x4
 108 005f 05       		.byte	0x5
 109 0060 696E7400 		.ascii	"int\000"
 110 0064 02       		.uleb128 0x2
 111 0065 04       		.byte	0x4
 112 0066 07       		.byte	0x7
 113 0067 0E000000 		.4byte	.LASF8
 114 006b 02       		.uleb128 0x2
 115 006c 04       		.byte	0x4
 116 006d 04       		.byte	0x4
 117 006e 50000000 		.4byte	.LASF9
 118 0072 02       		.uleb128 0x2
 119 0073 08       		.byte	0x8
 120 0074 04       		.byte	0x4
 121 0075 7C000000 		.4byte	.LASF10
 122 0079 02       		.uleb128 0x2
 123 007a 01       		.byte	0x1
 124 007b 08       		.byte	0x8
 125 007c 6E000000 		.4byte	.LASF11
 126 0080 02       		.uleb128 0x2
 127 0081 08       		.byte	0x8
 128 0082 04       		.byte	0x4
 129 0083 D5000000 		.4byte	.LASF12
 130 0087 02       		.uleb128 0x2
 131 0088 04       		.byte	0x4
 132 0089 07       		.byte	0x7
 133 008a 7D010000 		.4byte	.LASF13
 134 008e 04       		.uleb128 0x4
 135 008f 22000000 		.4byte	.LASF19
 136 0093 01       		.byte	0x1
 137 0094 0E       		.byte	0xe
 138 0095 5D000000 		.4byte	0x5d
 139 0099 00000000 		.4byte	.LFB33
 140 009d 10000000 		.4byte	.LFE33-.LFB33
 141 00a1 01       		.uleb128 0x1
 142 00a2 9C       		.byte	0x9c
 143 00a3 C5000000 		.4byte	0xc5
 144 00a7 05       		.uleb128 0x5
 145 00a8 08000000 		.4byte	.LVL0
 146 00ac C5000000 		.4byte	0xc5
 147 00b0 BB000000 		.4byte	0xbb
 148 00b4 06       		.uleb128 0x6
 149 00b5 01       		.uleb128 0x1
 150 00b6 50       		.byte	0x50
 151 00b7 02       		.uleb128 0x2
 152 00b8 08       		.byte	0x8
ARM GAS  C:\Users\Lenovo\AppData\Local\Temp\ccdNql9Z.s 			page 4


 153 00b9 FF       		.byte	0xff
 154 00ba 00       		.byte	0
 155 00bb 07       		.uleb128 0x7
 156 00bc 0C000000 		.4byte	.LVL1
 157 00c0 D0000000 		.4byte	0xd0
 158 00c4 00       		.byte	0
 159 00c5 08       		.uleb128 0x8
 160 00c6 83000000 		.4byte	.LASF14
 161 00ca 83000000 		.4byte	.LASF14
 162 00ce 02       		.byte	0x2
 163 00cf 1D       		.byte	0x1d
 164 00d0 09       		.uleb128 0x9
 165 00d1 56000000 		.4byte	.LASF15
 166 00d5 56000000 		.4byte	.LASF15
 167 00d9 03       		.byte	0x3
 168 00da 3201     		.2byte	0x132
 169 00dc 00       		.byte	0
 170              		.section	.debug_abbrev,"",%progbits
 171              	.Ldebug_abbrev0:
 172 0000 01       		.uleb128 0x1
 173 0001 11       		.uleb128 0x11
 174 0002 01       		.byte	0x1
 175 0003 25       		.uleb128 0x25
 176 0004 0E       		.uleb128 0xe
 177 0005 13       		.uleb128 0x13
 178 0006 0B       		.uleb128 0xb
 179 0007 03       		.uleb128 0x3
 180 0008 0E       		.uleb128 0xe
 181 0009 1B       		.uleb128 0x1b
 182 000a 0E       		.uleb128 0xe
 183 000b 55       		.uleb128 0x55
 184 000c 17       		.uleb128 0x17
 185 000d 11       		.uleb128 0x11
 186 000e 01       		.uleb128 0x1
 187 000f 10       		.uleb128 0x10
 188 0010 17       		.uleb128 0x17
 189 0011 00       		.byte	0
 190 0012 00       		.byte	0
 191 0013 02       		.uleb128 0x2
 192 0014 24       		.uleb128 0x24
 193 0015 00       		.byte	0
 194 0016 0B       		.uleb128 0xb
 195 0017 0B       		.uleb128 0xb
 196 0018 3E       		.uleb128 0x3e
 197 0019 0B       		.uleb128 0xb
 198 001a 03       		.uleb128 0x3
 199 001b 0E       		.uleb128 0xe
 200 001c 00       		.byte	0
 201 001d 00       		.byte	0
 202 001e 03       		.uleb128 0x3
 203 001f 24       		.uleb128 0x24
 204 0020 00       		.byte	0
 205 0021 0B       		.uleb128 0xb
 206 0022 0B       		.uleb128 0xb
 207 0023 3E       		.uleb128 0x3e
 208 0024 0B       		.uleb128 0xb
 209 0025 03       		.uleb128 0x3
ARM GAS  C:\Users\Lenovo\AppData\Local\Temp\ccdNql9Z.s 			page 5


 210 0026 08       		.uleb128 0x8
 211 0027 00       		.byte	0
 212 0028 00       		.byte	0
 213 0029 04       		.uleb128 0x4
 214 002a 2E       		.uleb128 0x2e
 215 002b 01       		.byte	0x1
 216 002c 3F       		.uleb128 0x3f
 217 002d 19       		.uleb128 0x19
 218 002e 03       		.uleb128 0x3
 219 002f 0E       		.uleb128 0xe
 220 0030 3A       		.uleb128 0x3a
 221 0031 0B       		.uleb128 0xb
 222 0032 3B       		.uleb128 0x3b
 223 0033 0B       		.uleb128 0xb
 224 0034 27       		.uleb128 0x27
 225 0035 19       		.uleb128 0x19
 226 0036 49       		.uleb128 0x49
 227 0037 13       		.uleb128 0x13
 228 0038 8701     		.uleb128 0x87
 229 003a 19       		.uleb128 0x19
 230 003b 11       		.uleb128 0x11
 231 003c 01       		.uleb128 0x1
 232 003d 12       		.uleb128 0x12
 233 003e 06       		.uleb128 0x6
 234 003f 40       		.uleb128 0x40
 235 0040 18       		.uleb128 0x18
 236 0041 9742     		.uleb128 0x2117
 237 0043 19       		.uleb128 0x19
 238 0044 01       		.uleb128 0x1
 239 0045 13       		.uleb128 0x13
 240 0046 00       		.byte	0
 241 0047 00       		.byte	0
 242 0048 05       		.uleb128 0x5
 243 0049 898201   		.uleb128 0x4109
 244 004c 01       		.byte	0x1
 245 004d 11       		.uleb128 0x11
 246 004e 01       		.uleb128 0x1
 247 004f 31       		.uleb128 0x31
 248 0050 13       		.uleb128 0x13
 249 0051 01       		.uleb128 0x1
 250 0052 13       		.uleb128 0x13
 251 0053 00       		.byte	0
 252 0054 00       		.byte	0
 253 0055 06       		.uleb128 0x6
 254 0056 8A8201   		.uleb128 0x410a
 255 0059 00       		.byte	0
 256 005a 02       		.uleb128 0x2
 257 005b 18       		.uleb128 0x18
 258 005c 9142     		.uleb128 0x2111
 259 005e 18       		.uleb128 0x18
 260 005f 00       		.byte	0
 261 0060 00       		.byte	0
 262 0061 07       		.uleb128 0x7
 263 0062 898201   		.uleb128 0x4109
 264 0065 00       		.byte	0
 265 0066 11       		.uleb128 0x11
 266 0067 01       		.uleb128 0x1
ARM GAS  C:\Users\Lenovo\AppData\Local\Temp\ccdNql9Z.s 			page 6


 267 0068 31       		.uleb128 0x31
 268 0069 13       		.uleb128 0x13
 269 006a 00       		.byte	0
 270 006b 00       		.byte	0
 271 006c 08       		.uleb128 0x8
 272 006d 2E       		.uleb128 0x2e
 273 006e 00       		.byte	0
 274 006f 3F       		.uleb128 0x3f
 275 0070 19       		.uleb128 0x19
 276 0071 3C       		.uleb128 0x3c
 277 0072 19       		.uleb128 0x19
 278 0073 6E       		.uleb128 0x6e
 279 0074 0E       		.uleb128 0xe
 280 0075 03       		.uleb128 0x3
 281 0076 0E       		.uleb128 0xe
 282 0077 3A       		.uleb128 0x3a
 283 0078 0B       		.uleb128 0xb
 284 0079 3B       		.uleb128 0x3b
 285 007a 0B       		.uleb128 0xb
 286 007b 00       		.byte	0
 287 007c 00       		.byte	0
 288 007d 09       		.uleb128 0x9
 289 007e 2E       		.uleb128 0x2e
 290 007f 00       		.byte	0
 291 0080 3F       		.uleb128 0x3f
 292 0081 19       		.uleb128 0x19
 293 0082 3C       		.uleb128 0x3c
 294 0083 19       		.uleb128 0x19
 295 0084 6E       		.uleb128 0x6e
 296 0085 0E       		.uleb128 0xe
 297 0086 03       		.uleb128 0x3
 298 0087 0E       		.uleb128 0xe
 299 0088 3A       		.uleb128 0x3a
 300 0089 0B       		.uleb128 0xb
 301 008a 3B       		.uleb128 0x3b
 302 008b 05       		.uleb128 0x5
 303 008c 00       		.byte	0
 304 008d 00       		.byte	0
 305 008e 00       		.byte	0
 306              		.section	.debug_aranges,"",%progbits
 307 0000 1C000000 		.4byte	0x1c
 308 0004 0200     		.2byte	0x2
 309 0006 00000000 		.4byte	.Ldebug_info0
 310 000a 04       		.byte	0x4
 311 000b 00       		.byte	0
 312 000c 0000     		.2byte	0
 313 000e 0000     		.2byte	0
 314 0010 00000000 		.4byte	.LFB33
 315 0014 10000000 		.4byte	.LFE33-.LFB33
 316 0018 00000000 		.4byte	0
 317 001c 00000000 		.4byte	0
 318              		.section	.debug_ranges,"",%progbits
 319              	.Ldebug_ranges0:
 320 0000 00000000 		.4byte	.LFB33
 321 0004 10000000 		.4byte	.LFE33
 322 0008 00000000 		.4byte	0
 323 000c 00000000 		.4byte	0
ARM GAS  C:\Users\Lenovo\AppData\Local\Temp\ccdNql9Z.s 			page 7


 324              		.section	.debug_line,"",%progbits
 325              	.Ldebug_line0:
 326 0000 60000000 		.section	.debug_str,"MS",%progbits,1
 326      02004800 
 326      00000201 
 326      FB0E0D00 
 326      01010101 
 327              	.LASF6:
 328 0000 6C6F6E67 		.ascii	"long long int\000"
 328      206C6F6E 
 328      6720696E 
 328      7400
 329              	.LASF8:
 330 000e 756E7369 		.ascii	"unsigned int\000"
 330      676E6564 
 330      20696E74 
 330      00
 331              	.LASF17:
 332 001b 6D61696E 		.ascii	"main.c\000"
 332      2E6300
 333              	.LASF19:
 334 0022 6D61696E 		.ascii	"main\000"
 334      00
 335              	.LASF5:
 336 0027 6C6F6E67 		.ascii	"long unsigned int\000"
 336      20756E73 
 336      69676E65 
 336      6420696E 
 336      7400
 337              	.LASF7:
 338 0039 6C6F6E67 		.ascii	"long long unsigned int\000"
 338      206C6F6E 
 338      6720756E 
 338      7369676E 
 338      65642069 
 339              	.LASF9:
 340 0050 666C6F61 		.ascii	"float\000"
 340      7400
 341              	.LASF15:
 342 0056 50574D5F 		.ascii	"PWM_Start\000"
 342      53746172 
 342      7400
 343              	.LASF1:
 344 0060 756E7369 		.ascii	"unsigned char\000"
 344      676E6564 
 344      20636861 
 344      7200
 345              	.LASF11:
 346 006e 63686172 		.ascii	"char\000"
 346      00
 347              	.LASF4:
 348 0073 6C6F6E67 		.ascii	"long int\000"
 348      20696E74 
 348      00
 349              	.LASF10:
 350 007c 646F7562 		.ascii	"double\000"
 350      6C6500
ARM GAS  C:\Users\Lenovo\AppData\Local\Temp\ccdNql9Z.s 			page 8


 351              	.LASF14:
 352 0083 436C6F63 		.ascii	"Clock_StartEx\000"
 352      6B5F5374 
 352      61727445 
 352      7800
 353              	.LASF18:
 354 0091 443A5C4D 		.ascii	"D:\\Microprocess2\\Lab1\\Design01.cydsn\000"
 354      6963726F 
 354      70726F63 
 354      65737332 
 354      5C4C6162 
 355              	.LASF3:
 356 00b6 73686F72 		.ascii	"short unsigned int\000"
 356      7420756E 
 356      7369676E 
 356      65642069 
 356      6E7400
 357              	.LASF0:
 358 00c9 7369676E 		.ascii	"signed char\000"
 358      65642063 
 358      68617200 
 359              	.LASF12:
 360 00d5 6C6F6E67 		.ascii	"long double\000"
 360      20646F75 
 360      626C6500 
 361              	.LASF2:
 362 00e1 73686F72 		.ascii	"short int\000"
 362      7420696E 
 362      7400
 363              	.LASF16:
 364 00eb 474E5520 		.ascii	"GNU C11 5.4.1 20160609 (release) [ARM/embedded-5-br"
 364      43313120 
 364      352E342E 
 364      31203230 
 364      31363036 
 365 011e 616E6368 		.ascii	"anch revision 237715] -mcpu=cortex-m0plus -mthumb -"
 365      20726576 
 365      6973696F 
 365      6E203233 
 365      37373135 
 366 0151 67202D4F 		.ascii	"g -Og -ffunction-sections -ffat-lto-objects\000"
 366      67202D66 
 366      66756E63 
 366      74696F6E 
 366      2D736563 
 367              	.LASF13:
 368 017d 73697A65 		.ascii	"sizetype\000"
 368      74797065 
 368      00
 369              		.ident	"GCC: (GNU Tools for ARM Embedded Processors) 5.4.1 20160609 (release) [ARM/embedded-5-bran
