ARM GAS  C:\Users\Lenovo\AppData\Local\Temp\cc40M3Ny.s 			page 1


   1              		.syntax unified
   2              		.cpu cortex-m4
   3              		.eabi_attribute 27, 1
   4              		.fpu fpv4-sp-d16
   5              		.eabi_attribute 20, 1
   6              		.eabi_attribute 21, 1
   7              		.eabi_attribute 23, 3
   8              		.eabi_attribute 24, 1
   9              		.eabi_attribute 25, 1
  10              		.eabi_attribute 26, 1
  11              		.eabi_attribute 30, 1
  12              		.eabi_attribute 34, 1
  13              		.eabi_attribute 18, 4
  14              		.thumb
  15              		.syntax unified
  16              		.file	"main_cm4.c"
  17              		.text
  18              	.Ltext0:
  19              		.cfi_sections	.debug_frame
  20              		.section	.text.main,"ax",%progbits
  21              		.align	2
  22              		.global	main
  23              		.thumb
  24              		.thumb_func
  25              		.type	main, %function
  26              	main:
  27              	.LFB339:
  28              		.file 1 "main_cm4.c"
   1:main_cm4.c    **** /* ========================================
   2:main_cm4.c    ****  *
   3:main_cm4.c    ****  * Copyright YOUR COMPANY, THE YEAR
   4:main_cm4.c    ****  * All Rights Reserved
   5:main_cm4.c    ****  * UNPUBLISHED, LICENSED SOFTWARE.
   6:main_cm4.c    ****  *
   7:main_cm4.c    ****  * CONFIDENTIAL AND PROPRIETARY INFORMATION
   8:main_cm4.c    ****  * WHICH IS THE PROPERTY OF your company.
   9:main_cm4.c    ****  *
  10:main_cm4.c    ****  * ========================================
  11:main_cm4.c    **** */
  12:main_cm4.c    **** #include "project.h"
  13:main_cm4.c    **** 
  14:main_cm4.c    **** int main(void)
  15:main_cm4.c    **** {
  29              		.loc 1 15 0
  30              		.cfi_startproc
  31              		@ Volatile: function does not return.
  32              		@ args = 0, pretend = 0, frame = 0
  33              		@ frame_needed = 0, uses_anonymous_args = 0
  34 0000 08B5     		push	{r3, lr}
  35              		.cfi_def_cfa_offset 8
  36              		.cfi_offset 3, -8
  37              		.cfi_offset 14, -4
  16:main_cm4.c    ****     /* Initialize BLE */
  17:main_cm4.c    ****     BleFindMe_Init();
  38              		.loc 1 17 0
  39 0002 FFF7FEFF 		bl	BleFindMe_Init
  40              	.LVL0:
ARM GAS  C:\Users\Lenovo\AppData\Local\Temp\cc40M3Ny.s 			page 2


  41              	.LBB5:
  42              	.LBB6:
  43              		.file 2 "Generated_Source\\PSoC6\\pdl\\cmsis/include/cmsis_gcc.h"
   1:Generated_Source\PSoC6\pdl\cmsis/include/cmsis_gcc.h **** /**************************************************************************//**
   2:Generated_Source\PSoC6\pdl\cmsis/include/cmsis_gcc.h ****  * @file     cmsis_gcc.h
   3:Generated_Source\PSoC6\pdl\cmsis/include/cmsis_gcc.h ****  * @brief    CMSIS compiler GCC header file
   4:Generated_Source\PSoC6\pdl\cmsis/include/cmsis_gcc.h ****  * @version  V5.0.3
   5:Generated_Source\PSoC6\pdl\cmsis/include/cmsis_gcc.h ****  * @date     16. January 2018
   6:Generated_Source\PSoC6\pdl\cmsis/include/cmsis_gcc.h ****  ******************************************************************************/
   7:Generated_Source\PSoC6\pdl\cmsis/include/cmsis_gcc.h **** /*
   8:Generated_Source\PSoC6\pdl\cmsis/include/cmsis_gcc.h ****  * Copyright (c) 2009-2017 ARM Limited. All rights reserved.
   9:Generated_Source\PSoC6\pdl\cmsis/include/cmsis_gcc.h ****  *
  10:Generated_Source\PSoC6\pdl\cmsis/include/cmsis_gcc.h ****  * SPDX-License-Identifier: Apache-2.0
  11:Generated_Source\PSoC6\pdl\cmsis/include/cmsis_gcc.h ****  *
  12:Generated_Source\PSoC6\pdl\cmsis/include/cmsis_gcc.h ****  * Licensed under the Apache License, Version 2.0 (the License); you may
  13:Generated_Source\PSoC6\pdl\cmsis/include/cmsis_gcc.h ****  * not use this file except in compliance with the License.
  14:Generated_Source\PSoC6\pdl\cmsis/include/cmsis_gcc.h ****  * You may obtain a copy of the License at
  15:Generated_Source\PSoC6\pdl\cmsis/include/cmsis_gcc.h ****  *
  16:Generated_Source\PSoC6\pdl\cmsis/include/cmsis_gcc.h ****  * www.apache.org/licenses/LICENSE-2.0
  17:Generated_Source\PSoC6\pdl\cmsis/include/cmsis_gcc.h ****  *
  18:Generated_Source\PSoC6\pdl\cmsis/include/cmsis_gcc.h ****  * Unless required by applicable law or agreed to in writing, software
  19:Generated_Source\PSoC6\pdl\cmsis/include/cmsis_gcc.h ****  * distributed under the License is distributed on an AS IS BASIS, WITHOUT
  20:Generated_Source\PSoC6\pdl\cmsis/include/cmsis_gcc.h ****  * WARRANTIES OR CONDITIONS OF ANY KIND, either express or implied.
  21:Generated_Source\PSoC6\pdl\cmsis/include/cmsis_gcc.h ****  * See the License for the specific language governing permissions and
  22:Generated_Source\PSoC6\pdl\cmsis/include/cmsis_gcc.h ****  * limitations under the License.
  23:Generated_Source\PSoC6\pdl\cmsis/include/cmsis_gcc.h ****  */
  24:Generated_Source\PSoC6\pdl\cmsis/include/cmsis_gcc.h **** 
  25:Generated_Source\PSoC6\pdl\cmsis/include/cmsis_gcc.h **** #ifndef __CMSIS_GCC_H
  26:Generated_Source\PSoC6\pdl\cmsis/include/cmsis_gcc.h **** #define __CMSIS_GCC_H
  27:Generated_Source\PSoC6\pdl\cmsis/include/cmsis_gcc.h **** 
  28:Generated_Source\PSoC6\pdl\cmsis/include/cmsis_gcc.h **** /* ignore some GCC warnings */
  29:Generated_Source\PSoC6\pdl\cmsis/include/cmsis_gcc.h **** #pragma GCC diagnostic push
  30:Generated_Source\PSoC6\pdl\cmsis/include/cmsis_gcc.h **** #pragma GCC diagnostic ignored "-Wsign-conversion"
  31:Generated_Source\PSoC6\pdl\cmsis/include/cmsis_gcc.h **** #pragma GCC diagnostic ignored "-Wconversion"
  32:Generated_Source\PSoC6\pdl\cmsis/include/cmsis_gcc.h **** #pragma GCC diagnostic ignored "-Wunused-parameter"
  33:Generated_Source\PSoC6\pdl\cmsis/include/cmsis_gcc.h **** 
  34:Generated_Source\PSoC6\pdl\cmsis/include/cmsis_gcc.h **** /* Fallback for __has_builtin */
  35:Generated_Source\PSoC6\pdl\cmsis/include/cmsis_gcc.h **** #ifndef __has_builtin
  36:Generated_Source\PSoC6\pdl\cmsis/include/cmsis_gcc.h ****   #define __has_builtin(x) (0)
  37:Generated_Source\PSoC6\pdl\cmsis/include/cmsis_gcc.h **** #endif
  38:Generated_Source\PSoC6\pdl\cmsis/include/cmsis_gcc.h **** 
  39:Generated_Source\PSoC6\pdl\cmsis/include/cmsis_gcc.h **** /* CMSIS compiler specific defines */
  40:Generated_Source\PSoC6\pdl\cmsis/include/cmsis_gcc.h **** #ifndef   __ASM
  41:Generated_Source\PSoC6\pdl\cmsis/include/cmsis_gcc.h ****   #define __ASM                                  __asm
  42:Generated_Source\PSoC6\pdl\cmsis/include/cmsis_gcc.h **** #endif
  43:Generated_Source\PSoC6\pdl\cmsis/include/cmsis_gcc.h **** #ifndef   __INLINE
  44:Generated_Source\PSoC6\pdl\cmsis/include/cmsis_gcc.h ****   #define __INLINE                               inline
  45:Generated_Source\PSoC6\pdl\cmsis/include/cmsis_gcc.h **** #endif
  46:Generated_Source\PSoC6\pdl\cmsis/include/cmsis_gcc.h **** #ifndef   __STATIC_INLINE
  47:Generated_Source\PSoC6\pdl\cmsis/include/cmsis_gcc.h ****   #define __STATIC_INLINE                        static inline
  48:Generated_Source\PSoC6\pdl\cmsis/include/cmsis_gcc.h **** #endif
  49:Generated_Source\PSoC6\pdl\cmsis/include/cmsis_gcc.h **** #ifndef   __STATIC_FORCEINLINE                 
  50:Generated_Source\PSoC6\pdl\cmsis/include/cmsis_gcc.h ****   #define __STATIC_FORCEINLINE                   __attribute__((always_inline)) static inline
  51:Generated_Source\PSoC6\pdl\cmsis/include/cmsis_gcc.h **** #endif                                           
  52:Generated_Source\PSoC6\pdl\cmsis/include/cmsis_gcc.h **** #ifndef   __NO_RETURN
  53:Generated_Source\PSoC6\pdl\cmsis/include/cmsis_gcc.h ****   #define __NO_RETURN                            __attribute__((__noreturn__))
  54:Generated_Source\PSoC6\pdl\cmsis/include/cmsis_gcc.h **** #endif
ARM GAS  C:\Users\Lenovo\AppData\Local\Temp\cc40M3Ny.s 			page 3


  55:Generated_Source\PSoC6\pdl\cmsis/include/cmsis_gcc.h **** #ifndef   __USED
  56:Generated_Source\PSoC6\pdl\cmsis/include/cmsis_gcc.h ****   #define __USED                                 __attribute__((used))
  57:Generated_Source\PSoC6\pdl\cmsis/include/cmsis_gcc.h **** #endif
  58:Generated_Source\PSoC6\pdl\cmsis/include/cmsis_gcc.h **** #ifndef   __WEAK
  59:Generated_Source\PSoC6\pdl\cmsis/include/cmsis_gcc.h ****   #define __WEAK                                 __attribute__((weak))
  60:Generated_Source\PSoC6\pdl\cmsis/include/cmsis_gcc.h **** #endif
  61:Generated_Source\PSoC6\pdl\cmsis/include/cmsis_gcc.h **** #ifndef   __PACKED
  62:Generated_Source\PSoC6\pdl\cmsis/include/cmsis_gcc.h ****   #define __PACKED                               __attribute__((packed, aligned(1)))
  63:Generated_Source\PSoC6\pdl\cmsis/include/cmsis_gcc.h **** #endif
  64:Generated_Source\PSoC6\pdl\cmsis/include/cmsis_gcc.h **** #ifndef   __PACKED_STRUCT
  65:Generated_Source\PSoC6\pdl\cmsis/include/cmsis_gcc.h ****   #define __PACKED_STRUCT                        struct __attribute__((packed, aligned(1)))
  66:Generated_Source\PSoC6\pdl\cmsis/include/cmsis_gcc.h **** #endif
  67:Generated_Source\PSoC6\pdl\cmsis/include/cmsis_gcc.h **** #ifndef   __PACKED_UNION
  68:Generated_Source\PSoC6\pdl\cmsis/include/cmsis_gcc.h ****   #define __PACKED_UNION                         union __attribute__((packed, aligned(1)))
  69:Generated_Source\PSoC6\pdl\cmsis/include/cmsis_gcc.h **** #endif
  70:Generated_Source\PSoC6\pdl\cmsis/include/cmsis_gcc.h **** #ifndef   __UNALIGNED_UINT32        /* deprecated */
  71:Generated_Source\PSoC6\pdl\cmsis/include/cmsis_gcc.h ****   #pragma GCC diagnostic push
  72:Generated_Source\PSoC6\pdl\cmsis/include/cmsis_gcc.h ****   #pragma GCC diagnostic ignored "-Wpacked"
  73:Generated_Source\PSoC6\pdl\cmsis/include/cmsis_gcc.h ****   #pragma GCC diagnostic ignored "-Wattributes"
  74:Generated_Source\PSoC6\pdl\cmsis/include/cmsis_gcc.h ****   struct __attribute__((packed)) T_UINT32 { uint32_t v; };
  75:Generated_Source\PSoC6\pdl\cmsis/include/cmsis_gcc.h ****   #pragma GCC diagnostic pop
  76:Generated_Source\PSoC6\pdl\cmsis/include/cmsis_gcc.h ****   #define __UNALIGNED_UINT32(x)                  (((struct T_UINT32 *)(x))->v)
  77:Generated_Source\PSoC6\pdl\cmsis/include/cmsis_gcc.h **** #endif
  78:Generated_Source\PSoC6\pdl\cmsis/include/cmsis_gcc.h **** #ifndef   __UNALIGNED_UINT16_WRITE
  79:Generated_Source\PSoC6\pdl\cmsis/include/cmsis_gcc.h ****   #pragma GCC diagnostic push
  80:Generated_Source\PSoC6\pdl\cmsis/include/cmsis_gcc.h ****   #pragma GCC diagnostic ignored "-Wpacked"
  81:Generated_Source\PSoC6\pdl\cmsis/include/cmsis_gcc.h ****   #pragma GCC diagnostic ignored "-Wattributes"
  82:Generated_Source\PSoC6\pdl\cmsis/include/cmsis_gcc.h ****   __PACKED_STRUCT T_UINT16_WRITE { uint16_t v; };
  83:Generated_Source\PSoC6\pdl\cmsis/include/cmsis_gcc.h ****   #pragma GCC diagnostic pop
  84:Generated_Source\PSoC6\pdl\cmsis/include/cmsis_gcc.h ****   #define __UNALIGNED_UINT16_WRITE(addr, val)    (void)((((struct T_UINT16_WRITE *)(void *)(addr))-
  85:Generated_Source\PSoC6\pdl\cmsis/include/cmsis_gcc.h **** #endif
  86:Generated_Source\PSoC6\pdl\cmsis/include/cmsis_gcc.h **** #ifndef   __UNALIGNED_UINT16_READ
  87:Generated_Source\PSoC6\pdl\cmsis/include/cmsis_gcc.h ****   #pragma GCC diagnostic push
  88:Generated_Source\PSoC6\pdl\cmsis/include/cmsis_gcc.h ****   #pragma GCC diagnostic ignored "-Wpacked"
  89:Generated_Source\PSoC6\pdl\cmsis/include/cmsis_gcc.h ****   #pragma GCC diagnostic ignored "-Wattributes"
  90:Generated_Source\PSoC6\pdl\cmsis/include/cmsis_gcc.h ****   __PACKED_STRUCT T_UINT16_READ { uint16_t v; };
  91:Generated_Source\PSoC6\pdl\cmsis/include/cmsis_gcc.h ****   #pragma GCC diagnostic pop
  92:Generated_Source\PSoC6\pdl\cmsis/include/cmsis_gcc.h ****   #define __UNALIGNED_UINT16_READ(addr)          (((const struct T_UINT16_READ *)(const void *)(add
  93:Generated_Source\PSoC6\pdl\cmsis/include/cmsis_gcc.h **** #endif
  94:Generated_Source\PSoC6\pdl\cmsis/include/cmsis_gcc.h **** #ifndef   __UNALIGNED_UINT32_WRITE
  95:Generated_Source\PSoC6\pdl\cmsis/include/cmsis_gcc.h ****   #pragma GCC diagnostic push
  96:Generated_Source\PSoC6\pdl\cmsis/include/cmsis_gcc.h ****   #pragma GCC diagnostic ignored "-Wpacked"
  97:Generated_Source\PSoC6\pdl\cmsis/include/cmsis_gcc.h ****   #pragma GCC diagnostic ignored "-Wattributes"
  98:Generated_Source\PSoC6\pdl\cmsis/include/cmsis_gcc.h ****   __PACKED_STRUCT T_UINT32_WRITE { uint32_t v; };
  99:Generated_Source\PSoC6\pdl\cmsis/include/cmsis_gcc.h ****   #pragma GCC diagnostic pop
 100:Generated_Source\PSoC6\pdl\cmsis/include/cmsis_gcc.h ****   #define __UNALIGNED_UINT32_WRITE(addr, val)    (void)((((struct T_UINT32_WRITE *)(void *)(addr))-
 101:Generated_Source\PSoC6\pdl\cmsis/include/cmsis_gcc.h **** #endif
 102:Generated_Source\PSoC6\pdl\cmsis/include/cmsis_gcc.h **** #ifndef   __UNALIGNED_UINT32_READ
 103:Generated_Source\PSoC6\pdl\cmsis/include/cmsis_gcc.h ****   #pragma GCC diagnostic push
 104:Generated_Source\PSoC6\pdl\cmsis/include/cmsis_gcc.h ****   #pragma GCC diagnostic ignored "-Wpacked"
 105:Generated_Source\PSoC6\pdl\cmsis/include/cmsis_gcc.h ****   #pragma GCC diagnostic ignored "-Wattributes"
 106:Generated_Source\PSoC6\pdl\cmsis/include/cmsis_gcc.h ****   __PACKED_STRUCT T_UINT32_READ { uint32_t v; };
 107:Generated_Source\PSoC6\pdl\cmsis/include/cmsis_gcc.h ****   #pragma GCC diagnostic pop
 108:Generated_Source\PSoC6\pdl\cmsis/include/cmsis_gcc.h ****   #define __UNALIGNED_UINT32_READ(addr)          (((const struct T_UINT32_READ *)(const void *)(add
 109:Generated_Source\PSoC6\pdl\cmsis/include/cmsis_gcc.h **** #endif
 110:Generated_Source\PSoC6\pdl\cmsis/include/cmsis_gcc.h **** #ifndef   __ALIGNED
 111:Generated_Source\PSoC6\pdl\cmsis/include/cmsis_gcc.h ****   #define __ALIGNED(x)                           __attribute__((aligned(x)))
ARM GAS  C:\Users\Lenovo\AppData\Local\Temp\cc40M3Ny.s 			page 4


 112:Generated_Source\PSoC6\pdl\cmsis/include/cmsis_gcc.h **** #endif
 113:Generated_Source\PSoC6\pdl\cmsis/include/cmsis_gcc.h **** #ifndef   __RESTRICT
 114:Generated_Source\PSoC6\pdl\cmsis/include/cmsis_gcc.h ****   #define __RESTRICT                             __restrict
 115:Generated_Source\PSoC6\pdl\cmsis/include/cmsis_gcc.h **** #endif
 116:Generated_Source\PSoC6\pdl\cmsis/include/cmsis_gcc.h **** 
 117:Generated_Source\PSoC6\pdl\cmsis/include/cmsis_gcc.h **** 
 118:Generated_Source\PSoC6\pdl\cmsis/include/cmsis_gcc.h **** /* ###########################  Core Function Access  ########################### */
 119:Generated_Source\PSoC6\pdl\cmsis/include/cmsis_gcc.h **** /** \ingroup  CMSIS_Core_FunctionInterface
 120:Generated_Source\PSoC6\pdl\cmsis/include/cmsis_gcc.h ****     \defgroup CMSIS_Core_RegAccFunctions CMSIS Core Register Access Functions
 121:Generated_Source\PSoC6\pdl\cmsis/include/cmsis_gcc.h ****   @{
 122:Generated_Source\PSoC6\pdl\cmsis/include/cmsis_gcc.h ****  */
 123:Generated_Source\PSoC6\pdl\cmsis/include/cmsis_gcc.h **** 
 124:Generated_Source\PSoC6\pdl\cmsis/include/cmsis_gcc.h **** /**
 125:Generated_Source\PSoC6\pdl\cmsis/include/cmsis_gcc.h ****   \brief   Enable IRQ Interrupts
 126:Generated_Source\PSoC6\pdl\cmsis/include/cmsis_gcc.h ****   \details Enables IRQ interrupts by clearing the I-bit in the CPSR.
 127:Generated_Source\PSoC6\pdl\cmsis/include/cmsis_gcc.h ****            Can only be executed in Privileged modes.
 128:Generated_Source\PSoC6\pdl\cmsis/include/cmsis_gcc.h ****  */
 129:Generated_Source\PSoC6\pdl\cmsis/include/cmsis_gcc.h **** __STATIC_FORCEINLINE void __enable_irq(void)
 130:Generated_Source\PSoC6\pdl\cmsis/include/cmsis_gcc.h **** {
 131:Generated_Source\PSoC6\pdl\cmsis/include/cmsis_gcc.h ****   __ASM volatile ("cpsie i" : : : "memory");
  44              		.loc 2 131 0
  45              		.syntax unified
  46              	@ 131 "Generated_Source\PSoC6\pdl\cmsis/include/cmsis_gcc.h" 1
  47 0006 62B6     		cpsie i
  48              	@ 0 "" 2
  49              		.thumb
  50              		.syntax unified
  51              	.L2:
  52              	.LBE6:
  53              	.LBE5:
  54              	.LBB7:
  18:main_cm4.c    **** 
  19:main_cm4.c    ****     __enable_irq(); /* Enable global interrupts. */    
  20:main_cm4.c    ****     
  21:main_cm4.c    ****     for(;;) 
  22:main_cm4.c    ****     {   
  23:main_cm4.c    ****         BleFindMe_Process();
  55              		.loc 1 23 0 discriminator 1
  56 0008 FFF7FEFF 		bl	BleFindMe_Process
  57              	.LVL1:
  58 000c FCE7     		b	.L2
  59              	.LBE7:
  60              		.cfi_endproc
  61              	.LFE339:
  62              		.size	main, .-main
  63 000e 00BF     		.text
  64              	.Letext0:
  65              		.file 3 "d:\\psoc creator\\4.4\\psoc creator\\import\\gnu\\arm\\5.4.1\\arm-none-eabi\\include\\mac
  66              		.file 4 "d:\\psoc creator\\4.4\\psoc creator\\import\\gnu\\arm\\5.4.1\\arm-none-eabi\\include\\sys
  67              		.file 5 "Generated_Source\\PSoC6\\pdl\\drivers/peripheral/device/cy_device.h"
  68              		.file 6 "Generated_Source\\PSoC6\\pdl\\middleware/ble/cy_ble_stack_host_main.h"
  69              		.file 7 "Generated_Source\\PSoC6\\pdl\\middleware/ble/cy_ble_gap.h"
  70              		.file 8 "Generated_Source\\PSoC6\\pdl\\cmsis/include/core_cm4.h"
  71              		.section	.debug_info,"",%progbits
  72              	.Ldebug_info0:
  73 0000 C4060000 		.4byte	0x6c4
  74 0004 0400     		.2byte	0x4
ARM GAS  C:\Users\Lenovo\AppData\Local\Temp\cc40M3Ny.s 			page 5


  75 0006 00000000 		.4byte	.Ldebug_abbrev0
  76 000a 04       		.byte	0x4
  77 000b 01       		.uleb128 0x1
  78 000c 39050000 		.4byte	.LASF137
  79 0010 0C       		.byte	0xc
  80 0011 97090000 		.4byte	.LASF138
  81 0015 29020000 		.4byte	.LASF139
  82 0019 00000000 		.4byte	.Ldebug_ranges0+0
  83 001d 00000000 		.4byte	0
  84 0021 00000000 		.4byte	.Ldebug_line0
  85 0025 02       		.uleb128 0x2
  86 0026 02       		.byte	0x2
  87 0027 05       		.byte	0x5
  88 0028 DA060000 		.4byte	.LASF0
  89 002c 02       		.uleb128 0x2
  90 002d 01       		.byte	0x1
  91 002e 06       		.byte	0x6
  92 002f 77010000 		.4byte	.LASF1
  93 0033 03       		.uleb128 0x3
  94 0034 9B000000 		.4byte	.LASF3
  95 0038 03       		.byte	0x3
  96 0039 1D       		.byte	0x1d
  97 003a 3E000000 		.4byte	0x3e
  98 003e 02       		.uleb128 0x2
  99 003f 01       		.byte	0x1
 100 0040 08       		.byte	0x8
 101 0041 A3060000 		.4byte	.LASF2
 102 0045 03       		.uleb128 0x3
 103 0046 E1020000 		.4byte	.LASF4
 104 004a 03       		.byte	0x3
 105 004b 29       		.byte	0x29
 106 004c 25000000 		.4byte	0x25
 107 0050 03       		.uleb128 0x3
 108 0051 CD070000 		.4byte	.LASF5
 109 0055 03       		.byte	0x3
 110 0056 2B       		.byte	0x2b
 111 0057 5B000000 		.4byte	0x5b
 112 005b 02       		.uleb128 0x2
 113 005c 02       		.byte	0x2
 114 005d 07       		.byte	0x7
 115 005e 94020000 		.4byte	.LASF6
 116 0062 03       		.uleb128 0x3
 117 0063 04080000 		.4byte	.LASF7
 118 0067 03       		.byte	0x3
 119 0068 3F       		.byte	0x3f
 120 0069 6D000000 		.4byte	0x6d
 121 006d 02       		.uleb128 0x2
 122 006e 04       		.byte	0x4
 123 006f 05       		.byte	0x5
 124 0070 E2010000 		.4byte	.LASF8
 125 0074 03       		.uleb128 0x3
 126 0075 C6020000 		.4byte	.LASF9
 127 0079 03       		.byte	0x3
 128 007a 41       		.byte	0x41
 129 007b 7F000000 		.4byte	0x7f
 130 007f 02       		.uleb128 0x2
 131 0080 04       		.byte	0x4
ARM GAS  C:\Users\Lenovo\AppData\Local\Temp\cc40M3Ny.s 			page 6


 132 0081 07       		.byte	0x7
 133 0082 91030000 		.4byte	.LASF10
 134 0086 02       		.uleb128 0x2
 135 0087 08       		.byte	0x8
 136 0088 05       		.byte	0x5
 137 0089 01030000 		.4byte	.LASF11
 138 008d 02       		.uleb128 0x2
 139 008e 08       		.byte	0x8
 140 008f 07       		.byte	0x7
 141 0090 E6000000 		.4byte	.LASF12
 142 0094 04       		.uleb128 0x4
 143 0095 04       		.byte	0x4
 144 0096 05       		.byte	0x5
 145 0097 696E7400 		.ascii	"int\000"
 146 009b 02       		.uleb128 0x2
 147 009c 04       		.byte	0x4
 148 009d 07       		.byte	0x7
 149 009e 4D030000 		.4byte	.LASF13
 150 00a2 03       		.uleb128 0x3
 151 00a3 06090000 		.4byte	.LASF14
 152 00a7 04       		.byte	0x4
 153 00a8 18       		.byte	0x18
 154 00a9 33000000 		.4byte	0x33
 155 00ad 03       		.uleb128 0x3
 156 00ae 56010000 		.4byte	.LASF15
 157 00b2 04       		.byte	0x4
 158 00b3 20       		.byte	0x20
 159 00b4 45000000 		.4byte	0x45
 160 00b8 03       		.uleb128 0x3
 161 00b9 52020000 		.4byte	.LASF16
 162 00bd 04       		.byte	0x4
 163 00be 24       		.byte	0x24
 164 00bf 50000000 		.4byte	0x50
 165 00c3 03       		.uleb128 0x3
 166 00c4 9B060000 		.4byte	.LASF17
 167 00c8 04       		.byte	0x4
 168 00c9 2C       		.byte	0x2c
 169 00ca 62000000 		.4byte	0x62
 170 00ce 03       		.uleb128 0x3
 171 00cf 8E080000 		.4byte	.LASF18
 172 00d3 04       		.byte	0x4
 173 00d4 30       		.byte	0x30
 174 00d5 74000000 		.4byte	0x74
 175 00d9 02       		.uleb128 0x2
 176 00da 04       		.byte	0x4
 177 00db 07       		.byte	0x7
 178 00dc 7C040000 		.4byte	.LASF19
 179 00e0 02       		.uleb128 0x2
 180 00e1 08       		.byte	0x8
 181 00e2 04       		.byte	0x4
 182 00e3 7E070000 		.4byte	.LASF20
 183 00e7 05       		.uleb128 0x5
 184 00e8 B8       		.byte	0xb8
 185 00e9 05       		.byte	0x5
 186 00ea 34       		.byte	0x34
 187 00eb F8040000 		.4byte	0x4f8
 188 00ef 06       		.uleb128 0x6
ARM GAS  C:\Users\Lenovo\AppData\Local\Temp\cc40M3Ny.s 			page 7


 189 00f0 CD000000 		.4byte	.LASF21
 190 00f4 05       		.byte	0x5
 191 00f5 37       		.byte	0x37
 192 00f6 CE000000 		.4byte	0xce
 193 00fa 00       		.byte	0
 194 00fb 06       		.uleb128 0x6
 195 00fc BB020000 		.4byte	.LASF22
 196 0100 05       		.byte	0x5
 197 0101 38       		.byte	0x38
 198 0102 CE000000 		.4byte	0xce
 199 0106 04       		.byte	0x4
 200 0107 06       		.uleb128 0x6
 201 0108 0F020000 		.4byte	.LASF23
 202 010c 05       		.byte	0x5
 203 010d 39       		.byte	0x39
 204 010e CE000000 		.4byte	0xce
 205 0112 08       		.byte	0x8
 206 0113 06       		.uleb128 0x6
 207 0114 63060000 		.4byte	.LASF24
 208 0118 05       		.byte	0x5
 209 0119 3A       		.byte	0x3a
 210 011a CE000000 		.4byte	0xce
 211 011e 0C       		.byte	0xc
 212 011f 06       		.uleb128 0x6
 213 0120 29040000 		.4byte	.LASF25
 214 0124 05       		.byte	0x5
 215 0125 3B       		.byte	0x3b
 216 0126 CE000000 		.4byte	0xce
 217 012a 10       		.byte	0x10
 218 012b 06       		.uleb128 0x6
 219 012c D8010000 		.4byte	.LASF26
 220 0130 05       		.byte	0x5
 221 0131 3C       		.byte	0x3c
 222 0132 CE000000 		.4byte	0xce
 223 0136 14       		.byte	0x14
 224 0137 06       		.uleb128 0x6
 225 0138 76030000 		.4byte	.LASF27
 226 013c 05       		.byte	0x5
 227 013d 3D       		.byte	0x3d
 228 013e CE000000 		.4byte	0xce
 229 0142 18       		.byte	0x18
 230 0143 06       		.uleb128 0x6
 231 0144 76000000 		.4byte	.LASF28
 232 0148 05       		.byte	0x5
 233 0149 3E       		.byte	0x3e
 234 014a CE000000 		.4byte	0xce
 235 014e 1C       		.byte	0x1c
 236 014f 06       		.uleb128 0x6
 237 0150 78090000 		.4byte	.LASF29
 238 0154 05       		.byte	0x5
 239 0155 3F       		.byte	0x3f
 240 0156 CE000000 		.4byte	0xce
 241 015a 20       		.byte	0x20
 242 015b 06       		.uleb128 0x6
 243 015c 65040000 		.4byte	.LASF30
 244 0160 05       		.byte	0x5
 245 0161 40       		.byte	0x40
ARM GAS  C:\Users\Lenovo\AppData\Local\Temp\cc40M3Ny.s 			page 8


 246 0162 CE000000 		.4byte	0xce
 247 0166 24       		.byte	0x24
 248 0167 06       		.uleb128 0x6
 249 0168 D3090000 		.4byte	.LASF31
 250 016c 05       		.byte	0x5
 251 016d 43       		.byte	0x43
 252 016e A2000000 		.4byte	0xa2
 253 0172 28       		.byte	0x28
 254 0173 06       		.uleb128 0x6
 255 0174 5C000000 		.4byte	.LASF32
 256 0178 05       		.byte	0x5
 257 0179 44       		.byte	0x44
 258 017a A2000000 		.4byte	0xa2
 259 017e 29       		.byte	0x29
 260 017f 06       		.uleb128 0x6
 261 0180 6E090000 		.4byte	.LASF33
 262 0184 05       		.byte	0x5
 263 0185 45       		.byte	0x45
 264 0186 A2000000 		.4byte	0xa2
 265 018a 2A       		.byte	0x2a
 266 018b 06       		.uleb128 0x6
 267 018c 11050000 		.4byte	.LASF34
 268 0190 05       		.byte	0x5
 269 0191 46       		.byte	0x46
 270 0192 A2000000 		.4byte	0xa2
 271 0196 2B       		.byte	0x2b
 272 0197 06       		.uleb128 0x6
 273 0198 0D040000 		.4byte	.LASF35
 274 019c 05       		.byte	0x5
 275 019d 47       		.byte	0x47
 276 019e A2000000 		.4byte	0xa2
 277 01a2 2C       		.byte	0x2c
 278 01a3 06       		.uleb128 0x6
 279 01a4 1E080000 		.4byte	.LASF36
 280 01a8 05       		.byte	0x5
 281 01a9 48       		.byte	0x48
 282 01aa A2000000 		.4byte	0xa2
 283 01ae 2D       		.byte	0x2d
 284 01af 06       		.uleb128 0x6
 285 01b0 98010000 		.4byte	.LASF37
 286 01b4 05       		.byte	0x5
 287 01b5 49       		.byte	0x49
 288 01b6 A2000000 		.4byte	0xa2
 289 01ba 2E       		.byte	0x2e
 290 01bb 06       		.uleb128 0x6
 291 01bc 70040000 		.4byte	.LASF38
 292 01c0 05       		.byte	0x5
 293 01c1 4A       		.byte	0x4a
 294 01c2 A2000000 		.4byte	0xa2
 295 01c6 2F       		.byte	0x2f
 296 01c7 06       		.uleb128 0x6
 297 01c8 D2040000 		.4byte	.LASF39
 298 01cc 05       		.byte	0x5
 299 01cd 4B       		.byte	0x4b
 300 01ce A2000000 		.4byte	0xa2
 301 01d2 30       		.byte	0x30
 302 01d3 06       		.uleb128 0x6
ARM GAS  C:\Users\Lenovo\AppData\Local\Temp\cc40M3Ny.s 			page 9


 303 01d4 A3030000 		.4byte	.LASF40
 304 01d8 05       		.byte	0x5
 305 01d9 4E       		.byte	0x4e
 306 01da A2000000 		.4byte	0xa2
 307 01de 31       		.byte	0x31
 308 01df 06       		.uleb128 0x6
 309 01e0 8D000000 		.4byte	.LASF41
 310 01e4 05       		.byte	0x5
 311 01e5 4F       		.byte	0x4f
 312 01e6 A2000000 		.4byte	0xa2
 313 01ea 32       		.byte	0x32
 314 01eb 06       		.uleb128 0x6
 315 01ec AE030000 		.4byte	.LASF42
 316 01f0 05       		.byte	0x5
 317 01f1 50       		.byte	0x50
 318 01f2 A2000000 		.4byte	0xa2
 319 01f6 33       		.byte	0x33
 320 01f7 06       		.uleb128 0x6
 321 01f8 A5000000 		.4byte	.LASF43
 322 01fc 05       		.byte	0x5
 323 01fd 51       		.byte	0x51
 324 01fe A2000000 		.4byte	0xa2
 325 0202 34       		.byte	0x34
 326 0203 06       		.uleb128 0x6
 327 0204 6C080000 		.4byte	.LASF44
 328 0208 05       		.byte	0x5
 329 0209 52       		.byte	0x52
 330 020a AD000000 		.4byte	0xad
 331 020e 36       		.byte	0x36
 332 020f 06       		.uleb128 0x6
 333 0210 3F070000 		.4byte	.LASF45
 334 0214 05       		.byte	0x5
 335 0215 53       		.byte	0x53
 336 0216 AD000000 		.4byte	0xad
 337 021a 38       		.byte	0x38
 338 021b 06       		.uleb128 0x6
 339 021c C8080000 		.4byte	.LASF46
 340 0220 05       		.byte	0x5
 341 0221 54       		.byte	0x54
 342 0222 AD000000 		.4byte	0xad
 343 0226 3A       		.byte	0x3a
 344 0227 06       		.uleb128 0x6
 345 0228 5F090000 		.4byte	.LASF47
 346 022c 05       		.byte	0x5
 347 022d 55       		.byte	0x55
 348 022e A2000000 		.4byte	0xa2
 349 0232 3C       		.byte	0x3c
 350 0233 06       		.uleb128 0x6
 351 0234 77020000 		.4byte	.LASF48
 352 0238 05       		.byte	0x5
 353 0239 56       		.byte	0x56
 354 023a A2000000 		.4byte	0xa2
 355 023e 3D       		.byte	0x3d
 356 023f 06       		.uleb128 0x6
 357 0240 06070000 		.4byte	.LASF49
 358 0244 05       		.byte	0x5
 359 0245 57       		.byte	0x57
ARM GAS  C:\Users\Lenovo\AppData\Local\Temp\cc40M3Ny.s 			page 10


 360 0246 A2000000 		.4byte	0xa2
 361 024a 3E       		.byte	0x3e
 362 024b 06       		.uleb128 0x6
 363 024c 6A000000 		.4byte	.LASF50
 364 0250 05       		.byte	0x5
 365 0251 58       		.byte	0x58
 366 0252 A2000000 		.4byte	0xa2
 367 0256 3F       		.byte	0x3f
 368 0257 06       		.uleb128 0x6
 369 0258 1F050000 		.4byte	.LASF51
 370 025c 05       		.byte	0x5
 371 025d 59       		.byte	0x59
 372 025e A2000000 		.4byte	0xa2
 373 0262 40       		.byte	0x40
 374 0263 06       		.uleb128 0x6
 375 0264 D1020000 		.4byte	.LASF52
 376 0268 05       		.byte	0x5
 377 0269 5A       		.byte	0x5a
 378 026a A2000000 		.4byte	0xa2
 379 026e 41       		.byte	0x41
 380 026f 06       		.uleb128 0x6
 381 0270 C6040000 		.4byte	.LASF53
 382 0274 05       		.byte	0x5
 383 0275 5B       		.byte	0x5b
 384 0276 A2000000 		.4byte	0xa2
 385 027a 42       		.byte	0x42
 386 027b 06       		.uleb128 0x6
 387 027c EF040000 		.4byte	.LASF54
 388 0280 05       		.byte	0x5
 389 0281 5C       		.byte	0x5c
 390 0282 A2000000 		.4byte	0xa2
 391 0286 43       		.byte	0x43
 392 0287 06       		.uleb128 0x6
 393 0288 18020000 		.4byte	.LASF55
 394 028c 05       		.byte	0x5
 395 028d 5D       		.byte	0x5d
 396 028e A2000000 		.4byte	0xa2
 397 0292 44       		.byte	0x44
 398 0293 06       		.uleb128 0x6
 399 0294 00000000 		.4byte	.LASF56
 400 0298 05       		.byte	0x5
 401 0299 5E       		.byte	0x5e
 402 029a CE000000 		.4byte	0xce
 403 029e 48       		.byte	0x48
 404 029f 06       		.uleb128 0x6
 405 02a0 EB010000 		.4byte	.LASF57
 406 02a4 05       		.byte	0x5
 407 02a5 5F       		.byte	0x5f
 408 02a6 CE000000 		.4byte	0xce
 409 02aa 4C       		.byte	0x4c
 410 02ab 06       		.uleb128 0x6
 411 02ac E0090000 		.4byte	.LASF58
 412 02b0 05       		.byte	0x5
 413 02b1 60       		.byte	0x60
 414 02b2 A2000000 		.4byte	0xa2
 415 02b6 50       		.byte	0x50
 416 02b7 06       		.uleb128 0x6
ARM GAS  C:\Users\Lenovo\AppData\Local\Temp\cc40M3Ny.s 			page 11


 417 02b8 30010000 		.4byte	.LASF59
 418 02bc 05       		.byte	0x5
 419 02bd 61       		.byte	0x61
 420 02be A2000000 		.4byte	0xa2
 421 02c2 51       		.byte	0x51
 422 02c3 06       		.uleb128 0x6
 423 02c4 DD080000 		.4byte	.LASF60
 424 02c8 05       		.byte	0x5
 425 02c9 62       		.byte	0x62
 426 02ca A2000000 		.4byte	0xa2
 427 02ce 52       		.byte	0x52
 428 02cf 06       		.uleb128 0x6
 429 02d0 85090000 		.4byte	.LASF61
 430 02d4 05       		.byte	0x5
 431 02d5 63       		.byte	0x63
 432 02d6 A2000000 		.4byte	0xa2
 433 02da 53       		.byte	0x53
 434 02db 06       		.uleb128 0x6
 435 02dc 53060000 		.4byte	.LASF62
 436 02e0 05       		.byte	0x5
 437 02e1 64       		.byte	0x64
 438 02e2 A2000000 		.4byte	0xa2
 439 02e6 54       		.byte	0x54
 440 02e7 06       		.uleb128 0x6
 441 02e8 42010000 		.4byte	.LASF63
 442 02ec 05       		.byte	0x5
 443 02ed 65       		.byte	0x65
 444 02ee A2000000 		.4byte	0xa2
 445 02f2 55       		.byte	0x55
 446 02f3 06       		.uleb128 0x6
 447 02f4 B9070000 		.4byte	.LASF64
 448 02f8 05       		.byte	0x5
 449 02f9 66       		.byte	0x66
 450 02fa A2000000 		.4byte	0xa2
 451 02fe 56       		.byte	0x56
 452 02ff 06       		.uleb128 0x6
 453 0300 BA030000 		.4byte	.LASF65
 454 0304 05       		.byte	0x5
 455 0305 67       		.byte	0x67
 456 0306 A2000000 		.4byte	0xa2
 457 030a 57       		.byte	0x57
 458 030b 06       		.uleb128 0x6
 459 030c 12000000 		.4byte	.LASF66
 460 0310 05       		.byte	0x5
 461 0311 68       		.byte	0x68
 462 0312 A2000000 		.4byte	0xa2
 463 0316 58       		.byte	0x58
 464 0317 06       		.uleb128 0x6
 465 0318 B1060000 		.4byte	.LASF67
 466 031c 05       		.byte	0x5
 467 031d 69       		.byte	0x69
 468 031e A2000000 		.4byte	0xa2
 469 0322 59       		.byte	0x59
 470 0323 06       		.uleb128 0x6
 471 0324 85040000 		.4byte	.LASF68
 472 0328 05       		.byte	0x5
 473 0329 6E       		.byte	0x6e
ARM GAS  C:\Users\Lenovo\AppData\Local\Temp\cc40M3Ny.s 			page 12


 474 032a B8000000 		.4byte	0xb8
 475 032e 5A       		.byte	0x5a
 476 032f 06       		.uleb128 0x6
 477 0330 55080000 		.4byte	.LASF69
 478 0334 05       		.byte	0x5
 479 0335 6F       		.byte	0x6f
 480 0336 B8000000 		.4byte	0xb8
 481 033a 5C       		.byte	0x5c
 482 033b 06       		.uleb128 0x6
 483 033c D7000000 		.4byte	.LASF70
 484 0340 05       		.byte	0x5
 485 0341 70       		.byte	0x70
 486 0342 A2000000 		.4byte	0xa2
 487 0346 5E       		.byte	0x5e
 488 0347 06       		.uleb128 0x6
 489 0348 3D060000 		.4byte	.LASF71
 490 034c 05       		.byte	0x5
 491 034d 71       		.byte	0x71
 492 034e A2000000 		.4byte	0xa2
 493 0352 5F       		.byte	0x5f
 494 0353 06       		.uleb128 0x6
 495 0354 DE040000 		.4byte	.LASF72
 496 0358 05       		.byte	0x5
 497 0359 72       		.byte	0x72
 498 035a A2000000 		.4byte	0xa2
 499 035e 60       		.byte	0x60
 500 035f 06       		.uleb128 0x6
 501 0360 16060000 		.4byte	.LASF73
 502 0364 05       		.byte	0x5
 503 0365 73       		.byte	0x73
 504 0366 CE000000 		.4byte	0xce
 505 036a 64       		.byte	0x64
 506 036b 06       		.uleb128 0x6
 507 036c FD000000 		.4byte	.LASF74
 508 0370 05       		.byte	0x5
 509 0371 76       		.byte	0x76
 510 0372 B8000000 		.4byte	0xb8
 511 0376 68       		.byte	0x68
 512 0377 06       		.uleb128 0x6
 513 0378 7F030000 		.4byte	.LASF75
 514 037c 05       		.byte	0x5
 515 037d 77       		.byte	0x77
 516 037e B8000000 		.4byte	0xb8
 517 0382 6A       		.byte	0x6a
 518 0383 06       		.uleb128 0x6
 519 0384 CE030000 		.4byte	.LASF76
 520 0388 05       		.byte	0x5
 521 0389 78       		.byte	0x78
 522 038a B8000000 		.4byte	0xb8
 523 038e 6C       		.byte	0x6c
 524 038f 06       		.uleb128 0x6
 525 0390 4A070000 		.4byte	.LASF77
 526 0394 05       		.byte	0x5
 527 0395 79       		.byte	0x79
 528 0396 B8000000 		.4byte	0xb8
 529 039a 6E       		.byte	0x6e
 530 039b 06       		.uleb128 0x6
ARM GAS  C:\Users\Lenovo\AppData\Local\Temp\cc40M3Ny.s 			page 13


 531 039c F2060000 		.4byte	.LASF78
 532 03a0 05       		.byte	0x5
 533 03a1 7B       		.byte	0x7b
 534 03a2 A2000000 		.4byte	0xa2
 535 03a6 70       		.byte	0x70
 536 03a7 06       		.uleb128 0x6
 537 03a8 83010000 		.4byte	.LASF79
 538 03ac 05       		.byte	0x5
 539 03ad 7C       		.byte	0x7c
 540 03ae A2000000 		.4byte	0xa2
 541 03b2 71       		.byte	0x71
 542 03b3 06       		.uleb128 0x6
 543 03b4 EB020000 		.4byte	.LASF80
 544 03b8 05       		.byte	0x5
 545 03b9 7D       		.byte	0x7d
 546 03ba A2000000 		.4byte	0xa2
 547 03be 72       		.byte	0x72
 548 03bf 06       		.uleb128 0x6
 549 03c0 AF040000 		.4byte	.LASF81
 550 03c4 05       		.byte	0x5
 551 03c5 7E       		.byte	0x7e
 552 03c6 A2000000 		.4byte	0xa2
 553 03ca 73       		.byte	0x73
 554 03cb 06       		.uleb128 0x6
 555 03cc 82020000 		.4byte	.LASF82
 556 03d0 05       		.byte	0x5
 557 03d1 80       		.byte	0x80
 558 03d2 B8000000 		.4byte	0xb8
 559 03d6 74       		.byte	0x74
 560 03d7 06       		.uleb128 0x6
 561 03d8 F1070000 		.4byte	.LASF83
 562 03dc 05       		.byte	0x5
 563 03dd 81       		.byte	0x81
 564 03de B8000000 		.4byte	0xb8
 565 03e2 76       		.byte	0x76
 566 03e3 06       		.uleb128 0x6
 567 03e4 62020000 		.4byte	.LASF84
 568 03e8 05       		.byte	0x5
 569 03e9 82       		.byte	0x82
 570 03ea B8000000 		.4byte	0xb8
 571 03ee 78       		.byte	0x78
 572 03ef 06       		.uleb128 0x6
 573 03f0 C5060000 		.4byte	.LASF85
 574 03f4 05       		.byte	0x5
 575 03f5 83       		.byte	0x83
 576 03f6 B8000000 		.4byte	0xb8
 577 03fa 7A       		.byte	0x7a
 578 03fb 06       		.uleb128 0x6
 579 03fc 2B090000 		.4byte	.LASF86
 580 0400 05       		.byte	0x5
 581 0401 86       		.byte	0x86
 582 0402 A2000000 		.4byte	0xa2
 583 0406 7C       		.byte	0x7c
 584 0407 06       		.uleb128 0x6
 585 0408 FC030000 		.4byte	.LASF87
 586 040c 05       		.byte	0x5
 587 040d 87       		.byte	0x87
ARM GAS  C:\Users\Lenovo\AppData\Local\Temp\cc40M3Ny.s 			page 14


 588 040e A2000000 		.4byte	0xa2
 589 0412 7D       		.byte	0x7d
 590 0413 06       		.uleb128 0x6
 591 0414 26000000 		.4byte	.LASF88
 592 0418 05       		.byte	0x5
 593 0419 88       		.byte	0x88
 594 041a A2000000 		.4byte	0xa2
 595 041e 7E       		.byte	0x7e
 596 041f 06       		.uleb128 0x6
 597 0420 A7020000 		.4byte	.LASF89
 598 0424 05       		.byte	0x5
 599 0425 89       		.byte	0x89
 600 0426 A2000000 		.4byte	0xa2
 601 042a 7F       		.byte	0x7f
 602 042b 06       		.uleb128 0x6
 603 042c 24030000 		.4byte	.LASF90
 604 0430 05       		.byte	0x5
 605 0431 8A       		.byte	0x8a
 606 0432 A2000000 		.4byte	0xa2
 607 0436 80       		.byte	0x80
 608 0437 06       		.uleb128 0x6
 609 0438 48040000 		.4byte	.LASF91
 610 043c 05       		.byte	0x5
 611 043d 8D       		.byte	0x8d
 612 043e CE000000 		.4byte	0xce
 613 0442 84       		.byte	0x84
 614 0443 06       		.uleb128 0x6
 615 0444 B6000000 		.4byte	.LASF92
 616 0448 05       		.byte	0x5
 617 0449 8E       		.byte	0x8e
 618 044a CE000000 		.4byte	0xce
 619 044e 88       		.byte	0x88
 620 044f 06       		.uleb128 0x6
 621 0450 79080000 		.4byte	.LASF93
 622 0454 05       		.byte	0x5
 623 0455 8F       		.byte	0x8f
 624 0456 CE000000 		.4byte	0xce
 625 045a 8C       		.byte	0x8c
 626 045b 06       		.uleb128 0x6
 627 045c 38030000 		.4byte	.LASF94
 628 0460 05       		.byte	0x5
 629 0461 90       		.byte	0x90
 630 0462 CE000000 		.4byte	0xce
 631 0466 90       		.byte	0x90
 632 0467 06       		.uleb128 0x6
 633 0468 0F030000 		.4byte	.LASF95
 634 046c 05       		.byte	0x5
 635 046d 91       		.byte	0x91
 636 046e CE000000 		.4byte	0xce
 637 0472 94       		.byte	0x94
 638 0473 06       		.uleb128 0x6
 639 0474 32040000 		.4byte	.LASF96
 640 0478 05       		.byte	0x5
 641 0479 92       		.byte	0x92
 642 047a CE000000 		.4byte	0xce
 643 047e 98       		.byte	0x98
 644 047f 06       		.uleb128 0x6
ARM GAS  C:\Users\Lenovo\AppData\Local\Temp\cc40M3Ny.s 			page 15


 645 0480 40090000 		.4byte	.LASF97
 646 0484 05       		.byte	0x5
 647 0485 93       		.byte	0x93
 648 0486 CE000000 		.4byte	0xce
 649 048a 9C       		.byte	0x9c
 650 048b 06       		.uleb128 0x6
 651 048c 0D010000 		.4byte	.LASF98
 652 0490 05       		.byte	0x5
 653 0491 94       		.byte	0x94
 654 0492 CE000000 		.4byte	0xce
 655 0496 A0       		.byte	0xa0
 656 0497 06       		.uleb128 0x6
 657 0498 A3010000 		.4byte	.LASF99
 658 049c 05       		.byte	0x5
 659 049d 95       		.byte	0x95
 660 049e B8000000 		.4byte	0xb8
 661 04a2 A4       		.byte	0xa4
 662 04a3 06       		.uleb128 0x6
 663 04a4 57070000 		.4byte	.LASF100
 664 04a8 05       		.byte	0x5
 665 04a9 96       		.byte	0x96
 666 04aa B8000000 		.4byte	0xb8
 667 04ae A6       		.byte	0xa6
 668 04af 06       		.uleb128 0x6
 669 04b0 31060000 		.4byte	.LASF101
 670 04b4 05       		.byte	0x5
 671 04b5 97       		.byte	0x97
 672 04b6 B8000000 		.4byte	0xb8
 673 04ba A8       		.byte	0xa8
 674 04bb 06       		.uleb128 0x6
 675 04bc E4060000 		.4byte	.LASF102
 676 04c0 05       		.byte	0x5
 677 04c1 98       		.byte	0x98
 678 04c2 B8000000 		.4byte	0xb8
 679 04c6 AA       		.byte	0xaa
 680 04c7 06       		.uleb128 0x6
 681 04c8 DD030000 		.4byte	.LASF103
 682 04cc 05       		.byte	0x5
 683 04cd 99       		.byte	0x99
 684 04ce B8000000 		.4byte	0xb8
 685 04d2 AC       		.byte	0xac
 686 04d3 06       		.uleb128 0x6
 687 04d4 7F000000 		.4byte	.LASF104
 688 04d8 05       		.byte	0x5
 689 04d9 9A       		.byte	0x9a
 690 04da B8000000 		.4byte	0xb8
 691 04de AE       		.byte	0xae
 692 04df 06       		.uleb128 0x6
 693 04e0 5E080000 		.4byte	.LASF105
 694 04e4 05       		.byte	0x5
 695 04e5 9D       		.byte	0x9d
 696 04e6 B8000000 		.4byte	0xb8
 697 04ea B0       		.byte	0xb0
 698 04eb 06       		.uleb128 0x6
 699 04ec 39000000 		.4byte	.LASF106
 700 04f0 05       		.byte	0x5
 701 04f1 9E       		.byte	0x9e
ARM GAS  C:\Users\Lenovo\AppData\Local\Temp\cc40M3Ny.s 			page 16


 702 04f2 CE000000 		.4byte	0xce
 703 04f6 B4       		.byte	0xb4
 704 04f7 00       		.byte	0
 705 04f8 03       		.uleb128 0x3
 706 04f9 19040000 		.4byte	.LASF107
 707 04fd 05       		.byte	0x5
 708 04fe 9F       		.byte	0x9f
 709 04ff E7000000 		.4byte	0xe7
 710 0503 02       		.uleb128 0x2
 711 0504 01       		.byte	0x1
 712 0505 08       		.byte	0x8
 713 0506 8A070000 		.4byte	.LASF108
 714 050a 02       		.uleb128 0x2
 715 050b 04       		.byte	0x4
 716 050c 04       		.byte	0x4
 717 050d 10060000 		.4byte	.LASF109
 718 0511 02       		.uleb128 0x2
 719 0512 08       		.byte	0x8
 720 0513 04       		.byte	0x4
 721 0514 5B020000 		.4byte	.LASF110
 722 0518 02       		.uleb128 0x2
 723 0519 01       		.byte	0x1
 724 051a 02       		.byte	0x2
 725 051b 95060000 		.4byte	.LASF111
 726 051f 07       		.uleb128 0x7
 727 0520 02       		.byte	0x2
 728 0521 06       		.byte	0x6
 729 0522 6401     		.2byte	0x164
 730 0524 43050000 		.4byte	0x543
 731 0528 08       		.uleb128 0x8
 732 0529 56090000 		.4byte	.LASF112
 733 052d 06       		.byte	0x6
 734 052e 6E01     		.2byte	0x16e
 735 0530 A2000000 		.4byte	0xa2
 736 0534 00       		.byte	0
 737 0535 08       		.uleb128 0x8
 738 0536 5F040000 		.4byte	.LASF113
 739 053a 06       		.byte	0x6
 740 053b 7201     		.2byte	0x172
 741 053d A2000000 		.4byte	0xa2
 742 0541 01       		.byte	0x1
 743 0542 00       		.byte	0
 744 0543 09       		.uleb128 0x9
 745 0544 5E010000 		.4byte	.LASF114
 746 0548 06       		.byte	0x6
 747 0549 7401     		.2byte	0x174
 748 054b 1F050000 		.4byte	0x51f
 749 054f 0A       		.uleb128 0xa
 750 0550 01       		.byte	0x1
 751 0551 3E000000 		.4byte	0x3e
 752 0555 07       		.byte	0x7
 753 0556 7E       		.byte	0x7e
 754 0557 74050000 		.4byte	0x574
 755 055b 0B       		.uleb128 0xb
 756 055c ED080000 		.4byte	.LASF115
 757 0560 00       		.byte	0
 758 0561 0B       		.uleb128 0xb
ARM GAS  C:\Users\Lenovo\AppData\Local\Temp\cc40M3Ny.s 			page 17


 759 0562 90040000 		.4byte	.LASF116
 760 0566 01       		.byte	0x1
 761 0567 0B       		.uleb128 0xb
 762 0568 0E090000 		.4byte	.LASF117
 763 056c 02       		.byte	0x2
 764 056d 0B       		.uleb128 0xb
 765 056e B8010000 		.4byte	.LASF118
 766 0572 03       		.byte	0x3
 767 0573 00       		.byte	0
 768 0574 03       		.uleb128 0x3
 769 0575 F9010000 		.4byte	.LASF119
 770 0579 07       		.byte	0x7
 771 057a 83       		.byte	0x83
 772 057b 4F050000 		.4byte	0x54f
 773 057f 0A       		.uleb128 0xa
 774 0580 01       		.byte	0x1
 775 0581 3E000000 		.4byte	0x3e
 776 0585 07       		.byte	0x7
 777 0586 87       		.byte	0x87
 778 0587 BC050000 		.4byte	0x5bc
 779 058b 0B       		.uleb128 0xb
 780 058c 97080000 		.4byte	.LASF120
 781 0590 00       		.byte	0
 782 0591 0B       		.uleb128 0xb
 783 0592 A2090000 		.4byte	.LASF121
 784 0596 01       		.byte	0x1
 785 0597 0B       		.uleb128 0xb
 786 0598 5A030000 		.4byte	.LASF122
 787 059c 02       		.byte	0x2
 788 059d 0B       		.uleb128 0xb
 789 059e 2B080000 		.4byte	.LASF123
 790 05a2 03       		.byte	0x3
 791 05a3 0B       		.uleb128 0xb
 792 05a4 8F070000 		.4byte	.LASF124
 793 05a8 04       		.byte	0x4
 794 05a9 0B       		.uleb128 0xb
 795 05aa 6B060000 		.4byte	.LASF125
 796 05ae 05       		.byte	0x5
 797 05af 0B       		.uleb128 0xb
 798 05b0 14070000 		.4byte	.LASF126
 799 05b4 06       		.byte	0x6
 800 05b5 0B       		.uleb128 0xb
 801 05b6 EC050000 		.4byte	.LASF127
 802 05ba 07       		.byte	0x7
 803 05bb 00       		.byte	0
 804 05bc 03       		.uleb128 0x3
 805 05bd FA040000 		.4byte	.LASF128
 806 05c1 07       		.byte	0x7
 807 05c2 90       		.byte	0x90
 808 05c3 7F050000 		.4byte	0x57f
 809 05c7 0C       		.uleb128 0xc
 810 05c8 2C050000 		.4byte	.LASF140
 811 05cc 02       		.byte	0x2
 812 05cd 81       		.byte	0x81
 813 05ce 03       		.byte	0x3
 814 05cf 0D       		.uleb128 0xd
 815 05d0 80090000 		.4byte	.LASF141
ARM GAS  C:\Users\Lenovo\AppData\Local\Temp\cc40M3Ny.s 			page 18


 816 05d4 01       		.byte	0x1
 817 05d5 0E       		.byte	0xe
 818 05d6 94000000 		.4byte	0x94
 819 05da 00000000 		.4byte	.LFB339
 820 05de 0E000000 		.4byte	.LFE339-.LFB339
 821 05e2 01       		.uleb128 0x1
 822 05e3 9C       		.byte	0x9c
 823 05e4 3A060000 		.4byte	0x63a
 824 05e8 0E       		.uleb128 0xe
 825 05e9 4D000000 		.4byte	.LASF129
 826 05ed 01       		.byte	0x1
 827 05ee 11       		.byte	0x11
 828 05ef 94000000 		.4byte	0x94
 829 05f3 F9050000 		.4byte	0x5f9
 830 05f7 0F       		.uleb128 0xf
 831 05f8 00       		.byte	0
 832 05f9 10       		.uleb128 0x10
 833 05fa C7050000 		.4byte	0x5c7
 834 05fe 06000000 		.4byte	.LBB5
 835 0602 02000000 		.4byte	.LBE5-.LBB5
 836 0606 01       		.byte	0x1
 837 0607 13       		.byte	0x13
 838 0608 11       		.uleb128 0x11
 839 0609 08000000 		.4byte	.LBB7
 840 060d 06000000 		.4byte	.LBE7-.LBB7
 841 0611 30060000 		.4byte	0x630
 842 0615 0E       		.uleb128 0xe
 843 0616 6C070000 		.4byte	.LASF130
 844 061a 01       		.byte	0x1
 845 061b 17       		.byte	0x17
 846 061c 94000000 		.4byte	0x94
 847 0620 26060000 		.4byte	0x626
 848 0624 0F       		.uleb128 0xf
 849 0625 00       		.byte	0
 850 0626 12       		.uleb128 0x12
 851 0627 0C000000 		.4byte	.LVL1
 852 062b B1060000 		.4byte	0x6b1
 853 062f 00       		.byte	0
 854 0630 12       		.uleb128 0x12
 855 0631 06000000 		.4byte	.LVL0
 856 0635 BC060000 		.4byte	0x6bc
 857 0639 00       		.byte	0
 858 063a 13       		.uleb128 0x13
 859 063b 23010000 		.4byte	.LASF131
 860 063f 08       		.byte	0x8
 861 0640 F907     		.2byte	0x7f9
 862 0642 46060000 		.4byte	0x646
 863 0646 14       		.uleb128 0x14
 864 0647 C3000000 		.4byte	0xc3
 865 064b 15       		.uleb128 0x15
 866 064c 27060000 		.4byte	.LASF132
 867 0650 05       		.byte	0x5
 868 0651 A7       		.byte	0xa7
 869 0652 56060000 		.4byte	0x656
 870 0656 16       		.uleb128 0x16
 871 0657 04       		.byte	0x4
 872 0658 5C060000 		.4byte	0x65c
ARM GAS  C:\Users\Lenovo\AppData\Local\Temp\cc40M3Ny.s 			page 19


 873 065c 17       		.uleb128 0x17
 874 065d F8040000 		.4byte	0x4f8
 875 0661 13       		.uleb128 0x13
 876 0662 0E080000 		.4byte	.LASF133
 877 0666 07       		.byte	0x7
 878 0667 2202     		.2byte	0x222
 879 0669 74050000 		.4byte	0x574
 880 066d 18       		.uleb128 0x18
 881 066e 43050000 		.4byte	0x543
 882 0672 7D060000 		.4byte	0x67d
 883 0676 19       		.uleb128 0x19
 884 0677 D9000000 		.4byte	0xd9
 885 067b 00       		.byte	0
 886 067c 00       		.byte	0
 887 067d 13       		.uleb128 0x13
 888 067e B6080000 		.4byte	.LASF134
 889 0682 07       		.byte	0x7
 890 0683 2C02     		.2byte	0x22c
 891 0685 6D060000 		.4byte	0x66d
 892 0689 18       		.uleb128 0x18
 893 068a BC050000 		.4byte	0x5bc
 894 068e 99060000 		.4byte	0x699
 895 0692 19       		.uleb128 0x19
 896 0693 D9000000 		.4byte	0xd9
 897 0697 00       		.byte	0
 898 0698 00       		.byte	0
 899 0699 13       		.uleb128 0x13
 900 069a EB030000 		.4byte	.LASF135
 901 069e 07       		.byte	0x7
 902 069f 2D02     		.2byte	0x22d
 903 06a1 89060000 		.4byte	0x689
 904 06a5 13       		.uleb128 0x13
 905 06a6 D8070000 		.4byte	.LASF136
 906 06aa 07       		.byte	0x7
 907 06ab 5202     		.2byte	0x252
 908 06ad A2000000 		.4byte	0xa2
 909 06b1 1A       		.uleb128 0x1a
 910 06b2 6C070000 		.4byte	.LASF130
 911 06b6 6C070000 		.4byte	.LASF130
 912 06ba 01       		.byte	0x1
 913 06bb 17       		.byte	0x17
 914 06bc 1A       		.uleb128 0x1a
 915 06bd 4D000000 		.4byte	.LASF129
 916 06c1 4D000000 		.4byte	.LASF129
 917 06c5 01       		.byte	0x1
 918 06c6 11       		.byte	0x11
 919 06c7 00       		.byte	0
 920              		.section	.debug_abbrev,"",%progbits
 921              	.Ldebug_abbrev0:
 922 0000 01       		.uleb128 0x1
 923 0001 11       		.uleb128 0x11
 924 0002 01       		.byte	0x1
 925 0003 25       		.uleb128 0x25
 926 0004 0E       		.uleb128 0xe
 927 0005 13       		.uleb128 0x13
 928 0006 0B       		.uleb128 0xb
 929 0007 03       		.uleb128 0x3
ARM GAS  C:\Users\Lenovo\AppData\Local\Temp\cc40M3Ny.s 			page 20


 930 0008 0E       		.uleb128 0xe
 931 0009 1B       		.uleb128 0x1b
 932 000a 0E       		.uleb128 0xe
 933 000b 55       		.uleb128 0x55
 934 000c 17       		.uleb128 0x17
 935 000d 11       		.uleb128 0x11
 936 000e 01       		.uleb128 0x1
 937 000f 10       		.uleb128 0x10
 938 0010 17       		.uleb128 0x17
 939 0011 00       		.byte	0
 940 0012 00       		.byte	0
 941 0013 02       		.uleb128 0x2
 942 0014 24       		.uleb128 0x24
 943 0015 00       		.byte	0
 944 0016 0B       		.uleb128 0xb
 945 0017 0B       		.uleb128 0xb
 946 0018 3E       		.uleb128 0x3e
 947 0019 0B       		.uleb128 0xb
 948 001a 03       		.uleb128 0x3
 949 001b 0E       		.uleb128 0xe
 950 001c 00       		.byte	0
 951 001d 00       		.byte	0
 952 001e 03       		.uleb128 0x3
 953 001f 16       		.uleb128 0x16
 954 0020 00       		.byte	0
 955 0021 03       		.uleb128 0x3
 956 0022 0E       		.uleb128 0xe
 957 0023 3A       		.uleb128 0x3a
 958 0024 0B       		.uleb128 0xb
 959 0025 3B       		.uleb128 0x3b
 960 0026 0B       		.uleb128 0xb
 961 0027 49       		.uleb128 0x49
 962 0028 13       		.uleb128 0x13
 963 0029 00       		.byte	0
 964 002a 00       		.byte	0
 965 002b 04       		.uleb128 0x4
 966 002c 24       		.uleb128 0x24
 967 002d 00       		.byte	0
 968 002e 0B       		.uleb128 0xb
 969 002f 0B       		.uleb128 0xb
 970 0030 3E       		.uleb128 0x3e
 971 0031 0B       		.uleb128 0xb
 972 0032 03       		.uleb128 0x3
 973 0033 08       		.uleb128 0x8
 974 0034 00       		.byte	0
 975 0035 00       		.byte	0
 976 0036 05       		.uleb128 0x5
 977 0037 13       		.uleb128 0x13
 978 0038 01       		.byte	0x1
 979 0039 0B       		.uleb128 0xb
 980 003a 0B       		.uleb128 0xb
 981 003b 3A       		.uleb128 0x3a
 982 003c 0B       		.uleb128 0xb
 983 003d 3B       		.uleb128 0x3b
 984 003e 0B       		.uleb128 0xb
 985 003f 01       		.uleb128 0x1
 986 0040 13       		.uleb128 0x13
ARM GAS  C:\Users\Lenovo\AppData\Local\Temp\cc40M3Ny.s 			page 21


 987 0041 00       		.byte	0
 988 0042 00       		.byte	0
 989 0043 06       		.uleb128 0x6
 990 0044 0D       		.uleb128 0xd
 991 0045 00       		.byte	0
 992 0046 03       		.uleb128 0x3
 993 0047 0E       		.uleb128 0xe
 994 0048 3A       		.uleb128 0x3a
 995 0049 0B       		.uleb128 0xb
 996 004a 3B       		.uleb128 0x3b
 997 004b 0B       		.uleb128 0xb
 998 004c 49       		.uleb128 0x49
 999 004d 13       		.uleb128 0x13
 1000 004e 38       		.uleb128 0x38
 1001 004f 0B       		.uleb128 0xb
 1002 0050 00       		.byte	0
 1003 0051 00       		.byte	0
 1004 0052 07       		.uleb128 0x7
 1005 0053 13       		.uleb128 0x13
 1006 0054 01       		.byte	0x1
 1007 0055 0B       		.uleb128 0xb
 1008 0056 0B       		.uleb128 0xb
 1009 0057 3A       		.uleb128 0x3a
 1010 0058 0B       		.uleb128 0xb
 1011 0059 3B       		.uleb128 0x3b
 1012 005a 05       		.uleb128 0x5
 1013 005b 01       		.uleb128 0x1
 1014 005c 13       		.uleb128 0x13
 1015 005d 00       		.byte	0
 1016 005e 00       		.byte	0
 1017 005f 08       		.uleb128 0x8
 1018 0060 0D       		.uleb128 0xd
 1019 0061 00       		.byte	0
 1020 0062 03       		.uleb128 0x3
 1021 0063 0E       		.uleb128 0xe
 1022 0064 3A       		.uleb128 0x3a
 1023 0065 0B       		.uleb128 0xb
 1024 0066 3B       		.uleb128 0x3b
 1025 0067 05       		.uleb128 0x5
 1026 0068 49       		.uleb128 0x49
 1027 0069 13       		.uleb128 0x13
 1028 006a 38       		.uleb128 0x38
 1029 006b 0B       		.uleb128 0xb
 1030 006c 00       		.byte	0
 1031 006d 00       		.byte	0
 1032 006e 09       		.uleb128 0x9
 1033 006f 16       		.uleb128 0x16
 1034 0070 00       		.byte	0
 1035 0071 03       		.uleb128 0x3
 1036 0072 0E       		.uleb128 0xe
 1037 0073 3A       		.uleb128 0x3a
 1038 0074 0B       		.uleb128 0xb
 1039 0075 3B       		.uleb128 0x3b
 1040 0076 05       		.uleb128 0x5
 1041 0077 49       		.uleb128 0x49
 1042 0078 13       		.uleb128 0x13
 1043 0079 00       		.byte	0
ARM GAS  C:\Users\Lenovo\AppData\Local\Temp\cc40M3Ny.s 			page 22


 1044 007a 00       		.byte	0
 1045 007b 0A       		.uleb128 0xa
 1046 007c 04       		.uleb128 0x4
 1047 007d 01       		.byte	0x1
 1048 007e 0B       		.uleb128 0xb
 1049 007f 0B       		.uleb128 0xb
 1050 0080 49       		.uleb128 0x49
 1051 0081 13       		.uleb128 0x13
 1052 0082 3A       		.uleb128 0x3a
 1053 0083 0B       		.uleb128 0xb
 1054 0084 3B       		.uleb128 0x3b
 1055 0085 0B       		.uleb128 0xb
 1056 0086 01       		.uleb128 0x1
 1057 0087 13       		.uleb128 0x13
 1058 0088 00       		.byte	0
 1059 0089 00       		.byte	0
 1060 008a 0B       		.uleb128 0xb
 1061 008b 28       		.uleb128 0x28
 1062 008c 00       		.byte	0
 1063 008d 03       		.uleb128 0x3
 1064 008e 0E       		.uleb128 0xe
 1065 008f 1C       		.uleb128 0x1c
 1066 0090 0B       		.uleb128 0xb
 1067 0091 00       		.byte	0
 1068 0092 00       		.byte	0
 1069 0093 0C       		.uleb128 0xc
 1070 0094 2E       		.uleb128 0x2e
 1071 0095 00       		.byte	0
 1072 0096 03       		.uleb128 0x3
 1073 0097 0E       		.uleb128 0xe
 1074 0098 3A       		.uleb128 0x3a
 1075 0099 0B       		.uleb128 0xb
 1076 009a 3B       		.uleb128 0x3b
 1077 009b 0B       		.uleb128 0xb
 1078 009c 27       		.uleb128 0x27
 1079 009d 19       		.uleb128 0x19
 1080 009e 20       		.uleb128 0x20
 1081 009f 0B       		.uleb128 0xb
 1082 00a0 00       		.byte	0
 1083 00a1 00       		.byte	0
 1084 00a2 0D       		.uleb128 0xd
 1085 00a3 2E       		.uleb128 0x2e
 1086 00a4 01       		.byte	0x1
 1087 00a5 3F       		.uleb128 0x3f
 1088 00a6 19       		.uleb128 0x19
 1089 00a7 03       		.uleb128 0x3
 1090 00a8 0E       		.uleb128 0xe
 1091 00a9 3A       		.uleb128 0x3a
 1092 00aa 0B       		.uleb128 0xb
 1093 00ab 3B       		.uleb128 0x3b
 1094 00ac 0B       		.uleb128 0xb
 1095 00ad 27       		.uleb128 0x27
 1096 00ae 19       		.uleb128 0x19
 1097 00af 49       		.uleb128 0x49
 1098 00b0 13       		.uleb128 0x13
 1099 00b1 8701     		.uleb128 0x87
 1100 00b3 19       		.uleb128 0x19
ARM GAS  C:\Users\Lenovo\AppData\Local\Temp\cc40M3Ny.s 			page 23


 1101 00b4 11       		.uleb128 0x11
 1102 00b5 01       		.uleb128 0x1
 1103 00b6 12       		.uleb128 0x12
 1104 00b7 06       		.uleb128 0x6
 1105 00b8 40       		.uleb128 0x40
 1106 00b9 18       		.uleb128 0x18
 1107 00ba 9742     		.uleb128 0x2117
 1108 00bc 19       		.uleb128 0x19
 1109 00bd 01       		.uleb128 0x1
 1110 00be 13       		.uleb128 0x13
 1111 00bf 00       		.byte	0
 1112 00c0 00       		.byte	0
 1113 00c1 0E       		.uleb128 0xe
 1114 00c2 2E       		.uleb128 0x2e
 1115 00c3 01       		.byte	0x1
 1116 00c4 3F       		.uleb128 0x3f
 1117 00c5 19       		.uleb128 0x19
 1118 00c6 03       		.uleb128 0x3
 1119 00c7 0E       		.uleb128 0xe
 1120 00c8 3A       		.uleb128 0x3a
 1121 00c9 0B       		.uleb128 0xb
 1122 00ca 3B       		.uleb128 0x3b
 1123 00cb 0B       		.uleb128 0xb
 1124 00cc 49       		.uleb128 0x49
 1125 00cd 13       		.uleb128 0x13
 1126 00ce 3C       		.uleb128 0x3c
 1127 00cf 19       		.uleb128 0x19
 1128 00d0 01       		.uleb128 0x1
 1129 00d1 13       		.uleb128 0x13
 1130 00d2 00       		.byte	0
 1131 00d3 00       		.byte	0
 1132 00d4 0F       		.uleb128 0xf
 1133 00d5 18       		.uleb128 0x18
 1134 00d6 00       		.byte	0
 1135 00d7 00       		.byte	0
 1136 00d8 00       		.byte	0
 1137 00d9 10       		.uleb128 0x10
 1138 00da 1D       		.uleb128 0x1d
 1139 00db 00       		.byte	0
 1140 00dc 31       		.uleb128 0x31
 1141 00dd 13       		.uleb128 0x13
 1142 00de 11       		.uleb128 0x11
 1143 00df 01       		.uleb128 0x1
 1144 00e0 12       		.uleb128 0x12
 1145 00e1 06       		.uleb128 0x6
 1146 00e2 58       		.uleb128 0x58
 1147 00e3 0B       		.uleb128 0xb
 1148 00e4 59       		.uleb128 0x59
 1149 00e5 0B       		.uleb128 0xb
 1150 00e6 00       		.byte	0
 1151 00e7 00       		.byte	0
 1152 00e8 11       		.uleb128 0x11
 1153 00e9 0B       		.uleb128 0xb
 1154 00ea 01       		.byte	0x1
 1155 00eb 11       		.uleb128 0x11
 1156 00ec 01       		.uleb128 0x1
 1157 00ed 12       		.uleb128 0x12
ARM GAS  C:\Users\Lenovo\AppData\Local\Temp\cc40M3Ny.s 			page 24


 1158 00ee 06       		.uleb128 0x6
 1159 00ef 01       		.uleb128 0x1
 1160 00f0 13       		.uleb128 0x13
 1161 00f1 00       		.byte	0
 1162 00f2 00       		.byte	0
 1163 00f3 12       		.uleb128 0x12
 1164 00f4 898201   		.uleb128 0x4109
 1165 00f7 00       		.byte	0
 1166 00f8 11       		.uleb128 0x11
 1167 00f9 01       		.uleb128 0x1
 1168 00fa 31       		.uleb128 0x31
 1169 00fb 13       		.uleb128 0x13
 1170 00fc 00       		.byte	0
 1171 00fd 00       		.byte	0
 1172 00fe 13       		.uleb128 0x13
 1173 00ff 34       		.uleb128 0x34
 1174 0100 00       		.byte	0
 1175 0101 03       		.uleb128 0x3
 1176 0102 0E       		.uleb128 0xe
 1177 0103 3A       		.uleb128 0x3a
 1178 0104 0B       		.uleb128 0xb
 1179 0105 3B       		.uleb128 0x3b
 1180 0106 05       		.uleb128 0x5
 1181 0107 49       		.uleb128 0x49
 1182 0108 13       		.uleb128 0x13
 1183 0109 3F       		.uleb128 0x3f
 1184 010a 19       		.uleb128 0x19
 1185 010b 3C       		.uleb128 0x3c
 1186 010c 19       		.uleb128 0x19
 1187 010d 00       		.byte	0
 1188 010e 00       		.byte	0
 1189 010f 14       		.uleb128 0x14
 1190 0110 35       		.uleb128 0x35
 1191 0111 00       		.byte	0
 1192 0112 49       		.uleb128 0x49
 1193 0113 13       		.uleb128 0x13
 1194 0114 00       		.byte	0
 1195 0115 00       		.byte	0
 1196 0116 15       		.uleb128 0x15
 1197 0117 34       		.uleb128 0x34
 1198 0118 00       		.byte	0
 1199 0119 03       		.uleb128 0x3
 1200 011a 0E       		.uleb128 0xe
 1201 011b 3A       		.uleb128 0x3a
 1202 011c 0B       		.uleb128 0xb
 1203 011d 3B       		.uleb128 0x3b
 1204 011e 0B       		.uleb128 0xb
 1205 011f 49       		.uleb128 0x49
 1206 0120 13       		.uleb128 0x13
 1207 0121 3F       		.uleb128 0x3f
 1208 0122 19       		.uleb128 0x19
 1209 0123 3C       		.uleb128 0x3c
 1210 0124 19       		.uleb128 0x19
 1211 0125 00       		.byte	0
 1212 0126 00       		.byte	0
 1213 0127 16       		.uleb128 0x16
 1214 0128 0F       		.uleb128 0xf
ARM GAS  C:\Users\Lenovo\AppData\Local\Temp\cc40M3Ny.s 			page 25


 1215 0129 00       		.byte	0
 1216 012a 0B       		.uleb128 0xb
 1217 012b 0B       		.uleb128 0xb
 1218 012c 49       		.uleb128 0x49
 1219 012d 13       		.uleb128 0x13
 1220 012e 00       		.byte	0
 1221 012f 00       		.byte	0
 1222 0130 17       		.uleb128 0x17
 1223 0131 26       		.uleb128 0x26
 1224 0132 00       		.byte	0
 1225 0133 49       		.uleb128 0x49
 1226 0134 13       		.uleb128 0x13
 1227 0135 00       		.byte	0
 1228 0136 00       		.byte	0
 1229 0137 18       		.uleb128 0x18
 1230 0138 01       		.uleb128 0x1
 1231 0139 01       		.byte	0x1
 1232 013a 49       		.uleb128 0x49
 1233 013b 13       		.uleb128 0x13
 1234 013c 01       		.uleb128 0x1
 1235 013d 13       		.uleb128 0x13
 1236 013e 00       		.byte	0
 1237 013f 00       		.byte	0
 1238 0140 19       		.uleb128 0x19
 1239 0141 21       		.uleb128 0x21
 1240 0142 00       		.byte	0
 1241 0143 49       		.uleb128 0x49
 1242 0144 13       		.uleb128 0x13
 1243 0145 2F       		.uleb128 0x2f
 1244 0146 0B       		.uleb128 0xb
 1245 0147 00       		.byte	0
 1246 0148 00       		.byte	0
 1247 0149 1A       		.uleb128 0x1a
 1248 014a 2E       		.uleb128 0x2e
 1249 014b 00       		.byte	0
 1250 014c 3F       		.uleb128 0x3f
 1251 014d 19       		.uleb128 0x19
 1252 014e 3C       		.uleb128 0x3c
 1253 014f 19       		.uleb128 0x19
 1254 0150 6E       		.uleb128 0x6e
 1255 0151 0E       		.uleb128 0xe
 1256 0152 03       		.uleb128 0x3
 1257 0153 0E       		.uleb128 0xe
 1258 0154 3A       		.uleb128 0x3a
 1259 0155 0B       		.uleb128 0xb
 1260 0156 3B       		.uleb128 0x3b
 1261 0157 0B       		.uleb128 0xb
 1262 0158 00       		.byte	0
 1263 0159 00       		.byte	0
 1264 015a 00       		.byte	0
 1265              		.section	.debug_aranges,"",%progbits
 1266 0000 1C000000 		.4byte	0x1c
 1267 0004 0200     		.2byte	0x2
 1268 0006 00000000 		.4byte	.Ldebug_info0
 1269 000a 04       		.byte	0x4
 1270 000b 00       		.byte	0
 1271 000c 0000     		.2byte	0
ARM GAS  C:\Users\Lenovo\AppData\Local\Temp\cc40M3Ny.s 			page 26


 1272 000e 0000     		.2byte	0
 1273 0010 00000000 		.4byte	.LFB339
 1274 0014 0E000000 		.4byte	.LFE339-.LFB339
 1275 0018 00000000 		.4byte	0
 1276 001c 00000000 		.4byte	0
 1277              		.section	.debug_ranges,"",%progbits
 1278              	.Ldebug_ranges0:
 1279 0000 00000000 		.4byte	.LFB339
 1280 0004 0E000000 		.4byte	.LFE339
 1281 0008 00000000 		.4byte	0
 1282 000c 00000000 		.4byte	0
 1283              		.section	.debug_line,"",%progbits
 1284              	.Ldebug_line0:
 1285 0000 EC010000 		.section	.debug_str,"MS",%progbits,1
 1285      0200C601 
 1285      00000201 
 1285      FB0E0D00 
 1285      01010101 
 1286              	.LASF56:
 1287 0000 70726F74 		.ascii	"protBusMasterMask\000"
 1287      4275734D 
 1287      61737465 
 1287      724D6173 
 1287      6B00
 1288              	.LASF66:
 1289 0012 666C6173 		.ascii	"flashCtlMainWs3Freq\000"
 1289      6843746C 
 1289      4D61696E 
 1289      57733346 
 1289      72657100 
 1290              	.LASF88:
 1291 0026 6770696F 		.ascii	"gpioPrtCfgInOffset\000"
 1291      50727443 
 1291      6667496E 
 1291      4F666673 
 1291      657400
 1292              	.LASF106:
 1293 0039 6970634C 		.ascii	"ipcLockStatusOffset\000"
 1293      6F636B53 
 1293      74617475 
 1293      734F6666 
 1293      73657400 
 1294              	.LASF129:
 1295 004d 426C6546 		.ascii	"BleFindMe_Init\000"
 1295      696E644D 
 1295      655F496E 
 1295      697400
 1296              	.LASF32:
 1297 005c 63727970 		.ascii	"cryptoVersion\000"
 1297      746F5665 
 1297      7273696F 
 1297      6E00
 1298              	.LASF50:
 1299 006a 70657269 		.ascii	"periClockNr\000"
 1299      436C6F63 
 1299      6B4E7200 
 1300              	.LASF28:
ARM GAS  C:\Users\Lenovo\AppData\Local\Temp\cc40M3Ny.s 			page 27


 1301 0076 70617373 		.ascii	"passBase\000"
 1301      42617365 
 1301      00
 1302              	.LASF104:
 1303 007f 63707573 		.ascii	"cpussRam2Ctl0\000"
 1303      7352616D 
 1303      3243746C 
 1303      3000
 1304              	.LASF41:
 1305 008d 63707573 		.ascii	"cpussIpcIrqNr\000"
 1305      73497063 
 1305      4972714E 
 1305      7200
 1306              	.LASF3:
 1307 009b 5F5F7569 		.ascii	"__uint8_t\000"
 1307      6E74385F 
 1307      7400
 1308              	.LASF43:
 1309 00a5 63707573 		.ascii	"cpussFlashPaSize\000"
 1309      73466C61 
 1309      73685061 
 1309      53697A65 
 1309      00
 1310              	.LASF92:
 1311 00b6 63707573 		.ascii	"cpussCm4ClockCtlOffset\000"
 1311      73436D34 
 1311      436C6F63 
 1311      6B43746C 
 1311      4F666673 
 1312              	.LASF21:
 1313 00cd 63707573 		.ascii	"cpussBase\000"
 1313      73426173 
 1313      6500
 1314              	.LASF70:
 1315 00d7 64774368 		.ascii	"dwChCtlPrioPos\000"
 1315      43746C50 
 1315      72696F50 
 1315      6F7300
 1316              	.LASF12:
 1317 00e6 6C6F6E67 		.ascii	"long long unsigned int\000"
 1317      206C6F6E 
 1317      6720756E 
 1317      7369676E 
 1317      65642069 
 1318              	.LASF74:
 1319 00fd 70657269 		.ascii	"periTrCmdOffset\000"
 1319      5472436D 
 1319      644F6666 
 1319      73657400 
 1320              	.LASF98:
 1321 010d 63707573 		.ascii	"cpussSysTickCtlOffset\000"
 1321      73537973 
 1321      5469636B 
 1321      43746C4F 
 1321      66667365 
 1322              	.LASF131:
 1323 0123 49544D5F 		.ascii	"ITM_RxBuffer\000"
ARM GAS  C:\Users\Lenovo\AppData\Local\Temp\cc40M3Ny.s 			page 28


 1323      52784275 
 1323      66666572 
 1323      00
 1324              	.LASF59:
 1325 0130 666C6173 		.ascii	"flashPipeRequired\000"
 1325      68506970 
 1325      65526571 
 1325      75697265 
 1325      6400
 1326              	.LASF63:
 1327 0142 666C6173 		.ascii	"flashCtlMainWs0Freq\000"
 1327      6843746C 
 1327      4D61696E 
 1327      57733046 
 1327      72657100 
 1328              	.LASF15:
 1329 0156 696E7431 		.ascii	"int16_t\000"
 1329      365F7400 
 1330              	.LASF114:
 1331 015e 63795F73 		.ascii	"cy_stc_ble_conn_handle_t\000"
 1331      74635F62 
 1331      6C655F63 
 1331      6F6E6E5F 
 1331      68616E64 
 1332              	.LASF1:
 1333 0177 7369676E 		.ascii	"signed char\000"
 1333      65642063 
 1333      68617200 
 1334              	.LASF79:
 1335 0183 70657269 		.ascii	"periDivCmdTypeSelPos\000"
 1335      44697643 
 1335      6D645479 
 1335      70655365 
 1335      6C506F73 
 1336              	.LASF37:
 1337 0198 69706356 		.ascii	"ipcVersion\000"
 1337      65727369 
 1337      6F6E00
 1338              	.LASF99:
 1339 01a3 63707573 		.ascii	"cpussCm0NmiCtlOffset\000"
 1339      73436D30 
 1339      4E6D6943 
 1339      746C4F66 
 1339      66736574 
 1340              	.LASF118:
 1341 01b8 43595F42 		.ascii	"CY_BLE_ADV_STATE_STOP_INITIATED\000"
 1341      4C455F41 
 1341      44565F53 
 1341      54415445 
 1341      5F53544F 
 1342              	.LASF26:
 1343 01d8 6873696F 		.ascii	"hsiomBase\000"
 1343      6D426173 
 1343      6500
 1344              	.LASF8:
 1345 01e2 6C6F6E67 		.ascii	"long int\000"
 1345      20696E74 
ARM GAS  C:\Users\Lenovo\AppData\Local\Temp\cc40M3Ny.s 			page 29


 1345      00
 1346              	.LASF57:
 1347 01eb 63727970 		.ascii	"cryptoMemSize\000"
 1347      746F4D65 
 1347      6D53697A 
 1347      6500
 1348              	.LASF119:
 1349 01f9 63795F65 		.ascii	"cy_en_ble_adv_state_t\000"
 1349      6E5F626C 
 1349      655F6164 
 1349      765F7374 
 1349      6174655F 
 1350              	.LASF23:
 1351 020f 70657269 		.ascii	"periBase\000"
 1351      42617365 
 1351      00
 1352              	.LASF55:
 1353 0218 73797350 		.ascii	"sysPmSimoPresent\000"
 1353      6D53696D 
 1353      6F507265 
 1353      73656E74 
 1353      00
 1354              	.LASF139:
 1355 0229 443A5C4D 		.ascii	"D:\\Microprocess2\\Lab12\\Lab12\\Lab12.cydsn\000"
 1355      6963726F 
 1355      70726F63 
 1355      65737332 
 1355      5C4C6162 
 1356              	.LASF16:
 1357 0252 75696E74 		.ascii	"uint16_t\000"
 1357      31365F74 
 1357      00
 1358              	.LASF110:
 1359 025b 646F7562 		.ascii	"double\000"
 1359      6C6500
 1360              	.LASF84:
 1361 0262 70657269 		.ascii	"periDiv16_5CtlOffset\000"
 1361      44697631 
 1361      365F3543 
 1361      746C4F66 
 1361      66736574 
 1362              	.LASF48:
 1363 0277 73727373 		.ascii	"srssNumPll\000"
 1363      4E756D50 
 1363      6C6C00
 1364              	.LASF82:
 1365 0282 70657269 		.ascii	"periDiv8CtlOffset\000"
 1365      44697638 
 1365      43746C4F 
 1365      66667365 
 1365      7400
 1366              	.LASF6:
 1367 0294 73686F72 		.ascii	"short unsigned int\000"
 1367      7420756E 
 1367      7369676E 
 1367      65642069 
 1367      6E7400
ARM GAS  C:\Users\Lenovo\AppData\Local\Temp\cc40M3Ny.s 			page 30


 1368              	.LASF89:
 1369 02a7 6770696F 		.ascii	"gpioPrtCfgOutOffset\000"
 1369      50727443 
 1369      66674F75 
 1369      744F6666 
 1369      73657400 
 1370              	.LASF22:
 1371 02bb 666C6173 		.ascii	"flashcBase\000"
 1371      68634261 
 1371      736500
 1372              	.LASF9:
 1373 02c6 5F5F7569 		.ascii	"__uint32_t\000"
 1373      6E743332 
 1373      5F7400
 1374              	.LASF52:
 1375 02d1 70617373 		.ascii	"passSarChannels\000"
 1375      53617243 
 1375      68616E6E 
 1375      656C7300 
 1376              	.LASF4:
 1377 02e1 5F5F696E 		.ascii	"__int16_t\000"
 1377      7431365F 
 1377      7400
 1378              	.LASF80:
 1379 02eb 70657269 		.ascii	"periDivCmdPaDivSelPos\000"
 1379      44697643 
 1379      6D645061 
 1379      44697653 
 1379      656C506F 
 1380              	.LASF11:
 1381 0301 6C6F6E67 		.ascii	"long long int\000"
 1381      206C6F6E 
 1381      6720696E 
 1381      7400
 1382              	.LASF95:
 1383 030f 63707573 		.ascii	"cpussCm4PwrCtlOffset\000"
 1383      73436D34 
 1383      50777243 
 1383      746C4F66 
 1383      66736574 
 1384              	.LASF90:
 1385 0324 6770696F 		.ascii	"gpioPrtCfgSioOffset\000"
 1385      50727443 
 1385      66675369 
 1385      6F4F6666 
 1385      73657400 
 1386              	.LASF94:
 1387 0338 63707573 		.ascii	"cpussCm0StatusOffset\000"
 1387      73436D30 
 1387      53746174 
 1387      75734F66 
 1387      66736574 
 1388              	.LASF13:
 1389 034d 756E7369 		.ascii	"unsigned int\000"
 1389      676E6564 
 1389      20696E74 
 1389      00
ARM GAS  C:\Users\Lenovo\AppData\Local\Temp\cc40M3Ny.s 			page 31


 1390              	.LASF122:
 1391 035a 43595F42 		.ascii	"CY_BLE_CONN_STATE_CONNECTED\000"
 1391      4C455F43 
 1391      4F4E4E5F 
 1391      53544154 
 1391      455F434F 
 1392              	.LASF27:
 1393 0376 6770696F 		.ascii	"gpioBase\000"
 1393      42617365 
 1393      00
 1394              	.LASF75:
 1395 037f 70657269 		.ascii	"periTrCmdGrSelMsk\000"
 1395      5472436D 
 1395      64477253 
 1395      656C4D73 
 1395      6B00
 1396              	.LASF10:
 1397 0391 6C6F6E67 		.ascii	"long unsigned int\000"
 1397      20756E73 
 1397      69676E65 
 1397      6420696E 
 1397      7400
 1398              	.LASF40:
 1399 03a3 63707573 		.ascii	"cpussIpcNr\000"
 1399      73497063 
 1399      4E7200
 1400              	.LASF42:
 1401 03ae 63707573 		.ascii	"cpussDwChNr\000"
 1401      73447743 
 1401      684E7200 
 1402              	.LASF65:
 1403 03ba 666C6173 		.ascii	"flashCtlMainWs2Freq\000"
 1403      6843746C 
 1403      4D61696E 
 1403      57733246 
 1403      72657100 
 1404              	.LASF76:
 1405 03ce 70657269 		.ascii	"periTrGrOffset\000"
 1405      54724772 
 1405      4F666673 
 1405      657400
 1406              	.LASF103:
 1407 03dd 63707573 		.ascii	"cpussRam1Ctl0\000"
 1407      7352616D 
 1407      3143746C 
 1407      3000
 1408              	.LASF135:
 1409 03eb 63795F62 		.ascii	"cy_ble_connState\000"
 1409      6C655F63 
 1409      6F6E6E53 
 1409      74617465 
 1409      00
 1410              	.LASF87:
 1411 03fc 6770696F 		.ascii	"gpioPrtCfgOffset\000"
 1411      50727443 
 1411      66674F66 
 1411      66736574 
ARM GAS  C:\Users\Lenovo\AppData\Local\Temp\cc40M3Ny.s 			page 32


 1411      00
 1412              	.LASF35:
 1413 040d 6770696F 		.ascii	"gpioVersion\000"
 1413      56657273 
 1413      696F6E00 
 1414              	.LASF107:
 1415 0419 63795F73 		.ascii	"cy_stc_device_t\000"
 1415      74635F64 
 1415      65766963 
 1415      655F7400 
 1416              	.LASF25:
 1417 0429 70726F74 		.ascii	"protBase\000"
 1417      42617365 
 1417      00
 1418              	.LASF96:
 1419 0432 63707573 		.ascii	"cpussTrimRamCtlOffset\000"
 1419      73547269 
 1419      6D52616D 
 1419      43746C4F 
 1419      66667365 
 1420              	.LASF91:
 1421 0448 63707573 		.ascii	"cpussCm0ClockCtlOffset\000"
 1421      73436D30 
 1421      436C6F63 
 1421      6B43746C 
 1421      4F666673 
 1422              	.LASF113:
 1423 045f 61747449 		.ascii	"attId\000"
 1423      6400
 1424              	.LASF30:
 1425 0465 63727970 		.ascii	"cryptoBase\000"
 1425      746F4261 
 1425      736500
 1426              	.LASF38:
 1427 0470 70657269 		.ascii	"periVersion\000"
 1427      56657273 
 1427      696F6E00 
 1428              	.LASF19:
 1429 047c 73697A65 		.ascii	"sizetype\000"
 1429      74797065 
 1429      00
 1430              	.LASF68:
 1431 0485 64774368 		.ascii	"dwChOffset\000"
 1431      4F666673 
 1431      657400
 1432              	.LASF116:
 1433 0490 43595F42 		.ascii	"CY_BLE_ADV_STATE_ADV_INITIATED\000"
 1433      4C455F41 
 1433      44565F53 
 1433      54415445 
 1433      5F414456 
 1434              	.LASF81:
 1435 04af 70657269 		.ascii	"periDivCmdPaTypeSelPos\000"
 1435      44697643 
 1435      6D645061 
 1435      54797065 
 1435      53656C50 
ARM GAS  C:\Users\Lenovo\AppData\Local\Temp\cc40M3Ny.s 			page 33


 1436              	.LASF53:
 1437 04c6 65704D6F 		.ascii	"epMonitorNr\000"
 1437      6E69746F 
 1437      724E7200 
 1438              	.LASF39:
 1439 04d2 70726F74 		.ascii	"protVersion\000"
 1439      56657273 
 1439      696F6E00 
 1440              	.LASF72:
 1441 04de 64775374 		.ascii	"dwStatusChIdxPos\000"
 1441      61747573 
 1441      43684964 
 1441      78506F73 
 1441      00
 1442              	.LASF54:
 1443 04ef 75646250 		.ascii	"udbPresent\000"
 1443      72657365 
 1443      6E7400
 1444              	.LASF128:
 1445 04fa 63795F65 		.ascii	"cy_en_ble_conn_state_t\000"
 1445      6E5F626C 
 1445      655F636F 
 1445      6E6E5F73 
 1445      74617465 
 1446              	.LASF34:
 1447 0511 666C6173 		.ascii	"flashcVersion\000"
 1447      68635665 
 1447      7273696F 
 1447      6E00
 1448              	.LASF51:
 1449 051f 736D6966 		.ascii	"smifDeviceNr\000"
 1449      44657669 
 1449      63654E72 
 1449      00
 1450              	.LASF140:
 1451 052c 5F5F656E 		.ascii	"__enable_irq\000"
 1451      61626C65 
 1451      5F697271 
 1451      00
 1452              	.LASF137:
 1453 0539 474E5520 		.ascii	"GNU C11 5.4.1 20160609 (release) [ARM/embedded-5-br"
 1453      43313120 
 1453      352E342E 
 1453      31203230 
 1453      31363036 
 1454 056c 616E6368 		.ascii	"anch revision 237715] -mcpu=cortex-m4 -mfloat-abi=s"
 1454      20726576 
 1454      6973696F 
 1454      6E203233 
 1454      37373135 
 1455 059f 6F667466 		.ascii	"oftfp -mfpu=fpv4-sp-d16 -mthumb -g -Og -ffunction-s"
 1455      70202D6D 
 1455      6670753D 
 1455      66707634 
 1455      2D73702D 
 1456 05d2 65637469 		.ascii	"ections -ffat-lto-objects\000"
 1456      6F6E7320 
ARM GAS  C:\Users\Lenovo\AppData\Local\Temp\cc40M3Ny.s 			page 34


 1456      2D666661 
 1456      742D6C74 
 1456      6F2D6F62 
 1457              	.LASF127:
 1458 05ec 43595F42 		.ascii	"CY_BLE_CONN_STATE_CLIENT_DISCOVERED\000"
 1458      4C455F43 
 1458      4F4E4E5F 
 1458      53544154 
 1458      455F434C 
 1459              	.LASF109:
 1460 0610 666C6F61 		.ascii	"float\000"
 1460      7400
 1461              	.LASF73:
 1462 0616 64775374 		.ascii	"dwStatusChIdxMsk\000"
 1462      61747573 
 1462      43684964 
 1462      784D736B 
 1462      00
 1463              	.LASF132:
 1464 0627 63795F64 		.ascii	"cy_device\000"
 1464      65766963 
 1464      6500
 1465              	.LASF101:
 1466 0631 63707573 		.ascii	"cpussRomCtl\000"
 1466      73526F6D 
 1466      43746C00 
 1467              	.LASF71:
 1468 063d 64774368 		.ascii	"dwChCtlPreemptablePos\000"
 1468      43746C50 
 1468      7265656D 
 1468      70746162 
 1468      6C65506F 
 1469              	.LASF62:
 1470 0653 666C6173 		.ascii	"flashEraseDelay\000"
 1470      68457261 
 1470      73654465 
 1470      6C617900 
 1471              	.LASF24:
 1472 0663 75646242 		.ascii	"udbBase\000"
 1472      61736500 
 1473              	.LASF125:
 1474 066b 43595F42 		.ascii	"CY_BLE_CONN_STATE_CLIENT_CHAR_DISCOVERING\000"
 1474      4C455F43 
 1474      4F4E4E5F 
 1474      53544154 
 1474      455F434C 
 1475              	.LASF111:
 1476 0695 5F426F6F 		.ascii	"_Bool\000"
 1476      6C00
 1477              	.LASF17:
 1478 069b 696E7433 		.ascii	"int32_t\000"
 1478      325F7400 
 1479              	.LASF2:
 1480 06a3 756E7369 		.ascii	"unsigned char\000"
 1480      676E6564 
 1480      20636861 
 1480      7200
ARM GAS  C:\Users\Lenovo\AppData\Local\Temp\cc40M3Ny.s 			page 35


 1481              	.LASF67:
 1482 06b1 666C6173 		.ascii	"flashCtlMainWs4Freq\000"
 1482      6843746C 
 1482      4D61696E 
 1482      57733446 
 1482      72657100 
 1483              	.LASF85:
 1484 06c5 70657269 		.ascii	"periDiv24_5CtlOffset\000"
 1484      44697632 
 1484      345F3543 
 1484      746C4F66 
 1484      66736574 
 1485              	.LASF0:
 1486 06da 73686F72 		.ascii	"short int\000"
 1486      7420696E 
 1486      7400
 1487              	.LASF102:
 1488 06e4 63707573 		.ascii	"cpussRam0Ctl0\000"
 1488      7352616D 
 1488      3043746C 
 1488      3000
 1489              	.LASF78:
 1490 06f2 70657269 		.ascii	"periDivCmdDivSelMsk\000"
 1490      44697643 
 1490      6D644469 
 1490      7653656C 
 1490      4D736B00 
 1491              	.LASF49:
 1492 0706 73727373 		.ascii	"srssNumHfroot\000"
 1492      4E756D48 
 1492      66726F6F 
 1492      7400
 1493              	.LASF126:
 1494 0714 43595F42 		.ascii	"CY_BLE_CONN_STATE_CLIENT_DESCR_DISCOVERING\000"
 1494      4C455F43 
 1494      4F4E4E5F 
 1494      53544154 
 1494      455F434C 
 1495              	.LASF45:
 1496 073f 63707573 		.ascii	"cpussFmIrq\000"
 1496      73466D49 
 1496      727100
 1497              	.LASF77:
 1498 074a 70657269 		.ascii	"periTrGrSize\000"
 1498      54724772 
 1498      53697A65 
 1498      00
 1499              	.LASF100:
 1500 0757 63707573 		.ascii	"cpussCm4NmiCtlOffset\000"
 1500      73436D34 
 1500      4E6D6943 
 1500      746C4F66 
 1500      66736574 
 1501              	.LASF130:
 1502 076c 426C6546 		.ascii	"BleFindMe_Process\000"
 1502      696E644D 
 1502      655F5072 
ARM GAS  C:\Users\Lenovo\AppData\Local\Temp\cc40M3Ny.s 			page 36


 1502      6F636573 
 1502      7300
 1503              	.LASF20:
 1504 077e 6C6F6E67 		.ascii	"long double\000"
 1504      20646F75 
 1504      626C6500 
 1505              	.LASF108:
 1506 078a 63686172 		.ascii	"char\000"
 1506      00
 1507              	.LASF124:
 1508 078f 43595F42 		.ascii	"CY_BLE_CONN_STATE_CLIENT_INCL_DISCOVERING\000"
 1508      4C455F43 
 1508      4F4E4E5F 
 1508      53544154 
 1508      455F434C 
 1509              	.LASF64:
 1510 07b9 666C6173 		.ascii	"flashCtlMainWs1Freq\000"
 1510      6843746C 
 1510      4D61696E 
 1510      57733146 
 1510      72657100 
 1511              	.LASF5:
 1512 07cd 5F5F7569 		.ascii	"__uint16_t\000"
 1512      6E743136 
 1512      5F7400
 1513              	.LASF136:
 1514 07d8 63795F62 		.ascii	"cy_ble_pendingFlashWrite\000"
 1514      6C655F70 
 1514      656E6469 
 1514      6E67466C 
 1514      61736857 
 1515              	.LASF83:
 1516 07f1 70657269 		.ascii	"periDiv16CtlOffset\000"
 1516      44697631 
 1516      3643746C 
 1516      4F666673 
 1516      657400
 1517              	.LASF7:
 1518 0804 5F5F696E 		.ascii	"__int32_t\000"
 1518      7433325F 
 1518      7400
 1519              	.LASF133:
 1520 080e 63795F62 		.ascii	"cy_ble_advState\000"
 1520      6C655F61 
 1520      64765374 
 1520      61746500 
 1521              	.LASF36:
 1522 081e 6873696F 		.ascii	"hsiomVersion\000"
 1522      6D566572 
 1522      73696F6E 
 1522      00
 1523              	.LASF123:
 1524 082b 43595F42 		.ascii	"CY_BLE_CONN_STATE_CLIENT_SRVC_DISCOVERING\000"
 1524      4C455F43 
 1524      4F4E4E5F 
 1524      53544154 
 1524      455F434C 
ARM GAS  C:\Users\Lenovo\AppData\Local\Temp\cc40M3Ny.s 			page 37


 1525              	.LASF69:
 1526 0855 64774368 		.ascii	"dwChSize\000"
 1526      53697A65 
 1526      00
 1527              	.LASF105:
 1528 085e 69706353 		.ascii	"ipcStructSize\000"
 1528      74727563 
 1528      7453697A 
 1528      6500
 1529              	.LASF44:
 1530 086c 63707573 		.ascii	"cpussIpc0Irq\000"
 1530      73497063 
 1530      30497271 
 1530      00
 1531              	.LASF93:
 1532 0879 63707573 		.ascii	"cpussCm4StatusOffset\000"
 1532      73436D34 
 1532      53746174 
 1532      75734F66 
 1532      66736574 
 1533              	.LASF18:
 1534 088e 75696E74 		.ascii	"uint32_t\000"
 1534      33325F74 
 1534      00
 1535              	.LASF120:
 1536 0897 43595F42 		.ascii	"CY_BLE_CONN_STATE_DISCONNECTED\000"
 1536      4C455F43 
 1536      4F4E4E5F 
 1536      53544154 
 1536      455F4449 
 1537              	.LASF134:
 1538 08b6 63795F62 		.ascii	"cy_ble_connHandle\000"
 1538      6C655F63 
 1538      6F6E6E48 
 1538      616E646C 
 1538      6500
 1539              	.LASF46:
 1540 08c8 63707573 		.ascii	"cpussNotConnectedIrq\000"
 1540      734E6F74 
 1540      436F6E6E 
 1540      65637465 
 1540      64497271 
 1541              	.LASF60:
 1542 08dd 666C6173 		.ascii	"flashWriteDelay\000"
 1542      68577269 
 1542      74654465 
 1542      6C617900 
 1543              	.LASF115:
 1544 08ed 43595F42 		.ascii	"CY_BLE_ADV_STATE_STOPPED\000"
 1544      4C455F41 
 1544      44565F53 
 1544      54415445 
 1544      5F53544F 
 1545              	.LASF14:
 1546 0906 75696E74 		.ascii	"uint8_t\000"
 1546      385F7400 
 1547              	.LASF117:
ARM GAS  C:\Users\Lenovo\AppData\Local\Temp\cc40M3Ny.s 			page 38


 1548 090e 43595F42 		.ascii	"CY_BLE_ADV_STATE_ADVERTISING\000"
 1548      4C455F41 
 1548      44565F53 
 1548      54415445 
 1548      5F414456 
 1549              	.LASF86:
 1550 092b 6770696F 		.ascii	"gpioPrtIntrCfgOffset\000"
 1550      50727449 
 1550      6E747243 
 1550      66674F66 
 1550      66736574 
 1551              	.LASF97:
 1552 0940 63707573 		.ascii	"cpussTrimRomCtlOffset\000"
 1552      73547269 
 1552      6D526F6D 
 1552      43746C4F 
 1552      66667365 
 1553              	.LASF112:
 1554 0956 62644861 		.ascii	"bdHandle\000"
 1554      6E646C65 
 1554      00
 1555              	.LASF47:
 1556 095f 73727373 		.ascii	"srssNumClkpath\000"
 1556      4E756D43 
 1556      6C6B7061 
 1556      746800
 1557              	.LASF33:
 1558 096e 64775665 		.ascii	"dwVersion\000"
 1558      7273696F 
 1558      6E00
 1559              	.LASF29:
 1560 0978 69706342 		.ascii	"ipcBase\000"
 1560      61736500 
 1561              	.LASF141:
 1562 0980 6D61696E 		.ascii	"main\000"
 1562      00
 1563              	.LASF61:
 1564 0985 666C6173 		.ascii	"flashProgramDelay\000"
 1564      6850726F 
 1564      6772616D 
 1564      44656C61 
 1564      7900
 1565              	.LASF138:
 1566 0997 6D61696E 		.ascii	"main_cm4.c\000"
 1566      5F636D34 
 1566      2E6300
 1567              	.LASF121:
 1568 09a2 43595F42 		.ascii	"CY_BLE_CONN_STATE_CLIENT_DISCONNECTED_DISCOVERED\000"
 1568      4C455F43 
 1568      4F4E4E5F 
 1568      53544154 
 1568      455F434C 
 1569              	.LASF31:
 1570 09d3 63707573 		.ascii	"cpussVersion\000"
 1570      73566572 
 1570      73696F6E 
 1570      00
ARM GAS  C:\Users\Lenovo\AppData\Local\Temp\cc40M3Ny.s 			page 39


 1571              	.LASF58:
 1572 09e0 666C6173 		.ascii	"flashRwwRequired\000"
 1572      68527777 
 1572      52657175 
 1572      69726564 
 1572      00
 1573              		.ident	"GCC: (GNU Tools for ARM Embedded Processors) 5.4.1 20160609 (release) [ARM/embedded-5-bran
