ARM GAS  C:\Users\Lenovo\AppData\Local\Temp\ccVURuRs.s 			page 1


   1              		.syntax unified
   2              		.cpu cortex-m4
   3              		.eabi_attribute 27, 1
   4              		.fpu fpv4-sp-d16
   5              		.eabi_attribute 20, 1
   6              		.eabi_attribute 21, 1
   7              		.eabi_attribute 23, 3
   8              		.eabi_attribute 24, 1
   9              		.eabi_attribute 25, 1
  10              		.eabi_attribute 26, 1
  11              		.eabi_attribute 30, 1
  12              		.eabi_attribute 34, 1
  13              		.eabi_attribute 18, 4
  14              		.thumb
  15              		.syntax unified
  16              		.file	"main_cm4.c"
  17              		.text
  18              	.Ltext0:
  19              		.cfi_sections	.debug_frame
  20              		.section	.text.main,"ax",%progbits
  21              		.align	2
  22              		.global	main
  23              		.thumb
  24              		.thumb_func
  25              		.type	main, %function
  26              	main:
  27              	.LFB561:
  28              		.file 1 "main_cm4.c"
   1:main_cm4.c    **** /* ========================================
   2:main_cm4.c    ****  *
   3:main_cm4.c    ****  * Copyright YOUR COMPANY, THE YEAR
   4:main_cm4.c    ****  * All Rights Reserved
   5:main_cm4.c    ****  * UNPUBLISHED, LICENSED SOFTWARE.
   6:main_cm4.c    ****  *
   7:main_cm4.c    ****  * CONFIDENTIAL AND PROPRIETARY INFORMATION
   8:main_cm4.c    ****  * WHICH IS THE PROPERTY OF your company.
   9:main_cm4.c    ****  *
  10:main_cm4.c    ****  * ========================================
  11:main_cm4.c    **** */
  12:main_cm4.c    **** #include "project.h"
  13:main_cm4.c    **** 
  14:main_cm4.c    **** int main(void)
  15:main_cm4.c    **** {
  29              		.loc 1 15 0
  30              		.cfi_startproc
  31              		@ Volatile: function does not return.
  32              		@ args = 0, pretend = 0, frame = 0
  33              		@ frame_needed = 0, uses_anonymous_args = 0
  34 0000 08B5     		push	{r3, lr}
  35              		.cfi_def_cfa_offset 8
  36              		.cfi_offset 3, -8
  37              		.cfi_offset 14, -4
  16:main_cm4.c    ****     /* Initialize BLE */
  17:main_cm4.c    ****     EinkDisplay_Init();
  38              		.loc 1 17 0
  39 0002 FFF7FEFF 		bl	EinkDisplay_Init
  40              	.LVL0:
ARM GAS  C:\Users\Lenovo\AppData\Local\Temp\ccVURuRs.s 			page 2


  18:main_cm4.c    ****     BleFindMe_Init();
  41              		.loc 1 18 0
  42 0006 FFF7FEFF 		bl	BleFindMe_Init
  43              	.LVL1:
  44              	.LBB5:
  45              	.LBB6:
  46              		.file 2 "Generated_Source\\PSoC6\\pdl\\cmsis/include/cmsis_gcc.h"
   1:Generated_Source\PSoC6\pdl\cmsis/include/cmsis_gcc.h **** /**************************************************************************//**
   2:Generated_Source\PSoC6\pdl\cmsis/include/cmsis_gcc.h ****  * @file     cmsis_gcc.h
   3:Generated_Source\PSoC6\pdl\cmsis/include/cmsis_gcc.h ****  * @brief    CMSIS compiler GCC header file
   4:Generated_Source\PSoC6\pdl\cmsis/include/cmsis_gcc.h ****  * @version  V5.0.3
   5:Generated_Source\PSoC6\pdl\cmsis/include/cmsis_gcc.h ****  * @date     16. January 2018
   6:Generated_Source\PSoC6\pdl\cmsis/include/cmsis_gcc.h ****  ******************************************************************************/
   7:Generated_Source\PSoC6\pdl\cmsis/include/cmsis_gcc.h **** /*
   8:Generated_Source\PSoC6\pdl\cmsis/include/cmsis_gcc.h ****  * Copyright (c) 2009-2017 ARM Limited. All rights reserved.
   9:Generated_Source\PSoC6\pdl\cmsis/include/cmsis_gcc.h ****  *
  10:Generated_Source\PSoC6\pdl\cmsis/include/cmsis_gcc.h ****  * SPDX-License-Identifier: Apache-2.0
  11:Generated_Source\PSoC6\pdl\cmsis/include/cmsis_gcc.h ****  *
  12:Generated_Source\PSoC6\pdl\cmsis/include/cmsis_gcc.h ****  * Licensed under the Apache License, Version 2.0 (the License); you may
  13:Generated_Source\PSoC6\pdl\cmsis/include/cmsis_gcc.h ****  * not use this file except in compliance with the License.
  14:Generated_Source\PSoC6\pdl\cmsis/include/cmsis_gcc.h ****  * You may obtain a copy of the License at
  15:Generated_Source\PSoC6\pdl\cmsis/include/cmsis_gcc.h ****  *
  16:Generated_Source\PSoC6\pdl\cmsis/include/cmsis_gcc.h ****  * www.apache.org/licenses/LICENSE-2.0
  17:Generated_Source\PSoC6\pdl\cmsis/include/cmsis_gcc.h ****  *
  18:Generated_Source\PSoC6\pdl\cmsis/include/cmsis_gcc.h ****  * Unless required by applicable law or agreed to in writing, software
  19:Generated_Source\PSoC6\pdl\cmsis/include/cmsis_gcc.h ****  * distributed under the License is distributed on an AS IS BASIS, WITHOUT
  20:Generated_Source\PSoC6\pdl\cmsis/include/cmsis_gcc.h ****  * WARRANTIES OR CONDITIONS OF ANY KIND, either express or implied.
  21:Generated_Source\PSoC6\pdl\cmsis/include/cmsis_gcc.h ****  * See the License for the specific language governing permissions and
  22:Generated_Source\PSoC6\pdl\cmsis/include/cmsis_gcc.h ****  * limitations under the License.
  23:Generated_Source\PSoC6\pdl\cmsis/include/cmsis_gcc.h ****  */
  24:Generated_Source\PSoC6\pdl\cmsis/include/cmsis_gcc.h **** 
  25:Generated_Source\PSoC6\pdl\cmsis/include/cmsis_gcc.h **** #ifndef __CMSIS_GCC_H
  26:Generated_Source\PSoC6\pdl\cmsis/include/cmsis_gcc.h **** #define __CMSIS_GCC_H
  27:Generated_Source\PSoC6\pdl\cmsis/include/cmsis_gcc.h **** 
  28:Generated_Source\PSoC6\pdl\cmsis/include/cmsis_gcc.h **** /* ignore some GCC warnings */
  29:Generated_Source\PSoC6\pdl\cmsis/include/cmsis_gcc.h **** #pragma GCC diagnostic push
  30:Generated_Source\PSoC6\pdl\cmsis/include/cmsis_gcc.h **** #pragma GCC diagnostic ignored "-Wsign-conversion"
  31:Generated_Source\PSoC6\pdl\cmsis/include/cmsis_gcc.h **** #pragma GCC diagnostic ignored "-Wconversion"
  32:Generated_Source\PSoC6\pdl\cmsis/include/cmsis_gcc.h **** #pragma GCC diagnostic ignored "-Wunused-parameter"
  33:Generated_Source\PSoC6\pdl\cmsis/include/cmsis_gcc.h **** 
  34:Generated_Source\PSoC6\pdl\cmsis/include/cmsis_gcc.h **** /* Fallback for __has_builtin */
  35:Generated_Source\PSoC6\pdl\cmsis/include/cmsis_gcc.h **** #ifndef __has_builtin
  36:Generated_Source\PSoC6\pdl\cmsis/include/cmsis_gcc.h ****   #define __has_builtin(x) (0)
  37:Generated_Source\PSoC6\pdl\cmsis/include/cmsis_gcc.h **** #endif
  38:Generated_Source\PSoC6\pdl\cmsis/include/cmsis_gcc.h **** 
  39:Generated_Source\PSoC6\pdl\cmsis/include/cmsis_gcc.h **** /* CMSIS compiler specific defines */
  40:Generated_Source\PSoC6\pdl\cmsis/include/cmsis_gcc.h **** #ifndef   __ASM
  41:Generated_Source\PSoC6\pdl\cmsis/include/cmsis_gcc.h ****   #define __ASM                                  __asm
  42:Generated_Source\PSoC6\pdl\cmsis/include/cmsis_gcc.h **** #endif
  43:Generated_Source\PSoC6\pdl\cmsis/include/cmsis_gcc.h **** #ifndef   __INLINE
  44:Generated_Source\PSoC6\pdl\cmsis/include/cmsis_gcc.h ****   #define __INLINE                               inline
  45:Generated_Source\PSoC6\pdl\cmsis/include/cmsis_gcc.h **** #endif
  46:Generated_Source\PSoC6\pdl\cmsis/include/cmsis_gcc.h **** #ifndef   __STATIC_INLINE
  47:Generated_Source\PSoC6\pdl\cmsis/include/cmsis_gcc.h ****   #define __STATIC_INLINE                        static inline
  48:Generated_Source\PSoC6\pdl\cmsis/include/cmsis_gcc.h **** #endif
  49:Generated_Source\PSoC6\pdl\cmsis/include/cmsis_gcc.h **** #ifndef   __STATIC_FORCEINLINE                 
  50:Generated_Source\PSoC6\pdl\cmsis/include/cmsis_gcc.h ****   #define __STATIC_FORCEINLINE                   __attribute__((always_inline)) static inline
ARM GAS  C:\Users\Lenovo\AppData\Local\Temp\ccVURuRs.s 			page 3


  51:Generated_Source\PSoC6\pdl\cmsis/include/cmsis_gcc.h **** #endif                                           
  52:Generated_Source\PSoC6\pdl\cmsis/include/cmsis_gcc.h **** #ifndef   __NO_RETURN
  53:Generated_Source\PSoC6\pdl\cmsis/include/cmsis_gcc.h ****   #define __NO_RETURN                            __attribute__((__noreturn__))
  54:Generated_Source\PSoC6\pdl\cmsis/include/cmsis_gcc.h **** #endif
  55:Generated_Source\PSoC6\pdl\cmsis/include/cmsis_gcc.h **** #ifndef   __USED
  56:Generated_Source\PSoC6\pdl\cmsis/include/cmsis_gcc.h ****   #define __USED                                 __attribute__((used))
  57:Generated_Source\PSoC6\pdl\cmsis/include/cmsis_gcc.h **** #endif
  58:Generated_Source\PSoC6\pdl\cmsis/include/cmsis_gcc.h **** #ifndef   __WEAK
  59:Generated_Source\PSoC6\pdl\cmsis/include/cmsis_gcc.h ****   #define __WEAK                                 __attribute__((weak))
  60:Generated_Source\PSoC6\pdl\cmsis/include/cmsis_gcc.h **** #endif
  61:Generated_Source\PSoC6\pdl\cmsis/include/cmsis_gcc.h **** #ifndef   __PACKED
  62:Generated_Source\PSoC6\pdl\cmsis/include/cmsis_gcc.h ****   #define __PACKED                               __attribute__((packed, aligned(1)))
  63:Generated_Source\PSoC6\pdl\cmsis/include/cmsis_gcc.h **** #endif
  64:Generated_Source\PSoC6\pdl\cmsis/include/cmsis_gcc.h **** #ifndef   __PACKED_STRUCT
  65:Generated_Source\PSoC6\pdl\cmsis/include/cmsis_gcc.h ****   #define __PACKED_STRUCT                        struct __attribute__((packed, aligned(1)))
  66:Generated_Source\PSoC6\pdl\cmsis/include/cmsis_gcc.h **** #endif
  67:Generated_Source\PSoC6\pdl\cmsis/include/cmsis_gcc.h **** #ifndef   __PACKED_UNION
  68:Generated_Source\PSoC6\pdl\cmsis/include/cmsis_gcc.h ****   #define __PACKED_UNION                         union __attribute__((packed, aligned(1)))
  69:Generated_Source\PSoC6\pdl\cmsis/include/cmsis_gcc.h **** #endif
  70:Generated_Source\PSoC6\pdl\cmsis/include/cmsis_gcc.h **** #ifndef   __UNALIGNED_UINT32        /* deprecated */
  71:Generated_Source\PSoC6\pdl\cmsis/include/cmsis_gcc.h ****   #pragma GCC diagnostic push
  72:Generated_Source\PSoC6\pdl\cmsis/include/cmsis_gcc.h ****   #pragma GCC diagnostic ignored "-Wpacked"
  73:Generated_Source\PSoC6\pdl\cmsis/include/cmsis_gcc.h ****   #pragma GCC diagnostic ignored "-Wattributes"
  74:Generated_Source\PSoC6\pdl\cmsis/include/cmsis_gcc.h ****   struct __attribute__((packed)) T_UINT32 { uint32_t v; };
  75:Generated_Source\PSoC6\pdl\cmsis/include/cmsis_gcc.h ****   #pragma GCC diagnostic pop
  76:Generated_Source\PSoC6\pdl\cmsis/include/cmsis_gcc.h ****   #define __UNALIGNED_UINT32(x)                  (((struct T_UINT32 *)(x))->v)
  77:Generated_Source\PSoC6\pdl\cmsis/include/cmsis_gcc.h **** #endif
  78:Generated_Source\PSoC6\pdl\cmsis/include/cmsis_gcc.h **** #ifndef   __UNALIGNED_UINT16_WRITE
  79:Generated_Source\PSoC6\pdl\cmsis/include/cmsis_gcc.h ****   #pragma GCC diagnostic push
  80:Generated_Source\PSoC6\pdl\cmsis/include/cmsis_gcc.h ****   #pragma GCC diagnostic ignored "-Wpacked"
  81:Generated_Source\PSoC6\pdl\cmsis/include/cmsis_gcc.h ****   #pragma GCC diagnostic ignored "-Wattributes"
  82:Generated_Source\PSoC6\pdl\cmsis/include/cmsis_gcc.h ****   __PACKED_STRUCT T_UINT16_WRITE { uint16_t v; };
  83:Generated_Source\PSoC6\pdl\cmsis/include/cmsis_gcc.h ****   #pragma GCC diagnostic pop
  84:Generated_Source\PSoC6\pdl\cmsis/include/cmsis_gcc.h ****   #define __UNALIGNED_UINT16_WRITE(addr, val)    (void)((((struct T_UINT16_WRITE *)(void *)(addr))-
  85:Generated_Source\PSoC6\pdl\cmsis/include/cmsis_gcc.h **** #endif
  86:Generated_Source\PSoC6\pdl\cmsis/include/cmsis_gcc.h **** #ifndef   __UNALIGNED_UINT16_READ
  87:Generated_Source\PSoC6\pdl\cmsis/include/cmsis_gcc.h ****   #pragma GCC diagnostic push
  88:Generated_Source\PSoC6\pdl\cmsis/include/cmsis_gcc.h ****   #pragma GCC diagnostic ignored "-Wpacked"
  89:Generated_Source\PSoC6\pdl\cmsis/include/cmsis_gcc.h ****   #pragma GCC diagnostic ignored "-Wattributes"
  90:Generated_Source\PSoC6\pdl\cmsis/include/cmsis_gcc.h ****   __PACKED_STRUCT T_UINT16_READ { uint16_t v; };
  91:Generated_Source\PSoC6\pdl\cmsis/include/cmsis_gcc.h ****   #pragma GCC diagnostic pop
  92:Generated_Source\PSoC6\pdl\cmsis/include/cmsis_gcc.h ****   #define __UNALIGNED_UINT16_READ(addr)          (((const struct T_UINT16_READ *)(const void *)(add
  93:Generated_Source\PSoC6\pdl\cmsis/include/cmsis_gcc.h **** #endif
  94:Generated_Source\PSoC6\pdl\cmsis/include/cmsis_gcc.h **** #ifndef   __UNALIGNED_UINT32_WRITE
  95:Generated_Source\PSoC6\pdl\cmsis/include/cmsis_gcc.h ****   #pragma GCC diagnostic push
  96:Generated_Source\PSoC6\pdl\cmsis/include/cmsis_gcc.h ****   #pragma GCC diagnostic ignored "-Wpacked"
  97:Generated_Source\PSoC6\pdl\cmsis/include/cmsis_gcc.h ****   #pragma GCC diagnostic ignored "-Wattributes"
  98:Generated_Source\PSoC6\pdl\cmsis/include/cmsis_gcc.h ****   __PACKED_STRUCT T_UINT32_WRITE { uint32_t v; };
  99:Generated_Source\PSoC6\pdl\cmsis/include/cmsis_gcc.h ****   #pragma GCC diagnostic pop
 100:Generated_Source\PSoC6\pdl\cmsis/include/cmsis_gcc.h ****   #define __UNALIGNED_UINT32_WRITE(addr, val)    (void)((((struct T_UINT32_WRITE *)(void *)(addr))-
 101:Generated_Source\PSoC6\pdl\cmsis/include/cmsis_gcc.h **** #endif
 102:Generated_Source\PSoC6\pdl\cmsis/include/cmsis_gcc.h **** #ifndef   __UNALIGNED_UINT32_READ
 103:Generated_Source\PSoC6\pdl\cmsis/include/cmsis_gcc.h ****   #pragma GCC diagnostic push
 104:Generated_Source\PSoC6\pdl\cmsis/include/cmsis_gcc.h ****   #pragma GCC diagnostic ignored "-Wpacked"
 105:Generated_Source\PSoC6\pdl\cmsis/include/cmsis_gcc.h ****   #pragma GCC diagnostic ignored "-Wattributes"
 106:Generated_Source\PSoC6\pdl\cmsis/include/cmsis_gcc.h ****   __PACKED_STRUCT T_UINT32_READ { uint32_t v; };
 107:Generated_Source\PSoC6\pdl\cmsis/include/cmsis_gcc.h ****   #pragma GCC diagnostic pop
ARM GAS  C:\Users\Lenovo\AppData\Local\Temp\ccVURuRs.s 			page 4


 108:Generated_Source\PSoC6\pdl\cmsis/include/cmsis_gcc.h ****   #define __UNALIGNED_UINT32_READ(addr)          (((const struct T_UINT32_READ *)(const void *)(add
 109:Generated_Source\PSoC6\pdl\cmsis/include/cmsis_gcc.h **** #endif
 110:Generated_Source\PSoC6\pdl\cmsis/include/cmsis_gcc.h **** #ifndef   __ALIGNED
 111:Generated_Source\PSoC6\pdl\cmsis/include/cmsis_gcc.h ****   #define __ALIGNED(x)                           __attribute__((aligned(x)))
 112:Generated_Source\PSoC6\pdl\cmsis/include/cmsis_gcc.h **** #endif
 113:Generated_Source\PSoC6\pdl\cmsis/include/cmsis_gcc.h **** #ifndef   __RESTRICT
 114:Generated_Source\PSoC6\pdl\cmsis/include/cmsis_gcc.h ****   #define __RESTRICT                             __restrict
 115:Generated_Source\PSoC6\pdl\cmsis/include/cmsis_gcc.h **** #endif
 116:Generated_Source\PSoC6\pdl\cmsis/include/cmsis_gcc.h **** 
 117:Generated_Source\PSoC6\pdl\cmsis/include/cmsis_gcc.h **** 
 118:Generated_Source\PSoC6\pdl\cmsis/include/cmsis_gcc.h **** /* ###########################  Core Function Access  ########################### */
 119:Generated_Source\PSoC6\pdl\cmsis/include/cmsis_gcc.h **** /** \ingroup  CMSIS_Core_FunctionInterface
 120:Generated_Source\PSoC6\pdl\cmsis/include/cmsis_gcc.h ****     \defgroup CMSIS_Core_RegAccFunctions CMSIS Core Register Access Functions
 121:Generated_Source\PSoC6\pdl\cmsis/include/cmsis_gcc.h ****   @{
 122:Generated_Source\PSoC6\pdl\cmsis/include/cmsis_gcc.h ****  */
 123:Generated_Source\PSoC6\pdl\cmsis/include/cmsis_gcc.h **** 
 124:Generated_Source\PSoC6\pdl\cmsis/include/cmsis_gcc.h **** /**
 125:Generated_Source\PSoC6\pdl\cmsis/include/cmsis_gcc.h ****   \brief   Enable IRQ Interrupts
 126:Generated_Source\PSoC6\pdl\cmsis/include/cmsis_gcc.h ****   \details Enables IRQ interrupts by clearing the I-bit in the CPSR.
 127:Generated_Source\PSoC6\pdl\cmsis/include/cmsis_gcc.h ****            Can only be executed in Privileged modes.
 128:Generated_Source\PSoC6\pdl\cmsis/include/cmsis_gcc.h ****  */
 129:Generated_Source\PSoC6\pdl\cmsis/include/cmsis_gcc.h **** __STATIC_FORCEINLINE void __enable_irq(void)
 130:Generated_Source\PSoC6\pdl\cmsis/include/cmsis_gcc.h **** {
 131:Generated_Source\PSoC6\pdl\cmsis/include/cmsis_gcc.h ****   __ASM volatile ("cpsie i" : : : "memory");
  47              		.loc 2 131 0
  48              		.syntax unified
  49              	@ 131 "Generated_Source\PSoC6\pdl\cmsis/include/cmsis_gcc.h" 1
  50 000a 62B6     		cpsie i
  51              	@ 0 "" 2
  52              		.thumb
  53              		.syntax unified
  54              	.L2:
  55              	.LBE6:
  56              	.LBE5:
  57              	.LBB7:
  19:main_cm4.c    **** 
  20:main_cm4.c    ****     __enable_irq(); /* Enable global interrupts. */    
  21:main_cm4.c    ****     
  22:main_cm4.c    ****     for(;;) 
  23:main_cm4.c    ****     {   
  24:main_cm4.c    ****         BleFindMe_Process();
  58              		.loc 1 24 0 discriminator 1
  59 000c FFF7FEFF 		bl	BleFindMe_Process
  60              	.LVL2:
  61 0010 FCE7     		b	.L2
  62              	.LBE7:
  63              		.cfi_endproc
  64              	.LFE561:
  65              		.size	main, .-main
  66 0012 00BF     		.text
  67              	.Letext0:
  68              		.file 3 "d:\\psoc creator\\4.4\\psoc creator\\import\\gnu\\arm\\5.4.1\\arm-none-eabi\\include\\mac
  69              		.file 4 "d:\\psoc creator\\4.4\\psoc creator\\import\\gnu\\arm\\5.4.1\\arm-none-eabi\\include\\sys
  70              		.file 5 "Generated_Source\\PSoC6\\pdl\\drivers/peripheral/device/cy_device.h"
  71              		.file 6 "Generated_Source\\PSoC6\\pdl\\drivers/peripheral/scb/cy_scb_spi.h"
  72              		.file 7 "Generated_Source\\PSoC6\\pdl\\drivers/peripheral/tcpwm/cy_tcpwm_counter.h"
  73              		.file 8 "Generated_Source\\PSoC6\\pdl\\middleware/ble/cy_ble_stack_host_main.h"
ARM GAS  C:\Users\Lenovo\AppData\Local\Temp\ccVURuRs.s 			page 5


  74              		.file 9 "Generated_Source\\PSoC6\\pdl\\middleware/ble/cy_ble_gap.h"
  75              		.file 10 "Generated_Source\\PSoC6\\pdl\\cmsis/include/core_cm4.h"
  76              		.file 11 "Generated_Source\\PSoC6/CY_EINK_SPIM.h"
  77              		.file 12 "Generated_Source\\PSoC6/CY_EINK_Timer.h"
  78              		.section	.debug_info,"",%progbits
  79              	.Ldebug_info0:
  80 0000 B3080000 		.4byte	0x8b3
  81 0004 0400     		.2byte	0x4
  82 0006 00000000 		.4byte	.Ldebug_abbrev0
  83 000a 04       		.byte	0x4
  84 000b 01       		.uleb128 0x1
  85 000c 63060000 		.4byte	.LASF173
  86 0010 0C       		.byte	0xc
  87 0011 890B0000 		.4byte	.LASF174
  88 0015 D1020000 		.4byte	.LASF175
  89 0019 00000000 		.4byte	.Ldebug_ranges0+0
  90 001d 00000000 		.4byte	0
  91 0021 00000000 		.4byte	.Ldebug_line0
  92 0025 02       		.uleb128 0x2
  93 0026 02       		.byte	0x2
  94 0027 05       		.byte	0x5
  95 0028 28050000 		.4byte	.LASF0
  96 002c 02       		.uleb128 0x2
  97 002d 01       		.byte	0x1
  98 002e 06       		.byte	0x6
  99 002f 5E0B0000 		.4byte	.LASF1
 100 0033 03       		.uleb128 0x3
 101 0034 B0000000 		.4byte	.LASF3
 102 0038 03       		.byte	0x3
 103 0039 1D       		.byte	0x1d
 104 003a 3E000000 		.4byte	0x3e
 105 003e 02       		.uleb128 0x2
 106 003f 01       		.byte	0x1
 107 0040 08       		.byte	0x8
 108 0041 D6070000 		.4byte	.LASF2
 109 0045 03       		.uleb128 0x3
 110 0046 9A030000 		.4byte	.LASF4
 111 004a 03       		.byte	0x3
 112 004b 29       		.byte	0x29
 113 004c 25000000 		.4byte	0x25
 114 0050 03       		.uleb128 0x3
 115 0051 48090000 		.4byte	.LASF5
 116 0055 03       		.byte	0x3
 117 0056 2B       		.byte	0x2b
 118 0057 5B000000 		.4byte	0x5b
 119 005b 02       		.uleb128 0x2
 120 005c 02       		.byte	0x2
 121 005d 07       		.byte	0x7
 122 005e 4D030000 		.4byte	.LASF6
 123 0062 03       		.uleb128 0x3
 124 0063 7F090000 		.4byte	.LASF7
 125 0067 03       		.byte	0x3
 126 0068 3F       		.byte	0x3f
 127 0069 6D000000 		.4byte	0x6d
 128 006d 02       		.uleb128 0x2
 129 006e 04       		.byte	0x4
 130 006f 05       		.byte	0x5
ARM GAS  C:\Users\Lenovo\AppData\Local\Temp\ccVURuRs.s 			page 6


 131 0070 8A020000 		.4byte	.LASF8
 132 0074 03       		.uleb128 0x3
 133 0075 7F030000 		.4byte	.LASF9
 134 0079 03       		.byte	0x3
 135 007a 41       		.byte	0x41
 136 007b 7F000000 		.4byte	0x7f
 137 007f 02       		.uleb128 0x2
 138 0080 04       		.byte	0x4
 139 0081 07       		.byte	0x7
 140 0082 5D040000 		.4byte	.LASF10
 141 0086 02       		.uleb128 0x2
 142 0087 08       		.byte	0x8
 143 0088 05       		.byte	0x5
 144 0089 C3030000 		.4byte	.LASF11
 145 008d 02       		.uleb128 0x2
 146 008e 08       		.byte	0x8
 147 008f 07       		.byte	0x7
 148 0090 29010000 		.4byte	.LASF12
 149 0094 04       		.uleb128 0x4
 150 0095 04       		.byte	0x4
 151 0096 05       		.byte	0x5
 152 0097 696E7400 		.ascii	"int\000"
 153 009b 02       		.uleb128 0x2
 154 009c 04       		.byte	0x4
 155 009d 07       		.byte	0x7
 156 009e 19040000 		.4byte	.LASF13
 157 00a2 03       		.uleb128 0x3
 158 00a3 D10A0000 		.4byte	.LASF14
 159 00a7 04       		.byte	0x4
 160 00a8 18       		.byte	0x18
 161 00a9 33000000 		.4byte	0x33
 162 00ad 03       		.uleb128 0x3
 163 00ae A1010000 		.4byte	.LASF15
 164 00b2 04       		.byte	0x4
 165 00b3 20       		.byte	0x20
 166 00b4 45000000 		.4byte	0x45
 167 00b8 03       		.uleb128 0x3
 168 00b9 FA020000 		.4byte	.LASF16
 169 00bd 04       		.byte	0x4
 170 00be 24       		.byte	0x24
 171 00bf 50000000 		.4byte	0x50
 172 00c3 03       		.uleb128 0x3
 173 00c4 CE070000 		.4byte	.LASF17
 174 00c8 04       		.byte	0x4
 175 00c9 2C       		.byte	0x2c
 176 00ca 62000000 		.4byte	0x62
 177 00ce 03       		.uleb128 0x3
 178 00cf 3E0A0000 		.4byte	.LASF18
 179 00d3 04       		.byte	0x4
 180 00d4 30       		.byte	0x30
 181 00d5 74000000 		.4byte	0x74
 182 00d9 02       		.uleb128 0x2
 183 00da 04       		.byte	0x4
 184 00db 07       		.byte	0x7
 185 00dc 9A050000 		.4byte	.LASF19
 186 00e0 05       		.uleb128 0x5
 187 00e1 CE000000 		.4byte	0xce
ARM GAS  C:\Users\Lenovo\AppData\Local\Temp\ccVURuRs.s 			page 7


 188 00e5 02       		.uleb128 0x2
 189 00e6 08       		.byte	0x8
 190 00e7 04       		.byte	0x4
 191 00e8 AE050000 		.4byte	.LASF20
 192 00ec 06       		.uleb128 0x6
 193 00ed B8       		.byte	0xb8
 194 00ee 05       		.byte	0x5
 195 00ef 34       		.byte	0x34
 196 00f0 FD040000 		.4byte	0x4fd
 197 00f4 07       		.uleb128 0x7
 198 00f5 FF000000 		.4byte	.LASF21
 199 00f9 05       		.byte	0x5
 200 00fa 37       		.byte	0x37
 201 00fb CE000000 		.4byte	0xce
 202 00ff 00       		.byte	0
 203 0100 07       		.uleb128 0x7
 204 0101 74030000 		.4byte	.LASF22
 205 0105 05       		.byte	0x5
 206 0106 38       		.byte	0x38
 207 0107 CE000000 		.4byte	0xce
 208 010b 04       		.byte	0x4
 209 010c 07       		.uleb128 0x7
 210 010d B7020000 		.4byte	.LASF23
 211 0111 05       		.byte	0x5
 212 0112 39       		.byte	0x39
 213 0113 CE000000 		.4byte	0xce
 214 0117 08       		.byte	0x8
 215 0118 07       		.uleb128 0x7
 216 0119 8D070000 		.4byte	.LASF24
 217 011d 05       		.byte	0x5
 218 011e 3A       		.byte	0x3a
 219 011f CE000000 		.4byte	0xce
 220 0123 0C       		.byte	0xc
 221 0124 07       		.uleb128 0x7
 222 0125 32050000 		.4byte	.LASF25
 223 0129 05       		.byte	0x5
 224 012a 3B       		.byte	0x3b
 225 012b CE000000 		.4byte	0xce
 226 012f 10       		.byte	0x10
 227 0130 07       		.uleb128 0x7
 228 0131 80020000 		.4byte	.LASF26
 229 0135 05       		.byte	0x5
 230 0136 3C       		.byte	0x3c
 231 0137 CE000000 		.4byte	0xce
 232 013b 14       		.byte	0x14
 233 013c 07       		.uleb128 0x7
 234 013d 42040000 		.4byte	.LASF27
 235 0141 05       		.byte	0x5
 236 0142 3D       		.byte	0x3d
 237 0143 CE000000 		.4byte	0xce
 238 0147 18       		.byte	0x18
 239 0148 07       		.uleb128 0x7
 240 0149 8B000000 		.4byte	.LASF28
 241 014d 05       		.byte	0x5
 242 014e 3E       		.byte	0x3e
 243 014f CE000000 		.4byte	0xce
 244 0153 1C       		.byte	0x1c
ARM GAS  C:\Users\Lenovo\AppData\Local\Temp\ccVURuRs.s 			page 8


 245 0154 07       		.uleb128 0x7
 246 0155 6A0B0000 		.4byte	.LASF29
 247 0159 05       		.byte	0x5
 248 015a 3F       		.byte	0x3f
 249 015b CE000000 		.4byte	0xce
 250 015f 20       		.byte	0x20
 251 0160 07       		.uleb128 0x7
 252 0161 67050000 		.4byte	.LASF30
 253 0165 05       		.byte	0x5
 254 0166 40       		.byte	0x40
 255 0167 CE000000 		.4byte	0xce
 256 016b 24       		.byte	0x24
 257 016c 07       		.uleb128 0x7
 258 016d C50B0000 		.4byte	.LASF31
 259 0171 05       		.byte	0x5
 260 0172 43       		.byte	0x43
 261 0173 A2000000 		.4byte	0xa2
 262 0177 28       		.byte	0x28
 263 0178 07       		.uleb128 0x7
 264 0179 6E000000 		.4byte	.LASF32
 265 017d 05       		.byte	0x5
 266 017e 44       		.byte	0x44
 267 017f A2000000 		.4byte	0xa2
 268 0183 29       		.byte	0x29
 269 0184 07       		.uleb128 0x7
 270 0185 E4070000 		.4byte	.LASF33
 271 0189 05       		.byte	0x5
 272 018a 45       		.byte	0x45
 273 018b A2000000 		.4byte	0xa2
 274 018f 2A       		.byte	0x2a
 275 0190 07       		.uleb128 0x7
 276 0191 3B060000 		.4byte	.LASF34
 277 0195 05       		.byte	0x5
 278 0196 46       		.byte	0x46
 279 0197 A2000000 		.4byte	0xa2
 280 019b 2B       		.byte	0x2b
 281 019c 07       		.uleb128 0x7
 282 019d F3040000 		.4byte	.LASF35
 283 01a1 05       		.byte	0x5
 284 01a2 47       		.byte	0x47
 285 01a3 A2000000 		.4byte	0xa2
 286 01a7 2C       		.byte	0x2c
 287 01a8 07       		.uleb128 0x7
 288 01a9 99090000 		.4byte	.LASF36
 289 01ad 05       		.byte	0x5
 290 01ae 48       		.byte	0x48
 291 01af A2000000 		.4byte	0xa2
 292 01b3 2D       		.byte	0x2d
 293 01b4 07       		.uleb128 0x7
 294 01b5 22020000 		.4byte	.LASF37
 295 01b9 05       		.byte	0x5
 296 01ba 49       		.byte	0x49
 297 01bb A2000000 		.4byte	0xa2
 298 01bf 2E       		.byte	0x2e
 299 01c0 07       		.uleb128 0x7
 300 01c1 72050000 		.4byte	.LASF38
 301 01c5 05       		.byte	0x5
ARM GAS  C:\Users\Lenovo\AppData\Local\Temp\ccVURuRs.s 			page 9


 302 01c6 4A       		.byte	0x4a
 303 01c7 A2000000 		.4byte	0xa2
 304 01cb 2F       		.byte	0x2f
 305 01cc 07       		.uleb128 0x7
 306 01cd FC050000 		.4byte	.LASF39
 307 01d1 05       		.byte	0x5
 308 01d2 4B       		.byte	0x4b
 309 01d3 A2000000 		.4byte	0xa2
 310 01d7 30       		.byte	0x30
 311 01d8 07       		.uleb128 0x7
 312 01d9 6F040000 		.4byte	.LASF40
 313 01dd 05       		.byte	0x5
 314 01de 4E       		.byte	0x4e
 315 01df A2000000 		.4byte	0xa2
 316 01e3 31       		.byte	0x31
 317 01e4 07       		.uleb128 0x7
 318 01e5 A2000000 		.4byte	.LASF41
 319 01e9 05       		.byte	0x5
 320 01ea 4F       		.byte	0x4f
 321 01eb A2000000 		.4byte	0xa2
 322 01ef 32       		.byte	0x32
 323 01f0 07       		.uleb128 0x7
 324 01f1 7A040000 		.4byte	.LASF42
 325 01f5 05       		.byte	0x5
 326 01f6 50       		.byte	0x50
 327 01f7 A2000000 		.4byte	0xa2
 328 01fb 33       		.byte	0x33
 329 01fc 07       		.uleb128 0x7
 330 01fd BA000000 		.4byte	.LASF43
 331 0201 05       		.byte	0x5
 332 0202 51       		.byte	0x51
 333 0203 A2000000 		.4byte	0xa2
 334 0207 34       		.byte	0x34
 335 0208 07       		.uleb128 0x7
 336 0209 0E0A0000 		.4byte	.LASF44
 337 020d 05       		.byte	0x5
 338 020e 52       		.byte	0x52
 339 020f AD000000 		.4byte	0xad
 340 0213 36       		.byte	0x36
 341 0214 07       		.uleb128 0x7
 342 0215 A9080000 		.4byte	.LASF45
 343 0219 05       		.byte	0x5
 344 021a 53       		.byte	0x53
 345 021b AD000000 		.4byte	0xad
 346 021f 38       		.byte	0x38
 347 0220 07       		.uleb128 0x7
 348 0221 930A0000 		.4byte	.LASF46
 349 0225 05       		.byte	0x5
 350 0226 54       		.byte	0x54
 351 0227 AD000000 		.4byte	0xad
 352 022b 3A       		.byte	0x3a
 353 022c 07       		.uleb128 0x7
 354 022d 4F0B0000 		.4byte	.LASF47
 355 0231 05       		.byte	0x5
 356 0232 55       		.byte	0x55
 357 0233 A2000000 		.4byte	0xa2
 358 0237 3C       		.byte	0x3c
ARM GAS  C:\Users\Lenovo\AppData\Local\Temp\ccVURuRs.s 			page 10


 359 0238 07       		.uleb128 0x7
 360 0239 1F030000 		.4byte	.LASF48
 361 023d 05       		.byte	0x5
 362 023e 56       		.byte	0x56
 363 023f A2000000 		.4byte	0xa2
 364 0243 3D       		.byte	0x3d
 365 0244 07       		.uleb128 0x7
 366 0245 70080000 		.4byte	.LASF49
 367 0249 05       		.byte	0x5
 368 024a 57       		.byte	0x57
 369 024b A2000000 		.4byte	0xa2
 370 024f 3E       		.byte	0x3e
 371 0250 07       		.uleb128 0x7
 372 0251 10010000 		.4byte	.LASF50
 373 0255 05       		.byte	0x5
 374 0256 58       		.byte	0x58
 375 0257 A2000000 		.4byte	0xa2
 376 025b 3F       		.byte	0x3f
 377 025c 07       		.uleb128 0x7
 378 025d 49060000 		.4byte	.LASF51
 379 0261 05       		.byte	0x5
 380 0262 59       		.byte	0x59
 381 0263 A2000000 		.4byte	0xa2
 382 0267 40       		.byte	0x40
 383 0268 07       		.uleb128 0x7
 384 0269 8A030000 		.4byte	.LASF52
 385 026d 05       		.byte	0x5
 386 026e 5A       		.byte	0x5a
 387 026f A2000000 		.4byte	0xa2
 388 0273 41       		.byte	0x41
 389 0274 07       		.uleb128 0x7
 390 0275 F0050000 		.4byte	.LASF53
 391 0279 05       		.byte	0x5
 392 027a 5B       		.byte	0x5b
 393 027b A2000000 		.4byte	0xa2
 394 027f 42       		.byte	0x42
 395 0280 07       		.uleb128 0x7
 396 0281 19060000 		.4byte	.LASF54
 397 0285 05       		.byte	0x5
 398 0286 5C       		.byte	0x5c
 399 0287 A2000000 		.4byte	0xa2
 400 028b 43       		.byte	0x43
 401 028c 07       		.uleb128 0x7
 402 028d C0020000 		.4byte	.LASF55
 403 0291 05       		.byte	0x5
 404 0292 5D       		.byte	0x5d
 405 0293 A2000000 		.4byte	0xa2
 406 0297 44       		.byte	0x44
 407 0298 07       		.uleb128 0x7
 408 0299 00000000 		.4byte	.LASF56
 409 029d 05       		.byte	0x5
 410 029e 5E       		.byte	0x5e
 411 029f CE000000 		.4byte	0xce
 412 02a3 48       		.byte	0x48
 413 02a4 07       		.uleb128 0x7
 414 02a5 93020000 		.4byte	.LASF57
 415 02a9 05       		.byte	0x5
ARM GAS  C:\Users\Lenovo\AppData\Local\Temp\ccVURuRs.s 			page 11


 416 02aa 5F       		.byte	0x5f
 417 02ab CE000000 		.4byte	0xce
 418 02af 4C       		.byte	0x4c
 419 02b0 07       		.uleb128 0x7
 420 02b1 D20B0000 		.4byte	.LASF58
 421 02b5 05       		.byte	0x5
 422 02b6 60       		.byte	0x60
 423 02b7 A2000000 		.4byte	0xa2
 424 02bb 50       		.byte	0x50
 425 02bc 07       		.uleb128 0x7
 426 02bd 7B010000 		.4byte	.LASF59
 427 02c1 05       		.byte	0x5
 428 02c2 61       		.byte	0x61
 429 02c3 A2000000 		.4byte	0xa2
 430 02c7 51       		.byte	0x51
 431 02c8 07       		.uleb128 0x7
 432 02c9 A80A0000 		.4byte	.LASF60
 433 02cd 05       		.byte	0x5
 434 02ce 62       		.byte	0x62
 435 02cf A2000000 		.4byte	0xa2
 436 02d3 52       		.byte	0x52
 437 02d4 07       		.uleb128 0x7
 438 02d5 770B0000 		.4byte	.LASF61
 439 02d9 05       		.byte	0x5
 440 02da 63       		.byte	0x63
 441 02db A2000000 		.4byte	0xa2
 442 02df 53       		.byte	0x53
 443 02e0 07       		.uleb128 0x7
 444 02e1 7D070000 		.4byte	.LASF62
 445 02e5 05       		.byte	0x5
 446 02e6 64       		.byte	0x64
 447 02e7 A2000000 		.4byte	0xa2
 448 02eb 54       		.byte	0x54
 449 02ec 07       		.uleb128 0x7
 450 02ed 8D010000 		.4byte	.LASF63
 451 02f1 05       		.byte	0x5
 452 02f2 65       		.byte	0x65
 453 02f3 A2000000 		.4byte	0xa2
 454 02f7 55       		.byte	0x55
 455 02f8 07       		.uleb128 0x7
 456 02f9 34090000 		.4byte	.LASF64
 457 02fd 05       		.byte	0x5
 458 02fe 66       		.byte	0x66
 459 02ff A2000000 		.4byte	0xa2
 460 0303 56       		.byte	0x56
 461 0304 07       		.uleb128 0x7
 462 0305 86040000 		.4byte	.LASF65
 463 0309 05       		.byte	0x5
 464 030a 67       		.byte	0x67
 465 030b A2000000 		.4byte	0xa2
 466 030f 57       		.byte	0x57
 467 0310 07       		.uleb128 0x7
 468 0311 24000000 		.4byte	.LASF66
 469 0315 05       		.byte	0x5
 470 0316 68       		.byte	0x68
 471 0317 A2000000 		.4byte	0xa2
 472 031b 58       		.byte	0x58
ARM GAS  C:\Users\Lenovo\AppData\Local\Temp\ccVURuRs.s 			page 12


 473 031c 07       		.uleb128 0x7
 474 031d EE070000 		.4byte	.LASF67
 475 0321 05       		.byte	0x5
 476 0322 69       		.byte	0x69
 477 0323 A2000000 		.4byte	0xa2
 478 0327 59       		.byte	0x59
 479 0328 07       		.uleb128 0x7
 480 0329 A3050000 		.4byte	.LASF68
 481 032d 05       		.byte	0x5
 482 032e 6E       		.byte	0x6e
 483 032f B8000000 		.4byte	0xb8
 484 0333 5A       		.byte	0x5a
 485 0334 07       		.uleb128 0x7
 486 0335 ED090000 		.4byte	.LASF69
 487 0339 05       		.byte	0x5
 488 033a 6F       		.byte	0x6f
 489 033b B8000000 		.4byte	0xb8
 490 033f 5C       		.byte	0x5c
 491 0340 07       		.uleb128 0x7
 492 0341 7C000000 		.4byte	.LASF70
 493 0345 05       		.byte	0x5
 494 0346 70       		.byte	0x70
 495 0347 A2000000 		.4byte	0xa2
 496 034b 5E       		.byte	0x5e
 497 034c 07       		.uleb128 0x7
 498 034d 67070000 		.4byte	.LASF71
 499 0351 05       		.byte	0x5
 500 0352 71       		.byte	0x71
 501 0353 A2000000 		.4byte	0xa2
 502 0357 5F       		.byte	0x5f
 503 0358 07       		.uleb128 0x7
 504 0359 08060000 		.4byte	.LASF72
 505 035d 05       		.byte	0x5
 506 035e 72       		.byte	0x72
 507 035f A2000000 		.4byte	0xa2
 508 0363 60       		.byte	0x60
 509 0364 07       		.uleb128 0x7
 510 0365 40070000 		.4byte	.LASF73
 511 0369 05       		.byte	0x5
 512 036a 73       		.byte	0x73
 513 036b CE000000 		.4byte	0xce
 514 036f 64       		.byte	0x64
 515 0370 07       		.uleb128 0x7
 516 0371 4F010000 		.4byte	.LASF74
 517 0375 05       		.byte	0x5
 518 0376 76       		.byte	0x76
 519 0377 B8000000 		.4byte	0xb8
 520 037b 68       		.byte	0x68
 521 037c 07       		.uleb128 0x7
 522 037d 4B040000 		.4byte	.LASF75
 523 0381 05       		.byte	0x5
 524 0382 77       		.byte	0x77
 525 0383 B8000000 		.4byte	0xb8
 526 0387 6A       		.byte	0x6a
 527 0388 07       		.uleb128 0x7
 528 0389 9A040000 		.4byte	.LASF76
 529 038d 05       		.byte	0x5
ARM GAS  C:\Users\Lenovo\AppData\Local\Temp\ccVURuRs.s 			page 13


 530 038e 78       		.byte	0x78
 531 038f B8000000 		.4byte	0xb8
 532 0393 6C       		.byte	0x6c
 533 0394 07       		.uleb128 0x7
 534 0395 B4080000 		.4byte	.LASF77
 535 0399 05       		.byte	0x5
 536 039a 79       		.byte	0x79
 537 039b B8000000 		.4byte	0xb8
 538 039f 6E       		.byte	0x6e
 539 03a0 07       		.uleb128 0x7
 540 03a1 4B080000 		.4byte	.LASF78
 541 03a5 05       		.byte	0x5
 542 03a6 7B       		.byte	0x7b
 543 03a7 A2000000 		.4byte	0xa2
 544 03ab 70       		.byte	0x70
 545 03ac 07       		.uleb128 0x7
 546 03ad F7010000 		.4byte	.LASF79
 547 03b1 05       		.byte	0x5
 548 03b2 7C       		.byte	0x7c
 549 03b3 A2000000 		.4byte	0xa2
 550 03b7 71       		.byte	0x71
 551 03b8 07       		.uleb128 0x7
 552 03b9 AD030000 		.4byte	.LASF80
 553 03bd 05       		.byte	0x5
 554 03be 7D       		.byte	0x7d
 555 03bf A2000000 		.4byte	0xa2
 556 03c3 72       		.byte	0x72
 557 03c4 07       		.uleb128 0x7
 558 03c5 D9050000 		.4byte	.LASF81
 559 03c9 05       		.byte	0x5
 560 03ca 7E       		.byte	0x7e
 561 03cb A2000000 		.4byte	0xa2
 562 03cf 73       		.byte	0x73
 563 03d0 07       		.uleb128 0x7
 564 03d1 3B030000 		.4byte	.LASF82
 565 03d5 05       		.byte	0x5
 566 03d6 80       		.byte	0x80
 567 03d7 B8000000 		.4byte	0xb8
 568 03db 74       		.byte	0x74
 569 03dc 07       		.uleb128 0x7
 570 03dd 6C090000 		.4byte	.LASF83
 571 03e1 05       		.byte	0x5
 572 03e2 81       		.byte	0x81
 573 03e3 B8000000 		.4byte	0xb8
 574 03e7 76       		.byte	0x76
 575 03e8 07       		.uleb128 0x7
 576 03e9 0A030000 		.4byte	.LASF84
 577 03ed 05       		.byte	0x5
 578 03ee 82       		.byte	0x82
 579 03ef B8000000 		.4byte	0xb8
 580 03f3 78       		.byte	0x78
 581 03f4 07       		.uleb128 0x7
 582 03f5 0F080000 		.4byte	.LASF85
 583 03f9 05       		.byte	0x5
 584 03fa 83       		.byte	0x83
 585 03fb B8000000 		.4byte	0xb8
 586 03ff 7A       		.byte	0x7a
ARM GAS  C:\Users\Lenovo\AppData\Local\Temp\ccVURuRs.s 			page 14


 587 0400 07       		.uleb128 0x7
 588 0401 0B0B0000 		.4byte	.LASF86
 589 0405 05       		.byte	0x5
 590 0406 86       		.byte	0x86
 591 0407 A2000000 		.4byte	0xa2
 592 040b 7C       		.byte	0x7c
 593 040c 07       		.uleb128 0x7
 594 040d E2040000 		.4byte	.LASF87
 595 0411 05       		.byte	0x5
 596 0412 87       		.byte	0x87
 597 0413 A2000000 		.4byte	0xa2
 598 0417 7D       		.byte	0x7d
 599 0418 07       		.uleb128 0x7
 600 0419 38000000 		.4byte	.LASF88
 601 041d 05       		.byte	0x5
 602 041e 88       		.byte	0x88
 603 041f A2000000 		.4byte	0xa2
 604 0423 7E       		.byte	0x7e
 605 0424 07       		.uleb128 0x7
 606 0425 60030000 		.4byte	.LASF89
 607 0429 05       		.byte	0x5
 608 042a 89       		.byte	0x89
 609 042b A2000000 		.4byte	0xa2
 610 042f 7F       		.byte	0x7f
 611 0430 07       		.uleb128 0x7
 612 0431 F0030000 		.4byte	.LASF90
 613 0435 05       		.byte	0x5
 614 0436 8A       		.byte	0x8a
 615 0437 A2000000 		.4byte	0xa2
 616 043b 80       		.byte	0x80
 617 043c 07       		.uleb128 0x7
 618 043d 4A050000 		.4byte	.LASF91
 619 0441 05       		.byte	0x5
 620 0442 8D       		.byte	0x8d
 621 0443 CE000000 		.4byte	0xce
 622 0447 84       		.byte	0x84
 623 0448 07       		.uleb128 0x7
 624 0449 CB000000 		.4byte	.LASF92
 625 044d 05       		.byte	0x5
 626 044e 8E       		.byte	0x8e
 627 044f CE000000 		.4byte	0xce
 628 0453 88       		.byte	0x88
 629 0454 07       		.uleb128 0x7
 630 0455 1B0A0000 		.4byte	.LASF93
 631 0459 05       		.byte	0x5
 632 045a 8F       		.byte	0x8f
 633 045b CE000000 		.4byte	0xce
 634 045f 8C       		.byte	0x8c
 635 0460 07       		.uleb128 0x7
 636 0461 04040000 		.4byte	.LASF94
 637 0465 05       		.byte	0x5
 638 0466 90       		.byte	0x90
 639 0467 CE000000 		.4byte	0xce
 640 046b 90       		.byte	0x90
 641 046c 07       		.uleb128 0x7
 642 046d D1030000 		.4byte	.LASF95
 643 0471 05       		.byte	0x5
ARM GAS  C:\Users\Lenovo\AppData\Local\Temp\ccVURuRs.s 			page 15


 644 0472 91       		.byte	0x91
 645 0473 CE000000 		.4byte	0xce
 646 0477 94       		.byte	0x94
 647 0478 07       		.uleb128 0x7
 648 0479 0C020000 		.4byte	.LASF96
 649 047d 05       		.byte	0x5
 650 047e 92       		.byte	0x92
 651 047f CE000000 		.4byte	0xce
 652 0483 98       		.byte	0x98
 653 0484 07       		.uleb128 0x7
 654 0485 300B0000 		.4byte	.LASF97
 655 0489 05       		.byte	0x5
 656 048a 93       		.byte	0x93
 657 048b CE000000 		.4byte	0xce
 658 048f 9C       		.byte	0x9c
 659 0490 07       		.uleb128 0x7
 660 0491 5F010000 		.4byte	.LASF98
 661 0495 05       		.byte	0x5
 662 0496 94       		.byte	0x94
 663 0497 CE000000 		.4byte	0xce
 664 049b A0       		.byte	0xa0
 665 049c 07       		.uleb128 0x7
 666 049d 2D020000 		.4byte	.LASF99
 667 04a1 05       		.byte	0x5
 668 04a2 95       		.byte	0x95
 669 04a3 B8000000 		.4byte	0xb8
 670 04a7 A4       		.byte	0xa4
 671 04a8 07       		.uleb128 0x7
 672 04a9 C1080000 		.4byte	.LASF100
 673 04ad 05       		.byte	0x5
 674 04ae 96       		.byte	0x96
 675 04af B8000000 		.4byte	0xb8
 676 04b3 A6       		.byte	0xa6
 677 04b4 07       		.uleb128 0x7
 678 04b5 5B070000 		.4byte	.LASF101
 679 04b9 05       		.byte	0x5
 680 04ba 97       		.byte	0x97
 681 04bb B8000000 		.4byte	0xb8
 682 04bf A8       		.byte	0xa8
 683 04c0 07       		.uleb128 0x7
 684 04c1 36080000 		.4byte	.LASF102
 685 04c5 05       		.byte	0x5
 686 04c6 98       		.byte	0x98
 687 04c7 B8000000 		.4byte	0xb8
 688 04cb AA       		.byte	0xaa
 689 04cc 07       		.uleb128 0x7
 690 04cd A9040000 		.4byte	.LASF103
 691 04d1 05       		.byte	0x5
 692 04d2 99       		.byte	0x99
 693 04d3 B8000000 		.4byte	0xb8
 694 04d7 AC       		.byte	0xac
 695 04d8 07       		.uleb128 0x7
 696 04d9 94000000 		.4byte	.LASF104
 697 04dd 05       		.byte	0x5
 698 04de 9A       		.byte	0x9a
 699 04df B8000000 		.4byte	0xb8
 700 04e3 AE       		.byte	0xae
ARM GAS  C:\Users\Lenovo\AppData\Local\Temp\ccVURuRs.s 			page 16


 701 04e4 07       		.uleb128 0x7
 702 04e5 000A0000 		.4byte	.LASF105
 703 04e9 05       		.byte	0x5
 704 04ea 9D       		.byte	0x9d
 705 04eb B8000000 		.4byte	0xb8
 706 04ef B0       		.byte	0xb0
 707 04f0 07       		.uleb128 0x7
 708 04f1 4B000000 		.4byte	.LASF106
 709 04f5 05       		.byte	0x5
 710 04f6 9E       		.byte	0x9e
 711 04f7 CE000000 		.4byte	0xce
 712 04fb B4       		.byte	0xb4
 713 04fc 00       		.byte	0
 714 04fd 03       		.uleb128 0x3
 715 04fe FF040000 		.4byte	.LASF107
 716 0502 05       		.byte	0x5
 717 0503 9F       		.byte	0x9f
 718 0504 EC000000 		.4byte	0xec
 719 0508 02       		.uleb128 0x2
 720 0509 01       		.byte	0x1
 721 050a 08       		.byte	0x8
 722 050b 05090000 		.4byte	.LASF108
 723 050f 02       		.uleb128 0x2
 724 0510 04       		.byte	0x4
 725 0511 04       		.byte	0x4
 726 0512 3A070000 		.4byte	.LASF109
 727 0516 02       		.uleb128 0x2
 728 0517 08       		.byte	0x8
 729 0518 04       		.byte	0x4
 730 0519 03030000 		.4byte	.LASF110
 731 051d 08       		.uleb128 0x8
 732 051e 04       		.byte	0x4
 733 051f 02       		.uleb128 0x2
 734 0520 01       		.byte	0x1
 735 0521 02       		.byte	0x2
 736 0522 470A0000 		.4byte	.LASF111
 737 0526 09       		.uleb128 0x9
 738 0527 04       		.byte	0x4
 739 0528 2C050000 		.4byte	0x52c
 740 052c 0A       		.uleb128 0xa
 741 052d 37050000 		.4byte	0x537
 742 0531 0B       		.uleb128 0xb
 743 0532 CE000000 		.4byte	0xce
 744 0536 00       		.byte	0
 745 0537 0C       		.uleb128 0xc
 746 0538 62020000 		.4byte	.LASF112
 747 053c 06       		.byte	0x6
 748 053d F201     		.2byte	0x1f2
 749 053f 26050000 		.4byte	0x526
 750 0543 0D       		.uleb128 0xd
 751 0544 E0010000 		.4byte	.LASF123
 752 0548 24       		.byte	0x24
 753 0549 06       		.byte	0x6
 754 054a 7402     		.2byte	0x274
 755 054c C6050000 		.4byte	0x5c6
 756 0550 0E       		.uleb128 0xe
 757 0551 44080000 		.4byte	.LASF113
ARM GAS  C:\Users\Lenovo\AppData\Local\Temp\ccVURuRs.s 			page 17


 758 0555 06       		.byte	0x6
 759 0556 7702     		.2byte	0x277
 760 0558 E0000000 		.4byte	0xe0
 761 055c 00       		.byte	0
 762 055d 0E       		.uleb128 0xe
 763 055e 380A0000 		.4byte	.LASF114
 764 0562 06       		.byte	0x6
 765 0563 7902     		.2byte	0x279
 766 0565 1D050000 		.4byte	0x51d
 767 0569 04       		.byte	0x4
 768 056a 0E       		.uleb128 0xe
 769 056b 1A000000 		.4byte	.LASF115
 770 056f 06       		.byte	0x6
 771 0570 7A02     		.2byte	0x27a
 772 0572 CE000000 		.4byte	0xce
 773 0576 08       		.byte	0x8
 774 0577 0E       		.uleb128 0xe
 775 0578 A4030000 		.4byte	.LASF116
 776 057c 06       		.byte	0x6
 777 057d 7B02     		.2byte	0x27b
 778 057f E0000000 		.4byte	0xe0
 779 0583 0C       		.byte	0xc
 780 0584 0E       		.uleb128 0xe
 781 0585 75010000 		.4byte	.LASF117
 782 0589 06       		.byte	0x6
 783 058a 7D02     		.2byte	0x27d
 784 058c 1D050000 		.4byte	0x51d
 785 0590 10       		.byte	0x10
 786 0591 0E       		.uleb128 0xe
 787 0592 E6030000 		.4byte	.LASF118
 788 0596 06       		.byte	0x6
 789 0597 7E02     		.2byte	0x27e
 790 0599 CE000000 		.4byte	0xce
 791 059d 14       		.byte	0x14
 792 059e 0E       		.uleb128 0xe
 793 059f E30B0000 		.4byte	.LASF119
 794 05a3 06       		.byte	0x6
 795 05a4 7F02     		.2byte	0x27f
 796 05a6 E0000000 		.4byte	0xe0
 797 05aa 18       		.byte	0x18
 798 05ab 0E       		.uleb128 0xe
 799 05ac C8040000 		.4byte	.LASF120
 800 05b0 06       		.byte	0x6
 801 05b1 8502     		.2byte	0x285
 802 05b3 37050000 		.4byte	0x537
 803 05b7 1C       		.byte	0x1c
 804 05b8 0E       		.uleb128 0xe
 805 05b9 300A0000 		.4byte	.LASF121
 806 05bd 06       		.byte	0x6
 807 05be 8802     		.2byte	0x288
 808 05c0 CE000000 		.4byte	0xce
 809 05c4 20       		.byte	0x20
 810 05c5 00       		.byte	0
 811 05c6 0C       		.uleb128 0xc
 812 05c7 0F050000 		.4byte	.LASF122
 813 05cb 06       		.byte	0x6
 814 05cc 8B02     		.2byte	0x28b
ARM GAS  C:\Users\Lenovo\AppData\Local\Temp\ccVURuRs.s 			page 18


 815 05ce 43050000 		.4byte	0x543
 816 05d2 0F       		.uleb128 0xf
 817 05d3 7E050000 		.4byte	.LASF124
 818 05d7 4C       		.byte	0x4c
 819 05d8 07       		.byte	0x7
 820 05d9 2F       		.byte	0x2f
 821 05da C3060000 		.4byte	0x6c3
 822 05de 07       		.uleb128 0x7
 823 05df 09010000 		.4byte	.LASF125
 824 05e3 07       		.byte	0x7
 825 05e4 31       		.byte	0x31
 826 05e5 CE000000 		.4byte	0xce
 827 05e9 00       		.byte	0
 828 05ea 07       		.uleb128 0x7
 829 05eb 40010000 		.4byte	.LASF126
 830 05ef 07       		.byte	0x7
 831 05f0 33       		.byte	0x33
 832 05f1 CE000000 		.4byte	0xce
 833 05f5 04       		.byte	0x4
 834 05f6 07       		.uleb128 0x7
 835 05f7 12000000 		.4byte	.LASF127
 836 05fb 07       		.byte	0x7
 837 05fc 34       		.byte	0x34
 838 05fd CE000000 		.4byte	0xce
 839 0601 08       		.byte	0x8
 840 0602 07       		.uleb128 0x7
 841 0603 E2000000 		.4byte	.LASF128
 842 0607 07       		.byte	0x7
 843 0608 35       		.byte	0x35
 844 0609 CE000000 		.4byte	0xce
 845 060d 0C       		.byte	0xc
 846 060e 07       		.uleb128 0x7
 847 060f 5F080000 		.4byte	.LASF129
 848 0613 07       		.byte	0x7
 849 0614 37       		.byte	0x37
 850 0615 CE000000 		.4byte	0xce
 851 0619 10       		.byte	0x10
 852 061a 07       		.uleb128 0x7
 853 061b E8080000 		.4byte	.LASF130
 854 061f 07       		.byte	0x7
 855 0620 38       		.byte	0x38
 856 0621 CE000000 		.4byte	0xce
 857 0625 14       		.byte	0x14
 858 0626 07       		.uleb128 0x7
 859 0627 F1080000 		.4byte	.LASF131
 860 062b 07       		.byte	0x7
 861 062c 39       		.byte	0x39
 862 062d CE000000 		.4byte	0xce
 863 0631 18       		.byte	0x18
 864 0632 07       		.uleb128 0x7
 865 0633 24080000 		.4byte	.LASF132
 866 0637 07       		.byte	0x7
 867 0638 3A       		.byte	0x3a
 868 0639 1F050000 		.4byte	0x51f
 869 063d 1C       		.byte	0x1c
 870 063e 07       		.uleb128 0x7
 871 063f A6090000 		.4byte	.LASF133
ARM GAS  C:\Users\Lenovo\AppData\Local\Temp\ccVURuRs.s 			page 19


 872 0643 07       		.byte	0x7
 873 0644 3C       		.byte	0x3c
 874 0645 CE000000 		.4byte	0xce
 875 0649 20       		.byte	0x20
 876 064a 07       		.uleb128 0x7
 877 064b 2A030000 		.4byte	.LASF134
 878 064f 07       		.byte	0x7
 879 0650 3D       		.byte	0x3d
 880 0651 CE000000 		.4byte	0xce
 881 0655 24       		.byte	0x24
 882 0656 07       		.uleb128 0x7
 883 0657 1C010000 		.4byte	.LASF135
 884 065b 07       		.byte	0x7
 885 065c 3F       		.byte	0x3f
 886 065d CE000000 		.4byte	0xce
 887 0661 28       		.byte	0x28
 888 0662 07       		.uleb128 0x7
 889 0663 200B0000 		.4byte	.LASF136
 890 0667 07       		.byte	0x7
 891 0668 40       		.byte	0x40
 892 0669 CE000000 		.4byte	0xce
 893 066d 2C       		.byte	0x2c
 894 066e 07       		.uleb128 0x7
 895 066f B7090000 		.4byte	.LASF137
 896 0673 07       		.byte	0x7
 897 0674 42       		.byte	0x42
 898 0675 CE000000 		.4byte	0xce
 899 0679 30       		.byte	0x30
 900 067a 07       		.uleb128 0x7
 901 067b BF070000 		.4byte	.LASF138
 902 067f 07       		.byte	0x7
 903 0680 43       		.byte	0x43
 904 0681 CE000000 		.4byte	0xce
 905 0685 34       		.byte	0x34
 906 0686 07       		.uleb128 0x7
 907 0687 EC0B0000 		.4byte	.LASF139
 908 068b 07       		.byte	0x7
 909 068c 45       		.byte	0x45
 910 068d CE000000 		.4byte	0xce
 911 0691 38       		.byte	0x38
 912 0692 07       		.uleb128 0x7
 913 0693 F1000000 		.4byte	.LASF140
 914 0697 07       		.byte	0x7
 915 0698 46       		.byte	0x46
 916 0699 CE000000 		.4byte	0xce
 917 069d 3C       		.byte	0x3c
 918 069e 07       		.uleb128 0x7
 919 069f F6090000 		.4byte	.LASF141
 920 06a3 07       		.byte	0x7
 921 06a4 48       		.byte	0x48
 922 06a5 CE000000 		.4byte	0xce
 923 06a9 40       		.byte	0x40
 924 06aa 07       		.uleb128 0x7
 925 06ab 3B050000 		.4byte	.LASF142
 926 06af 07       		.byte	0x7
 927 06b0 49       		.byte	0x49
 928 06b1 CE000000 		.4byte	0xce
ARM GAS  C:\Users\Lenovo\AppData\Local\Temp\ccVURuRs.s 			page 20


 929 06b5 44       		.byte	0x44
 930 06b6 07       		.uleb128 0x7
 931 06b7 FA080000 		.4byte	.LASF143
 932 06bb 07       		.byte	0x7
 933 06bc 4B       		.byte	0x4b
 934 06bd CE000000 		.4byte	0xce
 935 06c1 48       		.byte	0x48
 936 06c2 00       		.byte	0
 937 06c3 03       		.uleb128 0x3
 938 06c4 C2010000 		.4byte	.LASF144
 939 06c8 07       		.byte	0x7
 940 06c9 4C       		.byte	0x4c
 941 06ca D2050000 		.4byte	0x5d2
 942 06ce 10       		.uleb128 0x10
 943 06cf 02       		.byte	0x2
 944 06d0 08       		.byte	0x8
 945 06d1 6401     		.2byte	0x164
 946 06d3 F2060000 		.4byte	0x6f2
 947 06d7 0E       		.uleb128 0xe
 948 06d8 460B0000 		.4byte	.LASF145
 949 06dc 08       		.byte	0x8
 950 06dd 6E01     		.2byte	0x16e
 951 06df A2000000 		.4byte	0xa2
 952 06e3 00       		.byte	0
 953 06e4 0E       		.uleb128 0xe
 954 06e5 61050000 		.4byte	.LASF146
 955 06e9 08       		.byte	0x8
 956 06ea 7201     		.2byte	0x172
 957 06ec A2000000 		.4byte	0xa2
 958 06f0 01       		.byte	0x1
 959 06f1 00       		.byte	0
 960 06f2 0C       		.uleb128 0xc
 961 06f3 A9010000 		.4byte	.LASF147
 962 06f7 08       		.byte	0x8
 963 06f8 7401     		.2byte	0x174
 964 06fa CE060000 		.4byte	0x6ce
 965 06fe 11       		.uleb128 0x11
 966 06ff 01       		.byte	0x1
 967 0700 3E000000 		.4byte	0x3e
 968 0704 09       		.byte	0x9
 969 0705 7E       		.byte	0x7e
 970 0706 23070000 		.4byte	0x723
 971 070a 12       		.uleb128 0x12
 972 070b B80A0000 		.4byte	.LASF148
 973 070f 00       		.byte	0
 974 0710 12       		.uleb128 0x12
 975 0711 BA050000 		.4byte	.LASF149
 976 0715 01       		.byte	0x1
 977 0716 12       		.uleb128 0x12
 978 0717 EE0A0000 		.4byte	.LASF150
 979 071b 02       		.byte	0x2
 980 071c 12       		.uleb128 0x12
 981 071d 42020000 		.4byte	.LASF151
 982 0721 03       		.byte	0x3
 983 0722 00       		.byte	0
 984 0723 03       		.uleb128 0x3
 985 0724 A1020000 		.4byte	.LASF152
ARM GAS  C:\Users\Lenovo\AppData\Local\Temp\ccVURuRs.s 			page 21


 986 0728 09       		.byte	0x9
 987 0729 83       		.byte	0x83
 988 072a FE060000 		.4byte	0x6fe
 989 072e 11       		.uleb128 0x11
 990 072f 01       		.byte	0x1
 991 0730 3E000000 		.4byte	0x3e
 992 0734 09       		.byte	0x9
 993 0735 87       		.byte	0x87
 994 0736 6B070000 		.4byte	0x76b
 995 073a 12       		.uleb128 0x12
 996 073b 4D0A0000 		.4byte	.LASF153
 997 073f 00       		.byte	0
 998 0740 12       		.uleb128 0x12
 999 0741 940B0000 		.4byte	.LASF154
 1000 0745 01       		.byte	0x1
 1001 0746 12       		.uleb128 0x12
 1002 0747 26040000 		.4byte	.LASF155
 1003 074b 02       		.byte	0x2
 1004 074c 12       		.uleb128 0x12
 1005 074d C3090000 		.4byte	.LASF156
 1006 0751 03       		.byte	0x3
 1007 0752 12       		.uleb128 0x12
 1008 0753 0A090000 		.4byte	.LASF157
 1009 0757 04       		.byte	0x4
 1010 0758 12       		.uleb128 0x12
 1011 0759 95070000 		.4byte	.LASF158
 1012 075d 05       		.byte	0x5
 1013 075e 12       		.uleb128 0x12
 1014 075f 7E080000 		.4byte	.LASF159
 1015 0763 06       		.byte	0x6
 1016 0764 12       		.uleb128 0x12
 1017 0765 16070000 		.4byte	.LASF160
 1018 0769 07       		.byte	0x7
 1019 076a 00       		.byte	0
 1020 076b 03       		.uleb128 0x3
 1021 076c 24060000 		.4byte	.LASF161
 1022 0770 09       		.byte	0x9
 1023 0771 90       		.byte	0x90
 1024 0772 2E070000 		.4byte	0x72e
 1025 0776 13       		.uleb128 0x13
 1026 0777 56060000 		.4byte	.LASF176
 1027 077b 02       		.byte	0x2
 1028 077c 81       		.byte	0x81
 1029 077d 03       		.byte	0x3
 1030 077e 14       		.uleb128 0x14
 1031 077f 720B0000 		.4byte	.LASF177
 1032 0783 01       		.byte	0x1
 1033 0784 0E       		.byte	0xe
 1034 0785 94000000 		.4byte	0x94
 1035 0789 00000000 		.4byte	.LFB561
 1036 078d 12000000 		.4byte	.LFE561-.LFB561
 1037 0791 01       		.uleb128 0x1
 1038 0792 9C       		.byte	0x9c
 1039 0793 03080000 		.4byte	0x803
 1040 0797 15       		.uleb128 0x15
 1041 0798 D1040000 		.4byte	.LASF162
 1042 079c 01       		.byte	0x1
ARM GAS  C:\Users\Lenovo\AppData\Local\Temp\ccVURuRs.s 			page 22


 1043 079d 11       		.byte	0x11
 1044 079e 94000000 		.4byte	0x94
 1045 07a2 A8070000 		.4byte	0x7a8
 1046 07a6 16       		.uleb128 0x16
 1047 07a7 00       		.byte	0
 1048 07a8 15       		.uleb128 0x15
 1049 07a9 5F000000 		.4byte	.LASF163
 1050 07ad 01       		.byte	0x1
 1051 07ae 12       		.byte	0x12
 1052 07af 94000000 		.4byte	0x94
 1053 07b3 B9070000 		.4byte	0x7b9
 1054 07b7 16       		.uleb128 0x16
 1055 07b8 00       		.byte	0
 1056 07b9 17       		.uleb128 0x17
 1057 07ba 76070000 		.4byte	0x776
 1058 07be 0A000000 		.4byte	.LBB5
 1059 07c2 02000000 		.4byte	.LBE5-.LBB5
 1060 07c6 01       		.byte	0x1
 1061 07c7 14       		.byte	0x14
 1062 07c8 18       		.uleb128 0x18
 1063 07c9 0C000000 		.4byte	.LBB7
 1064 07cd 06000000 		.4byte	.LBE7-.LBB7
 1065 07d1 F0070000 		.4byte	0x7f0
 1066 07d5 15       		.uleb128 0x15
 1067 07d6 D6080000 		.4byte	.LASF164
 1068 07da 01       		.byte	0x1
 1069 07db 18       		.byte	0x18
 1070 07dc 94000000 		.4byte	0x94
 1071 07e0 E6070000 		.4byte	0x7e6
 1072 07e4 16       		.uleb128 0x16
 1073 07e5 00       		.byte	0
 1074 07e6 19       		.uleb128 0x19
 1075 07e7 10000000 		.4byte	.LVL2
 1076 07eb 95080000 		.4byte	0x895
 1077 07ef 00       		.byte	0
 1078 07f0 19       		.uleb128 0x19
 1079 07f1 06000000 		.4byte	.LVL0
 1080 07f5 A0080000 		.4byte	0x8a0
 1081 07f9 19       		.uleb128 0x19
 1082 07fa 0A000000 		.4byte	.LVL1
 1083 07fe AB080000 		.4byte	0x8ab
 1084 0802 00       		.byte	0
 1085 0803 1A       		.uleb128 0x1a
 1086 0804 02080000 		.4byte	.LASF165
 1087 0808 0A       		.byte	0xa
 1088 0809 F907     		.2byte	0x7f9
 1089 080b 0F080000 		.4byte	0x80f
 1090 080f 05       		.uleb128 0x5
 1091 0810 C3000000 		.4byte	0xc3
 1092 0814 1B       		.uleb128 0x1b
 1093 0815 51070000 		.4byte	.LASF166
 1094 0819 05       		.byte	0x5
 1095 081a A7       		.byte	0xa7
 1096 081b 1F080000 		.4byte	0x81f
 1097 081f 09       		.uleb128 0x9
 1098 0820 04       		.byte	0x4
 1099 0821 25080000 		.4byte	0x825
ARM GAS  C:\Users\Lenovo\AppData\Local\Temp\ccVURuRs.s 			page 23


 1100 0825 1C       		.uleb128 0x1c
 1101 0826 FD040000 		.4byte	0x4fd
 1102 082a 1A       		.uleb128 0x1a
 1103 082b 89090000 		.4byte	.LASF167
 1104 082f 09       		.byte	0x9
 1105 0830 2202     		.2byte	0x222
 1106 0832 23070000 		.4byte	0x723
 1107 0836 1D       		.uleb128 0x1d
 1108 0837 F2060000 		.4byte	0x6f2
 1109 083b 46080000 		.4byte	0x846
 1110 083f 1E       		.uleb128 0x1e
 1111 0840 D9000000 		.4byte	0xd9
 1112 0844 00       		.byte	0
 1113 0845 00       		.byte	0
 1114 0846 1A       		.uleb128 0x1a
 1115 0847 6C0A0000 		.4byte	.LASF168
 1116 084b 09       		.byte	0x9
 1117 084c 2C02     		.2byte	0x22c
 1118 084e 36080000 		.4byte	0x836
 1119 0852 1D       		.uleb128 0x1d
 1120 0853 6B070000 		.4byte	0x76b
 1121 0857 62080000 		.4byte	0x862
 1122 085b 1E       		.uleb128 0x1e
 1123 085c D9000000 		.4byte	0xd9
 1124 0860 00       		.byte	0
 1125 0861 00       		.byte	0
 1126 0862 1A       		.uleb128 0x1a
 1127 0863 B7040000 		.4byte	.LASF169
 1128 0867 09       		.byte	0x9
 1129 0868 2D02     		.2byte	0x22d
 1130 086a 52080000 		.4byte	0x852
 1131 086e 1A       		.uleb128 0x1a
 1132 086f 53090000 		.4byte	.LASF170
 1133 0873 09       		.byte	0x9
 1134 0874 5202     		.2byte	0x252
 1135 0876 A2000000 		.4byte	0xa2
 1136 087a 1B       		.uleb128 0x1b
 1137 087b 7E0A0000 		.4byte	.LASF171
 1138 087f 0B       		.byte	0xb
 1139 0880 5E       		.byte	0x5e
 1140 0881 C6050000 		.4byte	0x5c6
 1141 0885 1B       		.uleb128 0x1b
 1142 0886 D90A0000 		.4byte	.LASF172
 1143 088a 0C       		.byte	0xc
 1144 088b 1F       		.byte	0x1f
 1145 088c 90080000 		.4byte	0x890
 1146 0890 1C       		.uleb128 0x1c
 1147 0891 C3060000 		.4byte	0x6c3
 1148 0895 1F       		.uleb128 0x1f
 1149 0896 D6080000 		.4byte	.LASF164
 1150 089a D6080000 		.4byte	.LASF164
 1151 089e 01       		.byte	0x1
 1152 089f 18       		.byte	0x18
 1153 08a0 1F       		.uleb128 0x1f
 1154 08a1 D1040000 		.4byte	.LASF162
 1155 08a5 D1040000 		.4byte	.LASF162
 1156 08a9 01       		.byte	0x1
ARM GAS  C:\Users\Lenovo\AppData\Local\Temp\ccVURuRs.s 			page 24


 1157 08aa 11       		.byte	0x11
 1158 08ab 1F       		.uleb128 0x1f
 1159 08ac 5F000000 		.4byte	.LASF163
 1160 08b0 5F000000 		.4byte	.LASF163
 1161 08b4 01       		.byte	0x1
 1162 08b5 12       		.byte	0x12
 1163 08b6 00       		.byte	0
 1164              		.section	.debug_abbrev,"",%progbits
 1165              	.Ldebug_abbrev0:
 1166 0000 01       		.uleb128 0x1
 1167 0001 11       		.uleb128 0x11
 1168 0002 01       		.byte	0x1
 1169 0003 25       		.uleb128 0x25
 1170 0004 0E       		.uleb128 0xe
 1171 0005 13       		.uleb128 0x13
 1172 0006 0B       		.uleb128 0xb
 1173 0007 03       		.uleb128 0x3
 1174 0008 0E       		.uleb128 0xe
 1175 0009 1B       		.uleb128 0x1b
 1176 000a 0E       		.uleb128 0xe
 1177 000b 55       		.uleb128 0x55
 1178 000c 17       		.uleb128 0x17
 1179 000d 11       		.uleb128 0x11
 1180 000e 01       		.uleb128 0x1
 1181 000f 10       		.uleb128 0x10
 1182 0010 17       		.uleb128 0x17
 1183 0011 00       		.byte	0
 1184 0012 00       		.byte	0
 1185 0013 02       		.uleb128 0x2
 1186 0014 24       		.uleb128 0x24
 1187 0015 00       		.byte	0
 1188 0016 0B       		.uleb128 0xb
 1189 0017 0B       		.uleb128 0xb
 1190 0018 3E       		.uleb128 0x3e
 1191 0019 0B       		.uleb128 0xb
 1192 001a 03       		.uleb128 0x3
 1193 001b 0E       		.uleb128 0xe
 1194 001c 00       		.byte	0
 1195 001d 00       		.byte	0
 1196 001e 03       		.uleb128 0x3
 1197 001f 16       		.uleb128 0x16
 1198 0020 00       		.byte	0
 1199 0021 03       		.uleb128 0x3
 1200 0022 0E       		.uleb128 0xe
 1201 0023 3A       		.uleb128 0x3a
 1202 0024 0B       		.uleb128 0xb
 1203 0025 3B       		.uleb128 0x3b
 1204 0026 0B       		.uleb128 0xb
 1205 0027 49       		.uleb128 0x49
 1206 0028 13       		.uleb128 0x13
 1207 0029 00       		.byte	0
 1208 002a 00       		.byte	0
 1209 002b 04       		.uleb128 0x4
 1210 002c 24       		.uleb128 0x24
 1211 002d 00       		.byte	0
 1212 002e 0B       		.uleb128 0xb
 1213 002f 0B       		.uleb128 0xb
ARM GAS  C:\Users\Lenovo\AppData\Local\Temp\ccVURuRs.s 			page 25


 1214 0030 3E       		.uleb128 0x3e
 1215 0031 0B       		.uleb128 0xb
 1216 0032 03       		.uleb128 0x3
 1217 0033 08       		.uleb128 0x8
 1218 0034 00       		.byte	0
 1219 0035 00       		.byte	0
 1220 0036 05       		.uleb128 0x5
 1221 0037 35       		.uleb128 0x35
 1222 0038 00       		.byte	0
 1223 0039 49       		.uleb128 0x49
 1224 003a 13       		.uleb128 0x13
 1225 003b 00       		.byte	0
 1226 003c 00       		.byte	0
 1227 003d 06       		.uleb128 0x6
 1228 003e 13       		.uleb128 0x13
 1229 003f 01       		.byte	0x1
 1230 0040 0B       		.uleb128 0xb
 1231 0041 0B       		.uleb128 0xb
 1232 0042 3A       		.uleb128 0x3a
 1233 0043 0B       		.uleb128 0xb
 1234 0044 3B       		.uleb128 0x3b
 1235 0045 0B       		.uleb128 0xb
 1236 0046 01       		.uleb128 0x1
 1237 0047 13       		.uleb128 0x13
 1238 0048 00       		.byte	0
 1239 0049 00       		.byte	0
 1240 004a 07       		.uleb128 0x7
 1241 004b 0D       		.uleb128 0xd
 1242 004c 00       		.byte	0
 1243 004d 03       		.uleb128 0x3
 1244 004e 0E       		.uleb128 0xe
 1245 004f 3A       		.uleb128 0x3a
 1246 0050 0B       		.uleb128 0xb
 1247 0051 3B       		.uleb128 0x3b
 1248 0052 0B       		.uleb128 0xb
 1249 0053 49       		.uleb128 0x49
 1250 0054 13       		.uleb128 0x13
 1251 0055 38       		.uleb128 0x38
 1252 0056 0B       		.uleb128 0xb
 1253 0057 00       		.byte	0
 1254 0058 00       		.byte	0
 1255 0059 08       		.uleb128 0x8
 1256 005a 0F       		.uleb128 0xf
 1257 005b 00       		.byte	0
 1258 005c 0B       		.uleb128 0xb
 1259 005d 0B       		.uleb128 0xb
 1260 005e 00       		.byte	0
 1261 005f 00       		.byte	0
 1262 0060 09       		.uleb128 0x9
 1263 0061 0F       		.uleb128 0xf
 1264 0062 00       		.byte	0
 1265 0063 0B       		.uleb128 0xb
 1266 0064 0B       		.uleb128 0xb
 1267 0065 49       		.uleb128 0x49
 1268 0066 13       		.uleb128 0x13
 1269 0067 00       		.byte	0
 1270 0068 00       		.byte	0
ARM GAS  C:\Users\Lenovo\AppData\Local\Temp\ccVURuRs.s 			page 26


 1271 0069 0A       		.uleb128 0xa
 1272 006a 15       		.uleb128 0x15
 1273 006b 01       		.byte	0x1
 1274 006c 27       		.uleb128 0x27
 1275 006d 19       		.uleb128 0x19
 1276 006e 01       		.uleb128 0x1
 1277 006f 13       		.uleb128 0x13
 1278 0070 00       		.byte	0
 1279 0071 00       		.byte	0
 1280 0072 0B       		.uleb128 0xb
 1281 0073 05       		.uleb128 0x5
 1282 0074 00       		.byte	0
 1283 0075 49       		.uleb128 0x49
 1284 0076 13       		.uleb128 0x13
 1285 0077 00       		.byte	0
 1286 0078 00       		.byte	0
 1287 0079 0C       		.uleb128 0xc
 1288 007a 16       		.uleb128 0x16
 1289 007b 00       		.byte	0
 1290 007c 03       		.uleb128 0x3
 1291 007d 0E       		.uleb128 0xe
 1292 007e 3A       		.uleb128 0x3a
 1293 007f 0B       		.uleb128 0xb
 1294 0080 3B       		.uleb128 0x3b
 1295 0081 05       		.uleb128 0x5
 1296 0082 49       		.uleb128 0x49
 1297 0083 13       		.uleb128 0x13
 1298 0084 00       		.byte	0
 1299 0085 00       		.byte	0
 1300 0086 0D       		.uleb128 0xd
 1301 0087 13       		.uleb128 0x13
 1302 0088 01       		.byte	0x1
 1303 0089 03       		.uleb128 0x3
 1304 008a 0E       		.uleb128 0xe
 1305 008b 0B       		.uleb128 0xb
 1306 008c 0B       		.uleb128 0xb
 1307 008d 3A       		.uleb128 0x3a
 1308 008e 0B       		.uleb128 0xb
 1309 008f 3B       		.uleb128 0x3b
 1310 0090 05       		.uleb128 0x5
 1311 0091 01       		.uleb128 0x1
 1312 0092 13       		.uleb128 0x13
 1313 0093 00       		.byte	0
 1314 0094 00       		.byte	0
 1315 0095 0E       		.uleb128 0xe
 1316 0096 0D       		.uleb128 0xd
 1317 0097 00       		.byte	0
 1318 0098 03       		.uleb128 0x3
 1319 0099 0E       		.uleb128 0xe
 1320 009a 3A       		.uleb128 0x3a
 1321 009b 0B       		.uleb128 0xb
 1322 009c 3B       		.uleb128 0x3b
 1323 009d 05       		.uleb128 0x5
 1324 009e 49       		.uleb128 0x49
 1325 009f 13       		.uleb128 0x13
 1326 00a0 38       		.uleb128 0x38
 1327 00a1 0B       		.uleb128 0xb
ARM GAS  C:\Users\Lenovo\AppData\Local\Temp\ccVURuRs.s 			page 27


 1328 00a2 00       		.byte	0
 1329 00a3 00       		.byte	0
 1330 00a4 0F       		.uleb128 0xf
 1331 00a5 13       		.uleb128 0x13
 1332 00a6 01       		.byte	0x1
 1333 00a7 03       		.uleb128 0x3
 1334 00a8 0E       		.uleb128 0xe
 1335 00a9 0B       		.uleb128 0xb
 1336 00aa 0B       		.uleb128 0xb
 1337 00ab 3A       		.uleb128 0x3a
 1338 00ac 0B       		.uleb128 0xb
 1339 00ad 3B       		.uleb128 0x3b
 1340 00ae 0B       		.uleb128 0xb
 1341 00af 01       		.uleb128 0x1
 1342 00b0 13       		.uleb128 0x13
 1343 00b1 00       		.byte	0
 1344 00b2 00       		.byte	0
 1345 00b3 10       		.uleb128 0x10
 1346 00b4 13       		.uleb128 0x13
 1347 00b5 01       		.byte	0x1
 1348 00b6 0B       		.uleb128 0xb
 1349 00b7 0B       		.uleb128 0xb
 1350 00b8 3A       		.uleb128 0x3a
 1351 00b9 0B       		.uleb128 0xb
 1352 00ba 3B       		.uleb128 0x3b
 1353 00bb 05       		.uleb128 0x5
 1354 00bc 01       		.uleb128 0x1
 1355 00bd 13       		.uleb128 0x13
 1356 00be 00       		.byte	0
 1357 00bf 00       		.byte	0
 1358 00c0 11       		.uleb128 0x11
 1359 00c1 04       		.uleb128 0x4
 1360 00c2 01       		.byte	0x1
 1361 00c3 0B       		.uleb128 0xb
 1362 00c4 0B       		.uleb128 0xb
 1363 00c5 49       		.uleb128 0x49
 1364 00c6 13       		.uleb128 0x13
 1365 00c7 3A       		.uleb128 0x3a
 1366 00c8 0B       		.uleb128 0xb
 1367 00c9 3B       		.uleb128 0x3b
 1368 00ca 0B       		.uleb128 0xb
 1369 00cb 01       		.uleb128 0x1
 1370 00cc 13       		.uleb128 0x13
 1371 00cd 00       		.byte	0
 1372 00ce 00       		.byte	0
 1373 00cf 12       		.uleb128 0x12
 1374 00d0 28       		.uleb128 0x28
 1375 00d1 00       		.byte	0
 1376 00d2 03       		.uleb128 0x3
 1377 00d3 0E       		.uleb128 0xe
 1378 00d4 1C       		.uleb128 0x1c
 1379 00d5 0B       		.uleb128 0xb
 1380 00d6 00       		.byte	0
 1381 00d7 00       		.byte	0
 1382 00d8 13       		.uleb128 0x13
 1383 00d9 2E       		.uleb128 0x2e
 1384 00da 00       		.byte	0
ARM GAS  C:\Users\Lenovo\AppData\Local\Temp\ccVURuRs.s 			page 28


 1385 00db 03       		.uleb128 0x3
 1386 00dc 0E       		.uleb128 0xe
 1387 00dd 3A       		.uleb128 0x3a
 1388 00de 0B       		.uleb128 0xb
 1389 00df 3B       		.uleb128 0x3b
 1390 00e0 0B       		.uleb128 0xb
 1391 00e1 27       		.uleb128 0x27
 1392 00e2 19       		.uleb128 0x19
 1393 00e3 20       		.uleb128 0x20
 1394 00e4 0B       		.uleb128 0xb
 1395 00e5 00       		.byte	0
 1396 00e6 00       		.byte	0
 1397 00e7 14       		.uleb128 0x14
 1398 00e8 2E       		.uleb128 0x2e
 1399 00e9 01       		.byte	0x1
 1400 00ea 3F       		.uleb128 0x3f
 1401 00eb 19       		.uleb128 0x19
 1402 00ec 03       		.uleb128 0x3
 1403 00ed 0E       		.uleb128 0xe
 1404 00ee 3A       		.uleb128 0x3a
 1405 00ef 0B       		.uleb128 0xb
 1406 00f0 3B       		.uleb128 0x3b
 1407 00f1 0B       		.uleb128 0xb
 1408 00f2 27       		.uleb128 0x27
 1409 00f3 19       		.uleb128 0x19
 1410 00f4 49       		.uleb128 0x49
 1411 00f5 13       		.uleb128 0x13
 1412 00f6 8701     		.uleb128 0x87
 1413 00f8 19       		.uleb128 0x19
 1414 00f9 11       		.uleb128 0x11
 1415 00fa 01       		.uleb128 0x1
 1416 00fb 12       		.uleb128 0x12
 1417 00fc 06       		.uleb128 0x6
 1418 00fd 40       		.uleb128 0x40
 1419 00fe 18       		.uleb128 0x18
 1420 00ff 9742     		.uleb128 0x2117
 1421 0101 19       		.uleb128 0x19
 1422 0102 01       		.uleb128 0x1
 1423 0103 13       		.uleb128 0x13
 1424 0104 00       		.byte	0
 1425 0105 00       		.byte	0
 1426 0106 15       		.uleb128 0x15
 1427 0107 2E       		.uleb128 0x2e
 1428 0108 01       		.byte	0x1
 1429 0109 3F       		.uleb128 0x3f
 1430 010a 19       		.uleb128 0x19
 1431 010b 03       		.uleb128 0x3
 1432 010c 0E       		.uleb128 0xe
 1433 010d 3A       		.uleb128 0x3a
 1434 010e 0B       		.uleb128 0xb
 1435 010f 3B       		.uleb128 0x3b
 1436 0110 0B       		.uleb128 0xb
 1437 0111 49       		.uleb128 0x49
 1438 0112 13       		.uleb128 0x13
 1439 0113 3C       		.uleb128 0x3c
 1440 0114 19       		.uleb128 0x19
 1441 0115 01       		.uleb128 0x1
ARM GAS  C:\Users\Lenovo\AppData\Local\Temp\ccVURuRs.s 			page 29


 1442 0116 13       		.uleb128 0x13
 1443 0117 00       		.byte	0
 1444 0118 00       		.byte	0
 1445 0119 16       		.uleb128 0x16
 1446 011a 18       		.uleb128 0x18
 1447 011b 00       		.byte	0
 1448 011c 00       		.byte	0
 1449 011d 00       		.byte	0
 1450 011e 17       		.uleb128 0x17
 1451 011f 1D       		.uleb128 0x1d
 1452 0120 00       		.byte	0
 1453 0121 31       		.uleb128 0x31
 1454 0122 13       		.uleb128 0x13
 1455 0123 11       		.uleb128 0x11
 1456 0124 01       		.uleb128 0x1
 1457 0125 12       		.uleb128 0x12
 1458 0126 06       		.uleb128 0x6
 1459 0127 58       		.uleb128 0x58
 1460 0128 0B       		.uleb128 0xb
 1461 0129 59       		.uleb128 0x59
 1462 012a 0B       		.uleb128 0xb
 1463 012b 00       		.byte	0
 1464 012c 00       		.byte	0
 1465 012d 18       		.uleb128 0x18
 1466 012e 0B       		.uleb128 0xb
 1467 012f 01       		.byte	0x1
 1468 0130 11       		.uleb128 0x11
 1469 0131 01       		.uleb128 0x1
 1470 0132 12       		.uleb128 0x12
 1471 0133 06       		.uleb128 0x6
 1472 0134 01       		.uleb128 0x1
 1473 0135 13       		.uleb128 0x13
 1474 0136 00       		.byte	0
 1475 0137 00       		.byte	0
 1476 0138 19       		.uleb128 0x19
 1477 0139 898201   		.uleb128 0x4109
 1478 013c 00       		.byte	0
 1479 013d 11       		.uleb128 0x11
 1480 013e 01       		.uleb128 0x1
 1481 013f 31       		.uleb128 0x31
 1482 0140 13       		.uleb128 0x13
 1483 0141 00       		.byte	0
 1484 0142 00       		.byte	0
 1485 0143 1A       		.uleb128 0x1a
 1486 0144 34       		.uleb128 0x34
 1487 0145 00       		.byte	0
 1488 0146 03       		.uleb128 0x3
 1489 0147 0E       		.uleb128 0xe
 1490 0148 3A       		.uleb128 0x3a
 1491 0149 0B       		.uleb128 0xb
 1492 014a 3B       		.uleb128 0x3b
 1493 014b 05       		.uleb128 0x5
 1494 014c 49       		.uleb128 0x49
 1495 014d 13       		.uleb128 0x13
 1496 014e 3F       		.uleb128 0x3f
 1497 014f 19       		.uleb128 0x19
 1498 0150 3C       		.uleb128 0x3c
ARM GAS  C:\Users\Lenovo\AppData\Local\Temp\ccVURuRs.s 			page 30


 1499 0151 19       		.uleb128 0x19
 1500 0152 00       		.byte	0
 1501 0153 00       		.byte	0
 1502 0154 1B       		.uleb128 0x1b
 1503 0155 34       		.uleb128 0x34
 1504 0156 00       		.byte	0
 1505 0157 03       		.uleb128 0x3
 1506 0158 0E       		.uleb128 0xe
 1507 0159 3A       		.uleb128 0x3a
 1508 015a 0B       		.uleb128 0xb
 1509 015b 3B       		.uleb128 0x3b
 1510 015c 0B       		.uleb128 0xb
 1511 015d 49       		.uleb128 0x49
 1512 015e 13       		.uleb128 0x13
 1513 015f 3F       		.uleb128 0x3f
 1514 0160 19       		.uleb128 0x19
 1515 0161 3C       		.uleb128 0x3c
 1516 0162 19       		.uleb128 0x19
 1517 0163 00       		.byte	0
 1518 0164 00       		.byte	0
 1519 0165 1C       		.uleb128 0x1c
 1520 0166 26       		.uleb128 0x26
 1521 0167 00       		.byte	0
 1522 0168 49       		.uleb128 0x49
 1523 0169 13       		.uleb128 0x13
 1524 016a 00       		.byte	0
 1525 016b 00       		.byte	0
 1526 016c 1D       		.uleb128 0x1d
 1527 016d 01       		.uleb128 0x1
 1528 016e 01       		.byte	0x1
 1529 016f 49       		.uleb128 0x49
 1530 0170 13       		.uleb128 0x13
 1531 0171 01       		.uleb128 0x1
 1532 0172 13       		.uleb128 0x13
 1533 0173 00       		.byte	0
 1534 0174 00       		.byte	0
 1535 0175 1E       		.uleb128 0x1e
 1536 0176 21       		.uleb128 0x21
 1537 0177 00       		.byte	0
 1538 0178 49       		.uleb128 0x49
 1539 0179 13       		.uleb128 0x13
 1540 017a 2F       		.uleb128 0x2f
 1541 017b 0B       		.uleb128 0xb
 1542 017c 00       		.byte	0
 1543 017d 00       		.byte	0
 1544 017e 1F       		.uleb128 0x1f
 1545 017f 2E       		.uleb128 0x2e
 1546 0180 00       		.byte	0
 1547 0181 3F       		.uleb128 0x3f
 1548 0182 19       		.uleb128 0x19
 1549 0183 3C       		.uleb128 0x3c
 1550 0184 19       		.uleb128 0x19
 1551 0185 6E       		.uleb128 0x6e
 1552 0186 0E       		.uleb128 0xe
 1553 0187 03       		.uleb128 0x3
 1554 0188 0E       		.uleb128 0xe
 1555 0189 3A       		.uleb128 0x3a
ARM GAS  C:\Users\Lenovo\AppData\Local\Temp\ccVURuRs.s 			page 31


 1556 018a 0B       		.uleb128 0xb
 1557 018b 3B       		.uleb128 0x3b
 1558 018c 0B       		.uleb128 0xb
 1559 018d 00       		.byte	0
 1560 018e 00       		.byte	0
 1561 018f 00       		.byte	0
 1562              		.section	.debug_aranges,"",%progbits
 1563 0000 1C000000 		.4byte	0x1c
 1564 0004 0200     		.2byte	0x2
 1565 0006 00000000 		.4byte	.Ldebug_info0
 1566 000a 04       		.byte	0x4
 1567 000b 00       		.byte	0
 1568 000c 0000     		.2byte	0
 1569 000e 0000     		.2byte	0
 1570 0010 00000000 		.4byte	.LFB561
 1571 0014 12000000 		.4byte	.LFE561-.LFB561
 1572 0018 00000000 		.4byte	0
 1573 001c 00000000 		.4byte	0
 1574              		.section	.debug_ranges,"",%progbits
 1575              	.Ldebug_ranges0:
 1576 0000 00000000 		.4byte	.LFB561
 1577 0004 12000000 		.4byte	.LFE561
 1578 0008 00000000 		.4byte	0
 1579 000c 00000000 		.4byte	0
 1580              		.section	.debug_line,"",%progbits
 1581              	.Ldebug_line0:
 1582 0000 B5020000 		.section	.debug_str,"MS",%progbits,1
 1582      02008E02 
 1582      00000201 
 1582      FB0E0D00 
 1582      01010101 
 1583              	.LASF56:
 1584 0000 70726F74 		.ascii	"protBusMasterMask\000"
 1584      4275734D 
 1584      61737465 
 1584      724D6173 
 1584      6B00
 1585              	.LASF127:
 1586 0012 72756E4D 		.ascii	"runMode\000"
 1586      6F646500 
 1587              	.LASF115:
 1588 001a 72784275 		.ascii	"rxBufSize\000"
 1588      6653697A 
 1588      6500
 1589              	.LASF66:
 1590 0024 666C6173 		.ascii	"flashCtlMainWs3Freq\000"
 1590      6843746C 
 1590      4D61696E 
 1590      57733346 
 1590      72657100 
 1591              	.LASF88:
 1592 0038 6770696F 		.ascii	"gpioPrtCfgInOffset\000"
 1592      50727443 
 1592      6667496E 
 1592      4F666673 
 1592      657400
 1593              	.LASF106:
ARM GAS  C:\Users\Lenovo\AppData\Local\Temp\ccVURuRs.s 			page 32


 1594 004b 6970634C 		.ascii	"ipcLockStatusOffset\000"
 1594      6F636B53 
 1594      74617475 
 1594      734F6666 
 1594      73657400 
 1595              	.LASF163:
 1596 005f 426C6546 		.ascii	"BleFindMe_Init\000"
 1596      696E644D 
 1596      655F496E 
 1596      697400
 1597              	.LASF32:
 1598 006e 63727970 		.ascii	"cryptoVersion\000"
 1598      746F5665 
 1598      7273696F 
 1598      6E00
 1599              	.LASF70:
 1600 007c 64774368 		.ascii	"dwChCtlPrioPos\000"
 1600      43746C50 
 1600      72696F50 
 1600      6F7300
 1601              	.LASF28:
 1602 008b 70617373 		.ascii	"passBase\000"
 1602      42617365 
 1602      00
 1603              	.LASF104:
 1604 0094 63707573 		.ascii	"cpussRam2Ctl0\000"
 1604      7352616D 
 1604      3243746C 
 1604      3000
 1605              	.LASF41:
 1606 00a2 63707573 		.ascii	"cpussIpcIrqNr\000"
 1606      73497063 
 1606      4972714E 
 1606      7200
 1607              	.LASF3:
 1608 00b0 5F5F7569 		.ascii	"__uint8_t\000"
 1608      6E74385F 
 1608      7400
 1609              	.LASF43:
 1610 00ba 63707573 		.ascii	"cpussFlashPaSize\000"
 1610      73466C61 
 1610      73685061 
 1610      53697A65 
 1610      00
 1611              	.LASF92:
 1612 00cb 63707573 		.ascii	"cpussCm4ClockCtlOffset\000"
 1612      73436D34 
 1612      436C6F63 
 1612      6B43746C 
 1612      4F666673 
 1613              	.LASF128:
 1614 00e2 636F756E 		.ascii	"countDirection\000"
 1614      74446972 
 1614      65637469 
 1614      6F6E00
 1615              	.LASF140:
 1616 00f1 73746F70 		.ascii	"stopInputMode\000"
ARM GAS  C:\Users\Lenovo\AppData\Local\Temp\ccVURuRs.s 			page 33


 1616      496E7075 
 1616      744D6F64 
 1616      6500
 1617              	.LASF21:
 1618 00ff 63707573 		.ascii	"cpussBase\000"
 1618      73426173 
 1618      6500
 1619              	.LASF125:
 1620 0109 70657269 		.ascii	"period\000"
 1620      6F6400
 1621              	.LASF50:
 1622 0110 70657269 		.ascii	"periClockNr\000"
 1622      436C6F63 
 1622      6B4E7200 
 1623              	.LASF135:
 1624 011c 63617074 		.ascii	"captureInput\000"
 1624      75726549 
 1624      6E707574 
 1624      00
 1625              	.LASF12:
 1626 0129 6C6F6E67 		.ascii	"long long unsigned int\000"
 1626      206C6F6E 
 1626      6720756E 
 1626      7369676E 
 1626      65642069 
 1627              	.LASF126:
 1628 0140 636C6F63 		.ascii	"clockPrescaler\000"
 1628      6B507265 
 1628      7363616C 
 1628      657200
 1629              	.LASF74:
 1630 014f 70657269 		.ascii	"periTrCmdOffset\000"
 1630      5472436D 
 1630      644F6666 
 1630      73657400 
 1631              	.LASF98:
 1632 015f 63707573 		.ascii	"cpussSysTickCtlOffset\000"
 1632      73537973 
 1632      5469636B 
 1632      43746C4F 
 1632      66667365 
 1633              	.LASF117:
 1634 0175 74784275 		.ascii	"txBuf\000"
 1634      6600
 1635              	.LASF59:
 1636 017b 666C6173 		.ascii	"flashPipeRequired\000"
 1636      68506970 
 1636      65526571 
 1636      75697265 
 1636      6400
 1637              	.LASF63:
 1638 018d 666C6173 		.ascii	"flashCtlMainWs0Freq\000"
 1638      6843746C 
 1638      4D61696E 
 1638      57733046 
 1638      72657100 
 1639              	.LASF15:
ARM GAS  C:\Users\Lenovo\AppData\Local\Temp\ccVURuRs.s 			page 34


 1640 01a1 696E7431 		.ascii	"int16_t\000"
 1640      365F7400 
 1641              	.LASF147:
 1642 01a9 63795F73 		.ascii	"cy_stc_ble_conn_handle_t\000"
 1642      74635F62 
 1642      6C655F63 
 1642      6F6E6E5F 
 1642      68616E64 
 1643              	.LASF144:
 1644 01c2 63795F73 		.ascii	"cy_stc_tcpwm_counter_config_t\000"
 1644      74635F74 
 1644      6370776D 
 1644      5F636F75 
 1644      6E746572 
 1645              	.LASF123:
 1646 01e0 63795F73 		.ascii	"cy_stc_scb_spi_context\000"
 1646      74635F73 
 1646      63625F73 
 1646      70695F63 
 1646      6F6E7465 
 1647              	.LASF79:
 1648 01f7 70657269 		.ascii	"periDivCmdTypeSelPos\000"
 1648      44697643 
 1648      6D645479 
 1648      70655365 
 1648      6C506F73 
 1649              	.LASF96:
 1650 020c 63707573 		.ascii	"cpussTrimRamCtlOffset\000"
 1650      73547269 
 1650      6D52616D 
 1650      43746C4F 
 1650      66667365 
 1651              	.LASF37:
 1652 0222 69706356 		.ascii	"ipcVersion\000"
 1652      65727369 
 1652      6F6E00
 1653              	.LASF99:
 1654 022d 63707573 		.ascii	"cpussCm0NmiCtlOffset\000"
 1654      73436D30 
 1654      4E6D6943 
 1654      746C4F66 
 1654      66736574 
 1655              	.LASF151:
 1656 0242 43595F42 		.ascii	"CY_BLE_ADV_STATE_STOP_INITIATED\000"
 1656      4C455F41 
 1656      44565F53 
 1656      54415445 
 1656      5F53544F 
 1657              	.LASF112:
 1658 0262 63795F63 		.ascii	"cy_cb_scb_spi_handle_events_t\000"
 1658      625F7363 
 1658      625F7370 
 1658      695F6861 
 1658      6E646C65 
 1659              	.LASF26:
 1660 0280 6873696F 		.ascii	"hsiomBase\000"
 1660      6D426173 
ARM GAS  C:\Users\Lenovo\AppData\Local\Temp\ccVURuRs.s 			page 35


 1660      6500
 1661              	.LASF8:
 1662 028a 6C6F6E67 		.ascii	"long int\000"
 1662      20696E74 
 1662      00
 1663              	.LASF57:
 1664 0293 63727970 		.ascii	"cryptoMemSize\000"
 1664      746F4D65 
 1664      6D53697A 
 1664      6500
 1665              	.LASF152:
 1666 02a1 63795F65 		.ascii	"cy_en_ble_adv_state_t\000"
 1666      6E5F626C 
 1666      655F6164 
 1666      765F7374 
 1666      6174655F 
 1667              	.LASF23:
 1668 02b7 70657269 		.ascii	"periBase\000"
 1668      42617365 
 1668      00
 1669              	.LASF55:
 1670 02c0 73797350 		.ascii	"sysPmSimoPresent\000"
 1670      6D53696D 
 1670      6F507265 
 1670      73656E74 
 1670      00
 1671              	.LASF175:
 1672 02d1 443A5C4D 		.ascii	"D:\\Microprocess2\\Lab12\\Lab12\\Lab12.cydsn\000"
 1672      6963726F 
 1672      70726F63 
 1672      65737332 
 1672      5C4C6162 
 1673              	.LASF16:
 1674 02fa 75696E74 		.ascii	"uint16_t\000"
 1674      31365F74 
 1674      00
 1675              	.LASF110:
 1676 0303 646F7562 		.ascii	"double\000"
 1676      6C6500
 1677              	.LASF84:
 1678 030a 70657269 		.ascii	"periDiv16_5CtlOffset\000"
 1678      44697631 
 1678      365F3543 
 1678      746C4F66 
 1678      66736574 
 1679              	.LASF48:
 1680 031f 73727373 		.ascii	"srssNumPll\000"
 1680      4E756D50 
 1680      6C6C00
 1681              	.LASF134:
 1682 032a 63617074 		.ascii	"captureInputMode\000"
 1682      75726549 
 1682      6E707574 
 1682      4D6F6465 
 1682      00
 1683              	.LASF82:
 1684 033b 70657269 		.ascii	"periDiv8CtlOffset\000"
ARM GAS  C:\Users\Lenovo\AppData\Local\Temp\ccVURuRs.s 			page 36


 1684      44697638 
 1684      43746C4F 
 1684      66667365 
 1684      7400
 1685              	.LASF6:
 1686 034d 73686F72 		.ascii	"short unsigned int\000"
 1686      7420756E 
 1686      7369676E 
 1686      65642069 
 1686      6E7400
 1687              	.LASF89:
 1688 0360 6770696F 		.ascii	"gpioPrtCfgOutOffset\000"
 1688      50727443 
 1688      66674F75 
 1688      744F6666 
 1688      73657400 
 1689              	.LASF22:
 1690 0374 666C6173 		.ascii	"flashcBase\000"
 1690      68634261 
 1690      736500
 1691              	.LASF9:
 1692 037f 5F5F7569 		.ascii	"__uint32_t\000"
 1692      6E743332 
 1692      5F7400
 1693              	.LASF52:
 1694 038a 70617373 		.ascii	"passSarChannels\000"
 1694      53617243 
 1694      68616E6E 
 1694      656C7300 
 1695              	.LASF4:
 1696 039a 5F5F696E 		.ascii	"__int16_t\000"
 1696      7431365F 
 1696      7400
 1697              	.LASF116:
 1698 03a4 72784275 		.ascii	"rxBufIdx\000"
 1698      66496478 
 1698      00
 1699              	.LASF80:
 1700 03ad 70657269 		.ascii	"periDivCmdPaDivSelPos\000"
 1700      44697643 
 1700      6D645061 
 1700      44697653 
 1700      656C506F 
 1701              	.LASF11:
 1702 03c3 6C6F6E67 		.ascii	"long long int\000"
 1702      206C6F6E 
 1702      6720696E 
 1702      7400
 1703              	.LASF95:
 1704 03d1 63707573 		.ascii	"cpussCm4PwrCtlOffset\000"
 1704      73436D34 
 1704      50777243 
 1704      746C4F66 
 1704      66736574 
 1705              	.LASF118:
 1706 03e6 74784275 		.ascii	"txBufSize\000"
 1706      6653697A 
ARM GAS  C:\Users\Lenovo\AppData\Local\Temp\ccVURuRs.s 			page 37


 1706      6500
 1707              	.LASF90:
 1708 03f0 6770696F 		.ascii	"gpioPrtCfgSioOffset\000"
 1708      50727443 
 1708      66675369 
 1708      6F4F6666 
 1708      73657400 
 1709              	.LASF94:
 1710 0404 63707573 		.ascii	"cpussCm0StatusOffset\000"
 1710      73436D30 
 1710      53746174 
 1710      75734F66 
 1710      66736574 
 1711              	.LASF13:
 1712 0419 756E7369 		.ascii	"unsigned int\000"
 1712      676E6564 
 1712      20696E74 
 1712      00
 1713              	.LASF155:
 1714 0426 43595F42 		.ascii	"CY_BLE_CONN_STATE_CONNECTED\000"
 1714      4C455F43 
 1714      4F4E4E5F 
 1714      53544154 
 1714      455F434F 
 1715              	.LASF27:
 1716 0442 6770696F 		.ascii	"gpioBase\000"
 1716      42617365 
 1716      00
 1717              	.LASF75:
 1718 044b 70657269 		.ascii	"periTrCmdGrSelMsk\000"
 1718      5472436D 
 1718      64477253 
 1718      656C4D73 
 1718      6B00
 1719              	.LASF10:
 1720 045d 6C6F6E67 		.ascii	"long unsigned int\000"
 1720      20756E73 
 1720      69676E65 
 1720      6420696E 
 1720      7400
 1721              	.LASF40:
 1722 046f 63707573 		.ascii	"cpussIpcNr\000"
 1722      73497063 
 1722      4E7200
 1723              	.LASF42:
 1724 047a 63707573 		.ascii	"cpussDwChNr\000"
 1724      73447743 
 1724      684E7200 
 1725              	.LASF65:
 1726 0486 666C6173 		.ascii	"flashCtlMainWs2Freq\000"
 1726      6843746C 
 1726      4D61696E 
 1726      57733246 
 1726      72657100 
 1727              	.LASF76:
 1728 049a 70657269 		.ascii	"periTrGrOffset\000"
 1728      54724772 
ARM GAS  C:\Users\Lenovo\AppData\Local\Temp\ccVURuRs.s 			page 38


 1728      4F666673 
 1728      657400
 1729              	.LASF103:
 1730 04a9 63707573 		.ascii	"cpussRam1Ctl0\000"
 1730      7352616D 
 1730      3143746C 
 1730      3000
 1731              	.LASF169:
 1732 04b7 63795F62 		.ascii	"cy_ble_connState\000"
 1732      6C655F63 
 1732      6F6E6E53 
 1732      74617465 
 1732      00
 1733              	.LASF120:
 1734 04c8 63624576 		.ascii	"cbEvents\000"
 1734      656E7473 
 1734      00
 1735              	.LASF162:
 1736 04d1 45696E6B 		.ascii	"EinkDisplay_Init\000"
 1736      44697370 
 1736      6C61795F 
 1736      496E6974 
 1736      00
 1737              	.LASF87:
 1738 04e2 6770696F 		.ascii	"gpioPrtCfgOffset\000"
 1738      50727443 
 1738      66674F66 
 1738      66736574 
 1738      00
 1739              	.LASF35:
 1740 04f3 6770696F 		.ascii	"gpioVersion\000"
 1740      56657273 
 1740      696F6E00 
 1741              	.LASF107:
 1742 04ff 63795F73 		.ascii	"cy_stc_device_t\000"
 1742      74635F64 
 1742      65766963 
 1742      655F7400 
 1743              	.LASF122:
 1744 050f 63795F73 		.ascii	"cy_stc_scb_spi_context_t\000"
 1744      74635F73 
 1744      63625F73 
 1744      70695F63 
 1744      6F6E7465 
 1745              	.LASF0:
 1746 0528 73686F72 		.ascii	"short int\000"
 1746      7420696E 
 1746      7400
 1747              	.LASF25:
 1748 0532 70726F74 		.ascii	"protBase\000"
 1748      42617365 
 1748      00
 1749              	.LASF142:
 1750 053b 636F756E 		.ascii	"countInputMode\000"
 1750      74496E70 
 1750      75744D6F 
 1750      646500
ARM GAS  C:\Users\Lenovo\AppData\Local\Temp\ccVURuRs.s 			page 39


 1751              	.LASF91:
 1752 054a 63707573 		.ascii	"cpussCm0ClockCtlOffset\000"
 1752      73436D30 
 1752      436C6F63 
 1752      6B43746C 
 1752      4F666673 
 1753              	.LASF146:
 1754 0561 61747449 		.ascii	"attId\000"
 1754      6400
 1755              	.LASF30:
 1756 0567 63727970 		.ascii	"cryptoBase\000"
 1756      746F4261 
 1756      736500
 1757              	.LASF38:
 1758 0572 70657269 		.ascii	"periVersion\000"
 1758      56657273 
 1758      696F6E00 
 1759              	.LASF124:
 1760 057e 63795F73 		.ascii	"cy_stc_tcpwm_counter_config\000"
 1760      74635F74 
 1760      6370776D 
 1760      5F636F75 
 1760      6E746572 
 1761              	.LASF19:
 1762 059a 73697A65 		.ascii	"sizetype\000"
 1762      74797065 
 1762      00
 1763              	.LASF68:
 1764 05a3 64774368 		.ascii	"dwChOffset\000"
 1764      4F666673 
 1764      657400
 1765              	.LASF20:
 1766 05ae 6C6F6E67 		.ascii	"long double\000"
 1766      20646F75 
 1766      626C6500 
 1767              	.LASF149:
 1768 05ba 43595F42 		.ascii	"CY_BLE_ADV_STATE_ADV_INITIATED\000"
 1768      4C455F41 
 1768      44565F53 
 1768      54415445 
 1768      5F414456 
 1769              	.LASF81:
 1770 05d9 70657269 		.ascii	"periDivCmdPaTypeSelPos\000"
 1770      44697643 
 1770      6D645061 
 1770      54797065 
 1770      53656C50 
 1771              	.LASF53:
 1772 05f0 65704D6F 		.ascii	"epMonitorNr\000"
 1772      6E69746F 
 1772      724E7200 
 1773              	.LASF39:
 1774 05fc 70726F74 		.ascii	"protVersion\000"
 1774      56657273 
 1774      696F6E00 
 1775              	.LASF72:
 1776 0608 64775374 		.ascii	"dwStatusChIdxPos\000"
ARM GAS  C:\Users\Lenovo\AppData\Local\Temp\ccVURuRs.s 			page 40


 1776      61747573 
 1776      43684964 
 1776      78506F73 
 1776      00
 1777              	.LASF54:
 1778 0619 75646250 		.ascii	"udbPresent\000"
 1778      72657365 
 1778      6E7400
 1779              	.LASF161:
 1780 0624 63795F65 		.ascii	"cy_en_ble_conn_state_t\000"
 1780      6E5F626C 
 1780      655F636F 
 1780      6E6E5F73 
 1780      74617465 
 1781              	.LASF34:
 1782 063b 666C6173 		.ascii	"flashcVersion\000"
 1782      68635665 
 1782      7273696F 
 1782      6E00
 1783              	.LASF51:
 1784 0649 736D6966 		.ascii	"smifDeviceNr\000"
 1784      44657669 
 1784      63654E72 
 1784      00
 1785              	.LASF176:
 1786 0656 5F5F656E 		.ascii	"__enable_irq\000"
 1786      61626C65 
 1786      5F697271 
 1786      00
 1787              	.LASF173:
 1788 0663 474E5520 		.ascii	"GNU C11 5.4.1 20160609 (release) [ARM/embedded-5-br"
 1788      43313120 
 1788      352E342E 
 1788      31203230 
 1788      31363036 
 1789 0696 616E6368 		.ascii	"anch revision 237715] -mcpu=cortex-m4 -mfloat-abi=s"
 1789      20726576 
 1789      6973696F 
 1789      6E203233 
 1789      37373135 
 1790 06c9 6F667466 		.ascii	"oftfp -mfpu=fpv4-sp-d16 -mthumb -g -Og -ffunction-s"
 1790      70202D6D 
 1790      6670753D 
 1790      66707634 
 1790      2D73702D 
 1791 06fc 65637469 		.ascii	"ections -ffat-lto-objects\000"
 1791      6F6E7320 
 1791      2D666661 
 1791      742D6C74 
 1791      6F2D6F62 
 1792              	.LASF160:
 1793 0716 43595F42 		.ascii	"CY_BLE_CONN_STATE_CLIENT_DISCOVERED\000"
 1793      4C455F43 
 1793      4F4E4E5F 
 1793      53544154 
 1793      455F434C 
 1794              	.LASF109:
ARM GAS  C:\Users\Lenovo\AppData\Local\Temp\ccVURuRs.s 			page 41


 1795 073a 666C6F61 		.ascii	"float\000"
 1795      7400
 1796              	.LASF73:
 1797 0740 64775374 		.ascii	"dwStatusChIdxMsk\000"
 1797      61747573 
 1797      43684964 
 1797      784D736B 
 1797      00
 1798              	.LASF166:
 1799 0751 63795F64 		.ascii	"cy_device\000"
 1799      65766963 
 1799      6500
 1800              	.LASF101:
 1801 075b 63707573 		.ascii	"cpussRomCtl\000"
 1801      73526F6D 
 1801      43746C00 
 1802              	.LASF71:
 1803 0767 64774368 		.ascii	"dwChCtlPreemptablePos\000"
 1803      43746C50 
 1803      7265656D 
 1803      70746162 
 1803      6C65506F 
 1804              	.LASF62:
 1805 077d 666C6173 		.ascii	"flashEraseDelay\000"
 1805      68457261 
 1805      73654465 
 1805      6C617900 
 1806              	.LASF24:
 1807 078d 75646242 		.ascii	"udbBase\000"
 1807      61736500 
 1808              	.LASF158:
 1809 0795 43595F42 		.ascii	"CY_BLE_CONN_STATE_CLIENT_CHAR_DISCOVERING\000"
 1809      4C455F43 
 1809      4F4E4E5F 
 1809      53544154 
 1809      455F434C 
 1810              	.LASF138:
 1811 07bf 73746172 		.ascii	"startInputMode\000"
 1811      74496E70 
 1811      75744D6F 
 1811      646500
 1812              	.LASF17:
 1813 07ce 696E7433 		.ascii	"int32_t\000"
 1813      325F7400 
 1814              	.LASF2:
 1815 07d6 756E7369 		.ascii	"unsigned char\000"
 1815      676E6564 
 1815      20636861 
 1815      7200
 1816              	.LASF33:
 1817 07e4 64775665 		.ascii	"dwVersion\000"
 1817      7273696F 
 1817      6E00
 1818              	.LASF67:
 1819 07ee 666C6173 		.ascii	"flashCtlMainWs4Freq\000"
 1819      6843746C 
 1819      4D61696E 
ARM GAS  C:\Users\Lenovo\AppData\Local\Temp\ccVURuRs.s 			page 42


 1819      57733446 
 1819      72657100 
 1820              	.LASF165:
 1821 0802 49544D5F 		.ascii	"ITM_RxBuffer\000"
 1821      52784275 
 1821      66666572 
 1821      00
 1822              	.LASF85:
 1823 080f 70657269 		.ascii	"periDiv24_5CtlOffset\000"
 1823      44697632 
 1823      345F3543 
 1823      746C4F66 
 1823      66736574 
 1824              	.LASF132:
 1825 0824 656E6162 		.ascii	"enableCompareSwap\000"
 1825      6C65436F 
 1825      6D706172 
 1825      65537761 
 1825      7000
 1826              	.LASF102:
 1827 0836 63707573 		.ascii	"cpussRam0Ctl0\000"
 1827      7352616D 
 1827      3043746C 
 1827      3000
 1828              	.LASF113:
 1829 0844 73746174 		.ascii	"status\000"
 1829      757300
 1830              	.LASF78:
 1831 084b 70657269 		.ascii	"periDivCmdDivSelMsk\000"
 1831      44697643 
 1831      6D644469 
 1831      7653656C 
 1831      4D736B00 
 1832              	.LASF129:
 1833 085f 636F6D70 		.ascii	"compareOrCapture\000"
 1833      6172654F 
 1833      72436170 
 1833      74757265 
 1833      00
 1834              	.LASF49:
 1835 0870 73727373 		.ascii	"srssNumHfroot\000"
 1835      4E756D48 
 1835      66726F6F 
 1835      7400
 1836              	.LASF159:
 1837 087e 43595F42 		.ascii	"CY_BLE_CONN_STATE_CLIENT_DESCR_DISCOVERING\000"
 1837      4C455F43 
 1837      4F4E4E5F 
 1837      53544154 
 1837      455F434C 
 1838              	.LASF45:
 1839 08a9 63707573 		.ascii	"cpussFmIrq\000"
 1839      73466D49 
 1839      727100
 1840              	.LASF77:
 1841 08b4 70657269 		.ascii	"periTrGrSize\000"
 1841      54724772 
ARM GAS  C:\Users\Lenovo\AppData\Local\Temp\ccVURuRs.s 			page 43


 1841      53697A65 
 1841      00
 1842              	.LASF100:
 1843 08c1 63707573 		.ascii	"cpussCm4NmiCtlOffset\000"
 1843      73436D34 
 1843      4E6D6943 
 1843      746C4F66 
 1843      66736574 
 1844              	.LASF164:
 1845 08d6 426C6546 		.ascii	"BleFindMe_Process\000"
 1845      696E644D 
 1845      655F5072 
 1845      6F636573 
 1845      7300
 1846              	.LASF130:
 1847 08e8 636F6D70 		.ascii	"compare0\000"
 1847      61726530 
 1847      00
 1848              	.LASF131:
 1849 08f1 636F6D70 		.ascii	"compare1\000"
 1849      61726531 
 1849      00
 1850              	.LASF143:
 1851 08fa 636F756E 		.ascii	"countInput\000"
 1851      74496E70 
 1851      757400
 1852              	.LASF108:
 1853 0905 63686172 		.ascii	"char\000"
 1853      00
 1854              	.LASF157:
 1855 090a 43595F42 		.ascii	"CY_BLE_CONN_STATE_CLIENT_INCL_DISCOVERING\000"
 1855      4C455F43 
 1855      4F4E4E5F 
 1855      53544154 
 1855      455F434C 
 1856              	.LASF64:
 1857 0934 666C6173 		.ascii	"flashCtlMainWs1Freq\000"
 1857      6843746C 
 1857      4D61696E 
 1857      57733146 
 1857      72657100 
 1858              	.LASF5:
 1859 0948 5F5F7569 		.ascii	"__uint16_t\000"
 1859      6E743136 
 1859      5F7400
 1860              	.LASF170:
 1861 0953 63795F62 		.ascii	"cy_ble_pendingFlashWrite\000"
 1861      6C655F70 
 1861      656E6469 
 1861      6E67466C 
 1861      61736857 
 1862              	.LASF83:
 1863 096c 70657269 		.ascii	"periDiv16CtlOffset\000"
 1863      44697631 
 1863      3643746C 
 1863      4F666673 
 1863      657400
ARM GAS  C:\Users\Lenovo\AppData\Local\Temp\ccVURuRs.s 			page 44


 1864              	.LASF7:
 1865 097f 5F5F696E 		.ascii	"__int32_t\000"
 1865      7433325F 
 1865      7400
 1866              	.LASF167:
 1867 0989 63795F62 		.ascii	"cy_ble_advState\000"
 1867      6C655F61 
 1867      64765374 
 1867      61746500 
 1868              	.LASF36:
 1869 0999 6873696F 		.ascii	"hsiomVersion\000"
 1869      6D566572 
 1869      73696F6E 
 1869      00
 1870              	.LASF133:
 1871 09a6 696E7465 		.ascii	"interruptSources\000"
 1871      72727570 
 1871      74536F75 
 1871      72636573 
 1871      00
 1872              	.LASF137:
 1873 09b7 72656C6F 		.ascii	"reloadInput\000"
 1873      6164496E 
 1873      70757400 
 1874              	.LASF156:
 1875 09c3 43595F42 		.ascii	"CY_BLE_CONN_STATE_CLIENT_SRVC_DISCOVERING\000"
 1875      4C455F43 
 1875      4F4E4E5F 
 1875      53544154 
 1875      455F434C 
 1876              	.LASF69:
 1877 09ed 64774368 		.ascii	"dwChSize\000"
 1877      53697A65 
 1877      00
 1878              	.LASF141:
 1879 09f6 73746F70 		.ascii	"stopInput\000"
 1879      496E7075 
 1879      7400
 1880              	.LASF105:
 1881 0a00 69706353 		.ascii	"ipcStructSize\000"
 1881      74727563 
 1881      7453697A 
 1881      6500
 1882              	.LASF44:
 1883 0a0e 63707573 		.ascii	"cpussIpc0Irq\000"
 1883      73497063 
 1883      30497271 
 1883      00
 1884              	.LASF93:
 1885 0a1b 63707573 		.ascii	"cpussCm4StatusOffset\000"
 1885      73436D34 
 1885      53746174 
 1885      75734F66 
 1885      66736574 
 1886              	.LASF121:
 1887 0a30 696E6974 		.ascii	"initKey\000"
 1887      4B657900 
ARM GAS  C:\Users\Lenovo\AppData\Local\Temp\ccVURuRs.s 			page 45


 1888              	.LASF114:
 1889 0a38 72784275 		.ascii	"rxBuf\000"
 1889      6600
 1890              	.LASF18:
 1891 0a3e 75696E74 		.ascii	"uint32_t\000"
 1891      33325F74 
 1891      00
 1892              	.LASF111:
 1893 0a47 5F426F6F 		.ascii	"_Bool\000"
 1893      6C00
 1894              	.LASF153:
 1895 0a4d 43595F42 		.ascii	"CY_BLE_CONN_STATE_DISCONNECTED\000"
 1895      4C455F43 
 1895      4F4E4E5F 
 1895      53544154 
 1895      455F4449 
 1896              	.LASF168:
 1897 0a6c 63795F62 		.ascii	"cy_ble_connHandle\000"
 1897      6C655F63 
 1897      6F6E6E48 
 1897      616E646C 
 1897      6500
 1898              	.LASF171:
 1899 0a7e 43595F45 		.ascii	"CY_EINK_SPIM_context\000"
 1899      494E4B5F 
 1899      5350494D 
 1899      5F636F6E 
 1899      74657874 
 1900              	.LASF46:
 1901 0a93 63707573 		.ascii	"cpussNotConnectedIrq\000"
 1901      734E6F74 
 1901      436F6E6E 
 1901      65637465 
 1901      64497271 
 1902              	.LASF60:
 1903 0aa8 666C6173 		.ascii	"flashWriteDelay\000"
 1903      68577269 
 1903      74654465 
 1903      6C617900 
 1904              	.LASF148:
 1905 0ab8 43595F42 		.ascii	"CY_BLE_ADV_STATE_STOPPED\000"
 1905      4C455F41 
 1905      44565F53 
 1905      54415445 
 1905      5F53544F 
 1906              	.LASF14:
 1907 0ad1 75696E74 		.ascii	"uint8_t\000"
 1907      385F7400 
 1908              	.LASF172:
 1909 0ad9 43595F45 		.ascii	"CY_EINK_Timer_config\000"
 1909      494E4B5F 
 1909      54696D65 
 1909      725F636F 
 1909      6E666967 
 1910              	.LASF150:
 1911 0aee 43595F42 		.ascii	"CY_BLE_ADV_STATE_ADVERTISING\000"
 1911      4C455F41 
ARM GAS  C:\Users\Lenovo\AppData\Local\Temp\ccVURuRs.s 			page 46


 1911      44565F53 
 1911      54415445 
 1911      5F414456 
 1912              	.LASF86:
 1913 0b0b 6770696F 		.ascii	"gpioPrtIntrCfgOffset\000"
 1913      50727449 
 1913      6E747243 
 1913      66674F66 
 1913      66736574 
 1914              	.LASF136:
 1915 0b20 72656C6F 		.ascii	"reloadInputMode\000"
 1915      6164496E 
 1915      7075744D 
 1915      6F646500 
 1916              	.LASF97:
 1917 0b30 63707573 		.ascii	"cpussTrimRomCtlOffset\000"
 1917      73547269 
 1917      6D526F6D 
 1917      43746C4F 
 1917      66667365 
 1918              	.LASF145:
 1919 0b46 62644861 		.ascii	"bdHandle\000"
 1919      6E646C65 
 1919      00
 1920              	.LASF47:
 1921 0b4f 73727373 		.ascii	"srssNumClkpath\000"
 1921      4E756D43 
 1921      6C6B7061 
 1921      746800
 1922              	.LASF1:
 1923 0b5e 7369676E 		.ascii	"signed char\000"
 1923      65642063 
 1923      68617200 
 1924              	.LASF29:
 1925 0b6a 69706342 		.ascii	"ipcBase\000"
 1925      61736500 
 1926              	.LASF177:
 1927 0b72 6D61696E 		.ascii	"main\000"
 1927      00
 1928              	.LASF61:
 1929 0b77 666C6173 		.ascii	"flashProgramDelay\000"
 1929      6850726F 
 1929      6772616D 
 1929      44656C61 
 1929      7900
 1930              	.LASF174:
 1931 0b89 6D61696E 		.ascii	"main_cm4.c\000"
 1931      5F636D34 
 1931      2E6300
 1932              	.LASF154:
 1933 0b94 43595F42 		.ascii	"CY_BLE_CONN_STATE_CLIENT_DISCONNECTED_DISCOVERED\000"
 1933      4C455F43 
 1933      4F4E4E5F 
 1933      53544154 
 1933      455F434C 
 1934              	.LASF31:
 1935 0bc5 63707573 		.ascii	"cpussVersion\000"
ARM GAS  C:\Users\Lenovo\AppData\Local\Temp\ccVURuRs.s 			page 47


 1935      73566572 
 1935      73696F6E 
 1935      00
 1936              	.LASF58:
 1937 0bd2 666C6173 		.ascii	"flashRwwRequired\000"
 1937      68527777 
 1937      52657175 
 1937      69726564 
 1937      00
 1938              	.LASF119:
 1939 0be3 74784275 		.ascii	"txBufIdx\000"
 1939      66496478 
 1939      00
 1940              	.LASF139:
 1941 0bec 73746172 		.ascii	"startInput\000"
 1941      74496E70 
 1941      757400
 1942              		.ident	"GCC: (GNU Tools for ARM Embedded Processors) 5.4.1 20160609 (release) [ARM/embedded-5-bran
