ARM GAS  C:\Users\Lenovo\AppData\Local\Temp\ccyeaKT9.s 			page 1


   1              		.syntax unified
   2              		.cpu cortex-m0
   3              		.fpu softvfp
   4              		.eabi_attribute 20, 1
   5              		.eabi_attribute 21, 1
   6              		.eabi_attribute 23, 3
   7              		.eabi_attribute 24, 1
   8              		.eabi_attribute 25, 1
   9              		.eabi_attribute 26, 1
  10              		.eabi_attribute 30, 1
  11              		.eabi_attribute 34, 0
  12              		.eabi_attribute 18, 4
  13              		.thumb
  14              		.syntax unified
  15              		.file	"cyfitter_cfg.c"
  16              		.text
  17              	.Ltext0:
  18              		.cfi_sections	.debug_frame
  19              		.section	.text.cfg_write_bytes32,"ax",%progbits
  20              		.align	2
  21              		.code	16
  22              		.thumb_func
  23              		.type	cfg_write_bytes32, %function
  24              	cfg_write_bytes32:
  25              	.LFB3:
  26              		.file 1 "Generated_Source\\PSoC4\\cyfitter_cfg.c"
   1:Generated_Source\PSoC4/cyfitter_cfg.c **** 
   2:Generated_Source\PSoC4/cyfitter_cfg.c **** /*******************************************************************************
   3:Generated_Source\PSoC4/cyfitter_cfg.c **** * File Name: cyfitter_cfg.c
   4:Generated_Source\PSoC4/cyfitter_cfg.c **** * 
   5:Generated_Source\PSoC4/cyfitter_cfg.c **** * PSoC Creator  4.4
   6:Generated_Source\PSoC4/cyfitter_cfg.c **** *
   7:Generated_Source\PSoC4/cyfitter_cfg.c **** * Description:
   8:Generated_Source\PSoC4/cyfitter_cfg.c **** * This file contains device initialization code.
   9:Generated_Source\PSoC4/cyfitter_cfg.c **** * Except for the user defined sections in CyClockStartupError(), this file should not be modified.
  10:Generated_Source\PSoC4/cyfitter_cfg.c **** * This file is automatically generated by PSoC Creator.
  11:Generated_Source\PSoC4/cyfitter_cfg.c **** *
  12:Generated_Source\PSoC4/cyfitter_cfg.c **** ********************************************************************************
  13:Generated_Source\PSoC4/cyfitter_cfg.c **** * Copyright (c) 2007-2020 Cypress Semiconductor.  All rights reserved.
  14:Generated_Source\PSoC4/cyfitter_cfg.c **** * You may use this file only in accordance with the license, terms, conditions, 
  15:Generated_Source\PSoC4/cyfitter_cfg.c **** * disclaimers, and limitations in the end user license agreement accompanying 
  16:Generated_Source\PSoC4/cyfitter_cfg.c **** * the software package with which this file was provided.
  17:Generated_Source\PSoC4/cyfitter_cfg.c **** ********************************************************************************/
  18:Generated_Source\PSoC4/cyfitter_cfg.c **** 
  19:Generated_Source\PSoC4/cyfitter_cfg.c **** #include <string.h>
  20:Generated_Source\PSoC4/cyfitter_cfg.c **** #include "cytypes.h"
  21:Generated_Source\PSoC4/cyfitter_cfg.c **** #include "cydevice_trm.h"
  22:Generated_Source\PSoC4/cyfitter_cfg.c **** #include "cyfitter.h"
  23:Generated_Source\PSoC4/cyfitter_cfg.c **** #include "CyLib.h"
  24:Generated_Source\PSoC4/cyfitter_cfg.c **** #include "CyLFClk.h"
  25:Generated_Source\PSoC4/cyfitter_cfg.c **** #include "cyfitter_cfg.h"
  26:Generated_Source\PSoC4/cyfitter_cfg.c **** #include "cyapicallbacks.h"
  27:Generated_Source\PSoC4/cyfitter_cfg.c **** 
  28:Generated_Source\PSoC4/cyfitter_cfg.c **** 
  29:Generated_Source\PSoC4/cyfitter_cfg.c **** #if defined(__GNUC__) || defined(__ARMCC_VERSION)
  30:Generated_Source\PSoC4/cyfitter_cfg.c ****     #define CYPACKED 
  31:Generated_Source\PSoC4/cyfitter_cfg.c ****     #define CYPACKED_ATTR __attribute__ ((packed))
ARM GAS  C:\Users\Lenovo\AppData\Local\Temp\ccyeaKT9.s 			page 2


  32:Generated_Source\PSoC4/cyfitter_cfg.c ****     #define CYALIGNED __attribute__ ((aligned))
  33:Generated_Source\PSoC4/cyfitter_cfg.c ****     #define CY_CFG_UNUSED __attribute__ ((unused))
  34:Generated_Source\PSoC4/cyfitter_cfg.c ****     #ifndef CY_CFG_SECTION
  35:Generated_Source\PSoC4/cyfitter_cfg.c ****         #define CY_CFG_SECTION __attribute__ ((section(".psocinit")))
  36:Generated_Source\PSoC4/cyfitter_cfg.c ****     #endif
  37:Generated_Source\PSoC4/cyfitter_cfg.c ****     
  38:Generated_Source\PSoC4/cyfitter_cfg.c ****     #if defined(__ARMCC_VERSION)
  39:Generated_Source\PSoC4/cyfitter_cfg.c ****         #define CY_CFG_MEMORY_BARRIER() __memory_changed()
  40:Generated_Source\PSoC4/cyfitter_cfg.c ****     #else
  41:Generated_Source\PSoC4/cyfitter_cfg.c ****         #define CY_CFG_MEMORY_BARRIER() __sync_synchronize()
  42:Generated_Source\PSoC4/cyfitter_cfg.c ****     #endif
  43:Generated_Source\PSoC4/cyfitter_cfg.c ****     
  44:Generated_Source\PSoC4/cyfitter_cfg.c **** #elif defined(__ICCARM__)
  45:Generated_Source\PSoC4/cyfitter_cfg.c ****     #include <intrinsics.h>
  46:Generated_Source\PSoC4/cyfitter_cfg.c **** 
  47:Generated_Source\PSoC4/cyfitter_cfg.c ****     #define CYPACKED __packed
  48:Generated_Source\PSoC4/cyfitter_cfg.c ****     #define CYPACKED_ATTR 
  49:Generated_Source\PSoC4/cyfitter_cfg.c ****     #define CYALIGNED _Pragma("data_alignment=4")
  50:Generated_Source\PSoC4/cyfitter_cfg.c ****     #define CY_CFG_UNUSED _Pragma("diag_suppress=Pe177")
  51:Generated_Source\PSoC4/cyfitter_cfg.c ****     #define CY_CFG_SECTION _Pragma("location=\".psocinit\"")
  52:Generated_Source\PSoC4/cyfitter_cfg.c ****     
  53:Generated_Source\PSoC4/cyfitter_cfg.c ****     #define CY_CFG_MEMORY_BARRIER() __DMB()
  54:Generated_Source\PSoC4/cyfitter_cfg.c ****     
  55:Generated_Source\PSoC4/cyfitter_cfg.c **** #else
  56:Generated_Source\PSoC4/cyfitter_cfg.c ****     #error Unsupported toolchain
  57:Generated_Source\PSoC4/cyfitter_cfg.c **** #endif
  58:Generated_Source\PSoC4/cyfitter_cfg.c **** 
  59:Generated_Source\PSoC4/cyfitter_cfg.c **** #ifndef CYCODE
  60:Generated_Source\PSoC4/cyfitter_cfg.c ****     #define CYCODE
  61:Generated_Source\PSoC4/cyfitter_cfg.c **** #endif
  62:Generated_Source\PSoC4/cyfitter_cfg.c **** #ifndef CYDATA
  63:Generated_Source\PSoC4/cyfitter_cfg.c ****     #define CYDATA
  64:Generated_Source\PSoC4/cyfitter_cfg.c **** #endif
  65:Generated_Source\PSoC4/cyfitter_cfg.c **** #ifndef CYFAR
  66:Generated_Source\PSoC4/cyfitter_cfg.c ****     #define CYFAR
  67:Generated_Source\PSoC4/cyfitter_cfg.c **** #endif
  68:Generated_Source\PSoC4/cyfitter_cfg.c **** #ifndef CYXDATA
  69:Generated_Source\PSoC4/cyfitter_cfg.c ****     #define CYXDATA
  70:Generated_Source\PSoC4/cyfitter_cfg.c **** #endif
  71:Generated_Source\PSoC4/cyfitter_cfg.c **** 
  72:Generated_Source\PSoC4/cyfitter_cfg.c **** 
  73:Generated_Source\PSoC4/cyfitter_cfg.c **** CY_CFG_UNUSED
  74:Generated_Source\PSoC4/cyfitter_cfg.c **** static void CYMEMZERO(void *s, size_t n);
  75:Generated_Source\PSoC4/cyfitter_cfg.c **** CY_CFG_UNUSED
  76:Generated_Source\PSoC4/cyfitter_cfg.c **** static void CYMEMZERO(void *s, size_t n)
  77:Generated_Source\PSoC4/cyfitter_cfg.c **** {
  78:Generated_Source\PSoC4/cyfitter_cfg.c **** 	(void)memset(s, 0, n);
  79:Generated_Source\PSoC4/cyfitter_cfg.c **** }
  80:Generated_Source\PSoC4/cyfitter_cfg.c **** CY_CFG_UNUSED
  81:Generated_Source\PSoC4/cyfitter_cfg.c **** static void CYCONFIGCPY(void *dest, const void *src, size_t n);
  82:Generated_Source\PSoC4/cyfitter_cfg.c **** CY_CFG_UNUSED
  83:Generated_Source\PSoC4/cyfitter_cfg.c **** static void CYCONFIGCPY(void *dest, const void *src, size_t n)
  84:Generated_Source\PSoC4/cyfitter_cfg.c **** {
  85:Generated_Source\PSoC4/cyfitter_cfg.c **** 	(void)memcpy(dest, src, n);
  86:Generated_Source\PSoC4/cyfitter_cfg.c **** }
  87:Generated_Source\PSoC4/cyfitter_cfg.c **** CY_CFG_UNUSED
  88:Generated_Source\PSoC4/cyfitter_cfg.c **** static void CYCONFIGCPYCODE(void *dest, const void *src, size_t n);
ARM GAS  C:\Users\Lenovo\AppData\Local\Temp\ccyeaKT9.s 			page 3


  89:Generated_Source\PSoC4/cyfitter_cfg.c **** CY_CFG_UNUSED
  90:Generated_Source\PSoC4/cyfitter_cfg.c **** static void CYCONFIGCPYCODE(void *dest, const void *src, size_t n)
  91:Generated_Source\PSoC4/cyfitter_cfg.c **** {
  92:Generated_Source\PSoC4/cyfitter_cfg.c **** 	(void)memcpy(dest, src, n);
  93:Generated_Source\PSoC4/cyfitter_cfg.c **** }
  94:Generated_Source\PSoC4/cyfitter_cfg.c **** 
  95:Generated_Source\PSoC4/cyfitter_cfg.c **** 
  96:Generated_Source\PSoC4/cyfitter_cfg.c **** 
  97:Generated_Source\PSoC4/cyfitter_cfg.c **** 
  98:Generated_Source\PSoC4/cyfitter_cfg.c **** /* Clock startup error codes                                                   */
  99:Generated_Source\PSoC4/cyfitter_cfg.c **** #define CYCLOCKSTART_NO_ERROR    0u
 100:Generated_Source\PSoC4/cyfitter_cfg.c **** #define CYCLOCKSTART_XTAL_ERROR  1u
 101:Generated_Source\PSoC4/cyfitter_cfg.c **** #define CYCLOCKSTART_32KHZ_ERROR 2u
 102:Generated_Source\PSoC4/cyfitter_cfg.c **** #define CYCLOCKSTART_PLL_ERROR   3u
 103:Generated_Source\PSoC4/cyfitter_cfg.c **** #define CYCLOCKSTART_FLL_ERROR   4u
 104:Generated_Source\PSoC4/cyfitter_cfg.c **** #define CYCLOCKSTART_WCO_ERROR   5u
 105:Generated_Source\PSoC4/cyfitter_cfg.c **** 
 106:Generated_Source\PSoC4/cyfitter_cfg.c **** 
 107:Generated_Source\PSoC4/cyfitter_cfg.c **** #ifdef CY_NEED_CYCLOCKSTARTUPERROR
 108:Generated_Source\PSoC4/cyfitter_cfg.c **** /*******************************************************************************
 109:Generated_Source\PSoC4/cyfitter_cfg.c **** * Function Name: CyClockStartupError
 110:Generated_Source\PSoC4/cyfitter_cfg.c **** ********************************************************************************
 111:Generated_Source\PSoC4/cyfitter_cfg.c **** * Summary:
 112:Generated_Source\PSoC4/cyfitter_cfg.c **** *  If an error is encountered during clock configuration (crystal startup error,
 113:Generated_Source\PSoC4/cyfitter_cfg.c **** *  PLL lock error, etc.), the system will end up here.  Unless reimplemented by
 114:Generated_Source\PSoC4/cyfitter_cfg.c **** *  the customer, this function will stop in an infinite loop.
 115:Generated_Source\PSoC4/cyfitter_cfg.c **** *
 116:Generated_Source\PSoC4/cyfitter_cfg.c **** * Parameters:
 117:Generated_Source\PSoC4/cyfitter_cfg.c **** *   void
 118:Generated_Source\PSoC4/cyfitter_cfg.c **** *
 119:Generated_Source\PSoC4/cyfitter_cfg.c **** * Return:
 120:Generated_Source\PSoC4/cyfitter_cfg.c **** *   void
 121:Generated_Source\PSoC4/cyfitter_cfg.c **** *
 122:Generated_Source\PSoC4/cyfitter_cfg.c **** *******************************************************************************/
 123:Generated_Source\PSoC4/cyfitter_cfg.c **** CY_CFG_UNUSED
 124:Generated_Source\PSoC4/cyfitter_cfg.c **** static void CyClockStartupError(uint8 errorCode);
 125:Generated_Source\PSoC4/cyfitter_cfg.c **** CY_CFG_UNUSED
 126:Generated_Source\PSoC4/cyfitter_cfg.c **** static void CyClockStartupError(uint8 errorCode)
 127:Generated_Source\PSoC4/cyfitter_cfg.c **** {
 128:Generated_Source\PSoC4/cyfitter_cfg.c ****     /* To remove the compiler warning if errorCode not used.                */
 129:Generated_Source\PSoC4/cyfitter_cfg.c ****     errorCode = errorCode;
 130:Generated_Source\PSoC4/cyfitter_cfg.c **** 
 131:Generated_Source\PSoC4/cyfitter_cfg.c ****     /* If we have a clock startup error (bad MHz crystal, PLL lock, etc.),  */
 132:Generated_Source\PSoC4/cyfitter_cfg.c ****     /* we will end up here to allow the customer to implement something to  */
 133:Generated_Source\PSoC4/cyfitter_cfg.c ****     /* deal with the clock condition.                                       */
 134:Generated_Source\PSoC4/cyfitter_cfg.c **** 
 135:Generated_Source\PSoC4/cyfitter_cfg.c **** #ifdef CY_CFG_CLOCK_STARTUP_ERROR_CALLBACK
 136:Generated_Source\PSoC4/cyfitter_cfg.c ****     CY_CFG_Clock_Startup_ErrorCallback();
 137:Generated_Source\PSoC4/cyfitter_cfg.c **** #else
 138:Generated_Source\PSoC4/cyfitter_cfg.c ****     /*  If not using CY_CFG_CLOCK_STARTUP_ERROR_CALLBACK, place your clock startup code here. */
 139:Generated_Source\PSoC4/cyfitter_cfg.c ****     /* `#START CyClockStartupError` */
 140:Generated_Source\PSoC4/cyfitter_cfg.c **** 
 141:Generated_Source\PSoC4/cyfitter_cfg.c **** 
 142:Generated_Source\PSoC4/cyfitter_cfg.c **** 
 143:Generated_Source\PSoC4/cyfitter_cfg.c ****     /* `#END` */
 144:Generated_Source\PSoC4/cyfitter_cfg.c **** 
 145:Generated_Source\PSoC4/cyfitter_cfg.c ****     while(1) {}
ARM GAS  C:\Users\Lenovo\AppData\Local\Temp\ccyeaKT9.s 			page 4


 146:Generated_Source\PSoC4/cyfitter_cfg.c **** #endif /* CY_CFG_CLOCK_STARTUP_ERROR_CALLBACK */
 147:Generated_Source\PSoC4/cyfitter_cfg.c **** }
 148:Generated_Source\PSoC4/cyfitter_cfg.c **** #endif
 149:Generated_Source\PSoC4/cyfitter_cfg.c **** 
 150:Generated_Source\PSoC4/cyfitter_cfg.c **** #define CY_CFG_BASE_ADDR_COUNT 4u
 151:Generated_Source\PSoC4/cyfitter_cfg.c **** CYPACKED typedef struct
 152:Generated_Source\PSoC4/cyfitter_cfg.c **** {
 153:Generated_Source\PSoC4/cyfitter_cfg.c **** 	uint8 offset;
 154:Generated_Source\PSoC4/cyfitter_cfg.c **** 	uint8 value;
 155:Generated_Source\PSoC4/cyfitter_cfg.c **** } CYPACKED_ATTR cy_cfg_addrvalue_t;
 156:Generated_Source\PSoC4/cyfitter_cfg.c **** 
 157:Generated_Source\PSoC4/cyfitter_cfg.c **** 
 158:Generated_Source\PSoC4/cyfitter_cfg.c **** 
 159:Generated_Source\PSoC4/cyfitter_cfg.c **** /*******************************************************************************
 160:Generated_Source\PSoC4/cyfitter_cfg.c **** * Function Name: cfg_write_bytes32
 161:Generated_Source\PSoC4/cyfitter_cfg.c **** ********************************************************************************
 162:Generated_Source\PSoC4/cyfitter_cfg.c **** * Summary:
 163:Generated_Source\PSoC4/cyfitter_cfg.c **** *  This function is used for setting up the chip configuration areas that
 164:Generated_Source\PSoC4/cyfitter_cfg.c **** *  contain relatively sparse data.
 165:Generated_Source\PSoC4/cyfitter_cfg.c **** *
 166:Generated_Source\PSoC4/cyfitter_cfg.c **** * Parameters:
 167:Generated_Source\PSoC4/cyfitter_cfg.c **** *   void
 168:Generated_Source\PSoC4/cyfitter_cfg.c **** *
 169:Generated_Source\PSoC4/cyfitter_cfg.c **** * Return:
 170:Generated_Source\PSoC4/cyfitter_cfg.c **** *   void
 171:Generated_Source\PSoC4/cyfitter_cfg.c **** *
 172:Generated_Source\PSoC4/cyfitter_cfg.c **** *******************************************************************************/
 173:Generated_Source\PSoC4/cyfitter_cfg.c **** static void cfg_write_bytes32(const uint32 addr_table[], const cy_cfg_addrvalue_t data_table[]);
 174:Generated_Source\PSoC4/cyfitter_cfg.c **** static void cfg_write_bytes32(const uint32 addr_table[], const cy_cfg_addrvalue_t data_table[])
 175:Generated_Source\PSoC4/cyfitter_cfg.c **** {
  27              		.loc 1 175 0
  28              		.cfi_startproc
  29              		@ args = 0, pretend = 0, frame = 0
  30              		@ frame_needed = 0, uses_anonymous_args = 0
  31              	.LVL0:
  32 0000 F0B5     		push	{r4, r5, r6, r7, lr}
  33              		.cfi_def_cfa_offset 20
  34              		.cfi_offset 4, -20
  35              		.cfi_offset 5, -16
  36              		.cfi_offset 6, -12
  37              		.cfi_offset 7, -8
  38              		.cfi_offset 14, -4
  39              	.LVL1:
 176:Generated_Source\PSoC4/cyfitter_cfg.c **** 	/* For 32-bit little-endian architectures */
 177:Generated_Source\PSoC4/cyfitter_cfg.c **** 	uint32 i, j = 0u;
  40              		.loc 1 177 0
  41 0002 0025     		movs	r5, #0
 178:Generated_Source\PSoC4/cyfitter_cfg.c **** 	for (i = 0u; i < CY_CFG_BASE_ADDR_COUNT; i++)
  42              		.loc 1 178 0
  43 0004 0027     		movs	r7, #0
  44 0006 11E0     		b	.L2
  45              	.LVL2:
  46              	.L5:
  47              	.LBB2:
 179:Generated_Source\PSoC4/cyfitter_cfg.c **** 	{
 180:Generated_Source\PSoC4/cyfitter_cfg.c **** 		uint32 baseAddr = addr_table[i];
  48              		.loc 1 180 0
ARM GAS  C:\Users\Lenovo\AppData\Local\Temp\ccyeaKT9.s 			page 5


  49 0008 BB00     		lsls	r3, r7, #2
  50 000a C658     		ldr	r6, [r0, r3]
  51              	.LVL3:
 181:Generated_Source\PSoC4/cyfitter_cfg.c **** 		uint8 count = (uint8)baseAddr;
  52              		.loc 1 181 0
  53 000c F3B2     		uxtb	r3, r6
  54              	.LVL4:
 182:Generated_Source\PSoC4/cyfitter_cfg.c **** 		baseAddr &= 0xFFFFFF00u;
  55              		.loc 1 182 0
  56 000e FF22     		movs	r2, #255
  57 0010 9643     		bics	r6, r2
  58              	.LVL5:
 183:Generated_Source\PSoC4/cyfitter_cfg.c **** 		while (count != 0u)
  59              		.loc 1 183 0
  60 0012 08E0     		b	.L3
  61              	.L4:
 184:Generated_Source\PSoC4/cyfitter_cfg.c **** 		{
 185:Generated_Source\PSoC4/cyfitter_cfg.c **** 			CY_SET_REG8((void *)(baseAddr + data_table[j].offset), data_table[j].value);
  62              		.loc 1 185 0
  63 0014 6A00     		lsls	r2, r5, #1
  64 0016 8A18     		adds	r2, r1, r2
  65 0018 1478     		ldrb	r4, [r2]
  66 001a A419     		adds	r4, r4, r6
  67 001c 5278     		ldrb	r2, [r2, #1]
  68 001e 2270     		strb	r2, [r4]
 186:Generated_Source\PSoC4/cyfitter_cfg.c **** 			j++;
  69              		.loc 1 186 0
  70 0020 0135     		adds	r5, r5, #1
  71              	.LVL6:
 187:Generated_Source\PSoC4/cyfitter_cfg.c **** 			count--;
  72              		.loc 1 187 0
  73 0022 013B     		subs	r3, r3, #1
  74              	.LVL7:
  75 0024 DBB2     		uxtb	r3, r3
  76              	.LVL8:
  77              	.L3:
 183:Generated_Source\PSoC4/cyfitter_cfg.c **** 		{
  78              		.loc 1 183 0
  79 0026 002B     		cmp	r3, #0
  80 0028 F4D1     		bne	.L4
  81              	.LBE2:
 178:Generated_Source\PSoC4/cyfitter_cfg.c **** 	{
  82              		.loc 1 178 0 discriminator 2
  83 002a 0137     		adds	r7, r7, #1
  84              	.LVL9:
  85              	.L2:
 178:Generated_Source\PSoC4/cyfitter_cfg.c **** 	{
  86              		.loc 1 178 0 is_stmt 0 discriminator 1
  87 002c 032F     		cmp	r7, #3
  88 002e EBD9     		bls	.L5
 188:Generated_Source\PSoC4/cyfitter_cfg.c **** 		}
 189:Generated_Source\PSoC4/cyfitter_cfg.c **** 	}
 190:Generated_Source\PSoC4/cyfitter_cfg.c **** }
  89              		.loc 1 190 0 is_stmt 1
  90              		@ sp needed
  91              	.LVL10:
  92              	.LVL11:
ARM GAS  C:\Users\Lenovo\AppData\Local\Temp\ccyeaKT9.s 			page 6


  93 0030 F0BD     		pop	{r4, r5, r6, r7, pc}
  94              		.cfi_endproc
  95              	.LFE3:
  96              		.size	cfg_write_bytes32, .-cfg_write_bytes32
  97 0032 C046     		.section	.text.CYMEMZERO,"ax",%progbits
  98              		.align	2
  99              		.code	16
 100              		.thumb_func
 101              		.type	CYMEMZERO, %function
 102              	CYMEMZERO:
 103              	.LFB0:
  77:Generated_Source\PSoC4/cyfitter_cfg.c **** 	(void)memset(s, 0, n);
 104              		.loc 1 77 0
 105              		.cfi_startproc
 106              		@ args = 0, pretend = 0, frame = 0
 107              		@ frame_needed = 0, uses_anonymous_args = 0
 108              	.LVL12:
 109 0000 10B5     		push	{r4, lr}
 110              		.cfi_def_cfa_offset 8
 111              		.cfi_offset 4, -8
 112              		.cfi_offset 14, -4
 113 0002 0A00     		movs	r2, r1
  78:Generated_Source\PSoC4/cyfitter_cfg.c **** }
 114              		.loc 1 78 0
 115 0004 0021     		movs	r1, #0
 116              	.LVL13:
 117 0006 FFF7FEFF 		bl	memset
 118              	.LVL14:
  79:Generated_Source\PSoC4/cyfitter_cfg.c **** CY_CFG_UNUSED
 119              		.loc 1 79 0
 120              		@ sp needed
 121 000a 10BD     		pop	{r4, pc}
 122              		.cfi_endproc
 123              	.LFE0:
 124              		.size	CYMEMZERO, .-CYMEMZERO
 125              		.section	.psocinit,"ax",%progbits
 126              		.align	2
 127              		.code	16
 128              		.thumb_func
 129              		.type	ClockSetup, %function
 130              	ClockSetup:
 131              	.LFB4:
 191:Generated_Source\PSoC4/cyfitter_cfg.c **** 
 192:Generated_Source\PSoC4/cyfitter_cfg.c **** 
 193:Generated_Source\PSoC4/cyfitter_cfg.c **** /*******************************************************************************
 194:Generated_Source\PSoC4/cyfitter_cfg.c **** * Function Name: ClockSetup
 195:Generated_Source\PSoC4/cyfitter_cfg.c **** ********************************************************************************
 196:Generated_Source\PSoC4/cyfitter_cfg.c **** *
 197:Generated_Source\PSoC4/cyfitter_cfg.c **** * Summary:
 198:Generated_Source\PSoC4/cyfitter_cfg.c **** *   Performs the initialization of all of the clocks in the device based on the
 199:Generated_Source\PSoC4/cyfitter_cfg.c **** *   settings in the Clock tab of the DWR.  This includes enabling the requested
 200:Generated_Source\PSoC4/cyfitter_cfg.c **** *   clocks and setting the necessary dividers to produce the desired frequency. 
 201:Generated_Source\PSoC4/cyfitter_cfg.c **** *
 202:Generated_Source\PSoC4/cyfitter_cfg.c **** * Parameters:
 203:Generated_Source\PSoC4/cyfitter_cfg.c **** *   void
 204:Generated_Source\PSoC4/cyfitter_cfg.c **** *
 205:Generated_Source\PSoC4/cyfitter_cfg.c **** * Return:
ARM GAS  C:\Users\Lenovo\AppData\Local\Temp\ccyeaKT9.s 			page 7


 206:Generated_Source\PSoC4/cyfitter_cfg.c **** *   void
 207:Generated_Source\PSoC4/cyfitter_cfg.c **** *
 208:Generated_Source\PSoC4/cyfitter_cfg.c **** *******************************************************************************/
 209:Generated_Source\PSoC4/cyfitter_cfg.c **** static void ClockSetup(void);
 210:Generated_Source\PSoC4/cyfitter_cfg.c **** CY_CFG_SECTION
 211:Generated_Source\PSoC4/cyfitter_cfg.c **** static void ClockSetup(void)
 212:Generated_Source\PSoC4/cyfitter_cfg.c **** {
 132              		.loc 1 212 0
 133              		.cfi_startproc
 134              		@ args = 0, pretend = 0, frame = 0
 135              		@ frame_needed = 0, uses_anonymous_args = 0
 136 0000 70B5     		push	{r4, r5, r6, lr}
 137              		.cfi_def_cfa_offset 16
 138              		.cfi_offset 4, -16
 139              		.cfi_offset 5, -12
 140              		.cfi_offset 6, -8
 141              		.cfi_offset 14, -4
 213:Generated_Source\PSoC4/cyfitter_cfg.c **** 	/* Enable HALF_EN before trimming for the flash accelerator. */
 214:Generated_Source\PSoC4/cyfitter_cfg.c **** 	CY_SET_REG32((void CYXDATA *)(CYREG_CLK_SELECT), (CY_GET_REG32((void *)CYREG_CLK_SELECT) | 0x00040
 142              		.loc 1 214 0
 143 0002 164C     		ldr	r4, .L8
 144 0004 2368     		ldr	r3, [r4]
 145 0006 8022     		movs	r2, #128
 146 0008 D202     		lsls	r2, r2, #11
 147 000a 1343     		orrs	r3, r2
 148 000c 2360     		str	r3, [r4]
 215:Generated_Source\PSoC4/cyfitter_cfg.c **** 
 216:Generated_Source\PSoC4/cyfitter_cfg.c **** 	/* Setup and trim IMO based on desired frequency. */
 217:Generated_Source\PSoC4/cyfitter_cfg.c **** 	CySysClkWriteImoFreq(24u);
 149              		.loc 1 217 0
 150 000e 1820     		movs	r0, #24
 151 0010 FFF7FEFF 		bl	CySysClkWriteImoFreq
 152              	.LVL15:
 218:Generated_Source\PSoC4/cyfitter_cfg.c **** 
 219:Generated_Source\PSoC4/cyfitter_cfg.c **** 	/* Disable HALF_EN since it is not required at this IMO frequency. */
 220:Generated_Source\PSoC4/cyfitter_cfg.c **** 	CY_SET_REG32((void CYXDATA *)(CYREG_CLK_SELECT), (CY_GET_REG32((void *)CYREG_CLK_SELECT) & 0xFFFBF
 153              		.loc 1 220 0
 154 0014 2268     		ldr	r2, [r4]
 155 0016 124B     		ldr	r3, .L8+4
 156 0018 1340     		ands	r3, r2
 157 001a 2360     		str	r3, [r4]
 221:Generated_Source\PSoC4/cyfitter_cfg.c **** 	/* CYDEV_CLK_ILO_CONFIG Starting address: CYDEV_CLK_ILO_CONFIG */
 222:Generated_Source\PSoC4/cyfitter_cfg.c **** 	CY_SET_REG32((void *)(CYREG_CLK_ILO_CONFIG), 0x80000006u);
 158              		.loc 1 222 0
 159 001c 114A     		ldr	r2, .L8+8
 160 001e 124B     		ldr	r3, .L8+12
 161 0020 1A60     		str	r2, [r3]
 223:Generated_Source\PSoC4/cyfitter_cfg.c **** 
 224:Generated_Source\PSoC4/cyfitter_cfg.c **** 
 225:Generated_Source\PSoC4/cyfitter_cfg.c **** 	/* CYDEV_CLK_SELECT00 Starting address: CYDEV_CLK_SELECT00 */
 226:Generated_Source\PSoC4/cyfitter_cfg.c **** 	CY_SET_REG32((void *)(CYREG_CLK_SELECT03), 0x00000010u);
 162              		.loc 1 226 0
 163 0022 1022     		movs	r2, #16
 164 0024 114B     		ldr	r3, .L8+16
 165 0026 1A60     		str	r2, [r3]
 227:Generated_Source\PSoC4/cyfitter_cfg.c **** 	CY_SET_REG32((void *)(CYREG_CLK_SELECT08), 0x00000020u);
 166              		.loc 1 227 0
ARM GAS  C:\Users\Lenovo\AppData\Local\Temp\ccyeaKT9.s 			page 8


 167 0028 1032     		adds	r2, r2, #16
 168 002a 114B     		ldr	r3, .L8+20
 169 002c 1A60     		str	r2, [r3]
 228:Generated_Source\PSoC4/cyfitter_cfg.c **** 
 229:Generated_Source\PSoC4/cyfitter_cfg.c **** 	/* CYDEV_CLK_IMO_CONFIG Starting address: CYDEV_CLK_IMO_CONFIG */
 230:Generated_Source\PSoC4/cyfitter_cfg.c **** 	CY_SET_REG32((void *)(CYREG_CLK_IMO_CONFIG), 0x80000000u);
 170              		.loc 1 230 0
 171 002e 8022     		movs	r2, #128
 172 0030 1206     		lsls	r2, r2, #24
 173 0032 104B     		ldr	r3, .L8+24
 174 0034 1A60     		str	r2, [r3]
 231:Generated_Source\PSoC4/cyfitter_cfg.c **** 
 232:Generated_Source\PSoC4/cyfitter_cfg.c **** 	/* CYDEV_CLK_SELECT Starting address: CYDEV_CLK_SELECT */
 233:Generated_Source\PSoC4/cyfitter_cfg.c **** 	CY_SET_REG32((void *)(CYREG_CLK_SELECT), 0x00000000u);
 175              		.loc 1 233 0
 176 0036 0025     		movs	r5, #0
 177 0038 2560     		str	r5, [r4]
 234:Generated_Source\PSoC4/cyfitter_cfg.c **** 
 235:Generated_Source\PSoC4/cyfitter_cfg.c **** 	/* CYDEV_CLK_DIVIDER_A00 Starting address: CYDEV_CLK_DIVIDER_A00 */
 236:Generated_Source\PSoC4/cyfitter_cfg.c **** 	CY_SET_REG32((void *)(CYREG_CLK_DIVIDER_A00), 0x800000CFu);
 178              		.loc 1 236 0
 179 003a 0F4A     		ldr	r2, .L8+28
 180 003c 0F4B     		ldr	r3, .L8+32
 181 003e 1A60     		str	r2, [r3]
 237:Generated_Source\PSoC4/cyfitter_cfg.c **** 
 238:Generated_Source\PSoC4/cyfitter_cfg.c **** 	/* CYDEV_CLK_DIVIDER_B00 Starting address: CYDEV_CLK_DIVIDER_B00 */
 239:Generated_Source\PSoC4/cyfitter_cfg.c **** 	CY_SET_REG32((void *)(CYREG_CLK_DIVIDER_B00), 0x80005DBFu);
 182              		.loc 1 239 0
 183 0040 0F4A     		ldr	r2, .L8+36
 184 0042 104B     		ldr	r3, .L8+40
 185 0044 1A60     		str	r2, [r3]
 240:Generated_Source\PSoC4/cyfitter_cfg.c **** 
 241:Generated_Source\PSoC4/cyfitter_cfg.c **** 	(void)CyIntSetVector(9u, &CySysWdtIsr);
 186              		.loc 1 241 0
 187 0046 1049     		ldr	r1, .L8+44
 188 0048 0920     		movs	r0, #9
 189 004a FFF7FEFF 		bl	CyIntSetVector
 190              	.LVL16:
 242:Generated_Source\PSoC4/cyfitter_cfg.c **** 	CyIntEnable(9u);
 191              		.loc 1 242 0
 192 004e 0920     		movs	r0, #9
 193 0050 FFF7FEFF 		bl	CyIntEnable
 194              	.LVL17:
 243:Generated_Source\PSoC4/cyfitter_cfg.c **** 	CY_SET_REG32((void *)(CYREG_WDT_CONFIG), 0x00000000u);
 195              		.loc 1 243 0
 196 0054 0D4B     		ldr	r3, .L8+48
 197 0056 1D60     		str	r5, [r3]
 244:Generated_Source\PSoC4/cyfitter_cfg.c **** }
 198              		.loc 1 244 0
 199              		@ sp needed
 200 0058 70BD     		pop	{r4, r5, r6, pc}
 201              	.L9:
 202 005a C046     		.align	2
 203              	.L8:
 204 005c 00010B40 		.word	1074462976
 205 0060 FFFFFBFF 		.word	-262145
 206 0064 06000080 		.word	-2147483642
ARM GAS  C:\Users\Lenovo\AppData\Local\Temp\ccyeaKT9.s 			page 9


 207 0068 04010B40 		.word	1074462980
 208 006c 0C020240 		.word	1073873420
 209 0070 20020240 		.word	1073873440
 210 0074 08010B40 		.word	1074462984
 211 0078 CF000080 		.word	-2147483441
 212 007c 00000240 		.word	1073872896
 213 0080 BF5D0080 		.word	-2147459649
 214 0084 40000240 		.word	1073872960
 215 0088 00000000 		.word	CySysWdtIsr
 216 008c 0C020B40 		.word	1074463244
 217              		.cfi_endproc
 218              	.LFE4:
 219              		.size	ClockSetup, .-ClockSetup
 220              		.align	2
 221              		.global	cyfitter_cfg
 222              		.code	16
 223              		.thumb_func
 224              		.type	cyfitter_cfg, %function
 225              	cyfitter_cfg:
 226              	.LFB6:
 245:Generated_Source\PSoC4/cyfitter_cfg.c **** 
 246:Generated_Source\PSoC4/cyfitter_cfg.c **** 
 247:Generated_Source\PSoC4/cyfitter_cfg.c **** /* Analog API Functions */
 248:Generated_Source\PSoC4/cyfitter_cfg.c **** 
 249:Generated_Source\PSoC4/cyfitter_cfg.c **** 
 250:Generated_Source\PSoC4/cyfitter_cfg.c **** /*******************************************************************************
 251:Generated_Source\PSoC4/cyfitter_cfg.c **** * Function Name: AnalogSetDefault
 252:Generated_Source\PSoC4/cyfitter_cfg.c **** ********************************************************************************
 253:Generated_Source\PSoC4/cyfitter_cfg.c **** *
 254:Generated_Source\PSoC4/cyfitter_cfg.c **** * Summary:
 255:Generated_Source\PSoC4/cyfitter_cfg.c **** *  Sets up the analog portions of the chip to default values based on chip
 256:Generated_Source\PSoC4/cyfitter_cfg.c **** *  configuration options from the project.
 257:Generated_Source\PSoC4/cyfitter_cfg.c **** *
 258:Generated_Source\PSoC4/cyfitter_cfg.c **** * Parameters:
 259:Generated_Source\PSoC4/cyfitter_cfg.c **** *  void
 260:Generated_Source\PSoC4/cyfitter_cfg.c **** *
 261:Generated_Source\PSoC4/cyfitter_cfg.c **** * Return:
 262:Generated_Source\PSoC4/cyfitter_cfg.c **** *  void
 263:Generated_Source\PSoC4/cyfitter_cfg.c **** *
 264:Generated_Source\PSoC4/cyfitter_cfg.c **** *******************************************************************************/
 265:Generated_Source\PSoC4/cyfitter_cfg.c **** static void AnalogSetDefault(void);
 266:Generated_Source\PSoC4/cyfitter_cfg.c **** static void AnalogSetDefault(void)
 267:Generated_Source\PSoC4/cyfitter_cfg.c **** {
 268:Generated_Source\PSoC4/cyfitter_cfg.c **** }
 269:Generated_Source\PSoC4/cyfitter_cfg.c **** 
 270:Generated_Source\PSoC4/cyfitter_cfg.c **** 
 271:Generated_Source\PSoC4/cyfitter_cfg.c **** 
 272:Generated_Source\PSoC4/cyfitter_cfg.c **** 
 273:Generated_Source\PSoC4/cyfitter_cfg.c **** /*******************************************************************************
 274:Generated_Source\PSoC4/cyfitter_cfg.c **** * Function Name: cyfitter_cfg
 275:Generated_Source\PSoC4/cyfitter_cfg.c **** ********************************************************************************
 276:Generated_Source\PSoC4/cyfitter_cfg.c **** * Summary:
 277:Generated_Source\PSoC4/cyfitter_cfg.c **** *  This function is called by the start-up code for the selected device. It
 278:Generated_Source\PSoC4/cyfitter_cfg.c **** *  performs all of the necessary device configuration based on the design
 279:Generated_Source\PSoC4/cyfitter_cfg.c **** *  settings.  This includes settings from the Design Wide Resources (DWR) such
 280:Generated_Source\PSoC4/cyfitter_cfg.c **** *  as Clocks and Pins as well as any component configuration that is necessary.
 281:Generated_Source\PSoC4/cyfitter_cfg.c **** *
ARM GAS  C:\Users\Lenovo\AppData\Local\Temp\ccyeaKT9.s 			page 10


 282:Generated_Source\PSoC4/cyfitter_cfg.c **** * Parameters:
 283:Generated_Source\PSoC4/cyfitter_cfg.c **** *   void
 284:Generated_Source\PSoC4/cyfitter_cfg.c **** *
 285:Generated_Source\PSoC4/cyfitter_cfg.c **** * Return:
 286:Generated_Source\PSoC4/cyfitter_cfg.c **** *   void
 287:Generated_Source\PSoC4/cyfitter_cfg.c **** *
 288:Generated_Source\PSoC4/cyfitter_cfg.c **** *******************************************************************************/
 289:Generated_Source\PSoC4/cyfitter_cfg.c **** CY_CFG_SECTION
 290:Generated_Source\PSoC4/cyfitter_cfg.c **** void cyfitter_cfg(void)
 291:Generated_Source\PSoC4/cyfitter_cfg.c **** {
 227              		.loc 1 291 0
 228              		.cfi_startproc
 229              		@ args = 0, pretend = 0, frame = 0
 230              		@ frame_needed = 0, uses_anonymous_args = 0
 231 0090 10B5     		push	{r4, lr}
 232              		.cfi_def_cfa_offset 8
 233              		.cfi_offset 4, -8
 234              		.cfi_offset 14, -4
 292:Generated_Source\PSoC4/cyfitter_cfg.c **** 	/* Disable interrupts by default. Let user enable if/when they want. */
 293:Generated_Source\PSoC4/cyfitter_cfg.c **** 	CyGlobalIntDisable;
 235              		.loc 1 293 0
 236              		.syntax divided
 237              	@ 293 "Generated_Source\PSoC4\cyfitter_cfg.c" 1
 238 0092 72B6     		CPSID   i
 239              	@ 0 "" 2
 240              	.LVL18:
 241              		.thumb
 242              		.syntax unified
 243              	.LBB3:
 294:Generated_Source\PSoC4/cyfitter_cfg.c **** 
 295:Generated_Source\PSoC4/cyfitter_cfg.c **** 	{
 296:Generated_Source\PSoC4/cyfitter_cfg.c **** 		static const uint32 CYCODE cy_cfg_addr_table[] = {
 297:Generated_Source\PSoC4/cyfitter_cfg.c **** 			0x400F3301u, /* Base address: 0x400F3300 Count: 1 */
 298:Generated_Source\PSoC4/cyfitter_cfg.c **** 			0x400F4002u, /* Base address: 0x400F4000 Count: 2 */
 299:Generated_Source\PSoC4/cyfitter_cfg.c **** 			0x400F4102u, /* Base address: 0x400F4100 Count: 2 */
 300:Generated_Source\PSoC4/cyfitter_cfg.c **** 			0x400F4304u, /* Base address: 0x400F4300 Count: 4 */
 301:Generated_Source\PSoC4/cyfitter_cfg.c **** 		};
 302:Generated_Source\PSoC4/cyfitter_cfg.c **** 
 303:Generated_Source\PSoC4/cyfitter_cfg.c **** 		static const cy_cfg_addrvalue_t CYCODE cy_cfg_data_table[] = {
 304:Generated_Source\PSoC4/cyfitter_cfg.c **** 			{0xE2u, 0x80u},
 305:Generated_Source\PSoC4/cyfitter_cfg.c **** 			{0x53u, 0x04u},
 306:Generated_Source\PSoC4/cyfitter_cfg.c **** 			{0xD4u, 0x20u},
 307:Generated_Source\PSoC4/cyfitter_cfg.c **** 			{0x8Bu, 0x04u},
 308:Generated_Source\PSoC4/cyfitter_cfg.c **** 			{0x97u, 0x08u},
 309:Generated_Source\PSoC4/cyfitter_cfg.c **** 			{0x19u, 0x08u},
 310:Generated_Source\PSoC4/cyfitter_cfg.c **** 			{0x89u, 0x08u},
 311:Generated_Source\PSoC4/cyfitter_cfg.c **** 			{0xC6u, 0x08u},
 312:Generated_Source\PSoC4/cyfitter_cfg.c **** 			{0xE2u, 0x01u},
 313:Generated_Source\PSoC4/cyfitter_cfg.c **** 		};
 314:Generated_Source\PSoC4/cyfitter_cfg.c **** 
 315:Generated_Source\PSoC4/cyfitter_cfg.c **** 
 316:Generated_Source\PSoC4/cyfitter_cfg.c **** 
 317:Generated_Source\PSoC4/cyfitter_cfg.c **** 		CYPACKED typedef struct {
 318:Generated_Source\PSoC4/cyfitter_cfg.c **** 			void CYFAR *address;
 319:Generated_Source\PSoC4/cyfitter_cfg.c **** 			uint16 size;
 320:Generated_Source\PSoC4/cyfitter_cfg.c **** 		} CYPACKED_ATTR cfg_memset_t;
 321:Generated_Source\PSoC4/cyfitter_cfg.c **** 
ARM GAS  C:\Users\Lenovo\AppData\Local\Temp\ccyeaKT9.s 			page 11


 322:Generated_Source\PSoC4/cyfitter_cfg.c **** 		static const cfg_memset_t CYCODE cfg_memset_list[] = {
 323:Generated_Source\PSoC4/cyfitter_cfg.c **** 			/* address, size */
 324:Generated_Source\PSoC4/cyfitter_cfg.c **** 			{(void CYFAR *)(CYDEV_UDB_P0_U0_BASE), 1024u},
 325:Generated_Source\PSoC4/cyfitter_cfg.c **** 			{(void CYFAR *)(CYDEV_UDB_DSI0_BASE), 1024u},
 326:Generated_Source\PSoC4/cyfitter_cfg.c **** 		};
 327:Generated_Source\PSoC4/cyfitter_cfg.c **** 
 328:Generated_Source\PSoC4/cyfitter_cfg.c **** 		uint8 CYDATA i;
 329:Generated_Source\PSoC4/cyfitter_cfg.c **** 
 330:Generated_Source\PSoC4/cyfitter_cfg.c **** 		/* Zero out critical memory blocks before beginning configuration */
 331:Generated_Source\PSoC4/cyfitter_cfg.c **** 		for (i = 0u; i < (sizeof(cfg_memset_list)/sizeof(cfg_memset_list[0])); i++)
 244              		.loc 1 331 0
 245 0094 0024     		movs	r4, #0
 246 0096 0FE0     		b	.L11
 247              	.LVL19:
 248              	.L12:
 249              	.LBB4:
 332:Generated_Source\PSoC4/cyfitter_cfg.c **** 		{
 333:Generated_Source\PSoC4/cyfitter_cfg.c **** 			const cfg_memset_t CYCODE * CYDATA ms = &cfg_memset_list[i];
 334:Generated_Source\PSoC4/cyfitter_cfg.c **** 			CYMEMZERO(ms->address, (size_t)(uint32)(ms->size));
 250              		.loc 1 334 0 discriminator 3
 251 0098 1F48     		ldr	r0, .L13
 252 009a 6200     		lsls	r2, r4, #1
 253 009c 1319     		adds	r3, r2, r4
 254 009e 5900     		lsls	r1, r3, #1
 255 00a0 0B00     		movs	r3, r1
 256 00a2 4118     		adds	r1, r0, r1
 257 00a4 8988     		ldrh	r1, [r1, #4]
 258 00a6 1A5A     		ldrh	r2, [r3, r0]
 259 00a8 C318     		adds	r3, r0, r3
 260 00aa 5888     		ldrh	r0, [r3, #2]
 261 00ac 0004     		lsls	r0, r0, #16
 262 00ae 1043     		orrs	r0, r2
 263 00b0 FFF7FEFF 		bl	CYMEMZERO
 264              	.LVL20:
 265              	.LBE4:
 331:Generated_Source\PSoC4/cyfitter_cfg.c **** 		{
 266              		.loc 1 331 0 discriminator 3
 267 00b4 0134     		adds	r4, r4, #1
 268              	.LVL21:
 269 00b6 E4B2     		uxtb	r4, r4
 270              	.LVL22:
 271              	.L11:
 331:Generated_Source\PSoC4/cyfitter_cfg.c **** 		{
 272              		.loc 1 331 0 is_stmt 0 discriminator 1
 273 00b8 012C     		cmp	r4, #1
 274 00ba EDD9     		bls	.L12
 335:Generated_Source\PSoC4/cyfitter_cfg.c **** 		}
 336:Generated_Source\PSoC4/cyfitter_cfg.c **** 
 337:Generated_Source\PSoC4/cyfitter_cfg.c **** 		cfg_write_bytes32(cy_cfg_addr_table, cy_cfg_data_table);
 275              		.loc 1 337 0 is_stmt 1
 276 00bc 1648     		ldr	r0, .L13
 277 00be 0100     		movs	r1, r0
 278 00c0 0C31     		adds	r1, r1, #12
 279 00c2 2030     		adds	r0, r0, #32
 280 00c4 FFF7FEFF 		bl	cfg_write_bytes32
 281              	.LVL23:
 338:Generated_Source\PSoC4/cyfitter_cfg.c **** 
ARM GAS  C:\Users\Lenovo\AppData\Local\Temp\ccyeaKT9.s 			page 12


 339:Generated_Source\PSoC4/cyfitter_cfg.c **** 		/* HSIOM Starting address: CYDEV_HSIOM_BASE */
 340:Generated_Source\PSoC4/cyfitter_cfg.c **** 		CY_SET_REG32((void *)(CYDEV_HSIOM_BASE), 0x00900300u);
 282              		.loc 1 340 0
 283 00c8 144A     		ldr	r2, .L13+4
 284 00ca 154B     		ldr	r3, .L13+8
 285 00cc 1A60     		str	r2, [r3]
 341:Generated_Source\PSoC4/cyfitter_cfg.c **** 		CY_SET_REG32((void *)(CYREG_HSIOM_PORT_SEL3), 0x0000EE00u);
 286              		.loc 1 341 0
 287 00ce EE22     		movs	r2, #238
 288 00d0 1202     		lsls	r2, r2, #8
 289 00d2 144B     		ldr	r3, .L13+12
 290 00d4 1A60     		str	r2, [r3]
 342:Generated_Source\PSoC4/cyfitter_cfg.c **** 
 343:Generated_Source\PSoC4/cyfitter_cfg.c **** 		/* UDB_PA_0 Starting address: CYDEV_UDB_PA0_BASE */
 344:Generated_Source\PSoC4/cyfitter_cfg.c **** 		CY_SET_REG32((void *)(CYDEV_UDB_PA0_BASE), 0x00990000u);
 291              		.loc 1 344 0
 292 00d6 9923     		movs	r3, #153
 293 00d8 1B04     		lsls	r3, r3, #16
 294 00da 134A     		ldr	r2, .L13+16
 295 00dc 1360     		str	r3, [r2]
 345:Generated_Source\PSoC4/cyfitter_cfg.c **** 		CY_SET_REG32((void *)(CYREG_UDB_PA0_CFG8), 0x00450000u);
 296              		.loc 1 345 0
 297 00de 8A21     		movs	r1, #138
 298 00e0 C903     		lsls	r1, r1, #15
 299 00e2 124A     		ldr	r2, .L13+20
 300 00e4 1160     		str	r1, [r2]
 346:Generated_Source\PSoC4/cyfitter_cfg.c **** 
 347:Generated_Source\PSoC4/cyfitter_cfg.c **** 		/* UDB_PA_3 Starting address: CYDEV_UDB_PA3_BASE */
 348:Generated_Source\PSoC4/cyfitter_cfg.c **** 		CY_SET_REG32((void *)(CYDEV_UDB_PA3_BASE), 0x00990000u);
 301              		.loc 1 348 0
 302 00e6 124A     		ldr	r2, .L13+24
 303 00e8 1360     		str	r3, [r2]
 349:Generated_Source\PSoC4/cyfitter_cfg.c **** 
 350:Generated_Source\PSoC4/cyfitter_cfg.c **** 		/* Enable digital routing */
 351:Generated_Source\PSoC4/cyfitter_cfg.c **** 		CY_SET_XTND_REG8((void *)CYREG_UDB_UDBIF_BANK_CTL, (uint8)(CY_GET_XTND_REG8((void *)CYREG_UDB_UDB
 304              		.loc 1 351 0
 305 00ea 124A     		ldr	r2, .L13+28
 306 00ec 1178     		ldrb	r1, [r2]
 307 00ee 0623     		movs	r3, #6
 308 00f0 0B43     		orrs	r3, r1
 309 00f2 DBB2     		uxtb	r3, r3
 310 00f4 1370     		strb	r3, [r2]
 311              	.LBE3:
 352:Generated_Source\PSoC4/cyfitter_cfg.c **** 	}
 353:Generated_Source\PSoC4/cyfitter_cfg.c **** 
 354:Generated_Source\PSoC4/cyfitter_cfg.c **** 	/* Perform second pass device configuration. These items must be configured in specific order afte
 355:Generated_Source\PSoC4/cyfitter_cfg.c **** 	/* IOPINS0_0 Starting address: CYDEV_PRT0_BASE */
 356:Generated_Source\PSoC4/cyfitter_cfg.c **** 	CY_SET_REG32((void *)(CYDEV_PRT0_BASE), 0x00000024u);
 312              		.loc 1 356 0
 313 00f6 2422     		movs	r2, #36
 314 00f8 0F4B     		ldr	r3, .L13+32
 315 00fa 1A60     		str	r2, [r3]
 357:Generated_Source\PSoC4/cyfitter_cfg.c **** 	CY_SET_REG32((void *)(CYREG_PRT0_PC), 0x00030180u);
 316              		.loc 1 357 0
 317 00fc 0F4A     		ldr	r2, .L13+36
 318 00fe 104B     		ldr	r3, .L13+40
 319 0100 1A60     		str	r2, [r3]
ARM GAS  C:\Users\Lenovo\AppData\Local\Temp\ccyeaKT9.s 			page 13


 358:Generated_Source\PSoC4/cyfitter_cfg.c **** 	CY_SET_REG32((void *)(CYREG_PRT0_PC2), 0x00000020u);
 320              		.loc 1 358 0
 321 0102 2022     		movs	r2, #32
 322 0104 0F4B     		ldr	r3, .L13+44
 323 0106 1A60     		str	r2, [r3]
 359:Generated_Source\PSoC4/cyfitter_cfg.c **** 
 360:Generated_Source\PSoC4/cyfitter_cfg.c **** 	/* IOPINS0_3 Starting address: CYDEV_PRT3_BASE */
 361:Generated_Source\PSoC4/cyfitter_cfg.c **** 	CY_SET_REG32((void *)(CYREG_PRT3_PC), 0x00000D80u);
 324              		.loc 1 361 0
 325 0108 D822     		movs	r2, #216
 326 010a 1201     		lsls	r2, r2, #4
 327 010c 0E4B     		ldr	r3, .L13+48
 328 010e 1A60     		str	r2, [r3]
 362:Generated_Source\PSoC4/cyfitter_cfg.c **** 
 363:Generated_Source\PSoC4/cyfitter_cfg.c **** 
 364:Generated_Source\PSoC4/cyfitter_cfg.c **** 	/* Setup clocks based on selections from Clock DWR */
 365:Generated_Source\PSoC4/cyfitter_cfg.c **** 	ClockSetup();
 329              		.loc 1 365 0
 330 0110 FFF776FF 		bl	ClockSetup
 331              	.LVL24:
 366:Generated_Source\PSoC4/cyfitter_cfg.c **** 
 367:Generated_Source\PSoC4/cyfitter_cfg.c **** 	/* Perform basic analog initialization to defaults */
 368:Generated_Source\PSoC4/cyfitter_cfg.c **** 	AnalogSetDefault();
 369:Generated_Source\PSoC4/cyfitter_cfg.c **** 
 370:Generated_Source\PSoC4/cyfitter_cfg.c **** }
 332              		.loc 1 370 0
 333              		@ sp needed
 334              	.LVL25:
 335 0114 10BD     		pop	{r4, pc}
 336              	.L14:
 337 0116 C046     		.align	2
 338              	.L13:
 339 0118 00000000 		.word	.LANCHOR0
 340 011c 00039000 		.word	9437952
 341 0120 00000140 		.word	1073807360
 342 0124 0C000140 		.word	1073807372
 343 0128 00500F40 		.word	1074745344
 344 012c 08500F40 		.word	1074745352
 345 0130 30500F40 		.word	1074745392
 346 0134 00700F40 		.word	1074753536
 347 0138 00000440 		.word	1074003968
 348 013c 80010300 		.word	196992
 349 0140 08000440 		.word	1074003976
 350 0144 18000440 		.word	1074003992
 351 0148 08030440 		.word	1074004744
 352              		.cfi_endproc
 353              	.LFE6:
 354              		.size	cyfitter_cfg, .-cyfitter_cfg
 355              		.section	.rodata
 356              		.align	2
 357              		.set	.LANCHOR0,. + 0
 358              		.type	cfg_memset_list.4870, %object
 359              		.size	cfg_memset_list.4870, 12
 360              	cfg_memset_list.4870:
 361 0000 00300F40 		.word	1074737152
 362 0004 0004     		.short	1024
 363 0006 00400F40 		.4byte	1074741248
ARM GAS  C:\Users\Lenovo\AppData\Local\Temp\ccyeaKT9.s 			page 14


 364 000a 0004     		.short	1024
 365              		.type	cy_cfg_data_table.4865, %object
 366              		.size	cy_cfg_data_table.4865, 18
 367              	cy_cfg_data_table.4865:
 368 000c E2       		.byte	-30
 369 000d 80       		.byte	-128
 370 000e 53       		.byte	83
 371 000f 04       		.byte	4
 372 0010 D4       		.byte	-44
 373 0011 20       		.byte	32
 374 0012 8B       		.byte	-117
 375 0013 04       		.byte	4
 376 0014 97       		.byte	-105
 377 0015 08       		.byte	8
 378 0016 19       		.byte	25
 379 0017 08       		.byte	8
 380 0018 89       		.byte	-119
 381 0019 08       		.byte	8
 382 001a C6       		.byte	-58
 383 001b 08       		.byte	8
 384 001c E2       		.byte	-30
 385 001d 01       		.byte	1
 386 001e 0000     		.space	2
 387              		.type	cy_cfg_addr_table.4864, %object
 388              		.size	cy_cfg_addr_table.4864, 16
 389              	cy_cfg_addr_table.4864:
 390 0020 01330F40 		.word	1074737921
 391 0024 02400F40 		.word	1074741250
 392 0028 02410F40 		.word	1074741506
 393 002c 04430F40 		.word	1074742020
 394              		.text
 395              	.Letext0:
 396              		.file 2 "d:\\psoc creator\\4.4\\psoc creator\\import\\gnu\\arm\\5.4.1\\lib\\gcc\\arm-none-eabi\\5.
 397              		.file 3 "Generated_Source\\PSoC4\\cytypes.h"
 398              		.file 4 "Generated_Source\\PSoC4\\CyLib.h"
 399              		.section	.debug_info,"",%progbits
 400              	.Ldebug_info0:
 401 0000 9C030000 		.4byte	0x39c
 402 0004 0400     		.2byte	0x4
 403 0006 00000000 		.4byte	.Ldebug_abbrev0
 404 000a 04       		.byte	0x4
 405 000b 01       		.uleb128 0x1
 406 000c 30010000 		.4byte	.LASF39
 407 0010 0C       		.byte	0xc
 408 0011 8E020000 		.4byte	.LASF40
 409 0015 1D020000 		.4byte	.LASF41
 410 0019 00000000 		.4byte	.Ldebug_ranges0+0
 411 001d 00000000 		.4byte	0
 412 0021 00000000 		.4byte	.Ldebug_line0
 413 0025 02       		.uleb128 0x2
 414 0026 04       		.byte	0x4
 415 0027 05       		.byte	0x5
 416 0028 696E7400 		.ascii	"int\000"
 417 002c 03       		.uleb128 0x3
 418 002d 06000000 		.4byte	.LASF12
 419 0031 02       		.byte	0x2
 420 0032 D8       		.byte	0xd8
ARM GAS  C:\Users\Lenovo\AppData\Local\Temp\ccyeaKT9.s 			page 15


 421 0033 37000000 		.4byte	0x37
 422 0037 04       		.uleb128 0x4
 423 0038 04       		.byte	0x4
 424 0039 07       		.byte	0x7
 425 003a F7000000 		.4byte	.LASF0
 426 003e 04       		.uleb128 0x4
 427 003f 08       		.byte	0x8
 428 0040 05       		.byte	0x5
 429 0041 F0010000 		.4byte	.LASF1
 430 0045 04       		.uleb128 0x4
 431 0046 08       		.byte	0x8
 432 0047 04       		.byte	0x4
 433 0048 76020000 		.4byte	.LASF2
 434 004c 04       		.uleb128 0x4
 435 004d 01       		.byte	0x1
 436 004e 06       		.byte	0x6
 437 004f 82020000 		.4byte	.LASF3
 438 0053 04       		.uleb128 0x4
 439 0054 01       		.byte	0x1
 440 0055 08       		.byte	0x8
 441 0056 99000000 		.4byte	.LASF4
 442 005a 04       		.uleb128 0x4
 443 005b 02       		.byte	0x2
 444 005c 05       		.byte	0x5
 445 005d 4E020000 		.4byte	.LASF5
 446 0061 04       		.uleb128 0x4
 447 0062 02       		.byte	0x2
 448 0063 07       		.byte	0x7
 449 0064 DD010000 		.4byte	.LASF6
 450 0068 04       		.uleb128 0x4
 451 0069 04       		.byte	0x4
 452 006a 05       		.byte	0x5
 453 006b 6D020000 		.4byte	.LASF7
 454 006f 04       		.uleb128 0x4
 455 0070 04       		.byte	0x4
 456 0071 07       		.byte	0x7
 457 0072 77000000 		.4byte	.LASF8
 458 0076 04       		.uleb128 0x4
 459 0077 08       		.byte	0x8
 460 0078 07       		.byte	0x7
 461 0079 19010000 		.4byte	.LASF9
 462 007d 04       		.uleb128 0x4
 463 007e 04       		.byte	0x4
 464 007f 07       		.byte	0x7
 465 0080 D4010000 		.4byte	.LASF10
 466 0084 05       		.uleb128 0x5
 467 0085 04       		.byte	0x4
 468 0086 04       		.uleb128 0x4
 469 0087 01       		.byte	0x1
 470 0088 08       		.byte	0x8
 471 0089 FE010000 		.4byte	.LASF11
 472 008d 06       		.uleb128 0x6
 473 008e 89000000 		.4byte	.LASF13
 474 0092 03       		.byte	0x3
 475 0093 FC01     		.2byte	0x1fc
 476 0095 53000000 		.4byte	0x53
 477 0099 06       		.uleb128 0x6
ARM GAS  C:\Users\Lenovo\AppData\Local\Temp\ccyeaKT9.s 			page 16


 478 009a DE000000 		.4byte	.LASF14
 479 009e 03       		.byte	0x3
 480 009f FD01     		.2byte	0x1fd
 481 00a1 61000000 		.4byte	0x61
 482 00a5 06       		.uleb128 0x6
 483 00a6 F0000000 		.4byte	.LASF15
 484 00aa 03       		.byte	0x3
 485 00ab FE01     		.2byte	0x1fe
 486 00ad 6F000000 		.4byte	0x6f
 487 00b1 04       		.uleb128 0x4
 488 00b2 04       		.byte	0x4
 489 00b3 04       		.byte	0x4
 490 00b4 57000000 		.4byte	.LASF16
 491 00b8 04       		.uleb128 0x4
 492 00b9 08       		.byte	0x8
 493 00ba 04       		.byte	0x4
 494 00bb AE000000 		.4byte	.LASF17
 495 00bf 06       		.uleb128 0x6
 496 00c0 72000000 		.4byte	.LASF18
 497 00c4 03       		.byte	0x3
 498 00c5 A602     		.2byte	0x2a6
 499 00c7 CB000000 		.4byte	0xcb
 500 00cb 07       		.uleb128 0x7
 501 00cc 8D000000 		.4byte	0x8d
 502 00d0 06       		.uleb128 0x6
 503 00d1 00000000 		.4byte	.LASF19
 504 00d5 03       		.byte	0x3
 505 00d6 A802     		.2byte	0x2a8
 506 00d8 DC000000 		.4byte	0xdc
 507 00dc 07       		.uleb128 0x7
 508 00dd A5000000 		.4byte	0xa5
 509 00e1 08       		.uleb128 0x8
 510 00e2 02       		.byte	0x2
 511 00e3 01       		.byte	0x1
 512 00e4 97       		.byte	0x97
 513 00e5 02010000 		.4byte	0x102
 514 00e9 09       		.uleb128 0x9
 515 00ea 16020000 		.4byte	.LASF20
 516 00ee 01       		.byte	0x1
 517 00ef 99       		.byte	0x99
 518 00f0 8D000000 		.4byte	0x8d
 519 00f4 00       		.byte	0
 520 00f5 09       		.uleb128 0x9
 521 00f6 1C000000 		.4byte	.LASF21
 522 00fa 01       		.byte	0x1
 523 00fb 9A       		.byte	0x9a
 524 00fc 8D000000 		.4byte	0x8d
 525 0100 01       		.byte	0x1
 526 0101 00       		.byte	0
 527 0102 03       		.uleb128 0x3
 528 0103 03020000 		.4byte	.LASF22
 529 0107 01       		.byte	0x1
 530 0108 9B       		.byte	0x9b
 531 0109 E1000000 		.4byte	0xe1
 532 010d 0A       		.uleb128 0xa
 533 010e B5000000 		.4byte	.LASF27
 534 0112 01       		.byte	0x1
ARM GAS  C:\Users\Lenovo\AppData\Local\Temp\ccyeaKT9.s 			page 17


 535 0113 AE       		.byte	0xae
 536 0114 00000000 		.4byte	.LFB3
 537 0118 32000000 		.4byte	.LFE3-.LFB3
 538 011c 01       		.uleb128 0x1
 539 011d 9C       		.byte	0x9c
 540 011e 7F010000 		.4byte	0x17f
 541 0122 0B       		.uleb128 0xb
 542 0123 D3000000 		.4byte	.LASF23
 543 0127 01       		.byte	0x1
 544 0128 AE       		.byte	0xae
 545 0129 7F010000 		.4byte	0x17f
 546 012d 01       		.uleb128 0x1
 547 012e 50       		.byte	0x50
 548 012f 0B       		.uleb128 0xb
 549 0130 E5000000 		.4byte	.LASF24
 550 0134 01       		.byte	0x1
 551 0135 AE       		.byte	0xae
 552 0136 8A010000 		.4byte	0x18a
 553 013a 01       		.uleb128 0x1
 554 013b 51       		.byte	0x51
 555 013c 0C       		.uleb128 0xc
 556 013d 6900     		.ascii	"i\000"
 557 013f 01       		.byte	0x1
 558 0140 B1       		.byte	0xb1
 559 0141 A5000000 		.4byte	0xa5
 560 0145 00000000 		.4byte	.LLST0
 561 0149 0C       		.uleb128 0xc
 562 014a 6A00     		.ascii	"j\000"
 563 014c 01       		.byte	0x1
 564 014d B1       		.byte	0xb1
 565 014e A5000000 		.4byte	0xa5
 566 0152 1F000000 		.4byte	.LLST1
 567 0156 0D       		.uleb128 0xd
 568 0157 08000000 		.4byte	.LBB2
 569 015b 22000000 		.4byte	.LBE2-.LBB2
 570 015f 0E       		.uleb128 0xe
 571 0160 CB010000 		.4byte	.LASF25
 572 0164 01       		.byte	0x1
 573 0165 B4       		.byte	0xb4
 574 0166 A5000000 		.4byte	0xa5
 575 016a 3E000000 		.4byte	.LLST2
 576 016e 0E       		.uleb128 0xe
 577 016f 22000000 		.4byte	.LASF26
 578 0173 01       		.byte	0x1
 579 0174 B5       		.byte	0xb5
 580 0175 8D000000 		.4byte	0x8d
 581 0179 51000000 		.4byte	.LLST3
 582 017d 00       		.byte	0
 583 017e 00       		.byte	0
 584 017f 0F       		.uleb128 0xf
 585 0180 04       		.byte	0x4
 586 0181 85010000 		.4byte	0x185
 587 0185 10       		.uleb128 0x10
 588 0186 A5000000 		.4byte	0xa5
 589 018a 0F       		.uleb128 0xf
 590 018b 04       		.byte	0x4
 591 018c 90010000 		.4byte	0x190
ARM GAS  C:\Users\Lenovo\AppData\Local\Temp\ccyeaKT9.s 			page 18


 592 0190 10       		.uleb128 0x10
 593 0191 02010000 		.4byte	0x102
 594 0195 0A       		.uleb128 0xa
 595 0196 8F000000 		.4byte	.LASF28
 596 019a 01       		.byte	0x1
 597 019b 4C       		.byte	0x4c
 598 019c 00000000 		.4byte	.LFB0
 599 01a0 0C000000 		.4byte	.LFE0-.LFB0
 600 01a4 01       		.uleb128 0x1
 601 01a5 9C       		.byte	0x9c
 602 01a6 E2010000 		.4byte	0x1e2
 603 01aa 11       		.uleb128 0x11
 604 01ab 7300     		.ascii	"s\000"
 605 01ad 01       		.byte	0x1
 606 01ae 4C       		.byte	0x4c
 607 01af 84000000 		.4byte	0x84
 608 01b3 6F000000 		.4byte	.LLST4
 609 01b7 11       		.uleb128 0x11
 610 01b8 6E00     		.ascii	"n\000"
 611 01ba 01       		.byte	0x1
 612 01bb 4C       		.byte	0x4c
 613 01bc 2C000000 		.4byte	0x2c
 614 01c0 90000000 		.4byte	.LLST5
 615 01c4 12       		.uleb128 0x12
 616 01c5 0A000000 		.4byte	.LVL14
 617 01c9 75030000 		.4byte	0x375
 618 01cd 13       		.uleb128 0x13
 619 01ce 01       		.uleb128 0x1
 620 01cf 50       		.byte	0x50
 621 01d0 03       		.uleb128 0x3
 622 01d1 F3       		.byte	0xf3
 623 01d2 01       		.uleb128 0x1
 624 01d3 50       		.byte	0x50
 625 01d4 13       		.uleb128 0x13
 626 01d5 01       		.uleb128 0x1
 627 01d6 51       		.byte	0x51
 628 01d7 01       		.uleb128 0x1
 629 01d8 30       		.byte	0x30
 630 01d9 13       		.uleb128 0x13
 631 01da 01       		.uleb128 0x1
 632 01db 52       		.byte	0x52
 633 01dc 03       		.uleb128 0x3
 634 01dd F3       		.byte	0xf3
 635 01de 01       		.uleb128 0x1
 636 01df 51       		.byte	0x51
 637 01e0 00       		.byte	0
 638 01e1 00       		.byte	0
 639 01e2 0A       		.uleb128 0xa
 640 01e3 28000000 		.4byte	.LASF29
 641 01e7 01       		.byte	0x1
 642 01e8 D3       		.byte	0xd3
 643 01e9 00000000 		.4byte	.LFB4
 644 01ed 90000000 		.4byte	.LFE4-.LFB4
 645 01f1 01       		.uleb128 0x1
 646 01f2 9C       		.byte	0x9c
 647 01f3 2D020000 		.4byte	0x22d
 648 01f7 14       		.uleb128 0x14
ARM GAS  C:\Users\Lenovo\AppData\Local\Temp\ccyeaKT9.s 			page 19


 649 01f8 14000000 		.4byte	.LVL15
 650 01fc 7E030000 		.4byte	0x37e
 651 0200 0A020000 		.4byte	0x20a
 652 0204 13       		.uleb128 0x13
 653 0205 01       		.uleb128 0x1
 654 0206 50       		.byte	0x50
 655 0207 01       		.uleb128 0x1
 656 0208 48       		.byte	0x48
 657 0209 00       		.byte	0
 658 020a 14       		.uleb128 0x14
 659 020b 4E000000 		.4byte	.LVL16
 660 020f 89030000 		.4byte	0x389
 661 0213 1D020000 		.4byte	0x21d
 662 0217 13       		.uleb128 0x13
 663 0218 01       		.uleb128 0x1
 664 0219 50       		.byte	0x50
 665 021a 01       		.uleb128 0x1
 666 021b 39       		.byte	0x39
 667 021c 00       		.byte	0
 668 021d 12       		.uleb128 0x12
 669 021e 54000000 		.4byte	.LVL17
 670 0222 94030000 		.4byte	0x394
 671 0226 13       		.uleb128 0x13
 672 0227 01       		.uleb128 0x1
 673 0228 50       		.byte	0x50
 674 0229 01       		.uleb128 0x1
 675 022a 39       		.byte	0x39
 676 022b 00       		.byte	0
 677 022c 00       		.byte	0
 678 022d 15       		.uleb128 0x15
 679 022e 04010000 		.4byte	.LASF42
 680 0232 01       		.byte	0x1
 681 0233 2201     		.2byte	0x122
 682 0235 90000000 		.4byte	.LFB6
 683 0239 BC000000 		.4byte	.LFE6-.LFB6
 684 023d 01       		.uleb128 0x1
 685 023e 9C       		.byte	0x9c
 686 023f 4B030000 		.4byte	0x34b
 687 0243 16       		.uleb128 0x16
 688 0244 94000000 		.4byte	.LBB3
 689 0248 62000000 		.4byte	.LBE3-.LBB3
 690 024c 41030000 		.4byte	0x341
 691 0250 17       		.uleb128 0x17
 692 0251 33000000 		.4byte	.LASF30
 693 0255 01       		.byte	0x1
 694 0256 2801     		.2byte	0x128
 695 0258 5B030000 		.4byte	0x35b
 696 025c 05       		.uleb128 0x5
 697 025d 03       		.byte	0x3
 698 025e 20000000 		.4byte	cy_cfg_addr_table.4864
 699 0262 17       		.uleb128 0x17
 700 0263 45000000 		.4byte	.LASF31
 701 0267 01       		.byte	0x1
 702 0268 2F01     		.2byte	0x12f
 703 026a 70030000 		.4byte	0x370
 704 026e 05       		.uleb128 0x5
 705 026f 03       		.byte	0x3
ARM GAS  C:\Users\Lenovo\AppData\Local\Temp\ccyeaKT9.s 			page 20


 706 0270 0C000000 		.4byte	cy_cfg_data_table.4865
 707 0274 18       		.uleb128 0x18
 708 0275 06       		.byte	0x6
 709 0276 01       		.byte	0x1
 710 0277 3D01     		.2byte	0x13d
 711 0279 98020000 		.4byte	0x298
 712 027d 19       		.uleb128 0x19
 713 027e 11010000 		.4byte	.LASF32
 714 0282 01       		.byte	0x1
 715 0283 3E01     		.2byte	0x13e
 716 0285 84000000 		.4byte	0x84
 717 0289 00       		.byte	0
 718 028a 19       		.uleb128 0x19
 719 028b 6D000000 		.4byte	.LASF33
 720 028f 01       		.byte	0x1
 721 0290 3F01     		.2byte	0x13f
 722 0292 99000000 		.4byte	0x99
 723 0296 04       		.byte	0x4
 724 0297 00       		.byte	0
 725 0298 06       		.uleb128 0x6
 726 0299 BE010000 		.4byte	.LASF34
 727 029d 01       		.byte	0x1
 728 029e 4001     		.2byte	0x140
 729 02a0 74020000 		.4byte	0x274
 730 02a4 1A       		.uleb128 0x1a
 731 02a5 B4020000 		.4byte	0x2b4
 732 02a9 B4020000 		.4byte	0x2b4
 733 02ad 1B       		.uleb128 0x1b
 734 02ae 7D000000 		.4byte	0x7d
 735 02b2 01       		.byte	0x1
 736 02b3 00       		.byte	0
 737 02b4 10       		.uleb128 0x10
 738 02b5 98020000 		.4byte	0x298
 739 02b9 17       		.uleb128 0x17
 740 02ba 5D000000 		.4byte	.LASF35
 741 02be 01       		.byte	0x1
 742 02bf 4201     		.2byte	0x142
 743 02c1 CB020000 		.4byte	0x2cb
 744 02c5 05       		.uleb128 0x5
 745 02c6 03       		.byte	0x3
 746 02c7 00000000 		.4byte	cfg_memset_list.4870
 747 02cb 10       		.uleb128 0x10
 748 02cc A4020000 		.4byte	0x2a4
 749 02d0 1C       		.uleb128 0x1c
 750 02d1 6900     		.ascii	"i\000"
 751 02d3 01       		.byte	0x1
 752 02d4 4801     		.2byte	0x148
 753 02d6 8D000000 		.4byte	0x8d
 754 02da BC000000 		.4byte	.LLST6
 755 02de 16       		.uleb128 0x16
 756 02df 98000000 		.4byte	.LBB4
 757 02e3 1C000000 		.4byte	.LBE4-.LBB4
 758 02e7 24030000 		.4byte	0x324
 759 02eb 1C       		.uleb128 0x1c
 760 02ec 6D7300   		.ascii	"ms\000"
 761 02ef 01       		.byte	0x1
 762 02f0 4D01     		.2byte	0x14d
ARM GAS  C:\Users\Lenovo\AppData\Local\Temp\ccyeaKT9.s 			page 21


 763 02f2 FA020000 		.4byte	0x2fa
 764 02f6 E6000000 		.4byte	.LLST7
 765 02fa 0F       		.uleb128 0xf
 766 02fb 04       		.byte	0x4
 767 02fc B4020000 		.4byte	0x2b4
 768 0300 12       		.uleb128 0x12
 769 0301 B4000000 		.4byte	.LVL20
 770 0305 95010000 		.4byte	0x195
 771 0309 13       		.uleb128 0x13
 772 030a 01       		.uleb128 0x1
 773 030b 51       		.byte	0x51
 774 030c 15       		.uleb128 0x15
 775 030d 74       		.byte	0x74
 776 030e 00       		.sleb128 0
 777 030f 31       		.byte	0x31
 778 0310 24       		.byte	0x24
 779 0311 74       		.byte	0x74
 780 0312 00       		.sleb128 0
 781 0313 22       		.byte	0x22
 782 0314 31       		.byte	0x31
 783 0315 24       		.byte	0x24
 784 0316 03       		.byte	0x3
 785 0317 04000000 		.4byte	.LANCHOR0+4
 786 031b 22       		.byte	0x22
 787 031c 94       		.byte	0x94
 788 031d 02       		.byte	0x2
 789 031e 0A       		.byte	0xa
 790 031f FFFF     		.2byte	0xffff
 791 0321 1A       		.byte	0x1a
 792 0322 00       		.byte	0
 793 0323 00       		.byte	0
 794 0324 12       		.uleb128 0x12
 795 0325 C8000000 		.4byte	.LVL23
 796 0329 0D010000 		.4byte	0x10d
 797 032d 13       		.uleb128 0x13
 798 032e 01       		.uleb128 0x1
 799 032f 50       		.byte	0x50
 800 0330 05       		.uleb128 0x5
 801 0331 03       		.byte	0x3
 802 0332 20000000 		.4byte	.LANCHOR0+32
 803 0336 13       		.uleb128 0x13
 804 0337 01       		.uleb128 0x1
 805 0338 51       		.byte	0x51
 806 0339 05       		.uleb128 0x5
 807 033a 03       		.byte	0x3
 808 033b 0C000000 		.4byte	.LANCHOR0+12
 809 033f 00       		.byte	0
 810 0340 00       		.byte	0
 811 0341 1D       		.uleb128 0x1d
 812 0342 14010000 		.4byte	.LVL24
 813 0346 E2010000 		.4byte	0x1e2
 814 034a 00       		.byte	0
 815 034b 1A       		.uleb128 0x1a
 816 034c 85010000 		.4byte	0x185
 817 0350 5B030000 		.4byte	0x35b
 818 0354 1B       		.uleb128 0x1b
 819 0355 7D000000 		.4byte	0x7d
ARM GAS  C:\Users\Lenovo\AppData\Local\Temp\ccyeaKT9.s 			page 22


 820 0359 03       		.byte	0x3
 821 035a 00       		.byte	0
 822 035b 10       		.uleb128 0x10
 823 035c 4B030000 		.4byte	0x34b
 824 0360 1A       		.uleb128 0x1a
 825 0361 90010000 		.4byte	0x190
 826 0365 70030000 		.4byte	0x370
 827 0369 1B       		.uleb128 0x1b
 828 036a 7D000000 		.4byte	0x7d
 829 036e 08       		.byte	0x8
 830 036f 00       		.byte	0
 831 0370 10       		.uleb128 0x10
 832 0371 60030000 		.4byte	0x360
 833 0375 1E       		.uleb128 0x1e
 834 0376 A7000000 		.4byte	.LASF43
 835 037a A7000000 		.4byte	.LASF43
 836 037e 1F       		.uleb128 0x1f
 837 037f 58020000 		.4byte	.LASF36
 838 0383 58020000 		.4byte	.LASF36
 839 0387 04       		.byte	0x4
 840 0388 6C       		.byte	0x6c
 841 0389 1F       		.uleb128 0x1f
 842 038a 0D000000 		.4byte	.LASF37
 843 038e 0D000000 		.4byte	.LASF37
 844 0392 04       		.byte	0x4
 845 0393 D0       		.byte	0xd0
 846 0394 1F       		.uleb128 0x1f
 847 0395 C7000000 		.4byte	.LASF38
 848 0399 C7000000 		.4byte	.LASF38
 849 039d 04       		.byte	0x4
 850 039e D6       		.byte	0xd6
 851 039f 00       		.byte	0
 852              		.section	.debug_abbrev,"",%progbits
 853              	.Ldebug_abbrev0:
 854 0000 01       		.uleb128 0x1
 855 0001 11       		.uleb128 0x11
 856 0002 01       		.byte	0x1
 857 0003 25       		.uleb128 0x25
 858 0004 0E       		.uleb128 0xe
 859 0005 13       		.uleb128 0x13
 860 0006 0B       		.uleb128 0xb
 861 0007 03       		.uleb128 0x3
 862 0008 0E       		.uleb128 0xe
 863 0009 1B       		.uleb128 0x1b
 864 000a 0E       		.uleb128 0xe
 865 000b 55       		.uleb128 0x55
 866 000c 17       		.uleb128 0x17
 867 000d 11       		.uleb128 0x11
 868 000e 01       		.uleb128 0x1
 869 000f 10       		.uleb128 0x10
 870 0010 17       		.uleb128 0x17
 871 0011 00       		.byte	0
 872 0012 00       		.byte	0
 873 0013 02       		.uleb128 0x2
 874 0014 24       		.uleb128 0x24
 875 0015 00       		.byte	0
 876 0016 0B       		.uleb128 0xb
ARM GAS  C:\Users\Lenovo\AppData\Local\Temp\ccyeaKT9.s 			page 23


 877 0017 0B       		.uleb128 0xb
 878 0018 3E       		.uleb128 0x3e
 879 0019 0B       		.uleb128 0xb
 880 001a 03       		.uleb128 0x3
 881 001b 08       		.uleb128 0x8
 882 001c 00       		.byte	0
 883 001d 00       		.byte	0
 884 001e 03       		.uleb128 0x3
 885 001f 16       		.uleb128 0x16
 886 0020 00       		.byte	0
 887 0021 03       		.uleb128 0x3
 888 0022 0E       		.uleb128 0xe
 889 0023 3A       		.uleb128 0x3a
 890 0024 0B       		.uleb128 0xb
 891 0025 3B       		.uleb128 0x3b
 892 0026 0B       		.uleb128 0xb
 893 0027 49       		.uleb128 0x49
 894 0028 13       		.uleb128 0x13
 895 0029 00       		.byte	0
 896 002a 00       		.byte	0
 897 002b 04       		.uleb128 0x4
 898 002c 24       		.uleb128 0x24
 899 002d 00       		.byte	0
 900 002e 0B       		.uleb128 0xb
 901 002f 0B       		.uleb128 0xb
 902 0030 3E       		.uleb128 0x3e
 903 0031 0B       		.uleb128 0xb
 904 0032 03       		.uleb128 0x3
 905 0033 0E       		.uleb128 0xe
 906 0034 00       		.byte	0
 907 0035 00       		.byte	0
 908 0036 05       		.uleb128 0x5
 909 0037 0F       		.uleb128 0xf
 910 0038 00       		.byte	0
 911 0039 0B       		.uleb128 0xb
 912 003a 0B       		.uleb128 0xb
 913 003b 00       		.byte	0
 914 003c 00       		.byte	0
 915 003d 06       		.uleb128 0x6
 916 003e 16       		.uleb128 0x16
 917 003f 00       		.byte	0
 918 0040 03       		.uleb128 0x3
 919 0041 0E       		.uleb128 0xe
 920 0042 3A       		.uleb128 0x3a
 921 0043 0B       		.uleb128 0xb
 922 0044 3B       		.uleb128 0x3b
 923 0045 05       		.uleb128 0x5
 924 0046 49       		.uleb128 0x49
 925 0047 13       		.uleb128 0x13
 926 0048 00       		.byte	0
 927 0049 00       		.byte	0
 928 004a 07       		.uleb128 0x7
 929 004b 35       		.uleb128 0x35
 930 004c 00       		.byte	0
 931 004d 49       		.uleb128 0x49
 932 004e 13       		.uleb128 0x13
 933 004f 00       		.byte	0
ARM GAS  C:\Users\Lenovo\AppData\Local\Temp\ccyeaKT9.s 			page 24


 934 0050 00       		.byte	0
 935 0051 08       		.uleb128 0x8
 936 0052 13       		.uleb128 0x13
 937 0053 01       		.byte	0x1
 938 0054 0B       		.uleb128 0xb
 939 0055 0B       		.uleb128 0xb
 940 0056 3A       		.uleb128 0x3a
 941 0057 0B       		.uleb128 0xb
 942 0058 3B       		.uleb128 0x3b
 943 0059 0B       		.uleb128 0xb
 944 005a 01       		.uleb128 0x1
 945 005b 13       		.uleb128 0x13
 946 005c 00       		.byte	0
 947 005d 00       		.byte	0
 948 005e 09       		.uleb128 0x9
 949 005f 0D       		.uleb128 0xd
 950 0060 00       		.byte	0
 951 0061 03       		.uleb128 0x3
 952 0062 0E       		.uleb128 0xe
 953 0063 3A       		.uleb128 0x3a
 954 0064 0B       		.uleb128 0xb
 955 0065 3B       		.uleb128 0x3b
 956 0066 0B       		.uleb128 0xb
 957 0067 49       		.uleb128 0x49
 958 0068 13       		.uleb128 0x13
 959 0069 38       		.uleb128 0x38
 960 006a 0B       		.uleb128 0xb
 961 006b 00       		.byte	0
 962 006c 00       		.byte	0
 963 006d 0A       		.uleb128 0xa
 964 006e 2E       		.uleb128 0x2e
 965 006f 01       		.byte	0x1
 966 0070 03       		.uleb128 0x3
 967 0071 0E       		.uleb128 0xe
 968 0072 3A       		.uleb128 0x3a
 969 0073 0B       		.uleb128 0xb
 970 0074 3B       		.uleb128 0x3b
 971 0075 0B       		.uleb128 0xb
 972 0076 27       		.uleb128 0x27
 973 0077 19       		.uleb128 0x19
 974 0078 11       		.uleb128 0x11
 975 0079 01       		.uleb128 0x1
 976 007a 12       		.uleb128 0x12
 977 007b 06       		.uleb128 0x6
 978 007c 40       		.uleb128 0x40
 979 007d 18       		.uleb128 0x18
 980 007e 9742     		.uleb128 0x2117
 981 0080 19       		.uleb128 0x19
 982 0081 01       		.uleb128 0x1
 983 0082 13       		.uleb128 0x13
 984 0083 00       		.byte	0
 985 0084 00       		.byte	0
 986 0085 0B       		.uleb128 0xb
 987 0086 05       		.uleb128 0x5
 988 0087 00       		.byte	0
 989 0088 03       		.uleb128 0x3
 990 0089 0E       		.uleb128 0xe
ARM GAS  C:\Users\Lenovo\AppData\Local\Temp\ccyeaKT9.s 			page 25


 991 008a 3A       		.uleb128 0x3a
 992 008b 0B       		.uleb128 0xb
 993 008c 3B       		.uleb128 0x3b
 994 008d 0B       		.uleb128 0xb
 995 008e 49       		.uleb128 0x49
 996 008f 13       		.uleb128 0x13
 997 0090 02       		.uleb128 0x2
 998 0091 18       		.uleb128 0x18
 999 0092 00       		.byte	0
 1000 0093 00       		.byte	0
 1001 0094 0C       		.uleb128 0xc
 1002 0095 34       		.uleb128 0x34
 1003 0096 00       		.byte	0
 1004 0097 03       		.uleb128 0x3
 1005 0098 08       		.uleb128 0x8
 1006 0099 3A       		.uleb128 0x3a
 1007 009a 0B       		.uleb128 0xb
 1008 009b 3B       		.uleb128 0x3b
 1009 009c 0B       		.uleb128 0xb
 1010 009d 49       		.uleb128 0x49
 1011 009e 13       		.uleb128 0x13
 1012 009f 02       		.uleb128 0x2
 1013 00a0 17       		.uleb128 0x17
 1014 00a1 00       		.byte	0
 1015 00a2 00       		.byte	0
 1016 00a3 0D       		.uleb128 0xd
 1017 00a4 0B       		.uleb128 0xb
 1018 00a5 01       		.byte	0x1
 1019 00a6 11       		.uleb128 0x11
 1020 00a7 01       		.uleb128 0x1
 1021 00a8 12       		.uleb128 0x12
 1022 00a9 06       		.uleb128 0x6
 1023 00aa 00       		.byte	0
 1024 00ab 00       		.byte	0
 1025 00ac 0E       		.uleb128 0xe
 1026 00ad 34       		.uleb128 0x34
 1027 00ae 00       		.byte	0
 1028 00af 03       		.uleb128 0x3
 1029 00b0 0E       		.uleb128 0xe
 1030 00b1 3A       		.uleb128 0x3a
 1031 00b2 0B       		.uleb128 0xb
 1032 00b3 3B       		.uleb128 0x3b
 1033 00b4 0B       		.uleb128 0xb
 1034 00b5 49       		.uleb128 0x49
 1035 00b6 13       		.uleb128 0x13
 1036 00b7 02       		.uleb128 0x2
 1037 00b8 17       		.uleb128 0x17
 1038 00b9 00       		.byte	0
 1039 00ba 00       		.byte	0
 1040 00bb 0F       		.uleb128 0xf
 1041 00bc 0F       		.uleb128 0xf
 1042 00bd 00       		.byte	0
 1043 00be 0B       		.uleb128 0xb
 1044 00bf 0B       		.uleb128 0xb
 1045 00c0 49       		.uleb128 0x49
 1046 00c1 13       		.uleb128 0x13
 1047 00c2 00       		.byte	0
ARM GAS  C:\Users\Lenovo\AppData\Local\Temp\ccyeaKT9.s 			page 26


 1048 00c3 00       		.byte	0
 1049 00c4 10       		.uleb128 0x10
 1050 00c5 26       		.uleb128 0x26
 1051 00c6 00       		.byte	0
 1052 00c7 49       		.uleb128 0x49
 1053 00c8 13       		.uleb128 0x13
 1054 00c9 00       		.byte	0
 1055 00ca 00       		.byte	0
 1056 00cb 11       		.uleb128 0x11
 1057 00cc 05       		.uleb128 0x5
 1058 00cd 00       		.byte	0
 1059 00ce 03       		.uleb128 0x3
 1060 00cf 08       		.uleb128 0x8
 1061 00d0 3A       		.uleb128 0x3a
 1062 00d1 0B       		.uleb128 0xb
 1063 00d2 3B       		.uleb128 0x3b
 1064 00d3 0B       		.uleb128 0xb
 1065 00d4 49       		.uleb128 0x49
 1066 00d5 13       		.uleb128 0x13
 1067 00d6 02       		.uleb128 0x2
 1068 00d7 17       		.uleb128 0x17
 1069 00d8 00       		.byte	0
 1070 00d9 00       		.byte	0
 1071 00da 12       		.uleb128 0x12
 1072 00db 898201   		.uleb128 0x4109
 1073 00de 01       		.byte	0x1
 1074 00df 11       		.uleb128 0x11
 1075 00e0 01       		.uleb128 0x1
 1076 00e1 31       		.uleb128 0x31
 1077 00e2 13       		.uleb128 0x13
 1078 00e3 00       		.byte	0
 1079 00e4 00       		.byte	0
 1080 00e5 13       		.uleb128 0x13
 1081 00e6 8A8201   		.uleb128 0x410a
 1082 00e9 00       		.byte	0
 1083 00ea 02       		.uleb128 0x2
 1084 00eb 18       		.uleb128 0x18
 1085 00ec 9142     		.uleb128 0x2111
 1086 00ee 18       		.uleb128 0x18
 1087 00ef 00       		.byte	0
 1088 00f0 00       		.byte	0
 1089 00f1 14       		.uleb128 0x14
 1090 00f2 898201   		.uleb128 0x4109
 1091 00f5 01       		.byte	0x1
 1092 00f6 11       		.uleb128 0x11
 1093 00f7 01       		.uleb128 0x1
 1094 00f8 31       		.uleb128 0x31
 1095 00f9 13       		.uleb128 0x13
 1096 00fa 01       		.uleb128 0x1
 1097 00fb 13       		.uleb128 0x13
 1098 00fc 00       		.byte	0
 1099 00fd 00       		.byte	0
 1100 00fe 15       		.uleb128 0x15
 1101 00ff 2E       		.uleb128 0x2e
 1102 0100 01       		.byte	0x1
 1103 0101 3F       		.uleb128 0x3f
 1104 0102 19       		.uleb128 0x19
ARM GAS  C:\Users\Lenovo\AppData\Local\Temp\ccyeaKT9.s 			page 27


 1105 0103 03       		.uleb128 0x3
 1106 0104 0E       		.uleb128 0xe
 1107 0105 3A       		.uleb128 0x3a
 1108 0106 0B       		.uleb128 0xb
 1109 0107 3B       		.uleb128 0x3b
 1110 0108 05       		.uleb128 0x5
 1111 0109 27       		.uleb128 0x27
 1112 010a 19       		.uleb128 0x19
 1113 010b 11       		.uleb128 0x11
 1114 010c 01       		.uleb128 0x1
 1115 010d 12       		.uleb128 0x12
 1116 010e 06       		.uleb128 0x6
 1117 010f 40       		.uleb128 0x40
 1118 0110 18       		.uleb128 0x18
 1119 0111 9742     		.uleb128 0x2117
 1120 0113 19       		.uleb128 0x19
 1121 0114 01       		.uleb128 0x1
 1122 0115 13       		.uleb128 0x13
 1123 0116 00       		.byte	0
 1124 0117 00       		.byte	0
 1125 0118 16       		.uleb128 0x16
 1126 0119 0B       		.uleb128 0xb
 1127 011a 01       		.byte	0x1
 1128 011b 11       		.uleb128 0x11
 1129 011c 01       		.uleb128 0x1
 1130 011d 12       		.uleb128 0x12
 1131 011e 06       		.uleb128 0x6
 1132 011f 01       		.uleb128 0x1
 1133 0120 13       		.uleb128 0x13
 1134 0121 00       		.byte	0
 1135 0122 00       		.byte	0
 1136 0123 17       		.uleb128 0x17
 1137 0124 34       		.uleb128 0x34
 1138 0125 00       		.byte	0
 1139 0126 03       		.uleb128 0x3
 1140 0127 0E       		.uleb128 0xe
 1141 0128 3A       		.uleb128 0x3a
 1142 0129 0B       		.uleb128 0xb
 1143 012a 3B       		.uleb128 0x3b
 1144 012b 05       		.uleb128 0x5
 1145 012c 49       		.uleb128 0x49
 1146 012d 13       		.uleb128 0x13
 1147 012e 02       		.uleb128 0x2
 1148 012f 18       		.uleb128 0x18
 1149 0130 00       		.byte	0
 1150 0131 00       		.byte	0
 1151 0132 18       		.uleb128 0x18
 1152 0133 13       		.uleb128 0x13
 1153 0134 01       		.byte	0x1
 1154 0135 0B       		.uleb128 0xb
 1155 0136 0B       		.uleb128 0xb
 1156 0137 3A       		.uleb128 0x3a
 1157 0138 0B       		.uleb128 0xb
 1158 0139 3B       		.uleb128 0x3b
 1159 013a 05       		.uleb128 0x5
 1160 013b 01       		.uleb128 0x1
 1161 013c 13       		.uleb128 0x13
ARM GAS  C:\Users\Lenovo\AppData\Local\Temp\ccyeaKT9.s 			page 28


 1162 013d 00       		.byte	0
 1163 013e 00       		.byte	0
 1164 013f 19       		.uleb128 0x19
 1165 0140 0D       		.uleb128 0xd
 1166 0141 00       		.byte	0
 1167 0142 03       		.uleb128 0x3
 1168 0143 0E       		.uleb128 0xe
 1169 0144 3A       		.uleb128 0x3a
 1170 0145 0B       		.uleb128 0xb
 1171 0146 3B       		.uleb128 0x3b
 1172 0147 05       		.uleb128 0x5
 1173 0148 49       		.uleb128 0x49
 1174 0149 13       		.uleb128 0x13
 1175 014a 38       		.uleb128 0x38
 1176 014b 0B       		.uleb128 0xb
 1177 014c 00       		.byte	0
 1178 014d 00       		.byte	0
 1179 014e 1A       		.uleb128 0x1a
 1180 014f 01       		.uleb128 0x1
 1181 0150 01       		.byte	0x1
 1182 0151 49       		.uleb128 0x49
 1183 0152 13       		.uleb128 0x13
 1184 0153 01       		.uleb128 0x1
 1185 0154 13       		.uleb128 0x13
 1186 0155 00       		.byte	0
 1187 0156 00       		.byte	0
 1188 0157 1B       		.uleb128 0x1b
 1189 0158 21       		.uleb128 0x21
 1190 0159 00       		.byte	0
 1191 015a 49       		.uleb128 0x49
 1192 015b 13       		.uleb128 0x13
 1193 015c 2F       		.uleb128 0x2f
 1194 015d 0B       		.uleb128 0xb
 1195 015e 00       		.byte	0
 1196 015f 00       		.byte	0
 1197 0160 1C       		.uleb128 0x1c
 1198 0161 34       		.uleb128 0x34
 1199 0162 00       		.byte	0
 1200 0163 03       		.uleb128 0x3
 1201 0164 08       		.uleb128 0x8
 1202 0165 3A       		.uleb128 0x3a
 1203 0166 0B       		.uleb128 0xb
 1204 0167 3B       		.uleb128 0x3b
 1205 0168 05       		.uleb128 0x5
 1206 0169 49       		.uleb128 0x49
 1207 016a 13       		.uleb128 0x13
 1208 016b 02       		.uleb128 0x2
 1209 016c 17       		.uleb128 0x17
 1210 016d 00       		.byte	0
 1211 016e 00       		.byte	0
 1212 016f 1D       		.uleb128 0x1d
 1213 0170 898201   		.uleb128 0x4109
 1214 0173 00       		.byte	0
 1215 0174 11       		.uleb128 0x11
 1216 0175 01       		.uleb128 0x1
 1217 0176 31       		.uleb128 0x31
 1218 0177 13       		.uleb128 0x13
ARM GAS  C:\Users\Lenovo\AppData\Local\Temp\ccyeaKT9.s 			page 29


 1219 0178 00       		.byte	0
 1220 0179 00       		.byte	0
 1221 017a 1E       		.uleb128 0x1e
 1222 017b 2E       		.uleb128 0x2e
 1223 017c 00       		.byte	0
 1224 017d 3F       		.uleb128 0x3f
 1225 017e 19       		.uleb128 0x19
 1226 017f 3C       		.uleb128 0x3c
 1227 0180 19       		.uleb128 0x19
 1228 0181 6E       		.uleb128 0x6e
 1229 0182 0E       		.uleb128 0xe
 1230 0183 03       		.uleb128 0x3
 1231 0184 0E       		.uleb128 0xe
 1232 0185 00       		.byte	0
 1233 0186 00       		.byte	0
 1234 0187 1F       		.uleb128 0x1f
 1235 0188 2E       		.uleb128 0x2e
 1236 0189 00       		.byte	0
 1237 018a 3F       		.uleb128 0x3f
 1238 018b 19       		.uleb128 0x19
 1239 018c 3C       		.uleb128 0x3c
 1240 018d 19       		.uleb128 0x19
 1241 018e 6E       		.uleb128 0x6e
 1242 018f 0E       		.uleb128 0xe
 1243 0190 03       		.uleb128 0x3
 1244 0191 0E       		.uleb128 0xe
 1245 0192 3A       		.uleb128 0x3a
 1246 0193 0B       		.uleb128 0xb
 1247 0194 3B       		.uleb128 0x3b
 1248 0195 0B       		.uleb128 0xb
 1249 0196 00       		.byte	0
 1250 0197 00       		.byte	0
 1251 0198 00       		.byte	0
 1252              		.section	.debug_loc,"",%progbits
 1253              	.Ldebug_loc0:
 1254              	.LLST0:
 1255 0000 02000000 		.4byte	.LVL1
 1256 0004 08000000 		.4byte	.LVL2
 1257 0008 0200     		.2byte	0x2
 1258 000a 30       		.byte	0x30
 1259 000b 9F       		.byte	0x9f
 1260 000c 08000000 		.4byte	.LVL2
 1261 0010 30000000 		.4byte	.LVL11
 1262 0014 0100     		.2byte	0x1
 1263 0016 57       		.byte	0x57
 1264 0017 00000000 		.4byte	0
 1265 001b 00000000 		.4byte	0
 1266              	.LLST1:
 1267 001f 02000000 		.4byte	.LVL1
 1268 0023 08000000 		.4byte	.LVL2
 1269 0027 0200     		.2byte	0x2
 1270 0029 30       		.byte	0x30
 1271 002a 9F       		.byte	0x9f
 1272 002b 08000000 		.4byte	.LVL2
 1273 002f 30000000 		.4byte	.LVL10
 1274 0033 0100     		.2byte	0x1
 1275 0035 55       		.byte	0x55
ARM GAS  C:\Users\Lenovo\AppData\Local\Temp\ccyeaKT9.s 			page 30


 1276 0036 00000000 		.4byte	0
 1277 003a 00000000 		.4byte	0
 1278              	.LLST2:
 1279 003e 0C000000 		.4byte	.LVL3
 1280 0042 2C000000 		.4byte	.LVL9
 1281 0046 0100     		.2byte	0x1
 1282 0048 56       		.byte	0x56
 1283 0049 00000000 		.4byte	0
 1284 004d 00000000 		.4byte	0
 1285              	.LLST3:
 1286 0051 0E000000 		.4byte	.LVL4
 1287 0055 24000000 		.4byte	.LVL7
 1288 0059 0100     		.2byte	0x1
 1289 005b 53       		.byte	0x53
 1290 005c 26000000 		.4byte	.LVL8
 1291 0060 2C000000 		.4byte	.LVL9
 1292 0064 0100     		.2byte	0x1
 1293 0066 53       		.byte	0x53
 1294 0067 00000000 		.4byte	0
 1295 006b 00000000 		.4byte	0
 1296              	.LLST4:
 1297 006f 00000000 		.4byte	.LVL12
 1298 0073 09000000 		.4byte	.LVL14-1
 1299 0077 0100     		.2byte	0x1
 1300 0079 50       		.byte	0x50
 1301 007a 09000000 		.4byte	.LVL14-1
 1302 007e 0C000000 		.4byte	.LFE0
 1303 0082 0400     		.2byte	0x4
 1304 0084 F3       		.byte	0xf3
 1305 0085 01       		.uleb128 0x1
 1306 0086 50       		.byte	0x50
 1307 0087 9F       		.byte	0x9f
 1308 0088 00000000 		.4byte	0
 1309 008c 00000000 		.4byte	0
 1310              	.LLST5:
 1311 0090 00000000 		.4byte	.LVL12
 1312 0094 06000000 		.4byte	.LVL13
 1313 0098 0100     		.2byte	0x1
 1314 009a 51       		.byte	0x51
 1315 009b 06000000 		.4byte	.LVL13
 1316 009f 09000000 		.4byte	.LVL14-1
 1317 00a3 0100     		.2byte	0x1
 1318 00a5 52       		.byte	0x52
 1319 00a6 09000000 		.4byte	.LVL14-1
 1320 00aa 0C000000 		.4byte	.LFE0
 1321 00ae 0400     		.2byte	0x4
 1322 00b0 F3       		.byte	0xf3
 1323 00b1 01       		.uleb128 0x1
 1324 00b2 51       		.byte	0x51
 1325 00b3 9F       		.byte	0x9f
 1326 00b4 00000000 		.4byte	0
 1327 00b8 00000000 		.4byte	0
 1328              	.LLST6:
 1329 00bc 94000000 		.4byte	.LVL18
 1330 00c0 98000000 		.4byte	.LVL19
 1331 00c4 0200     		.2byte	0x2
 1332 00c6 30       		.byte	0x30
ARM GAS  C:\Users\Lenovo\AppData\Local\Temp\ccyeaKT9.s 			page 31


 1333 00c7 9F       		.byte	0x9f
 1334 00c8 98000000 		.4byte	.LVL19
 1335 00cc B6000000 		.4byte	.LVL21
 1336 00d0 0100     		.2byte	0x1
 1337 00d2 54       		.byte	0x54
 1338 00d3 B8000000 		.4byte	.LVL22
 1339 00d7 14010000 		.4byte	.LVL25
 1340 00db 0100     		.2byte	0x1
 1341 00dd 54       		.byte	0x54
 1342 00de 00000000 		.4byte	0
 1343 00e2 00000000 		.4byte	0
 1344              	.LLST7:
 1345 00e6 98000000 		.4byte	.LVL19
 1346 00ea B6000000 		.4byte	.LVL21
 1347 00ee 0B00     		.2byte	0xb
 1348 00f0 74       		.byte	0x74
 1349 00f1 00       		.sleb128 0
 1350 00f2 36       		.byte	0x36
 1351 00f3 1E       		.byte	0x1e
 1352 00f4 03       		.byte	0x3
 1353 00f5 00000000 		.4byte	cfg_memset_list.4870
 1354 00f9 22       		.byte	0x22
 1355 00fa 9F       		.byte	0x9f
 1356 00fb B6000000 		.4byte	.LVL21
 1357 00ff B8000000 		.4byte	.LVL22
 1358 0103 0B00     		.2byte	0xb
 1359 0105 74       		.byte	0x74
 1360 0106 7F       		.sleb128 -1
 1361 0107 36       		.byte	0x36
 1362 0108 1E       		.byte	0x1e
 1363 0109 03       		.byte	0x3
 1364 010a 00000000 		.4byte	cfg_memset_list.4870
 1365 010e 22       		.byte	0x22
 1366 010f 9F       		.byte	0x9f
 1367 0110 00000000 		.4byte	0
 1368 0114 00000000 		.4byte	0
 1369              		.section	.debug_aranges,"",%progbits
 1370 0000 34000000 		.4byte	0x34
 1371 0004 0200     		.2byte	0x2
 1372 0006 00000000 		.4byte	.Ldebug_info0
 1373 000a 04       		.byte	0x4
 1374 000b 00       		.byte	0
 1375 000c 0000     		.2byte	0
 1376 000e 0000     		.2byte	0
 1377 0010 00000000 		.4byte	.LFB3
 1378 0014 32000000 		.4byte	.LFE3-.LFB3
 1379 0018 00000000 		.4byte	.LFB0
 1380 001c 0C000000 		.4byte	.LFE0-.LFB0
 1381 0020 00000000 		.4byte	.LFB4
 1382 0024 90000000 		.4byte	.LFE4-.LFB4
 1383 0028 90000000 		.4byte	.LFB6
 1384 002c BC000000 		.4byte	.LFE6-.LFB6
 1385 0030 00000000 		.4byte	0
 1386 0034 00000000 		.4byte	0
 1387              		.section	.debug_ranges,"",%progbits
 1388              	.Ldebug_ranges0:
 1389 0000 00000000 		.4byte	.LFB3
ARM GAS  C:\Users\Lenovo\AppData\Local\Temp\ccyeaKT9.s 			page 32


 1390 0004 32000000 		.4byte	.LFE3
 1391 0008 00000000 		.4byte	.LFB0
 1392 000c 0C000000 		.4byte	.LFE0
 1393 0010 00000000 		.4byte	.LFB4
 1394 0014 90000000 		.4byte	.LFE4
 1395 0018 90000000 		.4byte	.LFB6
 1396 001c 4C010000 		.4byte	.LFE6
 1397 0020 00000000 		.4byte	0
 1398 0024 00000000 		.4byte	0
 1399              		.section	.debug_line,"",%progbits
 1400              	.Ldebug_line0:
 1401 0000 3F010000 		.section	.debug_str,"MS",%progbits,1
 1401      0200BA00 
 1401      00000201 
 1401      FB0E0D00 
 1401      01010101 
 1402              	.LASF19:
 1403 0000 72656733 		.ascii	"reg32\000"
 1403      3200
 1404              	.LASF12:
 1405 0006 73697A65 		.ascii	"size_t\000"
 1405      5F7400
 1406              	.LASF37:
 1407 000d 4379496E 		.ascii	"CyIntSetVector\000"
 1407      74536574 
 1407      56656374 
 1407      6F7200
 1408              	.LASF21:
 1409 001c 76616C75 		.ascii	"value\000"
 1409      6500
 1410              	.LASF26:
 1411 0022 636F756E 		.ascii	"count\000"
 1411      7400
 1412              	.LASF29:
 1413 0028 436C6F63 		.ascii	"ClockSetup\000"
 1413      6B536574 
 1413      757000
 1414              	.LASF30:
 1415 0033 63795F63 		.ascii	"cy_cfg_addr_table\000"
 1415      66675F61 
 1415      6464725F 
 1415      7461626C 
 1415      6500
 1416              	.LASF31:
 1417 0045 63795F63 		.ascii	"cy_cfg_data_table\000"
 1417      66675F64 
 1417      6174615F 
 1417      7461626C 
 1417      6500
 1418              	.LASF16:
 1419 0057 666C6F61 		.ascii	"float\000"
 1419      7400
 1420              	.LASF35:
 1421 005d 6366675F 		.ascii	"cfg_memset_list\000"
 1421      6D656D73 
 1421      65745F6C 
 1421      69737400 
ARM GAS  C:\Users\Lenovo\AppData\Local\Temp\ccyeaKT9.s 			page 33


 1422              	.LASF33:
 1423 006d 73697A65 		.ascii	"size\000"
 1423      00
 1424              	.LASF18:
 1425 0072 72656738 		.ascii	"reg8\000"
 1425      00
 1426              	.LASF8:
 1427 0077 6C6F6E67 		.ascii	"long unsigned int\000"
 1427      20756E73 
 1427      69676E65 
 1427      6420696E 
 1427      7400
 1428              	.LASF13:
 1429 0089 75696E74 		.ascii	"uint8\000"
 1429      3800
 1430              	.LASF28:
 1431 008f 43594D45 		.ascii	"CYMEMZERO\000"
 1431      4D5A4552 
 1431      4F00
 1432              	.LASF4:
 1433 0099 756E7369 		.ascii	"unsigned char\000"
 1433      676E6564 
 1433      20636861 
 1433      7200
 1434              	.LASF43:
 1435 00a7 6D656D73 		.ascii	"memset\000"
 1435      657400
 1436              	.LASF17:
 1437 00ae 646F7562 		.ascii	"double\000"
 1437      6C6500
 1438              	.LASF27:
 1439 00b5 6366675F 		.ascii	"cfg_write_bytes32\000"
 1439      77726974 
 1439      655F6279 
 1439      74657333 
 1439      3200
 1440              	.LASF38:
 1441 00c7 4379496E 		.ascii	"CyIntEnable\000"
 1441      74456E61 
 1441      626C6500 
 1442              	.LASF23:
 1443 00d3 61646472 		.ascii	"addr_table\000"
 1443      5F746162 
 1443      6C6500
 1444              	.LASF14:
 1445 00de 75696E74 		.ascii	"uint16\000"
 1445      313600
 1446              	.LASF24:
 1447 00e5 64617461 		.ascii	"data_table\000"
 1447      5F746162 
 1447      6C6500
 1448              	.LASF15:
 1449 00f0 75696E74 		.ascii	"uint32\000"
 1449      333200
 1450              	.LASF0:
 1451 00f7 756E7369 		.ascii	"unsigned int\000"
 1451      676E6564 
ARM GAS  C:\Users\Lenovo\AppData\Local\Temp\ccyeaKT9.s 			page 34


 1451      20696E74 
 1451      00
 1452              	.LASF42:
 1453 0104 63796669 		.ascii	"cyfitter_cfg\000"
 1453      74746572 
 1453      5F636667 
 1453      00
 1454              	.LASF32:
 1455 0111 61646472 		.ascii	"address\000"
 1455      65737300 
 1456              	.LASF9:
 1457 0119 6C6F6E67 		.ascii	"long long unsigned int\000"
 1457      206C6F6E 
 1457      6720756E 
 1457      7369676E 
 1457      65642069 
 1458              	.LASF39:
 1459 0130 474E5520 		.ascii	"GNU C11 5.4.1 20160609 (release) [ARM/embedded-5-br"
 1459      43313120 
 1459      352E342E 
 1459      31203230 
 1459      31363036 
 1460 0163 616E6368 		.ascii	"anch revision 237715] -mcpu=cortex-m0 -mthumb -g -O"
 1460      20726576 
 1460      6973696F 
 1460      6E203233 
 1460      37373135 
 1461 0196 67202D66 		.ascii	"g -ffunction-sections -ffat-lto-objects\000"
 1461      66756E63 
 1461      74696F6E 
 1461      2D736563 
 1461      74696F6E 
 1462              	.LASF34:
 1463 01be 6366675F 		.ascii	"cfg_memset_t\000"
 1463      6D656D73 
 1463      65745F74 
 1463      00
 1464              	.LASF25:
 1465 01cb 62617365 		.ascii	"baseAddr\000"
 1465      41646472 
 1465      00
 1466              	.LASF10:
 1467 01d4 73697A65 		.ascii	"sizetype\000"
 1467      74797065 
 1467      00
 1468              	.LASF6:
 1469 01dd 73686F72 		.ascii	"short unsigned int\000"
 1469      7420756E 
 1469      7369676E 
 1469      65642069 
 1469      6E7400
 1470              	.LASF1:
 1471 01f0 6C6F6E67 		.ascii	"long long int\000"
 1471      206C6F6E 
 1471      6720696E 
 1471      7400
 1472              	.LASF11:
ARM GAS  C:\Users\Lenovo\AppData\Local\Temp\ccyeaKT9.s 			page 35


 1473 01fe 63686172 		.ascii	"char\000"
 1473      00
 1474              	.LASF22:
 1475 0203 63795F63 		.ascii	"cy_cfg_addrvalue_t\000"
 1475      66675F61 
 1475      64647276 
 1475      616C7565 
 1475      5F7400
 1476              	.LASF20:
 1477 0216 6F666673 		.ascii	"offset\000"
 1477      657400
 1478              	.LASF41:
 1479 021d 443A5C4D 		.ascii	"D:\\Microprocess2\\Lab3\\Workspace01\\Design01.cyds"
 1479      6963726F 
 1479      70726F63 
 1479      65737332 
 1479      5C4C6162 
 1480 024c 6E00     		.ascii	"n\000"
 1481              	.LASF5:
 1482 024e 73686F72 		.ascii	"short int\000"
 1482      7420696E 
 1482      7400
 1483              	.LASF36:
 1484 0258 43795379 		.ascii	"CySysClkWriteImoFreq\000"
 1484      73436C6B 
 1484      57726974 
 1484      65496D6F 
 1484      46726571 
 1485              	.LASF7:
 1486 026d 6C6F6E67 		.ascii	"long int\000"
 1486      20696E74 
 1486      00
 1487              	.LASF2:
 1488 0276 6C6F6E67 		.ascii	"long double\000"
 1488      20646F75 
 1488      626C6500 
 1489              	.LASF3:
 1490 0282 7369676E 		.ascii	"signed char\000"
 1490      65642063 
 1490      68617200 
 1491              	.LASF40:
 1492 028e 47656E65 		.ascii	"Generated_Source\\PSoC4\\cyfitter_cfg.c\000"
 1492      72617465 
 1492      645F536F 
 1492      75726365 
 1492      5C50536F 
 1493              		.ident	"GCC: (GNU Tools for ARM Embedded Processors) 5.4.1 20160609 (release) [ARM/embedded-5-bran
