ARM GAS  C:\Users\Lenovo\AppData\Local\Temp\cc0WVQR2.s 			page 1


   1              		.syntax unified
   2              		.cpu cortex-m0
   3              		.fpu softvfp
   4              		.eabi_attribute 20, 1
   5              		.eabi_attribute 21, 1
   6              		.eabi_attribute 23, 3
   7              		.eabi_attribute 24, 1
   8              		.eabi_attribute 25, 1
   9              		.eabi_attribute 26, 1
  10              		.eabi_attribute 30, 1
  11              		.eabi_attribute 34, 0
  12              		.eabi_attribute 18, 4
  13              		.thumb
  14              		.syntax unified
  15              		.file	"main.c"
  16              		.text
  17              	.Ltext0:
  18              		.cfi_sections	.debug_frame
  19              		.section	.text.main,"ax",%progbits
  20              		.align	2
  21              		.global	main
  22              		.code	16
  23              		.thumb_func
  24              		.type	main, %function
  25              	main:
  26              	.LFB32:
  27              		.file 1 "main.c"
   1:main.c        **** /* ========================================
   2:main.c        ****  *
   3:main.c        ****  * Copyright YOUR COMPANY, THE YEAR
   4:main.c        ****  * All Rights Reserved
   5:main.c        ****  * UNPUBLISHED, LICENSED SOFTWARE.
   6:main.c        ****  *
   7:main.c        ****  * CONFIDENTIAL AND PROPRIETARY INFORMATION
   8:main.c        ****  * WHICH IS THE PROPERTY OF your company.
   9:main.c        ****  *
  10:main.c        ****  * ========================================
  11:main.c        **** */
  12:main.c        **** #include "project.h"
  13:main.c        **** 
  14:main.c        **** int main(void)
  15:main.c        **** {
  28              		.loc 1 15 0
  29              		.cfi_startproc
  30              		@ Volatile: function does not return.
  31              		@ args = 0, pretend = 0, frame = 0
  32              		@ frame_needed = 0, uses_anonymous_args = 0
  33 0000 10B5     		push	{r4, lr}
  34              		.cfi_def_cfa_offset 8
  35              		.cfi_offset 4, -8
  36              		.cfi_offset 14, -4
  16:main.c        ****     CyGlobalIntEnable; /* Enable global interrupts. */
  37              		.loc 1 16 0
  38              		.syntax divided
  39              	@ 16 "main.c" 1
  40 0002 62B6     		CPSIE   i
  41              	@ 0 "" 2
ARM GAS  C:\Users\Lenovo\AppData\Local\Temp\cc0WVQR2.s 			page 2


  17:main.c        ****  Clock_Start();
  42              		.loc 1 17 0
  43              		.thumb
  44              		.syntax unified
  45 0004 FFF7FEFF 		bl	Clock_Start
  46              	.LVL0:
  18:main.c        **** UART_Start();
  47              		.loc 1 18 0
  48 0008 FFF7FEFF 		bl	UART_Start
  49              	.LVL1:
  19:main.c        **** UART_UartPutString("FEI_32_Tyshchenko_Anna \r\n");
  50              		.loc 1 19 0
  51 000c 0748     		ldr	r0, .L3
  52 000e FFF7FEFF 		bl	UART_UartPutString
  53              	.LVL2:
  20:main.c        **** UART_UartPutString("Laboratory Work#3 \r\n");
  54              		.loc 1 20 0
  55 0012 0748     		ldr	r0, .L3+4
  56 0014 FFF7FEFF 		bl	UART_UartPutString
  57              	.LVL3:
  21:main.c        ****   UART_UartPutString("Period = 2000 ms \r\n"); 
  58              		.loc 1 21 0
  59 0018 0648     		ldr	r0, .L3+8
  60 001a FFF7FEFF 		bl	UART_UartPutString
  61              	.LVL4:
  22:main.c        ****   UART_UartPutString("CMP = 240 ms \r\n"); 
  62              		.loc 1 22 0
  63 001e 0648     		ldr	r0, .L3+12
  64 0020 FFF7FEFF 		bl	UART_UartPutString
  65              	.LVL5:
  23:main.c        **** 	PWM_Start();
  66              		.loc 1 23 0
  67 0024 FFF7FEFF 		bl	PWM_Start
  68              	.LVL6:
  69              	.L2:
  70 0028 FEE7     		b	.L2
  71              	.L4:
  72 002a C046     		.align	2
  73              	.L3:
  74 002c 00000000 		.word	.LC0
  75 0030 1C000000 		.word	.LC2
  76 0034 34000000 		.word	.LC4
  77 0038 48000000 		.word	.LC6
  78              		.cfi_endproc
  79              	.LFE32:
  80              		.size	main, .-main
  81              		.section	.rodata.str1.4,"aMS",%progbits,1
  82              		.align	2
  83              	.LC0:
  84 0000 4645495F 		.ascii	"FEI_32_Tyshchenko_Anna \015\012\000"
  84      33325F54 
  84      79736863 
  84      68656E6B 
  84      6F5F416E 
  85 001a 0000     		.space	2
  86              	.LC2:
  87 001c 4C61626F 		.ascii	"Laboratory Work#3 \015\012\000"
ARM GAS  C:\Users\Lenovo\AppData\Local\Temp\cc0WVQR2.s 			page 3


  87      7261746F 
  87      72792057 
  87      6F726B23 
  87      33200D0A 
  88 0031 000000   		.space	3
  89              	.LC4:
  90 0034 50657269 		.ascii	"Period = 2000 ms \015\012\000"
  90      6F64203D 
  90      20323030 
  90      30206D73 
  90      200D0A00 
  91              	.LC6:
  92 0048 434D5020 		.ascii	"CMP = 240 ms \015\012\000"
  92      3D203234 
  92      30206D73 
  92      200D0A00 
  93              		.text
  94              	.Letext0:
  95              		.file 2 "Generated_Source\\PSoC4/Clock.h"
  96              		.file 3 "Generated_Source\\PSoC4/UART.h"
  97              		.file 4 "Generated_Source\\PSoC4/UART_SPI_UART.h"
  98              		.file 5 "Generated_Source\\PSoC4/PWM.h"
  99              		.section	.debug_info,"",%progbits
 100              	.Ldebug_info0:
 101 0000 4A010000 		.4byte	0x14a
 102 0004 0400     		.2byte	0x4
 103 0006 00000000 		.4byte	.Ldebug_abbrev0
 104 000a 04       		.byte	0x4
 105 000b 01       		.uleb128 0x1
 106 000c BF000000 		.4byte	.LASF18
 107 0010 0C       		.byte	0xc
 108 0011 1B000000 		.4byte	.LASF19
 109 0015 27000000 		.4byte	.LASF20
 110 0019 00000000 		.4byte	.Ldebug_ranges0+0
 111 001d 00000000 		.4byte	0
 112 0021 00000000 		.4byte	.Ldebug_line0
 113 0025 02       		.uleb128 0x2
 114 0026 01       		.byte	0x1
 115 0027 06       		.byte	0x6
 116 0028 60010000 		.4byte	.LASF0
 117 002c 02       		.uleb128 0x2
 118 002d 01       		.byte	0x1
 119 002e 08       		.byte	0x8
 120 002f 9C000000 		.4byte	.LASF1
 121 0033 02       		.uleb128 0x2
 122 0034 02       		.byte	0x2
 123 0035 05       		.byte	0x5
 124 0036 78010000 		.4byte	.LASF2
 125 003a 02       		.uleb128 0x2
 126 003b 02       		.byte	0x2
 127 003c 07       		.byte	0x7
 128 003d 4D010000 		.4byte	.LASF3
 129 0041 02       		.uleb128 0x2
 130 0042 04       		.byte	0x4
 131 0043 05       		.byte	0x5
 132 0044 AF000000 		.4byte	.LASF4
 133 0048 02       		.uleb128 0x2
ARM GAS  C:\Users\Lenovo\AppData\Local\Temp\cc0WVQR2.s 			page 4


 134 0049 04       		.byte	0x4
 135 004a 07       		.byte	0x7
 136 004b 58000000 		.4byte	.LASF5
 137 004f 02       		.uleb128 0x2
 138 0050 08       		.byte	0x8
 139 0051 05       		.byte	0x5
 140 0052 00000000 		.4byte	.LASF6
 141 0056 02       		.uleb128 0x2
 142 0057 08       		.byte	0x8
 143 0058 07       		.byte	0x7
 144 0059 6A000000 		.4byte	.LASF7
 145 005d 03       		.uleb128 0x3
 146 005e 04       		.byte	0x4
 147 005f 05       		.byte	0x5
 148 0060 696E7400 		.ascii	"int\000"
 149 0064 02       		.uleb128 0x2
 150 0065 04       		.byte	0x4
 151 0066 07       		.byte	0x7
 152 0067 0E000000 		.4byte	.LASF8
 153 006b 02       		.uleb128 0x2
 154 006c 04       		.byte	0x4
 155 006d 04       		.byte	0x4
 156 006e 81000000 		.4byte	.LASF9
 157 0072 02       		.uleb128 0x2
 158 0073 08       		.byte	0x8
 159 0074 04       		.byte	0x4
 160 0075 B8000000 		.4byte	.LASF10
 161 0079 02       		.uleb128 0x2
 162 007a 01       		.byte	0x1
 163 007b 08       		.byte	0x8
 164 007c AA000000 		.4byte	.LASF11
 165 0080 02       		.uleb128 0x2
 166 0081 08       		.byte	0x8
 167 0082 04       		.byte	0x4
 168 0083 6C010000 		.4byte	.LASF12
 169 0087 02       		.uleb128 0x2
 170 0088 04       		.byte	0x4
 171 0089 07       		.byte	0x7
 172 008a A1010000 		.4byte	.LASF13
 173 008e 04       		.uleb128 0x4
 174 008f 22000000 		.4byte	.LASF21
 175 0093 01       		.byte	0x1
 176 0094 0E       		.byte	0xe
 177 0095 5D000000 		.4byte	0x5d
 178 0099 00000000 		.4byte	.LFB32
 179 009d 3C000000 		.4byte	.LFE32-.LFB32
 180 00a1 01       		.uleb128 0x1
 181 00a2 9C       		.byte	0x9c
 182 00a3 1F010000 		.4byte	0x11f
 183 00a7 05       		.uleb128 0x5
 184 00a8 08000000 		.4byte	.LVL0
 185 00ac 1F010000 		.4byte	0x11f
 186 00b0 05       		.uleb128 0x5
 187 00b1 0C000000 		.4byte	.LVL1
 188 00b5 2A010000 		.4byte	0x12a
 189 00b9 06       		.uleb128 0x6
 190 00ba 12000000 		.4byte	.LVL2
ARM GAS  C:\Users\Lenovo\AppData\Local\Temp\cc0WVQR2.s 			page 5


 191 00be 35010000 		.4byte	0x135
 192 00c2 D0000000 		.4byte	0xd0
 193 00c6 07       		.uleb128 0x7
 194 00c7 01       		.uleb128 0x1
 195 00c8 50       		.byte	0x50
 196 00c9 05       		.uleb128 0x5
 197 00ca 03       		.byte	0x3
 198 00cb 00000000 		.4byte	.LC0
 199 00cf 00       		.byte	0
 200 00d0 06       		.uleb128 0x6
 201 00d1 18000000 		.4byte	.LVL3
 202 00d5 35010000 		.4byte	0x135
 203 00d9 E7000000 		.4byte	0xe7
 204 00dd 07       		.uleb128 0x7
 205 00de 01       		.uleb128 0x1
 206 00df 50       		.byte	0x50
 207 00e0 05       		.uleb128 0x5
 208 00e1 03       		.byte	0x3
 209 00e2 1C000000 		.4byte	.LC2
 210 00e6 00       		.byte	0
 211 00e7 06       		.uleb128 0x6
 212 00e8 1E000000 		.4byte	.LVL4
 213 00ec 35010000 		.4byte	0x135
 214 00f0 FE000000 		.4byte	0xfe
 215 00f4 07       		.uleb128 0x7
 216 00f5 01       		.uleb128 0x1
 217 00f6 50       		.byte	0x50
 218 00f7 05       		.uleb128 0x5
 219 00f8 03       		.byte	0x3
 220 00f9 34000000 		.4byte	.LC4
 221 00fd 00       		.byte	0
 222 00fe 06       		.uleb128 0x6
 223 00ff 24000000 		.4byte	.LVL5
 224 0103 35010000 		.4byte	0x135
 225 0107 15010000 		.4byte	0x115
 226 010b 07       		.uleb128 0x7
 227 010c 01       		.uleb128 0x1
 228 010d 50       		.byte	0x50
 229 010e 05       		.uleb128 0x5
 230 010f 03       		.byte	0x3
 231 0110 48000000 		.4byte	.LC6
 232 0114 00       		.byte	0
 233 0115 05       		.uleb128 0x5
 234 0116 28000000 		.4byte	.LVL6
 235 011a 41010000 		.4byte	0x141
 236 011e 00       		.byte	0
 237 011f 08       		.uleb128 0x8
 238 0120 95010000 		.4byte	.LASF14
 239 0124 95010000 		.4byte	.LASF14
 240 0128 02       		.byte	0x2
 241 0129 23       		.byte	0x23
 242 012a 08       		.uleb128 0x8
 243 012b 91000000 		.4byte	.LASF15
 244 012f 91000000 		.4byte	.LASF15
 245 0133 03       		.byte	0x3
 246 0134 72       		.byte	0x72
 247 0135 09       		.uleb128 0x9
ARM GAS  C:\Users\Lenovo\AppData\Local\Temp\cc0WVQR2.s 			page 6


 248 0136 82010000 		.4byte	.LASF16
 249 013a 82010000 		.4byte	.LASF16
 250 013e 04       		.byte	0x4
 251 013f 2A03     		.2byte	0x32a
 252 0141 09       		.uleb128 0x9
 253 0142 87000000 		.4byte	.LASF17
 254 0146 87000000 		.4byte	.LASF17
 255 014a 05       		.byte	0x5
 256 014b 3201     		.2byte	0x132
 257 014d 00       		.byte	0
 258              		.section	.debug_abbrev,"",%progbits
 259              	.Ldebug_abbrev0:
 260 0000 01       		.uleb128 0x1
 261 0001 11       		.uleb128 0x11
 262 0002 01       		.byte	0x1
 263 0003 25       		.uleb128 0x25
 264 0004 0E       		.uleb128 0xe
 265 0005 13       		.uleb128 0x13
 266 0006 0B       		.uleb128 0xb
 267 0007 03       		.uleb128 0x3
 268 0008 0E       		.uleb128 0xe
 269 0009 1B       		.uleb128 0x1b
 270 000a 0E       		.uleb128 0xe
 271 000b 55       		.uleb128 0x55
 272 000c 17       		.uleb128 0x17
 273 000d 11       		.uleb128 0x11
 274 000e 01       		.uleb128 0x1
 275 000f 10       		.uleb128 0x10
 276 0010 17       		.uleb128 0x17
 277 0011 00       		.byte	0
 278 0012 00       		.byte	0
 279 0013 02       		.uleb128 0x2
 280 0014 24       		.uleb128 0x24
 281 0015 00       		.byte	0
 282 0016 0B       		.uleb128 0xb
 283 0017 0B       		.uleb128 0xb
 284 0018 3E       		.uleb128 0x3e
 285 0019 0B       		.uleb128 0xb
 286 001a 03       		.uleb128 0x3
 287 001b 0E       		.uleb128 0xe
 288 001c 00       		.byte	0
 289 001d 00       		.byte	0
 290 001e 03       		.uleb128 0x3
 291 001f 24       		.uleb128 0x24
 292 0020 00       		.byte	0
 293 0021 0B       		.uleb128 0xb
 294 0022 0B       		.uleb128 0xb
 295 0023 3E       		.uleb128 0x3e
 296 0024 0B       		.uleb128 0xb
 297 0025 03       		.uleb128 0x3
 298 0026 08       		.uleb128 0x8
 299 0027 00       		.byte	0
 300 0028 00       		.byte	0
 301 0029 04       		.uleb128 0x4
 302 002a 2E       		.uleb128 0x2e
 303 002b 01       		.byte	0x1
 304 002c 3F       		.uleb128 0x3f
ARM GAS  C:\Users\Lenovo\AppData\Local\Temp\cc0WVQR2.s 			page 7


 305 002d 19       		.uleb128 0x19
 306 002e 03       		.uleb128 0x3
 307 002f 0E       		.uleb128 0xe
 308 0030 3A       		.uleb128 0x3a
 309 0031 0B       		.uleb128 0xb
 310 0032 3B       		.uleb128 0x3b
 311 0033 0B       		.uleb128 0xb
 312 0034 27       		.uleb128 0x27
 313 0035 19       		.uleb128 0x19
 314 0036 49       		.uleb128 0x49
 315 0037 13       		.uleb128 0x13
 316 0038 8701     		.uleb128 0x87
 317 003a 19       		.uleb128 0x19
 318 003b 11       		.uleb128 0x11
 319 003c 01       		.uleb128 0x1
 320 003d 12       		.uleb128 0x12
 321 003e 06       		.uleb128 0x6
 322 003f 40       		.uleb128 0x40
 323 0040 18       		.uleb128 0x18
 324 0041 9742     		.uleb128 0x2117
 325 0043 19       		.uleb128 0x19
 326 0044 01       		.uleb128 0x1
 327 0045 13       		.uleb128 0x13
 328 0046 00       		.byte	0
 329 0047 00       		.byte	0
 330 0048 05       		.uleb128 0x5
 331 0049 898201   		.uleb128 0x4109
 332 004c 00       		.byte	0
 333 004d 11       		.uleb128 0x11
 334 004e 01       		.uleb128 0x1
 335 004f 31       		.uleb128 0x31
 336 0050 13       		.uleb128 0x13
 337 0051 00       		.byte	0
 338 0052 00       		.byte	0
 339 0053 06       		.uleb128 0x6
 340 0054 898201   		.uleb128 0x4109
 341 0057 01       		.byte	0x1
 342 0058 11       		.uleb128 0x11
 343 0059 01       		.uleb128 0x1
 344 005a 31       		.uleb128 0x31
 345 005b 13       		.uleb128 0x13
 346 005c 01       		.uleb128 0x1
 347 005d 13       		.uleb128 0x13
 348 005e 00       		.byte	0
 349 005f 00       		.byte	0
 350 0060 07       		.uleb128 0x7
 351 0061 8A8201   		.uleb128 0x410a
 352 0064 00       		.byte	0
 353 0065 02       		.uleb128 0x2
 354 0066 18       		.uleb128 0x18
 355 0067 9142     		.uleb128 0x2111
 356 0069 18       		.uleb128 0x18
 357 006a 00       		.byte	0
 358 006b 00       		.byte	0
 359 006c 08       		.uleb128 0x8
 360 006d 2E       		.uleb128 0x2e
 361 006e 00       		.byte	0
ARM GAS  C:\Users\Lenovo\AppData\Local\Temp\cc0WVQR2.s 			page 8


 362 006f 3F       		.uleb128 0x3f
 363 0070 19       		.uleb128 0x19
 364 0071 3C       		.uleb128 0x3c
 365 0072 19       		.uleb128 0x19
 366 0073 6E       		.uleb128 0x6e
 367 0074 0E       		.uleb128 0xe
 368 0075 03       		.uleb128 0x3
 369 0076 0E       		.uleb128 0xe
 370 0077 3A       		.uleb128 0x3a
 371 0078 0B       		.uleb128 0xb
 372 0079 3B       		.uleb128 0x3b
 373 007a 0B       		.uleb128 0xb
 374 007b 00       		.byte	0
 375 007c 00       		.byte	0
 376 007d 09       		.uleb128 0x9
 377 007e 2E       		.uleb128 0x2e
 378 007f 00       		.byte	0
 379 0080 3F       		.uleb128 0x3f
 380 0081 19       		.uleb128 0x19
 381 0082 3C       		.uleb128 0x3c
 382 0083 19       		.uleb128 0x19
 383 0084 6E       		.uleb128 0x6e
 384 0085 0E       		.uleb128 0xe
 385 0086 03       		.uleb128 0x3
 386 0087 0E       		.uleb128 0xe
 387 0088 3A       		.uleb128 0x3a
 388 0089 0B       		.uleb128 0xb
 389 008a 3B       		.uleb128 0x3b
 390 008b 05       		.uleb128 0x5
 391 008c 00       		.byte	0
 392 008d 00       		.byte	0
 393 008e 00       		.byte	0
 394              		.section	.debug_aranges,"",%progbits
 395 0000 1C000000 		.4byte	0x1c
 396 0004 0200     		.2byte	0x2
 397 0006 00000000 		.4byte	.Ldebug_info0
 398 000a 04       		.byte	0x4
 399 000b 00       		.byte	0
 400 000c 0000     		.2byte	0
 401 000e 0000     		.2byte	0
 402 0010 00000000 		.4byte	.LFB32
 403 0014 3C000000 		.4byte	.LFE32-.LFB32
 404 0018 00000000 		.4byte	0
 405 001c 00000000 		.4byte	0
 406              		.section	.debug_ranges,"",%progbits
 407              	.Ldebug_ranges0:
 408 0000 00000000 		.4byte	.LFB32
 409 0004 3C000000 		.4byte	.LFE32
 410 0008 00000000 		.4byte	0
 411 000c 00000000 		.4byte	0
 412              		.section	.debug_line,"",%progbits
 413              	.Ldebug_line0:
 414 0000 82000000 		.section	.debug_str,"MS",%progbits,1
 414      02006500 
 414      00000201 
 414      FB0E0D00 
 414      01010101 
ARM GAS  C:\Users\Lenovo\AppData\Local\Temp\cc0WVQR2.s 			page 9


 415              	.LASF6:
 416 0000 6C6F6E67 		.ascii	"long long int\000"
 416      206C6F6E 
 416      6720696E 
 416      7400
 417              	.LASF8:
 418 000e 756E7369 		.ascii	"unsigned int\000"
 418      676E6564 
 418      20696E74 
 418      00
 419              	.LASF19:
 420 001b 6D61696E 		.ascii	"main.c\000"
 420      2E6300
 421              	.LASF21:
 422 0022 6D61696E 		.ascii	"main\000"
 422      00
 423              	.LASF20:
 424 0027 443A5C4D 		.ascii	"D:\\Microprocess2\\Lab3\\Workspace01\\Design01.cyds"
 424      6963726F 
 424      70726F63 
 424      65737332 
 424      5C4C6162 
 425 0056 6E00     		.ascii	"n\000"
 426              	.LASF5:
 427 0058 6C6F6E67 		.ascii	"long unsigned int\000"
 427      20756E73 
 427      69676E65 
 427      6420696E 
 427      7400
 428              	.LASF7:
 429 006a 6C6F6E67 		.ascii	"long long unsigned int\000"
 429      206C6F6E 
 429      6720756E 
 429      7369676E 
 429      65642069 
 430              	.LASF9:
 431 0081 666C6F61 		.ascii	"float\000"
 431      7400
 432              	.LASF17:
 433 0087 50574D5F 		.ascii	"PWM_Start\000"
 433      53746172 
 433      7400
 434              	.LASF15:
 435 0091 55415254 		.ascii	"UART_Start\000"
 435      5F537461 
 435      727400
 436              	.LASF1:
 437 009c 756E7369 		.ascii	"unsigned char\000"
 437      676E6564 
 437      20636861 
 437      7200
 438              	.LASF11:
 439 00aa 63686172 		.ascii	"char\000"
 439      00
 440              	.LASF4:
 441 00af 6C6F6E67 		.ascii	"long int\000"
 441      20696E74 
ARM GAS  C:\Users\Lenovo\AppData\Local\Temp\cc0WVQR2.s 			page 10


 441      00
 442              	.LASF10:
 443 00b8 646F7562 		.ascii	"double\000"
 443      6C6500
 444              	.LASF18:
 445 00bf 474E5520 		.ascii	"GNU C11 5.4.1 20160609 (release) [ARM/embedded-5-br"
 445      43313120 
 445      352E342E 
 445      31203230 
 445      31363036 
 446 00f2 616E6368 		.ascii	"anch revision 237715] -mcpu=cortex-m0 -mthumb -g -O"
 446      20726576 
 446      6973696F 
 446      6E203233 
 446      37373135 
 447 0125 67202D66 		.ascii	"g -ffunction-sections -ffat-lto-objects\000"
 447      66756E63 
 447      74696F6E 
 447      2D736563 
 447      74696F6E 
 448              	.LASF3:
 449 014d 73686F72 		.ascii	"short unsigned int\000"
 449      7420756E 
 449      7369676E 
 449      65642069 
 449      6E7400
 450              	.LASF0:
 451 0160 7369676E 		.ascii	"signed char\000"
 451      65642063 
 451      68617200 
 452              	.LASF12:
 453 016c 6C6F6E67 		.ascii	"long double\000"
 453      20646F75 
 453      626C6500 
 454              	.LASF2:
 455 0178 73686F72 		.ascii	"short int\000"
 455      7420696E 
 455      7400
 456              	.LASF16:
 457 0182 55415254 		.ascii	"UART_UartPutString\000"
 457      5F556172 
 457      74507574 
 457      53747269 
 457      6E6700
 458              	.LASF14:
 459 0195 436C6F63 		.ascii	"Clock_Start\000"
 459      6B5F5374 
 459      61727400 
 460              	.LASF13:
 461 01a1 73697A65 		.ascii	"sizetype\000"
 461      74797065 
 461      00
 462              		.ident	"GCC: (GNU Tools for ARM Embedded Processors) 5.4.1 20160609 (release) [ARM/embedded-5-bran
