ARM GAS  C:\Users\Lenovo\AppData\Local\Temp\ccI5MoBT.s 			page 1


   1              		.syntax unified
   2              		.cpu cortex-m0plus
   3              		.fpu softvfp
   4              		.eabi_attribute 20, 1
   5              		.eabi_attribute 21, 1
   6              		.eabi_attribute 23, 3
   7              		.eabi_attribute 24, 1
   8              		.eabi_attribute 25, 1
   9              		.eabi_attribute 26, 1
  10              		.eabi_attribute 30, 1
  11              		.eabi_attribute 34, 0
  12              		.eabi_attribute 18, 4
  13              		.thumb
  14              		.syntax unified
  15              		.file	"main_cm0p.c"
  16              		.text
  17              	.Ltext0:
  18              		.cfi_sections	.debug_frame
  19              		.section	.text.main,"ax",%progbits
  20              		.align	2
  21              		.global	main
  22              		.code	16
  23              		.thumb_func
  24              		.type	main, %function
  25              	main:
  26              	.LFB480:
  27              		.file 1 "main_cm0p.c"
   1:main_cm0p.c   **** /******************************************************************************
   2:main_cm0p.c   **** * File Name: main_cm0p.c
   3:main_cm0p.c   **** *
   4:main_cm0p.c   **** * Version: 1.10
   5:main_cm0p.c   **** *
   6:main_cm0p.c   **** * Description: This file main application code for the CE223727 EmWin Graphics
   7:main_cm0p.c   **** *				library EInk Display, for the CM0+ processor.  The only action
   8:main_cm0p.c   **** *				this file performs is to start the CM4 processor.
   9:main_cm0p.c   **** *
  10:main_cm0p.c   **** * Hardware Dependency: CY8CKIT-028-EPD E-Ink Display Shield
  11:main_cm0p.c   **** *					   CY8CKIT-062-BLE PSoC6 BLE Pioneer Kit
  12:main_cm0p.c   **** *
  13:main_cm0p.c   **** *******************************************************************************
  14:main_cm0p.c   **** * Copyright (2018), Cypress Semiconductor Corporation. All rights reserved.
  15:main_cm0p.c   **** *******************************************************************************
  16:main_cm0p.c   **** * This software, including source code, documentation and related materials
  17:main_cm0p.c   **** * (“Software”), is owned by Cypress Semiconductor Corporation or one of its
  18:main_cm0p.c   **** * subsidiaries (“Cypress”) and is protected by and subject to worldwide patent
  19:main_cm0p.c   **** * protection (United States and foreign), United States copyright laws and
  20:main_cm0p.c   **** * international treaty provisions. Therefore, you may use this Software only
  21:main_cm0p.c   **** * as provided in the license agreement accompanying the software package from
  22:main_cm0p.c   **** * which you obtained this Software (“EULA”).
  23:main_cm0p.c   **** *
  24:main_cm0p.c   **** * If no EULA applies, Cypress hereby grants you a personal, nonexclusive,
  25:main_cm0p.c   **** * non-transferable license to copy, modify, and compile the Software source
  26:main_cm0p.c   **** * code solely for use in connection with Cypress’s integrated circuit products.
  27:main_cm0p.c   **** * Any reproduction, modification, translation, compilation, or representation
  28:main_cm0p.c   **** * of this Software except as specified above is prohibited without the express
  29:main_cm0p.c   **** * written permission of Cypress.
  30:main_cm0p.c   **** *
ARM GAS  C:\Users\Lenovo\AppData\Local\Temp\ccI5MoBT.s 			page 2


  31:main_cm0p.c   **** * Disclaimer: THIS SOFTWARE IS PROVIDED AS-IS, WITH NO WARRANTY OF ANY KIND, 
  32:main_cm0p.c   **** * EXPRESS OR IMPLIED, INCLUDING, BUT NOT LIMITED TO, NONINFRINGEMENT, IMPLIED 
  33:main_cm0p.c   **** * WARRANTIES OF MERCHANTABILITY AND FITNESS FOR A PARTICULAR PURPOSE. Cypress 
  34:main_cm0p.c   **** * reserves the right to make changes to the Software without notice. Cypress 
  35:main_cm0p.c   **** * does not assume any liability arising out of the application or use of the 
  36:main_cm0p.c   **** * Software or any product or circuit described in the Software. Cypress does 
  37:main_cm0p.c   **** * not authorize its products for use in any products where a malfunction or 
  38:main_cm0p.c   **** * failure of the Cypress product may reasonably be expected to result in 
  39:main_cm0p.c   **** * significant property damage, injury or death (“High Risk Product”). By 
  40:main_cm0p.c   **** * including Cypress’s product in a High Risk Product, the manufacturer of such 
  41:main_cm0p.c   **** * system or application assumes all risk of such use and in doing so agrees to 
  42:main_cm0p.c   **** * indemnify Cypress against all liability.
  43:main_cm0p.c   **** *******************************************************************************/
  44:main_cm0p.c   **** #include "project.h"
  45:main_cm0p.c   **** 
  46:main_cm0p.c   **** int main(void)
  47:main_cm0p.c   **** {
  28              		.loc 1 47 0
  29              		.cfi_startproc
  30              		@ Volatile: function does not return.
  31              		@ args = 0, pretend = 0, frame = 0
  32              		@ frame_needed = 0, uses_anonymous_args = 0
  33 0000 10B5     		push	{r4, lr}
  34              		.cfi_def_cfa_offset 8
  35              		.cfi_offset 4, -8
  36              		.cfi_offset 14, -4
  48:main_cm0p.c   ****     /*__enable_irq(); */ /* Enable global interrupts. */
  49:main_cm0p.c   ****     
  50:main_cm0p.c   **** 	/* Enable CM4.  CY_CORTEX_M4_APPL_ADDR must be updated if CM4 memory layout is changed. */
  51:main_cm0p.c   ****     Cy_SysEnableCM4(CY_CORTEX_M4_APPL_ADDR); 
  37              		.loc 1 51 0
  38 0002 0348     		ldr	r0, .L3
  39 0004 FFF7FEFF 		bl	Cy_SysEnableCM4
  40              	.LVL0:
  41              	.L2:
  52:main_cm0p.c   **** 
  53:main_cm0p.c   ****     /* Place your initialization/startup code here (e.g. MyInst_Start()) */
  54:main_cm0p.c   **** 
  55:main_cm0p.c   ****     for(;;)
  56:main_cm0p.c   ****     {
  57:main_cm0p.c   ****         /* Place your application code here. */
  58:main_cm0p.c   **** 		Cy_SysPm_DeepSleep(CY_SYSPM_WAIT_FOR_INTERRUPT);
  42              		.loc 1 58 0 discriminator 1
  43 0008 0020     		movs	r0, #0
  44 000a FFF7FEFF 		bl	Cy_SysPm_DeepSleep
  45              	.LVL1:
  46 000e FBE7     		b	.L2
  47              	.L4:
  48              		.align	2
  49              	.L3:
  50 0010 00000810 		.word	268959744
  51              		.cfi_endproc
  52              	.LFE480:
  53              		.size	main, .-main
  54              		.text
  55              	.Letext0:
  56              		.file 2 "d:\\psoc creator\\4.4\\psoc creator\\import\\gnu\\arm\\5.4.1\\arm-none-eabi\\include\\mac
ARM GAS  C:\Users\Lenovo\AppData\Local\Temp\ccI5MoBT.s 			page 3


  57              		.file 3 "d:\\psoc creator\\4.4\\psoc creator\\import\\gnu\\arm\\5.4.1\\arm-none-eabi\\include\\sys
  58              		.file 4 "Generated_Source\\PSoC6\\pdl\\drivers/peripheral/tcpwm/cy_tcpwm_counter.h"
  59              		.file 5 "Generated_Source\\PSoC6\\pdl\\drivers/peripheral/tcpwm/cy_tcpwm_pwm.h"
  60              		.file 6 "Generated_Source\\PSoC6\\pdl\\drivers/peripheral/scb/cy_scb_spi.h"
  61              		.file 7 "Generated_Source\\PSoC6/CY_EINK_SPIM.h"
  62              		.file 8 "Generated_Source\\PSoC6/CY_EINK_Timer.h"
  63              		.file 9 "Generated_Source\\PSoC6/PWM_1.h"
  64              		.file 10 "./system_psoc63.h"
  65              		.file 11 "Generated_Source\\PSoC6\\pdl\\drivers/peripheral/syspm/cy_syspm.h"
  66              		.section	.debug_info,"",%progbits
  67              	.Ldebug_info0:
  68 0000 38040000 		.4byte	0x438
  69 0004 0400     		.2byte	0x4
  70 0006 00000000 		.4byte	.Ldebug_abbrev0
  71 000a 04       		.byte	0x4
  72 000b 01       		.uleb128 0x1
  73 000c 9F000000 		.4byte	.LASF72
  74 0010 0C       		.byte	0xc
  75 0011 92040000 		.4byte	.LASF73
  76 0015 4D040000 		.4byte	.LASF74
  77 0019 00000000 		.4byte	.Ldebug_ranges0+0
  78 001d 00000000 		.4byte	0
  79 0021 00000000 		.4byte	.Ldebug_line0
  80 0025 02       		.uleb128 0x2
  81 0026 02       		.byte	0x2
  82 0027 05       		.byte	0x5
  83 0028 75000000 		.4byte	.LASF0
  84 002c 02       		.uleb128 0x2
  85 002d 01       		.byte	0x1
  86 002e 08       		.byte	0x8
  87 002f 7A020000 		.4byte	.LASF1
  88 0033 02       		.uleb128 0x2
  89 0034 01       		.byte	0x1
  90 0035 06       		.byte	0x6
  91 0036 BD020000 		.4byte	.LASF2
  92 003a 02       		.uleb128 0x2
  93 003b 02       		.byte	0x2
  94 003c 07       		.byte	0x7
  95 003d 62030000 		.4byte	.LASF3
  96 0041 02       		.uleb128 0x2
  97 0042 04       		.byte	0x4
  98 0043 05       		.byte	0x5
  99 0044 3C020000 		.4byte	.LASF4
 100 0048 03       		.uleb128 0x3
 101 0049 71010000 		.4byte	.LASF9
 102 004d 02       		.byte	0x2
 103 004e 41       		.byte	0x41
 104 004f 53000000 		.4byte	0x53
 105 0053 02       		.uleb128 0x2
 106 0054 04       		.byte	0x4
 107 0055 07       		.byte	0x7
 108 0056 BE030000 		.4byte	.LASF5
 109 005a 02       		.uleb128 0x2
 110 005b 08       		.byte	0x8
 111 005c 05       		.byte	0x5
 112 005d 26020000 		.4byte	.LASF6
 113 0061 02       		.uleb128 0x2
ARM GAS  C:\Users\Lenovo\AppData\Local\Temp\ccI5MoBT.s 			page 4


 114 0062 08       		.byte	0x8
 115 0063 07       		.byte	0x7
 116 0064 C9020000 		.4byte	.LASF7
 117 0068 04       		.uleb128 0x4
 118 0069 04       		.byte	0x4
 119 006a 05       		.byte	0x5
 120 006b 696E7400 		.ascii	"int\000"
 121 006f 02       		.uleb128 0x2
 122 0070 04       		.byte	0x4
 123 0071 07       		.byte	0x7
 124 0072 BC040000 		.4byte	.LASF8
 125 0076 03       		.uleb128 0x3
 126 0077 E0020000 		.4byte	.LASF10
 127 007b 03       		.byte	0x3
 128 007c 30       		.byte	0x30
 129 007d 48000000 		.4byte	0x48
 130 0081 02       		.uleb128 0x2
 131 0082 04       		.byte	0x4
 132 0083 07       		.byte	0x7
 133 0084 7F000000 		.4byte	.LASF11
 134 0088 05       		.uleb128 0x5
 135 0089 76000000 		.4byte	0x76
 136 008d 02       		.uleb128 0x2
 137 008e 08       		.byte	0x8
 138 008f 04       		.byte	0x4
 139 0090 5F020000 		.4byte	.LASF12
 140 0094 02       		.uleb128 0x2
 141 0095 01       		.byte	0x1
 142 0096 08       		.byte	0x8
 143 0097 45030000 		.4byte	.LASF13
 144 009b 02       		.uleb128 0x2
 145 009c 04       		.byte	0x4
 146 009d 04       		.byte	0x4
 147 009e 00020000 		.4byte	.LASF14
 148 00a2 02       		.uleb128 0x2
 149 00a3 08       		.byte	0x8
 150 00a4 04       		.byte	0x4
 151 00a5 D0030000 		.4byte	.LASF15
 152 00a9 06       		.uleb128 0x6
 153 00aa 01       		.byte	0x1
 154 00ab 2C000000 		.4byte	0x2c
 155 00af 0B       		.byte	0xb
 156 00b0 CE03     		.2byte	0x3ce
 157 00b2 C3000000 		.4byte	0xc3
 158 00b6 07       		.uleb128 0x7
 159 00b7 A2030000 		.4byte	.LASF16
 160 00bb 00       		.byte	0
 161 00bc 07       		.uleb128 0x7
 162 00bd 26030000 		.4byte	.LASF17
 163 00c1 01       		.byte	0x1
 164 00c2 00       		.byte	0
 165 00c3 08       		.uleb128 0x8
 166 00c4 04       		.byte	0x4
 167 00c5 02       		.uleb128 0x2
 168 00c6 01       		.byte	0x1
 169 00c7 02       		.byte	0x2
 170 00c8 75030000 		.4byte	.LASF18
ARM GAS  C:\Users\Lenovo\AppData\Local\Temp\ccI5MoBT.s 			page 5


 171 00cc 09       		.uleb128 0x9
 172 00cd E5030000 		.4byte	.LASF39
 173 00d1 4C       		.byte	0x4c
 174 00d2 04       		.byte	0x4
 175 00d3 2B       		.byte	0x2b
 176 00d4 BD010000 		.4byte	0x1bd
 177 00d8 0A       		.uleb128 0xa
 178 00d9 4E020000 		.4byte	.LASF19
 179 00dd 04       		.byte	0x4
 180 00de 2D       		.byte	0x2d
 181 00df 76000000 		.4byte	0x76
 182 00e3 00       		.byte	0
 183 00e4 0A       		.uleb128 0xa
 184 00e5 21000000 		.4byte	.LASF20
 185 00e9 04       		.byte	0x4
 186 00ea 2F       		.byte	0x2f
 187 00eb 76000000 		.4byte	0x76
 188 00ef 04       		.byte	0x4
 189 00f0 0A       		.uleb128 0xa
 190 00f1 34020000 		.4byte	.LASF21
 191 00f5 04       		.byte	0x4
 192 00f6 30       		.byte	0x30
 193 00f7 76000000 		.4byte	0x76
 194 00fb 08       		.byte	0x8
 195 00fc 0A       		.uleb128 0xa
 196 00fd 88020000 		.4byte	.LASF22
 197 0101 04       		.byte	0x4
 198 0102 31       		.byte	0x31
 199 0103 76000000 		.4byte	0x76
 200 0107 0C       		.byte	0xc
 201 0108 0A       		.uleb128 0xa
 202 0109 E9020000 		.4byte	.LASF23
 203 010d 04       		.byte	0x4
 204 010e 33       		.byte	0x33
 205 010f 76000000 		.4byte	0x76
 206 0113 10       		.byte	0x10
 207 0114 0A       		.uleb128 0xa
 208 0115 3F000000 		.4byte	.LASF24
 209 0119 04       		.byte	0x4
 210 011a 34       		.byte	0x34
 211 011b 76000000 		.4byte	0x76
 212 011f 14       		.byte	0x14
 213 0120 0A       		.uleb128 0xa
 214 0121 48000000 		.4byte	.LASF25
 215 0125 04       		.byte	0x4
 216 0126 35       		.byte	0x35
 217 0127 76000000 		.4byte	0x76
 218 012b 18       		.byte	0x18
 219 012c 0A       		.uleb128 0xa
 220 012d 9F010000 		.4byte	.LASF26
 221 0131 04       		.byte	0x4
 222 0132 36       		.byte	0x36
 223 0133 C5000000 		.4byte	0xc5
 224 0137 1C       		.byte	0x1c
 225 0138 0A       		.uleb128 0xa
 226 0139 C8010000 		.4byte	.LASF27
 227 013d 04       		.byte	0x4
ARM GAS  C:\Users\Lenovo\AppData\Local\Temp\ccI5MoBT.s 			page 6


 228 013e 38       		.byte	0x38
 229 013f 76000000 		.4byte	0x76
 230 0143 20       		.byte	0x20
 231 0144 0A       		.uleb128 0xa
 232 0145 81030000 		.4byte	.LASF28
 233 0149 04       		.byte	0x4
 234 014a 39       		.byte	0x39
 235 014b 76000000 		.4byte	0x76
 236 014f 24       		.byte	0x24
 237 0150 0A       		.uleb128 0xa
 238 0151 7C010000 		.4byte	.LASF29
 239 0155 04       		.byte	0x4
 240 0156 3B       		.byte	0x3b
 241 0157 76000000 		.4byte	0x76
 242 015b 28       		.byte	0x28
 243 015c 0A       		.uleb128 0xa
 244 015d 16020000 		.4byte	.LASF30
 245 0161 04       		.byte	0x4
 246 0162 3C       		.byte	0x3c
 247 0163 76000000 		.4byte	0x76
 248 0167 2C       		.byte	0x2c
 249 0168 0A       		.uleb128 0xa
 250 0169 00000000 		.4byte	.LASF31
 251 016d 04       		.byte	0x4
 252 016e 3E       		.byte	0x3e
 253 016f 76000000 		.4byte	0x76
 254 0173 30       		.byte	0x30
 255 0174 0A       		.uleb128 0xa
 256 0175 6B020000 		.4byte	.LASF32
 257 0179 04       		.byte	0x4
 258 017a 3F       		.byte	0x3f
 259 017b 76000000 		.4byte	0x76
 260 017f 34       		.byte	0x34
 261 0180 0A       		.uleb128 0xa
 262 0181 07040000 		.4byte	.LASF33
 263 0185 04       		.byte	0x4
 264 0186 41       		.byte	0x41
 265 0187 76000000 		.4byte	0x76
 266 018b 38       		.byte	0x38
 267 018c 0A       		.uleb128 0xa
 268 018d 12040000 		.4byte	.LASF34
 269 0191 04       		.byte	0x4
 270 0192 42       		.byte	0x42
 271 0193 76000000 		.4byte	0x76
 272 0197 3C       		.byte	0x3c
 273 0198 0A       		.uleb128 0xa
 274 0199 55020000 		.4byte	.LASF35
 275 019d 04       		.byte	0x4
 276 019e 44       		.byte	0x44
 277 019f 76000000 		.4byte	0x76
 278 01a3 40       		.byte	0x40
 279 01a4 0A       		.uleb128 0xa
 280 01a5 30000000 		.4byte	.LASF36
 281 01a9 04       		.byte	0x4
 282 01aa 45       		.byte	0x45
 283 01ab 76000000 		.4byte	0x76
 284 01af 44       		.byte	0x44
ARM GAS  C:\Users\Lenovo\AppData\Local\Temp\ccI5MoBT.s 			page 7


 285 01b0 0A       		.uleb128 0xa
 286 01b1 9E040000 		.4byte	.LASF37
 287 01b5 04       		.byte	0x4
 288 01b6 47       		.byte	0x47
 289 01b7 76000000 		.4byte	0x76
 290 01bb 48       		.byte	0x48
 291 01bc 00       		.byte	0
 292 01bd 03       		.uleb128 0x3
 293 01be 08030000 		.4byte	.LASF38
 294 01c2 04       		.byte	0x4
 295 01c3 48       		.byte	0x48
 296 01c4 CC000000 		.4byte	0xcc
 297 01c8 09       		.uleb128 0x9
 298 01c9 54010000 		.4byte	.LASF40
 299 01cd 64       		.byte	0x64
 300 01ce 05       		.byte	0x5
 301 01cf 2B       		.byte	0x2b
 302 01d0 01030000 		.4byte	0x301
 303 01d4 0A       		.uleb128 0xa
 304 01d5 8A040000 		.4byte	.LASF41
 305 01d9 05       		.byte	0x5
 306 01da 2D       		.byte	0x2d
 307 01db 76000000 		.4byte	0x76
 308 01df 00       		.byte	0
 309 01e0 0A       		.uleb128 0xa
 310 01e1 21000000 		.4byte	.LASF20
 311 01e5 05       		.byte	0x5
 312 01e6 2F       		.byte	0x2f
 313 01e7 76000000 		.4byte	0x76
 314 01eb 04       		.byte	0x4
 315 01ec 0A       		.uleb128 0xa
 316 01ed 92010000 		.4byte	.LASF42
 317 01f1 05       		.byte	0x5
 318 01f2 30       		.byte	0x30
 319 01f3 76000000 		.4byte	0x76
 320 01f7 08       		.byte	0x8
 321 01f8 0A       		.uleb128 0xa
 322 01f9 53030000 		.4byte	.LASF43
 323 01fd 05       		.byte	0x5
 324 01fe 31       		.byte	0x31
 325 01ff 76000000 		.4byte	0x76
 326 0203 0C       		.byte	0xc
 327 0204 0A       		.uleb128 0xa
 328 0205 34020000 		.4byte	.LASF21
 329 0209 05       		.byte	0x5
 330 020a 32       		.byte	0x32
 331 020b 76000000 		.4byte	0x76
 332 020f 10       		.byte	0x10
 333 0210 0A       		.uleb128 0xa
 334 0211 06020000 		.4byte	.LASF44
 335 0215 05       		.byte	0x5
 336 0216 33       		.byte	0x33
 337 0217 76000000 		.4byte	0x76
 338 021b 14       		.byte	0x14
 339 021c 0A       		.uleb128 0xa
 340 021d 0E020000 		.4byte	.LASF45
 341 0221 05       		.byte	0x5
ARM GAS  C:\Users\Lenovo\AppData\Local\Temp\ccI5MoBT.s 			page 8


 342 0222 34       		.byte	0x34
 343 0223 76000000 		.4byte	0x76
 344 0227 18       		.byte	0x18
 345 0228 0A       		.uleb128 0xa
 346 0229 AC020000 		.4byte	.LASF46
 347 022d 05       		.byte	0x5
 348 022e 35       		.byte	0x35
 349 022f C5000000 		.4byte	0xc5
 350 0233 1C       		.byte	0x1c
 351 0234 0A       		.uleb128 0xa
 352 0235 3F000000 		.4byte	.LASF24
 353 0239 05       		.byte	0x5
 354 023a 36       		.byte	0x36
 355 023b 76000000 		.4byte	0x76
 356 023f 20       		.byte	0x20
 357 0240 0A       		.uleb128 0xa
 358 0241 48000000 		.4byte	.LASF25
 359 0245 05       		.byte	0x5
 360 0246 37       		.byte	0x37
 361 0247 76000000 		.4byte	0x76
 362 024b 24       		.byte	0x24
 363 024c 0A       		.uleb128 0xa
 364 024d 9F010000 		.4byte	.LASF26
 365 0251 05       		.byte	0x5
 366 0252 38       		.byte	0x38
 367 0253 C5000000 		.4byte	0xc5
 368 0257 28       		.byte	0x28
 369 0258 0A       		.uleb128 0xa
 370 0259 C8010000 		.4byte	.LASF27
 371 025d 05       		.byte	0x5
 372 025e 3A       		.byte	0x3a
 373 025f 76000000 		.4byte	0x76
 374 0263 2C       		.byte	0x2c
 375 0264 0A       		.uleb128 0xa
 376 0265 32040000 		.4byte	.LASF47
 377 0269 05       		.byte	0x5
 378 026a 3B       		.byte	0x3b
 379 026b 76000000 		.4byte	0x76
 380 026f 30       		.byte	0x30
 381 0270 0A       		.uleb128 0xa
 382 0271 FA020000 		.4byte	.LASF48
 383 0275 05       		.byte	0x5
 384 0276 3C       		.byte	0x3c
 385 0277 76000000 		.4byte	0x76
 386 027b 34       		.byte	0x34
 387 027c 0A       		.uleb128 0xa
 388 027d D9010000 		.4byte	.LASF49
 389 0281 05       		.byte	0x5
 390 0282 3D       		.byte	0x3d
 391 0283 76000000 		.4byte	0x76
 392 0287 38       		.byte	0x38
 393 0288 0A       		.uleb128 0xa
 394 0289 D7030000 		.4byte	.LASF50
 395 028d 05       		.byte	0x5
 396 028e 3E       		.byte	0x3e
 397 028f 76000000 		.4byte	0x76
 398 0293 3C       		.byte	0x3c
ARM GAS  C:\Users\Lenovo\AppData\Local\Temp\ccI5MoBT.s 			page 9


 399 0294 0A       		.uleb128 0xa
 400 0295 28040000 		.4byte	.LASF51
 401 0299 05       		.byte	0x5
 402 029a 40       		.byte	0x40
 403 029b 76000000 		.4byte	0x76
 404 029f 40       		.byte	0x40
 405 02a0 0A       		.uleb128 0xa
 406 02a1 16020000 		.4byte	.LASF30
 407 02a5 05       		.byte	0x5
 408 02a6 41       		.byte	0x41
 409 02a7 76000000 		.4byte	0x76
 410 02ab 44       		.byte	0x44
 411 02ac 0A       		.uleb128 0xa
 412 02ad 00000000 		.4byte	.LASF31
 413 02b1 05       		.byte	0x5
 414 02b2 43       		.byte	0x43
 415 02b3 76000000 		.4byte	0x76
 416 02b7 48       		.byte	0x48
 417 02b8 0A       		.uleb128 0xa
 418 02b9 6B020000 		.4byte	.LASF32
 419 02bd 05       		.byte	0x5
 420 02be 44       		.byte	0x44
 421 02bf 76000000 		.4byte	0x76
 422 02c3 4C       		.byte	0x4c
 423 02c4 0A       		.uleb128 0xa
 424 02c5 07040000 		.4byte	.LASF33
 425 02c9 05       		.byte	0x5
 426 02ca 46       		.byte	0x46
 427 02cb 76000000 		.4byte	0x76
 428 02cf 50       		.byte	0x50
 429 02d0 0A       		.uleb128 0xa
 430 02d1 3F040000 		.4byte	.LASF52
 431 02d5 05       		.byte	0x5
 432 02d6 47       		.byte	0x47
 433 02d7 76000000 		.4byte	0x76
 434 02db 54       		.byte	0x54
 435 02dc 0A       		.uleb128 0xa
 436 02dd BE010000 		.4byte	.LASF53
 437 02e1 05       		.byte	0x5
 438 02e2 49       		.byte	0x49
 439 02e3 76000000 		.4byte	0x76
 440 02e7 58       		.byte	0x58
 441 02e8 0A       		.uleb128 0xa
 442 02e9 30000000 		.4byte	.LASF36
 443 02ed 05       		.byte	0x5
 444 02ee 4A       		.byte	0x4a
 445 02ef 76000000 		.4byte	0x76
 446 02f3 5C       		.byte	0x5c
 447 02f4 0A       		.uleb128 0xa
 448 02f5 9E040000 		.4byte	.LASF37
 449 02f9 05       		.byte	0x5
 450 02fa 4C       		.byte	0x4c
 451 02fb 76000000 		.4byte	0x76
 452 02ff 60       		.byte	0x60
 453 0300 00       		.byte	0
 454 0301 03       		.uleb128 0x3
 455 0302 51000000 		.4byte	.LASF54
ARM GAS  C:\Users\Lenovo\AppData\Local\Temp\ccI5MoBT.s 			page 10


 456 0306 05       		.byte	0x5
 457 0307 4D       		.byte	0x4d
 458 0308 C8010000 		.4byte	0x1c8
 459 030c 0B       		.uleb128 0xb
 460 030d 04       		.byte	0x4
 461 030e 12030000 		.4byte	0x312
 462 0312 0C       		.uleb128 0xc
 463 0313 1D030000 		.4byte	0x31d
 464 0317 0D       		.uleb128 0xd
 465 0318 76000000 		.4byte	0x76
 466 031c 00       		.byte	0
 467 031d 0E       		.uleb128 0xe
 468 031e E2010000 		.4byte	.LASF55
 469 0322 06       		.byte	0x6
 470 0323 BF01     		.2byte	0x1bf
 471 0325 0C030000 		.4byte	0x30c
 472 0329 0F       		.uleb128 0xf
 473 032a 88000000 		.4byte	.LASF56
 474 032e 24       		.byte	0x24
 475 032f 06       		.byte	0x6
 476 0330 4102     		.2byte	0x241
 477 0332 AC030000 		.4byte	0x3ac
 478 0336 10       		.uleb128 0x10
 479 0337 3E030000 		.4byte	.LASF57
 480 033b 06       		.byte	0x6
 481 033c 4402     		.2byte	0x244
 482 033e 88000000 		.4byte	0x88
 483 0342 00       		.byte	0
 484 0343 10       		.uleb128 0x10
 485 0344 7B030000 		.4byte	.LASF58
 486 0348 06       		.byte	0x6
 487 0349 4602     		.2byte	0x246
 488 034b C3000000 		.4byte	0xc3
 489 034f 04       		.byte	0x4
 490 0350 10       		.uleb128 0x10
 491 0351 6B000000 		.4byte	.LASF59
 492 0355 06       		.byte	0x6
 493 0356 4702     		.2byte	0x247
 494 0358 76000000 		.4byte	0x76
 495 035c 08       		.byte	0x8
 496 035d 10       		.uleb128 0x10
 497 035e 89010000 		.4byte	.LASF60
 498 0362 06       		.byte	0x6
 499 0363 4802     		.2byte	0x248
 500 0365 88000000 		.4byte	0x88
 501 0369 0C       		.byte	0xc
 502 036a 10       		.uleb128 0x10
 503 036b 01040000 		.4byte	.LASF61
 504 036f 06       		.byte	0x6
 505 0370 4A02     		.2byte	0x24a
 506 0372 C3000000 		.4byte	0xc3
 507 0376 10       		.byte	0x10
 508 0377 10       		.uleb128 0x10
 509 0378 4A010000 		.4byte	.LASF62
 510 037c 06       		.byte	0x6
 511 037d 4B02     		.2byte	0x24b
 512 037f 76000000 		.4byte	0x76
ARM GAS  C:\Users\Lenovo\AppData\Local\Temp\ccI5MoBT.s 			page 11


 513 0383 14       		.byte	0x14
 514 0384 10       		.uleb128 0x10
 515 0385 45020000 		.4byte	.LASF63
 516 0389 06       		.byte	0x6
 517 038a 4C02     		.2byte	0x24c
 518 038c 88000000 		.4byte	0x88
 519 0390 18       		.byte	0x18
 520 0391 10       		.uleb128 0x10
 521 0392 4A030000 		.4byte	.LASF64
 522 0396 06       		.byte	0x6
 523 0397 5202     		.2byte	0x252
 524 0399 1D030000 		.4byte	0x31d
 525 039d 1C       		.byte	0x1c
 526 039e 10       		.uleb128 0x10
 527 039f 20040000 		.4byte	.LASF65
 528 03a3 06       		.byte	0x6
 529 03a4 5502     		.2byte	0x255
 530 03a6 76000000 		.4byte	0x76
 531 03aa 20       		.byte	0x20
 532 03ab 00       		.byte	0
 533 03ac 0E       		.uleb128 0xe
 534 03ad 31010000 		.4byte	.LASF66
 535 03b1 06       		.byte	0x6
 536 03b2 5802     		.2byte	0x258
 537 03b4 29030000 		.4byte	0x329
 538 03b8 11       		.uleb128 0x11
 539 03b9 6C010000 		.4byte	.LASF75
 540 03bd 01       		.byte	0x1
 541 03be 2E       		.byte	0x2e
 542 03bf 68000000 		.4byte	0x68
 543 03c3 00000000 		.4byte	.LFB480
 544 03c7 14000000 		.4byte	.LFE480-.LFB480
 545 03cb 01       		.uleb128 0x1
 546 03cc 9C       		.byte	0x9c
 547 03cd F8030000 		.4byte	0x3f8
 548 03d1 12       		.uleb128 0x12
 549 03d2 08000000 		.4byte	.LVL0
 550 03d6 23040000 		.4byte	0x423
 551 03da E8030000 		.4byte	0x3e8
 552 03de 13       		.uleb128 0x13
 553 03df 01       		.uleb128 0x1
 554 03e0 50       		.byte	0x50
 555 03e1 05       		.uleb128 0x5
 556 03e2 0C       		.byte	0xc
 557 03e3 00000810 		.4byte	0x10080000
 558 03e7 00       		.byte	0
 559 03e8 14       		.uleb128 0x14
 560 03e9 0E000000 		.4byte	.LVL1
 561 03ed 2F040000 		.4byte	0x42f
 562 03f1 13       		.uleb128 0x13
 563 03f2 01       		.uleb128 0x1
 564 03f3 50       		.byte	0x50
 565 03f4 01       		.uleb128 0x1
 566 03f5 30       		.byte	0x30
 567 03f6 00       		.byte	0
 568 03f7 00       		.byte	0
 569 03f8 15       		.uleb128 0x15
ARM GAS  C:\Users\Lenovo\AppData\Local\Temp\ccI5MoBT.s 			page 12


 570 03f9 97020000 		.4byte	.LASF67
 571 03fd 07       		.byte	0x7
 572 03fe 5E       		.byte	0x5e
 573 03ff AC030000 		.4byte	0x3ac
 574 0403 15       		.uleb128 0x15
 575 0404 0C000000 		.4byte	.LASF68
 576 0408 08       		.byte	0x8
 577 0409 1F       		.byte	0x1f
 578 040a 0E040000 		.4byte	0x40e
 579 040e 16       		.uleb128 0x16
 580 040f BD010000 		.4byte	0x1bd
 581 0413 15       		.uleb128 0x15
 582 0414 B1010000 		.4byte	.LASF69
 583 0418 09       		.byte	0x9
 584 0419 1F       		.byte	0x1f
 585 041a 1E040000 		.4byte	0x41e
 586 041e 16       		.uleb128 0x16
 587 041f 01030000 		.4byte	0x301
 588 0423 17       		.uleb128 0x17
 589 0424 92030000 		.4byte	.LASF70
 590 0428 92030000 		.4byte	.LASF70
 591 042c 0A       		.byte	0xa
 592 042d FE01     		.2byte	0x1fe
 593 042f 17       		.uleb128 0x17
 594 0430 A9040000 		.4byte	.LASF71
 595 0434 A9040000 		.4byte	.LASF71
 596 0438 0B       		.byte	0xb
 597 0439 F004     		.2byte	0x4f0
 598 043b 00       		.byte	0
 599              		.section	.debug_abbrev,"",%progbits
 600              	.Ldebug_abbrev0:
 601 0000 01       		.uleb128 0x1
 602 0001 11       		.uleb128 0x11
 603 0002 01       		.byte	0x1
 604 0003 25       		.uleb128 0x25
 605 0004 0E       		.uleb128 0xe
 606 0005 13       		.uleb128 0x13
 607 0006 0B       		.uleb128 0xb
 608 0007 03       		.uleb128 0x3
 609 0008 0E       		.uleb128 0xe
 610 0009 1B       		.uleb128 0x1b
 611 000a 0E       		.uleb128 0xe
 612 000b 55       		.uleb128 0x55
 613 000c 17       		.uleb128 0x17
 614 000d 11       		.uleb128 0x11
 615 000e 01       		.uleb128 0x1
 616 000f 10       		.uleb128 0x10
 617 0010 17       		.uleb128 0x17
 618 0011 00       		.byte	0
 619 0012 00       		.byte	0
 620 0013 02       		.uleb128 0x2
 621 0014 24       		.uleb128 0x24
 622 0015 00       		.byte	0
 623 0016 0B       		.uleb128 0xb
 624 0017 0B       		.uleb128 0xb
 625 0018 3E       		.uleb128 0x3e
 626 0019 0B       		.uleb128 0xb
ARM GAS  C:\Users\Lenovo\AppData\Local\Temp\ccI5MoBT.s 			page 13


 627 001a 03       		.uleb128 0x3
 628 001b 0E       		.uleb128 0xe
 629 001c 00       		.byte	0
 630 001d 00       		.byte	0
 631 001e 03       		.uleb128 0x3
 632 001f 16       		.uleb128 0x16
 633 0020 00       		.byte	0
 634 0021 03       		.uleb128 0x3
 635 0022 0E       		.uleb128 0xe
 636 0023 3A       		.uleb128 0x3a
 637 0024 0B       		.uleb128 0xb
 638 0025 3B       		.uleb128 0x3b
 639 0026 0B       		.uleb128 0xb
 640 0027 49       		.uleb128 0x49
 641 0028 13       		.uleb128 0x13
 642 0029 00       		.byte	0
 643 002a 00       		.byte	0
 644 002b 04       		.uleb128 0x4
 645 002c 24       		.uleb128 0x24
 646 002d 00       		.byte	0
 647 002e 0B       		.uleb128 0xb
 648 002f 0B       		.uleb128 0xb
 649 0030 3E       		.uleb128 0x3e
 650 0031 0B       		.uleb128 0xb
 651 0032 03       		.uleb128 0x3
 652 0033 08       		.uleb128 0x8
 653 0034 00       		.byte	0
 654 0035 00       		.byte	0
 655 0036 05       		.uleb128 0x5
 656 0037 35       		.uleb128 0x35
 657 0038 00       		.byte	0
 658 0039 49       		.uleb128 0x49
 659 003a 13       		.uleb128 0x13
 660 003b 00       		.byte	0
 661 003c 00       		.byte	0
 662 003d 06       		.uleb128 0x6
 663 003e 04       		.uleb128 0x4
 664 003f 01       		.byte	0x1
 665 0040 0B       		.uleb128 0xb
 666 0041 0B       		.uleb128 0xb
 667 0042 49       		.uleb128 0x49
 668 0043 13       		.uleb128 0x13
 669 0044 3A       		.uleb128 0x3a
 670 0045 0B       		.uleb128 0xb
 671 0046 3B       		.uleb128 0x3b
 672 0047 05       		.uleb128 0x5
 673 0048 01       		.uleb128 0x1
 674 0049 13       		.uleb128 0x13
 675 004a 00       		.byte	0
 676 004b 00       		.byte	0
 677 004c 07       		.uleb128 0x7
 678 004d 28       		.uleb128 0x28
 679 004e 00       		.byte	0
 680 004f 03       		.uleb128 0x3
 681 0050 0E       		.uleb128 0xe
 682 0051 1C       		.uleb128 0x1c
 683 0052 0B       		.uleb128 0xb
ARM GAS  C:\Users\Lenovo\AppData\Local\Temp\ccI5MoBT.s 			page 14


 684 0053 00       		.byte	0
 685 0054 00       		.byte	0
 686 0055 08       		.uleb128 0x8
 687 0056 0F       		.uleb128 0xf
 688 0057 00       		.byte	0
 689 0058 0B       		.uleb128 0xb
 690 0059 0B       		.uleb128 0xb
 691 005a 00       		.byte	0
 692 005b 00       		.byte	0
 693 005c 09       		.uleb128 0x9
 694 005d 13       		.uleb128 0x13
 695 005e 01       		.byte	0x1
 696 005f 03       		.uleb128 0x3
 697 0060 0E       		.uleb128 0xe
 698 0061 0B       		.uleb128 0xb
 699 0062 0B       		.uleb128 0xb
 700 0063 3A       		.uleb128 0x3a
 701 0064 0B       		.uleb128 0xb
 702 0065 3B       		.uleb128 0x3b
 703 0066 0B       		.uleb128 0xb
 704 0067 01       		.uleb128 0x1
 705 0068 13       		.uleb128 0x13
 706 0069 00       		.byte	0
 707 006a 00       		.byte	0
 708 006b 0A       		.uleb128 0xa
 709 006c 0D       		.uleb128 0xd
 710 006d 00       		.byte	0
 711 006e 03       		.uleb128 0x3
 712 006f 0E       		.uleb128 0xe
 713 0070 3A       		.uleb128 0x3a
 714 0071 0B       		.uleb128 0xb
 715 0072 3B       		.uleb128 0x3b
 716 0073 0B       		.uleb128 0xb
 717 0074 49       		.uleb128 0x49
 718 0075 13       		.uleb128 0x13
 719 0076 38       		.uleb128 0x38
 720 0077 0B       		.uleb128 0xb
 721 0078 00       		.byte	0
 722 0079 00       		.byte	0
 723 007a 0B       		.uleb128 0xb
 724 007b 0F       		.uleb128 0xf
 725 007c 00       		.byte	0
 726 007d 0B       		.uleb128 0xb
 727 007e 0B       		.uleb128 0xb
 728 007f 49       		.uleb128 0x49
 729 0080 13       		.uleb128 0x13
 730 0081 00       		.byte	0
 731 0082 00       		.byte	0
 732 0083 0C       		.uleb128 0xc
 733 0084 15       		.uleb128 0x15
 734 0085 01       		.byte	0x1
 735 0086 27       		.uleb128 0x27
 736 0087 19       		.uleb128 0x19
 737 0088 01       		.uleb128 0x1
 738 0089 13       		.uleb128 0x13
 739 008a 00       		.byte	0
 740 008b 00       		.byte	0
ARM GAS  C:\Users\Lenovo\AppData\Local\Temp\ccI5MoBT.s 			page 15


 741 008c 0D       		.uleb128 0xd
 742 008d 05       		.uleb128 0x5
 743 008e 00       		.byte	0
 744 008f 49       		.uleb128 0x49
 745 0090 13       		.uleb128 0x13
 746 0091 00       		.byte	0
 747 0092 00       		.byte	0
 748 0093 0E       		.uleb128 0xe
 749 0094 16       		.uleb128 0x16
 750 0095 00       		.byte	0
 751 0096 03       		.uleb128 0x3
 752 0097 0E       		.uleb128 0xe
 753 0098 3A       		.uleb128 0x3a
 754 0099 0B       		.uleb128 0xb
 755 009a 3B       		.uleb128 0x3b
 756 009b 05       		.uleb128 0x5
 757 009c 49       		.uleb128 0x49
 758 009d 13       		.uleb128 0x13
 759 009e 00       		.byte	0
 760 009f 00       		.byte	0
 761 00a0 0F       		.uleb128 0xf
 762 00a1 13       		.uleb128 0x13
 763 00a2 01       		.byte	0x1
 764 00a3 03       		.uleb128 0x3
 765 00a4 0E       		.uleb128 0xe
 766 00a5 0B       		.uleb128 0xb
 767 00a6 0B       		.uleb128 0xb
 768 00a7 3A       		.uleb128 0x3a
 769 00a8 0B       		.uleb128 0xb
 770 00a9 3B       		.uleb128 0x3b
 771 00aa 05       		.uleb128 0x5
 772 00ab 01       		.uleb128 0x1
 773 00ac 13       		.uleb128 0x13
 774 00ad 00       		.byte	0
 775 00ae 00       		.byte	0
 776 00af 10       		.uleb128 0x10
 777 00b0 0D       		.uleb128 0xd
 778 00b1 00       		.byte	0
 779 00b2 03       		.uleb128 0x3
 780 00b3 0E       		.uleb128 0xe
 781 00b4 3A       		.uleb128 0x3a
 782 00b5 0B       		.uleb128 0xb
 783 00b6 3B       		.uleb128 0x3b
 784 00b7 05       		.uleb128 0x5
 785 00b8 49       		.uleb128 0x49
 786 00b9 13       		.uleb128 0x13
 787 00ba 38       		.uleb128 0x38
 788 00bb 0B       		.uleb128 0xb
 789 00bc 00       		.byte	0
 790 00bd 00       		.byte	0
 791 00be 11       		.uleb128 0x11
 792 00bf 2E       		.uleb128 0x2e
 793 00c0 01       		.byte	0x1
 794 00c1 3F       		.uleb128 0x3f
 795 00c2 19       		.uleb128 0x19
 796 00c3 03       		.uleb128 0x3
 797 00c4 0E       		.uleb128 0xe
ARM GAS  C:\Users\Lenovo\AppData\Local\Temp\ccI5MoBT.s 			page 16


 798 00c5 3A       		.uleb128 0x3a
 799 00c6 0B       		.uleb128 0xb
 800 00c7 3B       		.uleb128 0x3b
 801 00c8 0B       		.uleb128 0xb
 802 00c9 27       		.uleb128 0x27
 803 00ca 19       		.uleb128 0x19
 804 00cb 49       		.uleb128 0x49
 805 00cc 13       		.uleb128 0x13
 806 00cd 8701     		.uleb128 0x87
 807 00cf 19       		.uleb128 0x19
 808 00d0 11       		.uleb128 0x11
 809 00d1 01       		.uleb128 0x1
 810 00d2 12       		.uleb128 0x12
 811 00d3 06       		.uleb128 0x6
 812 00d4 40       		.uleb128 0x40
 813 00d5 18       		.uleb128 0x18
 814 00d6 9742     		.uleb128 0x2117
 815 00d8 19       		.uleb128 0x19
 816 00d9 01       		.uleb128 0x1
 817 00da 13       		.uleb128 0x13
 818 00db 00       		.byte	0
 819 00dc 00       		.byte	0
 820 00dd 12       		.uleb128 0x12
 821 00de 898201   		.uleb128 0x4109
 822 00e1 01       		.byte	0x1
 823 00e2 11       		.uleb128 0x11
 824 00e3 01       		.uleb128 0x1
 825 00e4 31       		.uleb128 0x31
 826 00e5 13       		.uleb128 0x13
 827 00e6 01       		.uleb128 0x1
 828 00e7 13       		.uleb128 0x13
 829 00e8 00       		.byte	0
 830 00e9 00       		.byte	0
 831 00ea 13       		.uleb128 0x13
 832 00eb 8A8201   		.uleb128 0x410a
 833 00ee 00       		.byte	0
 834 00ef 02       		.uleb128 0x2
 835 00f0 18       		.uleb128 0x18
 836 00f1 9142     		.uleb128 0x2111
 837 00f3 18       		.uleb128 0x18
 838 00f4 00       		.byte	0
 839 00f5 00       		.byte	0
 840 00f6 14       		.uleb128 0x14
 841 00f7 898201   		.uleb128 0x4109
 842 00fa 01       		.byte	0x1
 843 00fb 11       		.uleb128 0x11
 844 00fc 01       		.uleb128 0x1
 845 00fd 31       		.uleb128 0x31
 846 00fe 13       		.uleb128 0x13
 847 00ff 00       		.byte	0
 848 0100 00       		.byte	0
 849 0101 15       		.uleb128 0x15
 850 0102 34       		.uleb128 0x34
 851 0103 00       		.byte	0
 852 0104 03       		.uleb128 0x3
 853 0105 0E       		.uleb128 0xe
 854 0106 3A       		.uleb128 0x3a
ARM GAS  C:\Users\Lenovo\AppData\Local\Temp\ccI5MoBT.s 			page 17


 855 0107 0B       		.uleb128 0xb
 856 0108 3B       		.uleb128 0x3b
 857 0109 0B       		.uleb128 0xb
 858 010a 49       		.uleb128 0x49
 859 010b 13       		.uleb128 0x13
 860 010c 3F       		.uleb128 0x3f
 861 010d 19       		.uleb128 0x19
 862 010e 3C       		.uleb128 0x3c
 863 010f 19       		.uleb128 0x19
 864 0110 00       		.byte	0
 865 0111 00       		.byte	0
 866 0112 16       		.uleb128 0x16
 867 0113 26       		.uleb128 0x26
 868 0114 00       		.byte	0
 869 0115 49       		.uleb128 0x49
 870 0116 13       		.uleb128 0x13
 871 0117 00       		.byte	0
 872 0118 00       		.byte	0
 873 0119 17       		.uleb128 0x17
 874 011a 2E       		.uleb128 0x2e
 875 011b 00       		.byte	0
 876 011c 3F       		.uleb128 0x3f
 877 011d 19       		.uleb128 0x19
 878 011e 3C       		.uleb128 0x3c
 879 011f 19       		.uleb128 0x19
 880 0120 6E       		.uleb128 0x6e
 881 0121 0E       		.uleb128 0xe
 882 0122 03       		.uleb128 0x3
 883 0123 0E       		.uleb128 0xe
 884 0124 3A       		.uleb128 0x3a
 885 0125 0B       		.uleb128 0xb
 886 0126 3B       		.uleb128 0x3b
 887 0127 05       		.uleb128 0x5
 888 0128 00       		.byte	0
 889 0129 00       		.byte	0
 890 012a 00       		.byte	0
 891              		.section	.debug_aranges,"",%progbits
 892 0000 1C000000 		.4byte	0x1c
 893 0004 0200     		.2byte	0x2
 894 0006 00000000 		.4byte	.Ldebug_info0
 895 000a 04       		.byte	0x4
 896 000b 00       		.byte	0
 897 000c 0000     		.2byte	0
 898 000e 0000     		.2byte	0
 899 0010 00000000 		.4byte	.LFB480
 900 0014 14000000 		.4byte	.LFE480-.LFB480
 901 0018 00000000 		.4byte	0
 902 001c 00000000 		.4byte	0
 903              		.section	.debug_ranges,"",%progbits
 904              	.Ldebug_ranges0:
 905 0000 00000000 		.4byte	.LFB480
 906 0004 14000000 		.4byte	.LFE480
 907 0008 00000000 		.4byte	0
 908 000c 00000000 		.4byte	0
 909              		.section	.debug_line,"",%progbits
 910              	.Ldebug_line0:
 911 0000 3E020000 		.section	.debug_str,"MS",%progbits,1
ARM GAS  C:\Users\Lenovo\AppData\Local\Temp\ccI5MoBT.s 			page 18


 911      02002302 
 911      00000201 
 911      FB0E0D00 
 911      01010101 
 912              	.LASF31:
 913 0000 72656C6F 		.ascii	"reloadInput\000"
 913      6164496E 
 913      70757400 
 914              	.LASF68:
 915 000c 43595F45 		.ascii	"CY_EINK_Timer_config\000"
 915      494E4B5F 
 915      54696D65 
 915      725F636F 
 915      6E666967 
 916              	.LASF20:
 917 0021 636C6F63 		.ascii	"clockPrescaler\000"
 917      6B507265 
 917      7363616C 
 917      657200
 918              	.LASF36:
 919 0030 636F756E 		.ascii	"countInputMode\000"
 919      74496E70 
 919      75744D6F 
 919      646500
 920              	.LASF24:
 921 003f 636F6D70 		.ascii	"compare0\000"
 921      61726530 
 921      00
 922              	.LASF25:
 923 0048 636F6D70 		.ascii	"compare1\000"
 923      61726531 
 923      00
 924              	.LASF54:
 925 0051 63795F73 		.ascii	"cy_stc_tcpwm_pwm_config_t\000"
 925      74635F74 
 925      6370776D 
 925      5F70776D 
 925      5F636F6E 
 926              	.LASF59:
 927 006b 72784275 		.ascii	"rxBufSize\000"
 927      6653697A 
 927      6500
 928              	.LASF0:
 929 0075 73686F72 		.ascii	"short int\000"
 929      7420696E 
 929      7400
 930              	.LASF11:
 931 007f 73697A65 		.ascii	"sizetype\000"
 931      74797065 
 931      00
 932              	.LASF56:
 933 0088 63795F73 		.ascii	"cy_stc_scb_spi_context\000"
 933      74635F73 
 933      63625F73 
 933      70695F63 
 933      6F6E7465 
 934              	.LASF72:
ARM GAS  C:\Users\Lenovo\AppData\Local\Temp\ccI5MoBT.s 			page 19


 935 009f 474E5520 		.ascii	"GNU C11 5.4.1 20160609 (release) [ARM/embedded-5-br"
 935      43313120 
 935      352E342E 
 935      31203230 
 935      31363036 
 936 00d2 616E6368 		.ascii	"anch revision 237715] -mcpu=cortex-m0plus -mthumb -"
 936      20726576 
 936      6973696F 
 936      6E203233 
 936      37373135 
 937 0105 67202D4F 		.ascii	"g -Og -ffunction-sections -ffat-lto-objects\000"
 937      67202D66 
 937      66756E63 
 937      74696F6E 
 937      2D736563 
 938              	.LASF66:
 939 0131 63795F73 		.ascii	"cy_stc_scb_spi_context_t\000"
 939      74635F73 
 939      63625F73 
 939      70695F63 
 939      6F6E7465 
 940              	.LASF62:
 941 014a 74784275 		.ascii	"txBufSize\000"
 941      6653697A 
 941      6500
 942              	.LASF40:
 943 0154 63795F73 		.ascii	"cy_stc_tcpwm_pwm_config\000"
 943      74635F74 
 943      6370776D 
 943      5F70776D 
 943      5F636F6E 
 944              	.LASF75:
 945 016c 6D61696E 		.ascii	"main\000"
 945      00
 946              	.LASF9:
 947 0171 5F5F7569 		.ascii	"__uint32_t\000"
 947      6E743332 
 947      5F7400
 948              	.LASF29:
 949 017c 63617074 		.ascii	"captureInput\000"
 949      75726549 
 949      6E707574 
 949      00
 950              	.LASF60:
 951 0189 72784275 		.ascii	"rxBufIdx\000"
 951      66496478 
 951      00
 952              	.LASF42:
 953 0192 70776D41 		.ascii	"pwmAlignment\000"
 953      6C69676E 
 953      6D656E74 
 953      00
 954              	.LASF26:
 955 019f 656E6162 		.ascii	"enableCompareSwap\000"
 955      6C65436F 
 955      6D706172 
 955      65537761 
ARM GAS  C:\Users\Lenovo\AppData\Local\Temp\ccI5MoBT.s 			page 20


 955      7000
 956              	.LASF69:
 957 01b1 50574D5F 		.ascii	"PWM_1_config\000"
 957      315F636F 
 957      6E666967 
 957      00
 958              	.LASF53:
 959 01be 6B696C6C 		.ascii	"killInput\000"
 959      496E7075 
 959      7400
 960              	.LASF27:
 961 01c8 696E7465 		.ascii	"interruptSources\000"
 961      72727570 
 961      74536F75 
 961      72636573 
 961      00
 962              	.LASF49:
 963 01d9 6B696C6C 		.ascii	"killMode\000"
 963      4D6F6465 
 963      00
 964              	.LASF55:
 965 01e2 63795F63 		.ascii	"cy_cb_scb_spi_handle_events_t\000"
 965      625F7363 
 965      625F7370 
 965      695F6861 
 965      6E646C65 
 966              	.LASF14:
 967 0200 666C6F61 		.ascii	"float\000"
 967      7400
 968              	.LASF44:
 969 0206 70657269 		.ascii	"period0\000"
 969      6F643000 
 970              	.LASF45:
 971 020e 70657269 		.ascii	"period1\000"
 971      6F643100 
 972              	.LASF30:
 973 0216 72656C6F 		.ascii	"reloadInputMode\000"
 973      6164496E 
 973      7075744D 
 973      6F646500 
 974              	.LASF6:
 975 0226 6C6F6E67 		.ascii	"long long int\000"
 975      206C6F6E 
 975      6720696E 
 975      7400
 976              	.LASF21:
 977 0234 72756E4D 		.ascii	"runMode\000"
 977      6F646500 
 978              	.LASF4:
 979 023c 6C6F6E67 		.ascii	"long int\000"
 979      20696E74 
 979      00
 980              	.LASF63:
 981 0245 74784275 		.ascii	"txBufIdx\000"
 981      66496478 
 981      00
 982              	.LASF19:
ARM GAS  C:\Users\Lenovo\AppData\Local\Temp\ccI5MoBT.s 			page 21


 983 024e 70657269 		.ascii	"period\000"
 983      6F6400
 984              	.LASF35:
 985 0255 73746F70 		.ascii	"stopInput\000"
 985      496E7075 
 985      7400
 986              	.LASF12:
 987 025f 6C6F6E67 		.ascii	"long double\000"
 987      20646F75 
 987      626C6500 
 988              	.LASF32:
 989 026b 73746172 		.ascii	"startInputMode\000"
 989      74496E70 
 989      75744D6F 
 989      646500
 990              	.LASF1:
 991 027a 756E7369 		.ascii	"unsigned char\000"
 991      676E6564 
 991      20636861 
 991      7200
 992              	.LASF22:
 993 0288 636F756E 		.ascii	"countDirection\000"
 993      74446972 
 993      65637469 
 993      6F6E00
 994              	.LASF67:
 995 0297 43595F45 		.ascii	"CY_EINK_SPIM_context\000"
 995      494E4B5F 
 995      5350494D 
 995      5F636F6E 
 995      74657874 
 996              	.LASF46:
 997 02ac 656E6162 		.ascii	"enablePeriodSwap\000"
 997      6C655065 
 997      72696F64 
 997      53776170 
 997      00
 998              	.LASF2:
 999 02bd 7369676E 		.ascii	"signed char\000"
 999      65642063 
 999      68617200 
 1000              	.LASF7:
 1001 02c9 6C6F6E67 		.ascii	"long long unsigned int\000"
 1001      206C6F6E 
 1001      6720756E 
 1001      7369676E 
 1001      65642069 
 1002              	.LASF10:
 1003 02e0 75696E74 		.ascii	"uint32_t\000"
 1003      33325F74 
 1003      00
 1004              	.LASF23:
 1005 02e9 636F6D70 		.ascii	"compareOrCapture\000"
 1005      6172654F 
 1005      72436170 
 1005      74757265 
 1005      00
ARM GAS  C:\Users\Lenovo\AppData\Local\Temp\ccI5MoBT.s 			page 22


 1006              	.LASF48:
 1007 02fa 696E7665 		.ascii	"invertPWMOutN\000"
 1007      72745057 
 1007      4D4F7574 
 1007      4E00
 1008              	.LASF38:
 1009 0308 63795F73 		.ascii	"cy_stc_tcpwm_counter_config_t\000"
 1009      74635F74 
 1009      6370776D 
 1009      5F636F75 
 1009      6E746572 
 1010              	.LASF17:
 1011 0326 43595F53 		.ascii	"CY_SYSPM_WAIT_FOR_EVENT\000"
 1011      5953504D 
 1011      5F574149 
 1011      545F464F 
 1011      525F4556 
 1012              	.LASF57:
 1013 033e 73746174 		.ascii	"status\000"
 1013      757300
 1014              	.LASF13:
 1015 0345 63686172 		.ascii	"char\000"
 1015      00
 1016              	.LASF64:
 1017 034a 63624576 		.ascii	"cbEvents\000"
 1017      656E7473 
 1017      00
 1018              	.LASF43:
 1019 0353 64656164 		.ascii	"deadTimeClocks\000"
 1019      54696D65 
 1019      436C6F63 
 1019      6B7300
 1020              	.LASF3:
 1021 0362 73686F72 		.ascii	"short unsigned int\000"
 1021      7420756E 
 1021      7369676E 
 1021      65642069 
 1021      6E7400
 1022              	.LASF18:
 1023 0375 5F426F6F 		.ascii	"_Bool\000"
 1023      6C00
 1024              	.LASF58:
 1025 037b 72784275 		.ascii	"rxBuf\000"
 1025      6600
 1026              	.LASF28:
 1027 0381 63617074 		.ascii	"captureInputMode\000"
 1027      75726549 
 1027      6E707574 
 1027      4D6F6465 
 1027      00
 1028              	.LASF70:
 1029 0392 43795F53 		.ascii	"Cy_SysEnableCM4\000"
 1029      7973456E 
 1029      61626C65 
 1029      434D3400 
 1030              	.LASF16:
 1031 03a2 43595F53 		.ascii	"CY_SYSPM_WAIT_FOR_INTERRUPT\000"
ARM GAS  C:\Users\Lenovo\AppData\Local\Temp\ccI5MoBT.s 			page 23


 1031      5953504D 
 1031      5F574149 
 1031      545F464F 
 1031      525F494E 
 1032              	.LASF5:
 1033 03be 6C6F6E67 		.ascii	"long unsigned int\000"
 1033      20756E73 
 1033      69676E65 
 1033      6420696E 
 1033      7400
 1034              	.LASF15:
 1035 03d0 646F7562 		.ascii	"double\000"
 1035      6C6500
 1036              	.LASF50:
 1037 03d7 73776170 		.ascii	"swapInputMode\000"
 1037      496E7075 
 1037      744D6F64 
 1037      6500
 1038              	.LASF39:
 1039 03e5 63795F73 		.ascii	"cy_stc_tcpwm_counter_config\000"
 1039      74635F74 
 1039      6370776D 
 1039      5F636F75 
 1039      6E746572 
 1040              	.LASF61:
 1041 0401 74784275 		.ascii	"txBuf\000"
 1041      6600
 1042              	.LASF33:
 1043 0407 73746172 		.ascii	"startInput\000"
 1043      74496E70 
 1043      757400
 1044              	.LASF34:
 1045 0412 73746F70 		.ascii	"stopInputMode\000"
 1045      496E7075 
 1045      744D6F64 
 1045      6500
 1046              	.LASF65:
 1047 0420 696E6974 		.ascii	"initKey\000"
 1047      4B657900 
 1048              	.LASF51:
 1049 0428 73776170 		.ascii	"swapInput\000"
 1049      496E7075 
 1049      7400
 1050              	.LASF47:
 1051 0432 696E7665 		.ascii	"invertPWMOut\000"
 1051      72745057 
 1051      4D4F7574 
 1051      00
 1052              	.LASF52:
 1053 043f 6B696C6C 		.ascii	"killInputMode\000"
 1053      496E7075 
 1053      744D6F64 
 1053      6500
 1054              	.LASF74:
 1055 044d 443A5C4D 		.ascii	"D:\\Microprocess2\\Lab10\\Workspace01\\Exam_A22_Tys"
 1055      6963726F 
 1055      70726F63 
ARM GAS  C:\Users\Lenovo\AppData\Local\Temp\ccI5MoBT.s 			page 24


 1055      65737332 
 1055      5C4C6162 
 1056 047c 68636865 		.ascii	"hchenko.cydsn\000"
 1056      6E6B6F2E 
 1056      63796473 
 1056      6E00
 1057              	.LASF41:
 1058 048a 70776D4D 		.ascii	"pwmMode\000"
 1058      6F646500 
 1059              	.LASF73:
 1060 0492 6D61696E 		.ascii	"main_cm0p.c\000"
 1060      5F636D30 
 1060      702E6300 
 1061              	.LASF37:
 1062 049e 636F756E 		.ascii	"countInput\000"
 1062      74496E70 
 1062      757400
 1063              	.LASF71:
 1064 04a9 43795F53 		.ascii	"Cy_SysPm_DeepSleep\000"
 1064      7973506D 
 1064      5F446565 
 1064      70536C65 
 1064      657000
 1065              	.LASF8:
 1066 04bc 756E7369 		.ascii	"unsigned int\000"
 1066      676E6564 
 1066      20696E74 
 1066      00
 1067              		.ident	"GCC: (GNU Tools for ARM Embedded Processors) 5.4.1 20160609 (release) [ARM/embedded-5-bran
