ARM GAS  C:\Users\Lenovo\AppData\Local\Temp\cc9xtPVT.s 			page 1


   1              		.syntax unified
   2              		.cpu cortex-m0
   3              		.fpu softvfp
   4              		.eabi_attribute 20, 1
   5              		.eabi_attribute 21, 1
   6              		.eabi_attribute 23, 3
   7              		.eabi_attribute 24, 1
   8              		.eabi_attribute 25, 1
   9              		.eabi_attribute 26, 1
  10              		.eabi_attribute 30, 1
  11              		.eabi_attribute 34, 0
  12              		.eabi_attribute 18, 4
  13              		.thumb
  14              		.syntax unified
  15              		.file	"cyfitter_cfg.c"
  16              		.text
  17              	.Ltext0:
  18              		.cfi_sections	.debug_frame
  19              		.section	.text.cfg_write_bytes32,"ax",%progbits
  20              		.align	2
  21              		.code	16
  22              		.thumb_func
  23              		.type	cfg_write_bytes32, %function
  24              	cfg_write_bytes32:
  25              	.LFB3:
  26              		.file 1 "Generated_Source\\PSoC4\\cyfitter_cfg.c"
   1:Generated_Source\PSoC4/cyfitter_cfg.c **** 
   2:Generated_Source\PSoC4/cyfitter_cfg.c **** /*******************************************************************************
   3:Generated_Source\PSoC4/cyfitter_cfg.c **** * File Name: cyfitter_cfg.c
   4:Generated_Source\PSoC4/cyfitter_cfg.c **** * 
   5:Generated_Source\PSoC4/cyfitter_cfg.c **** * PSoC Creator  4.4
   6:Generated_Source\PSoC4/cyfitter_cfg.c **** *
   7:Generated_Source\PSoC4/cyfitter_cfg.c **** * Description:
   8:Generated_Source\PSoC4/cyfitter_cfg.c **** * This file contains device initialization code.
   9:Generated_Source\PSoC4/cyfitter_cfg.c **** * Except for the user defined sections in CyClockStartupError(), this file should not be modified.
  10:Generated_Source\PSoC4/cyfitter_cfg.c **** * This file is automatically generated by PSoC Creator.
  11:Generated_Source\PSoC4/cyfitter_cfg.c **** *
  12:Generated_Source\PSoC4/cyfitter_cfg.c **** ********************************************************************************
  13:Generated_Source\PSoC4/cyfitter_cfg.c **** * Copyright (c) 2007-2020 Cypress Semiconductor.  All rights reserved.
  14:Generated_Source\PSoC4/cyfitter_cfg.c **** * You may use this file only in accordance with the license, terms, conditions, 
  15:Generated_Source\PSoC4/cyfitter_cfg.c **** * disclaimers, and limitations in the end user license agreement accompanying 
  16:Generated_Source\PSoC4/cyfitter_cfg.c **** * the software package with which this file was provided.
  17:Generated_Source\PSoC4/cyfitter_cfg.c **** ********************************************************************************/
  18:Generated_Source\PSoC4/cyfitter_cfg.c **** 
  19:Generated_Source\PSoC4/cyfitter_cfg.c **** #include <string.h>
  20:Generated_Source\PSoC4/cyfitter_cfg.c **** #include "cytypes.h"
  21:Generated_Source\PSoC4/cyfitter_cfg.c **** #include "cydevice_trm.h"
  22:Generated_Source\PSoC4/cyfitter_cfg.c **** #include "cyfitter.h"
  23:Generated_Source\PSoC4/cyfitter_cfg.c **** #include "CyLib.h"
  24:Generated_Source\PSoC4/cyfitter_cfg.c **** #include "CyLFClk.h"
  25:Generated_Source\PSoC4/cyfitter_cfg.c **** #include "cyfitter_cfg.h"
  26:Generated_Source\PSoC4/cyfitter_cfg.c **** #include "cyapicallbacks.h"
  27:Generated_Source\PSoC4/cyfitter_cfg.c **** 
  28:Generated_Source\PSoC4/cyfitter_cfg.c **** 
  29:Generated_Source\PSoC4/cyfitter_cfg.c **** #if defined(__GNUC__) || defined(__ARMCC_VERSION)
  30:Generated_Source\PSoC4/cyfitter_cfg.c ****     #define CYPACKED 
  31:Generated_Source\PSoC4/cyfitter_cfg.c ****     #define CYPACKED_ATTR __attribute__ ((packed))
ARM GAS  C:\Users\Lenovo\AppData\Local\Temp\cc9xtPVT.s 			page 2


  32:Generated_Source\PSoC4/cyfitter_cfg.c ****     #define CYALIGNED __attribute__ ((aligned))
  33:Generated_Source\PSoC4/cyfitter_cfg.c ****     #define CY_CFG_UNUSED __attribute__ ((unused))
  34:Generated_Source\PSoC4/cyfitter_cfg.c ****     #ifndef CY_CFG_SECTION
  35:Generated_Source\PSoC4/cyfitter_cfg.c ****         #define CY_CFG_SECTION __attribute__ ((section(".psocinit")))
  36:Generated_Source\PSoC4/cyfitter_cfg.c ****     #endif
  37:Generated_Source\PSoC4/cyfitter_cfg.c ****     
  38:Generated_Source\PSoC4/cyfitter_cfg.c ****     #if defined(__ARMCC_VERSION)
  39:Generated_Source\PSoC4/cyfitter_cfg.c ****         #define CY_CFG_MEMORY_BARRIER() __memory_changed()
  40:Generated_Source\PSoC4/cyfitter_cfg.c ****     #else
  41:Generated_Source\PSoC4/cyfitter_cfg.c ****         #define CY_CFG_MEMORY_BARRIER() __sync_synchronize()
  42:Generated_Source\PSoC4/cyfitter_cfg.c ****     #endif
  43:Generated_Source\PSoC4/cyfitter_cfg.c ****     
  44:Generated_Source\PSoC4/cyfitter_cfg.c **** #elif defined(__ICCARM__)
  45:Generated_Source\PSoC4/cyfitter_cfg.c ****     #include <intrinsics.h>
  46:Generated_Source\PSoC4/cyfitter_cfg.c **** 
  47:Generated_Source\PSoC4/cyfitter_cfg.c ****     #define CYPACKED __packed
  48:Generated_Source\PSoC4/cyfitter_cfg.c ****     #define CYPACKED_ATTR 
  49:Generated_Source\PSoC4/cyfitter_cfg.c ****     #define CYALIGNED _Pragma("data_alignment=4")
  50:Generated_Source\PSoC4/cyfitter_cfg.c ****     #define CY_CFG_UNUSED _Pragma("diag_suppress=Pe177")
  51:Generated_Source\PSoC4/cyfitter_cfg.c ****     #define CY_CFG_SECTION _Pragma("location=\".psocinit\"")
  52:Generated_Source\PSoC4/cyfitter_cfg.c ****     
  53:Generated_Source\PSoC4/cyfitter_cfg.c ****     #define CY_CFG_MEMORY_BARRIER() __DMB()
  54:Generated_Source\PSoC4/cyfitter_cfg.c ****     
  55:Generated_Source\PSoC4/cyfitter_cfg.c **** #else
  56:Generated_Source\PSoC4/cyfitter_cfg.c ****     #error Unsupported toolchain
  57:Generated_Source\PSoC4/cyfitter_cfg.c **** #endif
  58:Generated_Source\PSoC4/cyfitter_cfg.c **** 
  59:Generated_Source\PSoC4/cyfitter_cfg.c **** #ifndef CYCODE
  60:Generated_Source\PSoC4/cyfitter_cfg.c ****     #define CYCODE
  61:Generated_Source\PSoC4/cyfitter_cfg.c **** #endif
  62:Generated_Source\PSoC4/cyfitter_cfg.c **** #ifndef CYDATA
  63:Generated_Source\PSoC4/cyfitter_cfg.c ****     #define CYDATA
  64:Generated_Source\PSoC4/cyfitter_cfg.c **** #endif
  65:Generated_Source\PSoC4/cyfitter_cfg.c **** #ifndef CYFAR
  66:Generated_Source\PSoC4/cyfitter_cfg.c ****     #define CYFAR
  67:Generated_Source\PSoC4/cyfitter_cfg.c **** #endif
  68:Generated_Source\PSoC4/cyfitter_cfg.c **** #ifndef CYXDATA
  69:Generated_Source\PSoC4/cyfitter_cfg.c ****     #define CYXDATA
  70:Generated_Source\PSoC4/cyfitter_cfg.c **** #endif
  71:Generated_Source\PSoC4/cyfitter_cfg.c **** 
  72:Generated_Source\PSoC4/cyfitter_cfg.c **** 
  73:Generated_Source\PSoC4/cyfitter_cfg.c **** CY_CFG_UNUSED
  74:Generated_Source\PSoC4/cyfitter_cfg.c **** static void CYMEMZERO(void *s, size_t n);
  75:Generated_Source\PSoC4/cyfitter_cfg.c **** CY_CFG_UNUSED
  76:Generated_Source\PSoC4/cyfitter_cfg.c **** static void CYMEMZERO(void *s, size_t n)
  77:Generated_Source\PSoC4/cyfitter_cfg.c **** {
  78:Generated_Source\PSoC4/cyfitter_cfg.c **** 	(void)memset(s, 0, n);
  79:Generated_Source\PSoC4/cyfitter_cfg.c **** }
  80:Generated_Source\PSoC4/cyfitter_cfg.c **** CY_CFG_UNUSED
  81:Generated_Source\PSoC4/cyfitter_cfg.c **** static void CYCONFIGCPY(void *dest, const void *src, size_t n);
  82:Generated_Source\PSoC4/cyfitter_cfg.c **** CY_CFG_UNUSED
  83:Generated_Source\PSoC4/cyfitter_cfg.c **** static void CYCONFIGCPY(void *dest, const void *src, size_t n)
  84:Generated_Source\PSoC4/cyfitter_cfg.c **** {
  85:Generated_Source\PSoC4/cyfitter_cfg.c **** 	(void)memcpy(dest, src, n);
  86:Generated_Source\PSoC4/cyfitter_cfg.c **** }
  87:Generated_Source\PSoC4/cyfitter_cfg.c **** CY_CFG_UNUSED
  88:Generated_Source\PSoC4/cyfitter_cfg.c **** static void CYCONFIGCPYCODE(void *dest, const void *src, size_t n);
ARM GAS  C:\Users\Lenovo\AppData\Local\Temp\cc9xtPVT.s 			page 3


  89:Generated_Source\PSoC4/cyfitter_cfg.c **** CY_CFG_UNUSED
  90:Generated_Source\PSoC4/cyfitter_cfg.c **** static void CYCONFIGCPYCODE(void *dest, const void *src, size_t n)
  91:Generated_Source\PSoC4/cyfitter_cfg.c **** {
  92:Generated_Source\PSoC4/cyfitter_cfg.c **** 	(void)memcpy(dest, src, n);
  93:Generated_Source\PSoC4/cyfitter_cfg.c **** }
  94:Generated_Source\PSoC4/cyfitter_cfg.c **** 
  95:Generated_Source\PSoC4/cyfitter_cfg.c **** 
  96:Generated_Source\PSoC4/cyfitter_cfg.c **** 
  97:Generated_Source\PSoC4/cyfitter_cfg.c **** 
  98:Generated_Source\PSoC4/cyfitter_cfg.c **** /* Clock startup error codes                                                   */
  99:Generated_Source\PSoC4/cyfitter_cfg.c **** #define CYCLOCKSTART_NO_ERROR    0u
 100:Generated_Source\PSoC4/cyfitter_cfg.c **** #define CYCLOCKSTART_XTAL_ERROR  1u
 101:Generated_Source\PSoC4/cyfitter_cfg.c **** #define CYCLOCKSTART_32KHZ_ERROR 2u
 102:Generated_Source\PSoC4/cyfitter_cfg.c **** #define CYCLOCKSTART_PLL_ERROR   3u
 103:Generated_Source\PSoC4/cyfitter_cfg.c **** #define CYCLOCKSTART_FLL_ERROR   4u
 104:Generated_Source\PSoC4/cyfitter_cfg.c **** #define CYCLOCKSTART_WCO_ERROR   5u
 105:Generated_Source\PSoC4/cyfitter_cfg.c **** 
 106:Generated_Source\PSoC4/cyfitter_cfg.c **** 
 107:Generated_Source\PSoC4/cyfitter_cfg.c **** #ifdef CY_NEED_CYCLOCKSTARTUPERROR
 108:Generated_Source\PSoC4/cyfitter_cfg.c **** /*******************************************************************************
 109:Generated_Source\PSoC4/cyfitter_cfg.c **** * Function Name: CyClockStartupError
 110:Generated_Source\PSoC4/cyfitter_cfg.c **** ********************************************************************************
 111:Generated_Source\PSoC4/cyfitter_cfg.c **** * Summary:
 112:Generated_Source\PSoC4/cyfitter_cfg.c **** *  If an error is encountered during clock configuration (crystal startup error,
 113:Generated_Source\PSoC4/cyfitter_cfg.c **** *  PLL lock error, etc.), the system will end up here.  Unless reimplemented by
 114:Generated_Source\PSoC4/cyfitter_cfg.c **** *  the customer, this function will stop in an infinite loop.
 115:Generated_Source\PSoC4/cyfitter_cfg.c **** *
 116:Generated_Source\PSoC4/cyfitter_cfg.c **** * Parameters:
 117:Generated_Source\PSoC4/cyfitter_cfg.c **** *   void
 118:Generated_Source\PSoC4/cyfitter_cfg.c **** *
 119:Generated_Source\PSoC4/cyfitter_cfg.c **** * Return:
 120:Generated_Source\PSoC4/cyfitter_cfg.c **** *   void
 121:Generated_Source\PSoC4/cyfitter_cfg.c **** *
 122:Generated_Source\PSoC4/cyfitter_cfg.c **** *******************************************************************************/
 123:Generated_Source\PSoC4/cyfitter_cfg.c **** CY_CFG_UNUSED
 124:Generated_Source\PSoC4/cyfitter_cfg.c **** static void CyClockStartupError(uint8 errorCode);
 125:Generated_Source\PSoC4/cyfitter_cfg.c **** CY_CFG_UNUSED
 126:Generated_Source\PSoC4/cyfitter_cfg.c **** static void CyClockStartupError(uint8 errorCode)
 127:Generated_Source\PSoC4/cyfitter_cfg.c **** {
 128:Generated_Source\PSoC4/cyfitter_cfg.c ****     /* To remove the compiler warning if errorCode not used.                */
 129:Generated_Source\PSoC4/cyfitter_cfg.c ****     errorCode = errorCode;
 130:Generated_Source\PSoC4/cyfitter_cfg.c **** 
 131:Generated_Source\PSoC4/cyfitter_cfg.c ****     /* If we have a clock startup error (bad MHz crystal, PLL lock, etc.),  */
 132:Generated_Source\PSoC4/cyfitter_cfg.c ****     /* we will end up here to allow the customer to implement something to  */
 133:Generated_Source\PSoC4/cyfitter_cfg.c ****     /* deal with the clock condition.                                       */
 134:Generated_Source\PSoC4/cyfitter_cfg.c **** 
 135:Generated_Source\PSoC4/cyfitter_cfg.c **** #ifdef CY_CFG_CLOCK_STARTUP_ERROR_CALLBACK
 136:Generated_Source\PSoC4/cyfitter_cfg.c ****     CY_CFG_Clock_Startup_ErrorCallback();
 137:Generated_Source\PSoC4/cyfitter_cfg.c **** #else
 138:Generated_Source\PSoC4/cyfitter_cfg.c ****     /*  If not using CY_CFG_CLOCK_STARTUP_ERROR_CALLBACK, place your clock startup code here. */
 139:Generated_Source\PSoC4/cyfitter_cfg.c ****     /* `#START CyClockStartupError` */
 140:Generated_Source\PSoC4/cyfitter_cfg.c **** 
 141:Generated_Source\PSoC4/cyfitter_cfg.c **** 
 142:Generated_Source\PSoC4/cyfitter_cfg.c **** 
 143:Generated_Source\PSoC4/cyfitter_cfg.c ****     /* `#END` */
 144:Generated_Source\PSoC4/cyfitter_cfg.c **** 
 145:Generated_Source\PSoC4/cyfitter_cfg.c ****     while(1) {}
ARM GAS  C:\Users\Lenovo\AppData\Local\Temp\cc9xtPVT.s 			page 4


 146:Generated_Source\PSoC4/cyfitter_cfg.c **** #endif /* CY_CFG_CLOCK_STARTUP_ERROR_CALLBACK */
 147:Generated_Source\PSoC4/cyfitter_cfg.c **** }
 148:Generated_Source\PSoC4/cyfitter_cfg.c **** #endif
 149:Generated_Source\PSoC4/cyfitter_cfg.c **** 
 150:Generated_Source\PSoC4/cyfitter_cfg.c **** #define CY_CFG_BASE_ADDR_COUNT 4u
 151:Generated_Source\PSoC4/cyfitter_cfg.c **** CYPACKED typedef struct
 152:Generated_Source\PSoC4/cyfitter_cfg.c **** {
 153:Generated_Source\PSoC4/cyfitter_cfg.c **** 	uint8 offset;
 154:Generated_Source\PSoC4/cyfitter_cfg.c **** 	uint8 value;
 155:Generated_Source\PSoC4/cyfitter_cfg.c **** } CYPACKED_ATTR cy_cfg_addrvalue_t;
 156:Generated_Source\PSoC4/cyfitter_cfg.c **** 
 157:Generated_Source\PSoC4/cyfitter_cfg.c **** 
 158:Generated_Source\PSoC4/cyfitter_cfg.c **** 
 159:Generated_Source\PSoC4/cyfitter_cfg.c **** /*******************************************************************************
 160:Generated_Source\PSoC4/cyfitter_cfg.c **** * Function Name: cfg_write_bytes32
 161:Generated_Source\PSoC4/cyfitter_cfg.c **** ********************************************************************************
 162:Generated_Source\PSoC4/cyfitter_cfg.c **** * Summary:
 163:Generated_Source\PSoC4/cyfitter_cfg.c **** *  This function is used for setting up the chip configuration areas that
 164:Generated_Source\PSoC4/cyfitter_cfg.c **** *  contain relatively sparse data.
 165:Generated_Source\PSoC4/cyfitter_cfg.c **** *
 166:Generated_Source\PSoC4/cyfitter_cfg.c **** * Parameters:
 167:Generated_Source\PSoC4/cyfitter_cfg.c **** *   void
 168:Generated_Source\PSoC4/cyfitter_cfg.c **** *
 169:Generated_Source\PSoC4/cyfitter_cfg.c **** * Return:
 170:Generated_Source\PSoC4/cyfitter_cfg.c **** *   void
 171:Generated_Source\PSoC4/cyfitter_cfg.c **** *
 172:Generated_Source\PSoC4/cyfitter_cfg.c **** *******************************************************************************/
 173:Generated_Source\PSoC4/cyfitter_cfg.c **** static void cfg_write_bytes32(const uint32 addr_table[], const cy_cfg_addrvalue_t data_table[]);
 174:Generated_Source\PSoC4/cyfitter_cfg.c **** static void cfg_write_bytes32(const uint32 addr_table[], const cy_cfg_addrvalue_t data_table[])
 175:Generated_Source\PSoC4/cyfitter_cfg.c **** {
  27              		.loc 1 175 0
  28              		.cfi_startproc
  29              		@ args = 0, pretend = 0, frame = 0
  30              		@ frame_needed = 0, uses_anonymous_args = 0
  31              	.LVL0:
  32 0000 F0B5     		push	{r4, r5, r6, r7, lr}
  33              		.cfi_def_cfa_offset 20
  34              		.cfi_offset 4, -20
  35              		.cfi_offset 5, -16
  36              		.cfi_offset 6, -12
  37              		.cfi_offset 7, -8
  38              		.cfi_offset 14, -4
  39              	.LVL1:
 176:Generated_Source\PSoC4/cyfitter_cfg.c **** 	/* For 32-bit little-endian architectures */
 177:Generated_Source\PSoC4/cyfitter_cfg.c **** 	uint32 i, j = 0u;
  40              		.loc 1 177 0
  41 0002 0025     		movs	r5, #0
 178:Generated_Source\PSoC4/cyfitter_cfg.c **** 	for (i = 0u; i < CY_CFG_BASE_ADDR_COUNT; i++)
  42              		.loc 1 178 0
  43 0004 0027     		movs	r7, #0
  44 0006 11E0     		b	.L2
  45              	.LVL2:
  46              	.L5:
  47              	.LBB2:
 179:Generated_Source\PSoC4/cyfitter_cfg.c **** 	{
 180:Generated_Source\PSoC4/cyfitter_cfg.c **** 		uint32 baseAddr = addr_table[i];
  48              		.loc 1 180 0
ARM GAS  C:\Users\Lenovo\AppData\Local\Temp\cc9xtPVT.s 			page 5


  49 0008 BB00     		lsls	r3, r7, #2
  50 000a C658     		ldr	r6, [r0, r3]
  51              	.LVL3:
 181:Generated_Source\PSoC4/cyfitter_cfg.c **** 		uint8 count = (uint8)baseAddr;
  52              		.loc 1 181 0
  53 000c F3B2     		uxtb	r3, r6
  54              	.LVL4:
 182:Generated_Source\PSoC4/cyfitter_cfg.c **** 		baseAddr &= 0xFFFFFF00u;
  55              		.loc 1 182 0
  56 000e FF22     		movs	r2, #255
  57 0010 9643     		bics	r6, r2
  58              	.LVL5:
 183:Generated_Source\PSoC4/cyfitter_cfg.c **** 		while (count != 0u)
  59              		.loc 1 183 0
  60 0012 08E0     		b	.L3
  61              	.L4:
 184:Generated_Source\PSoC4/cyfitter_cfg.c **** 		{
 185:Generated_Source\PSoC4/cyfitter_cfg.c **** 			CY_SET_REG8((void *)(baseAddr + data_table[j].offset), data_table[j].value);
  62              		.loc 1 185 0
  63 0014 6A00     		lsls	r2, r5, #1
  64 0016 8A18     		adds	r2, r1, r2
  65 0018 1478     		ldrb	r4, [r2]
  66 001a A419     		adds	r4, r4, r6
  67 001c 5278     		ldrb	r2, [r2, #1]
  68 001e 2270     		strb	r2, [r4]
 186:Generated_Source\PSoC4/cyfitter_cfg.c **** 			j++;
  69              		.loc 1 186 0
  70 0020 0135     		adds	r5, r5, #1
  71              	.LVL6:
 187:Generated_Source\PSoC4/cyfitter_cfg.c **** 			count--;
  72              		.loc 1 187 0
  73 0022 013B     		subs	r3, r3, #1
  74              	.LVL7:
  75 0024 DBB2     		uxtb	r3, r3
  76              	.LVL8:
  77              	.L3:
 183:Generated_Source\PSoC4/cyfitter_cfg.c **** 		{
  78              		.loc 1 183 0
  79 0026 002B     		cmp	r3, #0
  80 0028 F4D1     		bne	.L4
  81              	.LBE2:
 178:Generated_Source\PSoC4/cyfitter_cfg.c **** 	{
  82              		.loc 1 178 0 discriminator 2
  83 002a 0137     		adds	r7, r7, #1
  84              	.LVL9:
  85              	.L2:
 178:Generated_Source\PSoC4/cyfitter_cfg.c **** 	{
  86              		.loc 1 178 0 is_stmt 0 discriminator 1
  87 002c 032F     		cmp	r7, #3
  88 002e EBD9     		bls	.L5
 188:Generated_Source\PSoC4/cyfitter_cfg.c **** 		}
 189:Generated_Source\PSoC4/cyfitter_cfg.c **** 	}
 190:Generated_Source\PSoC4/cyfitter_cfg.c **** }
  89              		.loc 1 190 0 is_stmt 1
  90              		@ sp needed
  91              	.LVL10:
  92              	.LVL11:
ARM GAS  C:\Users\Lenovo\AppData\Local\Temp\cc9xtPVT.s 			page 6


  93 0030 F0BD     		pop	{r4, r5, r6, r7, pc}
  94              		.cfi_endproc
  95              	.LFE3:
  96              		.size	cfg_write_bytes32, .-cfg_write_bytes32
  97 0032 C046     		.section	.text.CYMEMZERO,"ax",%progbits
  98              		.align	2
  99              		.code	16
 100              		.thumb_func
 101              		.type	CYMEMZERO, %function
 102              	CYMEMZERO:
 103              	.LFB0:
  77:Generated_Source\PSoC4/cyfitter_cfg.c **** 	(void)memset(s, 0, n);
 104              		.loc 1 77 0
 105              		.cfi_startproc
 106              		@ args = 0, pretend = 0, frame = 0
 107              		@ frame_needed = 0, uses_anonymous_args = 0
 108              	.LVL12:
 109 0000 10B5     		push	{r4, lr}
 110              		.cfi_def_cfa_offset 8
 111              		.cfi_offset 4, -8
 112              		.cfi_offset 14, -4
 113 0002 0A00     		movs	r2, r1
  78:Generated_Source\PSoC4/cyfitter_cfg.c **** }
 114              		.loc 1 78 0
 115 0004 0021     		movs	r1, #0
 116              	.LVL13:
 117 0006 FFF7FEFF 		bl	memset
 118              	.LVL14:
  79:Generated_Source\PSoC4/cyfitter_cfg.c **** CY_CFG_UNUSED
 119              		.loc 1 79 0
 120              		@ sp needed
 121 000a 10BD     		pop	{r4, pc}
 122              		.cfi_endproc
 123              	.LFE0:
 124              		.size	CYMEMZERO, .-CYMEMZERO
 125              		.section	.psocinit,"ax",%progbits
 126              		.align	2
 127              		.code	16
 128              		.thumb_func
 129              		.type	ClockSetup, %function
 130              	ClockSetup:
 131              	.LFB4:
 191:Generated_Source\PSoC4/cyfitter_cfg.c **** 
 192:Generated_Source\PSoC4/cyfitter_cfg.c **** 
 193:Generated_Source\PSoC4/cyfitter_cfg.c **** /*******************************************************************************
 194:Generated_Source\PSoC4/cyfitter_cfg.c **** * Function Name: ClockSetup
 195:Generated_Source\PSoC4/cyfitter_cfg.c **** ********************************************************************************
 196:Generated_Source\PSoC4/cyfitter_cfg.c **** *
 197:Generated_Source\PSoC4/cyfitter_cfg.c **** * Summary:
 198:Generated_Source\PSoC4/cyfitter_cfg.c **** *   Performs the initialization of all of the clocks in the device based on the
 199:Generated_Source\PSoC4/cyfitter_cfg.c **** *   settings in the Clock tab of the DWR.  This includes enabling the requested
 200:Generated_Source\PSoC4/cyfitter_cfg.c **** *   clocks and setting the necessary dividers to produce the desired frequency. 
 201:Generated_Source\PSoC4/cyfitter_cfg.c **** *
 202:Generated_Source\PSoC4/cyfitter_cfg.c **** * Parameters:
 203:Generated_Source\PSoC4/cyfitter_cfg.c **** *   void
 204:Generated_Source\PSoC4/cyfitter_cfg.c **** *
 205:Generated_Source\PSoC4/cyfitter_cfg.c **** * Return:
ARM GAS  C:\Users\Lenovo\AppData\Local\Temp\cc9xtPVT.s 			page 7


 206:Generated_Source\PSoC4/cyfitter_cfg.c **** *   void
 207:Generated_Source\PSoC4/cyfitter_cfg.c **** *
 208:Generated_Source\PSoC4/cyfitter_cfg.c **** *******************************************************************************/
 209:Generated_Source\PSoC4/cyfitter_cfg.c **** static void ClockSetup(void);
 210:Generated_Source\PSoC4/cyfitter_cfg.c **** CY_CFG_SECTION
 211:Generated_Source\PSoC4/cyfitter_cfg.c **** static void ClockSetup(void)
 212:Generated_Source\PSoC4/cyfitter_cfg.c **** {
 132              		.loc 1 212 0
 133              		.cfi_startproc
 134              		@ args = 0, pretend = 0, frame = 0
 135              		@ frame_needed = 0, uses_anonymous_args = 0
 136 0000 70B5     		push	{r4, r5, r6, lr}
 137              		.cfi_def_cfa_offset 16
 138              		.cfi_offset 4, -16
 139              		.cfi_offset 5, -12
 140              		.cfi_offset 6, -8
 141              		.cfi_offset 14, -4
 213:Generated_Source\PSoC4/cyfitter_cfg.c **** 	/* Enable HALF_EN before trimming for the flash accelerator. */
 214:Generated_Source\PSoC4/cyfitter_cfg.c **** 	CY_SET_REG32((void CYXDATA *)(CYREG_CLK_SELECT), (CY_GET_REG32((void *)CYREG_CLK_SELECT) | 0x00040
 142              		.loc 1 214 0
 143 0002 134C     		ldr	r4, .L8
 144 0004 2368     		ldr	r3, [r4]
 145 0006 8022     		movs	r2, #128
 146 0008 D202     		lsls	r2, r2, #11
 147 000a 1343     		orrs	r3, r2
 148 000c 2360     		str	r3, [r4]
 215:Generated_Source\PSoC4/cyfitter_cfg.c **** 
 216:Generated_Source\PSoC4/cyfitter_cfg.c **** 	/* Setup and trim IMO based on desired frequency. */
 217:Generated_Source\PSoC4/cyfitter_cfg.c **** 	CySysClkWriteImoFreq(24u);
 149              		.loc 1 217 0
 150 000e 1820     		movs	r0, #24
 151 0010 FFF7FEFF 		bl	CySysClkWriteImoFreq
 152              	.LVL15:
 218:Generated_Source\PSoC4/cyfitter_cfg.c **** 
 219:Generated_Source\PSoC4/cyfitter_cfg.c **** 	/* Disable HALF_EN since it is not required at this IMO frequency. */
 220:Generated_Source\PSoC4/cyfitter_cfg.c **** 	CY_SET_REG32((void CYXDATA *)(CYREG_CLK_SELECT), (CY_GET_REG32((void *)CYREG_CLK_SELECT) & 0xFFFBF
 153              		.loc 1 220 0
 154 0014 2268     		ldr	r2, [r4]
 155 0016 0F4B     		ldr	r3, .L8+4
 156 0018 1340     		ands	r3, r2
 157 001a 2360     		str	r3, [r4]
 221:Generated_Source\PSoC4/cyfitter_cfg.c **** 	/* CYDEV_CLK_ILO_CONFIG Starting address: CYDEV_CLK_ILO_CONFIG */
 222:Generated_Source\PSoC4/cyfitter_cfg.c **** 	CY_SET_REG32((void *)(CYREG_CLK_ILO_CONFIG), 0x80000006u);
 158              		.loc 1 222 0
 159 001c 0E4A     		ldr	r2, .L8+8
 160 001e 0F4B     		ldr	r3, .L8+12
 161 0020 1A60     		str	r2, [r3]
 223:Generated_Source\PSoC4/cyfitter_cfg.c **** 
 224:Generated_Source\PSoC4/cyfitter_cfg.c **** 
 225:Generated_Source\PSoC4/cyfitter_cfg.c **** 	/* CYDEV_CLK_SELECT00 Starting address: CYDEV_CLK_SELECT00 */
 226:Generated_Source\PSoC4/cyfitter_cfg.c **** 	CY_SET_REG32((void *)(CYREG_CLK_SELECT08), 0x00000010u);
 162              		.loc 1 226 0
 163 0022 1022     		movs	r2, #16
 164 0024 0E4B     		ldr	r3, .L8+16
 165 0026 1A60     		str	r2, [r3]
 227:Generated_Source\PSoC4/cyfitter_cfg.c **** 
 228:Generated_Source\PSoC4/cyfitter_cfg.c **** 	/* CYDEV_CLK_IMO_CONFIG Starting address: CYDEV_CLK_IMO_CONFIG */
ARM GAS  C:\Users\Lenovo\AppData\Local\Temp\cc9xtPVT.s 			page 8


 229:Generated_Source\PSoC4/cyfitter_cfg.c **** 	CY_SET_REG32((void *)(CYREG_CLK_IMO_CONFIG), 0x80000000u);
 166              		.loc 1 229 0
 167 0028 8022     		movs	r2, #128
 168 002a 1206     		lsls	r2, r2, #24
 169 002c 0D4B     		ldr	r3, .L8+20
 170 002e 1A60     		str	r2, [r3]
 230:Generated_Source\PSoC4/cyfitter_cfg.c **** 
 231:Generated_Source\PSoC4/cyfitter_cfg.c **** 	/* CYDEV_CLK_SELECT Starting address: CYDEV_CLK_SELECT */
 232:Generated_Source\PSoC4/cyfitter_cfg.c **** 	CY_SET_REG32((void *)(CYREG_CLK_SELECT), 0x00000000u);
 171              		.loc 1 232 0
 172 0030 0025     		movs	r5, #0
 173 0032 2560     		str	r5, [r4]
 233:Generated_Source\PSoC4/cyfitter_cfg.c **** 
 234:Generated_Source\PSoC4/cyfitter_cfg.c **** 	/* CYDEV_CLK_DIVIDER_A00 Starting address: CYDEV_CLK_DIVIDER_A00 */
 235:Generated_Source\PSoC4/cyfitter_cfg.c **** 	CY_SET_REG32((void *)(CYREG_CLK_DIVIDER_A00), 0x80005DBFu);
 174              		.loc 1 235 0
 175 0034 0C4A     		ldr	r2, .L8+24
 176 0036 0D4B     		ldr	r3, .L8+28
 177 0038 1A60     		str	r2, [r3]
 236:Generated_Source\PSoC4/cyfitter_cfg.c **** 
 237:Generated_Source\PSoC4/cyfitter_cfg.c **** 	(void)CyIntSetVector(9u, &CySysWdtIsr);
 178              		.loc 1 237 0
 179 003a 0D49     		ldr	r1, .L8+32
 180 003c 0920     		movs	r0, #9
 181 003e FFF7FEFF 		bl	CyIntSetVector
 182              	.LVL16:
 238:Generated_Source\PSoC4/cyfitter_cfg.c **** 	CyIntEnable(9u);
 183              		.loc 1 238 0
 184 0042 0920     		movs	r0, #9
 185 0044 FFF7FEFF 		bl	CyIntEnable
 186              	.LVL17:
 239:Generated_Source\PSoC4/cyfitter_cfg.c **** 	CY_SET_REG32((void *)(CYREG_WDT_CONFIG), 0x00000000u);
 187              		.loc 1 239 0
 188 0048 0A4B     		ldr	r3, .L8+36
 189 004a 1D60     		str	r5, [r3]
 240:Generated_Source\PSoC4/cyfitter_cfg.c **** }
 190              		.loc 1 240 0
 191              		@ sp needed
 192 004c 70BD     		pop	{r4, r5, r6, pc}
 193              	.L9:
 194 004e C046     		.align	2
 195              	.L8:
 196 0050 00010B40 		.word	1074462976
 197 0054 FFFFFBFF 		.word	-262145
 198 0058 06000080 		.word	-2147483642
 199 005c 04010B40 		.word	1074462980
 200 0060 20020240 		.word	1073873440
 201 0064 08010B40 		.word	1074462984
 202 0068 BF5D0080 		.word	-2147459649
 203 006c 00000240 		.word	1073872896
 204 0070 00000000 		.word	CySysWdtIsr
 205 0074 0C020B40 		.word	1074463244
 206              		.cfi_endproc
 207              	.LFE4:
 208              		.size	ClockSetup, .-ClockSetup
 209              		.align	2
 210              		.global	cyfitter_cfg
ARM GAS  C:\Users\Lenovo\AppData\Local\Temp\cc9xtPVT.s 			page 9


 211              		.code	16
 212              		.thumb_func
 213              		.type	cyfitter_cfg, %function
 214              	cyfitter_cfg:
 215              	.LFB6:
 241:Generated_Source\PSoC4/cyfitter_cfg.c **** 
 242:Generated_Source\PSoC4/cyfitter_cfg.c **** 
 243:Generated_Source\PSoC4/cyfitter_cfg.c **** /* Analog API Functions */
 244:Generated_Source\PSoC4/cyfitter_cfg.c **** 
 245:Generated_Source\PSoC4/cyfitter_cfg.c **** 
 246:Generated_Source\PSoC4/cyfitter_cfg.c **** /*******************************************************************************
 247:Generated_Source\PSoC4/cyfitter_cfg.c **** * Function Name: AnalogSetDefault
 248:Generated_Source\PSoC4/cyfitter_cfg.c **** ********************************************************************************
 249:Generated_Source\PSoC4/cyfitter_cfg.c **** *
 250:Generated_Source\PSoC4/cyfitter_cfg.c **** * Summary:
 251:Generated_Source\PSoC4/cyfitter_cfg.c **** *  Sets up the analog portions of the chip to default values based on chip
 252:Generated_Source\PSoC4/cyfitter_cfg.c **** *  configuration options from the project.
 253:Generated_Source\PSoC4/cyfitter_cfg.c **** *
 254:Generated_Source\PSoC4/cyfitter_cfg.c **** * Parameters:
 255:Generated_Source\PSoC4/cyfitter_cfg.c **** *  void
 256:Generated_Source\PSoC4/cyfitter_cfg.c **** *
 257:Generated_Source\PSoC4/cyfitter_cfg.c **** * Return:
 258:Generated_Source\PSoC4/cyfitter_cfg.c **** *  void
 259:Generated_Source\PSoC4/cyfitter_cfg.c **** *
 260:Generated_Source\PSoC4/cyfitter_cfg.c **** *******************************************************************************/
 261:Generated_Source\PSoC4/cyfitter_cfg.c **** static void AnalogSetDefault(void);
 262:Generated_Source\PSoC4/cyfitter_cfg.c **** static void AnalogSetDefault(void)
 263:Generated_Source\PSoC4/cyfitter_cfg.c **** {
 264:Generated_Source\PSoC4/cyfitter_cfg.c **** }
 265:Generated_Source\PSoC4/cyfitter_cfg.c **** 
 266:Generated_Source\PSoC4/cyfitter_cfg.c **** 
 267:Generated_Source\PSoC4/cyfitter_cfg.c **** 
 268:Generated_Source\PSoC4/cyfitter_cfg.c **** 
 269:Generated_Source\PSoC4/cyfitter_cfg.c **** /*******************************************************************************
 270:Generated_Source\PSoC4/cyfitter_cfg.c **** * Function Name: cyfitter_cfg
 271:Generated_Source\PSoC4/cyfitter_cfg.c **** ********************************************************************************
 272:Generated_Source\PSoC4/cyfitter_cfg.c **** * Summary:
 273:Generated_Source\PSoC4/cyfitter_cfg.c **** *  This function is called by the start-up code for the selected device. It
 274:Generated_Source\PSoC4/cyfitter_cfg.c **** *  performs all of the necessary device configuration based on the design
 275:Generated_Source\PSoC4/cyfitter_cfg.c **** *  settings.  This includes settings from the Design Wide Resources (DWR) such
 276:Generated_Source\PSoC4/cyfitter_cfg.c **** *  as Clocks and Pins as well as any component configuration that is necessary.
 277:Generated_Source\PSoC4/cyfitter_cfg.c **** *
 278:Generated_Source\PSoC4/cyfitter_cfg.c **** * Parameters:
 279:Generated_Source\PSoC4/cyfitter_cfg.c **** *   void
 280:Generated_Source\PSoC4/cyfitter_cfg.c **** *
 281:Generated_Source\PSoC4/cyfitter_cfg.c **** * Return:
 282:Generated_Source\PSoC4/cyfitter_cfg.c **** *   void
 283:Generated_Source\PSoC4/cyfitter_cfg.c **** *
 284:Generated_Source\PSoC4/cyfitter_cfg.c **** *******************************************************************************/
 285:Generated_Source\PSoC4/cyfitter_cfg.c **** CY_CFG_SECTION
 286:Generated_Source\PSoC4/cyfitter_cfg.c **** void cyfitter_cfg(void)
 287:Generated_Source\PSoC4/cyfitter_cfg.c **** {
 216              		.loc 1 287 0
 217              		.cfi_startproc
 218              		@ args = 0, pretend = 0, frame = 0
 219              		@ frame_needed = 0, uses_anonymous_args = 0
 220 0078 10B5     		push	{r4, lr}
ARM GAS  C:\Users\Lenovo\AppData\Local\Temp\cc9xtPVT.s 			page 10


 221              		.cfi_def_cfa_offset 8
 222              		.cfi_offset 4, -8
 223              		.cfi_offset 14, -4
 288:Generated_Source\PSoC4/cyfitter_cfg.c **** 	/* Disable interrupts by default. Let user enable if/when they want. */
 289:Generated_Source\PSoC4/cyfitter_cfg.c **** 	CyGlobalIntDisable;
 224              		.loc 1 289 0
 225              		.syntax divided
 226              	@ 289 "Generated_Source\PSoC4\cyfitter_cfg.c" 1
 227 007a 72B6     		CPSID   i
 228              	@ 0 "" 2
 290:Generated_Source\PSoC4/cyfitter_cfg.c **** 
 291:Generated_Source\PSoC4/cyfitter_cfg.c **** 	/* Enable the clock in the interrupt controller for the routed interrupts */
 292:Generated_Source\PSoC4/cyfitter_cfg.c **** 	CY_SET_REG8((void *)CYREG_UDB_UDBIF_INT_CLK_CTL, 0x01u);
 229              		.loc 1 292 0
 230              		.thumb
 231              		.syntax unified
 232 007c 0122     		movs	r2, #1
 233 007e 254B     		ldr	r3, .L13
 234 0080 1A70     		strb	r2, [r3]
 235              	.LVL18:
 236              	.LBB3:
 293:Generated_Source\PSoC4/cyfitter_cfg.c **** 	{
 294:Generated_Source\PSoC4/cyfitter_cfg.c **** 		static const uint32 CYCODE cy_cfg_addr_table[] = {
 295:Generated_Source\PSoC4/cyfitter_cfg.c **** 			0x400F3301u, /* Base address: 0x400F3300 Count: 1 */
 296:Generated_Source\PSoC4/cyfitter_cfg.c **** 			0x400F4006u, /* Base address: 0x400F4000 Count: 6 */
 297:Generated_Source\PSoC4/cyfitter_cfg.c **** 			0x400F4102u, /* Base address: 0x400F4100 Count: 2 */
 298:Generated_Source\PSoC4/cyfitter_cfg.c **** 			0x400F4304u, /* Base address: 0x400F4300 Count: 4 */
 299:Generated_Source\PSoC4/cyfitter_cfg.c **** 		};
 300:Generated_Source\PSoC4/cyfitter_cfg.c **** 
 301:Generated_Source\PSoC4/cyfitter_cfg.c **** 		static const cy_cfg_addrvalue_t CYCODE cy_cfg_data_table[] = {
 302:Generated_Source\PSoC4/cyfitter_cfg.c **** 			{0xE2u, 0x80u},
 303:Generated_Source\PSoC4/cyfitter_cfg.c **** 			{0x11u, 0x08u},
 304:Generated_Source\PSoC4/cyfitter_cfg.c **** 			{0x53u, 0x04u},
 305:Generated_Source\PSoC4/cyfitter_cfg.c **** 			{0x6Du, 0x08u},
 306:Generated_Source\PSoC4/cyfitter_cfg.c **** 			{0xC4u, 0x10u},
 307:Generated_Source\PSoC4/cyfitter_cfg.c **** 			{0xD4u, 0x20u},
 308:Generated_Source\PSoC4/cyfitter_cfg.c **** 			{0xDAu, 0x80u},
 309:Generated_Source\PSoC4/cyfitter_cfg.c **** 			{0x8Bu, 0x04u},
 310:Generated_Source\PSoC4/cyfitter_cfg.c **** 			{0x97u, 0x08u},
 311:Generated_Source\PSoC4/cyfitter_cfg.c **** 			{0x19u, 0x08u},
 312:Generated_Source\PSoC4/cyfitter_cfg.c **** 			{0x89u, 0x08u},
 313:Generated_Source\PSoC4/cyfitter_cfg.c **** 			{0xC6u, 0x08u},
 314:Generated_Source\PSoC4/cyfitter_cfg.c **** 			{0xE2u, 0x01u},
 315:Generated_Source\PSoC4/cyfitter_cfg.c **** 		};
 316:Generated_Source\PSoC4/cyfitter_cfg.c **** 
 317:Generated_Source\PSoC4/cyfitter_cfg.c **** 
 318:Generated_Source\PSoC4/cyfitter_cfg.c **** 
 319:Generated_Source\PSoC4/cyfitter_cfg.c **** 		CYPACKED typedef struct {
 320:Generated_Source\PSoC4/cyfitter_cfg.c **** 			void CYFAR *address;
 321:Generated_Source\PSoC4/cyfitter_cfg.c **** 			uint16 size;
 322:Generated_Source\PSoC4/cyfitter_cfg.c **** 		} CYPACKED_ATTR cfg_memset_t;
 323:Generated_Source\PSoC4/cyfitter_cfg.c **** 
 324:Generated_Source\PSoC4/cyfitter_cfg.c **** 		static const cfg_memset_t CYCODE cfg_memset_list[] = {
 325:Generated_Source\PSoC4/cyfitter_cfg.c **** 			/* address, size */
 326:Generated_Source\PSoC4/cyfitter_cfg.c **** 			{(void CYFAR *)(CYDEV_UDB_P0_U0_BASE), 1024u},
 327:Generated_Source\PSoC4/cyfitter_cfg.c **** 			{(void CYFAR *)(CYDEV_UDB_DSI0_BASE), 1024u},
 328:Generated_Source\PSoC4/cyfitter_cfg.c **** 		};
ARM GAS  C:\Users\Lenovo\AppData\Local\Temp\cc9xtPVT.s 			page 11


 329:Generated_Source\PSoC4/cyfitter_cfg.c **** 
 330:Generated_Source\PSoC4/cyfitter_cfg.c **** 		uint8 CYDATA i;
 331:Generated_Source\PSoC4/cyfitter_cfg.c **** 
 332:Generated_Source\PSoC4/cyfitter_cfg.c **** 		/* Zero out critical memory blocks before beginning configuration */
 333:Generated_Source\PSoC4/cyfitter_cfg.c **** 		for (i = 0u; i < (sizeof(cfg_memset_list)/sizeof(cfg_memset_list[0])); i++)
 237              		.loc 1 333 0
 238 0082 0024     		movs	r4, #0
 239 0084 0FE0     		b	.L11
 240              	.LVL19:
 241              	.L12:
 242              	.LBB4:
 334:Generated_Source\PSoC4/cyfitter_cfg.c **** 		{
 335:Generated_Source\PSoC4/cyfitter_cfg.c **** 			const cfg_memset_t CYCODE * CYDATA ms = &cfg_memset_list[i];
 336:Generated_Source\PSoC4/cyfitter_cfg.c **** 			CYMEMZERO(ms->address, (size_t)(uint32)(ms->size));
 243              		.loc 1 336 0 discriminator 3
 244 0086 2448     		ldr	r0, .L13+4
 245 0088 6200     		lsls	r2, r4, #1
 246 008a 1319     		adds	r3, r2, r4
 247 008c 5900     		lsls	r1, r3, #1
 248 008e 0B00     		movs	r3, r1
 249 0090 4118     		adds	r1, r0, r1
 250 0092 8988     		ldrh	r1, [r1, #4]
 251 0094 1A5A     		ldrh	r2, [r3, r0]
 252 0096 C318     		adds	r3, r0, r3
 253 0098 5888     		ldrh	r0, [r3, #2]
 254 009a 0004     		lsls	r0, r0, #16
 255 009c 1043     		orrs	r0, r2
 256 009e FFF7FEFF 		bl	CYMEMZERO
 257              	.LVL20:
 258              	.LBE4:
 333:Generated_Source\PSoC4/cyfitter_cfg.c **** 		{
 259              		.loc 1 333 0 discriminator 3
 260 00a2 0134     		adds	r4, r4, #1
 261              	.LVL21:
 262 00a4 E4B2     		uxtb	r4, r4
 263              	.LVL22:
 264              	.L11:
 333:Generated_Source\PSoC4/cyfitter_cfg.c **** 		{
 265              		.loc 1 333 0 is_stmt 0 discriminator 1
 266 00a6 012C     		cmp	r4, #1
 267 00a8 EDD9     		bls	.L12
 337:Generated_Source\PSoC4/cyfitter_cfg.c **** 		}
 338:Generated_Source\PSoC4/cyfitter_cfg.c **** 
 339:Generated_Source\PSoC4/cyfitter_cfg.c **** 		cfg_write_bytes32(cy_cfg_addr_table, cy_cfg_data_table);
 268              		.loc 1 339 0 is_stmt 1
 269 00aa 1B48     		ldr	r0, .L13+4
 270 00ac 0100     		movs	r1, r0
 271 00ae 0C31     		adds	r1, r1, #12
 272 00b0 2830     		adds	r0, r0, #40
 273 00b2 FFF7FEFF 		bl	cfg_write_bytes32
 274              	.LVL23:
 340:Generated_Source\PSoC4/cyfitter_cfg.c **** 
 341:Generated_Source\PSoC4/cyfitter_cfg.c **** 		/* HSIOM Starting address: CYDEV_HSIOM_BASE */
 342:Generated_Source\PSoC4/cyfitter_cfg.c **** 		CY_SET_REG32((void *)(CYDEV_HSIOM_BASE), 0x00000300u);
 275              		.loc 1 342 0
 276 00b6 C022     		movs	r2, #192
 277 00b8 9200     		lsls	r2, r2, #2
ARM GAS  C:\Users\Lenovo\AppData\Local\Temp\cc9xtPVT.s 			page 12


 278 00ba 184B     		ldr	r3, .L13+8
 279 00bc 1A60     		str	r2, [r3]
 343:Generated_Source\PSoC4/cyfitter_cfg.c **** 		CY_SET_REG32((void *)(CYREG_HSIOM_PORT_SEL3), 0x0000EE00u);
 280              		.loc 1 343 0
 281 00be EE22     		movs	r2, #238
 282 00c0 1202     		lsls	r2, r2, #8
 283 00c2 174B     		ldr	r3, .L13+12
 284 00c4 1A60     		str	r2, [r3]
 344:Generated_Source\PSoC4/cyfitter_cfg.c **** 
 345:Generated_Source\PSoC4/cyfitter_cfg.c **** 		/* UDB_PA_0 Starting address: CYDEV_UDB_PA0_BASE */
 346:Generated_Source\PSoC4/cyfitter_cfg.c **** 		CY_SET_REG32((void *)(CYDEV_UDB_PA0_BASE), 0x00990000u);
 285              		.loc 1 346 0
 286 00c6 9923     		movs	r3, #153
 287 00c8 1B04     		lsls	r3, r3, #16
 288 00ca 164A     		ldr	r2, .L13+16
 289 00cc 1360     		str	r3, [r2]
 347:Generated_Source\PSoC4/cyfitter_cfg.c **** 		CY_SET_REG32((void *)(CYREG_UDB_PA0_CFG8), 0x00450000u);
 290              		.loc 1 347 0
 291 00ce 8A21     		movs	r1, #138
 292 00d0 C903     		lsls	r1, r1, #15
 293 00d2 154A     		ldr	r2, .L13+20
 294 00d4 1160     		str	r1, [r2]
 348:Generated_Source\PSoC4/cyfitter_cfg.c **** 
 349:Generated_Source\PSoC4/cyfitter_cfg.c **** 		/* UDB_PA_3 Starting address: CYDEV_UDB_PA3_BASE */
 350:Generated_Source\PSoC4/cyfitter_cfg.c **** 		CY_SET_REG32((void *)(CYDEV_UDB_PA3_BASE), 0x00990000u);
 295              		.loc 1 350 0
 296 00d6 154A     		ldr	r2, .L13+24
 297 00d8 1360     		str	r3, [r2]
 351:Generated_Source\PSoC4/cyfitter_cfg.c **** 
 352:Generated_Source\PSoC4/cyfitter_cfg.c **** 		/* INT_SELECT Starting address: CYDEV_CPUSS_INTR_SELECT */
 353:Generated_Source\PSoC4/cyfitter_cfg.c **** 		CY_SET_REG32((void *)(CYREG_CPUSS_INTR_SELECT), 0x00000001u);
 298              		.loc 1 353 0
 299 00da 0122     		movs	r2, #1
 300 00dc 144B     		ldr	r3, .L13+28
 301 00de 1A60     		str	r2, [r3]
 354:Generated_Source\PSoC4/cyfitter_cfg.c **** 
 355:Generated_Source\PSoC4/cyfitter_cfg.c **** 		/* INT_CONFIG Starting address: CYDEV_UDB_INT_CFG */
 356:Generated_Source\PSoC4/cyfitter_cfg.c **** 		CY_SET_REG32((void *)(CYREG_UDB_INT_CFG), 0x00000002u);
 302              		.loc 1 356 0
 303 00e0 0132     		adds	r2, r2, #1
 304 00e2 144B     		ldr	r3, .L13+32
 305 00e4 1A60     		str	r2, [r3]
 357:Generated_Source\PSoC4/cyfitter_cfg.c **** 
 358:Generated_Source\PSoC4/cyfitter_cfg.c **** 		/* Enable digital routing */
 359:Generated_Source\PSoC4/cyfitter_cfg.c **** 		CY_SET_XTND_REG8((void *)CYREG_UDB_UDBIF_BANK_CTL, (uint8)(CY_GET_XTND_REG8((void *)CYREG_UDB_UDB
 306              		.loc 1 359 0
 307 00e6 144A     		ldr	r2, .L13+36
 308 00e8 1178     		ldrb	r1, [r2]
 309 00ea 0623     		movs	r3, #6
 310 00ec 0B43     		orrs	r3, r1
 311 00ee DBB2     		uxtb	r3, r3
 312 00f0 1370     		strb	r3, [r2]
 313              	.LBE3:
 360:Generated_Source\PSoC4/cyfitter_cfg.c **** 	}
 361:Generated_Source\PSoC4/cyfitter_cfg.c **** 
 362:Generated_Source\PSoC4/cyfitter_cfg.c **** 	/* Perform second pass device configuration. These items must be configured in specific order afte
 363:Generated_Source\PSoC4/cyfitter_cfg.c **** 	/* IOPINS0_0 Starting address: CYDEV_PRT0_BASE */
ARM GAS  C:\Users\Lenovo\AppData\Local\Temp\cc9xtPVT.s 			page 13


 364:Generated_Source\PSoC4/cyfitter_cfg.c **** 	CY_SET_REG32((void *)(CYDEV_PRT0_BASE), 0x00000084u);
 314              		.loc 1 364 0
 315 00f2 8422     		movs	r2, #132
 316 00f4 114B     		ldr	r3, .L13+40
 317 00f6 1A60     		str	r2, [r3]
 365:Generated_Source\PSoC4/cyfitter_cfg.c **** 	CY_SET_REG32((void *)(CYREG_PRT0_PC), 0x00400D80u);
 318              		.loc 1 365 0
 319 00f8 114A     		ldr	r2, .L13+44
 320 00fa 124B     		ldr	r3, .L13+48
 321 00fc 1A60     		str	r2, [r3]
 366:Generated_Source\PSoC4/cyfitter_cfg.c **** 	CY_SET_REG32((void *)(CYREG_PRT0_INTCFG), 0x00004000u);
 322              		.loc 1 366 0
 323 00fe 8022     		movs	r2, #128
 324 0100 D201     		lsls	r2, r2, #7
 325 0102 114B     		ldr	r3, .L13+52
 326 0104 1A60     		str	r2, [r3]
 367:Generated_Source\PSoC4/cyfitter_cfg.c **** 
 368:Generated_Source\PSoC4/cyfitter_cfg.c **** 	/* IOPINS0_3 Starting address: CYDEV_PRT3_BASE */
 369:Generated_Source\PSoC4/cyfitter_cfg.c **** 	CY_SET_REG32((void *)(CYREG_PRT3_PC), 0x00000D80u);
 327              		.loc 1 369 0
 328 0106 D822     		movs	r2, #216
 329 0108 1201     		lsls	r2, r2, #4
 330 010a 104B     		ldr	r3, .L13+56
 331 010c 1A60     		str	r2, [r3]
 370:Generated_Source\PSoC4/cyfitter_cfg.c **** 
 371:Generated_Source\PSoC4/cyfitter_cfg.c **** 
 372:Generated_Source\PSoC4/cyfitter_cfg.c **** 	/* Setup clocks based on selections from Clock DWR */
 373:Generated_Source\PSoC4/cyfitter_cfg.c **** 	ClockSetup();
 332              		.loc 1 373 0
 333 010e FFF777FF 		bl	ClockSetup
 334              	.LVL24:
 374:Generated_Source\PSoC4/cyfitter_cfg.c **** 
 375:Generated_Source\PSoC4/cyfitter_cfg.c **** 	/* Perform basic analog initialization to defaults */
 376:Generated_Source\PSoC4/cyfitter_cfg.c **** 	AnalogSetDefault();
 377:Generated_Source\PSoC4/cyfitter_cfg.c **** 
 378:Generated_Source\PSoC4/cyfitter_cfg.c **** }
 335              		.loc 1 378 0
 336              		@ sp needed
 337              	.LVL25:
 338 0112 10BD     		pop	{r4, pc}
 339              	.L14:
 340              		.align	2
 341              	.L13:
 342 0114 1C700F40 		.word	1074753564
 343 0118 00000000 		.word	.LANCHOR0
 344 011c 00000140 		.word	1073807360
 345 0120 0C000140 		.word	1073807372
 346 0124 00500F40 		.word	1074745344
 347 0128 08500F40 		.word	1074745352
 348 012c 30500F40 		.word	1074745392
 349 0130 20000040 		.word	1073741856
 350 0134 00800F40 		.word	1074757632
 351 0138 00700F40 		.word	1074753536
 352 013c 00000440 		.word	1074003968
 353 0140 800D4000 		.word	4197760
 354 0144 08000440 		.word	1074003976
 355 0148 0C000440 		.word	1074003980
ARM GAS  C:\Users\Lenovo\AppData\Local\Temp\cc9xtPVT.s 			page 14


 356 014c 08030440 		.word	1074004744
 357              		.cfi_endproc
 358              	.LFE6:
 359              		.size	cyfitter_cfg, .-cyfitter_cfg
 360              		.section	.rodata
 361              		.align	2
 362              		.set	.LANCHOR0,. + 0
 363              		.type	cfg_memset_list.4870, %object
 364              		.size	cfg_memset_list.4870, 12
 365              	cfg_memset_list.4870:
 366 0000 00300F40 		.word	1074737152
 367 0004 0004     		.short	1024
 368 0006 00400F40 		.4byte	1074741248
 369 000a 0004     		.short	1024
 370              		.type	cy_cfg_data_table.4865, %object
 371              		.size	cy_cfg_data_table.4865, 26
 372              	cy_cfg_data_table.4865:
 373 000c E2       		.byte	-30
 374 000d 80       		.byte	-128
 375 000e 11       		.byte	17
 376 000f 08       		.byte	8
 377 0010 53       		.byte	83
 378 0011 04       		.byte	4
 379 0012 6D       		.byte	109
 380 0013 08       		.byte	8
 381 0014 C4       		.byte	-60
 382 0015 10       		.byte	16
 383 0016 D4       		.byte	-44
 384 0017 20       		.byte	32
 385 0018 DA       		.byte	-38
 386 0019 80       		.byte	-128
 387 001a 8B       		.byte	-117
 388 001b 04       		.byte	4
 389 001c 97       		.byte	-105
 390 001d 08       		.byte	8
 391 001e 19       		.byte	25
 392 001f 08       		.byte	8
 393 0020 89       		.byte	-119
 394 0021 08       		.byte	8
 395 0022 C6       		.byte	-58
 396 0023 08       		.byte	8
 397 0024 E2       		.byte	-30
 398 0025 01       		.byte	1
 399 0026 0000     		.space	2
 400              		.type	cy_cfg_addr_table.4864, %object
 401              		.size	cy_cfg_addr_table.4864, 16
 402              	cy_cfg_addr_table.4864:
 403 0028 01330F40 		.word	1074737921
 404 002c 06400F40 		.word	1074741254
 405 0030 02410F40 		.word	1074741506
 406 0034 04430F40 		.word	1074742020
 407              		.text
 408              	.Letext0:
 409              		.file 2 "d:\\psoc creator\\4.4\\psoc creator\\import\\gnu\\arm\\5.4.1\\lib\\gcc\\arm-none-eabi\\5.
 410              		.file 3 "Generated_Source\\PSoC4\\cytypes.h"
 411              		.file 4 "Generated_Source\\PSoC4\\CyLib.h"
 412              		.section	.debug_info,"",%progbits
ARM GAS  C:\Users\Lenovo\AppData\Local\Temp\cc9xtPVT.s 			page 15


 413              	.Ldebug_info0:
 414 0000 9C030000 		.4byte	0x39c
 415 0004 0400     		.2byte	0x4
 416 0006 00000000 		.4byte	.Ldebug_abbrev0
 417 000a 04       		.byte	0x4
 418 000b 01       		.uleb128 0x1
 419 000c 30010000 		.4byte	.LASF39
 420 0010 0C       		.byte	0xc
 421 0011 87020000 		.4byte	.LASF40
 422 0015 3C020000 		.4byte	.LASF41
 423 0019 00000000 		.4byte	.Ldebug_ranges0+0
 424 001d 00000000 		.4byte	0
 425 0021 00000000 		.4byte	.Ldebug_line0
 426 0025 02       		.uleb128 0x2
 427 0026 04       		.byte	0x4
 428 0027 05       		.byte	0x5
 429 0028 696E7400 		.ascii	"int\000"
 430 002c 03       		.uleb128 0x3
 431 002d 06000000 		.4byte	.LASF12
 432 0031 02       		.byte	0x2
 433 0032 D8       		.byte	0xd8
 434 0033 37000000 		.4byte	0x37
 435 0037 04       		.uleb128 0x4
 436 0038 04       		.byte	0x4
 437 0039 07       		.byte	0x7
 438 003a F7000000 		.4byte	.LASF0
 439 003e 04       		.uleb128 0x4
 440 003f 08       		.byte	0x8
 441 0040 05       		.byte	0x5
 442 0041 F0010000 		.4byte	.LASF1
 443 0045 04       		.uleb128 0x4
 444 0046 08       		.byte	0x8
 445 0047 04       		.byte	0x4
 446 0048 6F020000 		.4byte	.LASF2
 447 004c 04       		.uleb128 0x4
 448 004d 01       		.byte	0x1
 449 004e 06       		.byte	0x6
 450 004f 7B020000 		.4byte	.LASF3
 451 0053 04       		.uleb128 0x4
 452 0054 01       		.byte	0x1
 453 0055 08       		.byte	0x8
 454 0056 99000000 		.4byte	.LASF4
 455 005a 04       		.uleb128 0x4
 456 005b 02       		.byte	0x2
 457 005c 05       		.byte	0x5
 458 005d 1D020000 		.4byte	.LASF5
 459 0061 04       		.uleb128 0x4
 460 0062 02       		.byte	0x2
 461 0063 07       		.byte	0x7
 462 0064 DD010000 		.4byte	.LASF6
 463 0068 04       		.uleb128 0x4
 464 0069 04       		.byte	0x4
 465 006a 05       		.byte	0x5
 466 006b 66020000 		.4byte	.LASF7
 467 006f 04       		.uleb128 0x4
 468 0070 04       		.byte	0x4
 469 0071 07       		.byte	0x7
ARM GAS  C:\Users\Lenovo\AppData\Local\Temp\cc9xtPVT.s 			page 16


 470 0072 77000000 		.4byte	.LASF8
 471 0076 04       		.uleb128 0x4
 472 0077 08       		.byte	0x8
 473 0078 07       		.byte	0x7
 474 0079 19010000 		.4byte	.LASF9
 475 007d 04       		.uleb128 0x4
 476 007e 04       		.byte	0x4
 477 007f 07       		.byte	0x7
 478 0080 D4010000 		.4byte	.LASF10
 479 0084 05       		.uleb128 0x5
 480 0085 04       		.byte	0x4
 481 0086 04       		.uleb128 0x4
 482 0087 01       		.byte	0x1
 483 0088 08       		.byte	0x8
 484 0089 FE010000 		.4byte	.LASF11
 485 008d 06       		.uleb128 0x6
 486 008e 89000000 		.4byte	.LASF13
 487 0092 03       		.byte	0x3
 488 0093 FC01     		.2byte	0x1fc
 489 0095 53000000 		.4byte	0x53
 490 0099 06       		.uleb128 0x6
 491 009a DE000000 		.4byte	.LASF14
 492 009e 03       		.byte	0x3
 493 009f FD01     		.2byte	0x1fd
 494 00a1 61000000 		.4byte	0x61
 495 00a5 06       		.uleb128 0x6
 496 00a6 F0000000 		.4byte	.LASF15
 497 00aa 03       		.byte	0x3
 498 00ab FE01     		.2byte	0x1fe
 499 00ad 6F000000 		.4byte	0x6f
 500 00b1 04       		.uleb128 0x4
 501 00b2 04       		.byte	0x4
 502 00b3 04       		.byte	0x4
 503 00b4 57000000 		.4byte	.LASF16
 504 00b8 04       		.uleb128 0x4
 505 00b9 08       		.byte	0x8
 506 00ba 04       		.byte	0x4
 507 00bb AE000000 		.4byte	.LASF17
 508 00bf 06       		.uleb128 0x6
 509 00c0 72000000 		.4byte	.LASF18
 510 00c4 03       		.byte	0x3
 511 00c5 A602     		.2byte	0x2a6
 512 00c7 CB000000 		.4byte	0xcb
 513 00cb 07       		.uleb128 0x7
 514 00cc 8D000000 		.4byte	0x8d
 515 00d0 06       		.uleb128 0x6
 516 00d1 00000000 		.4byte	.LASF19
 517 00d5 03       		.byte	0x3
 518 00d6 A802     		.2byte	0x2a8
 519 00d8 DC000000 		.4byte	0xdc
 520 00dc 07       		.uleb128 0x7
 521 00dd A5000000 		.4byte	0xa5
 522 00e1 08       		.uleb128 0x8
 523 00e2 02       		.byte	0x2
 524 00e3 01       		.byte	0x1
 525 00e4 97       		.byte	0x97
 526 00e5 02010000 		.4byte	0x102
ARM GAS  C:\Users\Lenovo\AppData\Local\Temp\cc9xtPVT.s 			page 17


 527 00e9 09       		.uleb128 0x9
 528 00ea 16020000 		.4byte	.LASF20
 529 00ee 01       		.byte	0x1
 530 00ef 99       		.byte	0x99
 531 00f0 8D000000 		.4byte	0x8d
 532 00f4 00       		.byte	0
 533 00f5 09       		.uleb128 0x9
 534 00f6 1C000000 		.4byte	.LASF21
 535 00fa 01       		.byte	0x1
 536 00fb 9A       		.byte	0x9a
 537 00fc 8D000000 		.4byte	0x8d
 538 0100 01       		.byte	0x1
 539 0101 00       		.byte	0
 540 0102 03       		.uleb128 0x3
 541 0103 03020000 		.4byte	.LASF22
 542 0107 01       		.byte	0x1
 543 0108 9B       		.byte	0x9b
 544 0109 E1000000 		.4byte	0xe1
 545 010d 0A       		.uleb128 0xa
 546 010e B5000000 		.4byte	.LASF27
 547 0112 01       		.byte	0x1
 548 0113 AE       		.byte	0xae
 549 0114 00000000 		.4byte	.LFB3
 550 0118 32000000 		.4byte	.LFE3-.LFB3
 551 011c 01       		.uleb128 0x1
 552 011d 9C       		.byte	0x9c
 553 011e 7F010000 		.4byte	0x17f
 554 0122 0B       		.uleb128 0xb
 555 0123 D3000000 		.4byte	.LASF23
 556 0127 01       		.byte	0x1
 557 0128 AE       		.byte	0xae
 558 0129 7F010000 		.4byte	0x17f
 559 012d 01       		.uleb128 0x1
 560 012e 50       		.byte	0x50
 561 012f 0B       		.uleb128 0xb
 562 0130 E5000000 		.4byte	.LASF24
 563 0134 01       		.byte	0x1
 564 0135 AE       		.byte	0xae
 565 0136 8A010000 		.4byte	0x18a
 566 013a 01       		.uleb128 0x1
 567 013b 51       		.byte	0x51
 568 013c 0C       		.uleb128 0xc
 569 013d 6900     		.ascii	"i\000"
 570 013f 01       		.byte	0x1
 571 0140 B1       		.byte	0xb1
 572 0141 A5000000 		.4byte	0xa5
 573 0145 00000000 		.4byte	.LLST0
 574 0149 0C       		.uleb128 0xc
 575 014a 6A00     		.ascii	"j\000"
 576 014c 01       		.byte	0x1
 577 014d B1       		.byte	0xb1
 578 014e A5000000 		.4byte	0xa5
 579 0152 1F000000 		.4byte	.LLST1
 580 0156 0D       		.uleb128 0xd
 581 0157 08000000 		.4byte	.LBB2
 582 015b 22000000 		.4byte	.LBE2-.LBB2
 583 015f 0E       		.uleb128 0xe
ARM GAS  C:\Users\Lenovo\AppData\Local\Temp\cc9xtPVT.s 			page 18


 584 0160 CB010000 		.4byte	.LASF25
 585 0164 01       		.byte	0x1
 586 0165 B4       		.byte	0xb4
 587 0166 A5000000 		.4byte	0xa5
 588 016a 3E000000 		.4byte	.LLST2
 589 016e 0E       		.uleb128 0xe
 590 016f 22000000 		.4byte	.LASF26
 591 0173 01       		.byte	0x1
 592 0174 B5       		.byte	0xb5
 593 0175 8D000000 		.4byte	0x8d
 594 0179 51000000 		.4byte	.LLST3
 595 017d 00       		.byte	0
 596 017e 00       		.byte	0
 597 017f 0F       		.uleb128 0xf
 598 0180 04       		.byte	0x4
 599 0181 85010000 		.4byte	0x185
 600 0185 10       		.uleb128 0x10
 601 0186 A5000000 		.4byte	0xa5
 602 018a 0F       		.uleb128 0xf
 603 018b 04       		.byte	0x4
 604 018c 90010000 		.4byte	0x190
 605 0190 10       		.uleb128 0x10
 606 0191 02010000 		.4byte	0x102
 607 0195 0A       		.uleb128 0xa
 608 0196 8F000000 		.4byte	.LASF28
 609 019a 01       		.byte	0x1
 610 019b 4C       		.byte	0x4c
 611 019c 00000000 		.4byte	.LFB0
 612 01a0 0C000000 		.4byte	.LFE0-.LFB0
 613 01a4 01       		.uleb128 0x1
 614 01a5 9C       		.byte	0x9c
 615 01a6 E2010000 		.4byte	0x1e2
 616 01aa 11       		.uleb128 0x11
 617 01ab 7300     		.ascii	"s\000"
 618 01ad 01       		.byte	0x1
 619 01ae 4C       		.byte	0x4c
 620 01af 84000000 		.4byte	0x84
 621 01b3 6F000000 		.4byte	.LLST4
 622 01b7 11       		.uleb128 0x11
 623 01b8 6E00     		.ascii	"n\000"
 624 01ba 01       		.byte	0x1
 625 01bb 4C       		.byte	0x4c
 626 01bc 2C000000 		.4byte	0x2c
 627 01c0 90000000 		.4byte	.LLST5
 628 01c4 12       		.uleb128 0x12
 629 01c5 0A000000 		.4byte	.LVL14
 630 01c9 75030000 		.4byte	0x375
 631 01cd 13       		.uleb128 0x13
 632 01ce 01       		.uleb128 0x1
 633 01cf 50       		.byte	0x50
 634 01d0 03       		.uleb128 0x3
 635 01d1 F3       		.byte	0xf3
 636 01d2 01       		.uleb128 0x1
 637 01d3 50       		.byte	0x50
 638 01d4 13       		.uleb128 0x13
 639 01d5 01       		.uleb128 0x1
 640 01d6 51       		.byte	0x51
ARM GAS  C:\Users\Lenovo\AppData\Local\Temp\cc9xtPVT.s 			page 19


 641 01d7 01       		.uleb128 0x1
 642 01d8 30       		.byte	0x30
 643 01d9 13       		.uleb128 0x13
 644 01da 01       		.uleb128 0x1
 645 01db 52       		.byte	0x52
 646 01dc 03       		.uleb128 0x3
 647 01dd F3       		.byte	0xf3
 648 01de 01       		.uleb128 0x1
 649 01df 51       		.byte	0x51
 650 01e0 00       		.byte	0
 651 01e1 00       		.byte	0
 652 01e2 0A       		.uleb128 0xa
 653 01e3 28000000 		.4byte	.LASF29
 654 01e7 01       		.byte	0x1
 655 01e8 D3       		.byte	0xd3
 656 01e9 00000000 		.4byte	.LFB4
 657 01ed 78000000 		.4byte	.LFE4-.LFB4
 658 01f1 01       		.uleb128 0x1
 659 01f2 9C       		.byte	0x9c
 660 01f3 2D020000 		.4byte	0x22d
 661 01f7 14       		.uleb128 0x14
 662 01f8 14000000 		.4byte	.LVL15
 663 01fc 7E030000 		.4byte	0x37e
 664 0200 0A020000 		.4byte	0x20a
 665 0204 13       		.uleb128 0x13
 666 0205 01       		.uleb128 0x1
 667 0206 50       		.byte	0x50
 668 0207 01       		.uleb128 0x1
 669 0208 48       		.byte	0x48
 670 0209 00       		.byte	0
 671 020a 14       		.uleb128 0x14
 672 020b 42000000 		.4byte	.LVL16
 673 020f 89030000 		.4byte	0x389
 674 0213 1D020000 		.4byte	0x21d
 675 0217 13       		.uleb128 0x13
 676 0218 01       		.uleb128 0x1
 677 0219 50       		.byte	0x50
 678 021a 01       		.uleb128 0x1
 679 021b 39       		.byte	0x39
 680 021c 00       		.byte	0
 681 021d 12       		.uleb128 0x12
 682 021e 48000000 		.4byte	.LVL17
 683 0222 94030000 		.4byte	0x394
 684 0226 13       		.uleb128 0x13
 685 0227 01       		.uleb128 0x1
 686 0228 50       		.byte	0x50
 687 0229 01       		.uleb128 0x1
 688 022a 39       		.byte	0x39
 689 022b 00       		.byte	0
 690 022c 00       		.byte	0
 691 022d 15       		.uleb128 0x15
 692 022e 04010000 		.4byte	.LASF42
 693 0232 01       		.byte	0x1
 694 0233 1E01     		.2byte	0x11e
 695 0235 78000000 		.4byte	.LFB6
 696 0239 D8000000 		.4byte	.LFE6-.LFB6
 697 023d 01       		.uleb128 0x1
ARM GAS  C:\Users\Lenovo\AppData\Local\Temp\cc9xtPVT.s 			page 20


 698 023e 9C       		.byte	0x9c
 699 023f 4B030000 		.4byte	0x34b
 700 0243 16       		.uleb128 0x16
 701 0244 82000000 		.4byte	.LBB3
 702 0248 70000000 		.4byte	.LBE3-.LBB3
 703 024c 41030000 		.4byte	0x341
 704 0250 17       		.uleb128 0x17
 705 0251 33000000 		.4byte	.LASF30
 706 0255 01       		.byte	0x1
 707 0256 2601     		.2byte	0x126
 708 0258 5B030000 		.4byte	0x35b
 709 025c 05       		.uleb128 0x5
 710 025d 03       		.byte	0x3
 711 025e 28000000 		.4byte	cy_cfg_addr_table.4864
 712 0262 17       		.uleb128 0x17
 713 0263 45000000 		.4byte	.LASF31
 714 0267 01       		.byte	0x1
 715 0268 2D01     		.2byte	0x12d
 716 026a 70030000 		.4byte	0x370
 717 026e 05       		.uleb128 0x5
 718 026f 03       		.byte	0x3
 719 0270 0C000000 		.4byte	cy_cfg_data_table.4865
 720 0274 18       		.uleb128 0x18
 721 0275 06       		.byte	0x6
 722 0276 01       		.byte	0x1
 723 0277 3F01     		.2byte	0x13f
 724 0279 98020000 		.4byte	0x298
 725 027d 19       		.uleb128 0x19
 726 027e 11010000 		.4byte	.LASF32
 727 0282 01       		.byte	0x1
 728 0283 4001     		.2byte	0x140
 729 0285 84000000 		.4byte	0x84
 730 0289 00       		.byte	0
 731 028a 19       		.uleb128 0x19
 732 028b 6D000000 		.4byte	.LASF33
 733 028f 01       		.byte	0x1
 734 0290 4101     		.2byte	0x141
 735 0292 99000000 		.4byte	0x99
 736 0296 04       		.byte	0x4
 737 0297 00       		.byte	0
 738 0298 06       		.uleb128 0x6
 739 0299 BE010000 		.4byte	.LASF34
 740 029d 01       		.byte	0x1
 741 029e 4201     		.2byte	0x142
 742 02a0 74020000 		.4byte	0x274
 743 02a4 1A       		.uleb128 0x1a
 744 02a5 B4020000 		.4byte	0x2b4
 745 02a9 B4020000 		.4byte	0x2b4
 746 02ad 1B       		.uleb128 0x1b
 747 02ae 7D000000 		.4byte	0x7d
 748 02b2 01       		.byte	0x1
 749 02b3 00       		.byte	0
 750 02b4 10       		.uleb128 0x10
 751 02b5 98020000 		.4byte	0x298
 752 02b9 17       		.uleb128 0x17
 753 02ba 5D000000 		.4byte	.LASF35
 754 02be 01       		.byte	0x1
ARM GAS  C:\Users\Lenovo\AppData\Local\Temp\cc9xtPVT.s 			page 21


 755 02bf 4401     		.2byte	0x144
 756 02c1 CB020000 		.4byte	0x2cb
 757 02c5 05       		.uleb128 0x5
 758 02c6 03       		.byte	0x3
 759 02c7 00000000 		.4byte	cfg_memset_list.4870
 760 02cb 10       		.uleb128 0x10
 761 02cc A4020000 		.4byte	0x2a4
 762 02d0 1C       		.uleb128 0x1c
 763 02d1 6900     		.ascii	"i\000"
 764 02d3 01       		.byte	0x1
 765 02d4 4A01     		.2byte	0x14a
 766 02d6 8D000000 		.4byte	0x8d
 767 02da BC000000 		.4byte	.LLST6
 768 02de 16       		.uleb128 0x16
 769 02df 86000000 		.4byte	.LBB4
 770 02e3 1C000000 		.4byte	.LBE4-.LBB4
 771 02e7 24030000 		.4byte	0x324
 772 02eb 1C       		.uleb128 0x1c
 773 02ec 6D7300   		.ascii	"ms\000"
 774 02ef 01       		.byte	0x1
 775 02f0 4F01     		.2byte	0x14f
 776 02f2 FA020000 		.4byte	0x2fa
 777 02f6 E6000000 		.4byte	.LLST7
 778 02fa 0F       		.uleb128 0xf
 779 02fb 04       		.byte	0x4
 780 02fc B4020000 		.4byte	0x2b4
 781 0300 12       		.uleb128 0x12
 782 0301 A2000000 		.4byte	.LVL20
 783 0305 95010000 		.4byte	0x195
 784 0309 13       		.uleb128 0x13
 785 030a 01       		.uleb128 0x1
 786 030b 51       		.byte	0x51
 787 030c 15       		.uleb128 0x15
 788 030d 74       		.byte	0x74
 789 030e 00       		.sleb128 0
 790 030f 31       		.byte	0x31
 791 0310 24       		.byte	0x24
 792 0311 74       		.byte	0x74
 793 0312 00       		.sleb128 0
 794 0313 22       		.byte	0x22
 795 0314 31       		.byte	0x31
 796 0315 24       		.byte	0x24
 797 0316 03       		.byte	0x3
 798 0317 04000000 		.4byte	.LANCHOR0+4
 799 031b 22       		.byte	0x22
 800 031c 94       		.byte	0x94
 801 031d 02       		.byte	0x2
 802 031e 0A       		.byte	0xa
 803 031f FFFF     		.2byte	0xffff
 804 0321 1A       		.byte	0x1a
 805 0322 00       		.byte	0
 806 0323 00       		.byte	0
 807 0324 12       		.uleb128 0x12
 808 0325 B6000000 		.4byte	.LVL23
 809 0329 0D010000 		.4byte	0x10d
 810 032d 13       		.uleb128 0x13
 811 032e 01       		.uleb128 0x1
ARM GAS  C:\Users\Lenovo\AppData\Local\Temp\cc9xtPVT.s 			page 22


 812 032f 50       		.byte	0x50
 813 0330 05       		.uleb128 0x5
 814 0331 03       		.byte	0x3
 815 0332 28000000 		.4byte	.LANCHOR0+40
 816 0336 13       		.uleb128 0x13
 817 0337 01       		.uleb128 0x1
 818 0338 51       		.byte	0x51
 819 0339 05       		.uleb128 0x5
 820 033a 03       		.byte	0x3
 821 033b 0C000000 		.4byte	.LANCHOR0+12
 822 033f 00       		.byte	0
 823 0340 00       		.byte	0
 824 0341 1D       		.uleb128 0x1d
 825 0342 12010000 		.4byte	.LVL24
 826 0346 E2010000 		.4byte	0x1e2
 827 034a 00       		.byte	0
 828 034b 1A       		.uleb128 0x1a
 829 034c 85010000 		.4byte	0x185
 830 0350 5B030000 		.4byte	0x35b
 831 0354 1B       		.uleb128 0x1b
 832 0355 7D000000 		.4byte	0x7d
 833 0359 03       		.byte	0x3
 834 035a 00       		.byte	0
 835 035b 10       		.uleb128 0x10
 836 035c 4B030000 		.4byte	0x34b
 837 0360 1A       		.uleb128 0x1a
 838 0361 90010000 		.4byte	0x190
 839 0365 70030000 		.4byte	0x370
 840 0369 1B       		.uleb128 0x1b
 841 036a 7D000000 		.4byte	0x7d
 842 036e 0C       		.byte	0xc
 843 036f 00       		.byte	0
 844 0370 10       		.uleb128 0x10
 845 0371 60030000 		.4byte	0x360
 846 0375 1E       		.uleb128 0x1e
 847 0376 A7000000 		.4byte	.LASF43
 848 037a A7000000 		.4byte	.LASF43
 849 037e 1F       		.uleb128 0x1f
 850 037f 27020000 		.4byte	.LASF36
 851 0383 27020000 		.4byte	.LASF36
 852 0387 04       		.byte	0x4
 853 0388 6C       		.byte	0x6c
 854 0389 1F       		.uleb128 0x1f
 855 038a 0D000000 		.4byte	.LASF37
 856 038e 0D000000 		.4byte	.LASF37
 857 0392 04       		.byte	0x4
 858 0393 D0       		.byte	0xd0
 859 0394 1F       		.uleb128 0x1f
 860 0395 C7000000 		.4byte	.LASF38
 861 0399 C7000000 		.4byte	.LASF38
 862 039d 04       		.byte	0x4
 863 039e D6       		.byte	0xd6
 864 039f 00       		.byte	0
 865              		.section	.debug_abbrev,"",%progbits
 866              	.Ldebug_abbrev0:
 867 0000 01       		.uleb128 0x1
 868 0001 11       		.uleb128 0x11
ARM GAS  C:\Users\Lenovo\AppData\Local\Temp\cc9xtPVT.s 			page 23


 869 0002 01       		.byte	0x1
 870 0003 25       		.uleb128 0x25
 871 0004 0E       		.uleb128 0xe
 872 0005 13       		.uleb128 0x13
 873 0006 0B       		.uleb128 0xb
 874 0007 03       		.uleb128 0x3
 875 0008 0E       		.uleb128 0xe
 876 0009 1B       		.uleb128 0x1b
 877 000a 0E       		.uleb128 0xe
 878 000b 55       		.uleb128 0x55
 879 000c 17       		.uleb128 0x17
 880 000d 11       		.uleb128 0x11
 881 000e 01       		.uleb128 0x1
 882 000f 10       		.uleb128 0x10
 883 0010 17       		.uleb128 0x17
 884 0011 00       		.byte	0
 885 0012 00       		.byte	0
 886 0013 02       		.uleb128 0x2
 887 0014 24       		.uleb128 0x24
 888 0015 00       		.byte	0
 889 0016 0B       		.uleb128 0xb
 890 0017 0B       		.uleb128 0xb
 891 0018 3E       		.uleb128 0x3e
 892 0019 0B       		.uleb128 0xb
 893 001a 03       		.uleb128 0x3
 894 001b 08       		.uleb128 0x8
 895 001c 00       		.byte	0
 896 001d 00       		.byte	0
 897 001e 03       		.uleb128 0x3
 898 001f 16       		.uleb128 0x16
 899 0020 00       		.byte	0
 900 0021 03       		.uleb128 0x3
 901 0022 0E       		.uleb128 0xe
 902 0023 3A       		.uleb128 0x3a
 903 0024 0B       		.uleb128 0xb
 904 0025 3B       		.uleb128 0x3b
 905 0026 0B       		.uleb128 0xb
 906 0027 49       		.uleb128 0x49
 907 0028 13       		.uleb128 0x13
 908 0029 00       		.byte	0
 909 002a 00       		.byte	0
 910 002b 04       		.uleb128 0x4
 911 002c 24       		.uleb128 0x24
 912 002d 00       		.byte	0
 913 002e 0B       		.uleb128 0xb
 914 002f 0B       		.uleb128 0xb
 915 0030 3E       		.uleb128 0x3e
 916 0031 0B       		.uleb128 0xb
 917 0032 03       		.uleb128 0x3
 918 0033 0E       		.uleb128 0xe
 919 0034 00       		.byte	0
 920 0035 00       		.byte	0
 921 0036 05       		.uleb128 0x5
 922 0037 0F       		.uleb128 0xf
 923 0038 00       		.byte	0
 924 0039 0B       		.uleb128 0xb
 925 003a 0B       		.uleb128 0xb
ARM GAS  C:\Users\Lenovo\AppData\Local\Temp\cc9xtPVT.s 			page 24


 926 003b 00       		.byte	0
 927 003c 00       		.byte	0
 928 003d 06       		.uleb128 0x6
 929 003e 16       		.uleb128 0x16
 930 003f 00       		.byte	0
 931 0040 03       		.uleb128 0x3
 932 0041 0E       		.uleb128 0xe
 933 0042 3A       		.uleb128 0x3a
 934 0043 0B       		.uleb128 0xb
 935 0044 3B       		.uleb128 0x3b
 936 0045 05       		.uleb128 0x5
 937 0046 49       		.uleb128 0x49
 938 0047 13       		.uleb128 0x13
 939 0048 00       		.byte	0
 940 0049 00       		.byte	0
 941 004a 07       		.uleb128 0x7
 942 004b 35       		.uleb128 0x35
 943 004c 00       		.byte	0
 944 004d 49       		.uleb128 0x49
 945 004e 13       		.uleb128 0x13
 946 004f 00       		.byte	0
 947 0050 00       		.byte	0
 948 0051 08       		.uleb128 0x8
 949 0052 13       		.uleb128 0x13
 950 0053 01       		.byte	0x1
 951 0054 0B       		.uleb128 0xb
 952 0055 0B       		.uleb128 0xb
 953 0056 3A       		.uleb128 0x3a
 954 0057 0B       		.uleb128 0xb
 955 0058 3B       		.uleb128 0x3b
 956 0059 0B       		.uleb128 0xb
 957 005a 01       		.uleb128 0x1
 958 005b 13       		.uleb128 0x13
 959 005c 00       		.byte	0
 960 005d 00       		.byte	0
 961 005e 09       		.uleb128 0x9
 962 005f 0D       		.uleb128 0xd
 963 0060 00       		.byte	0
 964 0061 03       		.uleb128 0x3
 965 0062 0E       		.uleb128 0xe
 966 0063 3A       		.uleb128 0x3a
 967 0064 0B       		.uleb128 0xb
 968 0065 3B       		.uleb128 0x3b
 969 0066 0B       		.uleb128 0xb
 970 0067 49       		.uleb128 0x49
 971 0068 13       		.uleb128 0x13
 972 0069 38       		.uleb128 0x38
 973 006a 0B       		.uleb128 0xb
 974 006b 00       		.byte	0
 975 006c 00       		.byte	0
 976 006d 0A       		.uleb128 0xa
 977 006e 2E       		.uleb128 0x2e
 978 006f 01       		.byte	0x1
 979 0070 03       		.uleb128 0x3
 980 0071 0E       		.uleb128 0xe
 981 0072 3A       		.uleb128 0x3a
 982 0073 0B       		.uleb128 0xb
ARM GAS  C:\Users\Lenovo\AppData\Local\Temp\cc9xtPVT.s 			page 25


 983 0074 3B       		.uleb128 0x3b
 984 0075 0B       		.uleb128 0xb
 985 0076 27       		.uleb128 0x27
 986 0077 19       		.uleb128 0x19
 987 0078 11       		.uleb128 0x11
 988 0079 01       		.uleb128 0x1
 989 007a 12       		.uleb128 0x12
 990 007b 06       		.uleb128 0x6
 991 007c 40       		.uleb128 0x40
 992 007d 18       		.uleb128 0x18
 993 007e 9742     		.uleb128 0x2117
 994 0080 19       		.uleb128 0x19
 995 0081 01       		.uleb128 0x1
 996 0082 13       		.uleb128 0x13
 997 0083 00       		.byte	0
 998 0084 00       		.byte	0
 999 0085 0B       		.uleb128 0xb
 1000 0086 05       		.uleb128 0x5
 1001 0087 00       		.byte	0
 1002 0088 03       		.uleb128 0x3
 1003 0089 0E       		.uleb128 0xe
 1004 008a 3A       		.uleb128 0x3a
 1005 008b 0B       		.uleb128 0xb
 1006 008c 3B       		.uleb128 0x3b
 1007 008d 0B       		.uleb128 0xb
 1008 008e 49       		.uleb128 0x49
 1009 008f 13       		.uleb128 0x13
 1010 0090 02       		.uleb128 0x2
 1011 0091 18       		.uleb128 0x18
 1012 0092 00       		.byte	0
 1013 0093 00       		.byte	0
 1014 0094 0C       		.uleb128 0xc
 1015 0095 34       		.uleb128 0x34
 1016 0096 00       		.byte	0
 1017 0097 03       		.uleb128 0x3
 1018 0098 08       		.uleb128 0x8
 1019 0099 3A       		.uleb128 0x3a
 1020 009a 0B       		.uleb128 0xb
 1021 009b 3B       		.uleb128 0x3b
 1022 009c 0B       		.uleb128 0xb
 1023 009d 49       		.uleb128 0x49
 1024 009e 13       		.uleb128 0x13
 1025 009f 02       		.uleb128 0x2
 1026 00a0 17       		.uleb128 0x17
 1027 00a1 00       		.byte	0
 1028 00a2 00       		.byte	0
 1029 00a3 0D       		.uleb128 0xd
 1030 00a4 0B       		.uleb128 0xb
 1031 00a5 01       		.byte	0x1
 1032 00a6 11       		.uleb128 0x11
 1033 00a7 01       		.uleb128 0x1
 1034 00a8 12       		.uleb128 0x12
 1035 00a9 06       		.uleb128 0x6
 1036 00aa 00       		.byte	0
 1037 00ab 00       		.byte	0
 1038 00ac 0E       		.uleb128 0xe
 1039 00ad 34       		.uleb128 0x34
ARM GAS  C:\Users\Lenovo\AppData\Local\Temp\cc9xtPVT.s 			page 26


 1040 00ae 00       		.byte	0
 1041 00af 03       		.uleb128 0x3
 1042 00b0 0E       		.uleb128 0xe
 1043 00b1 3A       		.uleb128 0x3a
 1044 00b2 0B       		.uleb128 0xb
 1045 00b3 3B       		.uleb128 0x3b
 1046 00b4 0B       		.uleb128 0xb
 1047 00b5 49       		.uleb128 0x49
 1048 00b6 13       		.uleb128 0x13
 1049 00b7 02       		.uleb128 0x2
 1050 00b8 17       		.uleb128 0x17
 1051 00b9 00       		.byte	0
 1052 00ba 00       		.byte	0
 1053 00bb 0F       		.uleb128 0xf
 1054 00bc 0F       		.uleb128 0xf
 1055 00bd 00       		.byte	0
 1056 00be 0B       		.uleb128 0xb
 1057 00bf 0B       		.uleb128 0xb
 1058 00c0 49       		.uleb128 0x49
 1059 00c1 13       		.uleb128 0x13
 1060 00c2 00       		.byte	0
 1061 00c3 00       		.byte	0
 1062 00c4 10       		.uleb128 0x10
 1063 00c5 26       		.uleb128 0x26
 1064 00c6 00       		.byte	0
 1065 00c7 49       		.uleb128 0x49
 1066 00c8 13       		.uleb128 0x13
 1067 00c9 00       		.byte	0
 1068 00ca 00       		.byte	0
 1069 00cb 11       		.uleb128 0x11
 1070 00cc 05       		.uleb128 0x5
 1071 00cd 00       		.byte	0
 1072 00ce 03       		.uleb128 0x3
 1073 00cf 08       		.uleb128 0x8
 1074 00d0 3A       		.uleb128 0x3a
 1075 00d1 0B       		.uleb128 0xb
 1076 00d2 3B       		.uleb128 0x3b
 1077 00d3 0B       		.uleb128 0xb
 1078 00d4 49       		.uleb128 0x49
 1079 00d5 13       		.uleb128 0x13
 1080 00d6 02       		.uleb128 0x2
 1081 00d7 17       		.uleb128 0x17
 1082 00d8 00       		.byte	0
 1083 00d9 00       		.byte	0
 1084 00da 12       		.uleb128 0x12
 1085 00db 898201   		.uleb128 0x4109
 1086 00de 01       		.byte	0x1
 1087 00df 11       		.uleb128 0x11
 1088 00e0 01       		.uleb128 0x1
 1089 00e1 31       		.uleb128 0x31
 1090 00e2 13       		.uleb128 0x13
 1091 00e3 00       		.byte	0
 1092 00e4 00       		.byte	0
 1093 00e5 13       		.uleb128 0x13
 1094 00e6 8A8201   		.uleb128 0x410a
 1095 00e9 00       		.byte	0
 1096 00ea 02       		.uleb128 0x2
ARM GAS  C:\Users\Lenovo\AppData\Local\Temp\cc9xtPVT.s 			page 27


 1097 00eb 18       		.uleb128 0x18
 1098 00ec 9142     		.uleb128 0x2111
 1099 00ee 18       		.uleb128 0x18
 1100 00ef 00       		.byte	0
 1101 00f0 00       		.byte	0
 1102 00f1 14       		.uleb128 0x14
 1103 00f2 898201   		.uleb128 0x4109
 1104 00f5 01       		.byte	0x1
 1105 00f6 11       		.uleb128 0x11
 1106 00f7 01       		.uleb128 0x1
 1107 00f8 31       		.uleb128 0x31
 1108 00f9 13       		.uleb128 0x13
 1109 00fa 01       		.uleb128 0x1
 1110 00fb 13       		.uleb128 0x13
 1111 00fc 00       		.byte	0
 1112 00fd 00       		.byte	0
 1113 00fe 15       		.uleb128 0x15
 1114 00ff 2E       		.uleb128 0x2e
 1115 0100 01       		.byte	0x1
 1116 0101 3F       		.uleb128 0x3f
 1117 0102 19       		.uleb128 0x19
 1118 0103 03       		.uleb128 0x3
 1119 0104 0E       		.uleb128 0xe
 1120 0105 3A       		.uleb128 0x3a
 1121 0106 0B       		.uleb128 0xb
 1122 0107 3B       		.uleb128 0x3b
 1123 0108 05       		.uleb128 0x5
 1124 0109 27       		.uleb128 0x27
 1125 010a 19       		.uleb128 0x19
 1126 010b 11       		.uleb128 0x11
 1127 010c 01       		.uleb128 0x1
 1128 010d 12       		.uleb128 0x12
 1129 010e 06       		.uleb128 0x6
 1130 010f 40       		.uleb128 0x40
 1131 0110 18       		.uleb128 0x18
 1132 0111 9742     		.uleb128 0x2117
 1133 0113 19       		.uleb128 0x19
 1134 0114 01       		.uleb128 0x1
 1135 0115 13       		.uleb128 0x13
 1136 0116 00       		.byte	0
 1137 0117 00       		.byte	0
 1138 0118 16       		.uleb128 0x16
 1139 0119 0B       		.uleb128 0xb
 1140 011a 01       		.byte	0x1
 1141 011b 11       		.uleb128 0x11
 1142 011c 01       		.uleb128 0x1
 1143 011d 12       		.uleb128 0x12
 1144 011e 06       		.uleb128 0x6
 1145 011f 01       		.uleb128 0x1
 1146 0120 13       		.uleb128 0x13
 1147 0121 00       		.byte	0
 1148 0122 00       		.byte	0
 1149 0123 17       		.uleb128 0x17
 1150 0124 34       		.uleb128 0x34
 1151 0125 00       		.byte	0
 1152 0126 03       		.uleb128 0x3
 1153 0127 0E       		.uleb128 0xe
ARM GAS  C:\Users\Lenovo\AppData\Local\Temp\cc9xtPVT.s 			page 28


 1154 0128 3A       		.uleb128 0x3a
 1155 0129 0B       		.uleb128 0xb
 1156 012a 3B       		.uleb128 0x3b
 1157 012b 05       		.uleb128 0x5
 1158 012c 49       		.uleb128 0x49
 1159 012d 13       		.uleb128 0x13
 1160 012e 02       		.uleb128 0x2
 1161 012f 18       		.uleb128 0x18
 1162 0130 00       		.byte	0
 1163 0131 00       		.byte	0
 1164 0132 18       		.uleb128 0x18
 1165 0133 13       		.uleb128 0x13
 1166 0134 01       		.byte	0x1
 1167 0135 0B       		.uleb128 0xb
 1168 0136 0B       		.uleb128 0xb
 1169 0137 3A       		.uleb128 0x3a
 1170 0138 0B       		.uleb128 0xb
 1171 0139 3B       		.uleb128 0x3b
 1172 013a 05       		.uleb128 0x5
 1173 013b 01       		.uleb128 0x1
 1174 013c 13       		.uleb128 0x13
 1175 013d 00       		.byte	0
 1176 013e 00       		.byte	0
 1177 013f 19       		.uleb128 0x19
 1178 0140 0D       		.uleb128 0xd
 1179 0141 00       		.byte	0
 1180 0142 03       		.uleb128 0x3
 1181 0143 0E       		.uleb128 0xe
 1182 0144 3A       		.uleb128 0x3a
 1183 0145 0B       		.uleb128 0xb
 1184 0146 3B       		.uleb128 0x3b
 1185 0147 05       		.uleb128 0x5
 1186 0148 49       		.uleb128 0x49
 1187 0149 13       		.uleb128 0x13
 1188 014a 38       		.uleb128 0x38
 1189 014b 0B       		.uleb128 0xb
 1190 014c 00       		.byte	0
 1191 014d 00       		.byte	0
 1192 014e 1A       		.uleb128 0x1a
 1193 014f 01       		.uleb128 0x1
 1194 0150 01       		.byte	0x1
 1195 0151 49       		.uleb128 0x49
 1196 0152 13       		.uleb128 0x13
 1197 0153 01       		.uleb128 0x1
 1198 0154 13       		.uleb128 0x13
 1199 0155 00       		.byte	0
 1200 0156 00       		.byte	0
 1201 0157 1B       		.uleb128 0x1b
 1202 0158 21       		.uleb128 0x21
 1203 0159 00       		.byte	0
 1204 015a 49       		.uleb128 0x49
 1205 015b 13       		.uleb128 0x13
 1206 015c 2F       		.uleb128 0x2f
 1207 015d 0B       		.uleb128 0xb
 1208 015e 00       		.byte	0
 1209 015f 00       		.byte	0
 1210 0160 1C       		.uleb128 0x1c
ARM GAS  C:\Users\Lenovo\AppData\Local\Temp\cc9xtPVT.s 			page 29


 1211 0161 34       		.uleb128 0x34
 1212 0162 00       		.byte	0
 1213 0163 03       		.uleb128 0x3
 1214 0164 08       		.uleb128 0x8
 1215 0165 3A       		.uleb128 0x3a
 1216 0166 0B       		.uleb128 0xb
 1217 0167 3B       		.uleb128 0x3b
 1218 0168 05       		.uleb128 0x5
 1219 0169 49       		.uleb128 0x49
 1220 016a 13       		.uleb128 0x13
 1221 016b 02       		.uleb128 0x2
 1222 016c 17       		.uleb128 0x17
 1223 016d 00       		.byte	0
 1224 016e 00       		.byte	0
 1225 016f 1D       		.uleb128 0x1d
 1226 0170 898201   		.uleb128 0x4109
 1227 0173 00       		.byte	0
 1228 0174 11       		.uleb128 0x11
 1229 0175 01       		.uleb128 0x1
 1230 0176 31       		.uleb128 0x31
 1231 0177 13       		.uleb128 0x13
 1232 0178 00       		.byte	0
 1233 0179 00       		.byte	0
 1234 017a 1E       		.uleb128 0x1e
 1235 017b 2E       		.uleb128 0x2e
 1236 017c 00       		.byte	0
 1237 017d 3F       		.uleb128 0x3f
 1238 017e 19       		.uleb128 0x19
 1239 017f 3C       		.uleb128 0x3c
 1240 0180 19       		.uleb128 0x19
 1241 0181 6E       		.uleb128 0x6e
 1242 0182 0E       		.uleb128 0xe
 1243 0183 03       		.uleb128 0x3
 1244 0184 0E       		.uleb128 0xe
 1245 0185 00       		.byte	0
 1246 0186 00       		.byte	0
 1247 0187 1F       		.uleb128 0x1f
 1248 0188 2E       		.uleb128 0x2e
 1249 0189 00       		.byte	0
 1250 018a 3F       		.uleb128 0x3f
 1251 018b 19       		.uleb128 0x19
 1252 018c 3C       		.uleb128 0x3c
 1253 018d 19       		.uleb128 0x19
 1254 018e 6E       		.uleb128 0x6e
 1255 018f 0E       		.uleb128 0xe
 1256 0190 03       		.uleb128 0x3
 1257 0191 0E       		.uleb128 0xe
 1258 0192 3A       		.uleb128 0x3a
 1259 0193 0B       		.uleb128 0xb
 1260 0194 3B       		.uleb128 0x3b
 1261 0195 0B       		.uleb128 0xb
 1262 0196 00       		.byte	0
 1263 0197 00       		.byte	0
 1264 0198 00       		.byte	0
 1265              		.section	.debug_loc,"",%progbits
 1266              	.Ldebug_loc0:
 1267              	.LLST0:
ARM GAS  C:\Users\Lenovo\AppData\Local\Temp\cc9xtPVT.s 			page 30


 1268 0000 02000000 		.4byte	.LVL1
 1269 0004 08000000 		.4byte	.LVL2
 1270 0008 0200     		.2byte	0x2
 1271 000a 30       		.byte	0x30
 1272 000b 9F       		.byte	0x9f
 1273 000c 08000000 		.4byte	.LVL2
 1274 0010 30000000 		.4byte	.LVL11
 1275 0014 0100     		.2byte	0x1
 1276 0016 57       		.byte	0x57
 1277 0017 00000000 		.4byte	0
 1278 001b 00000000 		.4byte	0
 1279              	.LLST1:
 1280 001f 02000000 		.4byte	.LVL1
 1281 0023 08000000 		.4byte	.LVL2
 1282 0027 0200     		.2byte	0x2
 1283 0029 30       		.byte	0x30
 1284 002a 9F       		.byte	0x9f
 1285 002b 08000000 		.4byte	.LVL2
 1286 002f 30000000 		.4byte	.LVL10
 1287 0033 0100     		.2byte	0x1
 1288 0035 55       		.byte	0x55
 1289 0036 00000000 		.4byte	0
 1290 003a 00000000 		.4byte	0
 1291              	.LLST2:
 1292 003e 0C000000 		.4byte	.LVL3
 1293 0042 2C000000 		.4byte	.LVL9
 1294 0046 0100     		.2byte	0x1
 1295 0048 56       		.byte	0x56
 1296 0049 00000000 		.4byte	0
 1297 004d 00000000 		.4byte	0
 1298              	.LLST3:
 1299 0051 0E000000 		.4byte	.LVL4
 1300 0055 24000000 		.4byte	.LVL7
 1301 0059 0100     		.2byte	0x1
 1302 005b 53       		.byte	0x53
 1303 005c 26000000 		.4byte	.LVL8
 1304 0060 2C000000 		.4byte	.LVL9
 1305 0064 0100     		.2byte	0x1
 1306 0066 53       		.byte	0x53
 1307 0067 00000000 		.4byte	0
 1308 006b 00000000 		.4byte	0
 1309              	.LLST4:
 1310 006f 00000000 		.4byte	.LVL12
 1311 0073 09000000 		.4byte	.LVL14-1
 1312 0077 0100     		.2byte	0x1
 1313 0079 50       		.byte	0x50
 1314 007a 09000000 		.4byte	.LVL14-1
 1315 007e 0C000000 		.4byte	.LFE0
 1316 0082 0400     		.2byte	0x4
 1317 0084 F3       		.byte	0xf3
 1318 0085 01       		.uleb128 0x1
 1319 0086 50       		.byte	0x50
 1320 0087 9F       		.byte	0x9f
 1321 0088 00000000 		.4byte	0
 1322 008c 00000000 		.4byte	0
 1323              	.LLST5:
 1324 0090 00000000 		.4byte	.LVL12
ARM GAS  C:\Users\Lenovo\AppData\Local\Temp\cc9xtPVT.s 			page 31


 1325 0094 06000000 		.4byte	.LVL13
 1326 0098 0100     		.2byte	0x1
 1327 009a 51       		.byte	0x51
 1328 009b 06000000 		.4byte	.LVL13
 1329 009f 09000000 		.4byte	.LVL14-1
 1330 00a3 0100     		.2byte	0x1
 1331 00a5 52       		.byte	0x52
 1332 00a6 09000000 		.4byte	.LVL14-1
 1333 00aa 0C000000 		.4byte	.LFE0
 1334 00ae 0400     		.2byte	0x4
 1335 00b0 F3       		.byte	0xf3
 1336 00b1 01       		.uleb128 0x1
 1337 00b2 51       		.byte	0x51
 1338 00b3 9F       		.byte	0x9f
 1339 00b4 00000000 		.4byte	0
 1340 00b8 00000000 		.4byte	0
 1341              	.LLST6:
 1342 00bc 82000000 		.4byte	.LVL18
 1343 00c0 86000000 		.4byte	.LVL19
 1344 00c4 0200     		.2byte	0x2
 1345 00c6 30       		.byte	0x30
 1346 00c7 9F       		.byte	0x9f
 1347 00c8 86000000 		.4byte	.LVL19
 1348 00cc A4000000 		.4byte	.LVL21
 1349 00d0 0100     		.2byte	0x1
 1350 00d2 54       		.byte	0x54
 1351 00d3 A6000000 		.4byte	.LVL22
 1352 00d7 12010000 		.4byte	.LVL25
 1353 00db 0100     		.2byte	0x1
 1354 00dd 54       		.byte	0x54
 1355 00de 00000000 		.4byte	0
 1356 00e2 00000000 		.4byte	0
 1357              	.LLST7:
 1358 00e6 86000000 		.4byte	.LVL19
 1359 00ea A4000000 		.4byte	.LVL21
 1360 00ee 0B00     		.2byte	0xb
 1361 00f0 74       		.byte	0x74
 1362 00f1 00       		.sleb128 0
 1363 00f2 36       		.byte	0x36
 1364 00f3 1E       		.byte	0x1e
 1365 00f4 03       		.byte	0x3
 1366 00f5 00000000 		.4byte	cfg_memset_list.4870
 1367 00f9 22       		.byte	0x22
 1368 00fa 9F       		.byte	0x9f
 1369 00fb A4000000 		.4byte	.LVL21
 1370 00ff A6000000 		.4byte	.LVL22
 1371 0103 0B00     		.2byte	0xb
 1372 0105 74       		.byte	0x74
 1373 0106 7F       		.sleb128 -1
 1374 0107 36       		.byte	0x36
 1375 0108 1E       		.byte	0x1e
 1376 0109 03       		.byte	0x3
 1377 010a 00000000 		.4byte	cfg_memset_list.4870
 1378 010e 22       		.byte	0x22
 1379 010f 9F       		.byte	0x9f
 1380 0110 00000000 		.4byte	0
 1381 0114 00000000 		.4byte	0
ARM GAS  C:\Users\Lenovo\AppData\Local\Temp\cc9xtPVT.s 			page 32


 1382              		.section	.debug_aranges,"",%progbits
 1383 0000 34000000 		.4byte	0x34
 1384 0004 0200     		.2byte	0x2
 1385 0006 00000000 		.4byte	.Ldebug_info0
 1386 000a 04       		.byte	0x4
 1387 000b 00       		.byte	0
 1388 000c 0000     		.2byte	0
 1389 000e 0000     		.2byte	0
 1390 0010 00000000 		.4byte	.LFB3
 1391 0014 32000000 		.4byte	.LFE3-.LFB3
 1392 0018 00000000 		.4byte	.LFB0
 1393 001c 0C000000 		.4byte	.LFE0-.LFB0
 1394 0020 00000000 		.4byte	.LFB4
 1395 0024 78000000 		.4byte	.LFE4-.LFB4
 1396 0028 78000000 		.4byte	.LFB6
 1397 002c D8000000 		.4byte	.LFE6-.LFB6
 1398 0030 00000000 		.4byte	0
 1399 0034 00000000 		.4byte	0
 1400              		.section	.debug_ranges,"",%progbits
 1401              	.Ldebug_ranges0:
 1402 0000 00000000 		.4byte	.LFB3
 1403 0004 32000000 		.4byte	.LFE3
 1404 0008 00000000 		.4byte	.LFB0
 1405 000c 0C000000 		.4byte	.LFE0
 1406 0010 00000000 		.4byte	.LFB4
 1407 0014 78000000 		.4byte	.LFE4
 1408 0018 78000000 		.4byte	.LFB6
 1409 001c 50010000 		.4byte	.LFE6
 1410 0020 00000000 		.4byte	0
 1411 0024 00000000 		.4byte	0
 1412              		.section	.debug_line,"",%progbits
 1413              	.Ldebug_line0:
 1414 0000 40010000 		.section	.debug_str,"MS",%progbits,1
 1414      0200BA00 
 1414      00000201 
 1414      FB0E0D00 
 1414      01010101 
 1415              	.LASF19:
 1416 0000 72656733 		.ascii	"reg32\000"
 1416      3200
 1417              	.LASF12:
 1418 0006 73697A65 		.ascii	"size_t\000"
 1418      5F7400
 1419              	.LASF37:
 1420 000d 4379496E 		.ascii	"CyIntSetVector\000"
 1420      74536574 
 1420      56656374 
 1420      6F7200
 1421              	.LASF21:
 1422 001c 76616C75 		.ascii	"value\000"
 1422      6500
 1423              	.LASF26:
 1424 0022 636F756E 		.ascii	"count\000"
 1424      7400
 1425              	.LASF29:
 1426 0028 436C6F63 		.ascii	"ClockSetup\000"
 1426      6B536574 
ARM GAS  C:\Users\Lenovo\AppData\Local\Temp\cc9xtPVT.s 			page 33


 1426      757000
 1427              	.LASF30:
 1428 0033 63795F63 		.ascii	"cy_cfg_addr_table\000"
 1428      66675F61 
 1428      6464725F 
 1428      7461626C 
 1428      6500
 1429              	.LASF31:
 1430 0045 63795F63 		.ascii	"cy_cfg_data_table\000"
 1430      66675F64 
 1430      6174615F 
 1430      7461626C 
 1430      6500
 1431              	.LASF16:
 1432 0057 666C6F61 		.ascii	"float\000"
 1432      7400
 1433              	.LASF35:
 1434 005d 6366675F 		.ascii	"cfg_memset_list\000"
 1434      6D656D73 
 1434      65745F6C 
 1434      69737400 
 1435              	.LASF33:
 1436 006d 73697A65 		.ascii	"size\000"
 1436      00
 1437              	.LASF18:
 1438 0072 72656738 		.ascii	"reg8\000"
 1438      00
 1439              	.LASF8:
 1440 0077 6C6F6E67 		.ascii	"long unsigned int\000"
 1440      20756E73 
 1440      69676E65 
 1440      6420696E 
 1440      7400
 1441              	.LASF13:
 1442 0089 75696E74 		.ascii	"uint8\000"
 1442      3800
 1443              	.LASF28:
 1444 008f 43594D45 		.ascii	"CYMEMZERO\000"
 1444      4D5A4552 
 1444      4F00
 1445              	.LASF4:
 1446 0099 756E7369 		.ascii	"unsigned char\000"
 1446      676E6564 
 1446      20636861 
 1446      7200
 1447              	.LASF43:
 1448 00a7 6D656D73 		.ascii	"memset\000"
 1448      657400
 1449              	.LASF17:
 1450 00ae 646F7562 		.ascii	"double\000"
 1450      6C6500
 1451              	.LASF27:
 1452 00b5 6366675F 		.ascii	"cfg_write_bytes32\000"
 1452      77726974 
 1452      655F6279 
 1452      74657333 
 1452      3200
ARM GAS  C:\Users\Lenovo\AppData\Local\Temp\cc9xtPVT.s 			page 34


 1453              	.LASF38:
 1454 00c7 4379496E 		.ascii	"CyIntEnable\000"
 1454      74456E61 
 1454      626C6500 
 1455              	.LASF23:
 1456 00d3 61646472 		.ascii	"addr_table\000"
 1456      5F746162 
 1456      6C6500
 1457              	.LASF14:
 1458 00de 75696E74 		.ascii	"uint16\000"
 1458      313600
 1459              	.LASF24:
 1460 00e5 64617461 		.ascii	"data_table\000"
 1460      5F746162 
 1460      6C6500
 1461              	.LASF15:
 1462 00f0 75696E74 		.ascii	"uint32\000"
 1462      333200
 1463              	.LASF0:
 1464 00f7 756E7369 		.ascii	"unsigned int\000"
 1464      676E6564 
 1464      20696E74 
 1464      00
 1465              	.LASF42:
 1466 0104 63796669 		.ascii	"cyfitter_cfg\000"
 1466      74746572 
 1466      5F636667 
 1466      00
 1467              	.LASF32:
 1468 0111 61646472 		.ascii	"address\000"
 1468      65737300 
 1469              	.LASF9:
 1470 0119 6C6F6E67 		.ascii	"long long unsigned int\000"
 1470      206C6F6E 
 1470      6720756E 
 1470      7369676E 
 1470      65642069 
 1471              	.LASF39:
 1472 0130 474E5520 		.ascii	"GNU C11 5.4.1 20160609 (release) [ARM/embedded-5-br"
 1472      43313120 
 1472      352E342E 
 1472      31203230 
 1472      31363036 
 1473 0163 616E6368 		.ascii	"anch revision 237715] -mcpu=cortex-m0 -mthumb -g -O"
 1473      20726576 
 1473      6973696F 
 1473      6E203233 
 1473      37373135 
 1474 0196 67202D66 		.ascii	"g -ffunction-sections -ffat-lto-objects\000"
 1474      66756E63 
 1474      74696F6E 
 1474      2D736563 
 1474      74696F6E 
 1475              	.LASF34:
 1476 01be 6366675F 		.ascii	"cfg_memset_t\000"
 1476      6D656D73 
 1476      65745F74 
ARM GAS  C:\Users\Lenovo\AppData\Local\Temp\cc9xtPVT.s 			page 35


 1476      00
 1477              	.LASF25:
 1478 01cb 62617365 		.ascii	"baseAddr\000"
 1478      41646472 
 1478      00
 1479              	.LASF10:
 1480 01d4 73697A65 		.ascii	"sizetype\000"
 1480      74797065 
 1480      00
 1481              	.LASF6:
 1482 01dd 73686F72 		.ascii	"short unsigned int\000"
 1482      7420756E 
 1482      7369676E 
 1482      65642069 
 1482      6E7400
 1483              	.LASF1:
 1484 01f0 6C6F6E67 		.ascii	"long long int\000"
 1484      206C6F6E 
 1484      6720696E 
 1484      7400
 1485              	.LASF11:
 1486 01fe 63686172 		.ascii	"char\000"
 1486      00
 1487              	.LASF22:
 1488 0203 63795F63 		.ascii	"cy_cfg_addrvalue_t\000"
 1488      66675F61 
 1488      64647276 
 1488      616C7565 
 1488      5F7400
 1489              	.LASF20:
 1490 0216 6F666673 		.ascii	"offset\000"
 1490      657400
 1491              	.LASF5:
 1492 021d 73686F72 		.ascii	"short int\000"
 1492      7420696E 
 1492      7400
 1493              	.LASF36:
 1494 0227 43795379 		.ascii	"CySysClkWriteImoFreq\000"
 1494      73436C6B 
 1494      57726974 
 1494      65496D6F 
 1494      46726571 
 1495              	.LASF41:
 1496 023c 443A5C4D 		.ascii	"D:\\Microprocess2\\Lab2\\Lab2\\Design01.cydsn\000"
 1496      6963726F 
 1496      70726F63 
 1496      65737332 
 1496      5C4C6162 
 1497              	.LASF7:
 1498 0266 6C6F6E67 		.ascii	"long int\000"
 1498      20696E74 
 1498      00
 1499              	.LASF2:
 1500 026f 6C6F6E67 		.ascii	"long double\000"
 1500      20646F75 
 1500      626C6500 
 1501              	.LASF3:
ARM GAS  C:\Users\Lenovo\AppData\Local\Temp\cc9xtPVT.s 			page 36


 1502 027b 7369676E 		.ascii	"signed char\000"
 1502      65642063 
 1502      68617200 
 1503              	.LASF40:
 1504 0287 47656E65 		.ascii	"Generated_Source\\PSoC4\\cyfitter_cfg.c\000"
 1504      72617465 
 1504      645F536F 
 1504      75726365 
 1504      5C50536F 
 1505              		.ident	"GCC: (GNU Tools for ARM Embedded Processors) 5.4.1 20160609 (release) [ARM/embedded-5-bran
