ARM GAS  C:\Users\Lenovo\AppData\Local\Temp\ccbTIvT1.s 			page 1


   1              		.syntax unified
   2              		.cpu cortex-m0
   3              		.fpu softvfp
   4              		.eabi_attribute 20, 1
   5              		.eabi_attribute 21, 1
   6              		.eabi_attribute 23, 3
   7              		.eabi_attribute 24, 1
   8              		.eabi_attribute 25, 1
   9              		.eabi_attribute 26, 1
  10              		.eabi_attribute 30, 1
  11              		.eabi_attribute 34, 0
  12              		.eabi_attribute 18, 4
  13              		.thumb
  14              		.syntax unified
  15              		.file	"cyfitter_cfg.c"
  16              		.text
  17              	.Ltext0:
  18              		.cfi_sections	.debug_frame
  19              		.section	.text.cfg_write_bytes32,"ax",%progbits
  20              		.align	2
  21              		.code	16
  22              		.thumb_func
  23              		.type	cfg_write_bytes32, %function
  24              	cfg_write_bytes32:
  25              	.LFB3:
  26              		.file 1 "Generated_Source\\PSoC4\\cyfitter_cfg.c"
   1:Generated_Source\PSoC4/cyfitter_cfg.c **** 
   2:Generated_Source\PSoC4/cyfitter_cfg.c **** /*******************************************************************************
   3:Generated_Source\PSoC4/cyfitter_cfg.c **** * File Name: cyfitter_cfg.c
   4:Generated_Source\PSoC4/cyfitter_cfg.c **** * 
   5:Generated_Source\PSoC4/cyfitter_cfg.c **** * PSoC Creator  4.4
   6:Generated_Source\PSoC4/cyfitter_cfg.c **** *
   7:Generated_Source\PSoC4/cyfitter_cfg.c **** * Description:
   8:Generated_Source\PSoC4/cyfitter_cfg.c **** * This file contains device initialization code.
   9:Generated_Source\PSoC4/cyfitter_cfg.c **** * Except for the user defined sections in CyClockStartupError(), this file should not be modified.
  10:Generated_Source\PSoC4/cyfitter_cfg.c **** * This file is automatically generated by PSoC Creator.
  11:Generated_Source\PSoC4/cyfitter_cfg.c **** *
  12:Generated_Source\PSoC4/cyfitter_cfg.c **** ********************************************************************************
  13:Generated_Source\PSoC4/cyfitter_cfg.c **** * Copyright (c) 2007-2020 Cypress Semiconductor.  All rights reserved.
  14:Generated_Source\PSoC4/cyfitter_cfg.c **** * You may use this file only in accordance with the license, terms, conditions, 
  15:Generated_Source\PSoC4/cyfitter_cfg.c **** * disclaimers, and limitations in the end user license agreement accompanying 
  16:Generated_Source\PSoC4/cyfitter_cfg.c **** * the software package with which this file was provided.
  17:Generated_Source\PSoC4/cyfitter_cfg.c **** ********************************************************************************/
  18:Generated_Source\PSoC4/cyfitter_cfg.c **** 
  19:Generated_Source\PSoC4/cyfitter_cfg.c **** #include <string.h>
  20:Generated_Source\PSoC4/cyfitter_cfg.c **** #include "cytypes.h"
  21:Generated_Source\PSoC4/cyfitter_cfg.c **** #include "cydevice_trm.h"
  22:Generated_Source\PSoC4/cyfitter_cfg.c **** #include "cyfitter.h"
  23:Generated_Source\PSoC4/cyfitter_cfg.c **** #include "CyLib.h"
  24:Generated_Source\PSoC4/cyfitter_cfg.c **** #include "CyLFClk.h"
  25:Generated_Source\PSoC4/cyfitter_cfg.c **** #include "cyfitter_cfg.h"
  26:Generated_Source\PSoC4/cyfitter_cfg.c **** #include "cyapicallbacks.h"
  27:Generated_Source\PSoC4/cyfitter_cfg.c **** 
  28:Generated_Source\PSoC4/cyfitter_cfg.c **** 
  29:Generated_Source\PSoC4/cyfitter_cfg.c **** #if defined(__GNUC__) || defined(__ARMCC_VERSION)
  30:Generated_Source\PSoC4/cyfitter_cfg.c ****     #define CYPACKED 
  31:Generated_Source\PSoC4/cyfitter_cfg.c ****     #define CYPACKED_ATTR __attribute__ ((packed))
ARM GAS  C:\Users\Lenovo\AppData\Local\Temp\ccbTIvT1.s 			page 2


  32:Generated_Source\PSoC4/cyfitter_cfg.c ****     #define CYALIGNED __attribute__ ((aligned))
  33:Generated_Source\PSoC4/cyfitter_cfg.c ****     #define CY_CFG_UNUSED __attribute__ ((unused))
  34:Generated_Source\PSoC4/cyfitter_cfg.c ****     #ifndef CY_CFG_SECTION
  35:Generated_Source\PSoC4/cyfitter_cfg.c ****         #define CY_CFG_SECTION __attribute__ ((section(".psocinit")))
  36:Generated_Source\PSoC4/cyfitter_cfg.c ****     #endif
  37:Generated_Source\PSoC4/cyfitter_cfg.c ****     
  38:Generated_Source\PSoC4/cyfitter_cfg.c ****     #if defined(__ARMCC_VERSION)
  39:Generated_Source\PSoC4/cyfitter_cfg.c ****         #define CY_CFG_MEMORY_BARRIER() __memory_changed()
  40:Generated_Source\PSoC4/cyfitter_cfg.c ****     #else
  41:Generated_Source\PSoC4/cyfitter_cfg.c ****         #define CY_CFG_MEMORY_BARRIER() __sync_synchronize()
  42:Generated_Source\PSoC4/cyfitter_cfg.c ****     #endif
  43:Generated_Source\PSoC4/cyfitter_cfg.c ****     
  44:Generated_Source\PSoC4/cyfitter_cfg.c **** #elif defined(__ICCARM__)
  45:Generated_Source\PSoC4/cyfitter_cfg.c ****     #include <intrinsics.h>
  46:Generated_Source\PSoC4/cyfitter_cfg.c **** 
  47:Generated_Source\PSoC4/cyfitter_cfg.c ****     #define CYPACKED __packed
  48:Generated_Source\PSoC4/cyfitter_cfg.c ****     #define CYPACKED_ATTR 
  49:Generated_Source\PSoC4/cyfitter_cfg.c ****     #define CYALIGNED _Pragma("data_alignment=4")
  50:Generated_Source\PSoC4/cyfitter_cfg.c ****     #define CY_CFG_UNUSED _Pragma("diag_suppress=Pe177")
  51:Generated_Source\PSoC4/cyfitter_cfg.c ****     #define CY_CFG_SECTION _Pragma("location=\".psocinit\"")
  52:Generated_Source\PSoC4/cyfitter_cfg.c ****     
  53:Generated_Source\PSoC4/cyfitter_cfg.c ****     #define CY_CFG_MEMORY_BARRIER() __DMB()
  54:Generated_Source\PSoC4/cyfitter_cfg.c ****     
  55:Generated_Source\PSoC4/cyfitter_cfg.c **** #else
  56:Generated_Source\PSoC4/cyfitter_cfg.c ****     #error Unsupported toolchain
  57:Generated_Source\PSoC4/cyfitter_cfg.c **** #endif
  58:Generated_Source\PSoC4/cyfitter_cfg.c **** 
  59:Generated_Source\PSoC4/cyfitter_cfg.c **** #ifndef CYCODE
  60:Generated_Source\PSoC4/cyfitter_cfg.c ****     #define CYCODE
  61:Generated_Source\PSoC4/cyfitter_cfg.c **** #endif
  62:Generated_Source\PSoC4/cyfitter_cfg.c **** #ifndef CYDATA
  63:Generated_Source\PSoC4/cyfitter_cfg.c ****     #define CYDATA
  64:Generated_Source\PSoC4/cyfitter_cfg.c **** #endif
  65:Generated_Source\PSoC4/cyfitter_cfg.c **** #ifndef CYFAR
  66:Generated_Source\PSoC4/cyfitter_cfg.c ****     #define CYFAR
  67:Generated_Source\PSoC4/cyfitter_cfg.c **** #endif
  68:Generated_Source\PSoC4/cyfitter_cfg.c **** #ifndef CYXDATA
  69:Generated_Source\PSoC4/cyfitter_cfg.c ****     #define CYXDATA
  70:Generated_Source\PSoC4/cyfitter_cfg.c **** #endif
  71:Generated_Source\PSoC4/cyfitter_cfg.c **** 
  72:Generated_Source\PSoC4/cyfitter_cfg.c **** 
  73:Generated_Source\PSoC4/cyfitter_cfg.c **** CY_CFG_UNUSED
  74:Generated_Source\PSoC4/cyfitter_cfg.c **** static void CYMEMZERO(void *s, size_t n);
  75:Generated_Source\PSoC4/cyfitter_cfg.c **** CY_CFG_UNUSED
  76:Generated_Source\PSoC4/cyfitter_cfg.c **** static void CYMEMZERO(void *s, size_t n)
  77:Generated_Source\PSoC4/cyfitter_cfg.c **** {
  78:Generated_Source\PSoC4/cyfitter_cfg.c **** 	(void)memset(s, 0, n);
  79:Generated_Source\PSoC4/cyfitter_cfg.c **** }
  80:Generated_Source\PSoC4/cyfitter_cfg.c **** CY_CFG_UNUSED
  81:Generated_Source\PSoC4/cyfitter_cfg.c **** static void CYCONFIGCPY(void *dest, const void *src, size_t n);
  82:Generated_Source\PSoC4/cyfitter_cfg.c **** CY_CFG_UNUSED
  83:Generated_Source\PSoC4/cyfitter_cfg.c **** static void CYCONFIGCPY(void *dest, const void *src, size_t n)
  84:Generated_Source\PSoC4/cyfitter_cfg.c **** {
  85:Generated_Source\PSoC4/cyfitter_cfg.c **** 	(void)memcpy(dest, src, n);
  86:Generated_Source\PSoC4/cyfitter_cfg.c **** }
  87:Generated_Source\PSoC4/cyfitter_cfg.c **** CY_CFG_UNUSED
  88:Generated_Source\PSoC4/cyfitter_cfg.c **** static void CYCONFIGCPYCODE(void *dest, const void *src, size_t n);
ARM GAS  C:\Users\Lenovo\AppData\Local\Temp\ccbTIvT1.s 			page 3


  89:Generated_Source\PSoC4/cyfitter_cfg.c **** CY_CFG_UNUSED
  90:Generated_Source\PSoC4/cyfitter_cfg.c **** static void CYCONFIGCPYCODE(void *dest, const void *src, size_t n)
  91:Generated_Source\PSoC4/cyfitter_cfg.c **** {
  92:Generated_Source\PSoC4/cyfitter_cfg.c **** 	(void)memcpy(dest, src, n);
  93:Generated_Source\PSoC4/cyfitter_cfg.c **** }
  94:Generated_Source\PSoC4/cyfitter_cfg.c **** 
  95:Generated_Source\PSoC4/cyfitter_cfg.c **** 
  96:Generated_Source\PSoC4/cyfitter_cfg.c **** 
  97:Generated_Source\PSoC4/cyfitter_cfg.c **** 
  98:Generated_Source\PSoC4/cyfitter_cfg.c **** /* Clock startup error codes                                                   */
  99:Generated_Source\PSoC4/cyfitter_cfg.c **** #define CYCLOCKSTART_NO_ERROR    0u
 100:Generated_Source\PSoC4/cyfitter_cfg.c **** #define CYCLOCKSTART_XTAL_ERROR  1u
 101:Generated_Source\PSoC4/cyfitter_cfg.c **** #define CYCLOCKSTART_32KHZ_ERROR 2u
 102:Generated_Source\PSoC4/cyfitter_cfg.c **** #define CYCLOCKSTART_PLL_ERROR   3u
 103:Generated_Source\PSoC4/cyfitter_cfg.c **** #define CYCLOCKSTART_FLL_ERROR   4u
 104:Generated_Source\PSoC4/cyfitter_cfg.c **** #define CYCLOCKSTART_WCO_ERROR   5u
 105:Generated_Source\PSoC4/cyfitter_cfg.c **** 
 106:Generated_Source\PSoC4/cyfitter_cfg.c **** 
 107:Generated_Source\PSoC4/cyfitter_cfg.c **** #ifdef CY_NEED_CYCLOCKSTARTUPERROR
 108:Generated_Source\PSoC4/cyfitter_cfg.c **** /*******************************************************************************
 109:Generated_Source\PSoC4/cyfitter_cfg.c **** * Function Name: CyClockStartupError
 110:Generated_Source\PSoC4/cyfitter_cfg.c **** ********************************************************************************
 111:Generated_Source\PSoC4/cyfitter_cfg.c **** * Summary:
 112:Generated_Source\PSoC4/cyfitter_cfg.c **** *  If an error is encountered during clock configuration (crystal startup error,
 113:Generated_Source\PSoC4/cyfitter_cfg.c **** *  PLL lock error, etc.), the system will end up here.  Unless reimplemented by
 114:Generated_Source\PSoC4/cyfitter_cfg.c **** *  the customer, this function will stop in an infinite loop.
 115:Generated_Source\PSoC4/cyfitter_cfg.c **** *
 116:Generated_Source\PSoC4/cyfitter_cfg.c **** * Parameters:
 117:Generated_Source\PSoC4/cyfitter_cfg.c **** *   void
 118:Generated_Source\PSoC4/cyfitter_cfg.c **** *
 119:Generated_Source\PSoC4/cyfitter_cfg.c **** * Return:
 120:Generated_Source\PSoC4/cyfitter_cfg.c **** *   void
 121:Generated_Source\PSoC4/cyfitter_cfg.c **** *
 122:Generated_Source\PSoC4/cyfitter_cfg.c **** *******************************************************************************/
 123:Generated_Source\PSoC4/cyfitter_cfg.c **** CY_CFG_UNUSED
 124:Generated_Source\PSoC4/cyfitter_cfg.c **** static void CyClockStartupError(uint8 errorCode);
 125:Generated_Source\PSoC4/cyfitter_cfg.c **** CY_CFG_UNUSED
 126:Generated_Source\PSoC4/cyfitter_cfg.c **** static void CyClockStartupError(uint8 errorCode)
 127:Generated_Source\PSoC4/cyfitter_cfg.c **** {
 128:Generated_Source\PSoC4/cyfitter_cfg.c ****     /* To remove the compiler warning if errorCode not used.                */
 129:Generated_Source\PSoC4/cyfitter_cfg.c ****     errorCode = errorCode;
 130:Generated_Source\PSoC4/cyfitter_cfg.c **** 
 131:Generated_Source\PSoC4/cyfitter_cfg.c ****     /* If we have a clock startup error (bad MHz crystal, PLL lock, etc.),  */
 132:Generated_Source\PSoC4/cyfitter_cfg.c ****     /* we will end up here to allow the customer to implement something to  */
 133:Generated_Source\PSoC4/cyfitter_cfg.c ****     /* deal with the clock condition.                                       */
 134:Generated_Source\PSoC4/cyfitter_cfg.c **** 
 135:Generated_Source\PSoC4/cyfitter_cfg.c **** #ifdef CY_CFG_CLOCK_STARTUP_ERROR_CALLBACK
 136:Generated_Source\PSoC4/cyfitter_cfg.c ****     CY_CFG_Clock_Startup_ErrorCallback();
 137:Generated_Source\PSoC4/cyfitter_cfg.c **** #else
 138:Generated_Source\PSoC4/cyfitter_cfg.c ****     /*  If not using CY_CFG_CLOCK_STARTUP_ERROR_CALLBACK, place your clock startup code here. */
 139:Generated_Source\PSoC4/cyfitter_cfg.c ****     /* `#START CyClockStartupError` */
 140:Generated_Source\PSoC4/cyfitter_cfg.c **** 
 141:Generated_Source\PSoC4/cyfitter_cfg.c **** 
 142:Generated_Source\PSoC4/cyfitter_cfg.c **** 
 143:Generated_Source\PSoC4/cyfitter_cfg.c ****     /* `#END` */
 144:Generated_Source\PSoC4/cyfitter_cfg.c **** 
 145:Generated_Source\PSoC4/cyfitter_cfg.c ****     while(1) {}
ARM GAS  C:\Users\Lenovo\AppData\Local\Temp\ccbTIvT1.s 			page 4


 146:Generated_Source\PSoC4/cyfitter_cfg.c **** #endif /* CY_CFG_CLOCK_STARTUP_ERROR_CALLBACK */
 147:Generated_Source\PSoC4/cyfitter_cfg.c **** }
 148:Generated_Source\PSoC4/cyfitter_cfg.c **** #endif
 149:Generated_Source\PSoC4/cyfitter_cfg.c **** 
 150:Generated_Source\PSoC4/cyfitter_cfg.c **** #define CY_CFG_BASE_ADDR_COUNT 4u
 151:Generated_Source\PSoC4/cyfitter_cfg.c **** CYPACKED typedef struct
 152:Generated_Source\PSoC4/cyfitter_cfg.c **** {
 153:Generated_Source\PSoC4/cyfitter_cfg.c **** 	uint8 offset;
 154:Generated_Source\PSoC4/cyfitter_cfg.c **** 	uint8 value;
 155:Generated_Source\PSoC4/cyfitter_cfg.c **** } CYPACKED_ATTR cy_cfg_addrvalue_t;
 156:Generated_Source\PSoC4/cyfitter_cfg.c **** 
 157:Generated_Source\PSoC4/cyfitter_cfg.c **** 
 158:Generated_Source\PSoC4/cyfitter_cfg.c **** 
 159:Generated_Source\PSoC4/cyfitter_cfg.c **** /*******************************************************************************
 160:Generated_Source\PSoC4/cyfitter_cfg.c **** * Function Name: cfg_write_bytes32
 161:Generated_Source\PSoC4/cyfitter_cfg.c **** ********************************************************************************
 162:Generated_Source\PSoC4/cyfitter_cfg.c **** * Summary:
 163:Generated_Source\PSoC4/cyfitter_cfg.c **** *  This function is used for setting up the chip configuration areas that
 164:Generated_Source\PSoC4/cyfitter_cfg.c **** *  contain relatively sparse data.
 165:Generated_Source\PSoC4/cyfitter_cfg.c **** *
 166:Generated_Source\PSoC4/cyfitter_cfg.c **** * Parameters:
 167:Generated_Source\PSoC4/cyfitter_cfg.c **** *   void
 168:Generated_Source\PSoC4/cyfitter_cfg.c **** *
 169:Generated_Source\PSoC4/cyfitter_cfg.c **** * Return:
 170:Generated_Source\PSoC4/cyfitter_cfg.c **** *   void
 171:Generated_Source\PSoC4/cyfitter_cfg.c **** *
 172:Generated_Source\PSoC4/cyfitter_cfg.c **** *******************************************************************************/
 173:Generated_Source\PSoC4/cyfitter_cfg.c **** static void cfg_write_bytes32(const uint32 addr_table[], const cy_cfg_addrvalue_t data_table[]);
 174:Generated_Source\PSoC4/cyfitter_cfg.c **** static void cfg_write_bytes32(const uint32 addr_table[], const cy_cfg_addrvalue_t data_table[])
 175:Generated_Source\PSoC4/cyfitter_cfg.c **** {
  27              		.loc 1 175 0
  28              		.cfi_startproc
  29              		@ args = 0, pretend = 0, frame = 0
  30              		@ frame_needed = 0, uses_anonymous_args = 0
  31              	.LVL0:
  32 0000 F0B5     		push	{r4, r5, r6, r7, lr}
  33              		.cfi_def_cfa_offset 20
  34              		.cfi_offset 4, -20
  35              		.cfi_offset 5, -16
  36              		.cfi_offset 6, -12
  37              		.cfi_offset 7, -8
  38              		.cfi_offset 14, -4
  39              	.LVL1:
 176:Generated_Source\PSoC4/cyfitter_cfg.c **** 	/* For 32-bit little-endian architectures */
 177:Generated_Source\PSoC4/cyfitter_cfg.c **** 	uint32 i, j = 0u;
  40              		.loc 1 177 0
  41 0002 0025     		movs	r5, #0
 178:Generated_Source\PSoC4/cyfitter_cfg.c **** 	for (i = 0u; i < CY_CFG_BASE_ADDR_COUNT; i++)
  42              		.loc 1 178 0
  43 0004 0027     		movs	r7, #0
  44 0006 11E0     		b	.L2
  45              	.LVL2:
  46              	.L5:
  47              	.LBB2:
 179:Generated_Source\PSoC4/cyfitter_cfg.c **** 	{
 180:Generated_Source\PSoC4/cyfitter_cfg.c **** 		uint32 baseAddr = addr_table[i];
  48              		.loc 1 180 0
ARM GAS  C:\Users\Lenovo\AppData\Local\Temp\ccbTIvT1.s 			page 5


  49 0008 BB00     		lsls	r3, r7, #2
  50 000a C658     		ldr	r6, [r0, r3]
  51              	.LVL3:
 181:Generated_Source\PSoC4/cyfitter_cfg.c **** 		uint8 count = (uint8)baseAddr;
  52              		.loc 1 181 0
  53 000c F3B2     		uxtb	r3, r6
  54              	.LVL4:
 182:Generated_Source\PSoC4/cyfitter_cfg.c **** 		baseAddr &= 0xFFFFFF00u;
  55              		.loc 1 182 0
  56 000e FF22     		movs	r2, #255
  57 0010 9643     		bics	r6, r2
  58              	.LVL5:
 183:Generated_Source\PSoC4/cyfitter_cfg.c **** 		while (count != 0u)
  59              		.loc 1 183 0
  60 0012 08E0     		b	.L3
  61              	.L4:
 184:Generated_Source\PSoC4/cyfitter_cfg.c **** 		{
 185:Generated_Source\PSoC4/cyfitter_cfg.c **** 			CY_SET_REG8((void *)(baseAddr + data_table[j].offset), data_table[j].value);
  62              		.loc 1 185 0
  63 0014 6A00     		lsls	r2, r5, #1
  64 0016 8A18     		adds	r2, r1, r2
  65 0018 1478     		ldrb	r4, [r2]
  66 001a A419     		adds	r4, r4, r6
  67 001c 5278     		ldrb	r2, [r2, #1]
  68 001e 2270     		strb	r2, [r4]
 186:Generated_Source\PSoC4/cyfitter_cfg.c **** 			j++;
  69              		.loc 1 186 0
  70 0020 0135     		adds	r5, r5, #1
  71              	.LVL6:
 187:Generated_Source\PSoC4/cyfitter_cfg.c **** 			count--;
  72              		.loc 1 187 0
  73 0022 013B     		subs	r3, r3, #1
  74              	.LVL7:
  75 0024 DBB2     		uxtb	r3, r3
  76              	.LVL8:
  77              	.L3:
 183:Generated_Source\PSoC4/cyfitter_cfg.c **** 		{
  78              		.loc 1 183 0
  79 0026 002B     		cmp	r3, #0
  80 0028 F4D1     		bne	.L4
  81              	.LBE2:
 178:Generated_Source\PSoC4/cyfitter_cfg.c **** 	{
  82              		.loc 1 178 0 discriminator 2
  83 002a 0137     		adds	r7, r7, #1
  84              	.LVL9:
  85              	.L2:
 178:Generated_Source\PSoC4/cyfitter_cfg.c **** 	{
  86              		.loc 1 178 0 is_stmt 0 discriminator 1
  87 002c 032F     		cmp	r7, #3
  88 002e EBD9     		bls	.L5
 188:Generated_Source\PSoC4/cyfitter_cfg.c **** 		}
 189:Generated_Source\PSoC4/cyfitter_cfg.c **** 	}
 190:Generated_Source\PSoC4/cyfitter_cfg.c **** }
  89              		.loc 1 190 0 is_stmt 1
  90              		@ sp needed
  91              	.LVL10:
  92              	.LVL11:
ARM GAS  C:\Users\Lenovo\AppData\Local\Temp\ccbTIvT1.s 			page 6


  93 0030 F0BD     		pop	{r4, r5, r6, r7, pc}
  94              		.cfi_endproc
  95              	.LFE3:
  96              		.size	cfg_write_bytes32, .-cfg_write_bytes32
  97 0032 C046     		.section	.text.CYMEMZERO,"ax",%progbits
  98              		.align	2
  99              		.code	16
 100              		.thumb_func
 101              		.type	CYMEMZERO, %function
 102              	CYMEMZERO:
 103              	.LFB0:
  77:Generated_Source\PSoC4/cyfitter_cfg.c **** 	(void)memset(s, 0, n);
 104              		.loc 1 77 0
 105              		.cfi_startproc
 106              		@ args = 0, pretend = 0, frame = 0
 107              		@ frame_needed = 0, uses_anonymous_args = 0
 108              	.LVL12:
 109 0000 10B5     		push	{r4, lr}
 110              		.cfi_def_cfa_offset 8
 111              		.cfi_offset 4, -8
 112              		.cfi_offset 14, -4
 113 0002 0A00     		movs	r2, r1
  78:Generated_Source\PSoC4/cyfitter_cfg.c **** }
 114              		.loc 1 78 0
 115 0004 0021     		movs	r1, #0
 116              	.LVL13:
 117 0006 FFF7FEFF 		bl	memset
 118              	.LVL14:
  79:Generated_Source\PSoC4/cyfitter_cfg.c **** CY_CFG_UNUSED
 119              		.loc 1 79 0
 120              		@ sp needed
 121 000a 10BD     		pop	{r4, pc}
 122              		.cfi_endproc
 123              	.LFE0:
 124              		.size	CYMEMZERO, .-CYMEMZERO
 125              		.section	.psocinit,"ax",%progbits
 126              		.align	2
 127              		.code	16
 128              		.thumb_func
 129              		.type	ClockSetup, %function
 130              	ClockSetup:
 131              	.LFB4:
 191:Generated_Source\PSoC4/cyfitter_cfg.c **** 
 192:Generated_Source\PSoC4/cyfitter_cfg.c **** 
 193:Generated_Source\PSoC4/cyfitter_cfg.c **** /*******************************************************************************
 194:Generated_Source\PSoC4/cyfitter_cfg.c **** * Function Name: ClockSetup
 195:Generated_Source\PSoC4/cyfitter_cfg.c **** ********************************************************************************
 196:Generated_Source\PSoC4/cyfitter_cfg.c **** *
 197:Generated_Source\PSoC4/cyfitter_cfg.c **** * Summary:
 198:Generated_Source\PSoC4/cyfitter_cfg.c **** *   Performs the initialization of all of the clocks in the device based on the
 199:Generated_Source\PSoC4/cyfitter_cfg.c **** *   settings in the Clock tab of the DWR.  This includes enabling the requested
 200:Generated_Source\PSoC4/cyfitter_cfg.c **** *   clocks and setting the necessary dividers to produce the desired frequency. 
 201:Generated_Source\PSoC4/cyfitter_cfg.c **** *
 202:Generated_Source\PSoC4/cyfitter_cfg.c **** * Parameters:
 203:Generated_Source\PSoC4/cyfitter_cfg.c **** *   void
 204:Generated_Source\PSoC4/cyfitter_cfg.c **** *
 205:Generated_Source\PSoC4/cyfitter_cfg.c **** * Return:
ARM GAS  C:\Users\Lenovo\AppData\Local\Temp\ccbTIvT1.s 			page 7


 206:Generated_Source\PSoC4/cyfitter_cfg.c **** *   void
 207:Generated_Source\PSoC4/cyfitter_cfg.c **** *
 208:Generated_Source\PSoC4/cyfitter_cfg.c **** *******************************************************************************/
 209:Generated_Source\PSoC4/cyfitter_cfg.c **** static void ClockSetup(void);
 210:Generated_Source\PSoC4/cyfitter_cfg.c **** CY_CFG_SECTION
 211:Generated_Source\PSoC4/cyfitter_cfg.c **** static void ClockSetup(void)
 212:Generated_Source\PSoC4/cyfitter_cfg.c **** {
 132              		.loc 1 212 0
 133              		.cfi_startproc
 134              		@ args = 0, pretend = 0, frame = 0
 135              		@ frame_needed = 0, uses_anonymous_args = 0
 136 0000 70B5     		push	{r4, r5, r6, lr}
 137              		.cfi_def_cfa_offset 16
 138              		.cfi_offset 4, -16
 139              		.cfi_offset 5, -12
 140              		.cfi_offset 6, -8
 141              		.cfi_offset 14, -4
 213:Generated_Source\PSoC4/cyfitter_cfg.c **** 	/* Enable HALF_EN before trimming for the flash accelerator. */
 214:Generated_Source\PSoC4/cyfitter_cfg.c **** 	CY_SET_REG32((void CYXDATA *)(CYREG_CLK_SELECT), (CY_GET_REG32((void *)CYREG_CLK_SELECT) | 0x00040
 142              		.loc 1 214 0
 143 0002 134C     		ldr	r4, .L8
 144 0004 2368     		ldr	r3, [r4]
 145 0006 8022     		movs	r2, #128
 146 0008 D202     		lsls	r2, r2, #11
 147 000a 1343     		orrs	r3, r2
 148 000c 2360     		str	r3, [r4]
 215:Generated_Source\PSoC4/cyfitter_cfg.c **** 
 216:Generated_Source\PSoC4/cyfitter_cfg.c **** 	/* Setup and trim IMO based on desired frequency. */
 217:Generated_Source\PSoC4/cyfitter_cfg.c **** 	CySysClkWriteImoFreq(24u);
 149              		.loc 1 217 0
 150 000e 1820     		movs	r0, #24
 151 0010 FFF7FEFF 		bl	CySysClkWriteImoFreq
 152              	.LVL15:
 218:Generated_Source\PSoC4/cyfitter_cfg.c **** 
 219:Generated_Source\PSoC4/cyfitter_cfg.c **** 	/* Disable HALF_EN since it is not required at this IMO frequency. */
 220:Generated_Source\PSoC4/cyfitter_cfg.c **** 	CY_SET_REG32((void CYXDATA *)(CYREG_CLK_SELECT), (CY_GET_REG32((void *)CYREG_CLK_SELECT) & 0xFFFBF
 153              		.loc 1 220 0
 154 0014 2268     		ldr	r2, [r4]
 155 0016 0F4B     		ldr	r3, .L8+4
 156 0018 1340     		ands	r3, r2
 157 001a 2360     		str	r3, [r4]
 221:Generated_Source\PSoC4/cyfitter_cfg.c **** 	/* CYDEV_CLK_ILO_CONFIG Starting address: CYDEV_CLK_ILO_CONFIG */
 222:Generated_Source\PSoC4/cyfitter_cfg.c **** 	CY_SET_REG32((void *)(CYREG_CLK_ILO_CONFIG), 0x80000006u);
 158              		.loc 1 222 0
 159 001c 0E4A     		ldr	r2, .L8+8
 160 001e 0F4B     		ldr	r3, .L8+12
 161 0020 1A60     		str	r2, [r3]
 223:Generated_Source\PSoC4/cyfitter_cfg.c **** 
 224:Generated_Source\PSoC4/cyfitter_cfg.c **** 
 225:Generated_Source\PSoC4/cyfitter_cfg.c **** 	/* CYDEV_CLK_SELECT00 Starting address: CYDEV_CLK_SELECT00 */
 226:Generated_Source\PSoC4/cyfitter_cfg.c **** 	CY_SET_REG32((void *)(CYREG_CLK_SELECT08), 0x00000010u);
 162              		.loc 1 226 0
 163 0022 1022     		movs	r2, #16
 164 0024 0E4B     		ldr	r3, .L8+16
 165 0026 1A60     		str	r2, [r3]
 227:Generated_Source\PSoC4/cyfitter_cfg.c **** 
 228:Generated_Source\PSoC4/cyfitter_cfg.c **** 	/* CYDEV_CLK_IMO_CONFIG Starting address: CYDEV_CLK_IMO_CONFIG */
ARM GAS  C:\Users\Lenovo\AppData\Local\Temp\ccbTIvT1.s 			page 8


 229:Generated_Source\PSoC4/cyfitter_cfg.c **** 	CY_SET_REG32((void *)(CYREG_CLK_IMO_CONFIG), 0x80000000u);
 166              		.loc 1 229 0
 167 0028 8022     		movs	r2, #128
 168 002a 1206     		lsls	r2, r2, #24
 169 002c 0D4B     		ldr	r3, .L8+20
 170 002e 1A60     		str	r2, [r3]
 230:Generated_Source\PSoC4/cyfitter_cfg.c **** 
 231:Generated_Source\PSoC4/cyfitter_cfg.c **** 	/* CYDEV_CLK_SELECT Starting address: CYDEV_CLK_SELECT */
 232:Generated_Source\PSoC4/cyfitter_cfg.c **** 	CY_SET_REG32((void *)(CYREG_CLK_SELECT), 0x00000000u);
 171              		.loc 1 232 0
 172 0030 0025     		movs	r5, #0
 173 0032 2560     		str	r5, [r4]
 233:Generated_Source\PSoC4/cyfitter_cfg.c **** 
 234:Generated_Source\PSoC4/cyfitter_cfg.c **** 	/* CYDEV_CLK_DIVIDER_A00 Starting address: CYDEV_CLK_DIVIDER_A00 */
 235:Generated_Source\PSoC4/cyfitter_cfg.c **** 	CY_SET_REG32((void *)(CYREG_CLK_DIVIDER_A00), 0x80005DBFu);
 174              		.loc 1 235 0
 175 0034 0C4A     		ldr	r2, .L8+24
 176 0036 0D4B     		ldr	r3, .L8+28
 177 0038 1A60     		str	r2, [r3]
 236:Generated_Source\PSoC4/cyfitter_cfg.c **** 
 237:Generated_Source\PSoC4/cyfitter_cfg.c **** 	(void)CyIntSetVector(9u, &CySysWdtIsr);
 178              		.loc 1 237 0
 179 003a 0D49     		ldr	r1, .L8+32
 180 003c 0920     		movs	r0, #9
 181 003e FFF7FEFF 		bl	CyIntSetVector
 182              	.LVL16:
 238:Generated_Source\PSoC4/cyfitter_cfg.c **** 	CyIntEnable(9u);
 183              		.loc 1 238 0
 184 0042 0920     		movs	r0, #9
 185 0044 FFF7FEFF 		bl	CyIntEnable
 186              	.LVL17:
 239:Generated_Source\PSoC4/cyfitter_cfg.c **** 	CY_SET_REG32((void *)(CYREG_WDT_CONFIG), 0x00000000u);
 187              		.loc 1 239 0
 188 0048 0A4B     		ldr	r3, .L8+36
 189 004a 1D60     		str	r5, [r3]
 240:Generated_Source\PSoC4/cyfitter_cfg.c **** }
 190              		.loc 1 240 0
 191              		@ sp needed
 192 004c 70BD     		pop	{r4, r5, r6, pc}
 193              	.L9:
 194 004e C046     		.align	2
 195              	.L8:
 196 0050 00010B40 		.word	1074462976
 197 0054 FFFFFBFF 		.word	-262145
 198 0058 06000080 		.word	-2147483642
 199 005c 04010B40 		.word	1074462980
 200 0060 20020240 		.word	1073873440
 201 0064 08010B40 		.word	1074462984
 202 0068 BF5D0080 		.word	-2147459649
 203 006c 00000240 		.word	1073872896
 204 0070 00000000 		.word	CySysWdtIsr
 205 0074 0C020B40 		.word	1074463244
 206              		.cfi_endproc
 207              	.LFE4:
 208              		.size	ClockSetup, .-ClockSetup
 209              		.align	2
 210              		.global	cyfitter_cfg
ARM GAS  C:\Users\Lenovo\AppData\Local\Temp\ccbTIvT1.s 			page 9


 211              		.code	16
 212              		.thumb_func
 213              		.type	cyfitter_cfg, %function
 214              	cyfitter_cfg:
 215              	.LFB6:
 241:Generated_Source\PSoC4/cyfitter_cfg.c **** 
 242:Generated_Source\PSoC4/cyfitter_cfg.c **** 
 243:Generated_Source\PSoC4/cyfitter_cfg.c **** /* Analog API Functions */
 244:Generated_Source\PSoC4/cyfitter_cfg.c **** 
 245:Generated_Source\PSoC4/cyfitter_cfg.c **** 
 246:Generated_Source\PSoC4/cyfitter_cfg.c **** /*******************************************************************************
 247:Generated_Source\PSoC4/cyfitter_cfg.c **** * Function Name: AnalogSetDefault
 248:Generated_Source\PSoC4/cyfitter_cfg.c **** ********************************************************************************
 249:Generated_Source\PSoC4/cyfitter_cfg.c **** *
 250:Generated_Source\PSoC4/cyfitter_cfg.c **** * Summary:
 251:Generated_Source\PSoC4/cyfitter_cfg.c **** *  Sets up the analog portions of the chip to default values based on chip
 252:Generated_Source\PSoC4/cyfitter_cfg.c **** *  configuration options from the project.
 253:Generated_Source\PSoC4/cyfitter_cfg.c **** *
 254:Generated_Source\PSoC4/cyfitter_cfg.c **** * Parameters:
 255:Generated_Source\PSoC4/cyfitter_cfg.c **** *  void
 256:Generated_Source\PSoC4/cyfitter_cfg.c **** *
 257:Generated_Source\PSoC4/cyfitter_cfg.c **** * Return:
 258:Generated_Source\PSoC4/cyfitter_cfg.c **** *  void
 259:Generated_Source\PSoC4/cyfitter_cfg.c **** *
 260:Generated_Source\PSoC4/cyfitter_cfg.c **** *******************************************************************************/
 261:Generated_Source\PSoC4/cyfitter_cfg.c **** static void AnalogSetDefault(void);
 262:Generated_Source\PSoC4/cyfitter_cfg.c **** static void AnalogSetDefault(void)
 263:Generated_Source\PSoC4/cyfitter_cfg.c **** {
 264:Generated_Source\PSoC4/cyfitter_cfg.c **** }
 265:Generated_Source\PSoC4/cyfitter_cfg.c **** 
 266:Generated_Source\PSoC4/cyfitter_cfg.c **** 
 267:Generated_Source\PSoC4/cyfitter_cfg.c **** 
 268:Generated_Source\PSoC4/cyfitter_cfg.c **** 
 269:Generated_Source\PSoC4/cyfitter_cfg.c **** /*******************************************************************************
 270:Generated_Source\PSoC4/cyfitter_cfg.c **** * Function Name: cyfitter_cfg
 271:Generated_Source\PSoC4/cyfitter_cfg.c **** ********************************************************************************
 272:Generated_Source\PSoC4/cyfitter_cfg.c **** * Summary:
 273:Generated_Source\PSoC4/cyfitter_cfg.c **** *  This function is called by the start-up code for the selected device. It
 274:Generated_Source\PSoC4/cyfitter_cfg.c **** *  performs all of the necessary device configuration based on the design
 275:Generated_Source\PSoC4/cyfitter_cfg.c **** *  settings.  This includes settings from the Design Wide Resources (DWR) such
 276:Generated_Source\PSoC4/cyfitter_cfg.c **** *  as Clocks and Pins as well as any component configuration that is necessary.
 277:Generated_Source\PSoC4/cyfitter_cfg.c **** *
 278:Generated_Source\PSoC4/cyfitter_cfg.c **** * Parameters:
 279:Generated_Source\PSoC4/cyfitter_cfg.c **** *   void
 280:Generated_Source\PSoC4/cyfitter_cfg.c **** *
 281:Generated_Source\PSoC4/cyfitter_cfg.c **** * Return:
 282:Generated_Source\PSoC4/cyfitter_cfg.c **** *   void
 283:Generated_Source\PSoC4/cyfitter_cfg.c **** *
 284:Generated_Source\PSoC4/cyfitter_cfg.c **** *******************************************************************************/
 285:Generated_Source\PSoC4/cyfitter_cfg.c **** CY_CFG_SECTION
 286:Generated_Source\PSoC4/cyfitter_cfg.c **** void cyfitter_cfg(void)
 287:Generated_Source\PSoC4/cyfitter_cfg.c **** {
 216              		.loc 1 287 0
 217              		.cfi_startproc
 218              		@ args = 0, pretend = 0, frame = 0
 219              		@ frame_needed = 0, uses_anonymous_args = 0
 220 0078 10B5     		push	{r4, lr}
ARM GAS  C:\Users\Lenovo\AppData\Local\Temp\ccbTIvT1.s 			page 10


 221              		.cfi_def_cfa_offset 8
 222              		.cfi_offset 4, -8
 223              		.cfi_offset 14, -4
 288:Generated_Source\PSoC4/cyfitter_cfg.c **** 	/* Disable interrupts by default. Let user enable if/when they want. */
 289:Generated_Source\PSoC4/cyfitter_cfg.c **** 	CyGlobalIntDisable;
 224              		.loc 1 289 0
 225              		.syntax divided
 226              	@ 289 "Generated_Source\PSoC4\cyfitter_cfg.c" 1
 227 007a 72B6     		CPSID   i
 228              	@ 0 "" 2
 229              	.LVL18:
 230              		.thumb
 231              		.syntax unified
 232              	.LBB3:
 290:Generated_Source\PSoC4/cyfitter_cfg.c **** 
 291:Generated_Source\PSoC4/cyfitter_cfg.c **** 	{
 292:Generated_Source\PSoC4/cyfitter_cfg.c **** 		static const uint32 CYCODE cy_cfg_addr_table[] = {
 293:Generated_Source\PSoC4/cyfitter_cfg.c **** 			0x400F3301u, /* Base address: 0x400F3300 Count: 1 */
 294:Generated_Source\PSoC4/cyfitter_cfg.c **** 			0x400F4002u, /* Base address: 0x400F4000 Count: 2 */
 295:Generated_Source\PSoC4/cyfitter_cfg.c **** 			0x400F4102u, /* Base address: 0x400F4100 Count: 2 */
 296:Generated_Source\PSoC4/cyfitter_cfg.c **** 			0x400F4304u, /* Base address: 0x400F4300 Count: 4 */
 297:Generated_Source\PSoC4/cyfitter_cfg.c **** 		};
 298:Generated_Source\PSoC4/cyfitter_cfg.c **** 
 299:Generated_Source\PSoC4/cyfitter_cfg.c **** 		static const cy_cfg_addrvalue_t CYCODE cy_cfg_data_table[] = {
 300:Generated_Source\PSoC4/cyfitter_cfg.c **** 			{0xE2u, 0x80u},
 301:Generated_Source\PSoC4/cyfitter_cfg.c **** 			{0x53u, 0x04u},
 302:Generated_Source\PSoC4/cyfitter_cfg.c **** 			{0xD4u, 0x20u},
 303:Generated_Source\PSoC4/cyfitter_cfg.c **** 			{0x8Bu, 0x04u},
 304:Generated_Source\PSoC4/cyfitter_cfg.c **** 			{0x97u, 0x08u},
 305:Generated_Source\PSoC4/cyfitter_cfg.c **** 			{0x19u, 0x08u},
 306:Generated_Source\PSoC4/cyfitter_cfg.c **** 			{0x89u, 0x08u},
 307:Generated_Source\PSoC4/cyfitter_cfg.c **** 			{0xC6u, 0x08u},
 308:Generated_Source\PSoC4/cyfitter_cfg.c **** 			{0xE2u, 0x01u},
 309:Generated_Source\PSoC4/cyfitter_cfg.c **** 		};
 310:Generated_Source\PSoC4/cyfitter_cfg.c **** 
 311:Generated_Source\PSoC4/cyfitter_cfg.c **** 
 312:Generated_Source\PSoC4/cyfitter_cfg.c **** 
 313:Generated_Source\PSoC4/cyfitter_cfg.c **** 		CYPACKED typedef struct {
 314:Generated_Source\PSoC4/cyfitter_cfg.c **** 			void CYFAR *address;
 315:Generated_Source\PSoC4/cyfitter_cfg.c **** 			uint16 size;
 316:Generated_Source\PSoC4/cyfitter_cfg.c **** 		} CYPACKED_ATTR cfg_memset_t;
 317:Generated_Source\PSoC4/cyfitter_cfg.c **** 
 318:Generated_Source\PSoC4/cyfitter_cfg.c **** 		static const cfg_memset_t CYCODE cfg_memset_list[] = {
 319:Generated_Source\PSoC4/cyfitter_cfg.c **** 			/* address, size */
 320:Generated_Source\PSoC4/cyfitter_cfg.c **** 			{(void CYFAR *)(CYDEV_UDB_P0_U0_BASE), 1024u},
 321:Generated_Source\PSoC4/cyfitter_cfg.c **** 			{(void CYFAR *)(CYDEV_UDB_DSI0_BASE), 1024u},
 322:Generated_Source\PSoC4/cyfitter_cfg.c **** 		};
 323:Generated_Source\PSoC4/cyfitter_cfg.c **** 
 324:Generated_Source\PSoC4/cyfitter_cfg.c **** 		uint8 CYDATA i;
 325:Generated_Source\PSoC4/cyfitter_cfg.c **** 
 326:Generated_Source\PSoC4/cyfitter_cfg.c **** 		/* Zero out critical memory blocks before beginning configuration */
 327:Generated_Source\PSoC4/cyfitter_cfg.c **** 		for (i = 0u; i < (sizeof(cfg_memset_list)/sizeof(cfg_memset_list[0])); i++)
 233              		.loc 1 327 0
 234 007c 0024     		movs	r4, #0
 235 007e 0FE0     		b	.L11
 236              	.LVL19:
 237              	.L12:
ARM GAS  C:\Users\Lenovo\AppData\Local\Temp\ccbTIvT1.s 			page 11


 238              	.LBB4:
 328:Generated_Source\PSoC4/cyfitter_cfg.c **** 		{
 329:Generated_Source\PSoC4/cyfitter_cfg.c **** 			const cfg_memset_t CYCODE * CYDATA ms = &cfg_memset_list[i];
 330:Generated_Source\PSoC4/cyfitter_cfg.c **** 			CYMEMZERO(ms->address, (size_t)(uint32)(ms->size));
 239              		.loc 1 330 0 discriminator 3
 240 0080 1E48     		ldr	r0, .L13
 241 0082 6200     		lsls	r2, r4, #1
 242 0084 1319     		adds	r3, r2, r4
 243 0086 5900     		lsls	r1, r3, #1
 244 0088 0B00     		movs	r3, r1
 245 008a 4118     		adds	r1, r0, r1
 246 008c 8988     		ldrh	r1, [r1, #4]
 247 008e 1A5A     		ldrh	r2, [r3, r0]
 248 0090 C318     		adds	r3, r0, r3
 249 0092 5888     		ldrh	r0, [r3, #2]
 250 0094 0004     		lsls	r0, r0, #16
 251 0096 1043     		orrs	r0, r2
 252 0098 FFF7FEFF 		bl	CYMEMZERO
 253              	.LVL20:
 254              	.LBE4:
 327:Generated_Source\PSoC4/cyfitter_cfg.c **** 		{
 255              		.loc 1 327 0 discriminator 3
 256 009c 0134     		adds	r4, r4, #1
 257              	.LVL21:
 258 009e E4B2     		uxtb	r4, r4
 259              	.LVL22:
 260              	.L11:
 327:Generated_Source\PSoC4/cyfitter_cfg.c **** 		{
 261              		.loc 1 327 0 is_stmt 0 discriminator 1
 262 00a0 012C     		cmp	r4, #1
 263 00a2 EDD9     		bls	.L12
 331:Generated_Source\PSoC4/cyfitter_cfg.c **** 		}
 332:Generated_Source\PSoC4/cyfitter_cfg.c **** 
 333:Generated_Source\PSoC4/cyfitter_cfg.c **** 		cfg_write_bytes32(cy_cfg_addr_table, cy_cfg_data_table);
 264              		.loc 1 333 0 is_stmt 1
 265 00a4 1548     		ldr	r0, .L13
 266 00a6 0100     		movs	r1, r0
 267 00a8 0C31     		adds	r1, r1, #12
 268 00aa 2030     		adds	r0, r0, #32
 269 00ac FFF7FEFF 		bl	cfg_write_bytes32
 270              	.LVL23:
 334:Generated_Source\PSoC4/cyfitter_cfg.c **** 
 335:Generated_Source\PSoC4/cyfitter_cfg.c **** 		/* HSIOM Starting address: CYDEV_HSIOM_BASE */
 336:Generated_Source\PSoC4/cyfitter_cfg.c **** 		CY_SET_REG32((void *)(CYDEV_HSIOM_BASE), 0x00000300u);
 271              		.loc 1 336 0
 272 00b0 C022     		movs	r2, #192
 273 00b2 9200     		lsls	r2, r2, #2
 274 00b4 124B     		ldr	r3, .L13+4
 275 00b6 1A60     		str	r2, [r3]
 337:Generated_Source\PSoC4/cyfitter_cfg.c **** 		CY_SET_REG32((void *)(CYREG_HSIOM_PORT_SEL3), 0x0000EE00u);
 276              		.loc 1 337 0
 277 00b8 EE22     		movs	r2, #238
 278 00ba 1202     		lsls	r2, r2, #8
 279 00bc 114B     		ldr	r3, .L13+8
 280 00be 1A60     		str	r2, [r3]
 338:Generated_Source\PSoC4/cyfitter_cfg.c **** 
 339:Generated_Source\PSoC4/cyfitter_cfg.c **** 		/* UDB_PA_0 Starting address: CYDEV_UDB_PA0_BASE */
ARM GAS  C:\Users\Lenovo\AppData\Local\Temp\ccbTIvT1.s 			page 12


 340:Generated_Source\PSoC4/cyfitter_cfg.c **** 		CY_SET_REG32((void *)(CYDEV_UDB_PA0_BASE), 0x00990000u);
 281              		.loc 1 340 0
 282 00c0 9923     		movs	r3, #153
 283 00c2 1B04     		lsls	r3, r3, #16
 284 00c4 104A     		ldr	r2, .L13+12
 285 00c6 1360     		str	r3, [r2]
 341:Generated_Source\PSoC4/cyfitter_cfg.c **** 		CY_SET_REG32((void *)(CYREG_UDB_PA0_CFG8), 0x00450000u);
 286              		.loc 1 341 0
 287 00c8 8A21     		movs	r1, #138
 288 00ca C903     		lsls	r1, r1, #15
 289 00cc 0F4A     		ldr	r2, .L13+16
 290 00ce 1160     		str	r1, [r2]
 342:Generated_Source\PSoC4/cyfitter_cfg.c **** 
 343:Generated_Source\PSoC4/cyfitter_cfg.c **** 		/* UDB_PA_3 Starting address: CYDEV_UDB_PA3_BASE */
 344:Generated_Source\PSoC4/cyfitter_cfg.c **** 		CY_SET_REG32((void *)(CYDEV_UDB_PA3_BASE), 0x00990000u);
 291              		.loc 1 344 0
 292 00d0 0F4A     		ldr	r2, .L13+20
 293 00d2 1360     		str	r3, [r2]
 345:Generated_Source\PSoC4/cyfitter_cfg.c **** 
 346:Generated_Source\PSoC4/cyfitter_cfg.c **** 		/* Enable digital routing */
 347:Generated_Source\PSoC4/cyfitter_cfg.c **** 		CY_SET_XTND_REG8((void *)CYREG_UDB_UDBIF_BANK_CTL, (uint8)(CY_GET_XTND_REG8((void *)CYREG_UDB_UDB
 294              		.loc 1 347 0
 295 00d4 0F4A     		ldr	r2, .L13+24
 296 00d6 1178     		ldrb	r1, [r2]
 297 00d8 0623     		movs	r3, #6
 298 00da 0B43     		orrs	r3, r1
 299 00dc DBB2     		uxtb	r3, r3
 300 00de 1370     		strb	r3, [r2]
 301              	.LBE3:
 348:Generated_Source\PSoC4/cyfitter_cfg.c **** 	}
 349:Generated_Source\PSoC4/cyfitter_cfg.c **** 
 350:Generated_Source\PSoC4/cyfitter_cfg.c **** 	/* Perform second pass device configuration. These items must be configured in specific order afte
 351:Generated_Source\PSoC4/cyfitter_cfg.c **** 	/* IOPINS0_0 Starting address: CYDEV_PRT0_BASE */
 352:Generated_Source\PSoC4/cyfitter_cfg.c **** 	CY_SET_REG32((void *)(CYDEV_PRT0_BASE), 0x00000004u);
 302              		.loc 1 352 0
 303 00e0 0422     		movs	r2, #4
 304 00e2 0D4B     		ldr	r3, .L13+28
 305 00e4 1A60     		str	r2, [r3]
 353:Generated_Source\PSoC4/cyfitter_cfg.c **** 	CY_SET_REG32((void *)(CYREG_PRT0_PC), 0x00000180u);
 306              		.loc 1 353 0
 307 00e6 7D32     		adds	r2, r2, #125
 308 00e8 FF32     		adds	r2, r2, #255
 309 00ea 0C4B     		ldr	r3, .L13+32
 310 00ec 1A60     		str	r2, [r3]
 354:Generated_Source\PSoC4/cyfitter_cfg.c **** 
 355:Generated_Source\PSoC4/cyfitter_cfg.c **** 	/* IOPINS0_3 Starting address: CYDEV_PRT3_BASE */
 356:Generated_Source\PSoC4/cyfitter_cfg.c **** 	CY_SET_REG32((void *)(CYREG_PRT3_PC), 0x00000D80u);
 311              		.loc 1 356 0
 312 00ee D822     		movs	r2, #216
 313 00f0 1201     		lsls	r2, r2, #4
 314 00f2 0B4B     		ldr	r3, .L13+36
 315 00f4 1A60     		str	r2, [r3]
 357:Generated_Source\PSoC4/cyfitter_cfg.c **** 
 358:Generated_Source\PSoC4/cyfitter_cfg.c **** 
 359:Generated_Source\PSoC4/cyfitter_cfg.c **** 	/* Setup clocks based on selections from Clock DWR */
 360:Generated_Source\PSoC4/cyfitter_cfg.c **** 	ClockSetup();
 316              		.loc 1 360 0
ARM GAS  C:\Users\Lenovo\AppData\Local\Temp\ccbTIvT1.s 			page 13


 317 00f6 FFF783FF 		bl	ClockSetup
 318              	.LVL24:
 361:Generated_Source\PSoC4/cyfitter_cfg.c **** 
 362:Generated_Source\PSoC4/cyfitter_cfg.c **** 	/* Perform basic analog initialization to defaults */
 363:Generated_Source\PSoC4/cyfitter_cfg.c **** 	AnalogSetDefault();
 364:Generated_Source\PSoC4/cyfitter_cfg.c **** 
 365:Generated_Source\PSoC4/cyfitter_cfg.c **** }
 319              		.loc 1 365 0
 320              		@ sp needed
 321              	.LVL25:
 322 00fa 10BD     		pop	{r4, pc}
 323              	.L14:
 324              		.align	2
 325              	.L13:
 326 00fc 00000000 		.word	.LANCHOR0
 327 0100 00000140 		.word	1073807360
 328 0104 0C000140 		.word	1073807372
 329 0108 00500F40 		.word	1074745344
 330 010c 08500F40 		.word	1074745352
 331 0110 30500F40 		.word	1074745392
 332 0114 00700F40 		.word	1074753536
 333 0118 00000440 		.word	1074003968
 334 011c 08000440 		.word	1074003976
 335 0120 08030440 		.word	1074004744
 336              		.cfi_endproc
 337              	.LFE6:
 338              		.size	cyfitter_cfg, .-cyfitter_cfg
 339              		.section	.rodata
 340              		.align	2
 341              		.set	.LANCHOR0,. + 0
 342              		.type	cfg_memset_list.4870, %object
 343              		.size	cfg_memset_list.4870, 12
 344              	cfg_memset_list.4870:
 345 0000 00300F40 		.word	1074737152
 346 0004 0004     		.short	1024
 347 0006 00400F40 		.4byte	1074741248
 348 000a 0004     		.short	1024
 349              		.type	cy_cfg_data_table.4865, %object
 350              		.size	cy_cfg_data_table.4865, 18
 351              	cy_cfg_data_table.4865:
 352 000c E2       		.byte	-30
 353 000d 80       		.byte	-128
 354 000e 53       		.byte	83
 355 000f 04       		.byte	4
 356 0010 D4       		.byte	-44
 357 0011 20       		.byte	32
 358 0012 8B       		.byte	-117
 359 0013 04       		.byte	4
 360 0014 97       		.byte	-105
 361 0015 08       		.byte	8
 362 0016 19       		.byte	25
 363 0017 08       		.byte	8
 364 0018 89       		.byte	-119
 365 0019 08       		.byte	8
 366 001a C6       		.byte	-58
 367 001b 08       		.byte	8
 368 001c E2       		.byte	-30
ARM GAS  C:\Users\Lenovo\AppData\Local\Temp\ccbTIvT1.s 			page 14


 369 001d 01       		.byte	1
 370 001e 0000     		.space	2
 371              		.type	cy_cfg_addr_table.4864, %object
 372              		.size	cy_cfg_addr_table.4864, 16
 373              	cy_cfg_addr_table.4864:
 374 0020 01330F40 		.word	1074737921
 375 0024 02400F40 		.word	1074741250
 376 0028 02410F40 		.word	1074741506
 377 002c 04430F40 		.word	1074742020
 378              		.text
 379              	.Letext0:
 380              		.file 2 "d:\\psoc creator\\4.4\\psoc creator\\import\\gnu\\arm\\5.4.1\\lib\\gcc\\arm-none-eabi\\5.
 381              		.file 3 "Generated_Source\\PSoC4\\cytypes.h"
 382              		.file 4 "Generated_Source\\PSoC4\\CyLib.h"
 383              		.section	.debug_info,"",%progbits
 384              	.Ldebug_info0:
 385 0000 9C030000 		.4byte	0x39c
 386 0004 0400     		.2byte	0x4
 387 0006 00000000 		.4byte	.Ldebug_abbrev0
 388 000a 04       		.byte	0x4
 389 000b 01       		.uleb128 0x1
 390 000c 55010000 		.4byte	.LASF39
 391 0010 0C       		.byte	0xc
 392 0011 82020000 		.4byte	.LASF40
 393 0015 5D000000 		.4byte	.LASF41
 394 0019 00000000 		.4byte	.Ldebug_ranges0+0
 395 001d 00000000 		.4byte	0
 396 0021 00000000 		.4byte	.Ldebug_line0
 397 0025 02       		.uleb128 0x2
 398 0026 04       		.byte	0x4
 399 0027 05       		.byte	0x5
 400 0028 696E7400 		.ascii	"int\000"
 401 002c 03       		.uleb128 0x3
 402 002d 06000000 		.4byte	.LASF12
 403 0031 02       		.byte	0x2
 404 0032 D8       		.byte	0xd8
 405 0033 37000000 		.4byte	0x37
 406 0037 04       		.uleb128 0x4
 407 0038 04       		.byte	0x4
 408 0039 07       		.byte	0x7
 409 003a 1C010000 		.4byte	.LASF0
 410 003e 04       		.uleb128 0x4
 411 003f 08       		.byte	0x8
 412 0040 05       		.byte	0x5
 413 0041 15020000 		.4byte	.LASF1
 414 0045 04       		.uleb128 0x4
 415 0046 08       		.byte	0x8
 416 0047 04       		.byte	0x4
 417 0048 6A020000 		.4byte	.LASF2
 418 004c 04       		.uleb128 0x4
 419 004d 01       		.byte	0x1
 420 004e 06       		.byte	0x6
 421 004f 76020000 		.4byte	.LASF3
 422 0053 04       		.uleb128 0x4
 423 0054 01       		.byte	0x1
 424 0055 08       		.byte	0x8
 425 0056 BE000000 		.4byte	.LASF4
ARM GAS  C:\Users\Lenovo\AppData\Local\Temp\ccbTIvT1.s 			page 15


 426 005a 04       		.uleb128 0x4
 427 005b 02       		.byte	0x2
 428 005c 05       		.byte	0x5
 429 005d 42020000 		.4byte	.LASF5
 430 0061 04       		.uleb128 0x4
 431 0062 02       		.byte	0x2
 432 0063 07       		.byte	0x7
 433 0064 02020000 		.4byte	.LASF6
 434 0068 04       		.uleb128 0x4
 435 0069 04       		.byte	0x4
 436 006a 05       		.byte	0x5
 437 006b 61020000 		.4byte	.LASF7
 438 006f 04       		.uleb128 0x4
 439 0070 04       		.byte	0x4
 440 0071 07       		.byte	0x7
 441 0072 9C000000 		.4byte	.LASF8
 442 0076 04       		.uleb128 0x4
 443 0077 08       		.byte	0x8
 444 0078 07       		.byte	0x7
 445 0079 3E010000 		.4byte	.LASF9
 446 007d 04       		.uleb128 0x4
 447 007e 04       		.byte	0x4
 448 007f 07       		.byte	0x7
 449 0080 F9010000 		.4byte	.LASF10
 450 0084 05       		.uleb128 0x5
 451 0085 04       		.byte	0x4
 452 0086 04       		.uleb128 0x4
 453 0087 01       		.byte	0x1
 454 0088 08       		.byte	0x8
 455 0089 23020000 		.4byte	.LASF11
 456 008d 06       		.uleb128 0x6
 457 008e AE000000 		.4byte	.LASF13
 458 0092 03       		.byte	0x3
 459 0093 FC01     		.2byte	0x1fc
 460 0095 53000000 		.4byte	0x53
 461 0099 06       		.uleb128 0x6
 462 009a 03010000 		.4byte	.LASF14
 463 009e 03       		.byte	0x3
 464 009f FD01     		.2byte	0x1fd
 465 00a1 61000000 		.4byte	0x61
 466 00a5 06       		.uleb128 0x6
 467 00a6 15010000 		.4byte	.LASF15
 468 00aa 03       		.byte	0x3
 469 00ab FE01     		.2byte	0x1fe
 470 00ad 6F000000 		.4byte	0x6f
 471 00b1 04       		.uleb128 0x4
 472 00b2 04       		.byte	0x4
 473 00b3 04       		.byte	0x4
 474 00b4 57000000 		.4byte	.LASF16
 475 00b8 04       		.uleb128 0x4
 476 00b9 08       		.byte	0x8
 477 00ba 04       		.byte	0x4
 478 00bb D3000000 		.4byte	.LASF17
 479 00bf 06       		.uleb128 0x6
 480 00c0 97000000 		.4byte	.LASF18
 481 00c4 03       		.byte	0x3
 482 00c5 A602     		.2byte	0x2a6
ARM GAS  C:\Users\Lenovo\AppData\Local\Temp\ccbTIvT1.s 			page 16


 483 00c7 CB000000 		.4byte	0xcb
 484 00cb 07       		.uleb128 0x7
 485 00cc 8D000000 		.4byte	0x8d
 486 00d0 06       		.uleb128 0x6
 487 00d1 00000000 		.4byte	.LASF19
 488 00d5 03       		.byte	0x3
 489 00d6 A802     		.2byte	0x2a8
 490 00d8 DC000000 		.4byte	0xdc
 491 00dc 07       		.uleb128 0x7
 492 00dd A5000000 		.4byte	0xa5
 493 00e1 08       		.uleb128 0x8
 494 00e2 02       		.byte	0x2
 495 00e3 01       		.byte	0x1
 496 00e4 97       		.byte	0x97
 497 00e5 02010000 		.4byte	0x102
 498 00e9 09       		.uleb128 0x9
 499 00ea 3B020000 		.4byte	.LASF20
 500 00ee 01       		.byte	0x1
 501 00ef 99       		.byte	0x99
 502 00f0 8D000000 		.4byte	0x8d
 503 00f4 00       		.byte	0
 504 00f5 09       		.uleb128 0x9
 505 00f6 1C000000 		.4byte	.LASF21
 506 00fa 01       		.byte	0x1
 507 00fb 9A       		.byte	0x9a
 508 00fc 8D000000 		.4byte	0x8d
 509 0100 01       		.byte	0x1
 510 0101 00       		.byte	0
 511 0102 03       		.uleb128 0x3
 512 0103 28020000 		.4byte	.LASF22
 513 0107 01       		.byte	0x1
 514 0108 9B       		.byte	0x9b
 515 0109 E1000000 		.4byte	0xe1
 516 010d 0A       		.uleb128 0xa
 517 010e DA000000 		.4byte	.LASF27
 518 0112 01       		.byte	0x1
 519 0113 AE       		.byte	0xae
 520 0114 00000000 		.4byte	.LFB3
 521 0118 32000000 		.4byte	.LFE3-.LFB3
 522 011c 01       		.uleb128 0x1
 523 011d 9C       		.byte	0x9c
 524 011e 7F010000 		.4byte	0x17f
 525 0122 0B       		.uleb128 0xb
 526 0123 F8000000 		.4byte	.LASF23
 527 0127 01       		.byte	0x1
 528 0128 AE       		.byte	0xae
 529 0129 7F010000 		.4byte	0x17f
 530 012d 01       		.uleb128 0x1
 531 012e 50       		.byte	0x50
 532 012f 0B       		.uleb128 0xb
 533 0130 0A010000 		.4byte	.LASF24
 534 0134 01       		.byte	0x1
 535 0135 AE       		.byte	0xae
 536 0136 8A010000 		.4byte	0x18a
 537 013a 01       		.uleb128 0x1
 538 013b 51       		.byte	0x51
 539 013c 0C       		.uleb128 0xc
ARM GAS  C:\Users\Lenovo\AppData\Local\Temp\ccbTIvT1.s 			page 17


 540 013d 6900     		.ascii	"i\000"
 541 013f 01       		.byte	0x1
 542 0140 B1       		.byte	0xb1
 543 0141 A5000000 		.4byte	0xa5
 544 0145 00000000 		.4byte	.LLST0
 545 0149 0C       		.uleb128 0xc
 546 014a 6A00     		.ascii	"j\000"
 547 014c 01       		.byte	0x1
 548 014d B1       		.byte	0xb1
 549 014e A5000000 		.4byte	0xa5
 550 0152 1F000000 		.4byte	.LLST1
 551 0156 0D       		.uleb128 0xd
 552 0157 08000000 		.4byte	.LBB2
 553 015b 22000000 		.4byte	.LBE2-.LBB2
 554 015f 0E       		.uleb128 0xe
 555 0160 F0010000 		.4byte	.LASF25
 556 0164 01       		.byte	0x1
 557 0165 B4       		.byte	0xb4
 558 0166 A5000000 		.4byte	0xa5
 559 016a 3E000000 		.4byte	.LLST2
 560 016e 0E       		.uleb128 0xe
 561 016f 22000000 		.4byte	.LASF26
 562 0173 01       		.byte	0x1
 563 0174 B5       		.byte	0xb5
 564 0175 8D000000 		.4byte	0x8d
 565 0179 51000000 		.4byte	.LLST3
 566 017d 00       		.byte	0
 567 017e 00       		.byte	0
 568 017f 0F       		.uleb128 0xf
 569 0180 04       		.byte	0x4
 570 0181 85010000 		.4byte	0x185
 571 0185 10       		.uleb128 0x10
 572 0186 A5000000 		.4byte	0xa5
 573 018a 0F       		.uleb128 0xf
 574 018b 04       		.byte	0x4
 575 018c 90010000 		.4byte	0x190
 576 0190 10       		.uleb128 0x10
 577 0191 02010000 		.4byte	0x102
 578 0195 0A       		.uleb128 0xa
 579 0196 B4000000 		.4byte	.LASF28
 580 019a 01       		.byte	0x1
 581 019b 4C       		.byte	0x4c
 582 019c 00000000 		.4byte	.LFB0
 583 01a0 0C000000 		.4byte	.LFE0-.LFB0
 584 01a4 01       		.uleb128 0x1
 585 01a5 9C       		.byte	0x9c
 586 01a6 E2010000 		.4byte	0x1e2
 587 01aa 11       		.uleb128 0x11
 588 01ab 7300     		.ascii	"s\000"
 589 01ad 01       		.byte	0x1
 590 01ae 4C       		.byte	0x4c
 591 01af 84000000 		.4byte	0x84
 592 01b3 6F000000 		.4byte	.LLST4
 593 01b7 11       		.uleb128 0x11
 594 01b8 6E00     		.ascii	"n\000"
 595 01ba 01       		.byte	0x1
 596 01bb 4C       		.byte	0x4c
ARM GAS  C:\Users\Lenovo\AppData\Local\Temp\ccbTIvT1.s 			page 18


 597 01bc 2C000000 		.4byte	0x2c
 598 01c0 90000000 		.4byte	.LLST5
 599 01c4 12       		.uleb128 0x12
 600 01c5 0A000000 		.4byte	.LVL14
 601 01c9 75030000 		.4byte	0x375
 602 01cd 13       		.uleb128 0x13
 603 01ce 01       		.uleb128 0x1
 604 01cf 50       		.byte	0x50
 605 01d0 03       		.uleb128 0x3
 606 01d1 F3       		.byte	0xf3
 607 01d2 01       		.uleb128 0x1
 608 01d3 50       		.byte	0x50
 609 01d4 13       		.uleb128 0x13
 610 01d5 01       		.uleb128 0x1
 611 01d6 51       		.byte	0x51
 612 01d7 01       		.uleb128 0x1
 613 01d8 30       		.byte	0x30
 614 01d9 13       		.uleb128 0x13
 615 01da 01       		.uleb128 0x1
 616 01db 52       		.byte	0x52
 617 01dc 03       		.uleb128 0x3
 618 01dd F3       		.byte	0xf3
 619 01de 01       		.uleb128 0x1
 620 01df 51       		.byte	0x51
 621 01e0 00       		.byte	0
 622 01e1 00       		.byte	0
 623 01e2 0A       		.uleb128 0xa
 624 01e3 28000000 		.4byte	.LASF29
 625 01e7 01       		.byte	0x1
 626 01e8 D3       		.byte	0xd3
 627 01e9 00000000 		.4byte	.LFB4
 628 01ed 78000000 		.4byte	.LFE4-.LFB4
 629 01f1 01       		.uleb128 0x1
 630 01f2 9C       		.byte	0x9c
 631 01f3 2D020000 		.4byte	0x22d
 632 01f7 14       		.uleb128 0x14
 633 01f8 14000000 		.4byte	.LVL15
 634 01fc 7E030000 		.4byte	0x37e
 635 0200 0A020000 		.4byte	0x20a
 636 0204 13       		.uleb128 0x13
 637 0205 01       		.uleb128 0x1
 638 0206 50       		.byte	0x50
 639 0207 01       		.uleb128 0x1
 640 0208 48       		.byte	0x48
 641 0209 00       		.byte	0
 642 020a 14       		.uleb128 0x14
 643 020b 42000000 		.4byte	.LVL16
 644 020f 89030000 		.4byte	0x389
 645 0213 1D020000 		.4byte	0x21d
 646 0217 13       		.uleb128 0x13
 647 0218 01       		.uleb128 0x1
 648 0219 50       		.byte	0x50
 649 021a 01       		.uleb128 0x1
 650 021b 39       		.byte	0x39
 651 021c 00       		.byte	0
 652 021d 12       		.uleb128 0x12
 653 021e 48000000 		.4byte	.LVL17
ARM GAS  C:\Users\Lenovo\AppData\Local\Temp\ccbTIvT1.s 			page 19


 654 0222 94030000 		.4byte	0x394
 655 0226 13       		.uleb128 0x13
 656 0227 01       		.uleb128 0x1
 657 0228 50       		.byte	0x50
 658 0229 01       		.uleb128 0x1
 659 022a 39       		.byte	0x39
 660 022b 00       		.byte	0
 661 022c 00       		.byte	0
 662 022d 15       		.uleb128 0x15
 663 022e 29010000 		.4byte	.LASF42
 664 0232 01       		.byte	0x1
 665 0233 1E01     		.2byte	0x11e
 666 0235 78000000 		.4byte	.LFB6
 667 0239 AC000000 		.4byte	.LFE6-.LFB6
 668 023d 01       		.uleb128 0x1
 669 023e 9C       		.byte	0x9c
 670 023f 4B030000 		.4byte	0x34b
 671 0243 16       		.uleb128 0x16
 672 0244 7C000000 		.4byte	.LBB3
 673 0248 64000000 		.4byte	.LBE3-.LBB3
 674 024c 41030000 		.4byte	0x341
 675 0250 17       		.uleb128 0x17
 676 0251 33000000 		.4byte	.LASF30
 677 0255 01       		.byte	0x1
 678 0256 2401     		.2byte	0x124
 679 0258 5B030000 		.4byte	0x35b
 680 025c 05       		.uleb128 0x5
 681 025d 03       		.byte	0x3
 682 025e 20000000 		.4byte	cy_cfg_addr_table.4864
 683 0262 17       		.uleb128 0x17
 684 0263 45000000 		.4byte	.LASF31
 685 0267 01       		.byte	0x1
 686 0268 2B01     		.2byte	0x12b
 687 026a 70030000 		.4byte	0x370
 688 026e 05       		.uleb128 0x5
 689 026f 03       		.byte	0x3
 690 0270 0C000000 		.4byte	cy_cfg_data_table.4865
 691 0274 18       		.uleb128 0x18
 692 0275 06       		.byte	0x6
 693 0276 01       		.byte	0x1
 694 0277 3901     		.2byte	0x139
 695 0279 98020000 		.4byte	0x298
 696 027d 19       		.uleb128 0x19
 697 027e 36010000 		.4byte	.LASF32
 698 0282 01       		.byte	0x1
 699 0283 3A01     		.2byte	0x13a
 700 0285 84000000 		.4byte	0x84
 701 0289 00       		.byte	0
 702 028a 19       		.uleb128 0x19
 703 028b 92000000 		.4byte	.LASF33
 704 028f 01       		.byte	0x1
 705 0290 3B01     		.2byte	0x13b
 706 0292 99000000 		.4byte	0x99
 707 0296 04       		.byte	0x4
 708 0297 00       		.byte	0
 709 0298 06       		.uleb128 0x6
 710 0299 E3010000 		.4byte	.LASF34
ARM GAS  C:\Users\Lenovo\AppData\Local\Temp\ccbTIvT1.s 			page 20


 711 029d 01       		.byte	0x1
 712 029e 3C01     		.2byte	0x13c
 713 02a0 74020000 		.4byte	0x274
 714 02a4 1A       		.uleb128 0x1a
 715 02a5 B4020000 		.4byte	0x2b4
 716 02a9 B4020000 		.4byte	0x2b4
 717 02ad 1B       		.uleb128 0x1b
 718 02ae 7D000000 		.4byte	0x7d
 719 02b2 01       		.byte	0x1
 720 02b3 00       		.byte	0
 721 02b4 10       		.uleb128 0x10
 722 02b5 98020000 		.4byte	0x298
 723 02b9 17       		.uleb128 0x17
 724 02ba 82000000 		.4byte	.LASF35
 725 02be 01       		.byte	0x1
 726 02bf 3E01     		.2byte	0x13e
 727 02c1 CB020000 		.4byte	0x2cb
 728 02c5 05       		.uleb128 0x5
 729 02c6 03       		.byte	0x3
 730 02c7 00000000 		.4byte	cfg_memset_list.4870
 731 02cb 10       		.uleb128 0x10
 732 02cc A4020000 		.4byte	0x2a4
 733 02d0 1C       		.uleb128 0x1c
 734 02d1 6900     		.ascii	"i\000"
 735 02d3 01       		.byte	0x1
 736 02d4 4401     		.2byte	0x144
 737 02d6 8D000000 		.4byte	0x8d
 738 02da BC000000 		.4byte	.LLST6
 739 02de 16       		.uleb128 0x16
 740 02df 80000000 		.4byte	.LBB4
 741 02e3 1C000000 		.4byte	.LBE4-.LBB4
 742 02e7 24030000 		.4byte	0x324
 743 02eb 1C       		.uleb128 0x1c
 744 02ec 6D7300   		.ascii	"ms\000"
 745 02ef 01       		.byte	0x1
 746 02f0 4901     		.2byte	0x149
 747 02f2 FA020000 		.4byte	0x2fa
 748 02f6 E6000000 		.4byte	.LLST7
 749 02fa 0F       		.uleb128 0xf
 750 02fb 04       		.byte	0x4
 751 02fc B4020000 		.4byte	0x2b4
 752 0300 12       		.uleb128 0x12
 753 0301 9C000000 		.4byte	.LVL20
 754 0305 95010000 		.4byte	0x195
 755 0309 13       		.uleb128 0x13
 756 030a 01       		.uleb128 0x1
 757 030b 51       		.byte	0x51
 758 030c 15       		.uleb128 0x15
 759 030d 74       		.byte	0x74
 760 030e 00       		.sleb128 0
 761 030f 31       		.byte	0x31
 762 0310 24       		.byte	0x24
 763 0311 74       		.byte	0x74
 764 0312 00       		.sleb128 0
 765 0313 22       		.byte	0x22
 766 0314 31       		.byte	0x31
 767 0315 24       		.byte	0x24
ARM GAS  C:\Users\Lenovo\AppData\Local\Temp\ccbTIvT1.s 			page 21


 768 0316 03       		.byte	0x3
 769 0317 04000000 		.4byte	.LANCHOR0+4
 770 031b 22       		.byte	0x22
 771 031c 94       		.byte	0x94
 772 031d 02       		.byte	0x2
 773 031e 0A       		.byte	0xa
 774 031f FFFF     		.2byte	0xffff
 775 0321 1A       		.byte	0x1a
 776 0322 00       		.byte	0
 777 0323 00       		.byte	0
 778 0324 12       		.uleb128 0x12
 779 0325 B0000000 		.4byte	.LVL23
 780 0329 0D010000 		.4byte	0x10d
 781 032d 13       		.uleb128 0x13
 782 032e 01       		.uleb128 0x1
 783 032f 50       		.byte	0x50
 784 0330 05       		.uleb128 0x5
 785 0331 03       		.byte	0x3
 786 0332 20000000 		.4byte	.LANCHOR0+32
 787 0336 13       		.uleb128 0x13
 788 0337 01       		.uleb128 0x1
 789 0338 51       		.byte	0x51
 790 0339 05       		.uleb128 0x5
 791 033a 03       		.byte	0x3
 792 033b 0C000000 		.4byte	.LANCHOR0+12
 793 033f 00       		.byte	0
 794 0340 00       		.byte	0
 795 0341 1D       		.uleb128 0x1d
 796 0342 FA000000 		.4byte	.LVL24
 797 0346 E2010000 		.4byte	0x1e2
 798 034a 00       		.byte	0
 799 034b 1A       		.uleb128 0x1a
 800 034c 85010000 		.4byte	0x185
 801 0350 5B030000 		.4byte	0x35b
 802 0354 1B       		.uleb128 0x1b
 803 0355 7D000000 		.4byte	0x7d
 804 0359 03       		.byte	0x3
 805 035a 00       		.byte	0
 806 035b 10       		.uleb128 0x10
 807 035c 4B030000 		.4byte	0x34b
 808 0360 1A       		.uleb128 0x1a
 809 0361 90010000 		.4byte	0x190
 810 0365 70030000 		.4byte	0x370
 811 0369 1B       		.uleb128 0x1b
 812 036a 7D000000 		.4byte	0x7d
 813 036e 08       		.byte	0x8
 814 036f 00       		.byte	0
 815 0370 10       		.uleb128 0x10
 816 0371 60030000 		.4byte	0x360
 817 0375 1E       		.uleb128 0x1e
 818 0376 CC000000 		.4byte	.LASF43
 819 037a CC000000 		.4byte	.LASF43
 820 037e 1F       		.uleb128 0x1f
 821 037f 4C020000 		.4byte	.LASF36
 822 0383 4C020000 		.4byte	.LASF36
 823 0387 04       		.byte	0x4
 824 0388 6C       		.byte	0x6c
ARM GAS  C:\Users\Lenovo\AppData\Local\Temp\ccbTIvT1.s 			page 22


 825 0389 1F       		.uleb128 0x1f
 826 038a 0D000000 		.4byte	.LASF37
 827 038e 0D000000 		.4byte	.LASF37
 828 0392 04       		.byte	0x4
 829 0393 D0       		.byte	0xd0
 830 0394 1F       		.uleb128 0x1f
 831 0395 EC000000 		.4byte	.LASF38
 832 0399 EC000000 		.4byte	.LASF38
 833 039d 04       		.byte	0x4
 834 039e D6       		.byte	0xd6
 835 039f 00       		.byte	0
 836              		.section	.debug_abbrev,"",%progbits
 837              	.Ldebug_abbrev0:
 838 0000 01       		.uleb128 0x1
 839 0001 11       		.uleb128 0x11
 840 0002 01       		.byte	0x1
 841 0003 25       		.uleb128 0x25
 842 0004 0E       		.uleb128 0xe
 843 0005 13       		.uleb128 0x13
 844 0006 0B       		.uleb128 0xb
 845 0007 03       		.uleb128 0x3
 846 0008 0E       		.uleb128 0xe
 847 0009 1B       		.uleb128 0x1b
 848 000a 0E       		.uleb128 0xe
 849 000b 55       		.uleb128 0x55
 850 000c 17       		.uleb128 0x17
 851 000d 11       		.uleb128 0x11
 852 000e 01       		.uleb128 0x1
 853 000f 10       		.uleb128 0x10
 854 0010 17       		.uleb128 0x17
 855 0011 00       		.byte	0
 856 0012 00       		.byte	0
 857 0013 02       		.uleb128 0x2
 858 0014 24       		.uleb128 0x24
 859 0015 00       		.byte	0
 860 0016 0B       		.uleb128 0xb
 861 0017 0B       		.uleb128 0xb
 862 0018 3E       		.uleb128 0x3e
 863 0019 0B       		.uleb128 0xb
 864 001a 03       		.uleb128 0x3
 865 001b 08       		.uleb128 0x8
 866 001c 00       		.byte	0
 867 001d 00       		.byte	0
 868 001e 03       		.uleb128 0x3
 869 001f 16       		.uleb128 0x16
 870 0020 00       		.byte	0
 871 0021 03       		.uleb128 0x3
 872 0022 0E       		.uleb128 0xe
 873 0023 3A       		.uleb128 0x3a
 874 0024 0B       		.uleb128 0xb
 875 0025 3B       		.uleb128 0x3b
 876 0026 0B       		.uleb128 0xb
 877 0027 49       		.uleb128 0x49
 878 0028 13       		.uleb128 0x13
 879 0029 00       		.byte	0
 880 002a 00       		.byte	0
 881 002b 04       		.uleb128 0x4
ARM GAS  C:\Users\Lenovo\AppData\Local\Temp\ccbTIvT1.s 			page 23


 882 002c 24       		.uleb128 0x24
 883 002d 00       		.byte	0
 884 002e 0B       		.uleb128 0xb
 885 002f 0B       		.uleb128 0xb
 886 0030 3E       		.uleb128 0x3e
 887 0031 0B       		.uleb128 0xb
 888 0032 03       		.uleb128 0x3
 889 0033 0E       		.uleb128 0xe
 890 0034 00       		.byte	0
 891 0035 00       		.byte	0
 892 0036 05       		.uleb128 0x5
 893 0037 0F       		.uleb128 0xf
 894 0038 00       		.byte	0
 895 0039 0B       		.uleb128 0xb
 896 003a 0B       		.uleb128 0xb
 897 003b 00       		.byte	0
 898 003c 00       		.byte	0
 899 003d 06       		.uleb128 0x6
 900 003e 16       		.uleb128 0x16
 901 003f 00       		.byte	0
 902 0040 03       		.uleb128 0x3
 903 0041 0E       		.uleb128 0xe
 904 0042 3A       		.uleb128 0x3a
 905 0043 0B       		.uleb128 0xb
 906 0044 3B       		.uleb128 0x3b
 907 0045 05       		.uleb128 0x5
 908 0046 49       		.uleb128 0x49
 909 0047 13       		.uleb128 0x13
 910 0048 00       		.byte	0
 911 0049 00       		.byte	0
 912 004a 07       		.uleb128 0x7
 913 004b 35       		.uleb128 0x35
 914 004c 00       		.byte	0
 915 004d 49       		.uleb128 0x49
 916 004e 13       		.uleb128 0x13
 917 004f 00       		.byte	0
 918 0050 00       		.byte	0
 919 0051 08       		.uleb128 0x8
 920 0052 13       		.uleb128 0x13
 921 0053 01       		.byte	0x1
 922 0054 0B       		.uleb128 0xb
 923 0055 0B       		.uleb128 0xb
 924 0056 3A       		.uleb128 0x3a
 925 0057 0B       		.uleb128 0xb
 926 0058 3B       		.uleb128 0x3b
 927 0059 0B       		.uleb128 0xb
 928 005a 01       		.uleb128 0x1
 929 005b 13       		.uleb128 0x13
 930 005c 00       		.byte	0
 931 005d 00       		.byte	0
 932 005e 09       		.uleb128 0x9
 933 005f 0D       		.uleb128 0xd
 934 0060 00       		.byte	0
 935 0061 03       		.uleb128 0x3
 936 0062 0E       		.uleb128 0xe
 937 0063 3A       		.uleb128 0x3a
 938 0064 0B       		.uleb128 0xb
ARM GAS  C:\Users\Lenovo\AppData\Local\Temp\ccbTIvT1.s 			page 24


 939 0065 3B       		.uleb128 0x3b
 940 0066 0B       		.uleb128 0xb
 941 0067 49       		.uleb128 0x49
 942 0068 13       		.uleb128 0x13
 943 0069 38       		.uleb128 0x38
 944 006a 0B       		.uleb128 0xb
 945 006b 00       		.byte	0
 946 006c 00       		.byte	0
 947 006d 0A       		.uleb128 0xa
 948 006e 2E       		.uleb128 0x2e
 949 006f 01       		.byte	0x1
 950 0070 03       		.uleb128 0x3
 951 0071 0E       		.uleb128 0xe
 952 0072 3A       		.uleb128 0x3a
 953 0073 0B       		.uleb128 0xb
 954 0074 3B       		.uleb128 0x3b
 955 0075 0B       		.uleb128 0xb
 956 0076 27       		.uleb128 0x27
 957 0077 19       		.uleb128 0x19
 958 0078 11       		.uleb128 0x11
 959 0079 01       		.uleb128 0x1
 960 007a 12       		.uleb128 0x12
 961 007b 06       		.uleb128 0x6
 962 007c 40       		.uleb128 0x40
 963 007d 18       		.uleb128 0x18
 964 007e 9742     		.uleb128 0x2117
 965 0080 19       		.uleb128 0x19
 966 0081 01       		.uleb128 0x1
 967 0082 13       		.uleb128 0x13
 968 0083 00       		.byte	0
 969 0084 00       		.byte	0
 970 0085 0B       		.uleb128 0xb
 971 0086 05       		.uleb128 0x5
 972 0087 00       		.byte	0
 973 0088 03       		.uleb128 0x3
 974 0089 0E       		.uleb128 0xe
 975 008a 3A       		.uleb128 0x3a
 976 008b 0B       		.uleb128 0xb
 977 008c 3B       		.uleb128 0x3b
 978 008d 0B       		.uleb128 0xb
 979 008e 49       		.uleb128 0x49
 980 008f 13       		.uleb128 0x13
 981 0090 02       		.uleb128 0x2
 982 0091 18       		.uleb128 0x18
 983 0092 00       		.byte	0
 984 0093 00       		.byte	0
 985 0094 0C       		.uleb128 0xc
 986 0095 34       		.uleb128 0x34
 987 0096 00       		.byte	0
 988 0097 03       		.uleb128 0x3
 989 0098 08       		.uleb128 0x8
 990 0099 3A       		.uleb128 0x3a
 991 009a 0B       		.uleb128 0xb
 992 009b 3B       		.uleb128 0x3b
 993 009c 0B       		.uleb128 0xb
 994 009d 49       		.uleb128 0x49
 995 009e 13       		.uleb128 0x13
ARM GAS  C:\Users\Lenovo\AppData\Local\Temp\ccbTIvT1.s 			page 25


 996 009f 02       		.uleb128 0x2
 997 00a0 17       		.uleb128 0x17
 998 00a1 00       		.byte	0
 999 00a2 00       		.byte	0
 1000 00a3 0D       		.uleb128 0xd
 1001 00a4 0B       		.uleb128 0xb
 1002 00a5 01       		.byte	0x1
 1003 00a6 11       		.uleb128 0x11
 1004 00a7 01       		.uleb128 0x1
 1005 00a8 12       		.uleb128 0x12
 1006 00a9 06       		.uleb128 0x6
 1007 00aa 00       		.byte	0
 1008 00ab 00       		.byte	0
 1009 00ac 0E       		.uleb128 0xe
 1010 00ad 34       		.uleb128 0x34
 1011 00ae 00       		.byte	0
 1012 00af 03       		.uleb128 0x3
 1013 00b0 0E       		.uleb128 0xe
 1014 00b1 3A       		.uleb128 0x3a
 1015 00b2 0B       		.uleb128 0xb
 1016 00b3 3B       		.uleb128 0x3b
 1017 00b4 0B       		.uleb128 0xb
 1018 00b5 49       		.uleb128 0x49
 1019 00b6 13       		.uleb128 0x13
 1020 00b7 02       		.uleb128 0x2
 1021 00b8 17       		.uleb128 0x17
 1022 00b9 00       		.byte	0
 1023 00ba 00       		.byte	0
 1024 00bb 0F       		.uleb128 0xf
 1025 00bc 0F       		.uleb128 0xf
 1026 00bd 00       		.byte	0
 1027 00be 0B       		.uleb128 0xb
 1028 00bf 0B       		.uleb128 0xb
 1029 00c0 49       		.uleb128 0x49
 1030 00c1 13       		.uleb128 0x13
 1031 00c2 00       		.byte	0
 1032 00c3 00       		.byte	0
 1033 00c4 10       		.uleb128 0x10
 1034 00c5 26       		.uleb128 0x26
 1035 00c6 00       		.byte	0
 1036 00c7 49       		.uleb128 0x49
 1037 00c8 13       		.uleb128 0x13
 1038 00c9 00       		.byte	0
 1039 00ca 00       		.byte	0
 1040 00cb 11       		.uleb128 0x11
 1041 00cc 05       		.uleb128 0x5
 1042 00cd 00       		.byte	0
 1043 00ce 03       		.uleb128 0x3
 1044 00cf 08       		.uleb128 0x8
 1045 00d0 3A       		.uleb128 0x3a
 1046 00d1 0B       		.uleb128 0xb
 1047 00d2 3B       		.uleb128 0x3b
 1048 00d3 0B       		.uleb128 0xb
 1049 00d4 49       		.uleb128 0x49
 1050 00d5 13       		.uleb128 0x13
 1051 00d6 02       		.uleb128 0x2
 1052 00d7 17       		.uleb128 0x17
ARM GAS  C:\Users\Lenovo\AppData\Local\Temp\ccbTIvT1.s 			page 26


 1053 00d8 00       		.byte	0
 1054 00d9 00       		.byte	0
 1055 00da 12       		.uleb128 0x12
 1056 00db 898201   		.uleb128 0x4109
 1057 00de 01       		.byte	0x1
 1058 00df 11       		.uleb128 0x11
 1059 00e0 01       		.uleb128 0x1
 1060 00e1 31       		.uleb128 0x31
 1061 00e2 13       		.uleb128 0x13
 1062 00e3 00       		.byte	0
 1063 00e4 00       		.byte	0
 1064 00e5 13       		.uleb128 0x13
 1065 00e6 8A8201   		.uleb128 0x410a
 1066 00e9 00       		.byte	0
 1067 00ea 02       		.uleb128 0x2
 1068 00eb 18       		.uleb128 0x18
 1069 00ec 9142     		.uleb128 0x2111
 1070 00ee 18       		.uleb128 0x18
 1071 00ef 00       		.byte	0
 1072 00f0 00       		.byte	0
 1073 00f1 14       		.uleb128 0x14
 1074 00f2 898201   		.uleb128 0x4109
 1075 00f5 01       		.byte	0x1
 1076 00f6 11       		.uleb128 0x11
 1077 00f7 01       		.uleb128 0x1
 1078 00f8 31       		.uleb128 0x31
 1079 00f9 13       		.uleb128 0x13
 1080 00fa 01       		.uleb128 0x1
 1081 00fb 13       		.uleb128 0x13
 1082 00fc 00       		.byte	0
 1083 00fd 00       		.byte	0
 1084 00fe 15       		.uleb128 0x15
 1085 00ff 2E       		.uleb128 0x2e
 1086 0100 01       		.byte	0x1
 1087 0101 3F       		.uleb128 0x3f
 1088 0102 19       		.uleb128 0x19
 1089 0103 03       		.uleb128 0x3
 1090 0104 0E       		.uleb128 0xe
 1091 0105 3A       		.uleb128 0x3a
 1092 0106 0B       		.uleb128 0xb
 1093 0107 3B       		.uleb128 0x3b
 1094 0108 05       		.uleb128 0x5
 1095 0109 27       		.uleb128 0x27
 1096 010a 19       		.uleb128 0x19
 1097 010b 11       		.uleb128 0x11
 1098 010c 01       		.uleb128 0x1
 1099 010d 12       		.uleb128 0x12
 1100 010e 06       		.uleb128 0x6
 1101 010f 40       		.uleb128 0x40
 1102 0110 18       		.uleb128 0x18
 1103 0111 9742     		.uleb128 0x2117
 1104 0113 19       		.uleb128 0x19
 1105 0114 01       		.uleb128 0x1
 1106 0115 13       		.uleb128 0x13
 1107 0116 00       		.byte	0
 1108 0117 00       		.byte	0
 1109 0118 16       		.uleb128 0x16
ARM GAS  C:\Users\Lenovo\AppData\Local\Temp\ccbTIvT1.s 			page 27


 1110 0119 0B       		.uleb128 0xb
 1111 011a 01       		.byte	0x1
 1112 011b 11       		.uleb128 0x11
 1113 011c 01       		.uleb128 0x1
 1114 011d 12       		.uleb128 0x12
 1115 011e 06       		.uleb128 0x6
 1116 011f 01       		.uleb128 0x1
 1117 0120 13       		.uleb128 0x13
 1118 0121 00       		.byte	0
 1119 0122 00       		.byte	0
 1120 0123 17       		.uleb128 0x17
 1121 0124 34       		.uleb128 0x34
 1122 0125 00       		.byte	0
 1123 0126 03       		.uleb128 0x3
 1124 0127 0E       		.uleb128 0xe
 1125 0128 3A       		.uleb128 0x3a
 1126 0129 0B       		.uleb128 0xb
 1127 012a 3B       		.uleb128 0x3b
 1128 012b 05       		.uleb128 0x5
 1129 012c 49       		.uleb128 0x49
 1130 012d 13       		.uleb128 0x13
 1131 012e 02       		.uleb128 0x2
 1132 012f 18       		.uleb128 0x18
 1133 0130 00       		.byte	0
 1134 0131 00       		.byte	0
 1135 0132 18       		.uleb128 0x18
 1136 0133 13       		.uleb128 0x13
 1137 0134 01       		.byte	0x1
 1138 0135 0B       		.uleb128 0xb
 1139 0136 0B       		.uleb128 0xb
 1140 0137 3A       		.uleb128 0x3a
 1141 0138 0B       		.uleb128 0xb
 1142 0139 3B       		.uleb128 0x3b
 1143 013a 05       		.uleb128 0x5
 1144 013b 01       		.uleb128 0x1
 1145 013c 13       		.uleb128 0x13
 1146 013d 00       		.byte	0
 1147 013e 00       		.byte	0
 1148 013f 19       		.uleb128 0x19
 1149 0140 0D       		.uleb128 0xd
 1150 0141 00       		.byte	0
 1151 0142 03       		.uleb128 0x3
 1152 0143 0E       		.uleb128 0xe
 1153 0144 3A       		.uleb128 0x3a
 1154 0145 0B       		.uleb128 0xb
 1155 0146 3B       		.uleb128 0x3b
 1156 0147 05       		.uleb128 0x5
 1157 0148 49       		.uleb128 0x49
 1158 0149 13       		.uleb128 0x13
 1159 014a 38       		.uleb128 0x38
 1160 014b 0B       		.uleb128 0xb
 1161 014c 00       		.byte	0
 1162 014d 00       		.byte	0
 1163 014e 1A       		.uleb128 0x1a
 1164 014f 01       		.uleb128 0x1
 1165 0150 01       		.byte	0x1
 1166 0151 49       		.uleb128 0x49
ARM GAS  C:\Users\Lenovo\AppData\Local\Temp\ccbTIvT1.s 			page 28


 1167 0152 13       		.uleb128 0x13
 1168 0153 01       		.uleb128 0x1
 1169 0154 13       		.uleb128 0x13
 1170 0155 00       		.byte	0
 1171 0156 00       		.byte	0
 1172 0157 1B       		.uleb128 0x1b
 1173 0158 21       		.uleb128 0x21
 1174 0159 00       		.byte	0
 1175 015a 49       		.uleb128 0x49
 1176 015b 13       		.uleb128 0x13
 1177 015c 2F       		.uleb128 0x2f
 1178 015d 0B       		.uleb128 0xb
 1179 015e 00       		.byte	0
 1180 015f 00       		.byte	0
 1181 0160 1C       		.uleb128 0x1c
 1182 0161 34       		.uleb128 0x34
 1183 0162 00       		.byte	0
 1184 0163 03       		.uleb128 0x3
 1185 0164 08       		.uleb128 0x8
 1186 0165 3A       		.uleb128 0x3a
 1187 0166 0B       		.uleb128 0xb
 1188 0167 3B       		.uleb128 0x3b
 1189 0168 05       		.uleb128 0x5
 1190 0169 49       		.uleb128 0x49
 1191 016a 13       		.uleb128 0x13
 1192 016b 02       		.uleb128 0x2
 1193 016c 17       		.uleb128 0x17
 1194 016d 00       		.byte	0
 1195 016e 00       		.byte	0
 1196 016f 1D       		.uleb128 0x1d
 1197 0170 898201   		.uleb128 0x4109
 1198 0173 00       		.byte	0
 1199 0174 11       		.uleb128 0x11
 1200 0175 01       		.uleb128 0x1
 1201 0176 31       		.uleb128 0x31
 1202 0177 13       		.uleb128 0x13
 1203 0178 00       		.byte	0
 1204 0179 00       		.byte	0
 1205 017a 1E       		.uleb128 0x1e
 1206 017b 2E       		.uleb128 0x2e
 1207 017c 00       		.byte	0
 1208 017d 3F       		.uleb128 0x3f
 1209 017e 19       		.uleb128 0x19
 1210 017f 3C       		.uleb128 0x3c
 1211 0180 19       		.uleb128 0x19
 1212 0181 6E       		.uleb128 0x6e
 1213 0182 0E       		.uleb128 0xe
 1214 0183 03       		.uleb128 0x3
 1215 0184 0E       		.uleb128 0xe
 1216 0185 00       		.byte	0
 1217 0186 00       		.byte	0
 1218 0187 1F       		.uleb128 0x1f
 1219 0188 2E       		.uleb128 0x2e
 1220 0189 00       		.byte	0
 1221 018a 3F       		.uleb128 0x3f
 1222 018b 19       		.uleb128 0x19
 1223 018c 3C       		.uleb128 0x3c
ARM GAS  C:\Users\Lenovo\AppData\Local\Temp\ccbTIvT1.s 			page 29


 1224 018d 19       		.uleb128 0x19
 1225 018e 6E       		.uleb128 0x6e
 1226 018f 0E       		.uleb128 0xe
 1227 0190 03       		.uleb128 0x3
 1228 0191 0E       		.uleb128 0xe
 1229 0192 3A       		.uleb128 0x3a
 1230 0193 0B       		.uleb128 0xb
 1231 0194 3B       		.uleb128 0x3b
 1232 0195 0B       		.uleb128 0xb
 1233 0196 00       		.byte	0
 1234 0197 00       		.byte	0
 1235 0198 00       		.byte	0
 1236              		.section	.debug_loc,"",%progbits
 1237              	.Ldebug_loc0:
 1238              	.LLST0:
 1239 0000 02000000 		.4byte	.LVL1
 1240 0004 08000000 		.4byte	.LVL2
 1241 0008 0200     		.2byte	0x2
 1242 000a 30       		.byte	0x30
 1243 000b 9F       		.byte	0x9f
 1244 000c 08000000 		.4byte	.LVL2
 1245 0010 30000000 		.4byte	.LVL11
 1246 0014 0100     		.2byte	0x1
 1247 0016 57       		.byte	0x57
 1248 0017 00000000 		.4byte	0
 1249 001b 00000000 		.4byte	0
 1250              	.LLST1:
 1251 001f 02000000 		.4byte	.LVL1
 1252 0023 08000000 		.4byte	.LVL2
 1253 0027 0200     		.2byte	0x2
 1254 0029 30       		.byte	0x30
 1255 002a 9F       		.byte	0x9f
 1256 002b 08000000 		.4byte	.LVL2
 1257 002f 30000000 		.4byte	.LVL10
 1258 0033 0100     		.2byte	0x1
 1259 0035 55       		.byte	0x55
 1260 0036 00000000 		.4byte	0
 1261 003a 00000000 		.4byte	0
 1262              	.LLST2:
 1263 003e 0C000000 		.4byte	.LVL3
 1264 0042 2C000000 		.4byte	.LVL9
 1265 0046 0100     		.2byte	0x1
 1266 0048 56       		.byte	0x56
 1267 0049 00000000 		.4byte	0
 1268 004d 00000000 		.4byte	0
 1269              	.LLST3:
 1270 0051 0E000000 		.4byte	.LVL4
 1271 0055 24000000 		.4byte	.LVL7
 1272 0059 0100     		.2byte	0x1
 1273 005b 53       		.byte	0x53
 1274 005c 26000000 		.4byte	.LVL8
 1275 0060 2C000000 		.4byte	.LVL9
 1276 0064 0100     		.2byte	0x1
 1277 0066 53       		.byte	0x53
 1278 0067 00000000 		.4byte	0
 1279 006b 00000000 		.4byte	0
 1280              	.LLST4:
ARM GAS  C:\Users\Lenovo\AppData\Local\Temp\ccbTIvT1.s 			page 30


 1281 006f 00000000 		.4byte	.LVL12
 1282 0073 09000000 		.4byte	.LVL14-1
 1283 0077 0100     		.2byte	0x1
 1284 0079 50       		.byte	0x50
 1285 007a 09000000 		.4byte	.LVL14-1
 1286 007e 0C000000 		.4byte	.LFE0
 1287 0082 0400     		.2byte	0x4
 1288 0084 F3       		.byte	0xf3
 1289 0085 01       		.uleb128 0x1
 1290 0086 50       		.byte	0x50
 1291 0087 9F       		.byte	0x9f
 1292 0088 00000000 		.4byte	0
 1293 008c 00000000 		.4byte	0
 1294              	.LLST5:
 1295 0090 00000000 		.4byte	.LVL12
 1296 0094 06000000 		.4byte	.LVL13
 1297 0098 0100     		.2byte	0x1
 1298 009a 51       		.byte	0x51
 1299 009b 06000000 		.4byte	.LVL13
 1300 009f 09000000 		.4byte	.LVL14-1
 1301 00a3 0100     		.2byte	0x1
 1302 00a5 52       		.byte	0x52
 1303 00a6 09000000 		.4byte	.LVL14-1
 1304 00aa 0C000000 		.4byte	.LFE0
 1305 00ae 0400     		.2byte	0x4
 1306 00b0 F3       		.byte	0xf3
 1307 00b1 01       		.uleb128 0x1
 1308 00b2 51       		.byte	0x51
 1309 00b3 9F       		.byte	0x9f
 1310 00b4 00000000 		.4byte	0
 1311 00b8 00000000 		.4byte	0
 1312              	.LLST6:
 1313 00bc 7C000000 		.4byte	.LVL18
 1314 00c0 80000000 		.4byte	.LVL19
 1315 00c4 0200     		.2byte	0x2
 1316 00c6 30       		.byte	0x30
 1317 00c7 9F       		.byte	0x9f
 1318 00c8 80000000 		.4byte	.LVL19
 1319 00cc 9E000000 		.4byte	.LVL21
 1320 00d0 0100     		.2byte	0x1
 1321 00d2 54       		.byte	0x54
 1322 00d3 A0000000 		.4byte	.LVL22
 1323 00d7 FA000000 		.4byte	.LVL25
 1324 00db 0100     		.2byte	0x1
 1325 00dd 54       		.byte	0x54
 1326 00de 00000000 		.4byte	0
 1327 00e2 00000000 		.4byte	0
 1328              	.LLST7:
 1329 00e6 80000000 		.4byte	.LVL19
 1330 00ea 9E000000 		.4byte	.LVL21
 1331 00ee 0B00     		.2byte	0xb
 1332 00f0 74       		.byte	0x74
 1333 00f1 00       		.sleb128 0
 1334 00f2 36       		.byte	0x36
 1335 00f3 1E       		.byte	0x1e
 1336 00f4 03       		.byte	0x3
 1337 00f5 00000000 		.4byte	cfg_memset_list.4870
ARM GAS  C:\Users\Lenovo\AppData\Local\Temp\ccbTIvT1.s 			page 31


 1338 00f9 22       		.byte	0x22
 1339 00fa 9F       		.byte	0x9f
 1340 00fb 9E000000 		.4byte	.LVL21
 1341 00ff A0000000 		.4byte	.LVL22
 1342 0103 0B00     		.2byte	0xb
 1343 0105 74       		.byte	0x74
 1344 0106 7F       		.sleb128 -1
 1345 0107 36       		.byte	0x36
 1346 0108 1E       		.byte	0x1e
 1347 0109 03       		.byte	0x3
 1348 010a 00000000 		.4byte	cfg_memset_list.4870
 1349 010e 22       		.byte	0x22
 1350 010f 9F       		.byte	0x9f
 1351 0110 00000000 		.4byte	0
 1352 0114 00000000 		.4byte	0
 1353              		.section	.debug_aranges,"",%progbits
 1354 0000 34000000 		.4byte	0x34
 1355 0004 0200     		.2byte	0x2
 1356 0006 00000000 		.4byte	.Ldebug_info0
 1357 000a 04       		.byte	0x4
 1358 000b 00       		.byte	0
 1359 000c 0000     		.2byte	0
 1360 000e 0000     		.2byte	0
 1361 0010 00000000 		.4byte	.LFB3
 1362 0014 32000000 		.4byte	.LFE3-.LFB3
 1363 0018 00000000 		.4byte	.LFB0
 1364 001c 0C000000 		.4byte	.LFE0-.LFB0
 1365 0020 00000000 		.4byte	.LFB4
 1366 0024 78000000 		.4byte	.LFE4-.LFB4
 1367 0028 78000000 		.4byte	.LFB6
 1368 002c AC000000 		.4byte	.LFE6-.LFB6
 1369 0030 00000000 		.4byte	0
 1370 0034 00000000 		.4byte	0
 1371              		.section	.debug_ranges,"",%progbits
 1372              	.Ldebug_ranges0:
 1373 0000 00000000 		.4byte	.LFB3
 1374 0004 32000000 		.4byte	.LFE3
 1375 0008 00000000 		.4byte	.LFB0
 1376 000c 0C000000 		.4byte	.LFE0
 1377 0010 00000000 		.4byte	.LFB4
 1378 0014 78000000 		.4byte	.LFE4
 1379 0018 78000000 		.4byte	.LFB6
 1380 001c 24010000 		.4byte	.LFE6
 1381 0020 00000000 		.4byte	0
 1382 0024 00000000 		.4byte	0
 1383              		.section	.debug_line,"",%progbits
 1384              	.Ldebug_line0:
 1385 0000 3C010000 		.section	.debug_str,"MS",%progbits,1
 1385      0200BA00 
 1385      00000201 
 1385      FB0E0D00 
 1385      01010101 
 1386              	.LASF19:
 1387 0000 72656733 		.ascii	"reg32\000"
 1387      3200
 1388              	.LASF12:
 1389 0006 73697A65 		.ascii	"size_t\000"
ARM GAS  C:\Users\Lenovo\AppData\Local\Temp\ccbTIvT1.s 			page 32


 1389      5F7400
 1390              	.LASF37:
 1391 000d 4379496E 		.ascii	"CyIntSetVector\000"
 1391      74536574 
 1391      56656374 
 1391      6F7200
 1392              	.LASF21:
 1393 001c 76616C75 		.ascii	"value\000"
 1393      6500
 1394              	.LASF26:
 1395 0022 636F756E 		.ascii	"count\000"
 1395      7400
 1396              	.LASF29:
 1397 0028 436C6F63 		.ascii	"ClockSetup\000"
 1397      6B536574 
 1397      757000
 1398              	.LASF30:
 1399 0033 63795F63 		.ascii	"cy_cfg_addr_table\000"
 1399      66675F61 
 1399      6464725F 
 1399      7461626C 
 1399      6500
 1400              	.LASF31:
 1401 0045 63795F63 		.ascii	"cy_cfg_data_table\000"
 1401      66675F64 
 1401      6174615F 
 1401      7461626C 
 1401      6500
 1402              	.LASF16:
 1403 0057 666C6F61 		.ascii	"float\000"
 1403      7400
 1404              	.LASF41:
 1405 005d 443A5C4D 		.ascii	"D:\\Microprocess2\\Lab1\\Design01.cydsn\000"
 1405      6963726F 
 1405      70726F63 
 1405      65737332 
 1405      5C4C6162 
 1406              	.LASF35:
 1407 0082 6366675F 		.ascii	"cfg_memset_list\000"
 1407      6D656D73 
 1407      65745F6C 
 1407      69737400 
 1408              	.LASF33:
 1409 0092 73697A65 		.ascii	"size\000"
 1409      00
 1410              	.LASF18:
 1411 0097 72656738 		.ascii	"reg8\000"
 1411      00
 1412              	.LASF8:
 1413 009c 6C6F6E67 		.ascii	"long unsigned int\000"
 1413      20756E73 
 1413      69676E65 
 1413      6420696E 
 1413      7400
 1414              	.LASF13:
 1415 00ae 75696E74 		.ascii	"uint8\000"
 1415      3800
ARM GAS  C:\Users\Lenovo\AppData\Local\Temp\ccbTIvT1.s 			page 33


 1416              	.LASF28:
 1417 00b4 43594D45 		.ascii	"CYMEMZERO\000"
 1417      4D5A4552 
 1417      4F00
 1418              	.LASF4:
 1419 00be 756E7369 		.ascii	"unsigned char\000"
 1419      676E6564 
 1419      20636861 
 1419      7200
 1420              	.LASF43:
 1421 00cc 6D656D73 		.ascii	"memset\000"
 1421      657400
 1422              	.LASF17:
 1423 00d3 646F7562 		.ascii	"double\000"
 1423      6C6500
 1424              	.LASF27:
 1425 00da 6366675F 		.ascii	"cfg_write_bytes32\000"
 1425      77726974 
 1425      655F6279 
 1425      74657333 
 1425      3200
 1426              	.LASF38:
 1427 00ec 4379496E 		.ascii	"CyIntEnable\000"
 1427      74456E61 
 1427      626C6500 
 1428              	.LASF23:
 1429 00f8 61646472 		.ascii	"addr_table\000"
 1429      5F746162 
 1429      6C6500
 1430              	.LASF14:
 1431 0103 75696E74 		.ascii	"uint16\000"
 1431      313600
 1432              	.LASF24:
 1433 010a 64617461 		.ascii	"data_table\000"
 1433      5F746162 
 1433      6C6500
 1434              	.LASF15:
 1435 0115 75696E74 		.ascii	"uint32\000"
 1435      333200
 1436              	.LASF0:
 1437 011c 756E7369 		.ascii	"unsigned int\000"
 1437      676E6564 
 1437      20696E74 
 1437      00
 1438              	.LASF42:
 1439 0129 63796669 		.ascii	"cyfitter_cfg\000"
 1439      74746572 
 1439      5F636667 
 1439      00
 1440              	.LASF32:
 1441 0136 61646472 		.ascii	"address\000"
 1441      65737300 
 1442              	.LASF9:
 1443 013e 6C6F6E67 		.ascii	"long long unsigned int\000"
 1443      206C6F6E 
 1443      6720756E 
 1443      7369676E 
ARM GAS  C:\Users\Lenovo\AppData\Local\Temp\ccbTIvT1.s 			page 34


 1443      65642069 
 1444              	.LASF39:
 1445 0155 474E5520 		.ascii	"GNU C11 5.4.1 20160609 (release) [ARM/embedded-5-br"
 1445      43313120 
 1445      352E342E 
 1445      31203230 
 1445      31363036 
 1446 0188 616E6368 		.ascii	"anch revision 237715] -mcpu=cortex-m0 -mthumb -g -O"
 1446      20726576 
 1446      6973696F 
 1446      6E203233 
 1446      37373135 
 1447 01bb 67202D66 		.ascii	"g -ffunction-sections -ffat-lto-objects\000"
 1447      66756E63 
 1447      74696F6E 
 1447      2D736563 
 1447      74696F6E 
 1448              	.LASF34:
 1449 01e3 6366675F 		.ascii	"cfg_memset_t\000"
 1449      6D656D73 
 1449      65745F74 
 1449      00
 1450              	.LASF25:
 1451 01f0 62617365 		.ascii	"baseAddr\000"
 1451      41646472 
 1451      00
 1452              	.LASF10:
 1453 01f9 73697A65 		.ascii	"sizetype\000"
 1453      74797065 
 1453      00
 1454              	.LASF6:
 1455 0202 73686F72 		.ascii	"short unsigned int\000"
 1455      7420756E 
 1455      7369676E 
 1455      65642069 
 1455      6E7400
 1456              	.LASF1:
 1457 0215 6C6F6E67 		.ascii	"long long int\000"
 1457      206C6F6E 
 1457      6720696E 
 1457      7400
 1458              	.LASF11:
 1459 0223 63686172 		.ascii	"char\000"
 1459      00
 1460              	.LASF22:
 1461 0228 63795F63 		.ascii	"cy_cfg_addrvalue_t\000"
 1461      66675F61 
 1461      64647276 
 1461      616C7565 
 1461      5F7400
 1462              	.LASF20:
 1463 023b 6F666673 		.ascii	"offset\000"
 1463      657400
 1464              	.LASF5:
 1465 0242 73686F72 		.ascii	"short int\000"
 1465      7420696E 
 1465      7400
ARM GAS  C:\Users\Lenovo\AppData\Local\Temp\ccbTIvT1.s 			page 35


 1466              	.LASF36:
 1467 024c 43795379 		.ascii	"CySysClkWriteImoFreq\000"
 1467      73436C6B 
 1467      57726974 
 1467      65496D6F 
 1467      46726571 
 1468              	.LASF7:
 1469 0261 6C6F6E67 		.ascii	"long int\000"
 1469      20696E74 
 1469      00
 1470              	.LASF2:
 1471 026a 6C6F6E67 		.ascii	"long double\000"
 1471      20646F75 
 1471      626C6500 
 1472              	.LASF3:
 1473 0276 7369676E 		.ascii	"signed char\000"
 1473      65642063 
 1473      68617200 
 1474              	.LASF40:
 1475 0282 47656E65 		.ascii	"Generated_Source\\PSoC4\\cyfitter_cfg.c\000"
 1475      72617465 
 1475      645F536F 
 1475      75726365 
 1475      5C50536F 
 1476              		.ident	"GCC: (GNU Tools for ARM Embedded Processors) 5.4.1 20160609 (release) [ARM/embedded-5-bran
