ARM GAS  C:\Users\Lenovo\AppData\Local\Temp\ccMEHr1f.s 			page 1


   1              		.syntax unified
   2              		.cpu cortex-m0
   3              		.fpu softvfp
   4              		.eabi_attribute 20, 1
   5              		.eabi_attribute 21, 1
   6              		.eabi_attribute 23, 3
   7              		.eabi_attribute 24, 1
   8              		.eabi_attribute 25, 1
   9              		.eabi_attribute 26, 1
  10              		.eabi_attribute 30, 6
  11              		.eabi_attribute 34, 0
  12              		.eabi_attribute 18, 4
  13              		.thumb
  14              		.syntax unified
  15              		.file	"BLEApplications.c"
  16              		.text
  17              	.Ltext0:
  18              		.cfi_sections	.debug_frame
  19              		.global	deviceConnected
  20              		.bss
  21              		.type	deviceConnected, %object
  22              		.size	deviceConnected, 1
  23              	deviceConnected:
  24 0000 00       		.space	1
  25              		.global	startNotification
  26              		.type	startNotification, %object
  27              		.size	startNotification, 1
  28              	startNotification:
  29 0001 00       		.space	1
  30              		.comm	connectionHandle,2,4
  31              		.global	restartAdvertisement
  32              		.type	restartAdvertisement, %object
  33              		.size	restartAdvertisement, 1
  34              	restartAdvertisement:
  35 0002 00       		.space	1
  36              		.global	updateNotificationCCCAttribute
  37              		.type	updateNotificationCCCAttribute, %object
  38              		.size	updateNotificationCCCAttribute, 1
  39              	updateNotificationCCCAttribute:
  40 0003 00       		.space	1
  41              		.global	busyStatus
  42              		.type	busyStatus, %object
  43              		.size	busyStatus, 1
  44              	busyStatus:
  45 0004 00       		.space	1
  46              		.section	.text.CustomEventHandler,"ax",%progbits
  47              		.align	2
  48              		.global	CustomEventHandler
  49              		.code	16
  50              		.thumb_func
  51              		.type	CustomEventHandler, %function
  52              	CustomEventHandler:
  53              	.LFB37:
  54              		.file 1 "BLEApplications.c"
   1:BLEApplications.c **** #include "main.h"
   2:BLEApplications.c **** uint8 deviceConnected = FALSE;	
   3:BLEApplications.c **** 
ARM GAS  C:\Users\Lenovo\AppData\Local\Temp\ccMEHr1f.s 			page 2


   4:BLEApplications.c **** uint8 startNotification = FALSE;		
   5:BLEApplications.c **** 
   6:BLEApplications.c **** CYBLE_CONN_HANDLE_T  				connectionHandle;	
   7:BLEApplications.c **** 
   8:BLEApplications.c **** uint8 restartAdvertisement = FALSE;
   9:BLEApplications.c **** 
  10:BLEApplications.c **** uint8 updateNotificationCCCAttribute = FALSE;
  11:BLEApplications.c **** 
  12:BLEApplications.c **** uint8 busyStatus = 0;
  13:BLEApplications.c **** 
  14:BLEApplications.c **** void CustomEventHandler(uint32 event, void *eventParam)
  15:BLEApplications.c **** {
  55              		.loc 1 15 0
  56              		.cfi_startproc
  57              		@ args = 0, pretend = 0, frame = 16
  58              		@ frame_needed = 1, uses_anonymous_args = 0
  59 0000 80B5     		push	{r7, lr}
  60              		.cfi_def_cfa_offset 8
  61              		.cfi_offset 7, -8
  62              		.cfi_offset 14, -4
  63 0002 84B0     		sub	sp, sp, #16
  64              		.cfi_def_cfa_offset 24
  65 0004 00AF     		add	r7, sp, #0
  66              		.cfi_def_cfa_register 7
  67 0006 7860     		str	r0, [r7, #4]
  68 0008 3960     		str	r1, [r7]
  16:BLEApplications.c ****     CYBLE_GATTS_WRITE_REQ_PARAM_T *wrReqParam;
  17:BLEApplications.c **** 	
  18:BLEApplications.c ****     switch(event)
  69              		.loc 1 18 0
  70 000a 7B68     		ldr	r3, [r7, #4]
  71 000c 4C2B     		cmp	r3, #76
  72 000e 53D8     		bhi	.L16
  73 0010 7B68     		ldr	r3, [r7, #4]
  74 0012 9A00     		lsls	r2, r3, #2
  75 0014 2C4B     		ldr	r3, .L18
  76 0016 D318     		adds	r3, r2, r3
  77 0018 1B68     		ldr	r3, [r3]
  78 001a 9F46     		mov	pc, r3
  79              		.section	.rodata
  80              		.align	2
  81              	.L4:
  82 0000 B8000000 		.word	.L16
  83 0004 1C000000 		.word	.L3
  84 0008 24000000 		.word	.L5
  85 000c B8000000 		.word	.L16
  86 0010 B8000000 		.word	.L16
  87 0014 AE000000 		.word	.L6
  88 0018 B8000000 		.word	.L16
  89 001c B8000000 		.word	.L16
  90 0020 B8000000 		.word	.L16
  91 0024 B8000000 		.word	.L16
  92 0028 B8000000 		.word	.L16
  93 002c B8000000 		.word	.L16
  94 0030 B8000000 		.word	.L16
  95 0034 B8000000 		.word	.L16
  96 0038 B8000000 		.word	.L16
ARM GAS  C:\Users\Lenovo\AppData\Local\Temp\ccMEHr1f.s 			page 3


  97 003c B8000000 		.word	.L16
  98 0040 B8000000 		.word	.L16
  99 0044 B8000000 		.word	.L16
 100 0048 B8000000 		.word	.L16
 101 004c B8000000 		.word	.L16
 102 0050 B8000000 		.word	.L16
 103 0054 B8000000 		.word	.L16
 104 0058 B8000000 		.word	.L16
 105 005c B8000000 		.word	.L16
 106 0060 B8000000 		.word	.L16
 107 0064 B8000000 		.word	.L16
 108 0068 B8000000 		.word	.L16
 109 006c B8000000 		.word	.L16
 110 0070 B8000000 		.word	.L16
 111 0074 B8000000 		.word	.L16
 112 0078 B8000000 		.word	.L16
 113 007c B8000000 		.word	.L16
 114 0080 B8000000 		.word	.L16
 115 0084 B8000000 		.word	.L16
 116 0088 B8000000 		.word	.L16
 117 008c B8000000 		.word	.L16
 118 0090 B8000000 		.word	.L16
 119 0094 B8000000 		.word	.L16
 120 0098 2C000000 		.word	.L7
 121 009c B8000000 		.word	.L16
 122 00a0 3C000000 		.word	.L9
 123 00a4 B8000000 		.word	.L16
 124 00a8 B8000000 		.word	.L16
 125 00ac B8000000 		.word	.L16
 126 00b0 B8000000 		.word	.L16
 127 00b4 B8000000 		.word	.L16
 128 00b8 B8000000 		.word	.L16
 129 00bc B8000000 		.word	.L16
 130 00c0 B8000000 		.word	.L16
 131 00c4 B8000000 		.word	.L16
 132 00c8 B8000000 		.word	.L16
 133 00cc B8000000 		.word	.L16
 134 00d0 B8000000 		.word	.L16
 135 00d4 B8000000 		.word	.L16
 136 00d8 B8000000 		.word	.L16
 137 00dc B8000000 		.word	.L16
 138 00e0 B8000000 		.word	.L16
 139 00e4 B8000000 		.word	.L16
 140 00e8 B8000000 		.word	.L16
 141 00ec B8000000 		.word	.L16
 142 00f0 B8000000 		.word	.L16
 143 00f4 B8000000 		.word	.L16
 144 00f8 B8000000 		.word	.L16
 145 00fc B8000000 		.word	.L16
 146 0100 B8000000 		.word	.L16
 147 0104 44000000 		.word	.L10
 148 0108 5C000000 		.word	.L11
 149 010c B8000000 		.word	.L16
 150 0110 B8000000 		.word	.L16
 151 0114 B8000000 		.word	.L16
 152 0118 B8000000 		.word	.L16
 153 011c B8000000 		.word	.L16
ARM GAS  C:\Users\Lenovo\AppData\Local\Temp\ccMEHr1f.s 			page 4


 154 0120 B8000000 		.word	.L16
 155 0124 B8000000 		.word	.L16
 156 0128 B8000000 		.word	.L16
 157 012c B8000000 		.word	.L16
 158 0130 74000000 		.word	.L12
 159              		.section	.text.CustomEventHandler
 160              	.L3:
  19:BLEApplications.c **** 	{
  20:BLEApplications.c **** 
  21:BLEApplications.c **** 		case CYBLE_EVT_STACK_ON:
  22:BLEApplications.c **** 			restartAdvertisement = TRUE;
 161              		.loc 1 22 0
 162 001c 2B4B     		ldr	r3, .L18+4
 163 001e 0122     		movs	r2, #1
 164 0020 1A70     		strb	r2, [r3]
  23:BLEApplications.c **** 			
  24:BLEApplications.c **** 			break;
 165              		.loc 1 24 0
 166 0022 4CE0     		b	.L13
 167              	.L5:
  25:BLEApplications.c **** 		
  26:BLEApplications.c **** 		case CYBLE_EVT_TIMEOUT:
  27:BLEApplications.c **** 		    restartAdvertisement = TRUE;
 168              		.loc 1 27 0
 169 0024 294B     		ldr	r3, .L18+4
 170 0026 0122     		movs	r2, #1
 171 0028 1A70     		strb	r2, [r3]
  28:BLEApplications.c **** 			break;
 172              		.loc 1 28 0
 173 002a 48E0     		b	.L13
 174              	.L7:
  29:BLEApplications.c **** 			
  30:BLEApplications.c **** 		
  31:BLEApplications.c ****         case CYBLE_EVT_GAPP_ADVERTISEMENT_START_STOP:
  32:BLEApplications.c **** 			
  33:BLEApplications.c **** 			if(CyBle_GetState() == CYBLE_STATE_DISCONNECTED)
 175              		.loc 1 33 0
 176 002c 284B     		ldr	r3, .L18+8
 177 002e 1B78     		ldrb	r3, [r3]
 178 0030 042B     		cmp	r3, #4
 179 0032 43D1     		bne	.L17
  34:BLEApplications.c **** 			{
  35:BLEApplications.c **** 				restartAdvertisement = TRUE;
 180              		.loc 1 35 0
 181 0034 254B     		ldr	r3, .L18+4
 182 0036 0122     		movs	r2, #1
 183 0038 1A70     		strb	r2, [r3]
  36:BLEApplications.c **** 			}
  37:BLEApplications.c **** 			break;
 184              		.loc 1 37 0
 185 003a 3FE0     		b	.L17
 186              	.L9:
  38:BLEApplications.c **** 			
  39:BLEApplications.c **** 		case CYBLE_EVT_GAP_DEVICE_CONNECTED:		
  40:BLEApplications.c **** 
  41:BLEApplications.c **** 			break;
  42:BLEApplications.c **** 			
ARM GAS  C:\Users\Lenovo\AppData\Local\Temp\ccMEHr1f.s 			page 5


  43:BLEApplications.c ****         case CYBLE_EVT_GAP_DEVICE_DISCONNECTED:		
  44:BLEApplications.c **** 			
  45:BLEApplications.c **** 			restartAdvertisement = TRUE;
 187              		.loc 1 45 0
 188 003c 234B     		ldr	r3, .L18+4
 189 003e 0122     		movs	r2, #1
 190 0040 1A70     		strb	r2, [r3]
  46:BLEApplications.c **** 
  47:BLEApplications.c ****             break;
 191              		.loc 1 47 0
 192 0042 3CE0     		b	.L13
 193              	.L10:
  48:BLEApplications.c **** 
  49:BLEApplications.c ****         case CYBLE_EVT_GATT_CONNECT_IND:
  50:BLEApplications.c ****             connectionHandle = *(CYBLE_CONN_HANDLE_T *)eventParam;	
 194              		.loc 1 50 0
 195 0044 234A     		ldr	r2, .L18+12
 196 0046 3B68     		ldr	r3, [r7]
 197 0048 1000     		movs	r0, r2
 198 004a 1900     		movs	r1, r3
 199 004c 0223     		movs	r3, #2
 200 004e 1A00     		movs	r2, r3
 201 0050 FFF7FEFF 		bl	memcpy
  51:BLEApplications.c **** 
  52:BLEApplications.c **** 			deviceConnected = TRUE;	
 202              		.loc 1 52 0
 203 0054 204B     		ldr	r3, .L18+16
 204 0056 0122     		movs	r2, #1
 205 0058 1A70     		strb	r2, [r3]
  53:BLEApplications.c **** 	
  54:BLEApplications.c ****             break;
 206              		.loc 1 54 0
 207 005a 30E0     		b	.L13
 208              	.L11:
  55:BLEApplications.c **** 			
  56:BLEApplications.c ****         case CYBLE_EVT_GATT_DISCONNECT_IND:	
  57:BLEApplications.c **** 			deviceConnected = FALSE;
 209              		.loc 1 57 0
 210 005c 1E4B     		ldr	r3, .L18+16
 211 005e 0022     		movs	r2, #0
 212 0060 1A70     		strb	r2, [r3]
  58:BLEApplications.c **** 			
  59:BLEApplications.c **** 			startNotification = FALSE;
 213              		.loc 1 59 0
 214 0062 1E4B     		ldr	r3, .L18+20
 215 0064 0022     		movs	r2, #0
 216 0066 1A70     		strb	r2, [r3]
  60:BLEApplications.c **** 			
  61:BLEApplications.c **** 			updateNotificationCCCAttribute = TRUE;
 217              		.loc 1 61 0
 218 0068 1D4B     		ldr	r3, .L18+24
 219 006a 0122     		movs	r2, #1
 220 006c 1A70     		strb	r2, [r3]
  62:BLEApplications.c **** 			UpdateNotificationCCCD();
 221              		.loc 1 62 0
 222 006e FFF7FEFF 		bl	UpdateNotificationCCCD
  63:BLEApplications.c **** 			
ARM GAS  C:\Users\Lenovo\AppData\Local\Temp\ccMEHr1f.s 			page 6


  64:BLEApplications.c **** 			break;    
 223              		.loc 1 64 0
 224 0072 24E0     		b	.L13
 225              	.L12:
  65:BLEApplications.c ****             
  66:BLEApplications.c ****         case CYBLE_EVT_GATTS_WRITE_REQ:				
  67:BLEApplications.c ****             wrReqParam = (CYBLE_GATTS_WRITE_REQ_PARAM_T *) eventParam;
 226              		.loc 1 67 0
 227 0074 3B68     		ldr	r3, [r7]
 228 0076 FB60     		str	r3, [r7, #12]
  68:BLEApplications.c **** 			
  69:BLEApplications.c ****             if(CYBLE_CAPSENSE_CAPSENSE_PROXIMITY_CLIENT_CHARACTERISTIC_CONFIGURATION_DESC_HANDLE ==
 229              		.loc 1 69 0
 230 0078 FB68     		ldr	r3, [r7, #12]
 231 007a 9B89     		ldrh	r3, [r3, #12]
 232 007c 0F2B     		cmp	r3, #15
 233 007e 07D1     		bne	.L15
  70:BLEApplications.c ****             {
  71:BLEApplications.c **** 				startNotification = wrReqParam->handleValPair.value.val[CYBLE_CAPSENSE_CAPSENSE_PROXIMITY_CLIEN
 234              		.loc 1 71 0
 235 0080 FB68     		ldr	r3, [r7, #12]
 236 0082 5B68     		ldr	r3, [r3, #4]
 237 0084 1A78     		ldrb	r2, [r3]
 238 0086 154B     		ldr	r3, .L18+20
 239 0088 1A70     		strb	r2, [r3]
  72:BLEApplications.c **** 				
  73:BLEApplications.c **** 				updateNotificationCCCAttribute = TRUE;
 240              		.loc 1 73 0
 241 008a 154B     		ldr	r3, .L18+24
 242 008c 0122     		movs	r2, #1
 243 008e 1A70     		strb	r2, [r3]
 244              	.L15:
  74:BLEApplications.c **** 			}
  75:BLEApplications.c ****             
  76:BLEApplications.c **** 			CyBle_GattsWriteRsp(connectionHandle);
 245              		.loc 1 76 0
 246 0090 104B     		ldr	r3, .L18+12
 247 0092 1A78     		ldrb	r2, [r3]
 248 0094 5B78     		ldrb	r3, [r3, #1]
 249 0096 1B02     		lsls	r3, r3, #8
 250 0098 1A43     		orrs	r2, r3
 251 009a 0023     		movs	r3, #0
 252 009c 1204     		lsls	r2, r2, #16
 253 009e 120C     		lsrs	r2, r2, #16
 254 00a0 1B0C     		lsrs	r3, r3, #16
 255 00a2 1B04     		lsls	r3, r3, #16
 256 00a4 1343     		orrs	r3, r2
 257 00a6 1800     		movs	r0, r3
 258 00a8 FFF7FEFF 		bl	CyBle_GattsWriteRsp
  77:BLEApplications.c **** 			
  78:BLEApplications.c ****             break;
 259              		.loc 1 78 0
 260 00ac 07E0     		b	.L13
 261              	.L6:
  79:BLEApplications.c **** 			
  80:BLEApplications.c **** 		case CYBLE_EVT_STACK_BUSY_STATUS:
  81:BLEApplications.c ****             busyStatus = * (uint8*)eventParam;
ARM GAS  C:\Users\Lenovo\AppData\Local\Temp\ccMEHr1f.s 			page 7


 262              		.loc 1 81 0
 263 00ae 3B68     		ldr	r3, [r7]
 264 00b0 1A78     		ldrb	r2, [r3]
 265 00b2 0C4B     		ldr	r3, .L18+28
 266 00b4 1A70     		strb	r2, [r3]
  82:BLEApplications.c ****             break;
 267              		.loc 1 82 0
 268 00b6 02E0     		b	.L13
 269              	.L16:
  83:BLEApplications.c **** 			
  84:BLEApplications.c ****         default:
  85:BLEApplications.c ****                         
  86:BLEApplications.c ****             break;
 270              		.loc 1 86 0
 271 00b8 C046     		nop
 272 00ba 00E0     		b	.L13
 273              	.L17:
  37:BLEApplications.c **** 			
 274              		.loc 1 37 0
 275 00bc C046     		nop
 276              	.L13:
  87:BLEApplications.c **** 	} 
  88:BLEApplications.c **** }
 277              		.loc 1 88 0
 278 00be C046     		nop
 279 00c0 BD46     		mov	sp, r7
 280 00c2 04B0     		add	sp, sp, #16
 281              		@ sp needed
 282 00c4 80BD     		pop	{r7, pc}
 283              	.L19:
 284 00c6 C046     		.align	2
 285              	.L18:
 286 00c8 00000000 		.word	.L4
 287 00cc 00000000 		.word	restartAdvertisement
 288 00d0 00000000 		.word	cyBle_state
 289 00d4 00000000 		.word	connectionHandle
 290 00d8 00000000 		.word	deviceConnected
 291 00dc 00000000 		.word	startNotification
 292 00e0 00000000 		.word	updateNotificationCCCAttribute
 293 00e4 00000000 		.word	busyStatus
 294              		.cfi_endproc
 295              	.LFE37:
 296              		.size	CustomEventHandler, .-CustomEventHandler
 297              		.section	.text.SendDataOverCapSenseNotification,"ax",%progbits
 298              		.align	2
 299              		.global	SendDataOverCapSenseNotification
 300              		.code	16
 301              		.thumb_func
 302              		.type	SendDataOverCapSenseNotification, %function
 303              	SendDataOverCapSenseNotification:
 304              	.LFB38:
  89:BLEApplications.c **** 
  90:BLEApplications.c **** void SendDataOverCapSenseNotification(uint8 proximityValue)
  91:BLEApplications.c **** {
 305              		.loc 1 91 0
 306              		.cfi_startproc
 307              		@ args = 0, pretend = 0, frame = 24
ARM GAS  C:\Users\Lenovo\AppData\Local\Temp\ccMEHr1f.s 			page 8


 308              		@ frame_needed = 1, uses_anonymous_args = 0
 309 0000 80B5     		push	{r7, lr}
 310              		.cfi_def_cfa_offset 8
 311              		.cfi_offset 7, -8
 312              		.cfi_offset 14, -4
 313 0002 86B0     		sub	sp, sp, #24
 314              		.cfi_def_cfa_offset 32
 315 0004 00AF     		add	r7, sp, #0
 316              		.cfi_def_cfa_register 7
 317 0006 0200     		movs	r2, r0
 318 0008 FB1D     		adds	r3, r7, #7
 319 000a 1A70     		strb	r2, [r3]
  92:BLEApplications.c **** 	CYBLE_GATTS_HANDLE_VALUE_NTF_T		notificationHandle; 
  93:BLEApplications.c **** 
  94:BLEApplications.c **** 	if(busyStatus == CYBLE_STACK_STATE_FREE)
 320              		.loc 1 94 0
 321 000c 114B     		ldr	r3, .L23
 322 000e 1B78     		ldrb	r3, [r3]
 323 0010 002B     		cmp	r3, #0
 324 0012 1BD1     		bne	.L22
  95:BLEApplications.c **** 	{
  96:BLEApplications.c **** 		notificationHandle.attrHandle = CYBLE_CAPSENSE_CAPSENSE_PROXIMITY_CHAR_HANDLE;				
 325              		.loc 1 96 0
 326 0014 0C23     		movs	r3, #12
 327 0016 FB18     		adds	r3, r7, r3
 328 0018 0E22     		movs	r2, #14
 329 001a 1A81     		strh	r2, [r3, #8]
  97:BLEApplications.c **** 		notificationHandle.value.val = &proximityValue;
 330              		.loc 1 97 0
 331 001c 0C23     		movs	r3, #12
 332 001e FB18     		adds	r3, r7, r3
 333 0020 FA1D     		adds	r2, r7, #7
 334 0022 1A60     		str	r2, [r3]
  98:BLEApplications.c **** 		notificationHandle.value.len = CAPSENSE_NOTIFICATION_DATA_LEN;
 335              		.loc 1 98 0
 336 0024 0C23     		movs	r3, #12
 337 0026 FB18     		adds	r3, r7, r3
 338 0028 0122     		movs	r2, #1
 339 002a 9A80     		strh	r2, [r3, #4]
  99:BLEApplications.c **** 		
 100:BLEApplications.c **** 		CyBle_GattsNotification(connectionHandle,&notificationHandle);
 340              		.loc 1 100 0
 341 002c 0C23     		movs	r3, #12
 342 002e F918     		adds	r1, r7, r3
 343 0030 094B     		ldr	r3, .L23+4
 344 0032 1A78     		ldrb	r2, [r3]
 345 0034 5B78     		ldrb	r3, [r3, #1]
 346 0036 1B02     		lsls	r3, r3, #8
 347 0038 1A43     		orrs	r2, r3
 348 003a 0023     		movs	r3, #0
 349 003c 1204     		lsls	r2, r2, #16
 350 003e 120C     		lsrs	r2, r2, #16
 351 0040 1B0C     		lsrs	r3, r3, #16
 352 0042 1B04     		lsls	r3, r3, #16
 353 0044 1343     		orrs	r3, r2
 354 0046 1800     		movs	r0, r3
 355 0048 FFF7FEFF 		bl	CyBle_GattsNotification
ARM GAS  C:\Users\Lenovo\AppData\Local\Temp\ccMEHr1f.s 			page 9


 356              	.L22:
 101:BLEApplications.c **** 	}
 102:BLEApplications.c **** }
 357              		.loc 1 102 0
 358 004c C046     		nop
 359 004e BD46     		mov	sp, r7
 360 0050 06B0     		add	sp, sp, #24
 361              		@ sp needed
 362 0052 80BD     		pop	{r7, pc}
 363              	.L24:
 364              		.align	2
 365              	.L23:
 366 0054 00000000 		.word	busyStatus
 367 0058 00000000 		.word	connectionHandle
 368              		.cfi_endproc
 369              	.LFE38:
 370              		.size	SendDataOverCapSenseNotification, .-SendDataOverCapSenseNotification
 371              		.section	.text.UpdateNotificationCCCD,"ax",%progbits
 372              		.align	2
 373              		.global	UpdateNotificationCCCD
 374              		.code	16
 375              		.thumb_func
 376              		.type	UpdateNotificationCCCD, %function
 377              	UpdateNotificationCCCD:
 378              	.LFB39:
 103:BLEApplications.c **** 
 104:BLEApplications.c **** void UpdateNotificationCCCD(void)
 105:BLEApplications.c **** {
 379              		.loc 1 105 0
 380              		.cfi_startproc
 381              		@ args = 0, pretend = 0, frame = 16
 382              		@ frame_needed = 1, uses_anonymous_args = 0
 383 0000 80B5     		push	{r7, lr}
 384              		.cfi_def_cfa_offset 8
 385              		.cfi_offset 7, -8
 386              		.cfi_offset 14, -4
 387 0002 84B0     		sub	sp, sp, #16
 388              		.cfi_def_cfa_offset 24
 389 0004 00AF     		add	r7, sp, #0
 390              		.cfi_def_cfa_register 7
 106:BLEApplications.c **** 	uint8 CCCDvalue[2];
 107:BLEApplications.c **** 	
 108:BLEApplications.c **** 	CYBLE_GATT_HANDLE_VALUE_PAIR_T notificationCCCDhandle;
 109:BLEApplications.c **** 
 110:BLEApplications.c **** 	if(updateNotificationCCCAttribute)
 391              		.loc 1 110 0
 392 0006 124B     		ldr	r3, .L28
 393 0008 1B78     		ldrb	r3, [r3]
 394 000a 002B     		cmp	r3, #0
 395 000c 1BD0     		beq	.L27
 111:BLEApplications.c **** 	{
 112:BLEApplications.c **** 		updateNotificationCCCAttribute = FALSE;
 396              		.loc 1 112 0
 397 000e 104B     		ldr	r3, .L28
 398 0010 0022     		movs	r2, #0
 399 0012 1A70     		strb	r2, [r3]
 113:BLEApplications.c **** 	
ARM GAS  C:\Users\Lenovo\AppData\Local\Temp\ccMEHr1f.s 			page 10


 114:BLEApplications.c **** 		CCCDvalue[0] = startNotification;
 400              		.loc 1 114 0
 401 0014 0F4B     		ldr	r3, .L28+4
 402 0016 1A78     		ldrb	r2, [r3]
 403 0018 0C23     		movs	r3, #12
 404 001a FB18     		adds	r3, r7, r3
 405 001c 1A70     		strb	r2, [r3]
 115:BLEApplications.c **** 		CCCDvalue[1] = 0x00;
 406              		.loc 1 115 0
 407 001e 0C23     		movs	r3, #12
 408 0020 FB18     		adds	r3, r7, r3
 409 0022 0022     		movs	r2, #0
 410 0024 5A70     		strb	r2, [r3, #1]
 116:BLEApplications.c **** 		
 117:BLEApplications.c **** 		notificationCCCDhandle.attrHandle = CYBLE_CAPSENSE_CAPSENSE_PROXIMITY_CLIENT_CHARACTERISTIC_CONFI
 411              		.loc 1 117 0
 412 0026 3B00     		movs	r3, r7
 413 0028 0F22     		movs	r2, #15
 414 002a 1A81     		strh	r2, [r3, #8]
 118:BLEApplications.c **** 		notificationCCCDhandle.value.val = CCCDvalue;
 415              		.loc 1 118 0
 416 002c 3B00     		movs	r3, r7
 417 002e 0C22     		movs	r2, #12
 418 0030 BA18     		adds	r2, r7, r2
 419 0032 1A60     		str	r2, [r3]
 119:BLEApplications.c **** 		notificationCCCDhandle.value.len = CCC_DATA_LEN;
 420              		.loc 1 119 0
 421 0034 3B00     		movs	r3, r7
 422 0036 0222     		movs	r2, #2
 423 0038 9A80     		strh	r2, [r3, #4]
 120:BLEApplications.c **** 		
 121:BLEApplications.c **** 		CyBle_GattsWriteAttributeValue(&notificationCCCDhandle, ZERO, &connectionHandle, CYBLE_GATT_DB_LO
 424              		.loc 1 121 0
 425 003a 074A     		ldr	r2, .L28+8
 426 003c 3800     		movs	r0, r7
 427 003e 0023     		movs	r3, #0
 428 0040 0021     		movs	r1, #0
 429 0042 FFF7FEFF 		bl	CyBle_GattsWriteAttributeValue
 430              	.L27:
 122:BLEApplications.c **** 	}	
 123:BLEApplications.c **** }
 431              		.loc 1 123 0
 432 0046 C046     		nop
 433 0048 BD46     		mov	sp, r7
 434 004a 04B0     		add	sp, sp, #16
 435              		@ sp needed
 436 004c 80BD     		pop	{r7, pc}
 437              	.L29:
 438 004e C046     		.align	2
 439              	.L28:
 440 0050 00000000 		.word	updateNotificationCCCAttribute
 441 0054 00000000 		.word	startNotification
 442 0058 00000000 		.word	connectionHandle
 443              		.cfi_endproc
 444              	.LFE39:
 445              		.size	UpdateNotificationCCCD, .-UpdateNotificationCCCD
 446              		.section	.text.HandleStatusLED,"ax",%progbits
ARM GAS  C:\Users\Lenovo\AppData\Local\Temp\ccMEHr1f.s 			page 11


 447              		.align	2
 448              		.global	HandleStatusLED
 449              		.code	16
 450              		.thumb_func
 451              		.type	HandleStatusLED, %function
 452              	HandleStatusLED:
 453              	.LFB40:
 124:BLEApplications.c **** 
 125:BLEApplications.c **** void HandleStatusLED(void)
 126:BLEApplications.c **** {
 454              		.loc 1 126 0
 455              		.cfi_startproc
 456              		@ args = 0, pretend = 0, frame = 8
 457              		@ frame_needed = 1, uses_anonymous_args = 0
 458 0000 80B5     		push	{r7, lr}
 459              		.cfi_def_cfa_offset 8
 460              		.cfi_offset 7, -8
 461              		.cfi_offset 14, -4
 462 0002 82B0     		sub	sp, sp, #8
 463              		.cfi_def_cfa_offset 16
 464 0004 00AF     		add	r7, sp, #0
 465              		.cfi_def_cfa_register 7
 127:BLEApplications.c **** 
 128:BLEApplications.c **** 	static uint32 led_counter = TRUE;
 129:BLEApplications.c **** 
 130:BLEApplications.c **** 	static uint8 state = 0xFF;
 131:BLEApplications.c **** 
 132:BLEApplications.c **** 	uint8 state_changed = FALSE;
 466              		.loc 1 132 0
 467 0006 FB1D     		adds	r3, r7, #7
 468 0008 0022     		movs	r2, #0
 469 000a 1A70     		strb	r2, [r3]
 133:BLEApplications.c **** 	
 134:BLEApplications.c **** 	if(state != CyBle_GetState())
 470              		.loc 1 134 0
 471 000c 2C4B     		ldr	r3, .L42
 472 000e 1A78     		ldrb	r2, [r3]
 473 0010 2C4B     		ldr	r3, .L42+4
 474 0012 1B78     		ldrb	r3, [r3]
 475 0014 9A42     		cmp	r2, r3
 476 0016 09D0     		beq	.L31
 135:BLEApplications.c **** 	{
 136:BLEApplications.c **** 		state_changed = TRUE;
 477              		.loc 1 136 0
 478 0018 FB1D     		adds	r3, r7, #7
 479 001a 0122     		movs	r2, #1
 480 001c 1A70     		strb	r2, [r3]
 137:BLEApplications.c **** 				
 138:BLEApplications.c **** 		if(CyBle_GetState() == CYBLE_STATE_ADVERTISING)
 481              		.loc 1 138 0
 482 001e 294B     		ldr	r3, .L42+4
 483 0020 1B78     		ldrb	r3, [r3]
 484 0022 032B     		cmp	r3, #3
 485 0024 02D1     		bne	.L31
 139:BLEApplications.c **** 		{
 140:BLEApplications.c **** 			led_counter = TRUE;
 486              		.loc 1 140 0
ARM GAS  C:\Users\Lenovo\AppData\Local\Temp\ccMEHr1f.s 			page 12


 487 0026 284B     		ldr	r3, .L42+8
 488 0028 0122     		movs	r2, #1
 489 002a 1A60     		str	r2, [r3]
 490              	.L31:
 141:BLEApplications.c **** 		}
 142:BLEApplications.c **** 	}
 143:BLEApplications.c **** 	
 144:BLEApplications.c **** 	state = CyBle_GetState();
 491              		.loc 1 144 0
 492 002c 254B     		ldr	r3, .L42+4
 493 002e 1A78     		ldrb	r2, [r3]
 494 0030 234B     		ldr	r3, .L42
 495 0032 1A70     		strb	r2, [r3]
 145:BLEApplications.c **** 		
 146:BLEApplications.c **** 	switch(state)
 496              		.loc 1 146 0
 497 0034 224B     		ldr	r3, .L42
 498 0036 1B78     		ldrb	r3, [r3]
 499 0038 032B     		cmp	r3, #3
 500 003a 0FD0     		beq	.L33
 501 003c 042B     		cmp	r3, #4
 502 003e 2ED0     		beq	.L34
 503 0040 022B     		cmp	r3, #2
 504 0042 00D0     		beq	.L35
 147:BLEApplications.c **** 	{
 148:BLEApplications.c **** 		case CYBLE_STATE_CONNECTED:
 149:BLEApplications.c **** 			if(state_changed)
 150:BLEApplications.c **** 			{
 151:BLEApplications.c **** 				state_changed = FALSE;
 152:BLEApplications.c **** 				
 153:BLEApplications.c **** 				Status_LED_SetDriveMode(Status_LED_DM_ALG_HIZ);
 154:BLEApplications.c **** 			}
 155:BLEApplications.c **** 		break;
 156:BLEApplications.c **** 		
 157:BLEApplications.c **** 		case CYBLE_STATE_ADVERTISING:
 158:BLEApplications.c **** 			if((--led_counter) == FALSE)
 159:BLEApplications.c **** 			{
 160:BLEApplications.c **** 				Status_LED_SetDriveMode(Status_LED_DM_STRONG);
 161:BLEApplications.c **** 				
 162:BLEApplications.c **** 				if(Status_LED_Read() == LED_OFF)
 163:BLEApplications.c **** 				{
 164:BLEApplications.c **** 					Status_LED_Write(LED_ON);
 165:BLEApplications.c **** 					led_counter	= LED_ADV_BLINK_PERIOD_ON;
 166:BLEApplications.c **** 				}
 167:BLEApplications.c **** 				else
 168:BLEApplications.c **** 				{
 169:BLEApplications.c **** 					Status_LED_Write(LED_OFF);
 170:BLEApplications.c **** 					led_counter	= LED_ADV_BLINK_PERIOD_OFF;
 171:BLEApplications.c **** 				}
 172:BLEApplications.c **** 			}
 173:BLEApplications.c **** 		break;
 174:BLEApplications.c **** 		
 175:BLEApplications.c **** 		case CYBLE_STATE_DISCONNECTED:
 176:BLEApplications.c **** 			Status_LED_Write(LED_OFF);
 177:BLEApplications.c **** 			Status_LED_SetDriveMode(Status_LED_DM_ALG_HIZ);
 178:BLEApplications.c **** 		break;
 179:BLEApplications.c **** 		
ARM GAS  C:\Users\Lenovo\AppData\Local\Temp\ccMEHr1f.s 			page 13


 180:BLEApplications.c **** 		default:
 181:BLEApplications.c **** 
 182:BLEApplications.c **** 		break;
 505              		.loc 1 182 0
 506 0044 35E0     		b	.L37
 507              	.L35:
 149:BLEApplications.c **** 			{
 508              		.loc 1 149 0
 509 0046 FB1D     		adds	r3, r7, #7
 510 0048 1B78     		ldrb	r3, [r3]
 511 004a 002B     		cmp	r3, #0
 512 004c 2ED0     		beq	.L40
 151:BLEApplications.c **** 				
 513              		.loc 1 151 0
 514 004e FB1D     		adds	r3, r7, #7
 515 0050 0022     		movs	r2, #0
 516 0052 1A70     		strb	r2, [r3]
 153:BLEApplications.c **** 			}
 517              		.loc 1 153 0
 518 0054 0020     		movs	r0, #0
 519 0056 FFF7FEFF 		bl	Status_LED_SetDriveMode
 155:BLEApplications.c **** 		
 520              		.loc 1 155 0
 521 005a 27E0     		b	.L40
 522              	.L33:
 158:BLEApplications.c **** 			{
 523              		.loc 1 158 0
 524 005c 1A4B     		ldr	r3, .L42+8
 525 005e 1B68     		ldr	r3, [r3]
 526 0060 5A1E     		subs	r2, r3, #1
 527 0062 194B     		ldr	r3, .L42+8
 528 0064 1A60     		str	r2, [r3]
 529 0066 184B     		ldr	r3, .L42+8
 530 0068 1B68     		ldr	r3, [r3]
 531 006a 002B     		cmp	r3, #0
 532 006c 20D1     		bne	.L41
 160:BLEApplications.c **** 				
 533              		.loc 1 160 0
 534 006e 0620     		movs	r0, #6
 535 0070 FFF7FEFF 		bl	Status_LED_SetDriveMode
 162:BLEApplications.c **** 				{
 536              		.loc 1 162 0
 537 0074 FFF7FEFF 		bl	Status_LED_Read
 538 0078 0300     		movs	r3, r0
 539 007a 012B     		cmp	r3, #1
 540 007c 07D1     		bne	.L39
 164:BLEApplications.c **** 					led_counter	= LED_ADV_BLINK_PERIOD_ON;
 541              		.loc 1 164 0
 542 007e 0020     		movs	r0, #0
 543 0080 FFF7FEFF 		bl	Status_LED_Write
 165:BLEApplications.c **** 				}
 544              		.loc 1 165 0
 545 0084 104B     		ldr	r3, .L42+8
 546 0086 FA22     		movs	r2, #250
 547 0088 5201     		lsls	r2, r2, #5
 548 008a 1A60     		str	r2, [r3]
 173:BLEApplications.c **** 		
ARM GAS  C:\Users\Lenovo\AppData\Local\Temp\ccMEHr1f.s 			page 14


 549              		.loc 1 173 0
 550 008c 10E0     		b	.L41
 551              	.L39:
 169:BLEApplications.c **** 					led_counter	= LED_ADV_BLINK_PERIOD_OFF;
 552              		.loc 1 169 0
 553 008e 0120     		movs	r0, #1
 554 0090 FFF7FEFF 		bl	Status_LED_Write
 170:BLEApplications.c **** 				}
 555              		.loc 1 170 0
 556 0094 0C4B     		ldr	r3, .L42+8
 557 0096 FA22     		movs	r2, #250
 558 0098 5201     		lsls	r2, r2, #5
 559 009a 1A60     		str	r2, [r3]
 173:BLEApplications.c **** 		
 560              		.loc 1 173 0
 561 009c 08E0     		b	.L41
 562              	.L34:
 176:BLEApplications.c **** 			Status_LED_SetDriveMode(Status_LED_DM_ALG_HIZ);
 563              		.loc 1 176 0
 564 009e 0120     		movs	r0, #1
 565 00a0 FFF7FEFF 		bl	Status_LED_Write
 177:BLEApplications.c **** 		break;
 566              		.loc 1 177 0
 567 00a4 0020     		movs	r0, #0
 568 00a6 FFF7FEFF 		bl	Status_LED_SetDriveMode
 178:BLEApplications.c **** 		
 569              		.loc 1 178 0
 570 00aa 02E0     		b	.L37
 571              	.L40:
 155:BLEApplications.c **** 		
 572              		.loc 1 155 0
 573 00ac C046     		nop
 574 00ae 00E0     		b	.L37
 575              	.L41:
 173:BLEApplications.c **** 		
 576              		.loc 1 173 0
 577 00b0 C046     		nop
 578              	.L37:
 183:BLEApplications.c **** 	}
 184:BLEApplications.c **** 	
 185:BLEApplications.c **** 	state_changed = FALSE;
 579              		.loc 1 185 0
 580 00b2 FB1D     		adds	r3, r7, #7
 581 00b4 0022     		movs	r2, #0
 582 00b6 1A70     		strb	r2, [r3]
 186:BLEApplications.c **** }
 583              		.loc 1 186 0
 584 00b8 C046     		nop
 585 00ba BD46     		mov	sp, r7
 586 00bc 02B0     		add	sp, sp, #8
 587              		@ sp needed
 588 00be 80BD     		pop	{r7, pc}
 589              	.L43:
 590              		.align	2
 591              	.L42:
 592 00c0 00000000 		.word	state.7606
 593 00c4 00000000 		.word	cyBle_state
ARM GAS  C:\Users\Lenovo\AppData\Local\Temp\ccMEHr1f.s 			page 15


 594 00c8 04000000 		.word	led_counter.7605
 595              		.cfi_endproc
 596              	.LFE40:
 597              		.size	HandleStatusLED, .-HandleStatusLED
 598              		.data
 599              		.type	state.7606, %object
 600              		.size	state.7606, 1
 601              	state.7606:
 602 0000 FF       		.byte	-1
 603 0001 000000   		.align	2
 604              		.type	led_counter.7605, %object
 605              		.size	led_counter.7605, 4
 606              	led_counter.7605:
 607 0004 01000000 		.word	1
 608              		.text
 609              	.Letext0:
 610              		.file 2 "Generated_Source\\PSoC4/cytypes.h"
 611              		.file 3 "Generated_Source\\PSoC4/BLE_StackGatt.h"
 612              		.file 4 "Generated_Source\\PSoC4/BLE_StackGattServer.h"
 613              		.file 5 "Generated_Source\\PSoC4/BLE_Stack.h"
 614              		.file 6 "Generated_Source\\PSoC4/BLE_eventHandler.h"
 615              		.section	.debug_info,"",%progbits
 616              	.Ldebug_info0:
 617 0000 FF040000 		.4byte	0x4ff
 618 0004 0400     		.2byte	0x4
 619 0006 00000000 		.4byte	.Ldebug_abbrev0
 620 000a 04       		.byte	0x4
 621 000b 01       		.uleb128 0x1
 622 000c C3050000 		.4byte	.LASF129
 623 0010 0C       		.byte	0xc
 624 0011 300B0000 		.4byte	.LASF130
 625 0015 4D0A0000 		.4byte	.LASF131
 626 0019 00000000 		.4byte	.Ldebug_ranges0+0
 627 001d 00000000 		.4byte	0
 628 0021 00000000 		.4byte	.Ldebug_line0
 629 0025 02       		.uleb128 0x2
 630 0026 01       		.byte	0x1
 631 0027 06       		.byte	0x6
 632 0028 40020000 		.4byte	.LASF0
 633 002c 02       		.uleb128 0x2
 634 002d 01       		.byte	0x1
 635 002e 08       		.byte	0x8
 636 002f 0C090000 		.4byte	.LASF1
 637 0033 02       		.uleb128 0x2
 638 0034 02       		.byte	0x2
 639 0035 05       		.byte	0x5
 640 0036 45090000 		.4byte	.LASF2
 641 003a 02       		.uleb128 0x2
 642 003b 02       		.byte	0x2
 643 003c 07       		.byte	0x7
 644 003d F2040000 		.4byte	.LASF3
 645 0041 02       		.uleb128 0x2
 646 0042 04       		.byte	0x4
 647 0043 05       		.byte	0x5
 648 0044 65010000 		.4byte	.LASF4
 649 0048 02       		.uleb128 0x2
 650 0049 04       		.byte	0x4
ARM GAS  C:\Users\Lenovo\AppData\Local\Temp\ccMEHr1f.s 			page 16


 651 004a 07       		.byte	0x7
 652 004b 43040000 		.4byte	.LASF5
 653 004f 02       		.uleb128 0x2
 654 0050 08       		.byte	0x8
 655 0051 05       		.byte	0x5
 656 0052 32020000 		.4byte	.LASF6
 657 0056 02       		.uleb128 0x2
 658 0057 08       		.byte	0x8
 659 0058 07       		.byte	0x7
 660 0059 6E010000 		.4byte	.LASF7
 661 005d 03       		.uleb128 0x3
 662 005e 04       		.byte	0x4
 663 005f 05       		.byte	0x5
 664 0060 696E7400 		.ascii	"int\000"
 665 0064 02       		.uleb128 0x2
 666 0065 04       		.byte	0x4
 667 0066 07       		.byte	0x7
 668 0067 17040000 		.4byte	.LASF8
 669 006b 04       		.uleb128 0x4
 670 006c 40030000 		.4byte	.LASF9
 671 0070 02       		.byte	0x2
 672 0071 B901     		.2byte	0x1b9
 673 0073 2C000000 		.4byte	0x2c
 674 0077 04       		.uleb128 0x4
 675 0078 1A090000 		.4byte	.LASF10
 676 007c 02       		.byte	0x2
 677 007d BA01     		.2byte	0x1ba
 678 007f 3A000000 		.4byte	0x3a
 679 0083 04       		.uleb128 0x4
 680 0084 97030000 		.4byte	.LASF11
 681 0088 02       		.byte	0x2
 682 0089 BB01     		.2byte	0x1bb
 683 008b 48000000 		.4byte	0x48
 684 008f 02       		.uleb128 0x2
 685 0090 04       		.byte	0x4
 686 0091 04       		.byte	0x4
 687 0092 DB080000 		.4byte	.LASF12
 688 0096 02       		.uleb128 0x2
 689 0097 08       		.byte	0x8
 690 0098 04       		.byte	0x4
 691 0099 65030000 		.4byte	.LASF13
 692 009d 02       		.uleb128 0x2
 693 009e 01       		.byte	0x1
 694 009f 08       		.byte	0x8
 695 00a0 C30A0000 		.4byte	.LASF14
 696 00a4 02       		.uleb128 0x2
 697 00a5 08       		.byte	0x8
 698 00a6 04       		.byte	0x4
 699 00a7 9F0A0000 		.4byte	.LASF15
 700 00ab 02       		.uleb128 0x2
 701 00ac 04       		.byte	0x4
 702 00ad 07       		.byte	0x7
 703 00ae 34070000 		.4byte	.LASF16
 704 00b2 05       		.uleb128 0x5
 705 00b3 04       		.byte	0x4
 706 00b4 06       		.uleb128 0x6
 707 00b5 01       		.byte	0x1
ARM GAS  C:\Users\Lenovo\AppData\Local\Temp\ccMEHr1f.s 			page 17


 708 00b6 2C000000 		.4byte	0x2c
 709 00ba 05       		.byte	0x5
 710 00bb 4D01     		.2byte	0x14d
 711 00bd 72020000 		.4byte	0x272
 712 00c1 07       		.uleb128 0x7
 713 00c2 05050000 		.4byte	.LASF17
 714 00c6 00       		.byte	0
 715 00c7 07       		.uleb128 0x7
 716 00c8 4C020000 		.4byte	.LASF18
 717 00cc 01       		.byte	0x1
 718 00cd 07       		.uleb128 0x7
 719 00ce 53010000 		.4byte	.LASF19
 720 00d2 02       		.byte	0x2
 721 00d3 07       		.uleb128 0x7
 722 00d4 9A0B0000 		.4byte	.LASF20
 723 00d8 03       		.byte	0x3
 724 00d9 07       		.uleb128 0x7
 725 00da 98010000 		.4byte	.LASF21
 726 00de 04       		.byte	0x4
 727 00df 07       		.uleb128 0x7
 728 00e0 23000000 		.4byte	.LASF22
 729 00e4 05       		.byte	0x5
 730 00e5 07       		.uleb128 0x7
 731 00e6 3A050000 		.4byte	.LASF23
 732 00ea 06       		.byte	0x6
 733 00eb 07       		.uleb128 0x7
 734 00ec 8E060000 		.4byte	.LASF24
 735 00f0 20       		.byte	0x20
 736 00f1 07       		.uleb128 0x7
 737 00f2 88020000 		.4byte	.LASF25
 738 00f6 21       		.byte	0x21
 739 00f7 07       		.uleb128 0x7
 740 00f8 53050000 		.4byte	.LASF26
 741 00fc 22       		.byte	0x22
 742 00fd 07       		.uleb128 0x7
 743 00fe 650B0000 		.4byte	.LASF27
 744 0102 23       		.byte	0x23
 745 0103 07       		.uleb128 0x7
 746 0104 3A080000 		.4byte	.LASF28
 747 0108 24       		.byte	0x24
 748 0109 07       		.uleb128 0x7
 749 010a A1070000 		.4byte	.LASF29
 750 010e 25       		.byte	0x25
 751 010f 07       		.uleb128 0x7
 752 0110 05030000 		.4byte	.LASF30
 753 0114 26       		.byte	0x26
 754 0115 07       		.uleb128 0x7
 755 0116 77050000 		.4byte	.LASF31
 756 011a 27       		.byte	0x27
 757 011b 07       		.uleb128 0x7
 758 011c E50A0000 		.4byte	.LASF32
 759 0120 28       		.byte	0x28
 760 0121 07       		.uleb128 0x7
 761 0122 B7090000 		.4byte	.LASF33
 762 0126 29       		.byte	0x29
 763 0127 07       		.uleb128 0x7
 764 0128 A2000000 		.4byte	.LASF34
ARM GAS  C:\Users\Lenovo\AppData\Local\Temp\ccMEHr1f.s 			page 18


 765 012c 2A       		.byte	0x2a
 766 012d 07       		.uleb128 0x7
 767 012e 5F020000 		.4byte	.LASF35
 768 0132 2B       		.byte	0x2b
 769 0133 07       		.uleb128 0x7
 770 0134 630C0000 		.4byte	.LASF36
 771 0138 2C       		.byte	0x2c
 772 0139 07       		.uleb128 0x7
 773 013a F1010000 		.4byte	.LASF37
 774 013e 2D       		.byte	0x2d
 775 013f 07       		.uleb128 0x7
 776 0140 21090000 		.4byte	.LASF38
 777 0144 2E       		.byte	0x2e
 778 0145 07       		.uleb128 0x7
 779 0146 EC000000 		.4byte	.LASF39
 780 014a 2F       		.byte	0x2f
 781 014b 07       		.uleb128 0x7
 782 014c F6070000 		.4byte	.LASF40
 783 0150 30       		.byte	0x30
 784 0151 07       		.uleb128 0x7
 785 0152 B60C0000 		.4byte	.LASF41
 786 0156 31       		.byte	0x31
 787 0157 07       		.uleb128 0x7
 788 0158 D5070000 		.4byte	.LASF42
 789 015c 32       		.byte	0x32
 790 015d 07       		.uleb128 0x7
 791 015e 260A0000 		.4byte	.LASF43
 792 0162 33       		.byte	0x33
 793 0163 07       		.uleb128 0x7
 794 0164 55040000 		.4byte	.LASF44
 795 0168 34       		.byte	0x34
 796 0169 07       		.uleb128 0x7
 797 016a C80A0000 		.4byte	.LASF45
 798 016e 35       		.byte	0x35
 799 016f 07       		.uleb128 0x7
 800 0170 96050000 		.4byte	.LASF46
 801 0174 36       		.byte	0x36
 802 0175 07       		.uleb128 0x7
 803 0176 C0060000 		.4byte	.LASF47
 804 017a 37       		.byte	0x37
 805 017b 07       		.uleb128 0x7
 806 017c 0C0A0000 		.4byte	.LASF48
 807 0180 40       		.byte	0x40
 808 0181 07       		.uleb128 0x7
 809 0182 51060000 		.4byte	.LASF49
 810 0186 41       		.byte	0x41
 811 0187 07       		.uleb128 0x7
 812 0188 020D0000 		.4byte	.LASF50
 813 018c 42       		.byte	0x42
 814 018d 07       		.uleb128 0x7
 815 018e B30B0000 		.4byte	.LASF51
 816 0192 43       		.byte	0x43
 817 0193 07       		.uleb128 0x7
 818 0194 87040000 		.4byte	.LASF52
 819 0198 44       		.byte	0x44
 820 0199 07       		.uleb128 0x7
 821 019a B4080000 		.4byte	.LASF53
ARM GAS  C:\Users\Lenovo\AppData\Local\Temp\ccMEHr1f.s 			page 19


 822 019e 45       		.byte	0x45
 823 019f 07       		.uleb128 0x7
 824 01a0 13070000 		.4byte	.LASF54
 825 01a4 46       		.byte	0x46
 826 01a5 07       		.uleb128 0x7
 827 01a6 1C050000 		.4byte	.LASF55
 828 01aa 47       		.byte	0x47
 829 01ab 07       		.uleb128 0x7
 830 01ac 3C0C0000 		.4byte	.LASF56
 831 01b0 48       		.byte	0x48
 832 01b1 07       		.uleb128 0x7
 833 01b2 9F020000 		.4byte	.LASF57
 834 01b6 49       		.byte	0x49
 835 01b7 07       		.uleb128 0x7
 836 01b8 FF0B0000 		.4byte	.LASF58
 837 01bc 4A       		.byte	0x4a
 838 01bd 07       		.uleb128 0x7
 839 01be 15010000 		.4byte	.LASF59
 840 01c2 4B       		.byte	0x4b
 841 01c3 07       		.uleb128 0x7
 842 01c4 6D040000 		.4byte	.LASF60
 843 01c8 4C       		.byte	0x4c
 844 01c9 07       		.uleb128 0x7
 845 01ca BB070000 		.4byte	.LASF61
 846 01ce 4D       		.byte	0x4d
 847 01cf 07       		.uleb128 0x7
 848 01d0 BE020000 		.4byte	.LASF62
 849 01d4 4E       		.byte	0x4e
 850 01d5 07       		.uleb128 0x7
 851 01d6 98090000 		.4byte	.LASF63
 852 01da 4F       		.byte	0x4f
 853 01db 07       		.uleb128 0x7
 854 01dc 34010000 		.4byte	.LASF64
 855 01e0 50       		.byte	0x50
 856 01e1 07       		.uleb128 0x7
 857 01e2 46030000 		.4byte	.LASF65
 858 01e6 51       		.byte	0x51
 859 01e7 07       		.uleb128 0x7
 860 01e8 56080000 		.4byte	.LASF66
 861 01ec 52       		.byte	0x52
 862 01ed 07       		.uleb128 0x7
 863 01ee 4F090000 		.4byte	.LASF67
 864 01f2 53       		.byte	0x53
 865 01f3 07       		.uleb128 0x7
 866 01f4 EB090000 		.4byte	.LASF68
 867 01f8 54       		.byte	0x54
 868 01f9 07       		.uleb128 0x7
 869 01fa A5040000 		.4byte	.LASF69
 870 01fe 55       		.byte	0x55
 871 01ff 07       		.uleb128 0x7
 872 0200 F5030000 		.4byte	.LASF70
 873 0204 56       		.byte	0x56
 874 0205 07       		.uleb128 0x7
 875 0206 070B0000 		.4byte	.LASF71
 876 020a 57       		.byte	0x57
 877 020b 07       		.uleb128 0x7
 878 020c C9040000 		.4byte	.LASF72
ARM GAS  C:\Users\Lenovo\AppData\Local\Temp\ccMEHr1f.s 			page 20


 879 0210 58       		.byte	0x58
 880 0211 07       		.uleb128 0x7
 881 0212 CB010000 		.4byte	.LASF73
 882 0216 70       		.byte	0x70
 883 0217 07       		.uleb128 0x7
 884 0218 900C0000 		.4byte	.LASF74
 885 021c 71       		.byte	0x71
 886 021d 07       		.uleb128 0x7
 887 021e 72060000 		.4byte	.LASF75
 888 0222 72       		.byte	0x72
 889 0223 07       		.uleb128 0x7
 890 0224 F5060000 		.4byte	.LASF76
 891 0228 73       		.byte	0x73
 892 0229 07       		.uleb128 0x7
 893 022a 96080000 		.4byte	.LASF77
 894 022e 74       		.byte	0x74
 895 022f 07       		.uleb128 0x7
 896 0230 6C030000 		.4byte	.LASF78
 897 0234 75       		.byte	0x75
 898 0235 07       		.uleb128 0x7
 899 0236 CB000000 		.4byte	.LASF79
 900 023a 76       		.byte	0x76
 901 023b 07       		.uleb128 0x7
 902 023c 53000000 		.4byte	.LASF80
 903 0240 77       		.byte	0x77
 904 0241 07       		.uleb128 0x7
 905 0242 00000000 		.4byte	.LASF81
 906 0246 78       		.byte	0x78
 907 0247 07       		.uleb128 0x7
 908 0248 420B0000 		.4byte	.LASF82
 909 024c 79       		.byte	0x79
 910 024d 07       		.uleb128 0x7
 911 024e C0030000 		.4byte	.LASF83
 912 0252 7A       		.byte	0x7a
 913 0253 07       		.uleb128 0x7
 914 0254 AD010000 		.4byte	.LASF84
 915 0258 FA       		.byte	0xfa
 916 0259 07       		.uleb128 0x7
 917 025a 24040000 		.4byte	.LASF85
 918 025e FB       		.byte	0xfb
 919 025f 07       		.uleb128 0x7
 920 0260 86090000 		.4byte	.LASF86
 921 0264 FC       		.byte	0xfc
 922 0265 07       		.uleb128 0x7
 923 0266 AB0A0000 		.4byte	.LASF87
 924 026a FD       		.byte	0xfd
 925 026b 07       		.uleb128 0x7
 926 026c 93070000 		.4byte	.LASF88
 927 0270 FF       		.byte	0xff
 928 0271 00       		.byte	0
 929 0272 08       		.uleb128 0x8
 930 0273 04       		.byte	0x4
 931 0274 6B000000 		.4byte	0x6b
 932 0278 04       		.uleb128 0x4
 933 0279 DA0C0000 		.4byte	.LASF89
 934 027d 03       		.byte	0x3
 935 027e 8901     		.2byte	0x189
ARM GAS  C:\Users\Lenovo\AppData\Local\Temp\ccMEHr1f.s 			page 21


 936 0280 77000000 		.4byte	0x77
 937 0284 09       		.uleb128 0x9
 938 0285 02       		.byte	0x2
 939 0286 03       		.byte	0x3
 940 0287 9301     		.2byte	0x193
 941 0289 A8020000 		.4byte	0x2a8
 942 028d 0A       		.uleb128 0xa
 943 028e 870C0000 		.4byte	.LASF90
 944 0292 03       		.byte	0x3
 945 0293 9A01     		.2byte	0x19a
 946 0295 6B000000 		.4byte	0x6b
 947 0299 00       		.byte	0
 948 029a 0A       		.uleb128 0xa
 949 029b 6C060000 		.4byte	.LASF91
 950 029f 03       		.byte	0x3
 951 02a0 A001     		.2byte	0x1a0
 952 02a2 6B000000 		.4byte	0x6b
 953 02a6 01       		.byte	0x1
 954 02a7 00       		.byte	0
 955 02a8 04       		.uleb128 0x4
 956 02a9 72000000 		.4byte	.LASF92
 957 02ad 03       		.byte	0x3
 958 02ae A201     		.2byte	0x1a2
 959 02b0 84020000 		.4byte	0x284
 960 02b4 09       		.uleb128 0x9
 961 02b5 08       		.byte	0x8
 962 02b6 03       		.byte	0x3
 963 02b7 BE01     		.2byte	0x1be
 964 02b9 E5020000 		.4byte	0x2e5
 965 02bd 0B       		.uleb128 0xb
 966 02be 76616C00 		.ascii	"val\000"
 967 02c2 03       		.byte	0x3
 968 02c3 C101     		.2byte	0x1c1
 969 02c5 72020000 		.4byte	0x272
 970 02c9 00       		.byte	0
 971 02ca 0B       		.uleb128 0xb
 972 02cb 6C656E00 		.ascii	"len\000"
 973 02cf 03       		.byte	0x3
 974 02d0 C401     		.2byte	0x1c4
 975 02d2 77000000 		.4byte	0x77
 976 02d6 04       		.byte	0x4
 977 02d7 0A       		.uleb128 0xa
 978 02d8 7E020000 		.4byte	.LASF93
 979 02dc 03       		.byte	0x3
 980 02dd CB01     		.2byte	0x1cb
 981 02df 77000000 		.4byte	0x77
 982 02e3 06       		.byte	0x6
 983 02e4 00       		.byte	0
 984 02e5 04       		.uleb128 0x4
 985 02e6 85010000 		.4byte	.LASF94
 986 02ea 03       		.byte	0x3
 987 02eb CD01     		.2byte	0x1cd
 988 02ed B4020000 		.4byte	0x2b4
 989 02f1 09       		.uleb128 0x9
 990 02f2 0C       		.byte	0xc
 991 02f3 03       		.byte	0x3
 992 02f4 D001     		.2byte	0x1d0
ARM GAS  C:\Users\Lenovo\AppData\Local\Temp\ccMEHr1f.s 			page 22


 993 02f6 15030000 		.4byte	0x315
 994 02fa 0A       		.uleb128 0xa
 995 02fb EF030000 		.4byte	.LASF95
 996 02ff 03       		.byte	0x3
 997 0300 D301     		.2byte	0x1d3
 998 0302 E5020000 		.4byte	0x2e5
 999 0306 00       		.byte	0
 1000 0307 0A       		.uleb128 0xa
 1001 0308 E4030000 		.4byte	.LASF96
 1002 030c 03       		.byte	0x3
 1003 030d D601     		.2byte	0x1d6
 1004 030f 78020000 		.4byte	0x278
 1005 0313 08       		.byte	0x8
 1006 0314 00       		.byte	0
 1007 0315 04       		.uleb128 0x4
 1008 0316 77080000 		.4byte	.LASF97
 1009 031a 03       		.byte	0x3
 1010 031b D801     		.2byte	0x1d8
 1011 031d F1020000 		.4byte	0x2f1
 1012 0321 0C       		.uleb128 0xc
 1013 0322 5B070000 		.4byte	.LASF98
 1014 0326 04       		.byte	0x4
 1015 0327 34       		.byte	0x34
 1016 0328 15030000 		.4byte	0x315
 1017 032c 0D       		.uleb128 0xd
 1018 032d 10       		.byte	0x10
 1019 032e 04       		.byte	0x4
 1020 032f 8A       		.byte	0x8a
 1021 0330 4D030000 		.4byte	0x34d
 1022 0334 0E       		.uleb128 0xe
 1023 0335 86000000 		.4byte	.LASF99
 1024 0339 04       		.byte	0x4
 1025 033a 8D       		.byte	0x8d
 1026 033b A8020000 		.4byte	0x2a8
 1027 033f 00       		.byte	0
 1028 0340 0E       		.uleb128 0xe
 1029 0341 B2060000 		.4byte	.LASF100
 1030 0345 04       		.byte	0x4
 1031 0346 90       		.byte	0x90
 1032 0347 15030000 		.4byte	0x315
 1033 034b 04       		.byte	0x4
 1034 034c 00       		.byte	0
 1035 034d 0C       		.uleb128 0xc
 1036 034e 3D070000 		.4byte	.LASF101
 1037 0352 04       		.byte	0x4
 1038 0353 92       		.byte	0x92
 1039 0354 2C030000 		.4byte	0x32c
 1040 0358 06       		.uleb128 0x6
 1041 0359 01       		.byte	0x1
 1042 035a 2C000000 		.4byte	0x2c
 1043 035e 06       		.byte	0x6
 1044 035f 5008     		.2byte	0x850
 1045 0361 84030000 		.4byte	0x384
 1046 0365 07       		.uleb128 0x7
 1047 0366 3F000000 		.4byte	.LASF102
 1048 036a 00       		.byte	0
 1049 036b 07       		.uleb128 0x7
ARM GAS  C:\Users\Lenovo\AppData\Local\Temp\ccMEHr1f.s 			page 23


 1050 036c 7A070000 		.4byte	.LASF103
 1051 0370 01       		.byte	0x1
 1052 0371 07       		.uleb128 0x7
 1053 0372 70090000 		.4byte	.LASF104
 1054 0376 02       		.byte	0x2
 1055 0377 07       		.uleb128 0x7
 1056 0378 1A020000 		.4byte	.LASF105
 1057 037c 03       		.byte	0x3
 1058 037d 07       		.uleb128 0x7
 1059 037e EC020000 		.4byte	.LASF106
 1060 0382 04       		.byte	0x4
 1061 0383 00       		.byte	0
 1062 0384 04       		.uleb128 0x4
 1063 0385 DC0B0000 		.4byte	.LASF107
 1064 0389 06       		.byte	0x6
 1065 038a 5E08     		.2byte	0x85e
 1066 038c 58030000 		.4byte	0x358
 1067 0390 0F       		.uleb128 0xf
 1068 0391 17080000 		.4byte	.LASF110
 1069 0395 01       		.byte	0x1
 1070 0396 0E       		.byte	0xe
 1071 0397 00000000 		.4byte	.LFB37
 1072 039b E8000000 		.4byte	.LFE37-.LFB37
 1073 039f 01       		.uleb128 0x1
 1074 03a0 9C       		.byte	0x9c
 1075 03a1 D0030000 		.4byte	0x3d0
 1076 03a5 10       		.uleb128 0x10
 1077 03a6 EC040000 		.4byte	.LASF108
 1078 03aa 01       		.byte	0x1
 1079 03ab 0E       		.byte	0xe
 1080 03ac 83000000 		.4byte	0x83
 1081 03b0 02       		.uleb128 0x2
 1082 03b1 91       		.byte	0x91
 1083 03b2 6C       		.sleb128 -20
 1084 03b3 10       		.uleb128 0x10
 1085 03b4 D10B0000 		.4byte	.LASF109
 1086 03b8 01       		.byte	0x1
 1087 03b9 0E       		.byte	0xe
 1088 03ba B2000000 		.4byte	0xb2
 1089 03be 02       		.uleb128 0x2
 1090 03bf 91       		.byte	0x91
 1091 03c0 68       		.sleb128 -24
 1092 03c1 11       		.uleb128 0x11
 1093 03c2 B5030000 		.4byte	.LASF113
 1094 03c6 01       		.byte	0x1
 1095 03c7 10       		.byte	0x10
 1096 03c8 D0030000 		.4byte	0x3d0
 1097 03cc 02       		.uleb128 0x2
 1098 03cd 91       		.byte	0x91
 1099 03ce 74       		.sleb128 -12
 1100 03cf 00       		.byte	0
 1101 03d0 08       		.uleb128 0x8
 1102 03d1 04       		.byte	0x4
 1103 03d2 4D030000 		.4byte	0x34d
 1104 03d6 0F       		.uleb128 0xf
 1105 03d7 7E0A0000 		.4byte	.LASF111
 1106 03db 01       		.byte	0x1
ARM GAS  C:\Users\Lenovo\AppData\Local\Temp\ccMEHr1f.s 			page 24


 1107 03dc 5A       		.byte	0x5a
 1108 03dd 00000000 		.4byte	.LFB38
 1109 03e1 5C000000 		.4byte	.LFE38-.LFB38
 1110 03e5 01       		.uleb128 0x1
 1111 03e6 9C       		.byte	0x9c
 1112 03e7 08040000 		.4byte	0x408
 1113 03eb 10       		.uleb128 0x10
 1114 03ec 8B0B0000 		.4byte	.LASF112
 1115 03f0 01       		.byte	0x1
 1116 03f1 5A       		.byte	0x5a
 1117 03f2 6B000000 		.4byte	0x6b
 1118 03f6 02       		.uleb128 0x2
 1119 03f7 91       		.byte	0x91
 1120 03f8 67       		.sleb128 -25
 1121 03f9 11       		.uleb128 0x11
 1122 03fa 2D030000 		.4byte	.LASF114
 1123 03fe 01       		.byte	0x1
 1124 03ff 5C       		.byte	0x5c
 1125 0400 21030000 		.4byte	0x321
 1126 0404 02       		.uleb128 0x2
 1127 0405 91       		.byte	0x91
 1128 0406 6C       		.sleb128 -20
 1129 0407 00       		.byte	0
 1130 0408 0F       		.uleb128 0xf
 1131 0409 9E030000 		.4byte	.LASF115
 1132 040d 01       		.byte	0x1
 1133 040e 68       		.byte	0x68
 1134 040f 00000000 		.4byte	.LFB39
 1135 0413 5C000000 		.4byte	.LFE39-.LFB39
 1136 0417 01       		.uleb128 0x1
 1137 0418 9C       		.byte	0x9c
 1138 0419 3A040000 		.4byte	0x43a
 1139 041d 11       		.uleb128 0x11
 1140 041e 8D030000 		.4byte	.LASF116
 1141 0422 01       		.byte	0x1
 1142 0423 6A       		.byte	0x6a
 1143 0424 3A040000 		.4byte	0x43a
 1144 0428 02       		.uleb128 0x2
 1145 0429 91       		.byte	0x91
 1146 042a 74       		.sleb128 -12
 1147 042b 11       		.uleb128 0x11
 1148 042c D4090000 		.4byte	.LASF117
 1149 0430 01       		.byte	0x1
 1150 0431 6C       		.byte	0x6c
 1151 0432 15030000 		.4byte	0x315
 1152 0436 02       		.uleb128 0x2
 1153 0437 91       		.byte	0x91
 1154 0438 68       		.sleb128 -24
 1155 0439 00       		.byte	0
 1156 043a 12       		.uleb128 0x12
 1157 043b 6B000000 		.4byte	0x6b
 1158 043f 4A040000 		.4byte	0x44a
 1159 0443 13       		.uleb128 0x13
 1160 0444 AB000000 		.4byte	0xab
 1161 0448 01       		.byte	0x1
 1162 0449 00       		.byte	0
 1163 044a 0F       		.uleb128 0xf
ARM GAS  C:\Users\Lenovo\AppData\Local\Temp\ccMEHr1f.s 			page 25


 1164 044b DC020000 		.4byte	.LASF118
 1165 044f 01       		.byte	0x1
 1166 0450 7D       		.byte	0x7d
 1167 0451 00000000 		.4byte	.LFB40
 1168 0455 CC000000 		.4byte	.LFE40-.LFB40
 1169 0459 01       		.uleb128 0x1
 1170 045a 9C       		.byte	0x9c
 1171 045b 90040000 		.4byte	0x490
 1172 045f 11       		.uleb128 0x11
 1173 0460 F60C0000 		.4byte	.LASF119
 1174 0464 01       		.byte	0x1
 1175 0465 80       		.byte	0x80
 1176 0466 83000000 		.4byte	0x83
 1177 046a 05       		.uleb128 0x5
 1178 046b 03       		.byte	0x3
 1179 046c 04000000 		.4byte	led_counter.7605
 1180 0470 11       		.uleb128 0x11
 1181 0471 B8020000 		.4byte	.LASF120
 1182 0475 01       		.byte	0x1
 1183 0476 82       		.byte	0x82
 1184 0477 6B000000 		.4byte	0x6b
 1185 047b 05       		.uleb128 0x5
 1186 047c 03       		.byte	0x3
 1187 047d 00000000 		.4byte	state.7606
 1188 0481 11       		.uleb128 0x11
 1189 0482 FE080000 		.4byte	.LASF121
 1190 0486 01       		.byte	0x1
 1191 0487 84       		.byte	0x84
 1192 0488 6B000000 		.4byte	0x6b
 1193 048c 02       		.uleb128 0x2
 1194 048d 91       		.byte	0x91
 1195 048e 77       		.sleb128 -9
 1196 048f 00       		.byte	0
 1197 0490 14       		.uleb128 0x14
 1198 0491 B7050000 		.4byte	.LASF122
 1199 0495 06       		.byte	0x6
 1200 0496 A90A     		.2byte	0xaa9
 1201 0498 84030000 		.4byte	0x384
 1202 049c 15       		.uleb128 0x15
 1203 049d 2A080000 		.4byte	.LASF123
 1204 04a1 01       		.byte	0x1
 1205 04a2 02       		.byte	0x2
 1206 04a3 6B000000 		.4byte	0x6b
 1207 04a7 05       		.uleb128 0x5
 1208 04a8 03       		.byte	0x3
 1209 04a9 00000000 		.4byte	deviceConnected
 1210 04ad 15       		.uleb128 0x15
 1211 04ae E1080000 		.4byte	.LASF124
 1212 04b2 01       		.byte	0x1
 1213 04b3 04       		.byte	0x4
 1214 04b4 6B000000 		.4byte	0x6b
 1215 04b8 05       		.uleb128 0x5
 1216 04b9 03       		.byte	0x3
 1217 04ba 00000000 		.4byte	startNotification
 1218 04be 15       		.uleb128 0x15
 1219 04bf 91000000 		.4byte	.LASF125
 1220 04c3 01       		.byte	0x1
ARM GAS  C:\Users\Lenovo\AppData\Local\Temp\ccMEHr1f.s 			page 26


 1221 04c4 06       		.byte	0x6
 1222 04c5 A8020000 		.4byte	0x2a8
 1223 04c9 05       		.uleb128 0x5
 1224 04ca 03       		.byte	0x3
 1225 04cb 00000000 		.4byte	connectionHandle
 1226 04cf 15       		.uleb128 0x15
 1227 04d0 EA0B0000 		.4byte	.LASF126
 1228 04d4 01       		.byte	0x1
 1229 04d5 08       		.byte	0x8
 1230 04d6 6B000000 		.4byte	0x6b
 1231 04da 05       		.uleb128 0x5
 1232 04db 03       		.byte	0x3
 1233 04dc 00000000 		.4byte	restartAdvertisement
 1234 04e0 15       		.uleb128 0x15
 1235 04e1 1D0C0000 		.4byte	.LASF127
 1236 04e5 01       		.byte	0x1
 1237 04e6 0A       		.byte	0xa
 1238 04e7 6B000000 		.4byte	0x6b
 1239 04eb 05       		.uleb128 0x5
 1240 04ec 03       		.byte	0x3
 1241 04ed 00000000 		.4byte	updateNotificationCCCAttribute
 1242 04f1 15       		.uleb128 0x15
 1243 04f2 F3080000 		.4byte	.LASF128
 1244 04f6 01       		.byte	0x1
 1245 04f7 0C       		.byte	0xc
 1246 04f8 6B000000 		.4byte	0x6b
 1247 04fc 05       		.uleb128 0x5
 1248 04fd 03       		.byte	0x3
 1249 04fe 00000000 		.4byte	busyStatus
 1250 0502 00       		.byte	0
 1251              		.section	.debug_abbrev,"",%progbits
 1252              	.Ldebug_abbrev0:
 1253 0000 01       		.uleb128 0x1
 1254 0001 11       		.uleb128 0x11
 1255 0002 01       		.byte	0x1
 1256 0003 25       		.uleb128 0x25
 1257 0004 0E       		.uleb128 0xe
 1258 0005 13       		.uleb128 0x13
 1259 0006 0B       		.uleb128 0xb
 1260 0007 03       		.uleb128 0x3
 1261 0008 0E       		.uleb128 0xe
 1262 0009 1B       		.uleb128 0x1b
 1263 000a 0E       		.uleb128 0xe
 1264 000b 55       		.uleb128 0x55
 1265 000c 17       		.uleb128 0x17
 1266 000d 11       		.uleb128 0x11
 1267 000e 01       		.uleb128 0x1
 1268 000f 10       		.uleb128 0x10
 1269 0010 17       		.uleb128 0x17
 1270 0011 00       		.byte	0
 1271 0012 00       		.byte	0
 1272 0013 02       		.uleb128 0x2
 1273 0014 24       		.uleb128 0x24
 1274 0015 00       		.byte	0
 1275 0016 0B       		.uleb128 0xb
 1276 0017 0B       		.uleb128 0xb
 1277 0018 3E       		.uleb128 0x3e
ARM GAS  C:\Users\Lenovo\AppData\Local\Temp\ccMEHr1f.s 			page 27


 1278 0019 0B       		.uleb128 0xb
 1279 001a 03       		.uleb128 0x3
 1280 001b 0E       		.uleb128 0xe
 1281 001c 00       		.byte	0
 1282 001d 00       		.byte	0
 1283 001e 03       		.uleb128 0x3
 1284 001f 24       		.uleb128 0x24
 1285 0020 00       		.byte	0
 1286 0021 0B       		.uleb128 0xb
 1287 0022 0B       		.uleb128 0xb
 1288 0023 3E       		.uleb128 0x3e
 1289 0024 0B       		.uleb128 0xb
 1290 0025 03       		.uleb128 0x3
 1291 0026 08       		.uleb128 0x8
 1292 0027 00       		.byte	0
 1293 0028 00       		.byte	0
 1294 0029 04       		.uleb128 0x4
 1295 002a 16       		.uleb128 0x16
 1296 002b 00       		.byte	0
 1297 002c 03       		.uleb128 0x3
 1298 002d 0E       		.uleb128 0xe
 1299 002e 3A       		.uleb128 0x3a
 1300 002f 0B       		.uleb128 0xb
 1301 0030 3B       		.uleb128 0x3b
 1302 0031 05       		.uleb128 0x5
 1303 0032 49       		.uleb128 0x49
 1304 0033 13       		.uleb128 0x13
 1305 0034 00       		.byte	0
 1306 0035 00       		.byte	0
 1307 0036 05       		.uleb128 0x5
 1308 0037 0F       		.uleb128 0xf
 1309 0038 00       		.byte	0
 1310 0039 0B       		.uleb128 0xb
 1311 003a 0B       		.uleb128 0xb
 1312 003b 00       		.byte	0
 1313 003c 00       		.byte	0
 1314 003d 06       		.uleb128 0x6
 1315 003e 04       		.uleb128 0x4
 1316 003f 01       		.byte	0x1
 1317 0040 0B       		.uleb128 0xb
 1318 0041 0B       		.uleb128 0xb
 1319 0042 49       		.uleb128 0x49
 1320 0043 13       		.uleb128 0x13
 1321 0044 3A       		.uleb128 0x3a
 1322 0045 0B       		.uleb128 0xb
 1323 0046 3B       		.uleb128 0x3b
 1324 0047 05       		.uleb128 0x5
 1325 0048 01       		.uleb128 0x1
 1326 0049 13       		.uleb128 0x13
 1327 004a 00       		.byte	0
 1328 004b 00       		.byte	0
 1329 004c 07       		.uleb128 0x7
 1330 004d 28       		.uleb128 0x28
 1331 004e 00       		.byte	0
 1332 004f 03       		.uleb128 0x3
 1333 0050 0E       		.uleb128 0xe
 1334 0051 1C       		.uleb128 0x1c
ARM GAS  C:\Users\Lenovo\AppData\Local\Temp\ccMEHr1f.s 			page 28


 1335 0052 0B       		.uleb128 0xb
 1336 0053 00       		.byte	0
 1337 0054 00       		.byte	0
 1338 0055 08       		.uleb128 0x8
 1339 0056 0F       		.uleb128 0xf
 1340 0057 00       		.byte	0
 1341 0058 0B       		.uleb128 0xb
 1342 0059 0B       		.uleb128 0xb
 1343 005a 49       		.uleb128 0x49
 1344 005b 13       		.uleb128 0x13
 1345 005c 00       		.byte	0
 1346 005d 00       		.byte	0
 1347 005e 09       		.uleb128 0x9
 1348 005f 13       		.uleb128 0x13
 1349 0060 01       		.byte	0x1
 1350 0061 0B       		.uleb128 0xb
 1351 0062 0B       		.uleb128 0xb
 1352 0063 3A       		.uleb128 0x3a
 1353 0064 0B       		.uleb128 0xb
 1354 0065 3B       		.uleb128 0x3b
 1355 0066 05       		.uleb128 0x5
 1356 0067 01       		.uleb128 0x1
 1357 0068 13       		.uleb128 0x13
 1358 0069 00       		.byte	0
 1359 006a 00       		.byte	0
 1360 006b 0A       		.uleb128 0xa
 1361 006c 0D       		.uleb128 0xd
 1362 006d 00       		.byte	0
 1363 006e 03       		.uleb128 0x3
 1364 006f 0E       		.uleb128 0xe
 1365 0070 3A       		.uleb128 0x3a
 1366 0071 0B       		.uleb128 0xb
 1367 0072 3B       		.uleb128 0x3b
 1368 0073 05       		.uleb128 0x5
 1369 0074 49       		.uleb128 0x49
 1370 0075 13       		.uleb128 0x13
 1371 0076 38       		.uleb128 0x38
 1372 0077 0B       		.uleb128 0xb
 1373 0078 00       		.byte	0
 1374 0079 00       		.byte	0
 1375 007a 0B       		.uleb128 0xb
 1376 007b 0D       		.uleb128 0xd
 1377 007c 00       		.byte	0
 1378 007d 03       		.uleb128 0x3
 1379 007e 08       		.uleb128 0x8
 1380 007f 3A       		.uleb128 0x3a
 1381 0080 0B       		.uleb128 0xb
 1382 0081 3B       		.uleb128 0x3b
 1383 0082 05       		.uleb128 0x5
 1384 0083 49       		.uleb128 0x49
 1385 0084 13       		.uleb128 0x13
 1386 0085 38       		.uleb128 0x38
 1387 0086 0B       		.uleb128 0xb
 1388 0087 00       		.byte	0
 1389 0088 00       		.byte	0
 1390 0089 0C       		.uleb128 0xc
 1391 008a 16       		.uleb128 0x16
ARM GAS  C:\Users\Lenovo\AppData\Local\Temp\ccMEHr1f.s 			page 29


 1392 008b 00       		.byte	0
 1393 008c 03       		.uleb128 0x3
 1394 008d 0E       		.uleb128 0xe
 1395 008e 3A       		.uleb128 0x3a
 1396 008f 0B       		.uleb128 0xb
 1397 0090 3B       		.uleb128 0x3b
 1398 0091 0B       		.uleb128 0xb
 1399 0092 49       		.uleb128 0x49
 1400 0093 13       		.uleb128 0x13
 1401 0094 00       		.byte	0
 1402 0095 00       		.byte	0
 1403 0096 0D       		.uleb128 0xd
 1404 0097 13       		.uleb128 0x13
 1405 0098 01       		.byte	0x1
 1406 0099 0B       		.uleb128 0xb
 1407 009a 0B       		.uleb128 0xb
 1408 009b 3A       		.uleb128 0x3a
 1409 009c 0B       		.uleb128 0xb
 1410 009d 3B       		.uleb128 0x3b
 1411 009e 0B       		.uleb128 0xb
 1412 009f 01       		.uleb128 0x1
 1413 00a0 13       		.uleb128 0x13
 1414 00a1 00       		.byte	0
 1415 00a2 00       		.byte	0
 1416 00a3 0E       		.uleb128 0xe
 1417 00a4 0D       		.uleb128 0xd
 1418 00a5 00       		.byte	0
 1419 00a6 03       		.uleb128 0x3
 1420 00a7 0E       		.uleb128 0xe
 1421 00a8 3A       		.uleb128 0x3a
 1422 00a9 0B       		.uleb128 0xb
 1423 00aa 3B       		.uleb128 0x3b
 1424 00ab 0B       		.uleb128 0xb
 1425 00ac 49       		.uleb128 0x49
 1426 00ad 13       		.uleb128 0x13
 1427 00ae 38       		.uleb128 0x38
 1428 00af 0B       		.uleb128 0xb
 1429 00b0 00       		.byte	0
 1430 00b1 00       		.byte	0
 1431 00b2 0F       		.uleb128 0xf
 1432 00b3 2E       		.uleb128 0x2e
 1433 00b4 01       		.byte	0x1
 1434 00b5 3F       		.uleb128 0x3f
 1435 00b6 19       		.uleb128 0x19
 1436 00b7 03       		.uleb128 0x3
 1437 00b8 0E       		.uleb128 0xe
 1438 00b9 3A       		.uleb128 0x3a
 1439 00ba 0B       		.uleb128 0xb
 1440 00bb 3B       		.uleb128 0x3b
 1441 00bc 0B       		.uleb128 0xb
 1442 00bd 27       		.uleb128 0x27
 1443 00be 19       		.uleb128 0x19
 1444 00bf 11       		.uleb128 0x11
 1445 00c0 01       		.uleb128 0x1
 1446 00c1 12       		.uleb128 0x12
 1447 00c2 06       		.uleb128 0x6
 1448 00c3 40       		.uleb128 0x40
ARM GAS  C:\Users\Lenovo\AppData\Local\Temp\ccMEHr1f.s 			page 30


 1449 00c4 18       		.uleb128 0x18
 1450 00c5 9642     		.uleb128 0x2116
 1451 00c7 19       		.uleb128 0x19
 1452 00c8 01       		.uleb128 0x1
 1453 00c9 13       		.uleb128 0x13
 1454 00ca 00       		.byte	0
 1455 00cb 00       		.byte	0
 1456 00cc 10       		.uleb128 0x10
 1457 00cd 05       		.uleb128 0x5
 1458 00ce 00       		.byte	0
 1459 00cf 03       		.uleb128 0x3
 1460 00d0 0E       		.uleb128 0xe
 1461 00d1 3A       		.uleb128 0x3a
 1462 00d2 0B       		.uleb128 0xb
 1463 00d3 3B       		.uleb128 0x3b
 1464 00d4 0B       		.uleb128 0xb
 1465 00d5 49       		.uleb128 0x49
 1466 00d6 13       		.uleb128 0x13
 1467 00d7 02       		.uleb128 0x2
 1468 00d8 18       		.uleb128 0x18
 1469 00d9 00       		.byte	0
 1470 00da 00       		.byte	0
 1471 00db 11       		.uleb128 0x11
 1472 00dc 34       		.uleb128 0x34
 1473 00dd 00       		.byte	0
 1474 00de 03       		.uleb128 0x3
 1475 00df 0E       		.uleb128 0xe
 1476 00e0 3A       		.uleb128 0x3a
 1477 00e1 0B       		.uleb128 0xb
 1478 00e2 3B       		.uleb128 0x3b
 1479 00e3 0B       		.uleb128 0xb
 1480 00e4 49       		.uleb128 0x49
 1481 00e5 13       		.uleb128 0x13
 1482 00e6 02       		.uleb128 0x2
 1483 00e7 18       		.uleb128 0x18
 1484 00e8 00       		.byte	0
 1485 00e9 00       		.byte	0
 1486 00ea 12       		.uleb128 0x12
 1487 00eb 01       		.uleb128 0x1
 1488 00ec 01       		.byte	0x1
 1489 00ed 49       		.uleb128 0x49
 1490 00ee 13       		.uleb128 0x13
 1491 00ef 01       		.uleb128 0x1
 1492 00f0 13       		.uleb128 0x13
 1493 00f1 00       		.byte	0
 1494 00f2 00       		.byte	0
 1495 00f3 13       		.uleb128 0x13
 1496 00f4 21       		.uleb128 0x21
 1497 00f5 00       		.byte	0
 1498 00f6 49       		.uleb128 0x49
 1499 00f7 13       		.uleb128 0x13
 1500 00f8 2F       		.uleb128 0x2f
 1501 00f9 0B       		.uleb128 0xb
 1502 00fa 00       		.byte	0
 1503 00fb 00       		.byte	0
 1504 00fc 14       		.uleb128 0x14
 1505 00fd 34       		.uleb128 0x34
ARM GAS  C:\Users\Lenovo\AppData\Local\Temp\ccMEHr1f.s 			page 31


 1506 00fe 00       		.byte	0
 1507 00ff 03       		.uleb128 0x3
 1508 0100 0E       		.uleb128 0xe
 1509 0101 3A       		.uleb128 0x3a
 1510 0102 0B       		.uleb128 0xb
 1511 0103 3B       		.uleb128 0x3b
 1512 0104 05       		.uleb128 0x5
 1513 0105 49       		.uleb128 0x49
 1514 0106 13       		.uleb128 0x13
 1515 0107 3F       		.uleb128 0x3f
 1516 0108 19       		.uleb128 0x19
 1517 0109 3C       		.uleb128 0x3c
 1518 010a 19       		.uleb128 0x19
 1519 010b 00       		.byte	0
 1520 010c 00       		.byte	0
 1521 010d 15       		.uleb128 0x15
 1522 010e 34       		.uleb128 0x34
 1523 010f 00       		.byte	0
 1524 0110 03       		.uleb128 0x3
 1525 0111 0E       		.uleb128 0xe
 1526 0112 3A       		.uleb128 0x3a
 1527 0113 0B       		.uleb128 0xb
 1528 0114 3B       		.uleb128 0x3b
 1529 0115 0B       		.uleb128 0xb
 1530 0116 49       		.uleb128 0x49
 1531 0117 13       		.uleb128 0x13
 1532 0118 3F       		.uleb128 0x3f
 1533 0119 19       		.uleb128 0x19
 1534 011a 02       		.uleb128 0x2
 1535 011b 18       		.uleb128 0x18
 1536 011c 00       		.byte	0
 1537 011d 00       		.byte	0
 1538 011e 00       		.byte	0
 1539              		.section	.debug_aranges,"",%progbits
 1540 0000 34000000 		.4byte	0x34
 1541 0004 0200     		.2byte	0x2
 1542 0006 00000000 		.4byte	.Ldebug_info0
 1543 000a 04       		.byte	0x4
 1544 000b 00       		.byte	0
 1545 000c 0000     		.2byte	0
 1546 000e 0000     		.2byte	0
 1547 0010 00000000 		.4byte	.LFB37
 1548 0014 E8000000 		.4byte	.LFE37-.LFB37
 1549 0018 00000000 		.4byte	.LFB38
 1550 001c 5C000000 		.4byte	.LFE38-.LFB38
 1551 0020 00000000 		.4byte	.LFB39
 1552 0024 5C000000 		.4byte	.LFE39-.LFB39
 1553 0028 00000000 		.4byte	.LFB40
 1554 002c CC000000 		.4byte	.LFE40-.LFB40
 1555 0030 00000000 		.4byte	0
 1556 0034 00000000 		.4byte	0
 1557              		.section	.debug_ranges,"",%progbits
 1558              	.Ldebug_ranges0:
 1559 0000 00000000 		.4byte	.LFB37
 1560 0004 E8000000 		.4byte	.LFE37
 1561 0008 00000000 		.4byte	.LFB38
 1562 000c 5C000000 		.4byte	.LFE38
ARM GAS  C:\Users\Lenovo\AppData\Local\Temp\ccMEHr1f.s 			page 32


 1563 0010 00000000 		.4byte	.LFB39
 1564 0014 5C000000 		.4byte	.LFE39
 1565 0018 00000000 		.4byte	.LFB40
 1566 001c CC000000 		.4byte	.LFE40
 1567 0020 00000000 		.4byte	0
 1568 0024 00000000 		.4byte	0
 1569              		.section	.debug_line,"",%progbits
 1570              	.Ldebug_line0:
 1571 0000 38010000 		.section	.debug_str,"MS",%progbits,1
 1571      02009D00 
 1571      00000201 
 1571      FB0E0D00 
 1571      01010101 
 1572              	.LASF81:
 1573 0000 4359424C 		.ascii	"CYBLE_EVT_L2CAP_CBFC_RX_CREDIT_IND\000"
 1573      455F4556 
 1573      545F4C32 
 1573      4341505F 
 1573      43424643 
 1574              	.LASF22:
 1575 0023 4359424C 		.ascii	"CYBLE_EVT_STACK_BUSY_STATUS\000"
 1575      455F4556 
 1575      545F5354 
 1575      41434B5F 
 1575      42555359 
 1576              	.LASF102:
 1577 003f 4359424C 		.ascii	"CYBLE_STATE_STOPPED\000"
 1577      455F5354 
 1577      4154455F 
 1577      53544F50 
 1577      50454400 
 1578              	.LASF80:
 1579 0053 4359424C 		.ascii	"CYBLE_EVT_L2CAP_CBFC_DATA_READ\000"
 1579      455F4556 
 1579      545F4C32 
 1579      4341505F 
 1579      43424643 
 1580              	.LASF92:
 1581 0072 4359424C 		.ascii	"CYBLE_CONN_HANDLE_T\000"
 1581      455F434F 
 1581      4E4E5F48 
 1581      414E444C 
 1581      455F5400 
 1582              	.LASF99:
 1583 0086 636F6E6E 		.ascii	"connHandle\000"
 1583      48616E64 
 1583      6C6500
 1584              	.LASF125:
 1585 0091 636F6E6E 		.ascii	"connectionHandle\000"
 1585      65637469 
 1585      6F6E4861 
 1585      6E646C65 
 1585      00
 1586              	.LASF34:
 1587 00a2 4359424C 		.ascii	"CYBLE_EVT_GAP_CONNECTION_UPDATE_COMPLETE\000"
 1587      455F4556 
 1587      545F4741 
ARM GAS  C:\Users\Lenovo\AppData\Local\Temp\ccMEHr1f.s 			page 33


 1587      505F434F 
 1587      4E4E4543 
 1588              	.LASF79:
 1589 00cb 4359424C 		.ascii	"CYBLE_EVT_L2CAP_CBFC_DISCONN_CNF\000"
 1589      455F4556 
 1589      545F4C32 
 1589      4341505F 
 1589      43424643 
 1590              	.LASF39:
 1591 00ec 4359424C 		.ascii	"CYBLE_EVT_GAP_OOB_GENERATED_NOTIFICATION\000"
 1591      455F4556 
 1591      545F4741 
 1591      505F4F4F 
 1591      425F4745 
 1592              	.LASF59:
 1593 0115 4359424C 		.ascii	"CYBLE_EVT_GATTC_READ_MULTI_RSP\000"
 1593      455F4556 
 1593      545F4741 
 1593      5454435F 
 1593      52454144 
 1594              	.LASF64:
 1595 0134 4359424C 		.ascii	"CYBLE_EVT_GATTS_EXEC_WRITE_REQ\000"
 1595      455F4556 
 1595      545F4741 
 1595      5454535F 
 1595      45584543 
 1596              	.LASF19:
 1597 0153 4359424C 		.ascii	"CYBLE_EVT_TIMEOUT\000"
 1597      455F4556 
 1597      545F5449 
 1597      4D454F55 
 1597      5400
 1598              	.LASF4:
 1599 0165 6C6F6E67 		.ascii	"long int\000"
 1599      20696E74 
 1599      00
 1600              	.LASF7:
 1601 016e 6C6F6E67 		.ascii	"long long unsigned int\000"
 1601      206C6F6E 
 1601      6720756E 
 1601      7369676E 
 1601      65642069 
 1602              	.LASF94:
 1603 0185 4359424C 		.ascii	"CYBLE_GATT_VALUE_T\000"
 1603      455F4741 
 1603      54545F56 
 1603      414C5545 
 1603      5F5400
 1604              	.LASF21:
 1605 0198 4359424C 		.ascii	"CYBLE_EVT_HCI_STATUS\000"
 1605      455F4556 
 1605      545F4843 
 1605      495F5354 
 1605      41545553 
 1606              	.LASF84:
 1607 01ad 4359424C 		.ascii	"CYBLE_EVT_PENDING_FLASH_WRITE\000"
 1607      455F4556 
ARM GAS  C:\Users\Lenovo\AppData\Local\Temp\ccMEHr1f.s 			page 34


 1607      545F5045 
 1607      4E44494E 
 1607      475F464C 
 1608              	.LASF73:
 1609 01cb 4359424C 		.ascii	"CYBLE_EVT_L2CAP_CONN_PARAM_UPDATE_REQ\000"
 1609      455F4556 
 1609      545F4C32 
 1609      4341505F 
 1609      434F4E4E 
 1610              	.LASF37:
 1611 01f1 4359424C 		.ascii	"CYBLE_EVT_GAP_NUMERIC_COMPARISON_REQUEST\000"
 1611      455F4556 
 1611      545F4741 
 1611      505F4E55 
 1611      4D455249 
 1612              	.LASF105:
 1613 021a 4359424C 		.ascii	"CYBLE_STATE_ADVERTISING\000"
 1613      455F5354 
 1613      4154455F 
 1613      41445645 
 1613      52544953 
 1614              	.LASF6:
 1615 0232 6C6F6E67 		.ascii	"long long int\000"
 1615      206C6F6E 
 1615      6720696E 
 1615      7400
 1616              	.LASF0:
 1617 0240 7369676E 		.ascii	"signed char\000"
 1617      65642063 
 1617      68617200 
 1618              	.LASF18:
 1619 024c 4359424C 		.ascii	"CYBLE_EVT_STACK_ON\000"
 1619      455F4556 
 1619      545F5354 
 1619      41434B5F 
 1619      4F4E00
 1620              	.LASF35:
 1621 025f 4359424C 		.ascii	"CYBLE_EVT_GAPC_SCAN_START_STOP\000"
 1621      455F4556 
 1621      545F4741 
 1621      50435F53 
 1621      43414E5F 
 1622              	.LASF93:
 1623 027e 61637475 		.ascii	"actualLen\000"
 1623      616C4C65 
 1623      6E00
 1624              	.LASF25:
 1625 0288 4359424C 		.ascii	"CYBLE_EVT_GAP_AUTH_REQ\000"
 1625      455F4556 
 1625      545F4741 
 1625      505F4155 
 1625      54485F52 
 1626              	.LASF57:
 1627 029f 4359424C 		.ascii	"CYBLE_EVT_GATTC_READ_RSP\000"
 1627      455F4556 
 1627      545F4741 
 1627      5454435F 
ARM GAS  C:\Users\Lenovo\AppData\Local\Temp\ccMEHr1f.s 			page 35


 1627      52454144 
 1628              	.LASF120:
 1629 02b8 73746174 		.ascii	"state\000"
 1629      6500
 1630              	.LASF62:
 1631 02be 4359424C 		.ascii	"CYBLE_EVT_GATTS_WRITE_CMD_REQ\000"
 1631      455F4556 
 1631      545F4741 
 1631      5454535F 
 1631      57524954 
 1632              	.LASF118:
 1633 02dc 48616E64 		.ascii	"HandleStatusLED\000"
 1633      6C655374 
 1633      61747573 
 1633      4C454400 
 1634              	.LASF106:
 1635 02ec 4359424C 		.ascii	"CYBLE_STATE_DISCONNECTED\000"
 1635      455F5354 
 1635      4154455F 
 1635      44495343 
 1635      4F4E4E45 
 1636              	.LASF30:
 1637 0305 4359424C 		.ascii	"CYBLE_EVT_GAPP_ADVERTISEMENT_START_STOP\000"
 1637      455F4556 
 1637      545F4741 
 1637      50505F41 
 1637      44564552 
 1638              	.LASF114:
 1639 032d 6E6F7469 		.ascii	"notificationHandle\000"
 1639      66696361 
 1639      74696F6E 
 1639      48616E64 
 1639      6C6500
 1640              	.LASF9:
 1641 0340 75696E74 		.ascii	"uint8\000"
 1641      3800
 1642              	.LASF65:
 1643 0346 4359424C 		.ascii	"CYBLE_EVT_GATTC_EXEC_WRITE_RSP\000"
 1643      455F4556 
 1643      545F4741 
 1643      5454435F 
 1643      45584543 
 1644              	.LASF13:
 1645 0365 646F7562 		.ascii	"double\000"
 1645      6C6500
 1646              	.LASF78:
 1647 036c 4359424C 		.ascii	"CYBLE_EVT_L2CAP_CBFC_DISCONN_IND\000"
 1647      455F4556 
 1647      545F4C32 
 1647      4341505F 
 1647      43424643 
 1648              	.LASF116:
 1649 038d 43434344 		.ascii	"CCCDvalue\000"
 1649      76616C75 
 1649      6500
 1650              	.LASF11:
 1651 0397 75696E74 		.ascii	"uint32\000"
ARM GAS  C:\Users\Lenovo\AppData\Local\Temp\ccMEHr1f.s 			page 36


 1651      333200
 1652              	.LASF115:
 1653 039e 55706461 		.ascii	"UpdateNotificationCCCD\000"
 1653      74654E6F 
 1653      74696669 
 1653      63617469 
 1653      6F6E4343 
 1654              	.LASF113:
 1655 03b5 77725265 		.ascii	"wrReqParam\000"
 1655      71506172 
 1655      616D00
 1656              	.LASF83:
 1657 03c0 4359424C 		.ascii	"CYBLE_EVT_L2CAP_CBFC_DATA_WRITE_IND\000"
 1657      455F4556 
 1657      545F4C32 
 1657      4341505F 
 1657      43424643 
 1658              	.LASF96:
 1659 03e4 61747472 		.ascii	"attrHandle\000"
 1659      48616E64 
 1659      6C6500
 1660              	.LASF95:
 1661 03ef 76616C75 		.ascii	"value\000"
 1661      6500
 1662              	.LASF70:
 1663 03f5 4359424C 		.ascii	"CYBLE_EVT_GATTC_STOP_CMD_COMPLETE\000"
 1663      455F4556 
 1663      545F4741 
 1663      5454435F 
 1663      53544F50 
 1664              	.LASF8:
 1665 0417 756E7369 		.ascii	"unsigned int\000"
 1665      676E6564 
 1665      20696E74 
 1665      00
 1666              	.LASF85:
 1667 0424 4359424C 		.ascii	"CYBLE_EVT_LE_PING_AUTH_TIMEOUT\000"
 1667      455F4556 
 1667      545F4C45 
 1667      5F50494E 
 1667      475F4155 
 1668              	.LASF5:
 1669 0443 6C6F6E67 		.ascii	"long unsigned int\000"
 1669      20756E73 
 1669      69676E65 
 1669      6420696E 
 1669      7400
 1670              	.LASF44:
 1671 0455 4359424C 		.ascii	"CYBLE_EVT_GAP_CONN_ESTB\000"
 1671      455F4556 
 1671      545F4741 
 1671      505F434F 
 1671      4E4E5F45 
 1672              	.LASF60:
 1673 046d 4359424C 		.ascii	"CYBLE_EVT_GATTS_WRITE_REQ\000"
 1673      455F4556 
 1673      545F4741 
ARM GAS  C:\Users\Lenovo\AppData\Local\Temp\ccMEHr1f.s 			page 37


 1673      5454535F 
 1673      57524954 
 1674              	.LASF52:
 1675 0487 4359424C 		.ascii	"CYBLE_EVT_GATTC_XCHNG_MTU_RSP\000"
 1675      455F4556 
 1675      545F4741 
 1675      5454435F 
 1675      5843484E 
 1676              	.LASF69:
 1677 04a5 4359424C 		.ascii	"CYBLE_EVT_GATTS_DATA_SIGNED_CMD_REQ\000"
 1677      455F4556 
 1677      545F4741 
 1677      5454535F 
 1677      44415441 
 1678              	.LASF72:
 1679 04c9 4359424C 		.ascii	"CYBLE_EVT_GATTC_LONG_PROCEDURE_END\000"
 1679      455F4556 
 1679      545F4741 
 1679      5454435F 
 1679      4C4F4E47 
 1680              	.LASF108:
 1681 04ec 6576656E 		.ascii	"event\000"
 1681      7400
 1682              	.LASF3:
 1683 04f2 73686F72 		.ascii	"short unsigned int\000"
 1683      7420756E 
 1683      7369676E 
 1683      65642069 
 1683      6E7400
 1684              	.LASF17:
 1685 0505 4359424C 		.ascii	"CYBLE_EVT_HOST_INVALID\000"
 1685      455F4556 
 1685      545F484F 
 1685      53545F49 
 1685      4E56414C 
 1686              	.LASF55:
 1687 051c 4359424C 		.ascii	"CYBLE_EVT_GATTC_FIND_INFO_RSP\000"
 1687      455F4556 
 1687      545F4741 
 1687      5454435F 
 1687      46494E44 
 1688              	.LASF23:
 1689 053a 4359424C 		.ascii	"CYBLE_EVT_MEMORY_REQUEST\000"
 1689      455F4556 
 1689      545F4D45 
 1689      4D4F5259 
 1689      5F524551 
 1690              	.LASF26:
 1691 0553 4359424C 		.ascii	"CYBLE_EVT_GAP_PASSKEY_ENTRY_REQUEST\000"
 1691      455F4556 
 1691      545F4741 
 1691      505F5041 
 1691      53534B45 
 1692              	.LASF31:
 1693 0577 4359424C 		.ascii	"CYBLE_EVT_GAP_DEVICE_CONNECTED\000"
 1693      455F4556 
 1693      545F4741 
ARM GAS  C:\Users\Lenovo\AppData\Local\Temp\ccMEHr1f.s 			page 38


 1693      505F4445 
 1693      56494345 
 1694              	.LASF46:
 1695 0596 4359424C 		.ascii	"CYBLE_EVT_GAP_AUTH_REQ_REPLY_ERR\000"
 1695      455F4556 
 1695      545F4741 
 1695      505F4155 
 1695      54485F52 
 1696              	.LASF122:
 1697 05b7 6379426C 		.ascii	"cyBle_state\000"
 1697      655F7374 
 1697      61746500 
 1698              	.LASF129:
 1699 05c3 474E5520 		.ascii	"GNU C11 5.4.1 20160609 (release) [ARM/embedded-5-br"
 1699      43313120 
 1699      352E342E 
 1699      31203230 
 1699      31363036 
 1700 05f6 616E6368 		.ascii	"anch revision 237715] -mcpu=cortex-m0 -mthumb -g -O"
 1700      20726576 
 1700      6973696F 
 1700      6E203233 
 1700      37373135 
 1701 0629 30202D66 		.ascii	"0 -ffunction-sections -ffat-lto-objects\000"
 1701      66756E63 
 1701      74696F6E 
 1701      2D736563 
 1701      74696F6E 
 1702              	.LASF49:
 1703 0651 4359424C 		.ascii	"CYBLE_EVT_GATT_CONNECT_IND\000"
 1703      455F4556 
 1703      545F4741 
 1703      54545F43 
 1703      4F4E4E45 
 1704              	.LASF91:
 1705 066c 61747449 		.ascii	"attId\000"
 1705      6400
 1706              	.LASF75:
 1707 0672 4359424C 		.ascii	"CYBLE_EVT_L2CAP_COMMAND_REJ\000"
 1707      455F4556 
 1707      545F4C32 
 1707      4341505F 
 1707      434F4D4D 
 1708              	.LASF24:
 1709 068e 4359424C 		.ascii	"CYBLE_EVT_GAPC_SCAN_PROGRESS_RESULT\000"
 1709      455F4556 
 1709      545F4741 
 1709      50435F53 
 1709      43414E5F 
 1710              	.LASF100:
 1711 06b2 68616E64 		.ascii	"handleValPair\000"
 1711      6C655661 
 1711      6C506169 
 1711      7200
 1712              	.LASF47:
 1713 06c0 4359424C 		.ascii	"CYBLE_EVT_GAP_SMP_LOC_P256_KEYS_GEN_AND_SET_COMPLET"
 1713      455F4556 
ARM GAS  C:\Users\Lenovo\AppData\Local\Temp\ccMEHr1f.s 			page 39


 1713      545F4741 
 1713      505F534D 
 1713      505F4C4F 
 1714 06f3 4500     		.ascii	"E\000"
 1715              	.LASF76:
 1716 06f5 4359424C 		.ascii	"CYBLE_EVT_L2CAP_CBFC_CONN_IND\000"
 1716      455F4556 
 1716      545F4C32 
 1716      4341505F 
 1716      43424643 
 1717              	.LASF54:
 1718 0713 4359424C 		.ascii	"CYBLE_EVT_GATTC_READ_BY_TYPE_RSP\000"
 1718      455F4556 
 1718      545F4741 
 1718      5454435F 
 1718      52454144 
 1719              	.LASF16:
 1720 0734 73697A65 		.ascii	"sizetype\000"
 1720      74797065 
 1720      00
 1721              	.LASF101:
 1722 073d 4359424C 		.ascii	"CYBLE_GATTS_WRITE_REQ_PARAM_T\000"
 1722      455F4741 
 1722      5454535F 
 1722      57524954 
 1722      455F5245 
 1723              	.LASF98:
 1724 075b 4359424C 		.ascii	"CYBLE_GATTS_HANDLE_VALUE_NTF_T\000"
 1724      455F4741 
 1724      5454535F 
 1724      48414E44 
 1724      4C455F56 
 1725              	.LASF103:
 1726 077a 4359424C 		.ascii	"CYBLE_STATE_INITIALIZING\000"
 1726      455F5354 
 1726      4154455F 
 1726      494E4954 
 1726      49414C49 
 1727              	.LASF88:
 1728 0793 4359424C 		.ascii	"CYBLE_EVT_MAX\000"
 1728      455F4556 
 1728      545F4D41 
 1728      5800
 1729              	.LASF29:
 1730 07a1 4359424C 		.ascii	"CYBLE_EVT_GAP_AUTH_FAILED\000"
 1730      455F4556 
 1730      545F4741 
 1730      505F4155 
 1730      54485F46 
 1731              	.LASF61:
 1732 07bb 4359424C 		.ascii	"CYBLE_EVT_GATTC_WRITE_RSP\000"
 1732      455F4556 
 1732      545F4741 
 1732      5454435F 
 1732      57524954 
 1733              	.LASF42:
 1734 07d5 4359424C 		.ascii	"CYBLE_EVT_GAPC_DIRECT_ADV_REPORT\000"
ARM GAS  C:\Users\Lenovo\AppData\Local\Temp\ccMEHr1f.s 			page 40


 1734      455F4556 
 1734      545F4741 
 1734      50435F44 
 1734      49524543 
 1735              	.LASF40:
 1736 07f6 4359424C 		.ascii	"CYBLE_EVT_GAP_DATA_LENGTH_CHANGE\000"
 1736      455F4556 
 1736      545F4741 
 1736      505F4441 
 1736      54415F4C 
 1737              	.LASF110:
 1738 0817 43757374 		.ascii	"CustomEventHandler\000"
 1738      6F6D4576 
 1738      656E7448 
 1738      616E646C 
 1738      657200
 1739              	.LASF123:
 1740 082a 64657669 		.ascii	"deviceConnected\000"
 1740      6365436F 
 1740      6E6E6563 
 1740      74656400 
 1741              	.LASF28:
 1742 083a 4359424C 		.ascii	"CYBLE_EVT_GAP_AUTH_COMPLETE\000"
 1742      455F4556 
 1742      545F4741 
 1742      505F4155 
 1742      54485F43 
 1743              	.LASF66:
 1744 0856 4359424C 		.ascii	"CYBLE_EVT_GATTC_HANDLE_VALUE_NTF\000"
 1744      455F4556 
 1744      545F4741 
 1744      5454435F 
 1744      48414E44 
 1745              	.LASF97:
 1746 0877 4359424C 		.ascii	"CYBLE_GATT_HANDLE_VALUE_PAIR_T\000"
 1746      455F4741 
 1746      54545F48 
 1746      414E444C 
 1746      455F5641 
 1747              	.LASF77:
 1748 0896 4359424C 		.ascii	"CYBLE_EVT_L2CAP_CBFC_CONN_CNF\000"
 1748      455F4556 
 1748      545F4C32 
 1748      4341505F 
 1748      43424643 
 1749              	.LASF53:
 1750 08b4 4359424C 		.ascii	"CYBLE_EVT_GATTC_READ_BY_GROUP_TYPE_RSP\000"
 1750      455F4556 
 1750      545F4741 
 1750      5454435F 
 1750      52454144 
 1751              	.LASF12:
 1752 08db 666C6F61 		.ascii	"float\000"
 1752      7400
 1753              	.LASF124:
 1754 08e1 73746172 		.ascii	"startNotification\000"
 1754      744E6F74 
ARM GAS  C:\Users\Lenovo\AppData\Local\Temp\ccMEHr1f.s 			page 41


 1754      69666963 
 1754      6174696F 
 1754      6E00
 1755              	.LASF128:
 1756 08f3 62757379 		.ascii	"busyStatus\000"
 1756      53746174 
 1756      757300
 1757              	.LASF121:
 1758 08fe 73746174 		.ascii	"state_changed\000"
 1758      655F6368 
 1758      616E6765 
 1758      6400
 1759              	.LASF1:
 1760 090c 756E7369 		.ascii	"unsigned char\000"
 1760      676E6564 
 1760      20636861 
 1760      7200
 1761              	.LASF10:
 1762 091a 75696E74 		.ascii	"uint16\000"
 1762      313600
 1763              	.LASF38:
 1764 0921 4359424C 		.ascii	"CYBLE_EVT_GAP_KEYPRESS_NOTIFICATION\000"
 1764      455F4556 
 1764      545F4741 
 1764      505F4B45 
 1764      59505245 
 1765              	.LASF2:
 1766 0945 73686F72 		.ascii	"short int\000"
 1766      7420696E 
 1766      7400
 1767              	.LASF67:
 1768 094f 4359424C 		.ascii	"CYBLE_EVT_GATTC_HANDLE_VALUE_IND\000"
 1768      455F4556 
 1768      545F4741 
 1768      5454435F 
 1768      48414E44 
 1769              	.LASF104:
 1770 0970 4359424C 		.ascii	"CYBLE_STATE_CONNECTED\000"
 1770      455F5354 
 1770      4154455F 
 1770      434F4E4E 
 1770      45435445 
 1771              	.LASF86:
 1772 0986 4359424C 		.ascii	"CYBLE_EVT_HCI_PKT\000"
 1772      455F4556 
 1772      545F4843 
 1772      495F504B 
 1772      5400
 1773              	.LASF63:
 1774 0998 4359424C 		.ascii	"CYBLE_EVT_GATTS_PREP_WRITE_REQ\000"
 1774      455F4556 
 1774      545F4741 
 1774      5454535F 
 1774      50524550 
 1775              	.LASF33:
 1776 09b7 4359424C 		.ascii	"CYBLE_EVT_GAP_ENCRYPT_CHANGE\000"
 1776      455F4556 
ARM GAS  C:\Users\Lenovo\AppData\Local\Temp\ccMEHr1f.s 			page 42


 1776      545F4741 
 1776      505F454E 
 1776      43525950 
 1777              	.LASF117:
 1778 09d4 6E6F7469 		.ascii	"notificationCCCDhandle\000"
 1778      66696361 
 1778      74696F6E 
 1778      43434344 
 1778      68616E64 
 1779              	.LASF68:
 1780 09eb 4359424C 		.ascii	"CYBLE_EVT_GATTS_HANDLE_VALUE_CNF\000"
 1780      455F4556 
 1780      545F4741 
 1780      5454535F 
 1780      48414E44 
 1781              	.LASF48:
 1782 0a0c 4359424C 		.ascii	"CYBLE_EVT_GATTC_ERROR_RSP\000"
 1782      455F4556 
 1782      545F4741 
 1782      5454435F 
 1782      4552524F 
 1783              	.LASF43:
 1784 0a26 4359424C 		.ascii	"CYBLE_EVT_GAP_SMP_NEGOTIATED_AUTH_INFO\000"
 1784      455F4556 
 1784      545F4741 
 1784      505F534D 
 1784      505F4E45 
 1785              	.LASF131:
 1786 0a4d 443A5C4D 		.ascii	"D:\\Microprocess2\\lab5 FindMeProximity\\Lab6.cydsn"
 1786      6963726F 
 1786      70726F63 
 1786      65737332 
 1786      5C6C6162 
 1787 0a7d 00       		.ascii	"\000"
 1788              	.LASF111:
 1789 0a7e 53656E64 		.ascii	"SendDataOverCapSenseNotification\000"
 1789      44617461 
 1789      4F766572 
 1789      43617053 
 1789      656E7365 
 1790              	.LASF15:
 1791 0a9f 6C6F6E67 		.ascii	"long double\000"
 1791      20646F75 
 1791      626C6500 
 1792              	.LASF87:
 1793 0aab 4359424C 		.ascii	"CYBLE_EVT_FLASH_CORRUPT\000"
 1793      455F4556 
 1793      545F464C 
 1793      4153485F 
 1793      434F5252 
 1794              	.LASF14:
 1795 0ac3 63686172 		.ascii	"char\000"
 1795      00
 1796              	.LASF45:
 1797 0ac8 4359424C 		.ascii	"CYBLE_EVT_GAP_SCAN_REQ_RECVD\000"
 1797      455F4556 
 1797      545F4741 
ARM GAS  C:\Users\Lenovo\AppData\Local\Temp\ccMEHr1f.s 			page 43


 1797      505F5343 
 1797      414E5F52 
 1798              	.LASF32:
 1799 0ae5 4359424C 		.ascii	"CYBLE_EVT_GAP_DEVICE_DISCONNECTED\000"
 1799      455F4556 
 1799      545F4741 
 1799      505F4445 
 1799      56494345 
 1800              	.LASF71:
 1801 0b07 4359424C 		.ascii	"CYBLE_EVT_GATTS_READ_CHAR_VAL_ACCESS_REQ\000"
 1801      455F4556 
 1801      545F4741 
 1801      5454535F 
 1801      52454144 
 1802              	.LASF130:
 1803 0b30 424C4541 		.ascii	"BLEApplications.c\000"
 1803      70706C69 
 1803      63617469 
 1803      6F6E732E 
 1803      6300
 1804              	.LASF82:
 1805 0b42 4359424C 		.ascii	"CYBLE_EVT_L2CAP_CBFC_TX_CREDIT_IND\000"
 1805      455F4556 
 1805      545F4C32 
 1805      4341505F 
 1805      43424643 
 1806              	.LASF27:
 1807 0b65 4359424C 		.ascii	"CYBLE_EVT_GAP_PASSKEY_DISPLAY_REQUEST\000"
 1807      455F4556 
 1807      545F4741 
 1807      505F5041 
 1807      53534B45 
 1808              	.LASF112:
 1809 0b8b 70726F78 		.ascii	"proximityValue\000"
 1809      696D6974 
 1809      7956616C 
 1809      756500
 1810              	.LASF20:
 1811 0b9a 4359424C 		.ascii	"CYBLE_EVT_HARDWARE_ERROR\000"
 1811      455F4556 
 1811      545F4841 
 1811      52445741 
 1811      52455F45 
 1812              	.LASF51:
 1813 0bb3 4359424C 		.ascii	"CYBLE_EVT_GATTS_XCNHG_MTU_REQ\000"
 1813      455F4556 
 1813      545F4741 
 1813      5454535F 
 1813      58434E48 
 1814              	.LASF109:
 1815 0bd1 6576656E 		.ascii	"eventParam\000"
 1815      74506172 
 1815      616D00
 1816              	.LASF107:
 1817 0bdc 4359424C 		.ascii	"CYBLE_STATE_T\000"
 1817      455F5354 
 1817      4154455F 
ARM GAS  C:\Users\Lenovo\AppData\Local\Temp\ccMEHr1f.s 			page 44


 1817      5400
 1818              	.LASF126:
 1819 0bea 72657374 		.ascii	"restartAdvertisement\000"
 1819      61727441 
 1819      64766572 
 1819      74697365 
 1819      6D656E74 
 1820              	.LASF58:
 1821 0bff 4359424C 		.ascii	"CYBLE_EVT_GATTC_READ_BLOB_RSP\000"
 1821      455F4556 
 1821      545F4741 
 1821      5454435F 
 1821      52454144 
 1822              	.LASF127:
 1823 0c1d 75706461 		.ascii	"updateNotificationCCCAttribute\000"
 1823      74654E6F 
 1823      74696669 
 1823      63617469 
 1823      6F6E4343 
 1824              	.LASF56:
 1825 0c3c 4359424C 		.ascii	"CYBLE_EVT_GATTC_FIND_BY_TYPE_VALUE_RSP\000"
 1825      455F4556 
 1825      545F4741 
 1825      5454435F 
 1825      46494E44 
 1826              	.LASF36:
 1827 0c63 4359424C 		.ascii	"CYBLE_EVT_GAP_KEYINFO_EXCHNGE_CMPLT\000"
 1827      455F4556 
 1827      545F4741 
 1827      505F4B45 
 1827      59494E46 
 1828              	.LASF90:
 1829 0c87 62644861 		.ascii	"bdHandle\000"
 1829      6E646C65 
 1829      00
 1830              	.LASF74:
 1831 0c90 4359424C 		.ascii	"CYBLE_EVT_L2CAP_CONN_PARAM_UPDATE_RSP\000"
 1831      455F4556 
 1831      545F4C32 
 1831      4341505F 
 1831      434F4E4E 
 1832              	.LASF41:
 1833 0cb6 4359424C 		.ascii	"CYBLE_EVT_GAP_ENHANCE_CONN_COMPLETE\000"
 1833      455F4556 
 1833      545F4741 
 1833      505F454E 
 1833      48414E43 
 1834              	.LASF89:
 1835 0cda 4359424C 		.ascii	"CYBLE_GATT_DB_ATTR_HANDLE_T\000"
 1835      455F4741 
 1835      54545F44 
 1835      425F4154 
 1835      54525F48 
 1836              	.LASF119:
 1837 0cf6 6C65645F 		.ascii	"led_counter\000"
 1837      636F756E 
 1837      74657200 
ARM GAS  C:\Users\Lenovo\AppData\Local\Temp\ccMEHr1f.s 			page 45


 1838              	.LASF50:
 1839 0d02 4359424C 		.ascii	"CYBLE_EVT_GATT_DISCONNECT_IND\000"
 1839      455F4556 
 1839      545F4741 
 1839      54545F44 
 1839      4953434F 
 1840              		.ident	"GCC: (GNU Tools for ARM Embedded Processors) 5.4.1 20160609 (release) [ARM/embedded-5-bran
