--------------- Rebuild Started: 06/04/2025 12:27:32 Project: Exam_A22_Tyshchenko, Configuration: ARM GCC 5.4-2016-q2-update Debug ---------------
Deleting file ".\CortexM0p\ARM_GCC_541\Debug\startup_psoc6_01_cm0plus.o"
Deleting file ".\CortexM0p\ARM_GCC_541\Debug\main_cm0p.o"
Deleting file ".\CortexM0p\ARM_GCC_541\Debug\system_psoc6_cm0plus.o"
Deleting file ".\CortexM0p\ARM_GCC_541\Debug\GUIConf.o"
Deleting file ".\CortexM0p\ARM_GCC_541\Debug\GUI_X.o"
Deleting file ".\CortexM0p\ARM_GCC_541\Debug\LCDConf.o"
Deleting file ".\CortexM0p\ARM_GCC_541\Debug\cyfitter_sysint_cfg.o"
Deleting file ".\CortexM0p\ARM_GCC_541\Debug\cyfitter_cfg.o"
Deleting file ".\CortexM0p\ARM_GCC_541\Debug\cymetadata.o"
Deleting file ".\CortexM0p\ARM_GCC_541\Debug\CY_EINK_SPIM.o"
Deleting file ".\CortexM0p\ARM_GCC_541\Debug\CY_EINK_Timer.o"
Deleting file ".\CortexM0p\ARM_GCC_541\Debug\Status_SW2.o"
Deleting file ".\CortexM0p\ARM_GCC_541\Debug\cy_efuse.o"
Deleting file ".\CortexM0p\ARM_GCC_541\Debug\cy_flash.o"
Deleting file ".\CortexM0p\ARM_GCC_541\Debug\cy_gpio.o"
Deleting file ".\CortexM0p\ARM_GCC_541\Debug\cy_ipc_drv.o"
Deleting file ".\CortexM0p\ARM_GCC_541\Debug\cy_ipc_sema.o"
Deleting file ".\CortexM0p\ARM_GCC_541\Debug\cy_ipc_pipe.o"
Deleting file ".\CortexM0p\ARM_GCC_541\Debug\cy_lvd.o"
Deleting file ".\CortexM0p\ARM_GCC_541\Debug\cy_profile.o"
Deleting file ".\CortexM0p\ARM_GCC_541\Debug\cy_prot.o"
Deleting file ".\CortexM0p\ARM_GCC_541\Debug\cy_scb_common.o"
Deleting file ".\CortexM0p\ARM_GCC_541\Debug\cy_scb_i2c.o"
Deleting file ".\CortexM0p\ARM_GCC_541\Debug\cy_scb_ezi2c.o"
Deleting file ".\CortexM0p\ARM_GCC_541\Debug\cy_scb_spi.o"
Deleting file ".\CortexM0p\ARM_GCC_541\Debug\cy_scb_uart.o"
Deleting file ".\CortexM0p\ARM_GCC_541\Debug\cy_sysanalog.o"
Deleting file ".\CortexM0p\ARM_GCC_541\Debug\cy_sysclk.o"
Deleting file ".\CortexM0p\ARM_GCC_541\Debug\cy_sysint.o"
Deleting file ".\CortexM0p\ARM_GCC_541\Debug\cy_syslib.o"
Deleting file ".\CortexM0p\ARM_GCC_541\Debug\cy_syslib_gcc.o"
Deleting file ".\CortexM0p\ARM_GCC_541\Debug\cy_syspm.o"
Deleting file ".\CortexM0p\ARM_GCC_541\Debug\cy_systick.o"
Deleting file ".\CortexM0p\ARM_GCC_541\Debug\cy_tcpwm_counter.o"
Deleting file ".\CortexM0p\ARM_GCC_541\Debug\cy_tcpwm_pwm.o"
Deleting file ".\CortexM0p\ARM_GCC_541\Debug\cy_tcpwm_quaddec.o"
Deleting file ".\CortexM0p\ARM_GCC_541\Debug\cy_trigmux.o"
Deleting file ".\CortexM0p\ARM_GCC_541\Debug\cy_wdt.o"
Deleting file ".\CortexM0p\ARM_GCC_541\Debug\cy_device.o"
Deleting file ".\CortexM0p\ARM_GCC_541\Debug\cy_ble_clk.o"
Deleting file ".\CortexM0p\ARM_GCC_541\Debug\PWM_1.o"
Deleting file ".\CortexM0p\ARM_GCC_541\Debug\Exam_A22_Tyshchenko.hex"
Deleting file ".\CortexM0p\ARM_GCC_541\Debug\Exam_A22_Tyshchenko.elf"
Deleting file ".\CortexM0p\ARM_GCC_541\Debug\Exam_A22_Tyshchenko.map"
Deleting file ".\Exam_A22_Tyshchenko.cycdx"
Deleting file ".\Exam_A22_Tyshchenko.svd"
Deleting file ".\Exam_A22_Tyshchenko.rpt"
Deleting file ".\Exam_A22_Tyshchenko_timing.html"
Deleting file ".\CortexM0p\ARM_GCC_541\Debug\.deps\SOURCE_C__ARM_GCC_GENERIC.P"
Deleting file ".\CortexM4\ARM_GCC_541\Debug\startup_psoc6_01_cm4.o"
Deleting file ".\CortexM4\ARM_GCC_541\Debug\main_cm4.o"
Deleting file ".\CortexM4\ARM_GCC_541\Debug\system_psoc6_cm4.o"
Deleting file ".\CortexM4\ARM_GCC_541\Debug\pervasive_eink_hardware_driver.o"
Deleting file ".\CortexM4\ARM_GCC_541\Debug\cy_eink_library.o"
Deleting file ".\CortexM4\ARM_GCC_541\Debug\cy_eink_psoc_interface.o"
Deleting file ".\CortexM4\ARM_GCC_541\Debug\Cypress Logo Full Color_PNG_1bpp.o"
Deleting file ".\CortexM4\ARM_GCC_541\Debug\GUIConf.o"
Deleting file ".\CortexM4\ARM_GCC_541\Debug\GUI_X.o"
Deleting file ".\CortexM4\ARM_GCC_541\Debug\LCDConf.o"
Deleting file ".\CortexM4\ARM_GCC_541\Debug\cyfitter_sysint_cfg.o"
Deleting file ".\CortexM4\ARM_GCC_541\Debug\cymetadata.o"
Deleting file ".\CortexM4\ARM_GCC_541\Debug\CY_EINK_SPIM.o"
Deleting file ".\CortexM4\ARM_GCC_541\Debug\CY_EINK_Timer.o"
Deleting file ".\CortexM4\ARM_GCC_541\Debug\Status_SW2.o"
Deleting file ".\CortexM4\ARM_GCC_541\Debug\cy_efuse.o"
Deleting file ".\CortexM4\ARM_GCC_541\Debug\cy_flash.o"
Deleting file ".\CortexM4\ARM_GCC_541\Debug\cy_gpio.o"
Deleting file ".\CortexM4\ARM_GCC_541\Debug\cy_ipc_drv.o"
Deleting file ".\CortexM4\ARM_GCC_541\Debug\cy_ipc_sema.o"
Deleting file ".\CortexM4\ARM_GCC_541\Debug\cy_ipc_pipe.o"
Deleting file ".\CortexM4\ARM_GCC_541\Debug\cy_lvd.o"
Deleting file ".\CortexM4\ARM_GCC_541\Debug\cy_profile.o"
Deleting file ".\CortexM4\ARM_GCC_541\Debug\cy_prot.o"
Deleting file ".\CortexM4\ARM_GCC_541\Debug\cy_scb_common.o"
Deleting file ".\CortexM4\ARM_GCC_541\Debug\cy_scb_i2c.o"
Deleting file ".\CortexM4\ARM_GCC_541\Debug\cy_scb_ezi2c.o"
Deleting file ".\CortexM4\ARM_GCC_541\Debug\cy_scb_spi.o"
Deleting file ".\CortexM4\ARM_GCC_541\Debug\cy_scb_uart.o"
Deleting file ".\CortexM4\ARM_GCC_541\Debug\cy_sysanalog.o"
Deleting file ".\CortexM4\ARM_GCC_541\Debug\cy_sysclk.o"
Deleting file ".\CortexM4\ARM_GCC_541\Debug\cy_sysint.o"
Deleting file ".\CortexM4\ARM_GCC_541\Debug\cy_syslib.o"
Deleting file ".\CortexM4\ARM_GCC_541\Debug\cy_syslib_gcc.o"
Deleting file ".\CortexM4\ARM_GCC_541\Debug\cy_syspm.o"
Deleting file ".\CortexM4\ARM_GCC_541\Debug\cy_systick.o"
Deleting file ".\CortexM4\ARM_GCC_541\Debug\cy_tcpwm_counter.o"
Deleting file ".\CortexM4\ARM_GCC_541\Debug\cy_tcpwm_pwm.o"
Deleting file ".\CortexM4\ARM_GCC_541\Debug\cy_tcpwm_quaddec.o"
Deleting file ".\CortexM4\ARM_GCC_541\Debug\cy_trigmux.o"
Deleting file ".\CortexM4\ARM_GCC_541\Debug\cy_wdt.o"
Deleting file ".\CortexM4\ARM_GCC_541\Debug\cy_device.o"
Deleting file ".\CortexM4\ARM_GCC_541\Debug\cy_ble_clk.o"
Deleting file ".\CortexM4\ARM_GCC_541\Debug\PWM_1.o"
Deleting file ".\CortexM4\ARM_GCC_541\Debug\Exam_A22_Tyshchenko.hex"
Deleting file ".\CortexM4\ARM_GCC_541\Debug\Exam_A22_Tyshchenko.elf"
Deleting file ".\CortexM4\ARM_GCC_541\Debug\Exam_A22_Tyshchenko.map"
Deleting file ".\CortexM4\ARM_GCC_541\Debug\.deps\SOURCE_C__ARM_GCC_GENERIC.P"
cydsfit.exe -.appdatapath "C:\Users\Lenovo\AppData\Local\Cypress Semiconductor\PSoC Creator\4.4" -.fdsnotice -.fdswarpdepfile=warp_dependencies.txt -.fdselabdepfile=elab_dependencies.txt -.fdsbldfile=generated_files.txt -.fdsreffile=referenced_files.txt -p D:\Microprocess2\Lab10\Workspace01\Exam_A22_Tyshchenko.cydsn\Exam_A22_Tyshchenko.cyprj -d CY8C6347BZI-BLD53 -s D:\Microprocess2\Lab10\Workspace01\Exam_A22_Tyshchenko.cydsn\Generated_Source\PSoC6 -- -yv2 -q10 -ygs -o2 -v3 -.fftcfgtype=LE
Elaborating Design...
HDL Generation...
Synthesis...
Tech Mapping...
Info: plm.M0038: The pin named CY_CPUSS_SWJ_SWCLK_TCLK(0) at location P6[7] prevents usage of special purposes: TCPWM[3].line_compl. (App=cydsfit)
Info: plm.M0038: The pin named CY_CPUSS_SWJ_SWCLK_TCLK(0) at location P6[7] prevents usage of special purposes: TCPWM[19].line_compl. (App=cydsfit)
Info: plm.M0038: The pin named CY_CPUSS_SWJ_SWCLK_TCLK(0) at location P6[7] prevents usage of special purposes: SCB[6].uart_cts. (App=cydsfit)
Info: plm.M0038: The pin named CY_CPUSS_SWJ_SWCLK_TCLK(0) at location P6[7] prevents usage of special purposes: SCB[6].spi_select[0]. (App=cydsfit)
Info: plm.M0038: The pin named CY_CPUSS_SWJ_SWCLK_TCLK(0) at location P6[7] prevents usage of special purposes: SCB[8].spi_select[0]. (App=cydsfit)
Info: plm.M0038: The pin named CY_CPUSS_SWJ_SWDIO_TMS(0) at location P6[6] prevents usage of special purposes: TCPWM[3].line. (App=cydsfit)
Info: plm.M0038: The pin named CY_CPUSS_SWJ_SWDIO_TMS(0) at location P6[6] prevents usage of special purposes: TCPWM[19].line. (App=cydsfit)
Info: plm.M0038: The pin named CY_CPUSS_SWJ_SWDIO_TMS(0) at location P6[6] prevents usage of special purposes: SCB[6].uart_rts. (App=cydsfit)
Info: plm.M0038: The pin named CY_CPUSS_SWJ_SWDIO_TMS(0) at location P6[6] prevents usage of special purposes: SCB[6].spi_clk. (App=cydsfit)
Info: plm.M0038: The pin named CY_CPUSS_SWJ_SWDIO_TMS(0) at location P6[6] prevents usage of special purposes: SCB[8].spi_clk. (App=cydsfit)
Analog Placement...
Analog Routing...
Analog Code Generation...
Digital Placement...
Digital Routing...
Bitstream Generation...
Bitstream Verification...
Static timing analysis...
API Generation...
Dependency Generation...
Cleanup...
arm-none-eabi-gcc.exe -mcpu=cortex-m0plus -mthumb -I. -IGenerated_Source\PSoC6 -IGenerated_Source\PSoC6\pdl\cmsis/include/ -IGenerated_Source\PSoC6\pdl\devices/psoc6/ip/ -IGenerated_Source\PSoC6\pdl\devices/psoc6/psoc63/include/ -IGenerated_Source\PSoC6\pdl\drivers/peripheral/ -IGenerated_Source\PSoC6\pdl\middleware/ -IGenerated_Source\PSoC6\pdl\middleware/emWin/code/drivers/BitPlains/ -IGenerated_Source\PSoC6\pdl\middleware/emWin/code/include/ -IGenerated_Source\PSoC6\pdl\middleware/emWin/code/include/nosnts/ -Wa,-alh=.\CortexM0p\ARM_GCC_541\Debug/startup_psoc63_cm0plus.lst -g -D DEBUG -D CY_CORE_ID=0 -D CY_PSOC_CREATOR_USED=1 -D CY8C6347BZI_BLD53 -Wall -ffunction-sections -ffat-lto-objects -Og -c armgcc\startup\startup_psoc63_cm0plus.S -o .\CortexM0p\ARM_GCC_541\Debug\startup_psoc63_cm0plus.o
arm-none-eabi-gcc.exe -mcpu=cortex-m0plus -mthumb -I. -IGenerated_Source\PSoC6 -IGenerated_Source\PSoC6\pdl\cmsis/include/ -IGenerated_Source\PSoC6\pdl\devices/psoc6/ip/ -IGenerated_Source\PSoC6\pdl\devices/psoc6/psoc63/include/ -IGenerated_Source\PSoC6\pdl\drivers/peripheral/ -IGenerated_Source\PSoC6\pdl\middleware/ -IGenerated_Source\PSoC6\pdl\middleware/emWin/code/drivers/BitPlains/ -IGenerated_Source\PSoC6\pdl\middleware/emWin/code/include/ -IGenerated_Source\PSoC6\pdl\middleware/emWin/code/include/nosnts/ -Wa,-alh=.\CortexM0p\ARM_GCC_541\Debug/main_cm0p.lst -g -D DEBUG -D CY_CORE_ID=0 -D CY_PSOC_CREATOR_USED=1 -D CY8C6347BZI_BLD53 -Wall -ffunction-sections -ffat-lto-objects -Og -c main_cm0p.c -o .\CortexM0p\ARM_GCC_541\Debug\main_cm0p.o
arm-none-eabi-gcc.exe -mcpu=cortex-m0plus -mthumb -I. -IGenerated_Source\PSoC6 -IGenerated_Source\PSoC6\pdl\cmsis/include/ -IGenerated_Source\PSoC6\pdl\devices/psoc6/ip/ -IGenerated_Source\PSoC6\pdl\devices/psoc6/psoc63/include/ -IGenerated_Source\PSoC6\pdl\drivers/peripheral/ -IGenerated_Source\PSoC6\pdl\middleware/ -IGenerated_Source\PSoC6\pdl\middleware/emWin/code/drivers/BitPlains/ -IGenerated_Source\PSoC6\pdl\middleware/emWin/code/include/ -IGenerated_Source\PSoC6\pdl\middleware/emWin/code/include/nosnts/ -Wa,-alh=.\CortexM0p\ARM_GCC_541\Debug/system_psoc63_cm0plus.lst -g -D DEBUG -D CY_CORE_ID=0 -D CY_PSOC_CREATOR_USED=1 -D CY8C6347BZI_BLD53 -Wall -ffunction-sections -ffat-lto-objects -Og -c system_psoc63_cm0plus.c -o .\CortexM0p\ARM_GCC_541\Debug\system_psoc63_cm0plus.o
arm-none-eabi-gcc.exe -mcpu=cortex-m0plus -mthumb -I. -IGenerated_Source\PSoC6 -IGenerated_Source\PSoC6\pdl\cmsis/include/ -IGenerated_Source\PSoC6\pdl\devices/psoc6/ip/ -IGenerated_Source\PSoC6\pdl\devices/psoc6/psoc63/include/ -IGenerated_Source\PSoC6\pdl\drivers/peripheral/ -IGenerated_Source\PSoC6\pdl\middleware/ -IGenerated_Source\PSoC6\pdl\middleware/emWin/code/drivers/BitPlains/ -IGenerated_Source\PSoC6\pdl\middleware/emWin/code/include/ -IGenerated_Source\PSoC6\pdl\middleware/emWin/code/include/nosnts/ -Wa,-alh=.\CortexM0p\ARM_GCC_541\Debug/GUIConf.lst -g -D DEBUG -D CY_CORE_ID=0 -D CY_PSOC_CREATOR_USED=1 -D CY8C6347BZI_BLD53 -Wall -ffunction-sections -ffat-lto-objects -Og -c GUIConf.c -o .\CortexM0p\ARM_GCC_541\Debug\GUIConf.o
arm-none-eabi-gcc.exe -mcpu=cortex-m0plus -mthumb -I. -IGenerated_Source\PSoC6 -IGenerated_Source\PSoC6\pdl\cmsis/include/ -IGenerated_Source\PSoC6\pdl\devices/psoc6/ip/ -IGenerated_Source\PSoC6\pdl\devices/psoc6/psoc63/include/ -IGenerated_Source\PSoC6\pdl\drivers/peripheral/ -IGenerated_Source\PSoC6\pdl\middleware/ -IGenerated_Source\PSoC6\pdl\middleware/emWin/code/drivers/BitPlains/ -IGenerated_Source\PSoC6\pdl\middleware/emWin/code/include/ -IGenerated_Source\PSoC6\pdl\middleware/emWin/code/include/nosnts/ -Wa,-alh=.\CortexM0p\ARM_GCC_541\Debug/GUI_X.lst -g -D DEBUG -D CY_CORE_ID=0 -D CY_PSOC_CREATOR_USED=1 -D CY8C6347BZI_BLD53 -Wall -ffunction-sections -ffat-lto-objects -Og -c GUI_X.c -o .\CortexM0p\ARM_GCC_541\Debug\GUI_X.o
arm-none-eabi-gcc.exe -mcpu=cortex-m0plus -mthumb -I. -IGenerated_Source\PSoC6 -IGenerated_Source\PSoC6\pdl\cmsis/include/ -IGenerated_Source\PSoC6\pdl\devices/psoc6/ip/ -IGenerated_Source\PSoC6\pdl\devices/psoc6/psoc63/include/ -IGenerated_Source\PSoC6\pdl\drivers/peripheral/ -IGenerated_Source\PSoC6\pdl\middleware/ -IGenerated_Source\PSoC6\pdl\middleware/emWin/code/drivers/BitPlains/ -IGenerated_Source\PSoC6\pdl\middleware/emWin/code/include/ -IGenerated_Source\PSoC6\pdl\middleware/emWin/code/include/nosnts/ -Wa,-alh=.\CortexM0p\ARM_GCC_541\Debug/LCDConf.lst -g -D DEBUG -D CY_CORE_ID=0 -D CY_PSOC_CREATOR_USED=1 -D CY8C6347BZI_BLD53 -Wall -ffunction-sections -ffat-lto-objects -Og -c LCDConf.c -o .\CortexM0p\ARM_GCC_541\Debug\LCDConf.o
arm-none-eabi-gcc.exe -mcpu=cortex-m0plus -mthumb -I. -IGenerated_Source\PSoC6 -IGenerated_Source\PSoC6\pdl\cmsis/include/ -IGenerated_Source\PSoC6\pdl\devices/psoc6/ip/ -IGenerated_Source\PSoC6\pdl\devices/psoc6/psoc63/include/ -IGenerated_Source\PSoC6\pdl\drivers/peripheral/ -IGenerated_Source\PSoC6\pdl\middleware/ -IGenerated_Source\PSoC6\pdl\middleware/emWin/code/drivers/BitPlains/ -IGenerated_Source\PSoC6\pdl\middleware/emWin/code/include/ -IGenerated_Source\PSoC6\pdl\middleware/emWin/code/include/nosnts/ -Wa,-alh=.\CortexM0p\ARM_GCC_541\Debug/cy_ipc_config.lst -g -D DEBUG -D CY_CORE_ID=0 -D CY_PSOC_CREATOR_USED=1 -D CY8C6347BZI_BLD53 -Wall -ffunction-sections -ffat-lto-objects -Og -c cy_ipc_config.c -o .\CortexM0p\ARM_GCC_541\Debug\cy_ipc_config.o
arm-none-eabi-gcc.exe -mcpu=cortex-m0plus -mthumb -I. -IGenerated_Source\PSoC6 -IGenerated_Source\PSoC6\pdl\cmsis/include/ -IGenerated_Source\PSoC6\pdl\devices/psoc6/ip/ -IGenerated_Source\PSoC6\pdl\devices/psoc6/psoc63/include/ -IGenerated_Source\PSoC6\pdl\drivers/peripheral/ -IGenerated_Source\PSoC6\pdl\middleware/ -IGenerated_Source\PSoC6\pdl\middleware/emWin/code/drivers/BitPlains/ -IGenerated_Source\PSoC6\pdl\middleware/emWin/code/include/ -IGenerated_Source\PSoC6\pdl\middleware/emWin/code/include/nosnts/ -Wa,-alh=.\CortexM0p\ARM_GCC_541\Debug/cyfitter_sysint_cfg.lst -g -D DEBUG -D CY_CORE_ID=0 -D CY_PSOC_CREATOR_USED=1 -D CY8C6347BZI_BLD53 -Wall -ffunction-sections -ffat-lto-objects -Og -c Generated_Source\PSoC6\cyfitter_sysint_cfg.c -o .\CortexM0p\ARM_GCC_541\Debug\cyfitter_sysint_cfg.o
arm-none-eabi-gcc.exe -mcpu=cortex-m0plus -mthumb -I. -IGenerated_Source\PSoC6 -IGenerated_Source\PSoC6\pdl\cmsis/include/ -IGenerated_Source\PSoC6\pdl\devices/psoc6/ip/ -IGenerated_Source\PSoC6\pdl\devices/psoc6/psoc63/include/ -IGenerated_Source\PSoC6\pdl\drivers/peripheral/ -IGenerated_Source\PSoC6\pdl\middleware/ -IGenerated_Source\PSoC6\pdl\middleware/emWin/code/drivers/BitPlains/ -IGenerated_Source\PSoC6\pdl\middleware/emWin/code/include/ -IGenerated_Source\PSoC6\pdl\middleware/emWin/code/include/nosnts/ -Wa,-alh=.\CortexM0p\ARM_GCC_541\Debug/cyfitter_cfg.lst -g -D DEBUG -D CY_CORE_ID=0 -D CY_PSOC_CREATOR_USED=1 -D CY8C6347BZI_BLD53 -Wall -ffunction-sections -ffat-lto-objects -Og -c Generated_Source\PSoC6\cyfitter_cfg.c -o .\CortexM0p\ARM_GCC_541\Debug\cyfitter_cfg.o
arm-none-eabi-gcc.exe -mcpu=cortex-m0plus -mthumb -I. -IGenerated_Source\PSoC6 -IGenerated_Source\PSoC6\pdl\cmsis/include/ -IGenerated_Source\PSoC6\pdl\devices/psoc6/ip/ -IGenerated_Source\PSoC6\pdl\devices/psoc6/psoc63/include/ -IGenerated_Source\PSoC6\pdl\drivers/peripheral/ -IGenerated_Source\PSoC6\pdl\middleware/ -IGenerated_Source\PSoC6\pdl\middleware/emWin/code/drivers/BitPlains/ -IGenerated_Source\PSoC6\pdl\middleware/emWin/code/include/ -IGenerated_Source\PSoC6\pdl\middleware/emWin/code/include/nosnts/ -Wa,-alh=.\CortexM0p\ARM_GCC_541\Debug/cymetadata.lst -g -D DEBUG -D CY_CORE_ID=0 -D CY_PSOC_CREATOR_USED=1 -D CY8C6347BZI_BLD53 -Wall -ffunction-sections -ffat-lto-objects -Og -c Generated_Source\PSoC6\cymetadata.c -o .\CortexM0p\ARM_GCC_541\Debug\cymetadata.o
arm-none-eabi-gcc.exe -mcpu=cortex-m0plus -mthumb -I. -IGenerated_Source\PSoC6 -IGenerated_Source\PSoC6\pdl\cmsis/include/ -IGenerated_Source\PSoC6\pdl\devices/psoc6/ip/ -IGenerated_Source\PSoC6\pdl\devices/psoc6/psoc63/include/ -IGenerated_Source\PSoC6\pdl\drivers/peripheral/ -IGenerated_Source\PSoC6\pdl\middleware/ -IGenerated_Source\PSoC6\pdl\middleware/emWin/code/drivers/BitPlains/ -IGenerated_Source\PSoC6\pdl\middleware/emWin/code/include/ -IGenerated_Source\PSoC6\pdl\middleware/emWin/code/include/nosnts/ -Wa,-alh=.\CortexM0p\ARM_GCC_541\Debug/CY_EINK_SPIM.lst -g -D DEBUG -D CY_CORE_ID=0 -D CY_PSOC_CREATOR_USED=1 -D CY8C6347BZI_BLD53 -Wall -ffunction-sections -ffat-lto-objects -Og -c Generated_Source\PSoC6\CY_EINK_SPIM.c -o .\CortexM0p\ARM_GCC_541\Debug\CY_EINK_SPIM.o
arm-none-eabi-gcc.exe -mcpu=cortex-m0plus -mthumb -I. -IGenerated_Source\PSoC6 -IGenerated_Source\PSoC6\pdl\cmsis/include/ -IGenerated_Source\PSoC6\pdl\devices/psoc6/ip/ -IGenerated_Source\PSoC6\pdl\devices/psoc6/psoc63/include/ -IGenerated_Source\PSoC6\pdl\drivers/peripheral/ -IGenerated_Source\PSoC6\pdl\middleware/ -IGenerated_Source\PSoC6\pdl\middleware/emWin/code/drivers/BitPlains/ -IGenerated_Source\PSoC6\pdl\middleware/emWin/code/include/ -IGenerated_Source\PSoC6\pdl\middleware/emWin/code/include/nosnts/ -Wa,-alh=.\CortexM0p\ARM_GCC_541\Debug/CY_EINK_Timer.lst -g -D DEBUG -D CY_CORE_ID=0 -D CY_PSOC_CREATOR_USED=1 -D CY8C6347BZI_BLD53 -Wall -ffunction-sections -ffat-lto-objects -Og -c Generated_Source\PSoC6\CY_EINK_Timer.c -o .\CortexM0p\ARM_GCC_541\Debug\CY_EINK_Timer.o
arm-none-eabi-gcc.exe -mcpu=cortex-m0plus -mthumb -I. -IGenerated_Source\PSoC6 -IGenerated_Source\PSoC6\pdl\cmsis/include/ -IGenerated_Source\PSoC6\pdl\devices/psoc6/ip/ -IGenerated_Source\PSoC6\pdl\devices/psoc6/psoc63/include/ -IGenerated_Source\PSoC6\pdl\drivers/peripheral/ -IGenerated_Source\PSoC6\pdl\middleware/ -IGenerated_Source\PSoC6\pdl\middleware/emWin/code/drivers/BitPlains/ -IGenerated_Source\PSoC6\pdl\middleware/emWin/code/include/ -IGenerated_Source\PSoC6\pdl\middleware/emWin/code/include/nosnts/ -Wa,-alh=.\CortexM0p\ARM_GCC_541\Debug/Status_SW2.lst -g -D DEBUG -D CY_CORE_ID=0 -D CY_PSOC_CREATOR_USED=1 -D CY8C6347BZI_BLD53 -Wall -ffunction-sections -ffat-lto-objects -Og -c Generated_Source\PSoC6\Status_SW2.c -o .\CortexM0p\ARM_GCC_541\Debug\Status_SW2.o
arm-none-eabi-gcc.exe -mcpu=cortex-m0plus -mthumb -I. -IGenerated_Source\PSoC6 -IGenerated_Source\PSoC6\pdl\cmsis/include/ -IGenerated_Source\PSoC6\pdl\devices/psoc6/ip/ -IGenerated_Source\PSoC6\pdl\devices/psoc6/psoc63/include/ -IGenerated_Source\PSoC6\pdl\drivers/peripheral/ -IGenerated_Source\PSoC6\pdl\middleware/ -IGenerated_Source\PSoC6\pdl\middleware/emWin/code/drivers/BitPlains/ -IGenerated_Source\PSoC6\pdl\middleware/emWin/code/include/ -IGenerated_Source\PSoC6\pdl\middleware/emWin/code/include/nosnts/ -Wa,-alh=.\CortexM0p\ARM_GCC_541\Debug/cy_efuse.lst -g -D DEBUG -D CY_CORE_ID=0 -D CY_PSOC_CREATOR_USED=1 -D CY8C6347BZI_BLD53 -Wall -ffunction-sections -ffat-lto-objects -Og -c Generated_Source\PSoC6\pdl\drivers\peripheral\efuse\cy_efuse.c -o .\CortexM0p\ARM_GCC_541\Debug\cy_efuse.o
arm-none-eabi-gcc.exe -mcpu=cortex-m0plus -mthumb -I. -IGenerated_Source\PSoC6 -IGenerated_Source\PSoC6\pdl\cmsis/include/ -IGenerated_Source\PSoC6\pdl\devices/psoc6/ip/ -IGenerated_Source\PSoC6\pdl\devices/psoc6/psoc63/include/ -IGenerated_Source\PSoC6\pdl\drivers/peripheral/ -IGenerated_Source\PSoC6\pdl\middleware/ -IGenerated_Source\PSoC6\pdl\middleware/emWin/code/drivers/BitPlains/ -IGenerated_Source\PSoC6\pdl\middleware/emWin/code/include/ -IGenerated_Source\PSoC6\pdl\middleware/emWin/code/include/nosnts/ -Wa,-alh=.\CortexM0p\ARM_GCC_541\Debug/cy_flash.lst -g -D DEBUG -D CY_CORE_ID=0 -D CY_PSOC_CREATOR_USED=1 -D CY8C6347BZI_BLD53 -Wall -ffunction-sections -ffat-lto-objects -Og -c Generated_Source\PSoC6\pdl\drivers\peripheral\flash\cy_flash.c -o .\CortexM0p\ARM_GCC_541\Debug\cy_flash.o
arm-none-eabi-gcc.exe -mcpu=cortex-m0plus -mthumb -I. -IGenerated_Source\PSoC6 -IGenerated_Source\PSoC6\pdl\cmsis/include/ -IGenerated_Source\PSoC6\pdl\devices/psoc6/ip/ -IGenerated_Source\PSoC6\pdl\devices/psoc6/psoc63/include/ -IGenerated_Source\PSoC6\pdl\drivers/peripheral/ -IGenerated_Source\PSoC6\pdl\middleware/ -IGenerated_Source\PSoC6\pdl\middleware/emWin/code/drivers/BitPlains/ -IGenerated_Source\PSoC6\pdl\middleware/emWin/code/include/ -IGenerated_Source\PSoC6\pdl\middleware/emWin/code/include/nosnts/ -Wa,-alh=.\CortexM0p\ARM_GCC_541\Debug/cy_gpio.lst -g -D DEBUG -D CY_CORE_ID=0 -D CY_PSOC_CREATOR_USED=1 -D CY8C6347BZI_BLD53 -Wall -ffunction-sections -ffat-lto-objects -Og -c Generated_Source\PSoC6\pdl\drivers\peripheral\gpio\cy_gpio.c -o .\CortexM0p\ARM_GCC_541\Debug\cy_gpio.o
arm-none-eabi-gcc.exe -mcpu=cortex-m0plus -mthumb -I. -IGenerated_Source\PSoC6 -IGenerated_Source\PSoC6\pdl\cmsis/include/ -IGenerated_Source\PSoC6\pdl\devices/psoc6/ip/ -IGenerated_Source\PSoC6\pdl\devices/psoc6/psoc63/include/ -IGenerated_Source\PSoC6\pdl\drivers/peripheral/ -IGenerated_Source\PSoC6\pdl\middleware/ -IGenerated_Source\PSoC6\pdl\middleware/emWin/code/drivers/BitPlains/ -IGenerated_Source\PSoC6\pdl\middleware/emWin/code/include/ -IGenerated_Source\PSoC6\pdl\middleware/emWin/code/include/nosnts/ -Wa,-alh=.\CortexM0p\ARM_GCC_541\Debug/cy_ipc_drv.lst -g -D DEBUG -D CY_CORE_ID=0 -D CY_PSOC_CREATOR_USED=1 -D CY8C6347BZI_BLD53 -Wall -ffunction-sections -ffat-lto-objects -Og -c Generated_Source\PSoC6\pdl\drivers\peripheral\ipc\cy_ipc_drv.c -o .\CortexM0p\ARM_GCC_541\Debug\cy_ipc_drv.o
arm-none-eabi-gcc.exe -mcpu=cortex-m0plus -mthumb -I. -IGenerated_Source\PSoC6 -IGenerated_Source\PSoC6\pdl\cmsis/include/ -IGenerated_Source\PSoC6\pdl\devices/psoc6/ip/ -IGenerated_Source\PSoC6\pdl\devices/psoc6/psoc63/include/ -IGenerated_Source\PSoC6\pdl\drivers/peripheral/ -IGenerated_Source\PSoC6\pdl\middleware/ -IGenerated_Source\PSoC6\pdl\middleware/emWin/code/drivers/BitPlains/ -IGenerated_Source\PSoC6\pdl\middleware/emWin/code/include/ -IGenerated_Source\PSoC6\pdl\middleware/emWin/code/include/nosnts/ -Wa,-alh=.\CortexM0p\ARM_GCC_541\Debug/cy_ipc_sema.lst -g -D DEBUG -D CY_CORE_ID=0 -D CY_PSOC_CREATOR_USED=1 -D CY8C6347BZI_BLD53 -Wall -ffunction-sections -ffat-lto-objects -Og -c Generated_Source\PSoC6\pdl\drivers\peripheral\ipc\cy_ipc_sema.c -o .\CortexM0p\ARM_GCC_541\Debug\cy_ipc_sema.o
arm-none-eabi-gcc.exe -mcpu=cortex-m0plus -mthumb -I. -IGenerated_Source\PSoC6 -IGenerated_Source\PSoC6\pdl\cmsis/include/ -IGenerated_Source\PSoC6\pdl\devices/psoc6/ip/ -IGenerated_Source\PSoC6\pdl\devices/psoc6/psoc63/include/ -IGenerated_Source\PSoC6\pdl\drivers/peripheral/ -IGenerated_Source\PSoC6\pdl\middleware/ -IGenerated_Source\PSoC6\pdl\middleware/emWin/code/drivers/BitPlains/ -IGenerated_Source\PSoC6\pdl\middleware/emWin/code/include/ -IGenerated_Source\PSoC6\pdl\middleware/emWin/code/include/nosnts/ -Wa,-alh=.\CortexM0p\ARM_GCC_541\Debug/cy_ipc_pipe.lst -g -D DEBUG -D CY_CORE_ID=0 -D CY_PSOC_CREATOR_USED=1 -D CY8C6347BZI_BLD53 -Wall -ffunction-sections -ffat-lto-objects -Og -c Generated_Source\PSoC6\pdl\drivers\peripheral\ipc\cy_ipc_pipe.c -o .\CortexM0p\ARM_GCC_541\Debug\cy_ipc_pipe.o
arm-none-eabi-gcc.exe -mcpu=cortex-m0plus -mthumb -I. -IGenerated_Source\PSoC6 -IGenerated_Source\PSoC6\pdl\cmsis/include/ -IGenerated_Source\PSoC6\pdl\devices/psoc6/ip/ -IGenerated_Source\PSoC6\pdl\devices/psoc6/psoc63/include/ -IGenerated_Source\PSoC6\pdl\drivers/peripheral/ -IGenerated_Source\PSoC6\pdl\middleware/ -IGenerated_Source\PSoC6\pdl\middleware/emWin/code/drivers/BitPlains/ -IGenerated_Source\PSoC6\pdl\middleware/emWin/code/include/ -IGenerated_Source\PSoC6\pdl\middleware/emWin/code/include/nosnts/ -Wa,-alh=.\CortexM0p\ARM_GCC_541\Debug/cy_lvd.lst -g -D DEBUG -D CY_CORE_ID=0 -D CY_PSOC_CREATOR_USED=1 -D CY8C6347BZI_BLD53 -Wall -ffunction-sections -ffat-lto-objects -Og -c Generated_Source\PSoC6\pdl\drivers\peripheral\lvd\cy_lvd.c -o .\CortexM0p\ARM_GCC_541\Debug\cy_lvd.o
arm-none-eabi-gcc.exe -mcpu=cortex-m0plus -mthumb -I. -IGenerated_Source\PSoC6 -IGenerated_Source\PSoC6\pdl\cmsis/include/ -IGenerated_Source\PSoC6\pdl\devices/psoc6/ip/ -IGenerated_Source\PSoC6\pdl\devices/psoc6/psoc63/include/ -IGenerated_Source\PSoC6\pdl\drivers/peripheral/ -IGenerated_Source\PSoC6\pdl\middleware/ -IGenerated_Source\PSoC6\pdl\middleware/emWin/code/drivers/BitPlains/ -IGenerated_Source\PSoC6\pdl\middleware/emWin/code/include/ -IGenerated_Source\PSoC6\pdl\middleware/emWin/code/include/nosnts/ -Wa,-alh=.\CortexM0p\ARM_GCC_541\Debug/cy_profile.lst -g -D DEBUG -D CY_CORE_ID=0 -D CY_PSOC_CREATOR_USED=1 -D CY8C6347BZI_BLD53 -Wall -ffunction-sections -ffat-lto-objects -Og -c Generated_Source\PSoC6\pdl\drivers\peripheral\profile\cy_profile.c -o .\CortexM0p\ARM_GCC_541\Debug\cy_profile.o
arm-none-eabi-gcc.exe -mcpu=cortex-m0plus -mthumb -I. -IGenerated_Source\PSoC6 -IGenerated_Source\PSoC6\pdl\cmsis/include/ -IGenerated_Source\PSoC6\pdl\devices/psoc6/ip/ -IGenerated_Source\PSoC6\pdl\devices/psoc6/psoc63/include/ -IGenerated_Source\PSoC6\pdl\drivers/peripheral/ -IGenerated_Source\PSoC6\pdl\middleware/ -IGenerated_Source\PSoC6\pdl\middleware/emWin/code/drivers/BitPlains/ -IGenerated_Source\PSoC6\pdl\middleware/emWin/code/include/ -IGenerated_Source\PSoC6\pdl\middleware/emWin/code/include/nosnts/ -Wa,-alh=.\CortexM0p\ARM_GCC_541\Debug/cy_prot.lst -g -D DEBUG -D CY_CORE_ID=0 -D CY_PSOC_CREATOR_USED=1 -D CY8C6347BZI_BLD53 -Wall -ffunction-sections -ffat-lto-objects -Og -c Generated_Source\PSoC6\pdl\drivers\peripheral\prot\cy_prot.c -o .\CortexM0p\ARM_GCC_541\Debug\cy_prot.o
arm-none-eabi-gcc.exe -mcpu=cortex-m0plus -mthumb -I. -IGenerated_Source\PSoC6 -IGenerated_Source\PSoC6\pdl\cmsis/include/ -IGenerated_Source\PSoC6\pdl\devices/psoc6/ip/ -IGenerated_Source\PSoC6\pdl\devices/psoc6/psoc63/include/ -IGenerated_Source\PSoC6\pdl\drivers/peripheral/ -IGenerated_Source\PSoC6\pdl\middleware/ -IGenerated_Source\PSoC6\pdl\middleware/emWin/code/drivers/BitPlains/ -IGenerated_Source\PSoC6\pdl\middleware/emWin/code/include/ -IGenerated_Source\PSoC6\pdl\middleware/emWin/code/include/nosnts/ -Wa,-alh=.\CortexM0p\ARM_GCC_541\Debug/cy_scb_common.lst -g -D DEBUG -D CY_CORE_ID=0 -D CY_PSOC_CREATOR_USED=1 -D CY8C6347BZI_BLD53 -Wall -ffunction-sections -ffat-lto-objects -Og -c Generated_Source\PSoC6\pdl\drivers\peripheral\scb\cy_scb_common.c -o .\CortexM0p\ARM_GCC_541\Debug\cy_scb_common.o
arm-none-eabi-gcc.exe -mcpu=cortex-m0plus -mthumb -I. -IGenerated_Source\PSoC6 -IGenerated_Source\PSoC6\pdl\cmsis/include/ -IGenerated_Source\PSoC6\pdl\devices/psoc6/ip/ -IGenerated_Source\PSoC6\pdl\devices/psoc6/psoc63/include/ -IGenerated_Source\PSoC6\pdl\drivers/peripheral/ -IGenerated_Source\PSoC6\pdl\middleware/ -IGenerated_Source\PSoC6\pdl\middleware/emWin/code/drivers/BitPlains/ -IGenerated_Source\PSoC6\pdl\middleware/emWin/code/include/ -IGenerated_Source\PSoC6\pdl\middleware/emWin/code/include/nosnts/ -Wa,-alh=.\CortexM0p\ARM_GCC_541\Debug/cy_scb_i2c.lst -g -D DEBUG -D CY_CORE_ID=0 -D CY_PSOC_CREATOR_USED=1 -D CY8C6347BZI_BLD53 -Wall -ffunction-sections -ffat-lto-objects -Og -c Generated_Source\PSoC6\pdl\drivers\peripheral\scb\cy_scb_i2c.c -o .\CortexM0p\ARM_GCC_541\Debug\cy_scb_i2c.o
arm-none-eabi-gcc.exe -mcpu=cortex-m0plus -mthumb -I. -IGenerated_Source\PSoC6 -IGenerated_Source\PSoC6\pdl\cmsis/include/ -IGenerated_Source\PSoC6\pdl\devices/psoc6/ip/ -IGenerated_Source\PSoC6\pdl\devices/psoc6/psoc63/include/ -IGenerated_Source\PSoC6\pdl\drivers/peripheral/ -IGenerated_Source\PSoC6\pdl\middleware/ -IGenerated_Source\PSoC6\pdl\middleware/emWin/code/drivers/BitPlains/ -IGenerated_Source\PSoC6\pdl\middleware/emWin/code/include/ -IGenerated_Source\PSoC6\pdl\middleware/emWin/code/include/nosnts/ -Wa,-alh=.\CortexM0p\ARM_GCC_541\Debug/cy_scb_ezi2c.lst -g -D DEBUG -D CY_CORE_ID=0 -D CY_PSOC_CREATOR_USED=1 -D CY8C6347BZI_BLD53 -Wall -ffunction-sections -ffat-lto-objects -Og -c Generated_Source\PSoC6\pdl\drivers\peripheral\scb\cy_scb_ezi2c.c -o .\CortexM0p\ARM_GCC_541\Debug\cy_scb_ezi2c.o
arm-none-eabi-gcc.exe -mcpu=cortex-m0plus -mthumb -I. -IGenerated_Source\PSoC6 -IGenerated_Source\PSoC6\pdl\cmsis/include/ -IGenerated_Source\PSoC6\pdl\devices/psoc6/ip/ -IGenerated_Source\PSoC6\pdl\devices/psoc6/psoc63/include/ -IGenerated_Source\PSoC6\pdl\drivers/peripheral/ -IGenerated_Source\PSoC6\pdl\middleware/ -IGenerated_Source\PSoC6\pdl\middleware/emWin/code/drivers/BitPlains/ -IGenerated_Source\PSoC6\pdl\middleware/emWin/code/include/ -IGenerated_Source\PSoC6\pdl\middleware/emWin/code/include/nosnts/ -Wa,-alh=.\CortexM0p\ARM_GCC_541\Debug/cy_scb_spi.lst -g -D DEBUG -D CY_CORE_ID=0 -D CY_PSOC_CREATOR_USED=1 -D CY8C6347BZI_BLD53 -Wall -ffunction-sections -ffat-lto-objects -Og -c Generated_Source\PSoC6\pdl\drivers\peripheral\scb\cy_scb_spi.c -o .\CortexM0p\ARM_GCC_541\Debug\cy_scb_spi.o
arm-none-eabi-gcc.exe -mcpu=cortex-m0plus -mthumb -I. -IGenerated_Source\PSoC6 -IGenerated_Source\PSoC6\pdl\cmsis/include/ -IGenerated_Source\PSoC6\pdl\devices/psoc6/ip/ -IGenerated_Source\PSoC6\pdl\devices/psoc6/psoc63/include/ -IGenerated_Source\PSoC6\pdl\drivers/peripheral/ -IGenerated_Source\PSoC6\pdl\middleware/ -IGenerated_Source\PSoC6\pdl\middleware/emWin/code/drivers/BitPlains/ -IGenerated_Source\PSoC6\pdl\middleware/emWin/code/include/ -IGenerated_Source\PSoC6\pdl\middleware/emWin/code/include/nosnts/ -Wa,-alh=.\CortexM0p\ARM_GCC_541\Debug/cy_scb_uart.lst -g -D DEBUG -D CY_CORE_ID=0 -D CY_PSOC_CREATOR_USED=1 -D CY8C6347BZI_BLD53 -Wall -ffunction-sections -ffat-lto-objects -Og -c Generated_Source\PSoC6\pdl\drivers\peripheral\scb\cy_scb_uart.c -o .\CortexM0p\ARM_GCC_541\Debug\cy_scb_uart.o
arm-none-eabi-gcc.exe -mcpu=cortex-m0plus -mthumb -I. -IGenerated_Source\PSoC6 -IGenerated_Source\PSoC6\pdl\cmsis/include/ -IGenerated_Source\PSoC6\pdl\devices/psoc6/ip/ -IGenerated_Source\PSoC6\pdl\devices/psoc6/psoc63/include/ -IGenerated_Source\PSoC6\pdl\drivers/peripheral/ -IGenerated_Source\PSoC6\pdl\middleware/ -IGenerated_Source\PSoC6\pdl\middleware/emWin/code/drivers/BitPlains/ -IGenerated_Source\PSoC6\pdl\middleware/emWin/code/include/ -IGenerated_Source\PSoC6\pdl\middleware/emWin/code/include/nosnts/ -Wa,-alh=.\CortexM0p\ARM_GCC_541\Debug/cy_sysanalog.lst -g -D DEBUG -D CY_CORE_ID=0 -D CY_PSOC_CREATOR_USED=1 -D CY8C6347BZI_BLD53 -Wall -ffunction-sections -ffat-lto-objects -Og -c Generated_Source\PSoC6\pdl\drivers\peripheral\sysanalog\cy_sysanalog.c -o .\CortexM0p\ARM_GCC_541\Debug\cy_sysanalog.o
arm-none-eabi-gcc.exe -mcpu=cortex-m0plus -mthumb -I. -IGenerated_Source\PSoC6 -IGenerated_Source\PSoC6\pdl\cmsis/include/ -IGenerated_Source\PSoC6\pdl\devices/psoc6/ip/ -IGenerated_Source\PSoC6\pdl\devices/psoc6/psoc63/include/ -IGenerated_Source\PSoC6\pdl\drivers/peripheral/ -IGenerated_Source\PSoC6\pdl\middleware/ -IGenerated_Source\PSoC6\pdl\middleware/emWin/code/drivers/BitPlains/ -IGenerated_Source\PSoC6\pdl\middleware/emWin/code/include/ -IGenerated_Source\PSoC6\pdl\middleware/emWin/code/include/nosnts/ -Wa,-alh=.\CortexM0p\ARM_GCC_541\Debug/cy_sysclk.lst -g -D DEBUG -D CY_CORE_ID=0 -D CY_PSOC_CREATOR_USED=1 -D CY8C6347BZI_BLD53 -Wall -ffunction-sections -ffat-lto-objects -Og -c Generated_Source\PSoC6\pdl\drivers\peripheral\sysclk\cy_sysclk.c -o .\CortexM0p\ARM_GCC_541\Debug\cy_sysclk.o
arm-none-eabi-gcc.exe -mcpu=cortex-m0plus -mthumb -I. -IGenerated_Source\PSoC6 -IGenerated_Source\PSoC6\pdl\cmsis/include/ -IGenerated_Source\PSoC6\pdl\devices/psoc6/ip/ -IGenerated_Source\PSoC6\pdl\devices/psoc6/psoc63/include/ -IGenerated_Source\PSoC6\pdl\drivers/peripheral/ -IGenerated_Source\PSoC6\pdl\middleware/ -IGenerated_Source\PSoC6\pdl\middleware/emWin/code/drivers/BitPlains/ -IGenerated_Source\PSoC6\pdl\middleware/emWin/code/include/ -IGenerated_Source\PSoC6\pdl\middleware/emWin/code/include/nosnts/ -Wa,-alh=.\CortexM0p\ARM_GCC_541\Debug/cy_sysint.lst -g -D DEBUG -D CY_CORE_ID=0 -D CY_PSOC_CREATOR_USED=1 -D CY8C6347BZI_BLD53 -Wall -ffunction-sections -ffat-lto-objects -Og -c Generated_Source\PSoC6\pdl\drivers\peripheral\sysint\cy_sysint.c -o .\CortexM0p\ARM_GCC_541\Debug\cy_sysint.o
arm-none-eabi-gcc.exe -mcpu=cortex-m0plus -mthumb -I. -IGenerated_Source\PSoC6 -IGenerated_Source\PSoC6\pdl\cmsis/include/ -IGenerated_Source\PSoC6\pdl\devices/psoc6/ip/ -IGenerated_Source\PSoC6\pdl\devices/psoc6/psoc63/include/ -IGenerated_Source\PSoC6\pdl\drivers/peripheral/ -IGenerated_Source\PSoC6\pdl\middleware/ -IGenerated_Source\PSoC6\pdl\middleware/emWin/code/drivers/BitPlains/ -IGenerated_Source\PSoC6\pdl\middleware/emWin/code/include/ -IGenerated_Source\PSoC6\pdl\middleware/emWin/code/include/nosnts/ -Wa,-alh=.\CortexM0p\ARM_GCC_541\Debug/cy_syslib.lst -g -D DEBUG -D CY_CORE_ID=0 -D CY_PSOC_CREATOR_USED=1 -D CY8C6347BZI_BLD53 -Wall -ffunction-sections -ffat-lto-objects -Og -c Generated_Source\PSoC6\pdl\drivers\peripheral\syslib\cy_syslib.c -o .\CortexM0p\ARM_GCC_541\Debug\cy_syslib.o
arm-none-eabi-gcc.exe -mcpu=cortex-m0plus -mthumb -I. -IGenerated_Source\PSoC6 -IGenerated_Source\PSoC6\pdl\cmsis/include/ -IGenerated_Source\PSoC6\pdl\devices/psoc6/ip/ -IGenerated_Source\PSoC6\pdl\devices/psoc6/psoc63/include/ -IGenerated_Source\PSoC6\pdl\drivers/peripheral/ -IGenerated_Source\PSoC6\pdl\middleware/ -IGenerated_Source\PSoC6\pdl\middleware/emWin/code/drivers/BitPlains/ -IGenerated_Source\PSoC6\pdl\middleware/emWin/code/include/ -IGenerated_Source\PSoC6\pdl\middleware/emWin/code/include/nosnts/ -Wa,-alh=.\CortexM0p\ARM_GCC_541\Debug/cy_syslib_gcc.lst -g -D DEBUG -D CY_CORE_ID=0 -D CY_PSOC_CREATOR_USED=1 -D CY8C6347BZI_BLD53 -Wall -ffunction-sections -ffat-lto-objects -Og -c Generated_Source\PSoC6\pdl\drivers\peripheral\syslib\gcc\cy_syslib_gcc.S -o .\CortexM0p\ARM_GCC_541\Debug\cy_syslib_gcc.o
arm-none-eabi-gcc.exe -mcpu=cortex-m0plus -mthumb -I. -IGenerated_Source\PSoC6 -IGenerated_Source\PSoC6\pdl\cmsis/include/ -IGenerated_Source\PSoC6\pdl\devices/psoc6/ip/ -IGenerated_Source\PSoC6\pdl\devices/psoc6/psoc63/include/ -IGenerated_Source\PSoC6\pdl\drivers/peripheral/ -IGenerated_Source\PSoC6\pdl\middleware/ -IGenerated_Source\PSoC6\pdl\middleware/emWin/code/drivers/BitPlains/ -IGenerated_Source\PSoC6\pdl\middleware/emWin/code/include/ -IGenerated_Source\PSoC6\pdl\middleware/emWin/code/include/nosnts/ -Wa,-alh=.\CortexM0p\ARM_GCC_541\Debug/cy_syspm.lst -g -D DEBUG -D CY_CORE_ID=0 -D CY_PSOC_CREATOR_USED=1 -D CY8C6347BZI_BLD53 -Wall -ffunction-sections -ffat-lto-objects -Og -c Generated_Source\PSoC6\pdl\drivers\peripheral\syspm\cy_syspm.c -o .\CortexM0p\ARM_GCC_541\Debug\cy_syspm.o
arm-none-eabi-gcc.exe -mcpu=cortex-m0plus -mthumb -I. -IGenerated_Source\PSoC6 -IGenerated_Source\PSoC6\pdl\cmsis/include/ -IGenerated_Source\PSoC6\pdl\devices/psoc6/ip/ -IGenerated_Source\PSoC6\pdl\devices/psoc6/psoc63/include/ -IGenerated_Source\PSoC6\pdl\drivers/peripheral/ -IGenerated_Source\PSoC6\pdl\middleware/ -IGenerated_Source\PSoC6\pdl\middleware/emWin/code/drivers/BitPlains/ -IGenerated_Source\PSoC6\pdl\middleware/emWin/code/include/ -IGenerated_Source\PSoC6\pdl\middleware/emWin/code/include/nosnts/ -Wa,-alh=.\CortexM0p\ARM_GCC_541\Debug/cy_systick.lst -g -D DEBUG -D CY_CORE_ID=0 -D CY_PSOC_CREATOR_USED=1 -D CY8C6347BZI_BLD53 -Wall -ffunction-sections -ffat-lto-objects -Og -c Generated_Source\PSoC6\pdl\drivers\peripheral\systick\cy_systick.c -o .\CortexM0p\ARM_GCC_541\Debug\cy_systick.o
arm-none-eabi-gcc.exe -mcpu=cortex-m0plus -mthumb -I. -IGenerated_Source\PSoC6 -IGenerated_Source\PSoC6\pdl\cmsis/include/ -IGenerated_Source\PSoC6\pdl\devices/psoc6/ip/ -IGenerated_Source\PSoC6\pdl\devices/psoc6/psoc63/include/ -IGenerated_Source\PSoC6\pdl\drivers/peripheral/ -IGenerated_Source\PSoC6\pdl\middleware/ -IGenerated_Source\PSoC6\pdl\middleware/emWin/code/drivers/BitPlains/ -IGenerated_Source\PSoC6\pdl\middleware/emWin/code/include/ -IGenerated_Source\PSoC6\pdl\middleware/emWin/code/include/nosnts/ -Wa,-alh=.\CortexM0p\ARM_GCC_541\Debug/cy_tcpwm_counter.lst -g -D DEBUG -D CY_CORE_ID=0 -D CY_PSOC_CREATOR_USED=1 -D CY8C6347BZI_BLD53 -Wall -ffunction-sections -ffat-lto-objects -Og -c Generated_Source\PSoC6\pdl\drivers\peripheral\tcpwm\cy_tcpwm_counter.c -o .\CortexM0p\ARM_GCC_541\Debug\cy_tcpwm_counter.o
arm-none-eabi-gcc.exe -mcpu=cortex-m0plus -mthumb -I. -IGenerated_Source\PSoC6 -IGenerated_Source\PSoC6\pdl\cmsis/include/ -IGenerated_Source\PSoC6\pdl\devices/psoc6/ip/ -IGenerated_Source\PSoC6\pdl\devices/psoc6/psoc63/include/ -IGenerated_Source\PSoC6\pdl\drivers/peripheral/ -IGenerated_Source\PSoC6\pdl\middleware/ -IGenerated_Source\PSoC6\pdl\middleware/emWin/code/drivers/BitPlains/ -IGenerated_Source\PSoC6\pdl\middleware/emWin/code/include/ -IGenerated_Source\PSoC6\pdl\middleware/emWin/code/include/nosnts/ -Wa,-alh=.\CortexM0p\ARM_GCC_541\Debug/cy_tcpwm_pwm.lst -g -D DEBUG -D CY_CORE_ID=0 -D CY_PSOC_CREATOR_USED=1 -D CY8C6347BZI_BLD53 -Wall -ffunction-sections -ffat-lto-objects -Og -c Generated_Source\PSoC6\pdl\drivers\peripheral\tcpwm\cy_tcpwm_pwm.c -o .\CortexM0p\ARM_GCC_541\Debug\cy_tcpwm_pwm.o
arm-none-eabi-gcc.exe -mcpu=cortex-m0plus -mthumb -I. -IGenerated_Source\PSoC6 -IGenerated_Source\PSoC6\pdl\cmsis/include/ -IGenerated_Source\PSoC6\pdl\devices/psoc6/ip/ -IGenerated_Source\PSoC6\pdl\devices/psoc6/psoc63/include/ -IGenerated_Source\PSoC6\pdl\drivers/peripheral/ -IGenerated_Source\PSoC6\pdl\middleware/ -IGenerated_Source\PSoC6\pdl\middleware/emWin/code/drivers/BitPlains/ -IGenerated_Source\PSoC6\pdl\middleware/emWin/code/include/ -IGenerated_Source\PSoC6\pdl\middleware/emWin/code/include/nosnts/ -Wa,-alh=.\CortexM0p\ARM_GCC_541\Debug/cy_tcpwm_quaddec.lst -g -D DEBUG -D CY_CORE_ID=0 -D CY_PSOC_CREATOR_USED=1 -D CY8C6347BZI_BLD53 -Wall -ffunction-sections -ffat-lto-objects -Og -c Generated_Source\PSoC6\pdl\drivers\peripheral\tcpwm\cy_tcpwm_quaddec.c -o .\CortexM0p\ARM_GCC_541\Debug\cy_tcpwm_quaddec.o
arm-none-eabi-gcc.exe -mcpu=cortex-m0plus -mthumb -I. -IGenerated_Source\PSoC6 -IGenerated_Source\PSoC6\pdl\cmsis/include/ -IGenerated_Source\PSoC6\pdl\devices/psoc6/ip/ -IGenerated_Source\PSoC6\pdl\devices/psoc6/psoc63/include/ -IGenerated_Source\PSoC6\pdl\drivers/peripheral/ -IGenerated_Source\PSoC6\pdl\middleware/ -IGenerated_Source\PSoC6\pdl\middleware/emWin/code/drivers/BitPlains/ -IGenerated_Source\PSoC6\pdl\middleware/emWin/code/include/ -IGenerated_Source\PSoC6\pdl\middleware/emWin/code/include/nosnts/ -Wa,-alh=.\CortexM0p\ARM_GCC_541\Debug/cy_trigmux.lst -g -D DEBUG -D CY_CORE_ID=0 -D CY_PSOC_CREATOR_USED=1 -D CY8C6347BZI_BLD53 -Wall -ffunction-sections -ffat-lto-objects -Og -c Generated_Source\PSoC6\pdl\drivers\peripheral\trigmux\cy_trigmux.c -o .\CortexM0p\ARM_GCC_541\Debug\cy_trigmux.o
arm-none-eabi-gcc.exe -mcpu=cortex-m0plus -mthumb -I. -IGenerated_Source\PSoC6 -IGenerated_Source\PSoC6\pdl\cmsis/include/ -IGenerated_Source\PSoC6\pdl\devices/psoc6/ip/ -IGenerated_Source\PSoC6\pdl\devices/psoc6/psoc63/include/ -IGenerated_Source\PSoC6\pdl\drivers/peripheral/ -IGenerated_Source\PSoC6\pdl\middleware/ -IGenerated_Source\PSoC6\pdl\middleware/emWin/code/drivers/BitPlains/ -IGenerated_Source\PSoC6\pdl\middleware/emWin/code/include/ -IGenerated_Source\PSoC6\pdl\middleware/emWin/code/include/nosnts/ -Wa,-alh=.\CortexM0p\ARM_GCC_541\Debug/cy_wdt.lst -g -D DEBUG -D CY_CORE_ID=0 -D CY_PSOC_CREATOR_USED=1 -D CY8C6347BZI_BLD53 -Wall -ffunction-sections -ffat-lto-objects -Og -c Generated_Source\PSoC6\pdl\drivers\peripheral\wdt\cy_wdt.c -o .\CortexM0p\ARM_GCC_541\Debug\cy_wdt.o
arm-none-eabi-gcc.exe -mcpu=cortex-m0plus -mthumb -I. -IGenerated_Source\PSoC6 -IGenerated_Source\PSoC6\pdl\cmsis/include/ -IGenerated_Source\PSoC6\pdl\devices/psoc6/ip/ -IGenerated_Source\PSoC6\pdl\devices/psoc6/psoc63/include/ -IGenerated_Source\PSoC6\pdl\drivers/peripheral/ -IGenerated_Source\PSoC6\pdl\middleware/ -IGenerated_Source\PSoC6\pdl\middleware/emWin/code/drivers/BitPlains/ -IGenerated_Source\PSoC6\pdl\middleware/emWin/code/include/ -IGenerated_Source\PSoC6\pdl\middleware/emWin/code/include/nosnts/ -Wa,-alh=.\CortexM0p\ARM_GCC_541\Debug/cy_ble_clk.lst -g -D DEBUG -D CY_CORE_ID=0 -D CY_PSOC_CREATOR_USED=1 -D CY8C6347BZI_BLD53 -Wall -ffunction-sections -ffat-lto-objects -Og -c Generated_Source\PSoC6\pdl\middleware\ble\cy_ble_clk.c -o .\CortexM0p\ARM_GCC_541\Debug\cy_ble_clk.o
arm-none-eabi-gcc.exe -mcpu=cortex-m0plus -mthumb -I. -IGenerated_Source\PSoC6 -IGenerated_Source\PSoC6\pdl\cmsis/include/ -IGenerated_Source\PSoC6\pdl\devices/psoc6/ip/ -IGenerated_Source\PSoC6\pdl\devices/psoc6/psoc63/include/ -IGenerated_Source\PSoC6\pdl\drivers/peripheral/ -IGenerated_Source\PSoC6\pdl\middleware/ -IGenerated_Source\PSoC6\pdl\middleware/emWin/code/drivers/BitPlains/ -IGenerated_Source\PSoC6\pdl\middleware/emWin/code/include/ -IGenerated_Source\PSoC6\pdl\middleware/emWin/code/include/nosnts/ -Wa,-alh=.\CortexM0p\ARM_GCC_541\Debug/PWM_1.lst -g -D DEBUG -D CY_CORE_ID=0 -D CY_PSOC_CREATOR_USED=1 -D CY8C6347BZI_BLD53 -Wall -ffunction-sections -ffat-lto-objects -Og -c Generated_Source\PSoC6\PWM_1.c -o .\CortexM0p\ARM_GCC_541\Debug\PWM_1.o
arm-none-eabi-gcc.exe -Wl,--start-group -o D:\Microprocess2\Lab10\Workspace01\Exam_A22_Tyshchenko.cydsn\CortexM0p\ARM_GCC_541\Debug\Exam_A22_Tyshchenko_link.elf Generated_Source\PSoC6\pdl\middleware\emWin\libs\libemWin_nosnts_gcc.a .\CortexM0p\ARM_GCC_541\Debug\startup_psoc63_cm0plus.o .\CortexM0p\ARM_GCC_541\Debug\main_cm0p.o .\CortexM0p\ARM_GCC_541\Debug\system_psoc63_cm0plus.o .\CortexM0p\ARM_GCC_541\Debug\GUIConf.o .\CortexM0p\ARM_GCC_541\Debug\GUI_X.o .\CortexM0p\ARM_GCC_541\Debug\LCDConf.o .\CortexM0p\ARM_GCC_541\Debug\cy_ipc_config.o .\CortexM0p\ARM_GCC_541\Debug\cyfitter_sysint_cfg.o .\CortexM0p\ARM_GCC_541\Debug\cyfitter_cfg.o .\CortexM0p\ARM_GCC_541\Debug\cymetadata.o .\CortexM0p\ARM_GCC_541\Debug\CY_EINK_SPIM.o .\CortexM0p\ARM_GCC_541\Debug\CY_EINK_Timer.o .\CortexM0p\ARM_GCC_541\Debug\Status_SW2.o .\CortexM0p\ARM_GCC_541\Debug\cy_efuse.o .\CortexM0p\ARM_GCC_541\Debug\cy_flash.o .\CortexM0p\ARM_GCC_541\Debug\cy_gpio.o .\CortexM0p\ARM_GCC_541\Debug\cy_ipc_drv.o .\CortexM0p\ARM_GCC_541\Debug\cy_ipc_sema.o .\CortexM0p\ARM_GCC_541\Debug\cy_ipc_pipe.o .\CortexM0p\ARM_GCC_541\Debug\cy_lvd.o .\CortexM0p\ARM_GCC_541\Debug\cy_profile.o .\CortexM0p\ARM_GCC_541\Debug\cy_prot.o .\CortexM0p\ARM_GCC_541\Debug\cy_scb_common.o .\CortexM0p\ARM_GCC_541\Debug\cy_scb_i2c.o .\CortexM0p\ARM_GCC_541\Debug\cy_scb_ezi2c.o .\CortexM0p\ARM_GCC_541\Debug\cy_scb_spi.o .\CortexM0p\ARM_GCC_541\Debug\cy_scb_uart.o .\CortexM0p\ARM_GCC_541\Debug\cy_sysanalog.o .\CortexM0p\ARM_GCC_541\Debug\cy_sysclk.o .\CortexM0p\ARM_GCC_541\Debug\cy_sysint.o .\CortexM0p\ARM_GCC_541\Debug\cy_syslib.o .\CortexM0p\ARM_GCC_541\Debug\cy_syslib_gcc.o .\CortexM0p\ARM_GCC_541\Debug\cy_syspm.o .\CortexM0p\ARM_GCC_541\Debug\cy_systick.o .\CortexM0p\ARM_GCC_541\Debug\cy_tcpwm_counter.o .\CortexM0p\ARM_GCC_541\Debug\cy_tcpwm_pwm.o .\CortexM0p\ARM_GCC_541\Debug\cy_tcpwm_quaddec.o .\CortexM0p\ARM_GCC_541\Debug\cy_trigmux.o .\CortexM0p\ARM_GCC_541\Debug\cy_wdt.o .\CortexM0p\ARM_GCC_541\Debug\cy_ble_clk.o .\CortexM0p\ARM_GCC_541\Debug\PWM_1.o -mcpu=cortex-m0plus -mthumb -L Generated_Source\PSoC6 -Wl,-Map,.\CortexM0p\ARM_GCC_541\Debug/Exam_A22_Tyshchenko.map -T cy8c6xx7_cm0plus.ld -specs=nano.specs -Wl,--gc-sections -g -ffunction-sections -Og -ffat-lto-objects -Wl,--end-group
D:\PDL0\PDL\3.0.4\tools\win\elf\cymcuelftool.exe --sign D:\Microprocess2\Lab10\Workspace01\Exam_A22_Tyshchenko.cydsn\CortexM0p\ARM_GCC_541\Debug\Exam_A22_Tyshchenko_link.elf --output D:\Microprocess2\Lab10\Workspace01\Exam_A22_Tyshchenko.cydsn\CortexM0p\ARM_GCC_541\Debug\Exam_A22_Tyshchenko.elf --hex D:\Microprocess2\Lab10\Workspace01\Exam_A22_Tyshchenko.cydsn\CortexM0p\ARM_GCC_541\Debug\Exam_A22_Tyshchenko.hex
No ELF section .cychecksum found, creating one
Application checksum calculated and stored in ELF section .cychecksum
Checksum calculated and stored in ELF section .cymeta
arm-none-eabi-gcc.exe -mcpu=cortex-m4 -mfloat-abi=softfp -mfpu=fpv4-sp-d16 -mthumb -I.\Config -I.\GUI\Core -I.\GUI\DisplayDriver "-I.\eInk Library" -I. -IGenerated_Source\PSoC6 -IGenerated_Source\PSoC6\pdl\cmsis/include/ -IGenerated_Source\PSoC6\pdl\devices/psoc6/ip/ -IGenerated_Source\PSoC6\pdl\devices/psoc6/psoc63/include/ -IGenerated_Source\PSoC6\pdl\drivers/peripheral/ -IGenerated_Source\PSoC6\pdl\middleware/ -IGenerated_Source\PSoC6\pdl\middleware/emWin/code/drivers/BitPlains/ -IGenerated_Source\PSoC6\pdl\middleware/emWin/code/include/ -IGenerated_Source\PSoC6\pdl\middleware/emWin/code/include/nosnts/ -Wa,-alh=.\CortexM4\ARM_GCC_541\Debug/startup_psoc63_cm4.lst -g -D DEBUG -D CY_CORE_ID=0 -D CY_PSOC_CREATOR_USED=1 -D CY8C6347BZI_BLD53 -Wall -ffunction-sections -ffat-lto-objects -Og -c armgcc\startup\startup_psoc63_cm4.S -o .\CortexM4\ARM_GCC_541\Debug\startup_psoc63_cm4.o
arm-none-eabi-gcc.exe -mcpu=cortex-m4 -mfloat-abi=softfp -mfpu=fpv4-sp-d16 -mthumb -I.\Config -I.\GUI\Core -I.\GUI\DisplayDriver "-I.\eInk Library" -I. -IGenerated_Source\PSoC6 -IGenerated_Source\PSoC6\pdl\cmsis/include/ -IGenerated_Source\PSoC6\pdl\devices/psoc6/ip/ -IGenerated_Source\PSoC6\pdl\devices/psoc6/psoc63/include/ -IGenerated_Source\PSoC6\pdl\drivers/peripheral/ -IGenerated_Source\PSoC6\pdl\middleware/ -IGenerated_Source\PSoC6\pdl\middleware/emWin/code/drivers/BitPlains/ -IGenerated_Source\PSoC6\pdl\middleware/emWin/code/include/ -IGenerated_Source\PSoC6\pdl\middleware/emWin/code/include/nosnts/ -Wa,-alh=.\CortexM4\ARM_GCC_541\Debug/main_cm4.lst -g -D DEBUG -D CY_CORE_ID=0 -D CY_PSOC_CREATOR_USED=1 -D CY8C6347BZI_BLD53 -Wall -ffunction-sections -ffat-lto-objects -Og -c main_cm4.c -o .\CortexM4\ARM_GCC_541\Debug\main_cm4.o
main_cm4.c: In function 'ShowGauss':
main_cm4.c:299:14: warning: unused variable 'screen_height' [-Wunused-variable]
    const int screen_height = 150;//176
              ^
main_cm4.c:298:14: warning: unused variable 'screen_width' [-Wunused-variable]
    const int screen_width = 200;//264
              ^
arm-none-eabi-gcc.exe -mcpu=cortex-m4 -mfloat-abi=softfp -mfpu=fpv4-sp-d16 -mthumb -I.\Config -I.\GUI\Core -I.\GUI\DisplayDriver "-I.\eInk Library" -I. -IGenerated_Source\PSoC6 -IGenerated_Source\PSoC6\pdl\cmsis/include/ -IGenerated_Source\PSoC6\pdl\devices/psoc6/ip/ -IGenerated_Source\PSoC6\pdl\devices/psoc6/psoc63/include/ -IGenerated_Source\PSoC6\pdl\drivers/peripheral/ -IGenerated_Source\PSoC6\pdl\middleware/ -IGenerated_Source\PSoC6\pdl\middleware/emWin/code/drivers/BitPlains/ -IGenerated_Source\PSoC6\pdl\middleware/emWin/code/include/ -IGenerated_Source\PSoC6\pdl\middleware/emWin/code/include/nosnts/ -Wa,-alh=.\CortexM4\ARM_GCC_541\Debug/system_psoc63_cm4.lst -g -D DEBUG -D CY_CORE_ID=0 -D CY_PSOC_CREATOR_USED=1 -D CY8C6347BZI_BLD53 -Wall -ffunction-sections -ffat-lto-objects -Og -c system_psoc63_cm4.c -o .\CortexM4\ARM_GCC_541\Debug\system_psoc63_cm4.o
arm-none-eabi-gcc.exe -mcpu=cortex-m4 -mfloat-abi=softfp -mfpu=fpv4-sp-d16 -mthumb -I.\Config -I.\GUI\Core -I.\GUI\DisplayDriver "-I.\eInk Library" -I. -IGenerated_Source\PSoC6 -IGenerated_Source\PSoC6\pdl\cmsis/include/ -IGenerated_Source\PSoC6\pdl\devices/psoc6/ip/ -IGenerated_Source\PSoC6\pdl\devices/psoc6/psoc63/include/ -IGenerated_Source\PSoC6\pdl\drivers/peripheral/ -IGenerated_Source\PSoC6\pdl\middleware/ -IGenerated_Source\PSoC6\pdl\middleware/emWin/code/drivers/BitPlains/ -IGenerated_Source\PSoC6\pdl\middleware/emWin/code/include/ -IGenerated_Source\PSoC6\pdl\middleware/emWin/code/include/nosnts/ -Wa,-alh=.\CortexM4\ARM_GCC_541\Debug/pervasive_eink_hardware_driver.lst -g -D DEBUG -D CY_CORE_ID=0 -D CY_PSOC_CREATOR_USED=1 -D CY8C6347BZI_BLD53 -Wall -ffunction-sections -ffat-lto-objects -Og -c "eInk Library\pervasive_eink_hardware_driver.c" -o .\CortexM4\ARM_GCC_541\Debug\pervasive_eink_hardware_driver.o
arm-none-eabi-gcc.exe -mcpu=cortex-m4 -mfloat-abi=softfp -mfpu=fpv4-sp-d16 -mthumb -I.\Config -I.\GUI\Core -I.\GUI\DisplayDriver "-I.\eInk Library" -I. -IGenerated_Source\PSoC6 -IGenerated_Source\PSoC6\pdl\cmsis/include/ -IGenerated_Source\PSoC6\pdl\devices/psoc6/ip/ -IGenerated_Source\PSoC6\pdl\devices/psoc6/psoc63/include/ -IGenerated_Source\PSoC6\pdl\drivers/peripheral/ -IGenerated_Source\PSoC6\pdl\middleware/ -IGenerated_Source\PSoC6\pdl\middleware/emWin/code/drivers/BitPlains/ -IGenerated_Source\PSoC6\pdl\middleware/emWin/code/include/ -IGenerated_Source\PSoC6\pdl\middleware/emWin/code/include/nosnts/ -Wa,-alh=.\CortexM4\ARM_GCC_541\Debug/cy_eink_library.lst -g -D DEBUG -D CY_CORE_ID=0 -D CY_PSOC_CREATOR_USED=1 -D CY8C6347BZI_BLD53 -Wall -ffunction-sections -ffat-lto-objects -Og -c "eInk Library\cy_eink_library.c" -o .\CortexM4\ARM_GCC_541\Debug\cy_eink_library.o
arm-none-eabi-gcc.exe -mcpu=cortex-m4 -mfloat-abi=softfp -mfpu=fpv4-sp-d16 -mthumb -I.\Config -I.\GUI\Core -I.\GUI\DisplayDriver "-I.\eInk Library" -I. -IGenerated_Source\PSoC6 -IGenerated_Source\PSoC6\pdl\cmsis/include/ -IGenerated_Source\PSoC6\pdl\devices/psoc6/ip/ -IGenerated_Source\PSoC6\pdl\devices/psoc6/psoc63/include/ -IGenerated_Source\PSoC6\pdl\drivers/peripheral/ -IGenerated_Source\PSoC6\pdl\middleware/ -IGenerated_Source\PSoC6\pdl\middleware/emWin/code/drivers/BitPlains/ -IGenerated_Source\PSoC6\pdl\middleware/emWin/code/include/ -IGenerated_Source\PSoC6\pdl\middleware/emWin/code/include/nosnts/ -Wa,-alh=.\CortexM4\ARM_GCC_541\Debug/cy_eink_psoc_interface.lst -g -D DEBUG -D CY_CORE_ID=0 -D CY_PSOC_CREATOR_USED=1 -D CY8C6347BZI_BLD53 -Wall -ffunction-sections -ffat-lto-objects -Og -c "eInk Library\cy_eink_psoc_interface.c" -o .\CortexM4\ARM_GCC_541\Debug\cy_eink_psoc_interface.o
arm-none-eabi-gcc.exe -mcpu=cortex-m4 -mfloat-abi=softfp -mfpu=fpv4-sp-d16 -mthumb -I.\Config -I.\GUI\Core -I.\GUI\DisplayDriver "-I.\eInk Library" -I. -IGenerated_Source\PSoC6 -IGenerated_Source\PSoC6\pdl\cmsis/include/ -IGenerated_Source\PSoC6\pdl\devices/psoc6/ip/ -IGenerated_Source\PSoC6\pdl\devices/psoc6/psoc63/include/ -IGenerated_Source\PSoC6\pdl\drivers/peripheral/ -IGenerated_Source\PSoC6\pdl\middleware/ -IGenerated_Source\PSoC6\pdl\middleware/emWin/code/drivers/BitPlains/ -IGenerated_Source\PSoC6\pdl\middleware/emWin/code/include/ -IGenerated_Source\PSoC6\pdl\middleware/emWin/code/include/nosnts/ "-Wa,-alh=.\CortexM4\ARM_GCC_541\Debug/Cypress Logo Full Color_PNG_1bpp.lst" -g -D DEBUG -D CY_CORE_ID=0 -D CY_PSOC_CREATOR_USED=1 -D CY8C6347BZI_BLD53 -Wall -ffunction-sections -ffat-lto-objects -Og -c "Images\Cypress Logo Full Color_PNG_1bpp.c" -o ".\CortexM4\ARM_GCC_541\Debug\Cypress Logo Full Color_PNG_1bpp.o"
arm-none-eabi-gcc.exe -mcpu=cortex-m4 -mfloat-abi=softfp -mfpu=fpv4-sp-d16 -mthumb -I.\Config -I.\GUI\Core -I.\GUI\DisplayDriver "-I.\eInk Library" -I. -IGenerated_Source\PSoC6 -IGenerated_Source\PSoC6\pdl\cmsis/include/ -IGenerated_Source\PSoC6\pdl\devices/psoc6/ip/ -IGenerated_Source\PSoC6\pdl\devices/psoc6/psoc63/include/ -IGenerated_Source\PSoC6\pdl\drivers/peripheral/ -IGenerated_Source\PSoC6\pdl\middleware/ -IGenerated_Source\PSoC6\pdl\middleware/emWin/code/drivers/BitPlains/ -IGenerated_Source\PSoC6\pdl\middleware/emWin/code/include/ -IGenerated_Source\PSoC6\pdl\middleware/emWin/code/include/nosnts/ -Wa,-alh=.\CortexM4\ARM_GCC_541\Debug/GUIConf.lst -g -D DEBUG -D CY_CORE_ID=0 -D CY_PSOC_CREATOR_USED=1 -D CY8C6347BZI_BLD53 -Wall -ffunction-sections -ffat-lto-objects -Og -c GUIConf.c -o .\CortexM4\ARM_GCC_541\Debug\GUIConf.o
arm-none-eabi-gcc.exe -mcpu=cortex-m4 -mfloat-abi=softfp -mfpu=fpv4-sp-d16 -mthumb -I.\Config -I.\GUI\Core -I.\GUI\DisplayDriver "-I.\eInk Library" -I. -IGenerated_Source\PSoC6 -IGenerated_Source\PSoC6\pdl\cmsis/include/ -IGenerated_Source\PSoC6\pdl\devices/psoc6/ip/ -IGenerated_Source\PSoC6\pdl\devices/psoc6/psoc63/include/ -IGenerated_Source\PSoC6\pdl\drivers/peripheral/ -IGenerated_Source\PSoC6\pdl\middleware/ -IGenerated_Source\PSoC6\pdl\middleware/emWin/code/drivers/BitPlains/ -IGenerated_Source\PSoC6\pdl\middleware/emWin/code/include/ -IGenerated_Source\PSoC6\pdl\middleware/emWin/code/include/nosnts/ -Wa,-alh=.\CortexM4\ARM_GCC_541\Debug/GUI_X.lst -g -D DEBUG -D CY_CORE_ID=0 -D CY_PSOC_CREATOR_USED=1 -D CY8C6347BZI_BLD53 -Wall -ffunction-sections -ffat-lto-objects -Og -c GUI_X.c -o .\CortexM4\ARM_GCC_541\Debug\GUI_X.o
arm-none-eabi-gcc.exe -mcpu=cortex-m4 -mfloat-abi=softfp -mfpu=fpv4-sp-d16 -mthumb -I.\Config -I.\GUI\Core -I.\GUI\DisplayDriver "-I.\eInk Library" -I. -IGenerated_Source\PSoC6 -IGenerated_Source\PSoC6\pdl\cmsis/include/ -IGenerated_Source\PSoC6\pdl\devices/psoc6/ip/ -IGenerated_Source\PSoC6\pdl\devices/psoc6/psoc63/include/ -IGenerated_Source\PSoC6\pdl\drivers/peripheral/ -IGenerated_Source\PSoC6\pdl\middleware/ -IGenerated_Source\PSoC6\pdl\middleware/emWin/code/drivers/BitPlains/ -IGenerated_Source\PSoC6\pdl\middleware/emWin/code/include/ -IGenerated_Source\PSoC6\pdl\middleware/emWin/code/include/nosnts/ -Wa,-alh=.\CortexM4\ARM_GCC_541\Debug/LCDConf.lst -g -D DEBUG -D CY_CORE_ID=0 -D CY_PSOC_CREATOR_USED=1 -D CY8C6347BZI_BLD53 -Wall -ffunction-sections -ffat-lto-objects -Og -c LCDConf.c -o .\CortexM4\ARM_GCC_541\Debug\LCDConf.o
arm-none-eabi-gcc.exe -mcpu=cortex-m4 -mfloat-abi=softfp -mfpu=fpv4-sp-d16 -mthumb -I.\Config -I.\GUI\Core -I.\GUI\DisplayDriver "-I.\eInk Library" -I. -IGenerated_Source\PSoC6 -IGenerated_Source\PSoC6\pdl\cmsis/include/ -IGenerated_Source\PSoC6\pdl\devices/psoc6/ip/ -IGenerated_Source\PSoC6\pdl\devices/psoc6/psoc63/include/ -IGenerated_Source\PSoC6\pdl\drivers/peripheral/ -IGenerated_Source\PSoC6\pdl\middleware/ -IGenerated_Source\PSoC6\pdl\middleware/emWin/code/drivers/BitPlains/ -IGenerated_Source\PSoC6\pdl\middleware/emWin/code/include/ -IGenerated_Source\PSoC6\pdl\middleware/emWin/code/include/nosnts/ -Wa,-alh=.\CortexM4\ARM_GCC_541\Debug/cy_ipc_config.lst -g -D DEBUG -D CY_CORE_ID=0 -D CY_PSOC_CREATOR_USED=1 -D CY8C6347BZI_BLD53 -Wall -ffunction-sections -ffat-lto-objects -Og -c cy_ipc_config.c -o .\CortexM4\ARM_GCC_541\Debug\cy_ipc_config.o
arm-none-eabi-gcc.exe -mcpu=cortex-m4 -mfloat-abi=softfp -mfpu=fpv4-sp-d16 -mthumb -I.\Config -I.\GUI\Core -I.\GUI\DisplayDriver "-I.\eInk Library" -I. -IGenerated_Source\PSoC6 -IGenerated_Source\PSoC6\pdl\cmsis/include/ -IGenerated_Source\PSoC6\pdl\devices/psoc6/ip/ -IGenerated_Source\PSoC6\pdl\devices/psoc6/psoc63/include/ -IGenerated_Source\PSoC6\pdl\drivers/peripheral/ -IGenerated_Source\PSoC6\pdl\middleware/ -IGenerated_Source\PSoC6\pdl\middleware/emWin/code/drivers/BitPlains/ -IGenerated_Source\PSoC6\pdl\middleware/emWin/code/include/ -IGenerated_Source\PSoC6\pdl\middleware/emWin/code/include/nosnts/ -Wa,-alh=.\CortexM4\ARM_GCC_541\Debug/cyfitter_sysint_cfg.lst -g -D DEBUG -D CY_CORE_ID=0 -D CY_PSOC_CREATOR_USED=1 -D CY8C6347BZI_BLD53 -Wall -ffunction-sections -ffat-lto-objects -Og -c Generated_Source\PSoC6\cyfitter_sysint_cfg.c -o .\CortexM4\ARM_GCC_541\Debug\cyfitter_sysint_cfg.o
arm-none-eabi-gcc.exe -mcpu=cortex-m4 -mfloat-abi=softfp -mfpu=fpv4-sp-d16 -mthumb -I.\Config -I.\GUI\Core -I.\GUI\DisplayDriver "-I.\eInk Library" -I. -IGenerated_Source\PSoC6 -IGenerated_Source\PSoC6\pdl\cmsis/include/ -IGenerated_Source\PSoC6\pdl\devices/psoc6/ip/ -IGenerated_Source\PSoC6\pdl\devices/psoc6/psoc63/include/ -IGenerated_Source\PSoC6\pdl\drivers/peripheral/ -IGenerated_Source\PSoC6\pdl\middleware/ -IGenerated_Source\PSoC6\pdl\middleware/emWin/code/drivers/BitPlains/ -IGenerated_Source\PSoC6\pdl\middleware/emWin/code/include/ -IGenerated_Source\PSoC6\pdl\middleware/emWin/code/include/nosnts/ -Wa,-alh=.\CortexM4\ARM_GCC_541\Debug/cymetadata.lst -g -D DEBUG -D CY_CORE_ID=0 -D CY_PSOC_CREATOR_USED=1 -D CY8C6347BZI_BLD53 -Wall -ffunction-sections -ffat-lto-objects -Og -c Generated_Source\PSoC6\cymetadata.c -o .\CortexM4\ARM_GCC_541\Debug\cymetadata.o
arm-none-eabi-gcc.exe -mcpu=cortex-m4 -mfloat-abi=softfp -mfpu=fpv4-sp-d16 -mthumb -I.\Config -I.\GUI\Core -I.\GUI\DisplayDriver "-I.\eInk Library" -I. -IGenerated_Source\PSoC6 -IGenerated_Source\PSoC6\pdl\cmsis/include/ -IGenerated_Source\PSoC6\pdl\devices/psoc6/ip/ -IGenerated_Source\PSoC6\pdl\devices/psoc6/psoc63/include/ -IGenerated_Source\PSoC6\pdl\drivers/peripheral/ -IGenerated_Source\PSoC6\pdl\middleware/ -IGenerated_Source\PSoC6\pdl\middleware/emWin/code/drivers/BitPlains/ -IGenerated_Source\PSoC6\pdl\middleware/emWin/code/include/ -IGenerated_Source\PSoC6\pdl\middleware/emWin/code/include/nosnts/ -Wa,-alh=.\CortexM4\ARM_GCC_541\Debug/CY_EINK_SPIM.lst -g -D DEBUG -D CY_CORE_ID=0 -D CY_PSOC_CREATOR_USED=1 -D CY8C6347BZI_BLD53 -Wall -ffunction-sections -ffat-lto-objects -Og -c Generated_Source\PSoC6\CY_EINK_SPIM.c -o .\CortexM4\ARM_GCC_541\Debug\CY_EINK_SPIM.o
arm-none-eabi-gcc.exe -mcpu=cortex-m4 -mfloat-abi=softfp -mfpu=fpv4-sp-d16 -mthumb -I.\Config -I.\GUI\Core -I.\GUI\DisplayDriver "-I.\eInk Library" -I. -IGenerated_Source\PSoC6 -IGenerated_Source\PSoC6\pdl\cmsis/include/ -IGenerated_Source\PSoC6\pdl\devices/psoc6/ip/ -IGenerated_Source\PSoC6\pdl\devices/psoc6/psoc63/include/ -IGenerated_Source\PSoC6\pdl\drivers/peripheral/ -IGenerated_Source\PSoC6\pdl\middleware/ -IGenerated_Source\PSoC6\pdl\middleware/emWin/code/drivers/BitPlains/ -IGenerated_Source\PSoC6\pdl\middleware/emWin/code/include/ -IGenerated_Source\PSoC6\pdl\middleware/emWin/code/include/nosnts/ -Wa,-alh=.\CortexM4\ARM_GCC_541\Debug/CY_EINK_Timer.lst -g -D DEBUG -D CY_CORE_ID=0 -D CY_PSOC_CREATOR_USED=1 -D CY8C6347BZI_BLD53 -Wall -ffunction-sections -ffat-lto-objects -Og -c Generated_Source\PSoC6\CY_EINK_Timer.c -o .\CortexM4\ARM_GCC_541\Debug\CY_EINK_Timer.o
arm-none-eabi-gcc.exe -mcpu=cortex-m4 -mfloat-abi=softfp -mfpu=fpv4-sp-d16 -mthumb -I.\Config -I.\GUI\Core -I.\GUI\DisplayDriver "-I.\eInk Library" -I. -IGenerated_Source\PSoC6 -IGenerated_Source\PSoC6\pdl\cmsis/include/ -IGenerated_Source\PSoC6\pdl\devices/psoc6/ip/ -IGenerated_Source\PSoC6\pdl\devices/psoc6/psoc63/include/ -IGenerated_Source\PSoC6\pdl\drivers/peripheral/ -IGenerated_Source\PSoC6\pdl\middleware/ -IGenerated_Source\PSoC6\pdl\middleware/emWin/code/drivers/BitPlains/ -IGenerated_Source\PSoC6\pdl\middleware/emWin/code/include/ -IGenerated_Source\PSoC6\pdl\middleware/emWin/code/include/nosnts/ -Wa,-alh=.\CortexM4\ARM_GCC_541\Debug/Status_SW2.lst -g -D DEBUG -D CY_CORE_ID=0 -D CY_PSOC_CREATOR_USED=1 -D CY8C6347BZI_BLD53 -Wall -ffunction-sections -ffat-lto-objects -Og -c Generated_Source\PSoC6\Status_SW2.c -o .\CortexM4\ARM_GCC_541\Debug\Status_SW2.o
arm-none-eabi-gcc.exe -mcpu=cortex-m4 -mfloat-abi=softfp -mfpu=fpv4-sp-d16 -mthumb -I.\Config -I.\GUI\Core -I.\GUI\DisplayDriver "-I.\eInk Library" -I. -IGenerated_Source\PSoC6 -IGenerated_Source\PSoC6\pdl\cmsis/include/ -IGenerated_Source\PSoC6\pdl\devices/psoc6/ip/ -IGenerated_Source\PSoC6\pdl\devices/psoc6/psoc63/include/ -IGenerated_Source\PSoC6\pdl\drivers/peripheral/ -IGenerated_Source\PSoC6\pdl\middleware/ -IGenerated_Source\PSoC6\pdl\middleware/emWin/code/drivers/BitPlains/ -IGenerated_Source\PSoC6\pdl\middleware/emWin/code/include/ -IGenerated_Source\PSoC6\pdl\middleware/emWin/code/include/nosnts/ -Wa,-alh=.\CortexM4\ARM_GCC_541\Debug/cy_efuse.lst -g -D DEBUG -D CY_CORE_ID=0 -D CY_PSOC_CREATOR_USED=1 -D CY8C6347BZI_BLD53 -Wall -ffunction-sections -ffat-lto-objects -Og -c Generated_Source\PSoC6\pdl\drivers\peripheral\efuse\cy_efuse.c -o .\CortexM4\ARM_GCC_541\Debug\cy_efuse.o
arm-none-eabi-gcc.exe -mcpu=cortex-m4 -mfloat-abi=softfp -mfpu=fpv4-sp-d16 -mthumb -I.\Config -I.\GUI\Core -I.\GUI\DisplayDriver "-I.\eInk Library" -I. -IGenerated_Source\PSoC6 -IGenerated_Source\PSoC6\pdl\cmsis/include/ -IGenerated_Source\PSoC6\pdl\devices/psoc6/ip/ -IGenerated_Source\PSoC6\pdl\devices/psoc6/psoc63/include/ -IGenerated_Source\PSoC6\pdl\drivers/peripheral/ -IGenerated_Source\PSoC6\pdl\middleware/ -IGenerated_Source\PSoC6\pdl\middleware/emWin/code/drivers/BitPlains/ -IGenerated_Source\PSoC6\pdl\middleware/emWin/code/include/ -IGenerated_Source\PSoC6\pdl\middleware/emWin/code/include/nosnts/ -Wa,-alh=.\CortexM4\ARM_GCC_541\Debug/cy_flash.lst -g -D DEBUG -D CY_CORE_ID=0 -D CY_PSOC_CREATOR_USED=1 -D CY8C6347BZI_BLD53 -Wall -ffunction-sections -ffat-lto-objects -Og -c Generated_Source\PSoC6\pdl\drivers\peripheral\flash\cy_flash.c -o .\CortexM4\ARM_GCC_541\Debug\cy_flash.o
arm-none-eabi-gcc.exe -mcpu=cortex-m4 -mfloat-abi=softfp -mfpu=fpv4-sp-d16 -mthumb -I.\Config -I.\GUI\Core -I.\GUI\DisplayDriver "-I.\eInk Library" -I. -IGenerated_Source\PSoC6 -IGenerated_Source\PSoC6\pdl\cmsis/include/ -IGenerated_Source\PSoC6\pdl\devices/psoc6/ip/ -IGenerated_Source\PSoC6\pdl\devices/psoc6/psoc63/include/ -IGenerated_Source\PSoC6\pdl\drivers/peripheral/ -IGenerated_Source\PSoC6\pdl\middleware/ -IGenerated_Source\PSoC6\pdl\middleware/emWin/code/drivers/BitPlains/ -IGenerated_Source\PSoC6\pdl\middleware/emWin/code/include/ -IGenerated_Source\PSoC6\pdl\middleware/emWin/code/include/nosnts/ -Wa,-alh=.\CortexM4\ARM_GCC_541\Debug/cy_gpio.lst -g -D DEBUG -D CY_CORE_ID=0 -D CY_PSOC_CREATOR_USED=1 -D CY8C6347BZI_BLD53 -Wall -ffunction-sections -ffat-lto-objects -Og -c Generated_Source\PSoC6\pdl\drivers\peripheral\gpio\cy_gpio.c -o .\CortexM4\ARM_GCC_541\Debug\cy_gpio.o
arm-none-eabi-gcc.exe -mcpu=cortex-m4 -mfloat-abi=softfp -mfpu=fpv4-sp-d16 -mthumb -I.\Config -I.\GUI\Core -I.\GUI\DisplayDriver "-I.\eInk Library" -I. -IGenerated_Source\PSoC6 -IGenerated_Source\PSoC6\pdl\cmsis/include/ -IGenerated_Source\PSoC6\pdl\devices/psoc6/ip/ -IGenerated_Source\PSoC6\pdl\devices/psoc6/psoc63/include/ -IGenerated_Source\PSoC6\pdl\drivers/peripheral/ -IGenerated_Source\PSoC6\pdl\middleware/ -IGenerated_Source\PSoC6\pdl\middleware/emWin/code/drivers/BitPlains/ -IGenerated_Source\PSoC6\pdl\middleware/emWin/code/include/ -IGenerated_Source\PSoC6\pdl\middleware/emWin/code/include/nosnts/ -Wa,-alh=.\CortexM4\ARM_GCC_541\Debug/cy_ipc_drv.lst -g -D DEBUG -D CY_CORE_ID=0 -D CY_PSOC_CREATOR_USED=1 -D CY8C6347BZI_BLD53 -Wall -ffunction-sections -ffat-lto-objects -Og -c Generated_Source\PSoC6\pdl\drivers\peripheral\ipc\cy_ipc_drv.c -o .\CortexM4\ARM_GCC_541\Debug\cy_ipc_drv.o
arm-none-eabi-gcc.exe -mcpu=cortex-m4 -mfloat-abi=softfp -mfpu=fpv4-sp-d16 -mthumb -I.\Config -I.\GUI\Core -I.\GUI\DisplayDriver "-I.\eInk Library" -I. -IGenerated_Source\PSoC6 -IGenerated_Source\PSoC6\pdl\cmsis/include/ -IGenerated_Source\PSoC6\pdl\devices/psoc6/ip/ -IGenerated_Source\PSoC6\pdl\devices/psoc6/psoc63/include/ -IGenerated_Source\PSoC6\pdl\drivers/peripheral/ -IGenerated_Source\PSoC6\pdl\middleware/ -IGenerated_Source\PSoC6\pdl\middleware/emWin/code/drivers/BitPlains/ -IGenerated_Source\PSoC6\pdl\middleware/emWin/code/include/ -IGenerated_Source\PSoC6\pdl\middleware/emWin/code/include/nosnts/ -Wa,-alh=.\CortexM4\ARM_GCC_541\Debug/cy_ipc_sema.lst -g -D DEBUG -D CY_CORE_ID=0 -D CY_PSOC_CREATOR_USED=1 -D CY8C6347BZI_BLD53 -Wall -ffunction-sections -ffat-lto-objects -Og -c Generated_Source\PSoC6\pdl\drivers\peripheral\ipc\cy_ipc_sema.c -o .\CortexM4\ARM_GCC_541\Debug\cy_ipc_sema.o
arm-none-eabi-gcc.exe -mcpu=cortex-m4 -mfloat-abi=softfp -mfpu=fpv4-sp-d16 -mthumb -I.\Config -I.\GUI\Core -I.\GUI\DisplayDriver "-I.\eInk Library" -I. -IGenerated_Source\PSoC6 -IGenerated_Source\PSoC6\pdl\cmsis/include/ -IGenerated_Source\PSoC6\pdl\devices/psoc6/ip/ -IGenerated_Source\PSoC6\pdl\devices/psoc6/psoc63/include/ -IGenerated_Source\PSoC6\pdl\drivers/peripheral/ -IGenerated_Source\PSoC6\pdl\middleware/ -IGenerated_Source\PSoC6\pdl\middleware/emWin/code/drivers/BitPlains/ -IGenerated_Source\PSoC6\pdl\middleware/emWin/code/include/ -IGenerated_Source\PSoC6\pdl\middleware/emWin/code/include/nosnts/ -Wa,-alh=.\CortexM4\ARM_GCC_541\Debug/cy_ipc_pipe.lst -g -D DEBUG -D CY_CORE_ID=0 -D CY_PSOC_CREATOR_USED=1 -D CY8C6347BZI_BLD53 -Wall -ffunction-sections -ffat-lto-objects -Og -c Generated_Source\PSoC6\pdl\drivers\peripheral\ipc\cy_ipc_pipe.c -o .\CortexM4\ARM_GCC_541\Debug\cy_ipc_pipe.o
arm-none-eabi-gcc.exe -mcpu=cortex-m4 -mfloat-abi=softfp -mfpu=fpv4-sp-d16 -mthumb -I.\Config -I.\GUI\Core -I.\GUI\DisplayDriver "-I.\eInk Library" -I. -IGenerated_Source\PSoC6 -IGenerated_Source\PSoC6\pdl\cmsis/include/ -IGenerated_Source\PSoC6\pdl\devices/psoc6/ip/ -IGenerated_Source\PSoC6\pdl\devices/psoc6/psoc63/include/ -IGenerated_Source\PSoC6\pdl\drivers/peripheral/ -IGenerated_Source\PSoC6\pdl\middleware/ -IGenerated_Source\PSoC6\pdl\middleware/emWin/code/drivers/BitPlains/ -IGenerated_Source\PSoC6\pdl\middleware/emWin/code/include/ -IGenerated_Source\PSoC6\pdl\middleware/emWin/code/include/nosnts/ -Wa,-alh=.\CortexM4\ARM_GCC_541\Debug/cy_lvd.lst -g -D DEBUG -D CY_CORE_ID=0 -D CY_PSOC_CREATOR_USED=1 -D CY8C6347BZI_BLD53 -Wall -ffunction-sections -ffat-lto-objects -Og -c Generated_Source\PSoC6\pdl\drivers\peripheral\lvd\cy_lvd.c -o .\CortexM4\ARM_GCC_541\Debug\cy_lvd.o
arm-none-eabi-gcc.exe -mcpu=cortex-m4 -mfloat-abi=softfp -mfpu=fpv4-sp-d16 -mthumb -I.\Config -I.\GUI\Core -I.\GUI\DisplayDriver "-I.\eInk Library" -I. -IGenerated_Source\PSoC6 -IGenerated_Source\PSoC6\pdl\cmsis/include/ -IGenerated_Source\PSoC6\pdl\devices/psoc6/ip/ -IGenerated_Source\PSoC6\pdl\devices/psoc6/psoc63/include/ -IGenerated_Source\PSoC6\pdl\drivers/peripheral/ -IGenerated_Source\PSoC6\pdl\middleware/ -IGenerated_Source\PSoC6\pdl\middleware/emWin/code/drivers/BitPlains/ -IGenerated_Source\PSoC6\pdl\middleware/emWin/code/include/ -IGenerated_Source\PSoC6\pdl\middleware/emWin/code/include/nosnts/ -Wa,-alh=.\CortexM4\ARM_GCC_541\Debug/cy_profile.lst -g -D DEBUG -D CY_CORE_ID=0 -D CY_PSOC_CREATOR_USED=1 -D CY8C6347BZI_BLD53 -Wall -ffunction-sections -ffat-lto-objects -Og -c Generated_Source\PSoC6\pdl\drivers\peripheral\profile\cy_profile.c -o .\CortexM4\ARM_GCC_541\Debug\cy_profile.o
arm-none-eabi-gcc.exe -mcpu=cortex-m4 -mfloat-abi=softfp -mfpu=fpv4-sp-d16 -mthumb -I.\Config -I.\GUI\Core -I.\GUI\DisplayDriver "-I.\eInk Library" -I. -IGenerated_Source\PSoC6 -IGenerated_Source\PSoC6\pdl\cmsis/include/ -IGenerated_Source\PSoC6\pdl\devices/psoc6/ip/ -IGenerated_Source\PSoC6\pdl\devices/psoc6/psoc63/include/ -IGenerated_Source\PSoC6\pdl\drivers/peripheral/ -IGenerated_Source\PSoC6\pdl\middleware/ -IGenerated_Source\PSoC6\pdl\middleware/emWin/code/drivers/BitPlains/ -IGenerated_Source\PSoC6\pdl\middleware/emWin/code/include/ -IGenerated_Source\PSoC6\pdl\middleware/emWin/code/include/nosnts/ -Wa,-alh=.\CortexM4\ARM_GCC_541\Debug/cy_prot.lst -g -D DEBUG -D CY_CORE_ID=0 -D CY_PSOC_CREATOR_USED=1 -D CY8C6347BZI_BLD53 -Wall -ffunction-sections -ffat-lto-objects -Og -c Generated_Source\PSoC6\pdl\drivers\peripheral\prot\cy_prot.c -o .\CortexM4\ARM_GCC_541\Debug\cy_prot.o
arm-none-eabi-gcc.exe -mcpu=cortex-m4 -mfloat-abi=softfp -mfpu=fpv4-sp-d16 -mthumb -I.\Config -I.\GUI\Core -I.\GUI\DisplayDriver "-I.\eInk Library" -I. -IGenerated_Source\PSoC6 -IGenerated_Source\PSoC6\pdl\cmsis/include/ -IGenerated_Source\PSoC6\pdl\devices/psoc6/ip/ -IGenerated_Source\PSoC6\pdl\devices/psoc6/psoc63/include/ -IGenerated_Source\PSoC6\pdl\drivers/peripheral/ -IGenerated_Source\PSoC6\pdl\middleware/ -IGenerated_Source\PSoC6\pdl\middleware/emWin/code/drivers/BitPlains/ -IGenerated_Source\PSoC6\pdl\middleware/emWin/code/include/ -IGenerated_Source\PSoC6\pdl\middleware/emWin/code/include/nosnts/ -Wa,-alh=.\CortexM4\ARM_GCC_541\Debug/cy_scb_common.lst -g -D DEBUG -D CY_CORE_ID=0 -D CY_PSOC_CREATOR_USED=1 -D CY8C6347BZI_BLD53 -Wall -ffunction-sections -ffat-lto-objects -Og -c Generated_Source\PSoC6\pdl\drivers\peripheral\scb\cy_scb_common.c -o .\CortexM4\ARM_GCC_541\Debug\cy_scb_common.o
arm-none-eabi-gcc.exe -mcpu=cortex-m4 -mfloat-abi=softfp -mfpu=fpv4-sp-d16 -mthumb -I.\Config -I.\GUI\Core -I.\GUI\DisplayDriver "-I.\eInk Library" -I. -IGenerated_Source\PSoC6 -IGenerated_Source\PSoC6\pdl\cmsis/include/ -IGenerated_Source\PSoC6\pdl\devices/psoc6/ip/ -IGenerated_Source\PSoC6\pdl\devices/psoc6/psoc63/include/ -IGenerated_Source\PSoC6\pdl\drivers/peripheral/ -IGenerated_Source\PSoC6\pdl\middleware/ -IGenerated_Source\PSoC6\pdl\middleware/emWin/code/drivers/BitPlains/ -IGenerated_Source\PSoC6\pdl\middleware/emWin/code/include/ -IGenerated_Source\PSoC6\pdl\middleware/emWin/code/include/nosnts/ -Wa,-alh=.\CortexM4\ARM_GCC_541\Debug/cy_scb_i2c.lst -g -D DEBUG -D CY_CORE_ID=0 -D CY_PSOC_CREATOR_USED=1 -D CY8C6347BZI_BLD53 -Wall -ffunction-sections -ffat-lto-objects -Og -c Generated_Source\PSoC6\pdl\drivers\peripheral\scb\cy_scb_i2c.c -o .\CortexM4\ARM_GCC_541\Debug\cy_scb_i2c.o
arm-none-eabi-gcc.exe -mcpu=cortex-m4 -mfloat-abi=softfp -mfpu=fpv4-sp-d16 -mthumb -I.\Config -I.\GUI\Core -I.\GUI\DisplayDriver "-I.\eInk Library" -I. -IGenerated_Source\PSoC6 -IGenerated_Source\PSoC6\pdl\cmsis/include/ -IGenerated_Source\PSoC6\pdl\devices/psoc6/ip/ -IGenerated_Source\PSoC6\pdl\devices/psoc6/psoc63/include/ -IGenerated_Source\PSoC6\pdl\drivers/peripheral/ -IGenerated_Source\PSoC6\pdl\middleware/ -IGenerated_Source\PSoC6\pdl\middleware/emWin/code/drivers/BitPlains/ -IGenerated_Source\PSoC6\pdl\middleware/emWin/code/include/ -IGenerated_Source\PSoC6\pdl\middleware/emWin/code/include/nosnts/ -Wa,-alh=.\CortexM4\ARM_GCC_541\Debug/cy_scb_ezi2c.lst -g -D DEBUG -D CY_CORE_ID=0 -D CY_PSOC_CREATOR_USED=1 -D CY8C6347BZI_BLD53 -Wall -ffunction-sections -ffat-lto-objects -Og -c Generated_Source\PSoC6\pdl\drivers\peripheral\scb\cy_scb_ezi2c.c -o .\CortexM4\ARM_GCC_541\Debug\cy_scb_ezi2c.o
arm-none-eabi-gcc.exe -mcpu=cortex-m4 -mfloat-abi=softfp -mfpu=fpv4-sp-d16 -mthumb -I.\Config -I.\GUI\Core -I.\GUI\DisplayDriver "-I.\eInk Library" -I. -IGenerated_Source\PSoC6 -IGenerated_Source\PSoC6\pdl\cmsis/include/ -IGenerated_Source\PSoC6\pdl\devices/psoc6/ip/ -IGenerated_Source\PSoC6\pdl\devices/psoc6/psoc63/include/ -IGenerated_Source\PSoC6\pdl\drivers/peripheral/ -IGenerated_Source\PSoC6\pdl\middleware/ -IGenerated_Source\PSoC6\pdl\middleware/emWin/code/drivers/BitPlains/ -IGenerated_Source\PSoC6\pdl\middleware/emWin/code/include/ -IGenerated_Source\PSoC6\pdl\middleware/emWin/code/include/nosnts/ -Wa,-alh=.\CortexM4\ARM_GCC_541\Debug/cy_scb_spi.lst -g -D DEBUG -D CY_CORE_ID=0 -D CY_PSOC_CREATOR_USED=1 -D CY8C6347BZI_BLD53 -Wall -ffunction-sections -ffat-lto-objects -Og -c Generated_Source\PSoC6\pdl\drivers\peripheral\scb\cy_scb_spi.c -o .\CortexM4\ARM_GCC_541\Debug\cy_scb_spi.o
arm-none-eabi-gcc.exe -mcpu=cortex-m4 -mfloat-abi=softfp -mfpu=fpv4-sp-d16 -mthumb -I.\Config -I.\GUI\Core -I.\GUI\DisplayDriver "-I.\eInk Library" -I. -IGenerated_Source\PSoC6 -IGenerated_Source\PSoC6\pdl\cmsis/include/ -IGenerated_Source\PSoC6\pdl\devices/psoc6/ip/ -IGenerated_Source\PSoC6\pdl\devices/psoc6/psoc63/include/ -IGenerated_Source\PSoC6\pdl\drivers/peripheral/ -IGenerated_Source\PSoC6\pdl\middleware/ -IGenerated_Source\PSoC6\pdl\middleware/emWin/code/drivers/BitPlains/ -IGenerated_Source\PSoC6\pdl\middleware/emWin/code/include/ -IGenerated_Source\PSoC6\pdl\middleware/emWin/code/include/nosnts/ -Wa,-alh=.\CortexM4\ARM_GCC_541\Debug/cy_scb_uart.lst -g -D DEBUG -D CY_CORE_ID=0 -D CY_PSOC_CREATOR_USED=1 -D CY8C6347BZI_BLD53 -Wall -ffunction-sections -ffat-lto-objects -Og -c Generated_Source\PSoC6\pdl\drivers\peripheral\scb\cy_scb_uart.c -o .\CortexM4\ARM_GCC_541\Debug\cy_scb_uart.o
arm-none-eabi-gcc.exe -mcpu=cortex-m4 -mfloat-abi=softfp -mfpu=fpv4-sp-d16 -mthumb -I.\Config -I.\GUI\Core -I.\GUI\DisplayDriver "-I.\eInk Library" -I. -IGenerated_Source\PSoC6 -IGenerated_Source\PSoC6\pdl\cmsis/include/ -IGenerated_Source\PSoC6\pdl\devices/psoc6/ip/ -IGenerated_Source\PSoC6\pdl\devices/psoc6/psoc63/include/ -IGenerated_Source\PSoC6\pdl\drivers/peripheral/ -IGenerated_Source\PSoC6\pdl\middleware/ -IGenerated_Source\PSoC6\pdl\middleware/emWin/code/drivers/BitPlains/ -IGenerated_Source\PSoC6\pdl\middleware/emWin/code/include/ -IGenerated_Source\PSoC6\pdl\middleware/emWin/code/include/nosnts/ -Wa,-alh=.\CortexM4\ARM_GCC_541\Debug/cy_sysanalog.lst -g -D DEBUG -D CY_CORE_ID=0 -D CY_PSOC_CREATOR_USED=1 -D CY8C6347BZI_BLD53 -Wall -ffunction-sections -ffat-lto-objects -Og -c Generated_Source\PSoC6\pdl\drivers\peripheral\sysanalog\cy_sysanalog.c -o .\CortexM4\ARM_GCC_541\Debug\cy_sysanalog.o
arm-none-eabi-gcc.exe -mcpu=cortex-m4 -mfloat-abi=softfp -mfpu=fpv4-sp-d16 -mthumb -I.\Config -I.\GUI\Core -I.\GUI\DisplayDriver "-I.\eInk Library" -I. -IGenerated_Source\PSoC6 -IGenerated_Source\PSoC6\pdl\cmsis/include/ -IGenerated_Source\PSoC6\pdl\devices/psoc6/ip/ -IGenerated_Source\PSoC6\pdl\devices/psoc6/psoc63/include/ -IGenerated_Source\PSoC6\pdl\drivers/peripheral/ -IGenerated_Source\PSoC6\pdl\middleware/ -IGenerated_Source\PSoC6\pdl\middleware/emWin/code/drivers/BitPlains/ -IGenerated_Source\PSoC6\pdl\middleware/emWin/code/include/ -IGenerated_Source\PSoC6\pdl\middleware/emWin/code/include/nosnts/ -Wa,-alh=.\CortexM4\ARM_GCC_541\Debug/cy_sysclk.lst -g -D DEBUG -D CY_CORE_ID=0 -D CY_PSOC_CREATOR_USED=1 -D CY8C6347BZI_BLD53 -Wall -ffunction-sections -ffat-lto-objects -Og -c Generated_Source\PSoC6\pdl\drivers\peripheral\sysclk\cy_sysclk.c -o .\CortexM4\ARM_GCC_541\Debug\cy_sysclk.o
arm-none-eabi-gcc.exe -mcpu=cortex-m4 -mfloat-abi=softfp -mfpu=fpv4-sp-d16 -mthumb -I.\Config -I.\GUI\Core -I.\GUI\DisplayDriver "-I.\eInk Library" -I. -IGenerated_Source\PSoC6 -IGenerated_Source\PSoC6\pdl\cmsis/include/ -IGenerated_Source\PSoC6\pdl\devices/psoc6/ip/ -IGenerated_Source\PSoC6\pdl\devices/psoc6/psoc63/include/ -IGenerated_Source\PSoC6\pdl\drivers/peripheral/ -IGenerated_Source\PSoC6\pdl\middleware/ -IGenerated_Source\PSoC6\pdl\middleware/emWin/code/drivers/BitPlains/ -IGenerated_Source\PSoC6\pdl\middleware/emWin/code/include/ -IGenerated_Source\PSoC6\pdl\middleware/emWin/code/include/nosnts/ -Wa,-alh=.\CortexM4\ARM_GCC_541\Debug/cy_sysint.lst -g -D DEBUG -D CY_CORE_ID=0 -D CY_PSOC_CREATOR_USED=1 -D CY8C6347BZI_BLD53 -Wall -ffunction-sections -ffat-lto-objects -Og -c Generated_Source\PSoC6\pdl\drivers\peripheral\sysint\cy_sysint.c -o .\CortexM4\ARM_GCC_541\Debug\cy_sysint.o
arm-none-eabi-gcc.exe -mcpu=cortex-m4 -mfloat-abi=softfp -mfpu=fpv4-sp-d16 -mthumb -I.\Config -I.\GUI\Core -I.\GUI\DisplayDriver "-I.\eInk Library" -I. -IGenerated_Source\PSoC6 -IGenerated_Source\PSoC6\pdl\cmsis/include/ -IGenerated_Source\PSoC6\pdl\devices/psoc6/ip/ -IGenerated_Source\PSoC6\pdl\devices/psoc6/psoc63/include/ -IGenerated_Source\PSoC6\pdl\drivers/peripheral/ -IGenerated_Source\PSoC6\pdl\middleware/ -IGenerated_Source\PSoC6\pdl\middleware/emWin/code/drivers/BitPlains/ -IGenerated_Source\PSoC6\pdl\middleware/emWin/code/include/ -IGenerated_Source\PSoC6\pdl\middleware/emWin/code/include/nosnts/ -Wa,-alh=.\CortexM4\ARM_GCC_541\Debug/cy_syslib.lst -g -D DEBUG -D CY_CORE_ID=0 -D CY_PSOC_CREATOR_USED=1 -D CY8C6347BZI_BLD53 -Wall -ffunction-sections -ffat-lto-objects -Og -c Generated_Source\PSoC6\pdl\drivers\peripheral\syslib\cy_syslib.c -o .\CortexM4\ARM_GCC_541\Debug\cy_syslib.o
arm-none-eabi-gcc.exe -mcpu=cortex-m4 -mfloat-abi=softfp -mfpu=fpv4-sp-d16 -mthumb -I.\Config -I.\GUI\Core -I.\GUI\DisplayDriver "-I.\eInk Library" -I. -IGenerated_Source\PSoC6 -IGenerated_Source\PSoC6\pdl\cmsis/include/ -IGenerated_Source\PSoC6\pdl\devices/psoc6/ip/ -IGenerated_Source\PSoC6\pdl\devices/psoc6/psoc63/include/ -IGenerated_Source\PSoC6\pdl\drivers/peripheral/ -IGenerated_Source\PSoC6\pdl\middleware/ -IGenerated_Source\PSoC6\pdl\middleware/emWin/code/drivers/BitPlains/ -IGenerated_Source\PSoC6\pdl\middleware/emWin/code/include/ -IGenerated_Source\PSoC6\pdl\middleware/emWin/code/include/nosnts/ -Wa,-alh=.\CortexM4\ARM_GCC_541\Debug/cy_syslib_gcc.lst -g -D DEBUG -D CY_CORE_ID=0 -D CY_PSOC_CREATOR_USED=1 -D CY8C6347BZI_BLD53 -Wall -ffunction-sections -ffat-lto-objects -Og -c Generated_Source\PSoC6\pdl\drivers\peripheral\syslib\gcc\cy_syslib_gcc.S -o .\CortexM4\ARM_GCC_541\Debug\cy_syslib_gcc.o
arm-none-eabi-gcc.exe -mcpu=cortex-m4 -mfloat-abi=softfp -mfpu=fpv4-sp-d16 -mthumb -I.\Config -I.\GUI\Core -I.\GUI\DisplayDriver "-I.\eInk Library" -I. -IGenerated_Source\PSoC6 -IGenerated_Source\PSoC6\pdl\cmsis/include/ -IGenerated_Source\PSoC6\pdl\devices/psoc6/ip/ -IGenerated_Source\PSoC6\pdl\devices/psoc6/psoc63/include/ -IGenerated_Source\PSoC6\pdl\drivers/peripheral/ -IGenerated_Source\PSoC6\pdl\middleware/ -IGenerated_Source\PSoC6\pdl\middleware/emWin/code/drivers/BitPlains/ -IGenerated_Source\PSoC6\pdl\middleware/emWin/code/include/ -IGenerated_Source\PSoC6\pdl\middleware/emWin/code/include/nosnts/ -Wa,-alh=.\CortexM4\ARM_GCC_541\Debug/cy_syspm.lst -g -D DEBUG -D CY_CORE_ID=0 -D CY_PSOC_CREATOR_USED=1 -D CY8C6347BZI_BLD53 -Wall -ffunction-sections -ffat-lto-objects -Og -c Generated_Source\PSoC6\pdl\drivers\peripheral\syspm\cy_syspm.c -o .\CortexM4\ARM_GCC_541\Debug\cy_syspm.o
arm-none-eabi-gcc.exe -mcpu=cortex-m4 -mfloat-abi=softfp -mfpu=fpv4-sp-d16 -mthumb -I.\Config -I.\GUI\Core -I.\GUI\DisplayDriver "-I.\eInk Library" -I. -IGenerated_Source\PSoC6 -IGenerated_Source\PSoC6\pdl\cmsis/include/ -IGenerated_Source\PSoC6\pdl\devices/psoc6/ip/ -IGenerated_Source\PSoC6\pdl\devices/psoc6/psoc63/include/ -IGenerated_Source\PSoC6\pdl\drivers/peripheral/ -IGenerated_Source\PSoC6\pdl\middleware/ -IGenerated_Source\PSoC6\pdl\middleware/emWin/code/drivers/BitPlains/ -IGenerated_Source\PSoC6\pdl\middleware/emWin/code/include/ -IGenerated_Source\PSoC6\pdl\middleware/emWin/code/include/nosnts/ -Wa,-alh=.\CortexM4\ARM_GCC_541\Debug/cy_systick.lst -g -D DEBUG -D CY_CORE_ID=0 -D CY_PSOC_CREATOR_USED=1 -D CY8C6347BZI_BLD53 -Wall -ffunction-sections -ffat-lto-objects -Og -c Generated_Source\PSoC6\pdl\drivers\peripheral\systick\cy_systick.c -o .\CortexM4\ARM_GCC_541\Debug\cy_systick.o
arm-none-eabi-gcc.exe -mcpu=cortex-m4 -mfloat-abi=softfp -mfpu=fpv4-sp-d16 -mthumb -I.\Config -I.\GUI\Core -I.\GUI\DisplayDriver "-I.\eInk Library" -I. -IGenerated_Source\PSoC6 -IGenerated_Source\PSoC6\pdl\cmsis/include/ -IGenerated_Source\PSoC6\pdl\devices/psoc6/ip/ -IGenerated_Source\PSoC6\pdl\devices/psoc6/psoc63/include/ -IGenerated_Source\PSoC6\pdl\drivers/peripheral/ -IGenerated_Source\PSoC6\pdl\middleware/ -IGenerated_Source\PSoC6\pdl\middleware/emWin/code/drivers/BitPlains/ -IGenerated_Source\PSoC6\pdl\middleware/emWin/code/include/ -IGenerated_Source\PSoC6\pdl\middleware/emWin/code/include/nosnts/ -Wa,-alh=.\CortexM4\ARM_GCC_541\Debug/cy_tcpwm_counter.lst -g -D DEBUG -D CY_CORE_ID=0 -D CY_PSOC_CREATOR_USED=1 -D CY8C6347BZI_BLD53 -Wall -ffunction-sections -ffat-lto-objects -Og -c Generated_Source\PSoC6\pdl\drivers\peripheral\tcpwm\cy_tcpwm_counter.c -o .\CortexM4\ARM_GCC_541\Debug\cy_tcpwm_counter.o
arm-none-eabi-gcc.exe -mcpu=cortex-m4 -mfloat-abi=softfp -mfpu=fpv4-sp-d16 -mthumb -I.\Config -I.\GUI\Core -I.\GUI\DisplayDriver "-I.\eInk Library" -I. -IGenerated_Source\PSoC6 -IGenerated_Source\PSoC6\pdl\cmsis/include/ -IGenerated_Source\PSoC6\pdl\devices/psoc6/ip/ -IGenerated_Source\PSoC6\pdl\devices/psoc6/psoc63/include/ -IGenerated_Source\PSoC6\pdl\drivers/peripheral/ -IGenerated_Source\PSoC6\pdl\middleware/ -IGenerated_Source\PSoC6\pdl\middleware/emWin/code/drivers/BitPlains/ -IGenerated_Source\PSoC6\pdl\middleware/emWin/code/include/ -IGenerated_Source\PSoC6\pdl\middleware/emWin/code/include/nosnts/ -Wa,-alh=.\CortexM4\ARM_GCC_541\Debug/cy_tcpwm_pwm.lst -g -D DEBUG -D CY_CORE_ID=0 -D CY_PSOC_CREATOR_USED=1 -D CY8C6347BZI_BLD53 -Wall -ffunction-sections -ffat-lto-objects -Og -c Generated_Source\PSoC6\pdl\drivers\peripheral\tcpwm\cy_tcpwm_pwm.c -o .\CortexM4\ARM_GCC_541\Debug\cy_tcpwm_pwm.o
arm-none-eabi-gcc.exe -mcpu=cortex-m4 -mfloat-abi=softfp -mfpu=fpv4-sp-d16 -mthumb -I.\Config -I.\GUI\Core -I.\GUI\DisplayDriver "-I.\eInk Library" -I. -IGenerated_Source\PSoC6 -IGenerated_Source\PSoC6\pdl\cmsis/include/ -IGenerated_Source\PSoC6\pdl\devices/psoc6/ip/ -IGenerated_Source\PSoC6\pdl\devices/psoc6/psoc63/include/ -IGenerated_Source\PSoC6\pdl\drivers/peripheral/ -IGenerated_Source\PSoC6\pdl\middleware/ -IGenerated_Source\PSoC6\pdl\middleware/emWin/code/drivers/BitPlains/ -IGenerated_Source\PSoC6\pdl\middleware/emWin/code/include/ -IGenerated_Source\PSoC6\pdl\middleware/emWin/code/include/nosnts/ -Wa,-alh=.\CortexM4\ARM_GCC_541\Debug/cy_tcpwm_quaddec.lst -g -D DEBUG -D CY_CORE_ID=0 -D CY_PSOC_CREATOR_USED=1 -D CY8C6347BZI_BLD53 -Wall -ffunction-sections -ffat-lto-objects -Og -c Generated_Source\PSoC6\pdl\drivers\peripheral\tcpwm\cy_tcpwm_quaddec.c -o .\CortexM4\ARM_GCC_541\Debug\cy_tcpwm_quaddec.o
arm-none-eabi-gcc.exe -mcpu=cortex-m4 -mfloat-abi=softfp -mfpu=fpv4-sp-d16 -mthumb -I.\Config -I.\GUI\Core -I.\GUI\DisplayDriver "-I.\eInk Library" -I. -IGenerated_Source\PSoC6 -IGenerated_Source\PSoC6\pdl\cmsis/include/ -IGenerated_Source\PSoC6\pdl\devices/psoc6/ip/ -IGenerated_Source\PSoC6\pdl\devices/psoc6/psoc63/include/ -IGenerated_Source\PSoC6\pdl\drivers/peripheral/ -IGenerated_Source\PSoC6\pdl\middleware/ -IGenerated_Source\PSoC6\pdl\middleware/emWin/code/drivers/BitPlains/ -IGenerated_Source\PSoC6\pdl\middleware/emWin/code/include/ -IGenerated_Source\PSoC6\pdl\middleware/emWin/code/include/nosnts/ -Wa,-alh=.\CortexM4\ARM_GCC_541\Debug/cy_trigmux.lst -g -D DEBUG -D CY_CORE_ID=0 -D CY_PSOC_CREATOR_USED=1 -D CY8C6347BZI_BLD53 -Wall -ffunction-sections -ffat-lto-objects -Og -c Generated_Source\PSoC6\pdl\drivers\peripheral\trigmux\cy_trigmux.c -o .\CortexM4\ARM_GCC_541\Debug\cy_trigmux.o
arm-none-eabi-gcc.exe -mcpu=cortex-m4 -mfloat-abi=softfp -mfpu=fpv4-sp-d16 -mthumb -I.\Config -I.\GUI\Core -I.\GUI\DisplayDriver "-I.\eInk Library" -I. -IGenerated_Source\PSoC6 -IGenerated_Source\PSoC6\pdl\cmsis/include/ -IGenerated_Source\PSoC6\pdl\devices/psoc6/ip/ -IGenerated_Source\PSoC6\pdl\devices/psoc6/psoc63/include/ -IGenerated_Source\PSoC6\pdl\drivers/peripheral/ -IGenerated_Source\PSoC6\pdl\middleware/ -IGenerated_Source\PSoC6\pdl\middleware/emWin/code/drivers/BitPlains/ -IGenerated_Source\PSoC6\pdl\middleware/emWin/code/include/ -IGenerated_Source\PSoC6\pdl\middleware/emWin/code/include/nosnts/ -Wa,-alh=.\CortexM4\ARM_GCC_541\Debug/cy_wdt.lst -g -D DEBUG -D CY_CORE_ID=0 -D CY_PSOC_CREATOR_USED=1 -D CY8C6347BZI_BLD53 -Wall -ffunction-sections -ffat-lto-objects -Og -c Generated_Source\PSoC6\pdl\drivers\peripheral\wdt\cy_wdt.c -o .\CortexM4\ARM_GCC_541\Debug\cy_wdt.o
arm-none-eabi-gcc.exe -mcpu=cortex-m4 -mfloat-abi=softfp -mfpu=fpv4-sp-d16 -mthumb -I.\Config -I.\GUI\Core -I.\GUI\DisplayDriver "-I.\eInk Library" -I. -IGenerated_Source\PSoC6 -IGenerated_Source\PSoC6\pdl\cmsis/include/ -IGenerated_Source\PSoC6\pdl\devices/psoc6/ip/ -IGenerated_Source\PSoC6\pdl\devices/psoc6/psoc63/include/ -IGenerated_Source\PSoC6\pdl\drivers/peripheral/ -IGenerated_Source\PSoC6\pdl\middleware/ -IGenerated_Source\PSoC6\pdl\middleware/emWin/code/drivers/BitPlains/ -IGenerated_Source\PSoC6\pdl\middleware/emWin/code/include/ -IGenerated_Source\PSoC6\pdl\middleware/emWin/code/include/nosnts/ -Wa,-alh=.\CortexM4\ARM_GCC_541\Debug/cy_ble_clk.lst -g -D DEBUG -D CY_CORE_ID=0 -D CY_PSOC_CREATOR_USED=1 -D CY8C6347BZI_BLD53 -Wall -ffunction-sections -ffat-lto-objects -Og -c Generated_Source\PSoC6\pdl\middleware\ble\cy_ble_clk.c -o .\CortexM4\ARM_GCC_541\Debug\cy_ble_clk.o
arm-none-eabi-gcc.exe -mcpu=cortex-m4 -mfloat-abi=softfp -mfpu=fpv4-sp-d16 -mthumb -I.\Config -I.\GUI\Core -I.\GUI\DisplayDriver "-I.\eInk Library" -I. -IGenerated_Source\PSoC6 -IGenerated_Source\PSoC6\pdl\cmsis/include/ -IGenerated_Source\PSoC6\pdl\devices/psoc6/ip/ -IGenerated_Source\PSoC6\pdl\devices/psoc6/psoc63/include/ -IGenerated_Source\PSoC6\pdl\drivers/peripheral/ -IGenerated_Source\PSoC6\pdl\middleware/ -IGenerated_Source\PSoC6\pdl\middleware/emWin/code/drivers/BitPlains/ -IGenerated_Source\PSoC6\pdl\middleware/emWin/code/include/ -IGenerated_Source\PSoC6\pdl\middleware/emWin/code/include/nosnts/ -Wa,-alh=.\CortexM4\ARM_GCC_541\Debug/PWM_1.lst -g -D DEBUG -D CY_CORE_ID=0 -D CY_PSOC_CREATOR_USED=1 -D CY8C6347BZI_BLD53 -Wall -ffunction-sections -ffat-lto-objects -Og -c Generated_Source\PSoC6\PWM_1.c -o .\CortexM4\ARM_GCC_541\Debug\PWM_1.o
arm-none-eabi-gcc.exe -Wl,--start-group -o D:\Microprocess2\Lab10\Workspace01\Exam_A22_Tyshchenko.cydsn\CortexM4\ARM_GCC_541\Debug\Exam_A22_Tyshchenko_link.elf Generated_Source\PSoC6\pdl\middleware\emWin\libs\libemWin_nosnts_gcc.a Generated_Source\PSoC6\pdl\middleware\emWin\libs\libemWin_nosnts_cm4f_gcc.a .\CortexM4\ARM_GCC_541\Debug\startup_psoc63_cm4.o .\CortexM4\ARM_GCC_541\Debug\main_cm4.o .\CortexM4\ARM_GCC_541\Debug\system_psoc63_cm4.o .\CortexM4\ARM_GCC_541\Debug\pervasive_eink_hardware_driver.o .\CortexM4\ARM_GCC_541\Debug\cy_eink_library.o .\CortexM4\ARM_GCC_541\Debug\cy_eink_psoc_interface.o ".\CortexM4\ARM_GCC_541\Debug\Cypress Logo Full Color_PNG_1bpp.o" .\CortexM4\ARM_GCC_541\Debug\GUIConf.o .\CortexM4\ARM_GCC_541\Debug\GUI_X.o .\CortexM4\ARM_GCC_541\Debug\LCDConf.o .\CortexM4\ARM_GCC_541\Debug\cy_ipc_config.o .\CortexM4\ARM_GCC_541\Debug\cyfitter_sysint_cfg.o .\CortexM4\ARM_GCC_541\Debug\cymetadata.o .\CortexM4\ARM_GCC_541\Debug\CY_EINK_SPIM.o .\CortexM4\ARM_GCC_541\Debug\CY_EINK_Timer.o .\CortexM4\ARM_GCC_541\Debug\Status_SW2.o .\CortexM4\ARM_GCC_541\Debug\cy_efuse.o .\CortexM4\ARM_GCC_541\Debug\cy_flash.o .\CortexM4\ARM_GCC_541\Debug\cy_gpio.o .\CortexM4\ARM_GCC_541\Debug\cy_ipc_drv.o .\CortexM4\ARM_GCC_541\Debug\cy_ipc_sema.o .\CortexM4\ARM_GCC_541\Debug\cy_ipc_pipe.o .\CortexM4\ARM_GCC_541\Debug\cy_lvd.o .\CortexM4\ARM_GCC_541\Debug\cy_profile.o .\CortexM4\ARM_GCC_541\Debug\cy_prot.o .\CortexM4\ARM_GCC_541\Debug\cy_scb_common.o .\CortexM4\ARM_GCC_541\Debug\cy_scb_i2c.o .\CortexM4\ARM_GCC_541\Debug\cy_scb_ezi2c.o .\CortexM4\ARM_GCC_541\Debug\cy_scb_spi.o .\CortexM4\ARM_GCC_541\Debug\cy_scb_uart.o .\CortexM4\ARM_GCC_541\Debug\cy_sysanalog.o .\CortexM4\ARM_GCC_541\Debug\cy_sysclk.o .\CortexM4\ARM_GCC_541\Debug\cy_sysint.o .\CortexM4\ARM_GCC_541\Debug\cy_syslib.o .\CortexM4\ARM_GCC_541\Debug\cy_syslib_gcc.o .\CortexM4\ARM_GCC_541\Debug\cy_syspm.o .\CortexM4\ARM_GCC_541\Debug\cy_systick.o .\CortexM4\ARM_GCC_541\Debug\cy_tcpwm_counter.o .\CortexM4\ARM_GCC_541\Debug\cy_tcpwm_pwm.o .\CortexM4\ARM_GCC_541\Debug\cy_tcpwm_quaddec.o .\CortexM4\ARM_GCC_541\Debug\cy_trigmux.o .\CortexM4\ARM_GCC_541\Debug\cy_wdt.o .\CortexM4\ARM_GCC_541\Debug\cy_ble_clk.o .\CortexM4\ARM_GCC_541\Debug\PWM_1.o -mcpu=cortex-m4 -mfloat-abi=softfp -mfpu=fpv4-sp-d16 -mthumb -L Generated_Source\PSoC6 -Wl,-Map,.\CortexM4\ARM_GCC_541\Debug/Exam_A22_Tyshchenko.map -T cy8c6xx7_cm4_dual.ld -specs=nano.specs -Wl,--gc-sections -g -ffunction-sections -Og -ffat-lto-objects -Wl,--end-group
D:\PDL0\PDL\3.0.4\tools\win\elf\cymcuelftool.exe --sign D:\Microprocess2\Lab10\Workspace01\Exam_A22_Tyshchenko.cydsn\CortexM4\ARM_GCC_541\Debug\Exam_A22_Tyshchenko_link.elf --output D:\Microprocess2\Lab10\Workspace01\Exam_A22_Tyshchenko.cydsn\CortexM4\ARM_GCC_541\Debug\Exam_A22_Tyshchenko_signed.elf --hex D:\Microprocess2\Lab10\Workspace01\Exam_A22_Tyshchenko.cydsn\CortexM4\ARM_GCC_541\Debug\Exam_A22_Tyshchenko_signed.hex
No ELF section .cychecksum found, creating one
Application checksum calculated and stored in ELF section .cychecksum
Checksum calculated and stored in ELF section .cymeta
D:\PDL0\PDL\3.0.4\tools\win\elf\cymcuelftool.exe --merge D:\Microprocess2\Lab10\Workspace01\Exam_A22_Tyshchenko.cydsn\CortexM4\ARM_GCC_541\Debug\Exam_A22_Tyshchenko_signed.elf D:\Microprocess2\Lab10\Workspace01\Exam_A22_Tyshchenko.cydsn\CortexM0p\ARM_GCC_541\Debug\Exam_A22_Tyshchenko.elf --output D:\Microprocess2\Lab10\Workspace01\Exam_A22_Tyshchenko.cydsn\CortexM4\ARM_GCC_541\Debug\Exam_A22_Tyshchenko.elf --hex D:\Microprocess2\Lab10\Workspace01\Exam_A22_Tyshchenko.cydsn\CortexM4\ARM_GCC_541\Debug\Exam_A22_Tyshchenko.hex
Application checksum calculated and stored in ELF section .cychecksum
Checksum calculated and stored in ELF section .cymeta
D:\PDL0\PDL\3.0.4\tools\win\elf\cymcuelftool.exe -A D:\Microprocess2\Lab10\Workspace01\Exam_A22_Tyshchenko.cydsn\CortexM4\ARM_GCC_541\Debug\Exam_A22_Tyshchenko.elf
code:163900	sram:137040
--------------- Rebuild Succeeded: 06/04/2025 12:28:20 ---------------
